
--- Job nrg_run_2_16x3.gms Start 04/25/13 09:43:55 WEX-VS8 24.0.2 x86/MS Windows        
GAMS Rev 240  Copyright (C) 1987-2013 GAMS Development. All rights reserved
Licensee: Gary Goldstein                                 G010614:2121CA-WIN
          Decision Ware, Inc.                                        DC2807
--- Starting compilation
--- nrg_run_2_16x3.gms(5) 2 Mb
--- .params_2_16x3.gms(163) 3 Mb
--- nrg_run_2_16x3.gms(6) 3 Mb
--- .nrg_model_2.gms(106) 3 Mb
--- nrg_run_2_16x3.gms(16) 3 Mb
--- Starting execution: elapsed 0:00:00.109
--- nrg_run_2_16x3.gms(265) 4 Mb
--- Generating MIP model min_wqt
--- nrg_run_2_16x3.gms(266) 4 Mb
---   5,603 rows  2,036 columns  13,934 non-zeroes
---   1,998 discrete-columns
***
***   972 Integer +INF Bounds have been reset to 100
***
--- Executing CPLEX: elapsed 0:00:00.282

IBM ILOG CPLEX   Feb 14, 2013 24.0.2 WIN 38380.38394 VS8 x86/MS Windows       
--- GAMS/Cplex licensed for continuous and discrete problems.
Cplex 12.5.0.0

Reading data...
Starting Cplex...
Tried aggregator 2 times.
MIP Presolve eliminated 3487 rows and 412 columns.
MIP Presolve modified 762 coefficients.
Aggregator did 702 substitutions.
Reduced MIP has 1414 rows, 922 columns, and 5598 nonzeros.
Reduced MIP has 840 binaries, 63 generals, 0 SOSs, and 0 indicators.
Presolve time = 0.06 sec. (11.28 ticks)
Found incumbent of value 1.1241686e+008 after 0.08 sec. (13.80 ticks)
Probing time = -0.00 sec. (0.94 ticks)
Cover probing fixed 0 vars, tightened 24 bounds.
Tried aggregator 1 time.
MIP Presolve eliminated 68 rows and 2 columns.
MIP Presolve modified 1440 coefficients.
Reduced MIP has 1346 rows, 920 columns, and 5462 nonzeros.
Reduced MIP has 840 binaries, 63 generals, 0 SOSs, and 0 indicators.
Presolve time = 0.02 sec. (3.16 ticks)
Probing time = 0.00 sec. (0.95 ticks)
Cover probing fixed 0 vars, tightened 16 bounds.
Clique table members: 5977.
MIP emphasis: balance optimality and feasibility.
MIP search method: dynamic search.
Parallel mode: none, using 1 thread.
Tried aggregator 1 time.
Aggregator did 36 substitutions.
Reduced LP has 1310 rows, 884 columns, and 5390 nonzeros.
Presolve time = -0.00 sec. (0.92 ticks)
Initializing dual steep norms . . .

Iteration log . . .
Iteration:     1   Dual objective     =      27344288.786900
Initializing dual steep norms . . .
Root relaxation solution time = 0.03 sec. (2.67 ticks)

        Nodes                                         Cuts/
   Node  Left     Objective  IInf  Best Integer    Best Bound    ItCnt     Gap

*     0+    0                      1.12417e+008  2.72411e+007       61   75.77%
Found incumbent of value 1.1241686e+008 after 0.19 sec. (26.40 ticks)
      0     0  3.09314e+007    39  1.12417e+008  3.09314e+007       61   72.49%
      0     0  3.09314e+007    25  1.12417e+008       Cuts: 4       77   72.49%
      0     0  3.09314e+007    31  1.12417e+008      Cuts: 40      107   72.49%
      0     0  3.09314e+007    31  1.12417e+008      Cuts: 17      146   72.49%
*     0+    0                      7.47524e+007  3.09314e+007      146   58.62%
Found incumbent of value 7.4752448e+007 after 0.45 sec. (88.07 ticks)
*     0+    0                      7.05417e+007  3.09314e+007      146   56.15%
Found incumbent of value 7.0541656e+007 after 0.73 sec. (167.01 ticks)
      0     2  3.09314e+007    26  7.05417e+007  3.09314e+007      146   56.15%
Elapsed time = 0.73 sec. (168.55 ticks, tree = 0.00 MB, solutions = 3)
*    10+   10                      6.76404e+007  3.09314e+007      223   54.27%
Found incumbent of value 6.7640371e+007 after 0.78 sec. (181.22 ticks)
*    50+   50                      6.74506e+007  3.09314e+007      483   54.14%
Found incumbent of value 6.7450557e+007 after 0.89 sec. (209.37 ticks)
*    50+   50                      6.65909e+007  3.09314e+007      483   53.55%
Found incumbent of value 6.6590935e+007 after 0.91 sec. (213.85 ticks)
*    60+   60                      6.34302e+007  3.09314e+007      532   51.24%
Found incumbent of value 6.3430242e+007 after 0.92 sec. (221.95 ticks)
*    70+   70                      6.15061e+007  3.09314e+007      604   49.71%
Found incumbent of value 6.1506069e+007 after 0.95 sec. (233.38 ticks)
*    80+   80                      5.75094e+007  3.09314e+007      686   46.22%
Found incumbent of value 5.7509383e+007 after 1.01 sec. (243.26 ticks)
*   100+  100                      5.74375e+007  3.09314e+007      825   46.15%
Found incumbent of value 5.7437451e+007 after 1.06 sec. (259.28 ticks)
*   110+  105                      5.30798e+007  3.09314e+007      904   41.73%
Found incumbent of value 5.3079756e+007 after 1.08 sec. (267.51 ticks)
*   190+  169                      5.19038e+007  3.09314e+007     1308   40.41%
Found incumbent of value 5.1903753e+007 after 1.26 sec. (320.21 ticks)
*   210+  181                      5.14712e+007  3.09314e+007     1523   39.91%
                                                      Cuts: 7                  
Found incumbent of value 5.1471213e+007 after 1.34 sec. (341.48 ticks)
*   220+  181                      5.07242e+007  3.09314e+007     1596   39.02%
Found incumbent of value 5.0724239e+007 after 1.39 sec. (349.84 ticks)
    317   280  4.43601e+007    16  5.07242e+007  3.09314e+007     1891   39.02%
*   362+  311                      4.86163e+007  3.09314e+007     2078   36.38%
Found incumbent of value 4.8616266e+007 after 1.72 sec. (431.15 ticks)
*   362+  307                      4.83801e+007  3.09314e+007     2078   36.07%
Found incumbent of value 4.8380060e+007 after 1.73 sec. (434.28 ticks)
*   362+  307                      4.82509e+007  3.09314e+007     2078   35.89%
Found incumbent of value 4.8250941e+007 after 1.75 sec. (436.97 ticks)
*   362+  307                      4.79099e+007  3.09314e+007     2078   35.44%
Found incumbent of value 4.7909949e+007 after 1.81 sec. (447.71 ticks)
*   362+  307                      4.77808e+007  3.09314e+007     2078   35.26%
Found incumbent of value 4.7780830e+007 after 1.81 sec. (448.67 ticks)
*   390+  335                      4.62600e+007  3.09314e+007     2291   33.14%
                                                  Impl Bds: 5                  
Found incumbent of value 4.6260049e+007 after 1.86 sec. (461.58 ticks)
*   490+  348                      4.55668e+007  3.09314e+007     2825   32.12%
Found incumbent of value 4.5566843e+007 after 2.05 sec. (513.11 ticks)
    700   512  3.60003e+007    20  4.55668e+007  3.09314e+007     4520   32.12%
                                                 Impl Bds: 15                  
*   860+  585                      4.45823e+007  3.09314e+007     5998   30.62%
                                                  Impl Bds: 4                  
Found incumbent of value 4.4582344e+007 after 3.13 sec. (789.36 ticks)
*   910+  517                      4.33425e+007  3.09314e+007     6691   28.64%
                                                  Impl Bds: 4                  
Found incumbent of value 4.3342542e+007 after 3.31 sec. (837.46 ticks)
*   939   515      integral     0  4.11555e+007  3.09314e+007     6980   24.84%
Found incumbent of value 4.1155513e+007 after 3.38 sec. (858.27 ticks)
*   940+  508                      4.07538e+007  3.09314e+007     6981   24.10%
Found incumbent of value 4.0753846e+007 after 3.38 sec. (860.06 ticks)
*   970+  535                      4.07109e+007  3.09314e+007     7259   24.02%
Found incumbent of value 4.0710943e+007 after 3.50 sec. (880.49 ticks)
*   990+  513                      4.00868e+007  3.09314e+007     7566   22.84%
                                                  Impl Bds: 5                  
Found incumbent of value 4.0086786e+007 after 3.58 sec. (898.70 ticks)
*  1000+  514                      3.86239e+007  3.09314e+007     7627   19.92%
Found incumbent of value 3.8623871e+007 after 3.63 sec. (906.88 ticks)
*  1053   525      integral     0  3.74901e+007  3.09314e+007     8449   17.49%
                                                  Impl Bds: 1                  
Found incumbent of value 3.7490095e+007 after 3.84 sec. (960.47 ticks)
*  1140+  512                      3.63980e+007  3.09314e+007     9398   15.02%
                                                  Impl Bds: 8                  
Found incumbent of value 3.6397995e+007 after 4.13 sec. (1035.71 ticks)
*  1140+  477                      3.60959e+007  3.09314e+007     9398   14.31%
Found incumbent of value 3.6095879e+007 after 4.13 sec. (1037.91 ticks)
*  1170+  492                      3.60857e+007  3.09314e+007     9702   14.28%
                                                  Impl Bds: 2                  
Found incumbent of value 3.6085706e+007 after 4.23 sec. (1062.35 ticks)
*  1180+  411                      3.48925e+007  3.09314e+007     9738   11.35%
Found incumbent of value 3.4892522e+007 after 4.28 sec. (1072.60 ticks)
*  1190+  421                      3.48576e+007  3.09314e+007     9768   11.26%
Found incumbent of value 3.4857642e+007 after 4.33 sec. (1079.43 ticks)
*  1230+  440                      3.48149e+007  3.09314e+007    10206   11.15%
                                                  Impl Bds: 2                  
Found incumbent of value 3.4814878e+007 after 4.47 sec. (1112.44 ticks)
*  1250+  448                      3.45628e+007  3.09314e+007    10308   10.51%
Found incumbent of value 3.4562846e+007 after 4.53 sec. (1127.02 ticks)
*  1259   456      integral     0  3.45536e+007  3.09314e+007    10350   10.48%
Found incumbent of value 3.4553650e+007 after 4.55 sec. (1133.05 ticks)
*  1280+  458                      3.43999e+007  3.09314e+007    10569   10.08%
Found incumbent of value 3.4399854e+007 after 4.61 sec. (1151.20 ticks)
*  1340+  441                      3.33640e+007  3.09314e+007    11289    7.29%
                                                  Impl Bds: 2                  
Found incumbent of value 3.3364040e+007 after 4.83 sec. (1208.37 ticks)
*  1440+  493                      3.33540e+007  3.09314e+007    12520    7.26%
                                                     Cuts: 17                  
Found incumbent of value 3.3354044e+007 after 5.22 sec. (1310.45 ticks)
   1522   553  3.17582e+007    26  3.33540e+007  3.09314e+007    13200    7.26%
                                                  Impl Bds: 5                  
*  1551+  572                      3.30746e+007  3.09314e+007    13452    6.48%
Found incumbent of value 3.3074573e+007 after 5.55 sec. (1395.13 ticks)
   1553   576  3.09314e+007    17  3.30746e+007  3.09314e+007    13885    6.48%
   1613   502  3.30309e+007    21  3.30746e+007  3.09314e+007    14591    6.48%
*  1653+  346                      3.30690e+007  3.09314e+007    14848    6.46%
Found incumbent of value 3.3069044e+007 after 10.83 sec. (2932.54 ticks)
   1653   348  3.10770e+007    37  3.30690e+007  3.09314e+007    14848    6.46%
   1953   388  3.09320e+007    39  3.30690e+007  3.09314e+007    16925    6.46%
Elapsed time = 14.72 sec. (4115.21 ticks, tree = 0.25 MB, solutions = 42)
   2781   878  3.12857e+007    23  3.30690e+007  3.09314e+007    23675    6.46%
                                                     Cuts: 26                  
   3435  1336  3.09314e+007    30  3.30690e+007  3.09314e+007    30568    6.46%
   4243  1899  3.09331e+007    41  3.30690e+007  3.09314e+007    40180    6.46%
                                                     Cuts: 11                  
   5003  2452  3.28192e+007    27  3.30690e+007  3.09314e+007    51074    6.46%
   5605  2836  3.10217e+007    39  3.30690e+007  3.09314e+007    60393    6.46%
   6416  3442    infeasible        3.30690e+007  3.09314e+007    71474    6.46%
   7313  4064        cutoff        3.30690e+007  3.09314e+007    82261    6.46%
   8152  4632  3.09314e+007    23  3.30690e+007  3.09314e+007    91569    6.46%
   8893  5101  3.13413e+007    25  3.30690e+007  3.09314e+007   101068    6.46%
   9474  5508        cutoff        3.30690e+007  3.09314e+007   111856    6.46%
                                                 Impl Bds: 17                  
Elapsed time = 44.19 sec. (13680.75 ticks, tree = 3.55 MB, solutions = 42)
  10135  5953  3.14226e+007    37  3.30690e+007  3.09314e+007   122154    6.46%
                                                      Cuts: 2                  
  10979  6580  3.26529e+007    18  3.30690e+007  3.09314e+007   133545    6.46%
  11740  7160  3.13921e+007    21  3.30690e+007  3.09314e+007   143312    6.46%
  11855  7243  3.09314e+007    37  3.30690e+007  3.09314e+007   145335    6.46%
  11882  6561  3.09314e+007    36  3.30690e+007  3.09314e+007   147364    6.46%
  11923  6581  3.22137e+007    21  3.30690e+007  3.09314e+007   149960    6.46%
  11955  6408  3.11517e+007    53  3.30690e+007  3.09314e+007   151095    6.46%
                                                     Cuts: 14                  
  12032  6025  3.15563e+007    41  3.30690e+007  3.09314e+007   154135    6.46%
                                                     Cuts: 13                  
  12055  5948  3.22291e+007    26  3.30690e+007  3.09314e+007   155010    6.46%
  12178  5550  3.10972e+007    62  3.30690e+007  3.09314e+007   159819    6.46%
                                                     Cuts: 12                  
Elapsed time = 86.20 sec. (26567.51 ticks, tree = 5.08 MB, solutions = 42)
  12251  5481  3.09467e+007    55  3.30690e+007  3.09314e+007   163678    6.46%
                                                  Impl Bds: 9                  
  12340  5404  3.16999e+007    47  3.30690e+007  3.09314e+007   166635    6.46%
  12481  5293  3.09321e+007    49  3.30690e+007  3.09314e+007   170733    6.46%
  12625  5171  3.11246e+007    66  3.30690e+007  3.09314e+007   176571    6.46%
                                                      Cuts: 4                  
  12866  5065  3.09556e+007    56  3.30690e+007  3.09314e+007   183875    6.46%
  13146  5063  3.14019e+007    35  3.30690e+007  3.09314e+007   190478    6.46%
  13385  5047  3.10303e+007    41  3.30690e+007  3.09314e+007   196204    6.46%
  13648  5065  3.09345e+007    35  3.30690e+007  3.09314e+007   203169    6.46%
  13876  5034  3.09314e+007    40  3.30690e+007  3.09314e+007   210192    6.46%
  14120  5049  3.10966e+007    35  3.30690e+007  3.09314e+007   217863    6.46%
Elapsed time = 115.16 sec. (36149.45 ticks, tree = 21.09 MB, solutions = 42)
  14397  5055  3.10696e+007    43  3.30690e+007  3.09314e+007   225575    6.46%
  14665  5108  3.15310e+007    27  3.30690e+007  3.09314e+007   233669    6.46%
                                                  Impl Bds: 5                  
  14947  5164  3.10605e+007    31  3.30690e+007  3.09314e+007   240640    6.46%
                                                      Cuts: 7                  
  15240  5173  3.09314e+007    38  3.30690e+007  3.09314e+007   248195    6.46%
                                                      Cuts: 2                  
  15532  5265  3.10346e+007    32  3.30690e+007  3.09314e+007   255959    6.46%
  15772  5358  3.09392e+007    44  3.30690e+007  3.09314e+007   263565    6.46%
  16005  5425  3.09880e+007    40  3.30690e+007  3.09314e+007   270590    6.46%
  16239  5502  3.17220e+007    23  3.30690e+007  3.09314e+007   277622    6.46%
  16481  5559  3.22137e+007    22  3.30690e+007  3.09314e+007   285384    6.46%
  16744  5627  3.10570e+007    41  3.30690e+007  3.09314e+007   293009    6.46%
Elapsed time = 143.25 sec. (45702.02 ticks, tree = 47.56 MB, solutions = 42)
  16971  5692  3.09836e+007    45  3.30690e+007  3.09314e+007   301482    6.46%
  17201  5762  3.10605e+007    41  3.30690e+007  3.09314e+007   309310    6.46%
  17419  5834        cutoff        3.30690e+007  3.09314e+007   318658    6.46%
  17670  5920  3.14117e+007    24  3.30690e+007  3.09314e+007   326427    6.46%
  17888  6001  3.12685e+007    42  3.30690e+007  3.09314e+007   335366    6.46%
                                                  Impl Bds: 5                  
  18092  6058  3.09335e+007    60  3.30690e+007  3.09314e+007   344721    6.46%
                                                     Cuts: 10                  
  18331  6155  3.10800e+007    57  3.30690e+007  3.09314e+007   352141    6.46%
                                                   Cliques: 4                  
  18585  6251  3.15310e+007    28  3.30690e+007  3.09314e+007   361001    6.46%
  18871  6347  3.19495e+007    42  3.30690e+007  3.09314e+007   369265    6.46%
                                                      Cuts: 4                  
  19154  6452  3.09314e+007    39  3.30690e+007  3.09314e+007   377256    6.46%
Elapsed time = 171.34 sec. (55269.83 ticks, tree = 71.66 MB, solutions = 42)
  19428  6549  3.26214e+007    23  3.30690e+007  3.09314e+007   386682    6.46%
  19698  6641  3.09388e+007    50  3.30690e+007  3.09314e+007   396065    6.46%
                                                      Cuts: 4                  
  19971  6738        cutoff        3.30690e+007  3.09314e+007   405090    6.46%
                                                      Cuts: 3                  
* 20155+ 6708                      3.30670e+007  3.09314e+007   410413    6.46%
Found incumbent of value 3.3066991e+007 after 181.56 sec. (58748.33 ticks)
  20235  6742  3.09314e+007    45  3.30670e+007  3.09314e+007   413098    6.46%
* 20255+ 6675                      3.30172e+007  3.09314e+007   413516    6.32%
Found incumbent of value 3.3017201e+007 after 182.89 sec. (59186.48 ticks)
  20484  6782  3.13084e+007    22  3.30172e+007  3.09314e+007   422024    6.32%
  20790  7042  3.29345e+007    11  3.30172e+007  3.09314e+007   429987    6.32%
  21079  7258  3.10215e+007    41  3.30172e+007  3.09314e+007   438233    6.32%
  21340  7467  3.09314e+007    41  3.30172e+007  3.09314e+007   445547    6.32%
  21610  7689  3.12118e+007    36  3.30172e+007  3.09314e+007   453805    6.32%
  21864  7887        cutoff        3.30172e+007  3.09314e+007   460817    6.32%
                                                  Impl Bds: 1                  
Elapsed time = 199.69 sec. (64861.36 ticks, tree = 99.50 MB, solutions = 44)
  22117  8102  3.22415e+007    22  3.30172e+007  3.09314e+007   466651    6.32%
  22407  8333  3.09370e+007    50  3.30172e+007  3.09314e+007   474061    6.32%
  22763  8636  3.10625e+007    42  3.30172e+007  3.09314e+007   481109    6.32%
                                                   Cliques: 1                  
  23000  8833  3.09424e+007    61  3.30172e+007  3.09314e+007   490349    6.32%
  23296  9080  3.22415e+007    29  3.30172e+007  3.09314e+007   497959    6.32%
                                                  Impl Bds: 4                  
  23584  9317  3.10346e+007    35  3.30172e+007  3.09314e+007   506016    6.32%
  23868  9540        cutoff        3.30172e+007  3.09314e+007   514701    6.32%
  24126  9758  3.10393e+007    47  3.30172e+007  3.09314e+007   521351    6.32%
  24295  9900  3.24616e+007    23  3.30172e+007  3.09314e+007   529660    6.32%
  24583 10145  3.09508e+007    47  3.30172e+007  3.09314e+007   537054    6.32%
Elapsed time = 228.14 sec. (74428.77 ticks, tree = 128.40 MB, solutions = 44)
Nodefile size = 0.94 MB (0.53 MB after compression)
  24903 10424  3.25907e+007    20  3.30172e+007  3.09314e+007   544974    6.32%
  25207 10672  3.09763e+007    46  3.30172e+007  3.09314e+007   553676    6.32%
  25490 10903  3.20809e+007    35  3.30172e+007  3.09314e+007   562067    6.32%
  25770 11136  3.28546e+007    44  3.30172e+007  3.09314e+007   570214    6.32%
  26082 11391  3.09314e+007    45  3.30172e+007  3.09314e+007   578630    6.32%
  26358 11610  3.09573e+007    45  3.30172e+007  3.09314e+007   586401    6.32%
  26553 11765  3.29524e+007    21  3.30172e+007  3.09314e+007   594096    6.32%
  26790 11957  3.10605e+007    30  3.30172e+007  3.09314e+007   600814    6.32%
  27065 12191  3.10605e+007    34  3.30172e+007  3.09314e+007   608798    6.32%
  27323 12403  3.22137e+007    34  3.30172e+007  3.09314e+007   616949    6.32%
Elapsed time = 257.08 sec. (83984.12 ticks, tree = 159.73 MB, solutions = 44)
Nodefile size = 32.39 MB (19.76 MB after compression)
  27579 12613  3.12688e+007    60  3.30172e+007  3.09314e+007   624291    6.32%
  27872 12859  3.09625e+007    50  3.30172e+007  3.09314e+007   630746    6.32%
  28055 13013  3.23428e+007    28  3.30172e+007  3.09314e+007   636997    6.32%
                                                  Impl Bds: 3                  
  28322 13241  3.09455e+007    47  3.30172e+007  3.09314e+007   644071    6.32%
* 28395+13296                      3.30072e+007  3.09314e+007   646757    6.29%
Found incumbent of value 3.3007232e+007 after 270.36 sec. (88306.22 ticks)
  28555 13433  3.09691e+007    45  3.30072e+007  3.09314e+007   650876    6.29%
  28806 13652  3.13136e+007    46  3.30072e+007  3.09314e+007   657390    6.29%
  29104 13894  3.09334e+007    47  3.30072e+007  3.09314e+007   665566    6.29%
  29288 14051  3.29739e+007    10  3.30072e+007  3.09314e+007   673644    6.29%
  29497 14223  3.09411e+007    57  3.30072e+007  3.09314e+007   681106    6.29%
  30481 15081  3.16342e+007    13  3.30072e+007  3.09314e+007   707320    6.29%
Elapsed time = 295.61 sec. (96572.60 ticks, tree = 196.39 MB, solutions = 45)
Nodefile size = 68.70 MB (43.22 MB after compression)
  31578 15981  3.13966e+007    53  3.30072e+007  3.09314e+007   739405    6.29%
  32494 16772  3.18888e+007    57  3.30072e+007  3.09314e+007   765710    6.29%
  33571 17647  3.15938e+007    32  3.30072e+007  3.09320e+007   793876    6.29%
  34782 18660  3.18830e+007    31  3.30072e+007  3.09324e+007   824256    6.29%
  36002 19635  3.29587e+007    10  3.30072e+007  3.09332e+007   854903    6.28%
                                                  Impl Bds: 3                  
  37165 20579  3.10346e+007    30  3.30072e+007  3.09338e+007   883649    6.28%
                                                  Impl Bds: 1                  
  38268 21422  3.12723e+007    39  3.30072e+007  3.09353e+007   913505    6.28%
  39498 22407  3.12615e+007    35  3.30072e+007  3.09371e+007   943575    6.27%
  40661 23328  3.09804e+007    49  3.30072e+007  3.09380e+007   972798    6.27%
* 41625+20974                      3.23626e+007  3.09388e+007   997180    4.40%
                                                  Impl Bds: 1                  
Found incumbent of value 3.2362595e+007 after 410.36 sec. (134424.47 ticks)
  41725 21049  3.20759e+007    38  3.23626e+007  3.09388e+007   999929    4.40%
Elapsed time = 411.64 sec. (134845.45 ticks, tree = 266.09 MB, solutions = 46)
Nodefile size = 138.40 MB (87.54 MB after compression)
* 42755+21202                      3.22727e+007  3.09396e+007  1023385    4.13%
Found incumbent of value 3.2272691e+007 after 422.72 sec. (138498.19 ticks)
  42801 21238  3.10883e+007    32  3.22727e+007  3.09396e+007  1024608    4.13%
  43792 22006  3.11182e+007    26  3.22727e+007  3.09405e+007  1048386    4.13%
  44993 22932  3.11827e+007    29  3.22727e+007  3.09418e+007  1078636    4.12%
  46218 23884  3.09889e+007    51  3.22727e+007  3.09430e+007  1107447    4.12%
  47227 24678  3.12010e+007    49  3.22727e+007  3.09437e+007  1132826    4.12%
  48396 25610  3.09830e+007    40  3.22727e+007  3.09444e+007  1162828    4.12%
  49592 26569  3.11964e+007    43  3.22727e+007  3.09454e+007  1193588    4.11%
  50785 27525  3.16498e+007    29  3.22727e+007  3.09463e+007  1224586    4.11%
  51855 28369  3.13049e+007    24  3.22727e+007  3.09469e+007  1254295    4.11%
  52997 29227        cutoff        3.22727e+007  3.09476e+007  1284866    4.11%
Elapsed time = 527.58 sec. (173140.85 ticks, tree = 361.24 MB, solutions = 47)
Nodefile size = 234.10 MB (145.79 MB after compression)
  54205 30143  3.10647e+007    40  3.22727e+007  3.09487e+007  1315736    4.10%
  55366 31001  3.11827e+007    32  3.22727e+007  3.09498e+007  1346603    4.10%
                                                  Impl Bds: 4                  
  56358 31760  3.13049e+007    24  3.22727e+007  3.09507e+007  1372596    4.10%
                                                      Cuts: 4                  
  57478 32581  3.11932e+007    35  3.22727e+007  3.09518e+007  1402192    4.09%
                                                      Cuts: 2                  
  58629 33439  3.10680e+007    60  3.22727e+007  3.09526e+007  1431823    4.09%
                                                      Cuts: 2                  
  59809 34354  3.18433e+007    31  3.22727e+007  3.09538e+007  1462241    4.09%
  60963 35209  3.11684e+007    44  3.22727e+007  3.09553e+007  1494394    4.08%
                                                   MIRcuts: 3                  
  62172 36121  3.10218e+007    59  3.22727e+007  3.09566e+007  1526227    4.08%
  63246 36936  3.11864e+007    17  3.22727e+007  3.09572e+007  1557145    4.08%
                                                  Impl Bds: 2                  
  64246 37694  3.13118e+007    22  3.22727e+007  3.09579e+007  1584936    4.07%
Elapsed time = 642.09 sec. (211335.80 ticks, tree = 461.98 MB, solutions = 47)
Nodefile size = 334.52 MB (206.32 MB after compression)
  65436 38564  3.12859e+007    29  3.22727e+007  3.09592e+007  1617130    4.07%
  66675 39523  3.16198e+007    15  3.22727e+007  3.09600e+007  1649574    4.07%
  67885 40456  3.18677e+007    21  3.22727e+007  3.09609e+007  1682735    4.06%
                                                   Cliques: 2                  
  68810 41132  3.14833e+007    28  3.22727e+007  3.09621e+007  1711306    4.06%
                                                      Cuts: 4                  
  69972 42032  3.10605e+007    37  3.22727e+007  3.09633e+007  1743630    4.06%
  71136 42902  3.13049e+007    23  3.22727e+007  3.09638e+007  1775779    4.06%
  72383 43820  3.15097e+007    18  3.22727e+007  3.09647e+007  1807777    4.05%
  73502 44668  3.14757e+007    38  3.22727e+007  3.09652e+007  1838053    4.05%
  74722 45647  3.11638e+007    15  3.22727e+007  3.09658e+007  1868499    4.05%
  75685 46385  3.15475e+007    16  3.22727e+007  3.09666e+007  1894096    4.05%
Elapsed time = 755.88 sec. (249494.55 ticks, tree = 551.68 MB, solutions = 47)
Nodefile size = 423.76 MB (259.91 MB after compression)
  76865 47297  3.17687e+007    29  3.22727e+007  3.09677e+007  1925940    4.04%
                                                   MIRcuts: 3                  
  78068 48178  3.22137e+007    20  3.22727e+007  3.09689e+007  1957876    4.04%
  79293 49104    infeasible        3.22727e+007  3.09697e+007  1988389    4.04%
                                                  Impl Bds: 3                  
  80471 49994  3.10288e+007    43  3.22727e+007  3.09703e+007  2021124    4.04%
  81644 50911  3.10948e+007    60  3.22727e+007  3.09714e+007  2051186    4.03%
  82896 51886  3.17823e+007    22  3.22727e+007  3.09724e+007  2082502    4.03%
  84155 52867  3.10292e+007    47  3.22727e+007  3.09737e+007  2114117    4.02%
  85362 53795        cutoff        3.22727e+007  3.09747e+007  2146755    4.02%
  86578 54700  3.11827e+007    29  3.22727e+007  3.09757e+007  2179575    4.02%
  87696 55497  3.14166e+007    32  3.22727e+007  3.09766e+007  2211779    4.02%
Elapsed time = 870.70 sec. (287917.98 ticks, tree = 656.07 MB, solutions = 47)
Nodefile size = 528.42 MB (321.36 MB after compression)
  88755 56270  3.13209e+007    39  3.22727e+007  3.09776e+007  2240841    4.01%
  89925 57154  3.11897e+007    42  3.22727e+007  3.09783e+007  2273885    4.01%
                                                      Cuts: 5                  
  91039 57970  3.21156e+007    17  3.22727e+007  3.09795e+007  2306909    4.01%
                                                  Impl Bds: 2                  
  92215 58825  3.16531e+007    26  3.22727e+007  3.09807e+007  2340395    4.00%
                                                  Impl Bds: 4                  
  93404 59712  3.17155e+007    32  3.22727e+007  3.09812e+007  2371992    4.00%
  94429 60437  3.13939e+007    42  3.22727e+007  3.09825e+007  2401236    4.00%
  95601 61265  3.18803e+007    41  3.22727e+007  3.09830e+007  2436459    4.00%
  96782 62150  3.13149e+007    47  3.22727e+007  3.09834e+007  2468493    3.99%
  98006 63045        cutoff        3.22727e+007  3.09842e+007  2501698    3.99%
  99090 63893  3.15815e+007    22  3.22727e+007  3.09848e+007  2529506    3.99%
Elapsed time = 984.89 sec. (326114.59 ticks, tree = 750.36 MB, solutions = 47)
Nodefile size = 623.09 MB (377.41 MB after compression)
 100338 64826  3.10834e+007    42  3.22727e+007  3.09860e+007  2561598    3.99%
 101455 65642  3.13049e+007    23  3.22727e+007  3.09870e+007  2594010    3.98%
 102745 66619  3.15735e+007    29  3.22727e+007  3.09882e+007  2627148    3.98%
 103940 67489        cutoff        3.22727e+007  3.09891e+007  2661480    3.98%
 105104 68327  3.12924e+007    31  3.22727e+007  3.09907e+007  2695049    3.97%
 106251 69156  3.12024e+007    35  3.22727e+007  3.09920e+007  2729098    3.97%
 107207 69884  3.15051e+007    23  3.22727e+007  3.09929e+007  2758008    3.97%
 108378 70769  3.14151e+007    21  3.22727e+007  3.09937e+007  2789970    3.96%
 109587 71670  3.14580e+007    36  3.22727e+007  3.09946e+007  2822877    3.96%
 110760 72545  3.13049e+007    21  3.22727e+007  3.09954e+007  2854863    3.96%
Elapsed time = 1098.75 sec. (364277.20 ticks, tree = 852.74 MB, solutions = 47)
Nodefile size = 725.62 MB (437.81 MB after compression)
 111930 73406  3.11658e+007    50  3.22727e+007  3.09960e+007  2889405    3.96%
 113079 74210        cutoff        3.22727e+007  3.09969e+007  2920490    3.95%
 114319 75121  3.11417e+007    34  3.22727e+007  3.09981e+007  2951116    3.95%
 115493 76000  3.11827e+007    32  3.22727e+007  3.09989e+007  2983261    3.95%
 116543 76802  3.15016e+007    40  3.22727e+007  3.09997e+007  3010031    3.94%
 117752 77716  3.14117e+007    23  3.22727e+007  3.10006e+007  3043806    3.94%
                                                  Impl Bds: 3                  
 118993 78648    infeasible        3.22727e+007  3.10016e+007  3076293    3.94%
 120256 79581  3.16962e+007    44  3.22727e+007  3.10025e+007  3109810    3.94%
 121413 80414  3.11929e+007    29  3.22727e+007  3.10033e+007  3141534    3.93%
 122567 81253  3.20770e+007    14  3.22727e+007  3.10045e+007  3173630    3.93%
                                                   GUBcuts: 1                  
Elapsed time = 1213.02 sec. (402448.42 ticks, tree = 946.04 MB, solutions = 47)
Nodefile size = 818.91 MB (492.93 MB after compression)
 123727 82076  3.14335e+007    27  3.22727e+007  3.10053e+007  3207221    3.93%
 124879 82906  3.12860e+007    34  3.22727e+007  3.10061e+007  3240565    3.92%
 125955 83691  3.12919e+007    27  3.22727e+007  3.10069e+007  3269720    3.92%
 127104 84541  3.12896e+007    30  3.22727e+007  3.10079e+007  3303424    3.92%
                                                  Impl Bds: 1                  
 128354 85466  3.12693e+007    18  3.22727e+007  3.10089e+007  3336367    3.92%
 129600 86428  3.14009e+007    36  3.22727e+007  3.10094e+007  3368390    3.91%
 130788 87305        cutoff        3.22727e+007  3.10102e+007  3400262    3.91%
                                                      Cuts: 3                  
 131918 88124  3.11066e+007    43  3.22727e+007  3.10114e+007  3434094    3.91%
 133160 88997  3.15725e+007    33  3.22727e+007  3.10126e+007  3469146    3.90%
 134407 89946  3.15051e+007    34  3.22727e+007  3.10136e+007  3502393    3.90%
Elapsed time = 1327.39 sec. (440848.69 ticks, tree = 1042.64 MB, solutions = 47)
Nodefile size = 915.45 MB (550.07 MB after compression)
 135436 90665  3.11827e+007    31  3.22727e+007  3.10145e+007  3531320    3.90%
 136667 91586  3.13049e+007    24  3.22727e+007  3.10154e+007  3564254    3.90%
 137825 92394  3.19197e+007    28  3.22727e+007  3.10166e+007  3597315    3.89%
 139007 93280  3.11661e+007    28  3.22727e+007  3.10174e+007  3629378    3.89%
 140223 94173        cutoff        3.22727e+007  3.10185e+007  3662525    3.89%
 141472 95112    infeasible        3.22727e+007  3.10186e+007  3698727    3.89%
 142820 96166  3.14337e+007    40  3.22727e+007  3.10186e+007  3731170    3.89%
 143828 96969  3.15279e+007    31  3.22727e+007  3.10186e+007  3757148    3.89%
                                                  Impl Bds: 4                  
*145050 96686      integral     0  3.19697e+007  3.10186e+007  3786177    2.98%
Found incumbent of value 3.1969722e+007 after 1429.28 sec. (474843.19 ticks)
 146317 97579  3.13049e+007    20  3.19697e+007  3.10196e+007  3819704    2.97%
Elapsed time = 1440.56 sec. (478661.15 ticks, tree = 1125.77 MB, solutions = 48)
Nodefile size = 998.22 MB (597.20 MB after compression)
 147548 98484  3.15074e+007    31  3.19697e+007  3.10203e+007  3851236    2.97%
 148820 99481  3.12783e+007    33  3.19697e+007  3.10211e+007  3882080    2.97%
 150079 100403  3.13541e+007    24  3.19697e+007  3.10220e+007  3914508    2.96%
 151332 101262  3.15475e+007    14  3.19697e+007  3.10231e+007  3948726    2.96%
 152560 102093  3.11402e+007    24  3.19697e+007  3.10238e+007  3983298    2.96%
 153697 102876  3.14406e+007    38  3.19697e+007  3.10246e+007  4014680    2.96%
 154974 103804  3.17954e+007    14  3.19697e+007  3.10248e+007  4048852    2.96%
 156230 104757  3.14239e+007    31  3.19697e+007  3.10248e+007  4081567    2.96%
*157081 105440      integral     0  3.19479e+007  3.10252e+007  4101618    2.89%
Found incumbent of value 3.1947904e+007 after 1539.08 sec. (511658.88 ticks)
*157181+105520                      3.19419e+007  3.10252e+007  4103796    2.87%
Found incumbent of value 3.1941928e+007 after 1539.95 sec. (511935.35 ticks)
 158334 106361  3.14170e+007    35  3.19419e+007  3.10260e+007  4134740    2.87%
                                                      Cuts: 2                  
Elapsed time = 1550.48 sec. (515477.08 ticks, tree = 1217.57 MB, solutions = 50)
Nodefile size = 1089.93 MB (651.27 MB after compression)
 159516 107232        cutoff        3.19419e+007  3.10268e+007  4164368    2.87%
*160087 107661      integral     0  3.19223e+007  3.10271e+007  4178441    2.80%
Found incumbent of value 3.1922318e+007 after 1567.14 sec. (520962.86 ticks)
*160187+107592                      3.18825e+007  3.10271e+007  4181010    2.68%
Found incumbent of value 3.1882545e+007 after 1568.03 sec. (521255.18 ticks)
 161393 108503  3.14358e+007    17  3.18825e+007  3.10280e+007  4212129    2.68%
 162693 109432  3.13049e+007    24  3.18825e+007  3.10289e+007  4245394    2.68%
 164002 110369  3.13049e+007    26  3.18825e+007  3.10300e+007  4279273    2.67%
 165178 111233  3.12652e+007    46  3.18825e+007  3.10308e+007  4309220    2.67%
 166395 112103  3.14266e+007    27  3.18825e+007  3.10316e+007  4341648    2.67%
 167722 113104        cutoff        3.18825e+007  3.10326e+007  4373991    2.67%
 168853 113945  3.15390e+007    23  3.18825e+007  3.10333e+007  4404283    2.66%
 170117 114854  3.17687e+007    14  3.18825e+007  3.10341e+007  4438292    2.66%
Elapsed time = 1658.77 sec. (551489.77 ticks, tree = 1309.90 MB, solutions = 52)
Nodefile size = 1182.18 MB (705.29 MB after compression)
 171376 115679  3.17530e+007    23  3.18825e+007  3.10346e+007  4473793    2.66%
 172553 116416  3.17530e+007    30  3.18825e+007  3.10346e+007  4510775    2.66%
 173677 117244  3.12859e+007    25  3.18825e+007  3.10346e+007  4542545    2.66%
                                                    Covers: 1                  
 174513 117801  3.12941e+007    45  3.18825e+007  3.10346e+007  4570356    2.66%
                                                      Cuts: 3                  
 175611 118550  3.11519e+007    34  3.18825e+007  3.10346e+007  4605949    2.66%
 176687 119251  3.17774e+007    31  3.18825e+007  3.10346e+007  4642428    2.66%
                                                      Cuts: 3                  
 177803 120047  3.16373e+007    31  3.18825e+007  3.10346e+007  4678421    2.66%
 178919 120827  3.11405e+007    36  3.18825e+007  3.10346e+007  4715227    2.66%
 180023 121605  3.15051e+007    23  3.18825e+007  3.10346e+007  4750797    2.66%
 181157 122429  3.17233e+007    33  3.18825e+007  3.10346e+007  4785023    2.66%
Elapsed time = 1772.67 sec. (589662.38 ticks, tree = 1397.94 MB, solutions = 52)
Nodefile size = 1270.02 MB (756.77 MB after compression)
 182122 123108  3.11737e+007    39  3.18825e+007  3.10346e+007  4815284    2.66%
 183249 123897  3.14151e+007    14  3.18825e+007  3.10346e+007  4850376    2.66%
 184381 124677  3.18494e+007    39  3.18825e+007  3.10346e+007  4885825    2.66%
                                                   MIRcuts: 3                  
 185538 125557  3.17564e+007    27  3.18825e+007  3.10346e+007  4921334    2.66%
 186674 126403  3.16178e+007    32  3.18825e+007  3.10346e+007  4957251    2.66%
 187755 127234  3.17564e+007    24  3.18825e+007  3.10346e+007  4988939    2.66%
 188876 128047  3.11568e+007    38  3.18825e+007  3.10349e+007  5022630    2.66%
 190107 128912  3.14907e+007    22  3.18825e+007  3.10354e+007  5054758    2.66%
 191306 129738  3.11828e+007    36  3.18825e+007  3.10361e+007  5087133    2.65%
 192485 130525  3.11218e+007    33  3.18825e+007  3.10368e+007  5121453    2.65%
Elapsed time = 1887.58 sec. (628156.09 ticks, tree = 1499.13 MB, solutions = 52)
Nodefile size = 1371.17 MB (815.83 MB after compression)
 193647 131269  3.16365e+007    27  3.18825e+007  3.10369e+007  5158732    2.65%
                                                      Cuts: 2                  
 194782 132048  3.12882e+007    26  3.18825e+007  3.10369e+007  5195999    2.65%
                                                      Cuts: 2                  
 195955 132872  3.10461e+007    44  3.18825e+007  3.10369e+007  5231898    2.65%
 197099 133612  3.16365e+007    24  3.18825e+007  3.10369e+007  5268051    2.65%
 198219 134363  3.10671e+007    42  3.18825e+007  3.10369e+007  5302730    2.65%
                                                   Cliques: 1                  
 199457 135238  3.11263e+007    36  3.18825e+007  3.10369e+007  5338513    2.65%
 200363 135896  3.12882e+007    23  3.18825e+007  3.10369e+007  5367354    2.65%
 201556 136739  3.12047e+007    36  3.18825e+007  3.10369e+007  5403741    2.65%
 202723 137559        cutoff        3.18825e+007  3.10369e+007  5440711    2.65%
 203859 138381  3.13754e+007    19  3.18825e+007  3.10369e+007  5477373    2.65%
Elapsed time = 2002.42 sec. (666623.01 ticks, tree = 1605.90 MB, solutions = 52)
Nodefile size = 1477.93 MB (877.52 MB after compression)
 204973 139180  3.15074e+007    25  3.18825e+007  3.10369e+007  5512699    2.65%
 206197 140094  3.12882e+007    25  3.18825e+007  3.10369e+007  5546833    2.65%
 207338 140937  3.11661e+007    30  3.18825e+007  3.10369e+007  5582772    2.65%
 208512 141780  3.12882e+007    24  3.18825e+007  3.10369e+007  5620154    2.65%
 209687 142682        cutoff        3.18825e+007  3.10369e+007  5654040    2.65%
 210891 143599  3.14174e+007    17  3.18825e+007  3.10369e+007  5691195    2.65%
 212060 144505  3.11661e+007    25  3.18825e+007  3.10369e+007  5724383    2.65%
 213116 145313        cutoff        3.18825e+007  3.10369e+007  5758176    2.65%
 214349 146232  3.16448e+007    21  3.18825e+007  3.10374e+007  5787841    2.65%
 215575 147077  3.11569e+007    50  3.18825e+007  3.10378e+007  5821764    2.65%
Elapsed time = 2116.55 sec. (704787.78 ticks, tree = 1724.86 MB, solutions = 52)
Nodefile size = 1597.48 MB (946.26 MB after compression)
 216755 147893  3.12982e+007    30  3.18825e+007  3.10383e+007  5855641    2.65%
 217936 148711        cutoff        3.18825e+007  3.10388e+007  5889380    2.65%
 219216 149591  3.10401e+007    37  3.18825e+007  3.10394e+007  5923725    2.64%
 220303 150392  3.13049e+007    25  3.18825e+007  3.10398e+007  5950043    2.64%
 221560 151304  3.16556e+007    15  3.18825e+007  3.10404e+007  5983935    2.64%
                                                  ZeroHalf: 1                  
 222803 152187  3.12932e+007    24  3.18825e+007  3.10411e+007  6018223    2.64%
 224075 153101  3.15293e+007    39  3.18825e+007  3.10417e+007  6050431    2.64%
 225349 154019  3.15111e+007    31  3.18825e+007  3.10423e+007  6083130    2.64%
 226626 154961  3.14932e+007    44  3.18825e+007  3.10428e+007  6115647    2.63%
 227870 155822        cutoff        3.18825e+007  3.10432e+007  6150413    2.63%
Elapsed time = 2230.33 sec. (742949.43 ticks, tree = 1829.55 MB, solutions = 52)
Nodefile size = 1702.18 MB (1007.33 MB after compression)
 229193 156789    infeasible        3.18825e+007  3.10437e+007  6184083    2.63%
 230255 157593  3.12532e+007    25  3.18825e+007  3.10439e+007  6211224    2.63%
 231554 158557  3.11708e+007    40  3.18825e+007  3.10443e+007  6245071    2.63%
 232888 159520  3.15311e+007    39  3.18825e+007  3.10449e+007  6279310    2.63%
 234159 160435  3.12458e+007    39  3.18825e+007  3.10453e+007  6312301    2.63%
                                                      Cuts: 3                  
 235423 161368        cutoff        3.18825e+007  3.10456e+007  6345464    2.63%
 236673 162269    infeasible        3.18825e+007  3.10459e+007  6378611    2.62%
 237942 163188  3.18537e+007    33  3.18825e+007  3.10464e+007  6412738    2.62%
 239226 164114        cutoff        3.18825e+007  3.10468e+007  6445436    2.62%
 240473 164997  3.15923e+007    27  3.18825e+007  3.10472e+007  6479580    2.62%
Elapsed time = 2344.25 sec. (781121.89 ticks, tree = 1937.33 MB, solutions = 52)
Nodefile size = 1809.93 MB (1069.98 MB after compression)
 241640 165825  3.17840e+007    11  3.18825e+007  3.10476e+007  6511532    2.62%
 242980 166770        cutoff        3.18825e+007  3.10481e+007  6546180    2.62%
 244337 167777  3.15074e+007    32  3.18825e+007  3.10486e+007  6579681    2.62%
 245568 168654  3.11613e+007    38  3.18825e+007  3.10491e+007  6613659    2.61%
 246635 169381  3.14259e+007    33  3.18825e+007  3.10494e+007  6644544    2.61%
 247863 170284  3.16321e+007    42  3.18825e+007  3.10498e+007  6678545    2.61%
 249111 171153  3.12473e+007    30  3.18825e+007  3.10503e+007  6711734    2.61%
                                                      Cuts: 2                  
 250420 172078  3.15529e+007    10  3.18825e+007  3.10508e+007  6745579    2.61%
 251755 173034  3.11646e+007    38  3.18825e+007  3.10511e+007  6778545    2.61%
 252945 173924  3.14238e+007    37  3.18825e+007  3.10515e+007  6809688    2.61%
Elapsed time = 2458.80 sec. (819280.02 ticks, tree = 2048.08 MB, solutions = 52)
Nodefile size = 1920.69 MB (1134.30 MB after compression)
 254330 174954  3.12426e+007    39  3.18825e+007  3.10519e+007  6843714    2.61%
 255579 175812  3.11303e+007    32  3.18825e+007  3.10525e+007  6879076    2.60%
 256896 176740  3.11827e+007    23  3.18825e+007  3.10530e+007  6914202    2.60%
 258095 177610  3.17587e+007    14  3.18825e+007  3.10535e+007  6945919    2.60%

GUB cover cuts applied:  15
Clique cuts applied:  56
Cover cuts applied:  12
Implied bound cuts applied:  104
Flow cuts applied:  5
Mixed integer rounding cuts applied:  61
Zero-half cuts applied:  3
Gomory fractional cuts applied:  5

Root node processing (before b&c):
  Real time             =    0.63 sec. (149.83 ticks)
Sequential b&c:
  Real time             = 2505.41 sec. (834968.47 ticks)
                          ------------
Total (root+branch&cut) = 2506.03 sec. (835118.29 ticks)
MIP status(102): integer optimal, tolerance
Cplex Time: 2506.34sec (det. 835137.30 ticks)
Fixing integer variables, and solving final LP...
Tried aggregator 1 time.
LP Presolve eliminated 5261 rows and 1999 columns.
Aggregator did 18 substitutions.
Reduced LP has 324 rows, 19 columns, and 648 nonzeros.
Presolve time = 0.00 sec. (1.76 ticks)

Iteration log . . .
Iteration:     1   Dual objective     =      31882544.565900
Fixed MIP status(1): optimal
Cplex Time: 0.02sec (det. 3.75 ticks)

Solution satisfies tolerances.

MIP Solution:     31882544.565900    (6950175 iterations, 258237 nodes)
Final Solve:      31882544.565900    (10 iterations)

Best possible:    31053602.835473
Absolute gap:       828941.730427
Relative gap:            0.026000

--- Restarting execution
--- nrg_run_2_16x3.gms(266) 0 Mb
--- Reading solution for model min_wqt
--- nrg_run_2_16x3.gms(266) 3 Mb
--- Executing after solve: elapsed 0:41:50.811
--- nrg_run_2_16x3.gms(285) 3 Mb
--- Putfile salida_starting_time D:\Facultad\OPI\gams-opi\m2_nrg_stime_16x3.txt
--- Putfile salida_assignment D:\Facultad\OPI\gams-opi\m2_nrg_assign_16x3.txt
*** Status: Normal completion
--- Job nrg_run_2_16x3.gms Stop 04/25/13 10:25:45 elapsed 0:41:50.841
