--- Job wqt_run_2_16x3.gms Start 04/27/13 01:12:18 WEX-VS8 24.0.2 x86/MS Windows        
GAMS Rev 240  Copyright (C) 1987-2013 GAMS Development. All rights reserved
Licensee: Gary Goldstein                                 G010614:2121CA-WIN
          Decision Ware, Inc.                                        DC2807
--- Starting compilation
--- wqt_run_2_16x3.gms(5) 2 Mb
--- .params_2_16x3.gms(163) 3 Mb
--- wqt_run_2_16x3.gms(6) 3 Mb
--- .wqt_model_2.gms(95) 3 Mb
--- wqt_run_2_16x3.gms(16) 3 Mb
--- Starting execution: elapsed 0:00:00.016
--- wqt_run_2_16x3.gms(254) 4 Mb
--- Generating MIP model min_wqt
--- wqt_run_2_16x3.gms(256) 4 Mb
---   5,585 rows  2,035 columns  13,865 non-zeroes
---   1,998 discrete-columns
***
***   972 Integer +INF Bounds have been reset to 100
***
--- Executing CPLEX: elapsed 0:00:00.063

IBM ILOG CPLEX   Feb 14, 2013 24.0.2 WIN 38380.38394 VS8 x86/MS Windows       
--- GAMS/Cplex licensed for continuous and discrete problems.
Cplex 12.5.0.0

Reading parameter(s) from "D:\Facultad\OPI\gams-opi\cplex.opt"
>>  threads 2
>>  nodefileind 2
>>  workmem 768
Finished reading from "D:\Facultad\OPI\gams-opi\cplex.opt"
Reading data...
Starting Cplex...
Tried aggregator 2 times.
MIP Presolve eliminated 3505 rows and 430 columns.
MIP Presolve modified 762 coefficients.
Aggregator did 684 substitutions.
Reduced MIP has 1396 rows, 921 columns, and 5514 nonzeros.
Reduced MIP has 840 binaries, 63 generals, 0 SOSs, and 0 indicators.
Presolve time = 0.06 sec. (11.21 ticks)
Found incumbent of value 3527837.637100 after 0.08 sec. (13.70 ticks)
Probing time = 0.00 sec. (0.93 ticks)
Tried aggregator 2 times.
Aggregator did 1 substitutions.
Reduced MIP has 1395 rows, 920 columns, and 5513 nonzeros.
Reduced MIP has 839 binaries, 63 generals, 0 SOSs, and 0 indicators.
Presolve time = 0.01 sec. (3.33 ticks)
Probing time = 0.02 sec. (0.93 ticks)
Clique table members: 6667.
MIP emphasis: balance optimality and feasibility.
MIP search method: dynamic search.
Parallel mode: deterministic, using up to 2 threads.
Tried aggregator 1 time.
Aggregator did 36 substitutions.
Reduced LP has 1359 rows, 884 columns, and 5441 nonzeros.
Presolve time = 0.02 sec. (0.92 ticks)
Initializing dual steep norms . . .

Iteration log . . .
Iteration:     1   Dual objective     =         74006.030100
Initializing dual steep norms . . .
Root relaxation solution time = 0.02 sec. (2.67 ticks)

        Nodes                                         Cuts/
   Node  Left     Objective  IInf  Best Integer    Best Bound    ItCnt     Gap

*     0+    0                      3527837.6371    46885.9038       58   98.67%
Found incumbent of value 3527837.637100 after 0.17 sec. (26.48 ticks)
      0     0   607186.9078    42  3527837.6371   607186.9078       58   82.79%
      0     0   607186.9078    36  3527837.6371      Cuts: 17      103   82.79%
      0     0   607186.9078    45  3527837.6371      Cuts: 40      194   82.79%
      0     0   607186.9078    39  3527837.6371      Cuts: 18      263   82.79%
*     0+    0                      3146485.6297   607186.9078      263   80.70%
Found incumbent of value 3146485.629700 after 0.31 sec. (64.07 ticks)
      0     0   607186.9078    47  3146485.6297      Cuts: 27      357   80.70%
*     0+    0                      2751206.8299   607186.9078      357   77.93%
Found incumbent of value 2751206.829900 after 0.53 sec. (114.42 ticks)
*     0+    0                      2531662.2376   607186.9078      357   76.02%
Found incumbent of value 2531662.237600 after 0.70 sec. (165.13 ticks)
*     0+    0                      1987002.2490   607186.9078      357   69.44%
Found incumbent of value 1987002.249000 after 0.70 sec. (167.94 ticks)
*     0+    0                      1806537.7021   607186.9078      357   66.39%
Found incumbent of value 1806537.702100 after 0.95 sec. (234.39 ticks)
*     0+    0                      1288997.4763   607186.9078      357   52.89%
Found incumbent of value 1288997.476300 after 1.11 sec. (272.28 ticks)
      0     2   607186.9078    41  1288997.4763   607186.9078      357   52.89%
Elapsed time = 1.13 sec. (273.89 ticks, tree = 0.01 MB, solutions = 7)
*   198+  184                      1229337.8058   607186.9078     2771   50.61%
                                                 Impl Bds: 11                  
Found incumbent of value 1229337.805800 after 1.42 sec. (350.50 ticks)
*   198+  184                      1224081.6692   607186.9078     2771   50.40%
Found incumbent of value 1224081.669200 after 1.44 sec. (354.57 ticks)
*   198+  184                      1191711.8089   607186.9078     2771   49.05%
Found incumbent of value 1191711.808900 after 1.52 sec. (374.60 ticks)
*   198+  184                      1120052.3106   607186.9078     2771   45.79%
Found incumbent of value 1120052.310600 after 1.52 sec. (376.72 ticks)
*   198+  184                      1115987.8239   607186.9078     2771   45.59%
Found incumbent of value 1115987.823900 after 1.56 sec. (385.74 ticks)
*   422+  387                       969547.6356   607186.9078     5457   37.37%
                                                  Impl Bds: 6                  
Found incumbent of value 969547.635600 after 1.91 sec. (455.18 ticks)
*   434   391      integral     0   954209.6262   607186.9078     5528   36.37%
Found incumbent of value 954209.626200 after 1.92 sec. (457.73 ticks)
*   624+  552                       885331.8085   607186.9078     7662   31.42%
                                                 Impl Bds: 16                  
Found incumbent of value 885331.808500 after 2.22 sec. (519.27 ticks)
*   624+  552                       871642.0579   607186.9078     7662   30.34%
Found incumbent of value 871642.057900 after 2.23 sec. (520.42 ticks)
*   824+  709                       845400.2331   607186.9078    10655   28.18%
                                                 Impl Bds: 18                  
Found incumbent of value 845400.233100 after 2.66 sec. (594.43 ticks)
*   825+  710                       835227.9116   607186.9078    10660   27.30%
Found incumbent of value 835227.911600 after 2.67 sec. (599.81 ticks)
*   826+  688                       815019.7329   607186.9078    10833   25.50%
Found incumbent of value 815019.732900 after 2.77 sec. (628.53 ticks)
*   826+  688                       810054.4089   607186.9078    10833   25.04%
Found incumbent of value 810054.408900 after 2.77 sec. (629.84 ticks)
*   826+  688                       796071.9194   607186.9078    10833   23.73%
Found incumbent of value 796071.919400 after 2.81 sec. (642.00 ticks)
*   826+  688                       794423.0282   607186.9078    10833   23.57%
Found incumbent of value 794423.028200 after 2.86 sec. (648.73 ticks)
*   828+  436                       747283.8308   621962.5537    12960   16.77%
Found incumbent of value 747283.830800 after 8.72 sec. (2156.61 ticks)
*   828+  290                       739290.6901   621962.5537    12960   15.87%
Found incumbent of value 739290.690100 after 11.73 sec. (3002.08 ticks)
    828   291   621962.5537   292   739290.6901   621962.5537    12960   15.87%
    829   291   622149.5281   294   739290.6901   621962.5537    13047   15.87%
    832   291   622667.7195   321   739290.6901   622340.4982    13284   15.82%
                                                  Impl Bds: 7                  
    844   298   623264.7011   301   739290.6901   622775.6978    13689   15.76%
    885   322   624805.1010   249   739290.6901   622775.6978    14668   15.76%
    920   340   660182.0702   109   739290.6901   622775.6978    15754   15.76%
*  1056+  343                       734063.6651   623172.9766    17941   15.11%
Found incumbent of value 734063.665100 after 17.61 sec. (4950.73 ticks)
*  1056+  301                       729461.5331   623172.9766    17941   14.57%
Found incumbent of value 729461.533100 after 17.64 sec. (4957.97 ticks)
*  1056+  273                       724773.6461   623172.9766    17941   14.02%
Found incumbent of value 724773.646100 after 17.66 sec. (4962.57 ticks)
   1084   283   655612.6302   241   724773.6461   623393.5559    18918   13.99%
   1322   462   692290.4540    39   724773.6461   624837.6566    25360   13.79%
   2291  1364   656749.4066   102   724773.6461   629274.7438    58229   13.18%
                                                 Impl Bds: 17                  
Elapsed time = 22.02 sec. (6201.29 ticks, tree = 1.00 MB, solutions = 31)
   3173  2207   652574.2862    96   724773.6461   631754.8616    95121   12.83%
   3956  2944   700654.9694   111   724773.6461   634402.0997   130697   12.47%
                                                   MIRcuts: 2                  
   4629  3553   668932.6672   114   724773.6461   635826.8797   160406   12.27%
                                                      Cuts: 6                  
   5261  4126   692926.4555    99   724773.6461   638857.0998   191129   11.85%
   5888  4681   653705.3023   173   724773.6461   639722.3795   221483   11.73%
   6596  5319   662839.2254   146   724773.6461   642082.4543   252513   11.41%
   7315  5920   683335.6027   106   724773.6461   642614.6503   284714   11.34%
                                                  Impl Bds: 5                  
   8090  6575   660382.7513   152   724773.6461   644630.8277   320240   11.06%
                                                  Impl Bds: 9                  
   8642  7042   702126.6709   120   724773.6461   645301.1336   349776   10.97%
   9391  7711   650469.6685   188   724773.6461   646165.7392   378120   10.85%
Elapsed time = 54.34 sec. (15796.56 ticks, tree = 5.63 MB, solutions = 31)
  10387  8568   715157.0779    73   724773.6461   648749.9422   410409   10.49%
  11125  9173   676680.1459   145   724773.6461   650047.4727   440766   10.31%
  11870  9792   681186.6934   109   724773.6461   650622.0754   472879   10.23%
  12686 10475   698539.5270    69   724773.6461   651799.4867   500970   10.07%
  13267 10917   667507.6967   300   724773.6461   652756.5034   523158    9.94%
  14115 11638   693225.5492    97   724773.6461   653076.2535   558332    9.89%
                                                  Impl Bds: 1                  
  15053 12427   689351.6094    94   724773.6461   654044.9189   592890    9.76%
                                                  Impl Bds: 1                  
  15988 13193   695692.5982   133   724773.6461   654337.8034   629360    9.72%
                                                  Impl Bds: 2                  
  16749 13776   714065.4930    93   724773.6461   654542.1958   664676    9.69%
* 17229+14130                       722316.1019   654843.8751   691171    9.34%
Found incumbent of value 722316.101900 after 87.08 sec. (26328.28 ticks)
* 17229+14130                       720083.3723   654843.8751   691171    9.06%
Found incumbent of value 720083.372300 after 87.11 sec. (26333.34 ticks)
  17229 14132   671152.3817   129   720083.3723   654843.8751   691171    9.06%
Elapsed time = 88.88 sec. (26704.64 ticks, tree = 10.81 MB, solutions = 33)
* 17230+14131                       720083.3723   654843.8751   691173    9.06%
Found incumbent of value 720083.372300 after 88.88 sec. (26342.32 ticks)
* 17230+14131                       719093.6417   654843.8751   691173    8.93%
Found incumbent of value 719093.641700 after 89.63 sec. (26965.53 ticks)
  17231 12978   624724.3232   271   719093.6417   654843.8751   692500    8.93%
  17251 12989   625509.6213   250   719093.6417   654843.8751   693395    8.93%
  17279 13003   626247.7376   243   719093.6417   654843.8751   694364    8.93%
  17308 13011   626508.9811   265   719093.6417   654843.8751   694921    8.93%
  17352 13037   627014.5599   207   719093.6417   654843.8751   695469    8.93%
  17414 13064   627449.6217   203   719093.6417   654843.8751   696315    8.93%
  17478 12942   628187.2649   147   719093.6417   654843.8751   698508    8.93%
  17560 12984   631261.2549   124   719093.6417   654843.8751   700249    8.93%
  17786 13046   715971.0853    65   719093.6417   654843.8751   706121    8.93%
  18071 13088   687990.2933    99   719093.6417   654843.8751   710981    8.93%
Elapsed time = 142.69 sec. (40617.76 ticks, tree = 10.22 MB, solutions = 39)
  18387 13064   665754.4219   112   719093.6417   654843.8751   719417    8.93%
  18720 13164   686790.9645   100   719093.6417   654843.8751   726595    8.93%
  19100 13318   649884.5709   180   719093.6417   654843.8751   734479    8.93%
  19437 13452   688067.1438   156   719093.6417   654843.8751   744154    8.93%
  19849 13594   684235.3307    72   719093.6417   654843.8751   753825    8.93%
  20171 13700   654807.6295   165   719093.6417   654843.8751   767289    8.93%
  20532 13885   689274.9212   166   719093.6417   654843.8751   774787    8.93%
  20950 14066   680917.0594    86   719093.6417   654843.8751   783793    8.93%
  21301 14195   663461.9838   122   719093.6417   654843.8751   794024    8.93%
  21640 14340   686790.1984   127   719093.6417   654843.8751   802828    8.93%
Elapsed time = 173.70 sec. (50176.48 ticks, tree = 10.85 MB, solutions = 39)
  22027 14507   674060.5990    96   719093.6417   654843.8751   814900    8.93%
  22423 14651   672042.8836   122   719093.6417   654843.8751   828432    8.93%
  22886 14862   684984.2311    74   719093.6417   654843.8751   837519    8.93%
  23232 15014   634295.3133   115   719093.6417   654843.8751   850819    8.93%
  23651 15212   686048.7820   132   719093.6417   654843.8751   865186    8.93%
                                                 Impl Bds: 16                  
  24064 15352   691801.6294   158   719093.6417   654843.8751   878858    8.93%
  24444 15545   642996.0537   118   719093.6417   654843.8751   888016    8.93%
                                                  Impl Bds: 7                  
  24848 15715   677150.2824   110   719093.6417   654843.8751   897995    8.93%
  25259 15933   698834.4299    73   719093.6417   654843.8751   908573    8.93%
  25610 16053   680562.2089   117   719093.6417   654843.8751   923208    8.93%
Elapsed time = 204.02 sec. (59767.04 ticks, tree = 14.53 MB, solutions = 39)
  25941 16203   694156.5535   142   719093.6417   654843.8751   937206    8.93%
                                                  Impl Bds: 4                  
  26236 16318        cutoff         719093.6417   654843.8751   950676    8.93%
                                                  Impl Bds: 6                  
  26461 16392   668702.9095    73   719093.6417   654843.8751   965608    8.93%
                                                  Impl Bds: 9                  
  26739 16497   689270.2255   182   719093.6417   654843.8751   981846    8.93%
                                                  Impl Bds: 7                  
  27034 16632   718579.5549   113   719093.6417   654843.8751   997449    8.93%
                                                  Impl Bds: 3                  
  27228 16684   676834.5373    80   719093.6417   654843.8751  1012142    8.93%
  27467 16787   661736.8939   132   719093.6417   654843.8751  1025712    8.93%
  27780 16933   697355.7148   101   719093.6417   654843.8751  1042125    8.93%
                                                  Impl Bds: 3                  
  28059 17040   649326.6092   133   719093.6417   654843.8751  1059370    8.93%
  28326 17137   669283.5032   162   719093.6417   654843.8751  1073587    8.93%
                                                      Cuts: 5                  
Elapsed time = 234.42 sec. (69356.00 ticks, tree = 16.21 MB, solutions = 39)
  28562 17210   673699.0677   168   719093.6417   654843.8751  1087952    8.93%
  28880 17323   696209.8077   110   719093.6417   654843.8751  1105878    8.93%
  29132 17409   671388.2335   107   719093.6417   654843.8751  1124384    8.93%
  29403 17497   711379.7993    77   719093.6417   654843.8751  1138822    8.93%
  29662 17598   690404.8228   124   719093.6417   654843.8751  1154801    8.93%
  29961 17718   707730.5981    74   719093.6417   654843.8751  1173336    8.93%
  30220 17807   680822.1374   109   719093.6417   654843.8751  1190062    8.93%
  30493 17892   713614.9868   108   719093.6417   654843.8751  1205484    8.93%
  30768 17968   680891.1549   140   719093.6417   654843.8751  1225732    8.93%
  31120 18075   712541.9022    66   719093.6417   654843.8751  1245374    8.93%
Elapsed time = 264.66 sec. (78984.15 ticks, tree = 17.34 MB, solutions = 39)
  31461 18199   704602.9839   145   719093.6417   654843.8751  1263091    8.93%
  31778 18291   694328.9977   130   719093.6417   654843.8751  1278168    8.93%
  32051 18387   641398.3173   132   719093.6417   654843.8751  1294589    8.93%
  32401 18509   678384.4644    81   719093.6417   654843.8751  1311978    8.93%
  32759 18577   697039.1261   122   719093.6417   654843.8751  1333178    8.93%
  33092 18690   680243.6245   145   719093.6417   654843.8751  1348020    8.93%
  33389 18822   684956.7811    98   719093.6417   654843.8751  1361092    8.93%
  33734 18957   660861.6482   107   719093.6417   654843.8751  1375502    8.93%
  34079 19084   675970.7084   121   719093.6417   654843.8751  1391508    8.93%
  34466 19218   680617.6867    84   719093.6417   654843.8751  1409067    8.93%
Elapsed time = 294.77 sec. (88552.30 ticks, tree = 17.88 MB, solutions = 39)
  34897 19409   695145.4299   152   719093.6417   654843.8751  1428446    8.93%
  35229 19519   702673.5333   156   719093.6417   654843.8751  1441715    8.93%
  35555 19626   709265.9710    55   719093.6417   654843.8751  1456233    8.93%
  35896 19731        cutoff         719093.6417   654843.8751  1474096    8.93%
  36192 19774   694603.3846   102   719093.6417   654843.8751  1491789    8.93%
  36601 19916   681159.3305    94   719093.6417   654843.8751  1509786    8.93%
  36982 20028   712218.6630    75   719093.6417   654843.8751  1528988    8.93%
  37313 20152   714882.5559    67   719093.6417   654843.8751  1545079    8.93%
  37579 20210   682901.6641   133   719093.6417   654843.8751  1557650    8.93%
  38738 20570   713660.7481    83   719093.6417   654843.8751  1606972    8.93%
                                                  Impl Bds: 4                  
Elapsed time = 334.28 sec. (101015.22 ticks, tree = 24.25 MB, solutions = 39)
  39974 20969   670297.5896   141   719093.6417   654843.8751  1662302    8.93%
                                                     Cuts: 16                  
  41083 21270   713493.9602    46   719093.6417   654843.8751  1721961    8.93%
                                                   MIRcuts: 6                  
  42273 21655   712806.2717   116   719093.6417   654843.8751  1791201    8.93%
                                                  Impl Bds: 4                  
  43210 21813   705536.1871    98   719093.6417   654843.8751  1850381    8.93%
  44392 22452   690560.6851    93   719093.6417   654843.8751  1918647    8.93%
  45568 23315   718882.4591   142   719093.6417   654843.8751  1985289    8.93%
                                                  Impl Bds: 1                  
  46448 23995   674090.4356   204   719093.6417   654843.8751  2034006    8.93%
  47537 24836   662376.9804   191   719093.6417   654843.8751  2088144    8.93%
  48806 25864        cutoff         719093.6417   654843.8751  2153581    8.93%
                                                  Impl Bds: 1                  
  49896 26661        cutoff         719093.6417   654843.8751  2213474    8.93%
Elapsed time = 457.19 sec. (140150.09 ticks, tree = 28.89 MB, solutions = 39)
* 50454+27060                       718603.5403   654843.8751  2244419    8.87%
Found incumbent of value 718603.540300 after 462.81 sec. (141888.18 ticks)
* 50463 27067      integral     0   714719.9245   654843.8751  2244448    8.38%
Found incumbent of value 714719.924500 after 462.81 sec. (141895.80 ticks)
  51588 25941   690632.4696    87   714719.9245   655296.6505  2308161    8.31%
  52695 26667   709688.9663   106   714719.9245   655975.1200  2372165    8.22%
  53933 27513   666941.9807   197   714719.9245   656793.7575  2437961    8.10%
  55007 28249        cutoff         714719.9245   657419.1548  2498752    8.02%
                                                      Cuts: 3                  
  56183 29018   675693.7151   175   714719.9245   658345.4446  2565909    7.89%
                                                      Cuts: 6                  
  56932 29582   700044.7041    84   714719.9245   658679.5787  2603011    7.84%
  57986 30433   662538.8748   175   714719.9245   659179.6920  2647871    7.77%
  59152 31326   666637.0176   166   714719.9245   659605.7270  2703019    7.71%
  60320 32202   670181.1307   149   714719.9245   660070.8113  2757653    7.65%
Elapsed time = 569.30 sec. (176264.95 ticks, tree = 32.19 MB, solutions = 41)
  61410 33076   704782.6557   107   714719.9245   660455.4921  2810442    7.59%
                                                  Impl Bds: 2                  
  62576 33962        cutoff         714719.9245   660815.9953  2867550    7.54%
  63691 34838   679306.3791   162   714719.9245   661043.3223  2922890    7.51%
  64825 35700   713007.6526    94   714719.9245   661481.8674  2982060    7.45%
  66055 36561   693362.0565   150   714719.9245   661891.9564  3039256    7.39%
  66919 37208   686021.8298   104   714719.9245   662084.5113  3085974    7.36%
  68120 38085   684008.3879   209   714719.9245   662528.0336  3146359    7.30%
  69306 38924   677538.4778   126   714719.9245   662860.1609  3203931    7.26%
  70421 39801   714153.8970   130   714719.9245   663085.3776  3256212    7.22%
  71621 40587        cutoff         714719.9245   663452.1360  3321481    7.17%
Elapsed time = 687.88 sec. (214525.91 ticks, tree = 41.32 MB, solutions = 41)
  72269 40986   666262.8719   195   714719.9245   663756.4818  3358357    7.13%
  73523 41913   684047.8340   122   714719.9245   663995.7760  3414384    7.10%
  74773 42806   664975.3381   207   714719.9245   664349.6469  3472249    7.05%
  75907 43673   713830.7954   101   714719.9245   664592.9518  3532024    7.01%
                                                  Impl Bds: 2                  
  77086 44474   699839.2884   191   714719.9245   664911.4320  3584994    6.97%
  78331 45282   707822.7435    93   714719.9245   665315.6210  3647449    6.91%
  79436 46021   681992.8102   133   714719.9245   665577.9904  3709279    6.88%
  80584 46715   667999.0480   199   714719.9245   665935.9549  3772037    6.83%
                                                   MIRcuts: 1                  
  81915 47650   714148.7061   143   714719.9245   666141.2148  3831315    6.80%
  83286 48574   706939.7919   108   714719.9245   666429.1786  3887392    6.76%
Elapsed time = 808.34 sec. (252881.98 ticks, tree = 47.48 MB, solutions = 41)
  84354 49258   708112.2431    88   714719.9245   666698.6493  3949173    6.72%
* 84427+49322                       714704.5931   666736.3779  3951750    6.71%
Found incumbent of value 714704.593100 after 821.61 sec. (257084.58 ticks)
* 84427+49322                       713681.2867   666736.3779  3951750    6.58%
Found incumbent of value 713681.286700 after 821.63 sec. (257090.04 ticks)
* 84427+49322                       713173.4750   666736.3779  3951750    6.51%
Found incumbent of value 713173.475000 after 821.63 sec. (257091.81 ticks)
* 84427+49322                       712450.9030   666736.3779  3951750    6.42%
Found incumbent of value 712450.903000 after 821.64 sec. (257093.96 ticks)
  84924 46705   679630.7011   169   712450.9030   666812.5183  3977213    6.41%
  86266 47537   710532.4332   161   712450.9030   667210.5588  4043254    6.35%
  87474 48313   698354.6588   105   712450.9030   667542.5673  4100986    6.30%
  88747 49182   701312.3936   112   712450.9030   667851.9035  4164095    6.26%
  89999 50010   697259.6693   112   712450.9030   668097.5786  4228678    6.23%
* 90267+50180                       711636.6535   668190.0510  4247039    6.11%
Found incumbent of value 711636.653500 after 886.25 sec. (277778.58 ticks)
  90531 49107   700702.1833   107   711636.6535   668274.3607  4259390    6.09%
  91676 49900   710921.0087    99   711636.6535   668495.2801  4321811    6.06%
  92935 50698   711380.1550    54   711636.6535   668702.7552  4382577    6.03%
  94171 51500   672328.5871   102   711636.6535   669004.5855  4446794    5.99%
Elapsed time = 927.97 sec. (291205.47 ticks, tree = 48.77 MB, solutions = 46)
  95350 52232   698166.2867   143   711636.6535   669317.6695  4508812    5.95%
  96663 53034   710525.1712    85   711636.6535   669681.0292  4576831    5.90%
  97942 53792   686758.5260   153   711636.6535   670005.2148  4638319    5.85%
  99103 54554   679841.0832   128   711636.6535   670258.9238  4698733    5.81%
                                                   MIRcuts: 2                  
 100442 55261   710523.7589   159   711636.6535   670702.6977  4769751    5.75%
 101380 55813   671429.9033   164   711636.6535   670923.0865  4814816    5.72%
 102682 56513   704200.4139    70   711636.6535   671267.1778  4880147    5.67%
 103907 57157   699864.1588   189   711636.6535   671557.9358  4949567    5.63%
 105086 57809   703906.8317   151   711636.6535   671891.1459  5015474    5.59%
                                                      Cuts: 5                  
 106282 58402   703536.2118   191   711636.6535   672215.5948  5079895    5.54%
Elapsed time = 1049.34 sec. (330312.29 ticks, tree = 53.58 MB, solutions = 46)
 107554 59024   705726.6381    99   711636.6535   672576.7744  5142966    5.49%
 108874 59675   697554.0901    95   711636.6535   673018.4782  5210333    5.43%
 110126 60270   696955.9668    81   711636.6535   673324.6260  5272081    5.38%
 111367 60710   702562.7545   181   711636.6535   673735.0532  5339258    5.33%
 112640 61298   697341.7399   128   711636.6535   674099.5919  5407472    5.27%
*113110+61510                       709637.9425   674282.8537  5432153    4.98%
Found incumbent of value 709637.942500 after 1117.05 sec. (352046.24 ticks)
 113436 57272   683087.4471    90   709637.9425   674293.7665  5449226    4.98%
 114627 57767   698964.8034    67   709637.9425   674650.2701  5509589    4.93%
 116034 58247   700905.4548   126   709637.9425   675109.7306  5578157    4.87%
 117313 58807   709023.0262   110   709637.9425   675425.6851  5643395    4.82%
                                                      Cuts: 4                  
*118047+59044                       709545.9925   675612.5372  5678692    4.78%
                                                   MIRcuts: 1                  
Found incumbent of value 709545.992500 after 1168.66 sec. (367492.95 ticks)
 118362 58948   706855.8875    66   709545.9925   675710.4592  5691798    4.77%
Elapsed time = 1172.97 sec. (368807.38 ticks, tree = 54.88 MB, solutions = 48)
 119423 59224   682907.2304   161   709545.9925   675957.7634  5752611    4.73%
 120705 59663   692494.0316   118   709545.9925   676331.9365  5818248    4.68%
 121920 60040   699714.5708    78   709545.9925   676649.0463  5889217    4.64%
 123108 60524   693354.4401   184   709545.9925   676934.0937  5952355    4.60%
*123842+60797                       702768.3050   677119.5764  5991465    3.65%
Found incumbent of value 702768.305000 after 1226.92 sec. (386259.01 ticks)
 124408 43373   699686.9854   158   702768.3050   677358.7317  6018487    3.62%
 125294 43505   700370.7744    65   702768.3050   677640.0293  6061823    3.58%
 126631 43757   682985.2958   145   702768.3050   678007.2595  6126938    3.52%
 127988 43892   689039.8076   139   702768.3050   678524.4370  6190217    3.45%
 129399 44108   695715.7242   116   702768.3050   679047.2523  6260722    3.38%
 130856 44231   691557.8154   128   702768.3050   679580.5369  6329271    3.30%
Elapsed time = 1291.75 sec. (407010.22 ticks, tree = 41.86 MB, solutions = 49)
 132230 44262   697974.5410   148   702768.3050   680172.4921  6394416    3.22%
                                                      Cuts: 8                  
 133750 44231   693054.4039   143   702768.3050   680842.0315  6462983    3.12%
                                                   MIRcuts: 3                  
*133814+44258                       702300.2861   680842.0315  6464780    3.06%
Found incumbent of value 702300.286100 after 1321.27 sec. (416337.00 ticks)
*133814+44258                       701233.1550   680842.0315  6464780    2.91%
Found incumbent of value 701233.155000 after 1322.08 sec. (416604.56 ticks)
 134672 40101   691587.7503    88   701233.1550   681175.6742  6499093    2.86%
 135745 39932   695004.4331    87   701233.1550   681755.5443  6546864    2.78%
 137241 39938   700697.7601    65   701233.1550   682195.5813  6615659    2.71%
 138835 39819   700129.1022   128   701233.1550   682801.3938  6682403    2.63%
 140377 39748   698243.5476   129   701233.1550   683351.3864  6750206    2.55%
 141847 39629   695108.3467   145   701233.1550   683767.4543  6811814    2.49%
 143471 39532   698390.0127   110   701233.1550   684305.9504  6873524    2.41%
 144607 39457   694385.7793    83   701233.1550   684663.6024  6924049    2.36%
Elapsed time = 1413.14 sec. (445363.35 ticks, tree = 36.90 MB, solutions = 51)
 146253 39554   699104.6777    79   701233.1550   685029.9502  6989329    2.31%
 148005 39314   696811.3705   135   701233.1550   685561.8501  7054138    2.23%
 149598 39167   698065.8625   121   701233.1550   685947.9455  7117124    2.18%
 151344 38821   701146.6883    94   701233.1550   686456.6452  7186448    2.11%
 152079 38721   687587.4679   137   701233.1550   686661.1515  7214954    2.08%
 154026 38066   691350.0296   141   701233.1550   687170.5428  7282013    2.01%
 155675 37962   694595.9281    84   701233.1550   687601.6171  7342053    1.94%
 157533 37634   695379.3868   155   701233.1550   688008.9150  7406115    1.89%
 159559 36967   696799.3076   129   701233.1550   688556.4366  7472937    1.81%
 161494 37007   691576.8023   172   701233.1550   688875.8149  7530617    1.76%
Elapsed time = 1533.88 sec. (483547.08 ticks, tree = 33.54 MB, solutions = 51)
 163307 36931   693102.8017   121   701233.1550   689257.2087  7588829    1.71%
*163357+36932                       699898.4672   689257.2087  7590771    1.52%
Found incumbent of value 699898.467200 after 1546.30 sec. (487488.75 ticks)
 165332 31988   699409.9266   106   699898.4672   689665.8911  7646848    1.46%
 167181 32004   695858.3643   101   699898.4672   689987.3209  7702264    1.42%
 168588 31759   699014.8730   132   699898.4672   690266.2574  7746326    1.38%
 170547 31607   696167.4938   100   699898.4672   690651.8343  7803326    1.32%
 172472 31384        cutoff         699898.4672   690963.0812  7859816    1.28%
 174416 31078        cutoff         699898.4672   691262.7663  7919384    1.23%
 176545 30671   696713.4205    87   699898.4672   691694.1995  7980056    1.17%
 178621 30242   697808.2110    38   699898.4672   691995.4656  8035750    1.13%
 180658 29835   699726.4316    81   699898.4672   692313.8154  8090032    1.08%
Elapsed time = 1662.28 sec. (524218.85 ticks, tree = 26.46 MB, solutions = 52)
*183011 29353      integral     0   699376.6276   692702.4506  8147186    0.95%
Found incumbent of value 699376.627600 after 1674.22 sec. (528000.33 ticks)
*183013 29344      integral     0   698348.4074   692702.4506  8147227    0.81%
Found incumbent of value 698348.407400 after 1674.23 sec. (528001.75 ticks)
 185670 21484        cutoff         698348.4074   693141.5118  8202492    0.75%
 188555 20109   697036.3804    69   698348.4074   693724.4194  8258712    0.66%
 191567 18313   697218.3395   165   698348.4074   694242.1394  8311376    0.59%
 194975 16441        cutoff         698348.4074   694818.3961  8361393    0.51%
 198877 14004   696369.9884   253   698348.4074   695481.6448  8407616    0.41%
 203572 10657   698192.9515    90   698348.4074   696154.7361  8450343    0.31%
 208806  6318        cutoff         698348.4074   697079.1051  8486917    0.18%

Implied bound cuts applied:  251
Flow cuts applied:  4
Mixed integer rounding cuts applied:  200
Gomory fractional cuts applied:  40

Root node processing (before b&c):
  Real time             =    1.00 sec. (254.63 ticks)
Parallel b&c, 2 threads:
  Real time             = 1773.94 sec. (557941.02 ticks)
  Sync time (average)   =    0.01 sec.
  Wait time (average)   =    0.00 sec.
                          ------------
Total (root+branch&cut) = 1774.94 sec. (558195.65 ticks)
MIP status(101): integer optimal solution
Cplex Time: 1775.08sec (det. 558214.73 ticks)
Fixing integer variables, and solving final LP...
Parallel mode: deterministic, using up to 2 threads for concurrent optimization.
Tried aggregator 1 time.
LP Presolve eliminated 5279 rows and 2017 columns.
Reduced LP has 306 rows, 18 columns, and 612 nonzeros.
Presolve time = 0.02 sec. (1.60 ticks)

Iteration log . . .
Iteration:     1   Dual objective     =        674419.385300
Reinitializing dual norms . . .

Dual simplex solved model.

Fixed MIP status(1): optimal
Cplex Time: 0.02sec (det. 3.67 ticks)

Proven optimal solution.

MIP Solution:       698348.407400    (8508312 iterations, 215496 nodes)
Final Solve:        698348.407400    (5 iterations)

Best possible:      698348.407400
Absolute gap:            0.000000
Relative gap:            0.000000

--- Restarting execution
--- wqt_run_2_16x3.gms(256) 0 Mb
--- Reading solution for model min_wqt
--- wqt_run_2_16x3.gms(274) 3 Mb
--- Putfile salida_starting_time D:\Facultad\OPI\gams-opi\m2_wqt_stime_16x3.txt
--- Putfile salida_assignment D:\Facultad\OPI\gams-opi\m2_wqt_assign_16x3.txt
*** Status: Normal completion
--- Job wqt_run_2_16x3.gms Stop 04/27/13 01:41:54 elapsed 0:29:35.391
