--- Job wqt_run_2_16x3_2.gms Start 04/27/13 01:41:54 WEX-VS8 24.0.2 x86/MS Windows        
GAMS Rev 240  Copyright (C) 1987-2013 GAMS Development. All rights reserved
Licensee: Gary Goldstein                                 G010614:2121CA-WIN
          Decision Ware, Inc.                                        DC2807
--- Starting compilation
--- wqt_run_2_16x3_2.gms(5) 2 Mb
--- .params_2_16x3_2.gms(163) 3 Mb
--- wqt_run_2_16x3_2.gms(6) 3 Mb
--- .wqt_model_2.gms(95) 3 Mb
--- wqt_run_2_16x3_2.gms(16) 3 Mb
--- Starting execution: elapsed 0:00:00.000
--- wqt_run_2_16x3_2.gms(254) 4 Mb
--- Generating MIP model min_wqt
--- wqt_run_2_16x3_2.gms(256) 4 Mb
---   5,585 rows  2,035 columns  13,865 non-zeroes
---   1,998 discrete-columns
***
***   972 Integer +INF Bounds have been reset to 100
***
--- Executing CPLEX: elapsed 0:00:00.047

IBM ILOG CPLEX   Feb 14, 2013 24.0.2 WIN 38380.38394 VS8 x86/MS Windows       
--- GAMS/Cplex licensed for continuous and discrete problems.
Cplex 12.5.0.0

Reading parameter(s) from "D:\Facultad\OPI\gams-opi\cplex.opt"
>>  threads 2
>>  nodefileind 2
>>  workmem 768
Finished reading from "D:\Facultad\OPI\gams-opi\cplex.opt"
Reading data...
Starting Cplex...
Tried aggregator 2 times.
MIP Presolve eliminated 3496 rows and 430 columns.
MIP Presolve modified 711 coefficients.
Aggregator did 702 substitutions.
Reduced MIP has 1387 rows, 903 columns, and 5505 nonzeros.
Reduced MIP has 846 binaries, 39 generals, 0 SOSs, and 0 indicators.
Presolve time = 0.06 sec. (11.27 ticks)
Found incumbent of value 4873649.471900 after 0.08 sec. (13.77 ticks)
Probing time = -0.00 sec. (0.91 ticks)
Tried aggregator 1 time.
Presolve time = 0.02 sec. (2.99 ticks)
Probing time = 0.00 sec. (0.91 ticks)
Clique table members: 6591.
MIP emphasis: balance optimality and feasibility.
MIP search method: dynamic search.
Parallel mode: deterministic, using up to 2 threads.
Tried aggregator 1 time.
Aggregator did 18 substitutions.
Reduced LP has 1369 rows, 885 columns, and 5469 nonzeros.
Presolve time = -0.00 sec. (0.91 ticks)
Initializing dual steep norms . . .

Iteration log . . .
Iteration:     1   Dual objective     =          3216.149600
Initializing dual steep norms . . .
Root relaxation solution time = 0.02 sec. (2.63 ticks)

        Nodes                                         Cuts/
   Node  Left     Objective  IInf  Best Integer    Best Bound    ItCnt     Gap

*     0+    0                      4873649.4719        0.0000       59  100.00%
Found incumbent of value 4873649.471900 after 0.17 sec. (26.14 ticks)
      0     0   399521.8738    41  4873649.4719   399521.8738       59   91.80%
*     0+    0                      1953111.0361   399521.8738       59   79.54%
Found incumbent of value 1953111.036100 after 0.17 sec. (28.46 ticks)
      0     0   399521.8738    44  1953111.0361      Cuts: 41      139   79.54%
      0     0   399521.8738    44  1953111.0361      Cuts: 17      218   79.54%
*     0+    0                      1371144.7420   399521.8738      218   70.86%
Found incumbent of value 1371144.742000 after 0.42 sec. (86.64 ticks)
*     0+    0                      1275492.1065   399521.8738      218   68.68%
Found incumbent of value 1275492.106500 after 0.45 sec. (95.61 ticks)
*     0+    0                      1236963.3271   399521.8738      218   67.70%
Found incumbent of value 1236963.327100 after 0.50 sec. (108.46 ticks)
*     0+    0                      1230972.7540   399521.8738      218   67.54%
Found incumbent of value 1230972.754000 after 0.53 sec. (116.75 ticks)
*     0+    0                      1150567.1567   399521.8738      218   65.28%
Found incumbent of value 1150567.156700 after 0.64 sec. (152.18 ticks)
*     0+    0                      1117272.2570   399521.8738      218   64.24%
Found incumbent of value 1117272.257000 after 0.64 sec. (154.98 ticks)
*     0+    0                      1105758.8417   399521.8738      218   63.87%
Found incumbent of value 1105758.841700 after 0.64 sec. (156.21 ticks)
*     0+    0                      1082027.2883   399521.8738      218   63.08%
Found incumbent of value 1082027.288300 after 0.84 sec. (208.22 ticks)
      0     2   399521.8738    40  1082027.2883   399521.8738      218   63.08%
Elapsed time = 0.86 sec. (210.50 ticks, tree = 0.01 MB, solutions = 10)
*   129+  119                      1073366.6514   399521.8738     1068   62.78%
                                                  Impl Bds: 8                  
Found incumbent of value 1073366.651400 after 1.14 sec. (281.70 ticks)
*   160   140      integral     0   836416.3672   399521.8738     1208   52.23%
Found incumbent of value 836416.367200 after 1.17 sec. (288.82 ticks)
*   514   444      integral     0   826408.1425   399521.8738     3491   51.66%
                                                 Impl Bds: 18                  
Found incumbent of value 826408.142500 after 1.59 sec. (394.38 ticks)
*   569+  489                       706298.3207   399521.8738     3847   43.43%
Found incumbent of value 706298.320700 after 1.67 sec. (408.76 ticks)
*   569+  489                       663702.8439   399521.8738     3847   39.80%
Found incumbent of value 663702.843900 after 1.67 sec. (410.84 ticks)
*   569+  489                       657272.5447   399521.8738     3847   39.22%
Found incumbent of value 657272.544700 after 1.69 sec. (412.36 ticks)
*   795+  627                       647248.4457   399521.8738     5258   38.27%
                                                  Impl Bds: 9                  
Found incumbent of value 647248.445700 after 1.97 sec. (466.11 ticks)
*   795+  627                       646134.6627   399521.8738     5258   38.17%
Found incumbent of value 646134.662700 after 1.97 sec. (467.04 ticks)
*   795+  627                       626298.7983   399521.8738     5258   36.21%
Found incumbent of value 626298.798300 after 1.97 sec. (468.86 ticks)
*   795+  627                       619985.2173   399521.8738     5258   35.56%
Found incumbent of value 619985.217300 after 1.97 sec. (472.71 ticks)
*   796+  596                       608104.1777   399521.8738     5343   34.30%
Found incumbent of value 608104.177700 after 2.19 sec. (538.40 ticks)
*   797+  597                       596887.2616   399521.8738     5385   33.07%
Found incumbent of value 596887.261600 after 2.25 sec. (492.19 ticks)
*   797+  597                       584902.0905   399521.8738     5385   31.69%
Found incumbent of value 584902.090500 after 2.25 sec. (502.77 ticks)
*   797+  597                       581872.0136   399521.8738     5385   31.34%
Found incumbent of value 581872.013600 after 2.30 sec. (565.70 ticks)
*   798+  372                       564891.3735   399521.8738     5550   29.27%
Found incumbent of value 564891.373500 after 2.89 sec. (700.67 ticks)
    798   373   422625.8972   152   564891.3735   422625.8972     6581   25.18%
*   801+  249                       562722.8026   424773.5716     6816   24.51%
Found incumbent of value 562722.802600 after 7.22 sec. (1949.39 ticks)
*   801+  167                       561492.9083   424773.5716     6816   24.35%
Found incumbent of value 561492.908300 after 7.48 sec. (2038.47 ticks)
*   801+  112                       553518.8656   424773.5716     6816   23.26%
Found incumbent of value 553518.865600 after 7.50 sec. (2042.80 ticks)
*   801+   75                       552652.6321   424773.5716     6816   23.14%
Found incumbent of value 552652.632100 after 7.61 sec. (2078.88 ticks)
    801    77   443119.2258   119   552652.6321   424773.5716     6816   23.14%
    812    83   431764.1546    94   552652.6321   430072.4970     6975   22.18%
    922   145   464254.9815    46   552652.6321   430072.4970     8222   22.18%
*  1132   326      integral     0   539789.2544   430072.4970     9368   20.33%
Found incumbent of value 539789.254400 after 9.63 sec. (2715.61 ticks)
*  1151+  341                       537385.4428   430072.4970     9574   19.97%
                                                  Impl Bds: 4                  
Found incumbent of value 537385.442800 after 9.66 sec. (2725.18 ticks)
*  1366+  547                       500942.1064   434999.0775    12639   13.16%
                                                  Impl Bds: 4                  
Found incumbent of value 500942.106400 after 10.09 sec. (2850.65 ticks)
*  1366+  547                       495272.8289   434999.0775    12639   12.17%
Found incumbent of value 495272.828900 after 10.11 sec. (2853.30 ticks)
*  1388+  479                       495128.8289   434999.0775    12793   12.14%
Found incumbent of value 495128.828900 after 10.19 sec. (2871.33 ticks)
*  1388+  479                       494501.8289   434999.0775    12793   12.03%
Found incumbent of value 494501.828900 after 10.20 sec. (2875.38 ticks)
   1555   632   482668.4988    36   494501.8289   438828.2573    14881   11.26%
   1921   928   480756.5059    72   494501.8289   440767.4410    22772   10.87%
                                                      Cuts: 8                  
*  2324+ 1256                       489563.4101   441766.0557    26858    9.76%
                                                      Cuts: 7                  
Found incumbent of value 489563.410100 after 12.67 sec. (3597.68 ticks)
*  2324+ 1256                       486715.0957   441766.0557    26858    9.24%
Found incumbent of value 486715.095700 after 12.69 sec. (3599.91 ticks)
   3433  2073   475865.0589    67   486715.0957   444859.5276    42723    8.60%
Elapsed time = 14.58 sec. (4148.88 ticks, tree = 1.52 MB, solutions = 37)
   5120  3461   473719.7585    85   486715.0957   446856.5552    66499    8.19%
                                                   MIRcuts: 2                  
   7590  5493   462997.1263    81   486715.0957   448358.6156    95663    7.88%
                                                      Cuts: 5                  
  10059  7437   468682.1515    79   486715.0957   449771.5351   125828    7.59%
  11978  8938   476791.9358    98   486715.0957   450891.0181   148595    7.36%
  14401 10843   460874.9615    95   486715.0957   452334.0743   178075    7.06%
  16764 12714   480508.7165    61   486715.0957   453464.5338   206864    6.83%
* 16765+12713                       486434.6335   453464.5338   206873    6.78%
Found incumbent of value 486434.633500 after 36.91 sec. (10060.76 ticks)
  16766 12606   427491.5646   165   486434.6335   453464.5338   207519    6.78%
  16785  7562   434866.2890   139   486434.6335   453464.5338   208212    6.78%
                                                     Cuts: 20                  
  16814  7565   451473.7273   126   486434.6335   453464.5338   208738    6.78%
  16861  7314   462503.6266    86   486434.6335   453464.5338   209380    6.78%
Elapsed time = 60.30 sec. (16313.67 ticks, tree = 5.38 MB, solutions = 39)
  17002  7379   467526.3110    81   486434.6335   453464.5338   210220    6.78%
  17209  7240   483215.8207    59   486434.6335   453464.5338   212597    6.78%
  17431  7153   479522.9184    30   486434.6335   453464.5338   215689    6.78%
  17631  7032   481597.9636   112   486434.6335   453464.5338   219682    6.78%
  17979  6955   451766.9972   122   486434.6335   453464.5338   224905    6.78%
  18421  7019   455629.8196    91   486434.6335   453464.5338   229692    6.78%
  18858  7036   466738.2250    85   486434.6335   453464.5338   235296    6.78%
  19294  7062   483735.5185    44   486434.6335   453464.5338   240528    6.78%
  19748  7101   473814.7123    33   486434.6335   453572.8707   244551    6.76%
  20223  7169   474848.3424    36   486434.6335   454554.0218   248911    6.55%
Elapsed time = 92.53 sec. (26236.91 ticks, tree = 5.25 MB, solutions = 39)
  20705  7286   485311.2029    79   486434.6335   455293.6382   252378    6.40%
  21243  7396   479409.7181    82   486434.6335   455926.2566   258968    6.27%
  21816  7487   475129.5442    75   486434.6335   456457.7913   267285    6.16%
  22409  7567   482618.0812    68   486434.6335   456759.7942   274106    6.10%
  22968  7689   477398.6431    56   486434.6335   457404.0505   280379    5.97%
  23575  7854   478769.5529    59   486434.6335   457936.5570   286218    5.86%
                                                      Cuts: 3                  
  24106  7983   480911.7411    72   486434.6335   458915.8011   293778    5.66%
  24752  8182   485475.1560    87   486434.6335   459499.1095   300815    5.54%
  25392  8358   480401.4495    62   486434.6335   460313.0902   308898    5.37%
                                                  Impl Bds: 3                  
  26028  8567   472612.4498    68   486434.6335   460899.4000   316849    5.25%
Elapsed time = 122.77 sec. (35792.87 ticks, tree = 6.10 MB, solutions = 39)
  26633  8755   468147.1639    50   486434.6335   461289.6124   323394    5.17%
  27301  8957   479010.7913   109   486434.6335   461618.4677   331471    5.10%
  27942  9082   478484.4981    60   486434.6335   462096.9999   337929    5.00%
  28549  9211   483977.5645    87   486434.6335   462493.6461   344106    4.92%
                                                     Fract: 2                  
  29162  9398   477565.7365    82   486434.6335   462852.2309   351446    4.85%
  29768  9520   480446.4269    71   486434.6335   463026.0055   357159    4.81%
  30400  9655   471753.0684   110   486434.6335   463510.2603   364129    4.71%
                                                  Impl Bds: 1                  
  31039 10027   467935.0553    74   486434.6335   463844.1679   370216    4.64%
  31672 10483   481803.2617   108   486434.6335   464021.0174   376558    4.61%
  32391 11002   476055.1267    55   486434.6335   464258.6828   382316    4.56%
Elapsed time = 153.36 sec. (45350.25 ticks, tree = 7.83 MB, solutions = 39)
  33063 11477   481382.3141    73   486434.6335   464479.6295   389525    4.51%
  33744 11917   479486.2089   116   486434.6335   464792.0096   397327    4.45%
  34463 12391   482870.5218    48   486434.6335   465009.0565   404980    4.40%
  35216 12929   482638.0468    61   486434.6335   465228.2676   411663    4.36%
  35915 13382   478273.0012    69   486434.6335   465519.6454   419513    4.30%
  36658 13837   485789.5342    66   486434.6335   465803.9485   426902    4.24%
  37344 14301   474703.4244    75   486434.6335   466104.5647   435296    4.18%
  38070 14796   480130.5001    53   486434.6335   466299.1888   442523    4.14%
  38679 15228   482837.3778    94   486434.6335   466511.3414   451013    4.10%
  39439 15757   480542.1306    65   486434.6335   466733.8009   458261    4.05%
Elapsed time = 183.91 sec. (54905.78 ticks, tree = 11.06 MB, solutions = 39)
  40191 16263   478762.5425    33   486434.6335   467027.3882   466053    3.99%
  40962 16763   471738.4271    57   486434.6335   467201.9103   472383    3.95%
  41710 17288   483166.4716    68   486434.6335   467341.8731   478250    3.93%
  42458 17772   481781.8812    70   486434.6335   467610.4506   486206    3.87%
  43259 18335   483816.9413    94   486434.6335   467719.9720   491414    3.85%
  44032 18819   482402.2862    51   486434.6335   467905.1317   498480    3.81%
  44833 19333   479962.3004    42   486434.6335   468054.9657   504546    3.78%
  45630 19804   471846.2893    61   486434.6335   468272.1512   512304    3.73%
  46395 20317   479869.6575    49   486434.6335   468408.2880   519744    3.71%
  47267 20944   482247.3413    54   486434.6335   468521.1825   526263    3.68%
Elapsed time = 216.78 sec. (64460.07 ticks, tree = 15.06 MB, solutions = 39)
  48181 21591   475144.4781   110   486434.6335   468692.3184   533958    3.65%
  48982 22140   481794.6859    69   486434.6335   468818.7522   540782    3.62%
  49661 22523   483100.0620    40   486434.6335   468939.3505   548740    3.60%
  50434 22952   474890.6090    79   486434.6335   469095.7954   555447    3.56%
                                                  Impl Bds: 1                  
  51200 23401   481206.7864    65   486434.6335   469319.2438   562861    3.52%
  51919 23839   476715.6327    80   486434.6335   469437.4993   569640    3.49%
  52596 24305   484409.4215    66   486434.6335   469539.5879   575888    3.47%
  53459 24834   484659.6532    61   486434.6335   469676.3654   583031    3.45%
  54290 25400   484539.1109    42   486434.6335   469784.4072   589942    3.42%
                                                  Impl Bds: 2                  
  55179 25984   474395.8390    72   486434.6335   469899.5059   597848    3.40%
Elapsed time = 252.53 sec. (74215.16 ticks, tree = 18.52 MB, solutions = 39)
  55937 26384   481802.9743    65   486434.6335   470072.6260   605547    3.36%
  56691 26774   478578.6835    71   486434.6335   470304.4664   612363    3.32%
  57515 27275   483136.5708    60   486434.6335   470442.4182   619240    3.29%
  58236 27670   481506.3899    52   486434.6335   470535.0319   626080    3.27%
  59126 28257   474556.2641    60   486434.6335   470671.8113   632555    3.24%
                                                   MIRcuts: 2                  
  60047 28911   476468.5566    35   486434.6335   470767.4438   638452    3.22%
  60930 29488   479381.0220    65   486434.6335   470887.7183   646104    3.20%
  61822 30098   480485.7629    73   486434.6335   470995.1196   652655    3.17%
  62606 30617   476472.4658    90   486434.6335   471080.6794   659696    3.16%
* 62985+30853                       484640.7580   471146.4549   662789    2.78%
Found incumbent of value 484640.758000 after 283.98 sec. (83289.80 ticks)
* 63114+25153                       484146.3865   471177.4680   664018    2.68%
Found incumbent of value 484146.386500 after 286.08 sec. (83919.09 ticks)
  63114 25154   481677.7830    66   484146.3865   471177.4680   664018    2.68%
Elapsed time = 286.23 sec. (83963.79 ticks, tree = 17.99 MB, solutions = 41)
  64068 24029   473274.3853    89   484146.3865   471345.5112   670857    2.64%
  64779 24364   482985.4041    50   484146.3865   471486.9549   677498    2.61%
  65660 24916   482105.6387    61   484146.3865   471622.2259   684361    2.59%
  66637 25462   482477.8784    20   484146.3865   471763.2638   691862    2.56%
  67562 26033   482449.7245    44   484146.3865   471880.4785   697922    2.53%
  68523 26555   474404.2207   105   484146.3865   472065.4007   704867    2.50%
  69479 27138   482482.1821    52   484146.3865   472242.5360   712388    2.46%
  70437 27667   483122.8663    34   484146.3865   472370.7997   719445    2.43%
  71350 28138   480702.6555    48   484146.3865   472558.9579   726944    2.39%
  75324 30509   482063.6972    17   484146.3865   473123.2629   756752    2.28%
                                                  Impl Bds: 4                  
Elapsed time = 328.13 sec. (96714.14 ticks, tree = 21.75 MB, solutions = 41)
* 76304+31039                       483917.8951   473277.1069   764144    2.20%
Found incumbent of value 483917.895100 after 332.00 sec. (97852.43 ticks)
  78752 31211   476500.5421    66   483917.8951   473610.3101   782628    2.13%
                                                      Cuts: 2                  
  83240 33709   482607.1268    26   483917.8951   473740.7042   811689    2.10%
                                                 Impl Bds: 61                  
  87118 35711        cutoff         483917.8951   473923.3026   849941    2.07%
                                                 Impl Bds: 57                  
  90752 37247        cutoff         483917.8951   474304.5671   886284    1.99%
                                                 Impl Bds: 28                  
  94451 39052   480356.6044    94   483917.8951   474576.1912   924962    1.93%
                                                 Impl Bds: 24                  
  97835 40648   479677.4226    48   483917.8951   474829.6048   962311    1.88%
                                                  Impl Bds: 2                  
 100956 42251   479684.5284    80   483917.8951   474995.8717   995924    1.84%
                                                  Impl Bds: 3                  
 104141 43694   482114.0672    65   483917.8951   475203.5892  1031837    1.80%
                                                  Impl Bds: 6                  
 107436 45045   479772.6705    47   483917.8951   475452.4411  1070220    1.75%
                                                      Cuts: 2                  
 110525 46283   483713.1506    74   483917.8951   475660.9489  1106544    1.71%
Elapsed time = 452.92 sec. (134886.07 ticks, tree = 34.34 MB, solutions = 42)
 114046 47574   482936.6975    55   483917.8951   475896.3083  1146207    1.66%
 117568 49109   478757.6566    59   483917.8951   476078.6899  1185747    1.62%
                                                     Cuts: 18                  
 120314 50148   482399.5272    62   483917.8951   476253.8696  1219463    1.58%
                                                 Impl Bds: 12                  
 123518 51211        cutoff         483917.8951   476440.6366  1263120    1.55%
 126667 52324   479124.6695    68   483917.8951   476607.3132  1305044    1.51%
 129766 53407   482371.1970    45   483917.8951   476719.4572  1350428    1.49%
                                                  Impl Bds: 2                  
 132578 54279   481730.9550    50   483917.8951   476856.5401  1393120    1.46%
                                                  Impl Bds: 7                  
 135502 55370        cutoff         483917.8951   476980.7146  1438048    1.43%
                                                     Cuts: 13                  
 138771 56592   483622.3309    38   483917.8951   477095.0924  1486675    1.41%
                                                 Impl Bds: 17                  
 141682 57542   480739.1694    51   483917.8951   477196.0155  1526015    1.39%
                                                 Impl Bds: 10                  
Elapsed time = 576.94 sec. (173047.15 ticks, tree = 42.72 MB, solutions = 42)
 144681 58422   481549.8296    35   483917.8951   477330.5767  1571359    1.36%
                                                      Cuts: 8                  
 147615 59346   477587.1414   122   483917.8951   477449.7668  1621030    1.34%
                                                 Impl Bds: 14                  
 150475 60243   481406.1319    91   483917.8951   477555.7802  1666248    1.31%
                                                  Impl Bds: 4                  
 153712 61330   483808.0162    57   483917.8951   477642.2399  1711203    1.30%
                                                 Impl Bds: 16                  
 156492 62317   483216.6324    66   483917.8951   477740.4842  1759278    1.28%
                                                 Impl Bds: 10                  
 159090 63051   482313.1821    95   483917.8951   477824.7636  1798921    1.26%
                                                  Impl Bds: 1                  
 161847 63714   483586.7840   108   483917.8951   477938.7270  1852877    1.24%
 164624 64607   482928.6844    56   483917.8951   478017.0724  1901064    1.22%
 167383 65103   480725.7743   107   483917.8951   478122.1417  1952974    1.20%
                                                  Impl Bds: 4                  
 170447 65637   483754.4983    53   483917.8951   478237.3729  2004215    1.17%
                                                  Impl Bds: 7                  
Elapsed time = 700.78 sec. (211558.83 ticks, tree = 48.94 MB, solutions = 42)
 173189 66311        cutoff         483917.8951   478324.2228  2049573    1.16%
 176002 66718   482345.2041    85   483917.8951   478435.9780  2092855    1.13%
 179122 67125   483600.3957    95   483917.8951   478535.8116  2142760    1.11%
 182120 67272   483331.6992    43   483917.8951   478665.9138  2200141    1.09%
                                                  Impl Bds: 1                  
 185078 67472   483207.7211    93   483917.8951   478778.4613  2253152    1.06%
                                                  Impl Bds: 4                  
 187787 67644   481582.1702    47   483917.8951   478879.1754  2307611    1.04%
                                                  Impl Bds: 2                  
 190678 67774   483454.4585    95   483917.8951   478987.2079  2362760    1.02%
 193721 68010   480490.1827   137   483917.8951   479092.0281  2415736    1.00%
                                                  Impl Bds: 2                  
 196385 68147   482479.9300    57   483917.8951   479188.6359  2456814    0.98%
                                                  Impl Bds: 1                  
 199512 68273   480155.0649   122   483917.8951   479289.9979  2507325    0.96%
                                                  Impl Bds: 1                  
Elapsed time = 825.19 sec. (250024.03 ticks, tree = 53.06 MB, solutions = 42)
 202582 68434   481522.7497    75   483917.8951   479382.1530  2560709    0.94%
                                                  Impl Bds: 2                  
 205230 68368   483276.8424    25   483917.8951   479475.8530  2607500    0.92%
 208387 68577   483446.5222   119   483917.8951   479562.8082  2656118    0.90%
 211465 68606   483538.7324    75   483917.8951   479656.7345  2710391    0.88%
 214361 68709   481695.2241    96   483917.8951   479738.7257  2758094    0.86%
                                                  Impl Bds: 4                  
 217324 68717   483094.5909    85   483917.8951   479822.3934  2809219    0.85%
                                                  Impl Bds: 6                  
 220378 68677   481868.4535    86   483917.8951   479902.8164  2859679    0.83%
 223301 68594   482257.4319    79   483917.8951   479992.4125  2911460    0.81%
 226202 68452        cutoff         483917.8951   480075.9151  2965204    0.79%
 229536 68329   480740.8675    68   483917.8951   480174.4036  3014833    0.77%
Elapsed time = 950.42 sec. (288671.78 ticks, tree = 53.41 MB, solutions = 42)
 232555 68189   482862.2057    65   483917.8951   480257.8494  3063327    0.76%
 235702 67952   483210.4844    42   483917.8951   480332.0285  3112213    0.74%
 239051 67592   482829.7989    96   483917.8951   480428.9008  3163829    0.72%
 242435 67213   482018.2254    50   483917.8951   480523.8194  3214702    0.70%
 245714 66759   483289.0284    77   483917.8951   480610.3844  3265251    0.68%
 249076 66370   481846.7072   126   483917.8951   480701.0223  3311206    0.66%
 252277 65956   481808.4245    58   483917.8951   480787.9885  3360609    0.65%
 255263 65465   482801.5242    66   483917.8951   480867.7290  3396609    0.63%
 258711 64678   482463.0768   113   483917.8951   480965.9487  3445476    0.61%
 262085 64037   483282.5508    57   483917.8951   481052.2942  3492635    0.59%
Elapsed time = 1076.38 sec. (327600.89 ticks, tree = 50.55 MB, solutions = 42)
 265181 63159   482204.6798    96   483917.8951   481137.5137  3539426    0.57%
 268756 62342   481818.9316   112   483917.8951   481225.1907  3589241    0.56%
 272145 61234        cutoff         483917.8951   481326.4510  3636886    0.54%
 275438 60049   482856.8699    50   483917.8951   481422.4689  3683350    0.52%
 278738 59071   482853.7525    77   483917.8951   481499.3431  3729028    0.50%
 282260 58101   482891.4794    87   483917.8951   481585.8408  3776817    0.48%
 285682 57124   483006.6884    67   483917.8951   481662.5143  3820865    0.47%
 288733 56236   483199.6462   169   483917.8951   481729.3676  3858221    0.45%
 292521 54735   483293.5687    79   483917.8951   481825.9288  3904617    0.43%
 296002 53275   482496.7648    65   483917.8951   481915.0258  3951778    0.41%
Elapsed time = 1200.73 sec. (365839.80 ticks, tree = 42.92 MB, solutions = 42)
 299675 51483   482486.5541    98   483917.8951   482018.4154  3996236    0.39%
 302907 49948   483167.9610   107   483917.8951   482098.3620  4032840    0.38%
 306815 48052        cutoff         483917.8951   482201.0966  4076918    0.35%
 310455 46228   482420.1914    88   483917.8951   482302.7937  4124485    0.33%
 313681 44433   482731.5359   100   483917.8951   482387.8805  4159650    0.32%
 317763 42101   483203.6951    40   483917.8951   482484.3691  4207160    0.30%
 321673 39932   483902.4192   160   483917.8951   482588.1087  4251518    0.27%
 325562 37752   498435.6520    62   483917.8951   482677.1623  4295943    0.26%
 328971 35526   483888.0287   146   483917.8951   482760.8325  4332424    0.24%
 333163 32774   482926.5011   167   483917.8951   482858.0141  4378648    0.22%
Elapsed time = 1326.28 sec. (404035.42 ticks, tree = 27.94 MB, solutions = 42)
 337551 29545        cutoff         483917.8951   482971.7430  4421518    0.20%
 341843 26415        cutoff         483917.8951   483075.8931  4460383    0.17%
 345369 23908        cutoff         483917.8951   483162.0424  4494042    0.16%
 349896 20473   483275.5297    35   483917.8951   483275.5297  4535053    0.13%
 354650 16647        cutoff         483917.8951   483392.3641  4574890    0.11%
 359412 12566        cutoff         483917.8951   483510.8714  4611839    0.08%
 364359  7998   483692.3690    83   483917.8951   483652.9477  4640155    0.05%
 370009  2531        cutoff         483917.8951   483821.9878  4668947    0.02%

Implied bound cuts applied:  452
Flow cuts applied:  3
Mixed integer rounding cuts applied:  86
Gomory fractional cuts applied:  83

Root node processing (before b&c):
  Real time             =    0.73 sec. (191.51 ticks)
Parallel b&c, 2 threads:
  Real time             = 1435.98 sec. (436604.99 ticks)
  Sync time (average)   =    0.05 sec.
  Wait time (average)   =    0.01 sec.
                          ------------
Total (root+branch&cut) = 1436.72 sec. (436796.50 ticks)
MIP status(101): integer optimal solution
Cplex Time: 1436.84sec (det. 436815.26 ticks)
Fixing integer variables, and solving final LP...
Parallel mode: deterministic, using up to 2 threads for concurrent optimization.
Tried aggregator 1 time.
LP Presolve eliminated 5279 rows and 2017 columns.
Reduced LP has 306 rows, 18 columns, and 612 nonzeros.
Presolve time = 0.00 sec. (1.60 ticks)

Iteration log . . .
Iteration:     1   Dual objective     =        452267.639800
Reinitializing dual norms . . .

Dual simplex solved model.

Fixed MIP status(1): optimal
Cplex Time: 0.02sec (det. 3.66 ticks)

Proven optimal solution.

MIP Solution:       483917.895100    (4678694 iterations, 372554 nodes)
Final Solve:        483917.895100    (4 iterations)

Best possible:      483917.895100
Absolute gap:            0.000000
Relative gap:            0.000000

--- Restarting execution
--- wqt_run_2_16x3_2.gms(256) 0 Mb
--- Reading solution for model min_wqt
--- wqt_run_2_16x3_2.gms(274) 3 Mb
--- Putfile salida_starting_time D:\Facultad\OPI\gams-opi\m2_wqt_stime_16x3_2.txt
--- Putfile salida_assignment D:\Facultad\OPI\gams-opi\m2_wqt_assign_16x3_2.txt
*** Status: Normal completion
--- Job wqt_run_2_16x3_2.gms Stop 04/27/13 02:05:51 elapsed 0:23:57.266
