[INFO][5] Cantidad de iteraciones: 3000
[INFO][1] Cantidad de iteraciones: 3000
[INFO][3] Cantidad de iteraciones: 3000
[INFO][4] Cantidad de iteraciones: 3000
[INFO][8] Cantidad de iteraciones: 3000
[INFO][7] Cantidad de iteraciones: 3000
[INFO][2] Cantidad de iteraciones: 3000
[INFO][6] Cantidad de iteraciones: 3000

id,borders_threshold,margin_forwarding,min_delay,max_delay,neighbors_threshold,energy,coverage,nforwardings,time
0,-93.614667,2.857432,0.171535,1.124537,11,96.123600,41.300000,5.000000,1.862580
1,-94.788424,0.176340,0.141001,0.501147,3,31.389700,22.100000,1.000000,0.268933
3,-94.891118,0.176340,0.328114,0.376688,23,20.437400,15.900000,0.300000,0.107868
4,-92.611213,2.857432,1.000000,0.000000,13,137.476000,46.900000,7.600000,1.307490
5,-73.690353,2.029063,0.402606,1.458017,0,5.252090,6.100000,5.900000,1.987060
6,-93.667480,0.176340,0.195296,0.367252,16,102.241000,42.400000,5.500000,0.856834
7,-94.957032,0.176340,0.328114,0.575091,23,15.186300,11.000000,0.000000,0.000737
8,-93.790915,0.722766,0.000000,0.730569,0,78.766400,34.800000,4.000000,0.983212
9,-74.368703,2.029063,0.000000,1.232938,0,7.031790,6.500000,6.000000,1.636800
10,-93.751082,0.176340,0.195296,0.367252,9,97.674000,41.600000,5.200000,0.887096
11,-94.889869,0.176340,0.000000,0.000000,0,18.318700,14.000000,0.200000,0.000956
12,-72.555234,2.029063,0.027304,2.366226,2,6.043580,5.300000,5.100000,2.243790
13,-93.654843,0.176340,0.195296,0.367252,14,111.556000,44.500000,6.100000,1.082420
14,-94.345649,0.176340,0.326959,0.000000,13,67.856700,33.600000,3.300000,0.337050
15,-94.916132,0.031127,0.128668,1.818002,10,31.036300,19.500000,1.000000,0.837929
16,-94.118499,2.643187,0.000000,1.873856,35,38.449400,24.000000,1.400000,0.761094
17,-94.559144,1.903202,0.446791,0.415188,27,30.304500,19.200000,0.900000,0.388779
18,-94.582178,0.031127,0.112349,1.925395,8,48.452700,28.600000,2.100000,1.924140
19,-73.495300,2.029063,0.526048,1.695057,0,7.278770,5.200000,5.000000,1.942260
20,-70.568815,2.029063,0.526048,2.366226,1,0.333916,3.400000,3.400000,1.372870
21,-92.845257,1.903202,0.367160,0.415188,38,128.057000,44.700000,7.000000,1.211040
22,-91.717901,0.176340,0.268925,0.473962,11,169.785000,48.900000,9.900000,1.156480
23,-73.341277,2.029063,0.000000,2.270858,0,8.732090,4.100000,4.000000,1.221060
24,-91.617807,0.732327,0.000000,0.754958,32,163.667000,48.800000,9.300000,1.107750
25,-72.376583,2.029063,0.027304,1.557533,0,1.886350,4.400000,4.300000,1.707300
26,-94.714457,0.031127,0.110700,1.818002,15,40.832600,24.700000,1.600000,1.214200
27,-95.000000,0.031127,0.110700,1.845746,8,15.065500,10.900000,0.000000,0.000736
28,-94.526597,0.529863,0.614740,4.581840,37,25.106100,16.400000,0.600000,1.294970
29,-91.336616,0.176340,0.077904,1.150345,28,175.501000,49.000000,10.200000,1.994220
30,-74.595787,2.029063,0.027304,0.778571,4,14.464700,8.000000,7.600000,1.377130
31,-71.431313,2.029063,0.027304,2.170092,3,0.384169,3.300000,3.200000,1.208040
32,-94.656743,0.176340,0.036801,0.501147,9,36.269400,22.700000,1.300000,0.275192
33,-94.864685,0.176340,0.000000,0.000000,0,19.667000,14.300000,0.300000,0.001033
34,-94.857367,0.176340,0.328114,0.575091,21,22.039500,16.000000,0.400000,0.175920
35,-94.510996,0.031127,0.099900,1.851022,9,48.523500,29.700000,2.100000,1.710860
36,-72.382640,2.029063,0.158854,1.477202,0,3.408100,4.000000,4.000000,1.379670
37,-71.578266,2.029063,0.027304,1.557533,5,7.803980,5.400000,5.100000,1.789510
38,-94.508020,0.176340,0.268925,0.473962,13,61.443100,31.900000,2.900000,0.791366
39,-94.516003,0.176340,0.266825,0.473962,13,63.028800,32.100000,3.000000,0.784287
40,-94.908985,0.176340,0.000000,0.000000,0,16.638700,11.400000,0.100000,0.000814
41,-70.618918,2.029063,0.900338,1.557533,4,1.395850,4.800000,4.800000,1.861880
42,-70.000000,2.029063,0.000000,0.910123,6,3.468420,4.900000,4.300000,0.588798
43,-93.855720,0.176340,0.195296,0.367252,7,82.249900,35.000000,4.200000,0.652822
44,-91.881151,0.732327,0.000000,0.754958,34,162.290000,48.300000,9.200000,1.043800
45,-70.000000,2.029063,0.000000,0.910123,8,10.332900,5.700000,5.000000,0.840070
46,-94.850597,0.176340,0.095988,0.575091,0,25.171700,17.600000,0.600000,0.159393
47,-94.052551,2.857432,0.018210,0.934371,2,43.255600,25.000000,1.700000,0.437661
48,-70.000000,2.029063,0.026491,1.393208,5,2.551540,4.800000,4.600000,1.557160
49,-70.066857,2.029063,0.026491,1.393208,6,8.882130,7.400000,7.000000,1.898410
50,-92.366264,2.857432,0.000000,1.077240,7,145.787000,47.400000,8.100000,1.765480
51,-75.218226,2.029063,0.000000,0.064022,0,13.000100,7.100000,6.700000,0.096511
52,-73.900503,2.029063,0.000000,1.232938,2,5.731530,6.400000,6.100000,1.659030
53,-74.609374,2.029063,0.000000,0.910123,5,7.187160,5.900000,5.800000,0.784442
54,-93.972606,0.176340,0.036801,0.482970,0,77.281800,34.700000,4.000000,0.753308
55,-93.974274,0.176340,0.095988,0.427477,0,75.737600,34.200000,3.900000,0.632708
56,-73.901419,2.029063,0.000000,0.064022,0,7.757660,7.300000,6.900000,0.088565
57,-94.274362,0.176340,0.036801,0.501147,7,67.653500,33.000000,3.300000,0.547487
58,-73.615204,2.029063,0.402606,1.262071,3,12.533300,4.000000,3.900000,1.021660
59,-94.975547,0.031127,0.110700,0.716793,8,17.144200,12.700000,0.100000,0.067807
60,-74.186714,2.029063,0.197242,2.366226,0,9.574550,5.100000,4.600000,1.910790
61,-92.677437,1.903202,0.000000,1.190807,42,132.912000,46.500000,7.300000,1.972420
62,-72.150291,2.029063,0.026491,1.956649,0,0.074896,5.400000,5.300000,1.315490
63,-71.731141,2.029063,0.158854,1.487143,8,13.840100,6.700000,5.900000,1.777500
64,-70.000000,2.029063,0.050654,2.366226,4,2.887040,4.900000,4.700000,1.844170
65,-73.797780,2.029063,0.027304,1.887826,1,6.124690,5.000000,4.700000,1.552140
66,-94.777254,0.176340,0.195296,0.473962,11,33.315900,22.300000,1.100000,0.308705
67,-93.532919,0.176340,0.036801,0.361730,5,91.627600,38.300000,4.900000,0.501657
68,-93.642263,2.857432,0.244063,0.891134,5,83.307100,37.700000,4.200000,1.543920
69,-94.922712,0.031127,1.000000,1.764804,0,23.092500,16.200000,0.500000,0.651826
70,-71.015783,2.029063,0.000000,0.910123,5,7.650860,5.600000,5.200000,0.816555
71,-94.783068,0.176340,0.124423,0.260963,0,28.092300,18.200000,0.800000,0.167842
72,-70.000000,2.029063,0.000000,3.224912,0,0.118807,3.200000,3.100000,1.797510
73,-93.583835,0.732327,0.308881,0.548019,36,89.308000,37.900000,4.600000,1.234900
74,-70.000000,2.029063,0.000000,3.224912,4,3.111770,3.200000,3.000000,1.734800
75,-94.533775,0.176340,0.268925,0.473962,12,43.878800,25.400000,1.800000,0.591213
76,-71.188543,2.029063,0.027304,2.170092,4,4.636100,3.500000,3.100000,1.027380
77,-70.000000,2.029063,0.031112,1.557533,6,9.857800,4.800000,4.200000,0.999206
78,-92.028440,0.176340,0.268925,0.310684,12,152.983000,47.700000,8.800000,0.913904
79,-70.000000,2.029063,0.158854,1.487143,5,5.114450,5.000000,4.900000,1.779830
80,-72.334992,2.029063,0.402606,1.557533,2,4.531850,3.900000,3.900000,1.096620
81,-94.864095,0.176340,1.000000,1.150345,34,20.286200,15.200000,0.300000,0.324106
82,-71.594653,2.029063,0.000000,0.910123,7,11.120600,6.400000,5.800000,0.963584
83,-91.816137,0.176340,0.036801,0.361730,9,160.342000,48.100000,9.300000,0.693177
84,-71.706687,2.029063,0.158854,1.487143,6,8.902290,5.000000,4.600000,1.568590
85,-94.511788,0.176340,0.022014,0.361730,22,44.227100,26.200000,1.800000,0.277775
86,-73.199524,2.029063,0.526048,1.695057,0,3.729310,3.800000,3.600000,1.549310
87,-93.168818,2.857432,0.000000,1.020366,7,132.665000,45.100000,7.300000,1.650500
88,-93.739970,0.176340,0.195296,0.367252,18,105.664000,43.500000,5.700000,0.862231
89,-70.000000,2.029063,0.158854,1.646045,0,0.079044,3.500000,3.500000,1.043740
90,-92.168411,0.176340,0.000000,0.367252,24,159.643000,48.000000,9.200000,0.681600
91,-71.735328,2.029063,0.000000,0.064022,5,12.260800,5.200000,4.700000,0.045428
92,-70.687280,2.029063,0.402606,1.260074,4,1.926590,3.700000,3.500000,0.844160
93,-74.881814,2.029063,0.000000,0.064022,0,11.134100,7.000000,6.600000,0.094463
94,-92.489783,2.857432,0.000000,1.020366,10,131.063000,44.800000,7.200000,1.375270
95,-94.406897,0.176340,0.077904,1.150345,46,58.646000,30.100000,2.700000,1.056200
96,-73.854107,2.029063,0.994715,1.557533,1,2.935680,4.600000,4.100000,1.811430
97,-93.967794,0.176340,0.036801,0.482970,0,75.458600,34.000000,3.900000,0.740789
98,-70.000000,2.029063,0.027304,1.887826,0,1.932560,3.500000,3.400000,0.808278
99,-70.000000,2.029063,0.026491,1.393208,7,5.468160,6.500000,6.200000,1.536500
