[INFO][5] Cantidad de iteraciones: 3000
[INFO][8] Cantidad de iteraciones: 3000
[INFO][7] Cantidad de iteraciones: 3000
[INFO][6] Cantidad de iteraciones: 3000
[INFO][4] Cantidad de iteraciones: 3000
[INFO][2] Cantidad de iteraciones: 3000
[INFO][3] Cantidad de iteraciones: 3000
[INFO][1] Cantidad de iteraciones: 3000

id,borders_threshold,margin_forwarding,min_delay,max_delay,neighbors_threshold,energy,coverage,nforwardings,time
0,-91.945751,0.705733,0.660013,3.808877,39,155.591000,47.600000,8.800000,6.871460
1,-74.772860,0.955657,0.696563,4.215319,0,5.220400,4.100000,3.600000,3.083490
2,-94.286990,0.612416,0.476706,0.256535,39,73.423400,36.300000,3.600000,0.983584
3,-70.462732,2.982524,0.000000,3.830455,0,0.496424,3.900000,3.700000,1.524540
4,-71.030361,2.404147,0.770987,4.424905,5,1.980270,3.400000,3.400000,3.038430
5,-93.439430,0.226947,0.721439,0.000000,39,113.514000,44.300000,6.200000,1.181670
6,-91.870037,0.457570,0.000000,1.528754,11,163.592000,48.400000,9.400000,1.934640
7,-90.631354,0.612416,0.526378,0.208942,50,179.390000,48.900000,10.300000,1.080420
8,-94.844713,0.226947,1.000000,0.000000,36,18.369300,14.000000,0.200000,0.029210
9,-95.000000,0.226947,0.973056,2.830083,40,15.216800,11.000000,0.000000,0.000737
10,-94.769793,0.226947,0.463979,0.014081,45,24.857900,16.100000,0.600000,0.108018
11,-94.325408,0.226947,0.328368,0.000000,35,67.976600,33.600000,3.300000,0.352585
12,-72.486436,2.404147,0.770987,0.205428,5,13.094300,5.400000,5.000000,0.841953
13,-94.459711,0.226947,0.765858,0.000000,49,49.013900,28.200000,2.100000,0.635433
14,-94.206473,0.700528,0.370764,0.179359,29,60.550600,32.700000,2.800000,0.534626
15,-93.812955,0.700528,0.370764,0.029769,31,84.628400,36.500000,4.300000,0.546731
16,-70.000000,2.982524,0.000000,1.478924,0,0.169089,5.600000,5.600000,1.671650
17,-92.424092,0.612416,0.444116,0.226845,42,145.524000,47.200000,8.200000,1.221790
18,-89.991220,0.226947,0.751884,0.000000,34,199.638000,49.000000,11.800000,1.004950
19,-73.819172,2.982524,0.199328,3.830455,3,14.644100,4.800000,4.300000,1.831580
20,-72.170397,2.404147,0.770987,1.270906,0,1.016960,4.100000,4.100000,1.652580
21,-94.575667,0.612416,0.451000,0.669188,30,23.822200,15.900000,0.500000,0.255660
22,-94.435291,0.226947,0.973056,0.000000,46,52.139900,30.100000,2.300000,0.836301
23,-94.790474,0.226947,0.973056,2.830083,35,21.767100,15.200000,0.400000,0.935226
24,-72.161412,2.982524,0.000000,0.856615,4,4.173350,4.000000,3.900000,0.420893
25,-70.000000,2.404147,1.000000,1.270906,4,4.730790,3.300000,3.200000,1.235300
26,-93.174457,0.700528,0.000000,0.029769,32,129.117000,45.700000,7.100000,0.050179
27,-94.577824,0.705733,0.041418,0.000000,29,25.422800,16.300000,0.600000,0.009741
28,-94.516181,0.612416,0.451000,0.669188,32,25.125800,16.200000,0.600000,0.285467
29,-94.749439,0.226947,0.467490,0.354474,42,33.367200,22.300000,1.100000,0.418064
30,-94.262677,0.226947,0.701845,0.000000,45,66.525800,33.500000,3.200000,0.802827
31,-94.300511,0.612416,0.530058,0.434475,33,57.249700,30.500000,2.600000,1.062740
32,-93.290505,0.457570,0.863351,0.239032,30,104.140000,41.000000,5.600000,1.638280
33,-93.854657,0.700528,0.370764,0.029769,31,87.842600,38.200000,4.500000,0.579167
34,-94.770842,0.226947,0.973056,2.337333,30,26.492400,17.000000,0.700000,1.201630
35,-73.278281,2.404147,0.770987,1.270906,7,13.304800,6.000000,5.300000,1.939680
36,-70.000000,2.982524,0.199328,2.121684,6,3.851410,3.800000,3.600000,1.074960
37,-70.808268,2.404147,0.770987,1.270906,4,3.963630,4.900000,4.500000,1.447840
38,-73.583371,2.982524,0.000000,3.550017,2,14.719100,4.800000,4.200000,1.748550
39,-70.000000,2.404147,0.770987,0.577311,8,12.277700,6.500000,6.200000,1.386970
40,-70.543592,2.404147,0.770987,0.577311,7,12.677900,6.700000,6.400000,1.446700
41,-70.000000,2.404147,0.770987,1.270906,4,1.104530,3.700000,3.500000,1.000580
42,-94.648072,0.226947,0.463979,0.014081,46,39.831000,24.600000,1.500000,0.360136
43,-94.546511,2.498486,0.678532,1.055865,41,23.918200,16.000000,0.500000,0.339846
44,-93.457413,0.700528,0.373704,0.042989,27,87.242200,36.900000,4.500000,0.522270
45,-94.468740,0.705733,0.660013,3.808877,47,23.537400,15.400000,0.500000,1.103030
46,-91.694542,0.457570,0.000000,1.528754,11,169.433000,48.600000,9.800000,1.931030
47,-70.789574,2.404147,0.000000,0.577311,5,7.308580,5.800000,5.500000,0.747446
48,-92.641055,2.404147,1.000000,0.000000,23,137.431000,46.900000,7.600000,1.307490
49,-94.472809,0.612416,0.441314,0.000000,39,28.386300,18.300000,0.800000,0.110301
50,-94.406845,0.226947,0.668286,0.014081,48,52.052300,29.600000,2.300000,0.493040
51,-70.000000,2.404147,0.980383,1.270906,1,3.022820,3.200000,3.200000,1.100290
52,-92.758070,0.700528,1.000000,0.029769,32,125.300000,45.200000,6.900000,1.768210
53,-70.000000,2.404147,0.770987,1.270906,0,1.749120,3.100000,3.100000,1.294510
54,-92.586239,0.700528,1.000000,0.029769,29,136.799000,46.800000,7.600000,1.356580
55,-94.697260,0.226947,0.720312,0.000000,49,41.447700,25.000000,1.600000,0.456506
56,-70.993078,2.404147,0.770987,1.270906,3,3.101210,3.500000,3.300000,0.980681
57,-94.854420,0.226947,0.000000,0.011211,10,16.674100,11.400000,0.100000,0.001326
58,-91.691502,0.700528,0.378608,0.029769,42,157.844000,47.800000,9.000000,0.661594
59,-94.404639,0.226947,0.599305,0.213100,37,53.707000,30.200000,2.400000,0.687142
60,-72.643344,2.982524,0.000000,3.830455,0,8.051410,4.500000,4.100000,1.925310
61,-94.777777,0.226947,1.000000,2.914221,44,20.353400,14.500000,0.300000,0.823907
62,-70.000000,2.404147,0.000000,0.577311,2,2.920120,4.800000,4.800000,0.431439
63,-72.462438,2.404147,0.889819,0.577311,6,9.924070,5.200000,4.700000,1.140450
64,-94.480965,0.226947,1.000000,0.000000,45,49.328100,28.900000,2.100000,0.869553
65,-70.514911,2.404147,0.588471,1.270906,0,0.200797,3.600000,3.600000,1.422570
66,-93.025270,0.705733,0.000000,0.735536,30,135.519000,46.400000,7.500000,1.369330
67,-94.688194,0.226947,0.335731,0.354474,49,36.320800,22.700000,1.300000,0.414194
68,-72.601255,2.404147,0.770987,1.270906,6,6.497240,4.800000,4.400000,1.926370
69,-91.779544,0.700528,0.236826,0.000000,32,158.147000,48.200000,9.000000,0.361621
70,-93.307171,0.700528,0.070181,0.057693,26,107.049000,41.800000,5.700000,0.186620
71,-94.763502,0.226947,0.866799,0.000000,31,26.755100,17.600000,0.700000,0.254361
72,-94.575508,0.612416,0.562865,0.434475,50,30.049400,19.200000,0.900000,0.443940
73,-94.437049,0.226947,0.668286,0.014081,47,48.959100,28.100000,2.100000,0.553039
74,-72.541448,2.404147,0.770987,0.577311,5,6.914010,6.400000,5.900000,1.392960
75,-70.000000,2.404147,0.883742,0.000000,0,0.074287,3.700000,3.700000,0.570513
76,-93.988270,0.226947,0.599305,0.000000,45,91.614200,38.800000,4.800000,0.865527
77,-92.682100,0.700528,1.000000,0.029769,31,122.423000,44.800000,6.700000,1.656910
78,-94.277577,0.226947,0.599305,0.000000,45,59.947100,31.300000,2.800000,0.506050
79,-72.355049,2.982524,0.000000,3.830455,0,6.309200,4.400000,4.000000,1.996750
80,-73.831330,2.982524,0.000000,5.000000,2,11.797200,4.700000,4.300000,1.640510
81,-94.385582,0.612416,0.665821,0.713675,24,28.329900,17.800000,0.800000,0.485533
82,-94.429116,0.226947,0.668286,0.014081,47,52.085100,30.000000,2.300000,0.564105
83,-72.797668,2.404147,0.770987,0.577311,5,3.996910,4.400000,4.100000,0.935686
84,-94.033555,0.612416,0.526378,0.208942,46,62.166000,33.300000,2.900000,0.700395
85,-94.439959,0.226947,1.000000,0.000000,16,47.411500,27.200000,2.000000,0.852821
86,-70.000000,2.982524,0.199328,2.121684,0,8.316320,5.000000,5.000000,1.421510
87,-91.883044,0.226947,0.848855,0.027618,40,161.200000,48.300000,9.300000,1.551780
88,-73.207237,2.404147,0.588471,1.270906,6,10.794100,6.000000,5.500000,1.878130
89,-94.017111,0.226947,0.599305,0.000000,41,92.926200,39.700000,4.900000,0.868762
90,-93.542197,0.226947,0.765858,0.000000,45,107.036000,44.100000,5.800000,1.106480
91,-94.347955,0.226947,0.599305,0.000000,44,47.323900,26.700000,2.000000,0.402695
92,-94.437722,0.226947,0.668286,0.000000,47,47.356700,27.100000,2.000000,0.531617
93,-94.678350,0.226947,0.668286,0.000000,44,31.601300,20.000000,1.000000,0.396785
94,-94.068259,0.457570,0.863351,0.401843,31,68.510000,34.400000,3.300000,1.611970
95,-90.970309,0.226947,0.848855,0.027618,35,169.697000,48.700000,9.900000,1.381830
97,-70.275186,2.404147,0.000000,1.141630,1,5.288340,6.100000,6.100000,0.876029
98,-71.755855,2.404147,0.770987,1.270906,4,3.373620,4.600000,4.400000,1.562490
99,-71.586399,2.404147,0.000000,1.435126,8,8.660500,5.200000,5.000000,1.253890
