[INFO][7] Cantidad de iteraciones: 3000
[INFO][1] Cantidad de iteraciones: 3000
[INFO][2] Cantidad de iteraciones: 3000
[INFO][8] Cantidad de iteraciones: 3000
[INFO][6] Cantidad de iteraciones: 3000
[INFO][4] Cantidad de iteraciones: 3000
[INFO][5] Cantidad de iteraciones: 3000
[INFO][3] Cantidad de iteraciones: 3000

id,borders_threshold,margin_forwarding,min_delay,max_delay,neighbors_threshold,energy,coverage,nforwardings,time
0,-72.447345,0.565805,0.004659,2.073233,7,0.051564,4.600000,4.100000,1.473850
1,-71.841516,0.565805,0.000000,0.999436,7,9.674440,5.300000,4.700000,0.789455
2,-73.363364,0.565805,0.000000,1.584006,5,2.796130,4.100000,3.700000,1.245610
3,-92.942785,0.565805,0.000000,0.834219,19,138.157000,46.600000,7.700000,1.241730
4,-94.024755,0.980901,0.101211,1.010048,24,52.848000,28.100000,2.300000,1.175190
5,-71.987358,0.565805,0.461917,1.346526,6,5.716710,4.500000,3.800000,1.145300
6,-71.278070,1.215799,0.814670,3.306039,8,3.351810,5.700000,5.000000,4.347440
7,-72.863969,0.565805,0.000000,1.166628,5,2.347090,5.900000,5.500000,1.120050
8,-72.729928,0.565805,0.000000,1.689828,4,0.543688,3.800000,3.600000,1.162360
9,-72.298743,0.565805,0.026893,1.584006,5,2.623340,5.200000,4.700000,1.333480
10,-75.015940,0.565805,0.992026,1.346526,0,4.360350,4.000000,3.600000,1.743020
11,-92.577379,0.980901,0.000000,1.010048,31,133.862000,45.600000,7.400000,1.619470
12,-71.901304,0.565805,0.733215,1.346526,6,6.512590,4.900000,4.000000,1.205340
13,-93.366556,0.980901,0.000000,0.882465,19,108.742000,42.100000,5.800000,1.347770
14,-70.000000,0.565805,1.000000,1.434334,5,1.989520,3.100000,3.000000,1.076380
15,-94.204774,0.565805,0.000000,1.434334,19,65.300200,32.700000,3.100000,1.405750
16,-72.189367,0.565805,0.000000,1.584006,6,4.394450,4.300000,3.600000,1.106970
17,-71.193001,0.565805,0.000000,1.584006,6,3.077950,4.300000,3.700000,1.277990
18,-94.418268,0.737384,0.852161,3.573102,4,30.061800,17.200000,0.900000,1.910110
19,-94.543148,0.565805,0.000000,3.846850,29,23.543900,16.000000,0.500000,1.024780
20,-94.508149,0.565805,1.000000,2.963136,27,21.889000,14.800000,0.400000,0.854750
21,-71.418165,0.565805,0.733215,1.434334,6,4.823400,4.500000,3.900000,1.372970
22,-72.539525,0.565805,0.000000,1.689828,1,0.767993,4.000000,3.900000,1.254540
23,-95.000000,0.565805,0.000000,1.434334,17,15.392200,11.000000,0.000000,0.000737
24,-75.477450,0.565805,0.000000,1.798050,2,1.438260,3.800000,3.400000,1.425850
25,-94.048447,0.706123,0.922929,0.000000,34,50.679400,26.900000,2.200000,0.714926
26,-73.854632,0.565805,0.000000,1.166628,6,3.083710,6.800000,6.700000,1.595480
27,-72.233734,0.565805,0.000000,1.434334,10,8.730090,7.900000,7.500000,1.285530
28,-94.119162,0.980901,0.000000,1.065877,33,36.726300,22.400000,1.300000,0.414394
29,-75.520856,0.565805,0.000000,2.015919,0,8.522870,5.900000,5.400000,1.885280
30,-73.838607,0.565805,0.733215,1.346526,8,12.483000,6.100000,5.700000,1.749100
31,-70.000000,0.565805,0.000000,1.403176,6,2.875970,4.300000,3.800000,0.906903
32,-75.338735,0.565805,0.000000,1.946380,1,0.348463,5.600000,5.200000,1.766310
33,-94.904850,0.565805,0.000000,0.087025,30,16.883300,11.400000,0.100000,0.004812
34,-90.920767,0.980901,0.004874,1.010048,28,175.339000,49.000000,10.000000,1.441330
35,-92.570739,0.980901,0.157981,1.010048,30,133.295000,45.400000,7.400000,1.860750
36,-94.102734,0.980901,0.000000,1.065877,33,38.336400,23.700000,1.400000,0.472462
37,-73.821433,0.565805,0.000000,1.363841,4,1.160360,5.000000,4.800000,1.709000
38,-73.497281,0.565805,0.000000,1.695854,5,9.177710,6.400000,5.900000,1.663820
39,-93.294795,0.980901,0.251012,0.882465,29,82.995800,35.400000,4.200000,1.477590
40,-73.272040,0.565805,0.000000,1.384390,7,9.890180,6.900000,6.300000,1.990530
41,-94.053304,0.980901,0.004874,1.010048,21,43.167000,25.000000,1.700000,0.474437
42,-74.386188,0.565805,0.099731,1.736993,6,1.341840,4.800000,4.400000,1.694210
43,-71.930440,0.565805,0.000000,2.073233,8,5.433460,6.200000,6.000000,1.828860
44,-94.177717,0.980901,0.101211,1.010048,29,31.705700,18.300000,1.000000,0.403207
45,-74.395129,0.565805,0.000000,1.798050,4,1.344880,4.000000,3.800000,1.380100
46,-94.198663,0.980901,0.101211,1.010048,29,30.103600,17.800000,0.900000,0.354186
47,-73.652354,0.565805,0.000000,1.584006,5,5.107100,5.400000,4.800000,1.596520
48,-94.096625,0.980901,0.004874,1.010048,20,39.962900,24.900000,1.500000,0.402145
49,-94.534450,0.565805,0.000000,0.716790,9,25.102500,16.200000,0.600000,0.198245
50,-92.831959,0.980901,0.000000,1.010048,27,137.059000,46.000000,7.600000,1.832560
51,-72.894172,0.565805,0.000000,1.689828,6,1.705050,5.100000,4.700000,1.617450
52,-73.690248,0.565805,0.733215,3.057166,6,0.566716,4.700000,4.200000,1.852780
53,-94.384846,0.706123,0.826955,3.947705,43,26.774700,16.600000,0.700000,1.073430
54,-75.733781,0.565805,0.000000,1.363841,4,10.596300,4.000000,3.400000,1.261940
55,-93.672061,0.980901,0.101211,1.010048,32,89.187300,39.100000,4.600000,1.620680
56,-71.817513,0.565805,1.000000,1.166628,5,0.071777,3.900000,3.800000,1.301620
57,-91.806647,0.980901,0.101211,1.010048,28,158.803000,48.400000,9.000000,1.322430
59,-74.191653,0.565805,0.000000,1.166628,5,0.145645,6.300000,6.300000,1.468280
60,-71.692972,0.565805,0.733215,1.346526,6,6.005940,4.900000,4.100000,1.345830
61,-92.115074,2.523625,0.000000,0.650363,31,148.992000,46.900000,8.300000,1.043670
62,-94.552759,0.706123,0.826955,3.947705,34,23.537700,15.400000,0.500000,0.959943
63,-74.765369,0.565805,0.000000,1.346526,1,1.404000,6.600000,6.600000,1.942950
64,-73.464950,0.565805,0.440519,1.798050,5,2.011700,5.300000,4.900000,1.960780
65,-73.593535,0.565805,0.733215,1.434334,6,2.328100,5.400000,5.100000,1.814430
66,-92.962542,0.980901,0.000000,0.608490,32,122.913000,44.600000,6.700000,0.919068
67,-73.513189,0.565805,0.733215,1.434334,0,0.361069,3.800000,3.700000,1.339100
68,-94.314888,0.565805,0.000000,0.087025,28,58.726400,30.600000,2.700000,0.084796
69,-74.832144,0.565805,0.000000,1.798050,0,1.993860,3.900000,3.400000,0.833065
70,-93.759242,2.350050,0.382714,0.616405,0,83.307100,36.100000,4.200000,1.434740
71,-93.020704,2.350050,0.000000,0.536379,15,115.348000,42.900000,6.200000,0.871173
72,-92.035498,0.565805,0.000000,1.434334,29,166.025000,48.800000,9.500000,1.876310
73,-71.506891,0.565805,1.000000,1.166628,6,0.206128,3.300000,3.200000,1.629290
74,-94.136720,0.565805,0.000000,1.434334,21,66.873700,33.600000,3.200000,1.405750
75,-94.129399,0.980901,0.004363,1.065877,31,35.217300,19.300000,1.200000,0.436377
76,-72.939911,0.565805,0.000000,1.895904,6,4.707400,4.900000,4.300000,1.204960
77,-93.632617,2.523625,0.000000,0.650363,26,99.327700,39.700000,5.200000,0.917561
78,-75.380855,0.565805,0.000000,1.363841,1,5.114750,3.300000,3.000000,1.040050
79,-94.794579,0.565805,0.000000,1.434334,19,18.596300,13.400000,0.200000,0.134814
80,-94.444537,0.565805,0.000000,1.197687,21,23.529700,15.200000,0.500000,0.413247
81,-75.279223,0.565805,0.733215,1.346526,6,14.515700,5.400000,4.400000,1.774280
82,-93.052842,2.350050,0.000000,0.536379,17,120.155000,43.700000,6.500000,1.005300
83,-74.959622,0.565805,0.000000,2.073233,0,3.123990,3.600000,3.200000,0.988432
84,-75.259952,0.565805,0.733215,1.346526,5,7.094820,4.200000,3.500000,1.461820
85,-75.620743,0.565805,0.556165,1.363841,0,12.028400,4.600000,3.900000,1.957520
86,-75.048236,0.565805,0.733215,1.434334,3,0.534813,4.200000,4.000000,1.763990
87,-75.857221,0.565805,0.000000,1.141324,1,6.067850,6.600000,6.100000,1.295230
88,-91.608744,0.980901,0.316783,1.140079,30,150.713000,47.300000,8.500000,1.896230
89,-94.033339,0.980901,0.000000,1.065877,30,47.932600,26.500000,2.000000,0.640383
90,-94.663119,0.565805,0.000000,1.434334,17,20.198300,13.800000,0.300000,0.167841
91,-73.599414,0.565805,0.461917,1.346526,5,6.620420,5.100000,4.600000,1.329140
92,-72.274824,0.565805,0.000000,0.000000,4,0.163789,3.500000,3.300000,0.001726
93,-93.044913,0.565805,0.000000,0.834219,19,124.990000,44.800000,6.900000,1.211780
94,-93.548072,0.565805,0.110741,0.834219,18,100.043000,40.400000,5.300000,1.439880
95,-75.373293,0.565805,0.034236,1.434334,1,1.075160,5.200000,5.100000,1.882520
96,-75.224325,0.565805,0.733215,0.377670,6,7.519620,6.800000,6.500000,1.612990
97,-74.612330,0.565805,0.000000,1.363841,7,11.450300,7.500000,7.100000,1.802250
98,-94.239925,0.565805,0.000000,1.545256,9,74.885700,34.800000,3.700000,1.872940
99,-74.456067,0.565805,0.112535,1.384390,6,1.462050,4.400000,4.000000,1.264870
