[INFO][7] Cantidad de iteraciones: 3000
[INFO][3] Cantidad de iteraciones: 3000
[INFO][4] Cantidad de iteraciones: 3000
[INFO][6] Cantidad de iteraciones: 3000
[INFO][8] Cantidad de iteraciones: 3000
[INFO][2] Cantidad de iteraciones: 3000
[INFO][5] Cantidad de iteraciones: 3000
[INFO][1] Cantidad de iteraciones: 3000

id,borders_threshold,margin_forwarding,min_delay,max_delay,neighbors_threshold,energy,coverage,nforwardings,time
0,-72.206053,0.214418,1.000000,4.792748,1,3.296890,2.200000,1.900000,1.575110
1,-94.479925,0.553813,0.375582,0.898960,1,19.354000,7.700000,0.300000,0.161756
2,-94.499039,0.490424,0.329377,4.244539,9,29.383600,9.800000,1.000000,1.798180
3,-92.613739,2.543794,0.188901,0.977623,36,75.183500,16.300000,3.700000,1.378180
4,-79.049552,0.214418,0.000000,2.345433,1,14.549600,3.600000,2.900000,1.891320
5,-91.349214,0.553813,0.000000,0.882129,12,111.952000,19.900000,6.200000,1.277410
6,-70.000000,0.214418,0.351055,5.000000,0,3.124860,1.700000,1.500000,1.872950
7,-95.000000,0.140073,0.747259,3.968595,39,14.889700,4.800000,0.000000,0.000736
8,-94.539008,0.553813,0.000000,0.898960,0,17.910300,7.600000,0.200000,0.048164
9,-92.878416,0.636308,0.260445,0.816787,15,76.261300,16.400000,3.900000,1.276180
10,-87.892896,1.548013,0.248480,0.000000,24,144.803000,20.700000,8.800000,0.454177
11,-87.867072,2.208088,0.000000,0.807510,15,166.025000,22.800000,10.000000,1.960200
12,-72.351764,2.005303,0.000000,3.789018,0,12.062000,3.400000,3.000000,1.951450
13,-76.978120,0.214418,0.311457,5.000000,0,7.690490,2.500000,2.100000,1.847980
14,-91.763544,1.144031,1.000000,0.124822,46,97.560100,18.700000,5.300000,1.671030
15,-90.731687,0.553813,0.375582,0.898960,10,126.005000,20.500000,7.200000,1.722650
16,-91.284644,0.553813,0.000000,0.882129,13,111.337000,19.700000,6.200000,1.207210
17,-92.600381,1.144031,0.046563,0.688283,36,63.632300,14.300000,3.000000,0.673003
18,-70.000000,0.214418,0.433360,4.279338,0,1.318270,1.200000,1.200000,0.160639
19,-94.575675,0.553813,0.080722,1.409620,0,16.253200,6.800000,0.100000,0.064297
20,-94.527730,0.490424,0.737696,4.480551,5,26.630000,9.200000,0.700000,1.454080
21,-72.332916,0.214418,0.433360,5.000000,0,4.792300,2.000000,1.500000,1.892920
22,-75.848506,0.214418,0.051857,5.000000,0,8.094710,2.600000,2.000000,1.972330
23,-70.861430,0.214418,0.433360,4.792748,0,0.981092,1.800000,1.700000,1.594220
24,-94.228740,1.295064,0.537220,3.872023,42,22.305100,8.100000,0.700000,1.135240
25,-85.967220,1.548013,0.248480,0.594703,31,206.155000,23.400000,12.700000,1.436690
26,-87.733852,1.548013,0.015173,0.594703,22,179.173000,22.900000,11.000000,1.199170
27,-78.357307,1.548013,0.248480,0.594703,35,279.737000,24.000000,18.400000,1.353670
28,-92.912301,1.144031,0.523579,0.690482,50,77.903800,17.700000,3.900000,1.419560
29,-91.138278,1.144031,0.000000,0.690482,47,103.582000,19.600000,5.600000,0.972731
30,-94.508680,0.490424,0.737696,4.468188,5,24.580100,9.100000,0.600000,0.927050
31,-90.968680,1.144031,0.000000,0.690482,47,103.199000,19.500000,5.600000,0.963180
32,-92.955892,1.144031,0.523579,0.690482,50,64.765400,14.900000,3.100000,1.162500
33,-94.141438,0.916392,0.419410,0.856710,35,26.761500,9.300000,0.700000,0.375507
34,-94.866826,0.140073,1.000000,3.968595,33,22.430700,7.900000,0.500000,1.485290
35,-76.055579,0.214418,0.051857,5.000000,2,8.755490,2.500000,1.900000,1.847050
36,-86.057364,1.548013,0.000000,0.594703,30,195.087000,23.300000,12.400000,0.915462
37,-74.958368,0.214418,0.433360,4.792748,2,5.839960,2.400000,1.800000,1.955660
38,-90.828916,2.543794,0.212650,1.137962,12,89.359500,18.100000,4.600000,1.373870
39,-89.033667,0.916392,0.419410,0.856710,29,153.976000,21.300000,8.900000,1.879230
40,-75.235734,0.214418,1.000000,2.247352,2,11.101700,3.000000,2.500000,1.718030
41,-71.408161,2.005303,0.000000,4.261111,0,8.231280,3.500000,3.200000,1.025060
42,-92.667981,0.553813,0.375582,0.926697,7,76.689700,16.700000,3.900000,1.616140
43,-71.660371,0.214418,1.000000,2.818042,0,0.002010,1.300000,1.300000,0.352622
44,-94.551142,0.490424,0.737696,4.480551,4,22.947900,8.000000,0.500000,1.065090
45,-94.147177,0.916392,0.419410,1.970753,26,30.249200,9.800000,0.900000,0.936926
46,-94.843184,0.140073,1.000000,3.968595,33,27.126900,9.500000,0.800000,1.916880
47,-74.549783,0.214418,0.433360,4.792748,2,4.593390,2.200000,1.800000,1.247140
48,-75.626608,0.214418,1.000000,1.753441,0,11.912800,3.100000,2.800000,1.655410
49,-93.683541,0.636308,0.335073,0.816787,17,44.594600,12.200000,1.900000,0.863855
50,-94.397584,0.553813,0.429884,0.882129,0,34.543500,10.700000,1.300000,0.675397
51,-76.388744,0.214418,0.000000,1.753441,0,13.969200,2.700000,2.300000,0.687959
52,-94.454343,0.553813,0.000000,1.409620,0,24.548900,8.600000,0.600000,0.283116
53,-93.632998,0.636308,0.260445,0.816787,19,42.992600,11.900000,1.800000,0.802193
54,-72.325121,2.005303,0.000000,4.372529,0,6.393350,2.800000,2.600000,1.787110
55,-87.114749,1.548013,0.015173,0.594703,18,184.610000,23.000000,11.300000,1.011290
56,-94.345255,0.553813,0.000000,0.000000,0,45.576800,13.000000,1.900000,0.002046
57,-78.810145,0.214418,0.000000,2.345433,1,14.165700,3.500000,2.800000,1.888760
58,-74.418697,0.214418,0.433360,0.293285,0,0.578540,1.700000,1.700000,0.206125
59,-70.454365,2.005303,0.000000,4.391909,2,11.403300,3.700000,3.100000,1.542010
60,-89.452137,1.548013,0.248480,0.594703,39,145.095000,21.100000,8.300000,1.280720
61,-92.220061,0.916392,0.419410,0.000000,31,91.341000,18.300000,4.800000,0.641487
62,-92.361568,0.553813,0.375582,0.898960,6,86.068900,17.800000,4.600000,1.973420
63,-94.323451,0.490424,0.523412,2.902946,0,37.664800,11.200000,1.400000,1.951390
64,-94.058237,1.548013,0.260118,1.314977,13,31.726100,10.000000,1.000000,0.500013
65,-70.000000,0.214418,0.098770,3.637058,2,2.567110,2.400000,2.300000,1.614860
66,-74.597901,0.214418,1.000000,4.947782,0,1.146250,2.000000,1.800000,1.065840
67,-74.952090,0.214418,0.311457,4.822141,1,5.387800,2.300000,1.800000,1.547160
68,-70.838544,2.005303,0.000000,4.372529,1,12.547800,4.000000,3.500000,1.416650
69,-93.670587,2.208088,0.056174,0.000000,13,40.010000,11.700000,1.500000,0.029938
70,-73.982950,0.214418,0.311457,5.000000,0,7.713570,2.200000,1.600000,1.820240
71,-87.867927,2.208088,0.502954,0.243196,16,155.500000,21.800000,9.300000,1.484050
72,-79.605342,0.214418,1.000000,1.753441,0,14.525400,3.200000,2.600000,1.668580
73,-71.112360,2.005303,0.000000,4.327166,0,13.537300,3.800000,3.400000,1.478950
74,-79.356480,0.214418,0.000000,1.753441,0,12.463100,2.900000,2.400000,1.160400
75,-93.647324,0.553813,0.000000,0.927095,0,63.667800,14.400000,3.100000,0.787525
76,-85.925237,1.548013,0.015173,0.594703,23,185.792000,23.100000,11.700000,1.131220
77,-94.620768,0.490424,0.329377,3.958296,5,23.350700,8.300000,0.500000,0.985779
78,-79.562269,0.214418,0.000000,2.345433,2,14.804100,3.300000,2.700000,1.393830
79,-87.866447,1.548013,0.399432,0.594703,26,157.135000,21.900000,9.500000,1.716560
80,-79.003853,0.214418,0.000000,2.345433,2,12.827000,3.100000,2.600000,1.344400
81,-71.098745,0.214418,0.803855,2.818042,0,0.222800,1.600000,1.600000,0.534779
82,-73.007750,0.214418,0.088641,5.000000,0,1.871930,1.800000,1.600000,1.622350
83,-70.000000,0.214418,0.051857,3.637058,0,1.146090,2.100000,2.000000,1.064570
84,-94.120742,0.553813,1.000000,0.882129,0,39.909700,11.700000,1.600000,1.403190
85,-93.456227,2.543794,0.420087,1.137962,10,52.860000,14.200000,2.300000,1.333020
86,-75.369547,0.214418,0.311457,1.893565,0,9.742530,2.900000,2.600000,1.048750
87,-74.687069,0.214418,0.000000,5.000000,2,4.956620,2.200000,1.700000,1.582740
88,-87.229272,0.553813,0.000000,0.880527,27,165.759000,22.400000,10.400000,1.460670
89,-92.940182,2.543794,0.063812,0.000000,19,67.286500,15.900000,3.200000,0.062330
90,-93.921990,0.553813,0.000000,3.586670,0,39.311800,11.400000,1.500000,1.826510
91,-93.968876,0.553813,0.000000,3.586670,0,36.108900,10.900000,1.300000,1.651430
92,-86.274779,1.548013,0.248480,0.594703,20,199.825000,23.800000,13.000000,1.504510
93,-72.096612,0.214418,1.000000,4.947782,1,2.899660,1.900000,1.700000,1.049030
94,-94.536091,0.490424,0.000000,2.895096,6,24.331300,8.500000,0.600000,0.785727
95,-90.761757,0.553813,0.352585,0.898960,8,121.124000,20.200000,6.900000,1.798100
96,-94.495711,0.490424,0.557432,3.958296,0,32.588600,10.600000,1.200000,1.981560
