[INFO][8] Cantidad de iteraciones: 3000
[INFO][7] Cantidad de iteraciones: 3000
[INFO][2] Cantidad de iteraciones: 3000
[INFO][4] Cantidad de iteraciones: 3000
[INFO][3] Cantidad de iteraciones: 3000
[INFO][6] Cantidad de iteraciones: 3000
[INFO][1] Cantidad de iteraciones: 3000
[INFO][5] Cantidad de iteraciones: 3000

id,borders_threshold,margin_forwarding,min_delay,max_delay,neighbors_threshold,energy,coverage,nforwardings,time
0,-72.553052,2.240155,0.883954,4.485599,9,11.713000,9.000000,7.300000,5.944340
1,-94.562907,0.163933,0.196479,0.682630,19,55.714200,45.900000,2.500000,0.782867
2,-74.716356,0.402012,0.000000,0.217402,11,7.648820,9.800000,9.300000,0.394472
3,-94.706116,0.163933,0.192352,0.000000,12,38.058500,34.900000,1.400000,0.114217
4,-94.752377,0.163933,0.458527,0.410311,7,33.059600,31.000000,1.100000,0.471213
5,-94.765896,0.163933,0.168698,0.028070,16,50.839300,42.200000,2.200000,0.174245
6,-93.610827,1.282823,0.000000,0.785470,22,91.029200,57.600000,4.700000,1.016640
7,-93.404410,0.163933,0.153503,0.000000,40,132.509000,69.200000,7.400000,0.214391
8,-73.600681,2.199980,0.307522,2.394929,5,2.094410,5.600000,5.200000,2.066800
9,-76.591813,0.402012,0.000000,0.787735,2,11.596400,11.500000,10.500000,1.968640
10,-94.090260,0.163933,0.090749,0.729032,4,92.286400,59.100000,4.900000,1.470750
11,-76.339061,0.402012,0.000000,0.787735,6,2.642520,8.800000,8.200000,1.158140
12,-94.778132,0.163933,0.912038,0.225517,25,39.541400,35.600000,1.500000,0.747869
13,-75.419742,1.156897,0.735975,3.035995,0,3.727270,7.800000,6.400000,4.755440
14,-94.659291,0.022799,1.000000,0.735688,45,53.761900,45.000000,2.400000,1.872970
15,-95.000000,0.022799,0.941575,4.965065,40,15.700500,17.700000,0.000000,0.000787
16,-94.690715,1.282823,0.000000,0.112565,4,27.145200,28.000000,0.700000,0.037748
17,-94.106141,0.022799,0.895903,0.000000,32,75.280900,51.600000,3.800000,0.960662
18,-76.018598,0.402012,0.000000,0.787735,7,0.240021,6.600000,6.500000,1.455760
19,-92.588317,0.022799,0.944216,0.185702,34,170.914000,73.900000,9.900000,1.834660
20,-94.423115,0.402012,0.000000,0.918712,0,82.854800,57.500000,4.200000,1.236830
21,-94.202382,0.163933,0.196479,0.078674,24,76.079300,53.000000,3.800000,0.380210
22,-95.000000,0.163933,0.196479,1.962222,22,15.754200,17.800000,0.000000,0.000787
23,-94.691690,0.589864,0.209344,1.567612,20,23.803900,27.400000,0.500000,0.480516
24,-94.684163,0.163933,0.787781,0.166075,3,41.268000,37.000000,1.600000,0.653733
25,-93.897523,0.402012,0.000000,0.787735,11,113.174000,65.300000,6.100000,1.083750
26,-94.594163,0.022799,0.944216,0.322002,17,64.998700,47.300000,3.100000,1.541820
27,-94.938260,0.022799,0.909203,0.713795,40,28.076900,29.000000,0.800000,0.557530
28,-75.473830,0.402012,0.000000,0.787735,9,10.385400,14.800000,14.000000,1.887630
29,-94.017060,0.402012,0.061852,1.131308,9,98.945800,63.500000,5.200000,1.929230
30,-94.275440,0.654430,0.793236,0.000000,20,91.142500,58.200000,4.700000,1.117560
31,-93.207454,0.022799,0.944216,0.000000,37,160.018000,73.300000,9.200000,1.518570
32,-94.135238,0.163933,0.280420,0.102137,25,115.863000,65.900000,6.300000,0.662774
33,-94.545019,0.589864,0.209344,1.778266,25,31.814200,30.500000,1.000000,0.892473
34,-94.523358,1.282823,0.007436,0.086859,0,44.767900,38.500000,1.800000,0.082706
35,-94.770103,0.163933,0.168698,0.028070,14,42.833300,37.700000,1.700000,0.145877
36,-94.517765,0.163933,0.388769,0.000000,44,64.642400,47.200000,3.100000,0.378676
37,-94.733610,0.163933,0.532555,0.267331,8,57.287000,47.000000,2.600000,0.818369
38,-94.263090,0.654430,0.887049,0.000000,18,76.024100,52.300000,3.800000,0.937522
39,-93.324738,0.163933,0.653578,0.166075,12,142.795000,71.900000,8.000000,1.485610
40,-94.794696,0.163933,0.226387,0.000000,19,33.118100,33.100000,1.100000,0.091526
41,-94.078271,0.163933,0.458500,0.000000,16,100.010000,63.700000,5.300000,0.800234
42,-93.809099,0.022799,0.944216,0.005381,34,148.286000,73.000000,8.400000,1.900990
43,-73.727480,0.402012,0.000000,0.787735,11,2.539070,8.100000,7.600000,1.186650
44,-94.790446,0.163933,1.000000,0.000000,11,36.145400,33.700000,1.300000,0.379482
45,-94.982648,0.022799,0.941575,4.965065,38,17.262700,18.600000,0.100000,0.297952
46,-94.267806,0.654430,0.708399,0.028494,18,81.471200,56.000000,4.100000,0.939489
47,-94.241429,0.163933,0.739723,0.000000,0,75.781300,54.000000,3.900000,1.020210
48,-93.483263,0.022799,0.081852,0.000000,35,134.040000,69.600000,7.500000,0.127347
49,-92.026115,2.533324,0.695844,0.000000,3,178.127000,74.000000,10.200000,0.837812
50,-94.869427,0.163933,0.175562,3.518600,0,21.922800,25.400000,0.400000,0.861131
51,-94.897538,0.163933,0.175562,3.518600,1,20.293500,22.700000,0.300000,0.636014
52,-94.993237,0.163933,0.087673,3.530678,0,17.303100,19.300000,0.100000,0.327980
53,-93.580159,1.282823,0.000000,0.846235,21,118.463000,68.800000,6.400000,1.430900
54,-94.606138,0.163933,0.096151,0.410311,17,46.182100,39.400000,1.900000,0.375221
55,-94.643058,0.163933,0.532555,0.267331,8,65.268500,48.500000,3.100000,0.840760
56,-94.972198,0.022799,0.941575,0.735688,48,18.833800,21.500000,0.200000,0.166010
57,-94.439603,0.402012,0.000000,0.918712,0,71.744700,50.900000,3.500000,1.148080
58,-75.537205,0.402012,0.000000,0.787735,8,8.630770,9.800000,8.900000,1.849150
59,-93.514160,0.022799,0.944216,0.160890,28,130.000000,69.100000,7.300000,1.917830
60,-94.977850,0.022799,0.944216,4.965065,32,20.475100,22.900000,0.300000,0.921510
61,-94.540289,0.163933,0.739723,0.000000,0,69.276700,50.000000,3.400000,0.907876
62,-92.733169,0.589864,1.000000,0.257432,34,157.660000,73.200000,8.900000,1.987360
63,-93.300431,0.163933,0.653578,0.166075,12,136.508000,71.300000,7.600000,1.186830
64,-94.067177,0.022799,0.992362,0.160890,21,92.664700,61.200000,4.900000,1.668400
65,-94.832431,0.022799,0.907706,0.793485,39,29.644500,29.600000,0.900000,0.749618
66,-76.715335,0.402012,0.000000,0.787735,1,6.845020,12.200000,11.000000,1.520080
67,-92.018343,0.163933,0.193933,0.000000,19,165.047000,73.500000,9.500000,0.224626
68,-94.687763,0.163933,0.192352,0.000000,15,49.277600,42.000000,2.100000,0.155715
69,-94.575112,0.022799,0.944216,0.160890,20,71.263000,50.400000,3.500000,1.392160
70,-93.971453,0.163933,0.000000,0.398073,13,107.586000,64.000000,5.800000,0.571031
71,-94.449023,0.163933,0.307672,0.038196,9,71.410100,50.500000,3.500000,0.437889
72,-94.892479,0.163933,0.175562,3.317569,0,21.872500,23.600000,0.400000,0.813635
73,-94.224863,0.163933,0.173391,0.000000,27,77.583400,55.800000,3.900000,0.228473
74,-94.674289,0.022799,1.000000,0.735688,46,46.724700,39.500000,2.000000,1.501500
75,-76.214364,0.402012,0.000000,0.787735,6,5.327720,9.900000,9.500000,1.305380
76,-74.432863,0.402012,0.000000,0.217402,11,3.652730,10.700000,9.800000,0.401042
77,-94.681239,0.163933,0.000000,0.379621,7,52.425300,42.500000,2.300000,0.411898
78,-94.784502,0.022799,0.950397,0.713795,30,37.885100,33.800000,1.400000,1.054630
79,-94.560177,0.022799,0.944216,0.018130,13,66.509000,49.400000,3.200000,0.993416
80,-94.682345,0.163933,0.196479,0.088594,26,46.009500,39.100000,1.900000,0.217442
82,-76.244188,0.402012,0.000000,0.787735,7,7.176130,9.500000,8.500000,1.424760
83,-75.719021,0.402012,0.000000,0.787735,9,1.630790,12.000000,11.200000,1.520240
84,-93.761256,0.022799,0.944216,0.005381,33,146.595000,72.400000,8.300000,1.954940
85,-71.832142,0.402012,0.000000,0.787735,13,14.552100,16.500000,15.600000,1.257130
86,-94.552842,0.402012,0.106045,1.131308,7,47.610800,40.800000,2.000000,1.154290
