[INFO][7] Cantidad de iteraciones: 3000
[INFO][1] Cantidad de iteraciones: 3000
[INFO][8] Cantidad de iteraciones: 3000
[INFO][2] Cantidad de iteraciones: 3000
[INFO][6] Cantidad de iteraciones: 3000
[INFO][4] Cantidad de iteraciones: 3000
[INFO][5] Cantidad de iteraciones: 3000
[INFO][3] Cantidad de iteraciones: 3000

id,borders_threshold,margin_forwarding,min_delay,max_delay,neighbors_threshold,energy,coverage,nforwardings,time
0,-94.524869,0.277635,0.000000,1.074251,7,66.852300,49.300000,3.200000,1.416210
1,-94.033146,0.277635,0.000000,1.167605,8,90.419200,57.000000,4.700000,1.355440
2,-95.000000,0.140211,0.634124,3.850125,33,15.749500,17.800000,0.000000,0.000787
3,-73.863885,2.998902,0.942668,2.435935,4,15.173100,11.900000,10.000000,7.018680
4,-94.691603,0.536942,0.285243,4.779028,0,23.789300,26.400000,0.500000,1.422050
5,-73.477888,2.426103,0.220091,3.212513,0,6.806000,10.200000,9.300000,3.511610
6,-94.285828,0.277635,0.000000,0.952324,20,70.040000,50.500000,3.400000,1.033030
7,-75.806022,0.642659,0.348475,1.046980,5,4.082180,8.700000,8.200000,2.629370
8,-93.950354,0.277635,0.000000,0.925228,7,95.189900,59.100000,5.000000,1.259010
9,-94.991532,0.517441,0.548119,4.894349,8,17.338200,19.300000,0.100000,0.457567
10,-92.612956,2.745462,0.000000,1.068427,2,158.554000,73.000000,8.900000,1.962010
11,-76.882657,0.277635,0.037926,0.825155,6,2.238040,11.600000,10.500000,1.662090
12,-94.526691,0.277635,1.000000,1.330429,26,47.812500,39.800000,2.000000,1.882800
13,-75.372737,0.277635,0.104182,0.825155,5,0.137830,8.200000,7.900000,1.794120
14,-73.477568,1.690374,0.611794,2.542110,10,9.945880,10.400000,8.800000,5.392490
15,-94.539530,0.277635,0.000000,1.167605,7,73.032700,51.500000,3.600000,1.597860
16,-76.282166,0.642659,1.000000,0.000000,5,13.247500,13.900000,13.100000,1.946360
17,-93.919975,0.277635,0.000000,0.925228,8,101.722000,61.500000,5.400000,1.360190
18,-94.687284,0.571796,0.184263,2.118536,0,23.800300,27.400000,0.500000,0.545694
19,-93.691144,0.277635,0.000000,1.330429,23,92.122300,57.700000,4.800000,1.418440
20,-93.512085,2.377582,0.000000,0.808226,42,88.113300,56.400000,4.500000,0.891633
21,-92.622885,2.745462,0.020436,1.274146,0,150.594000,72.300000,8.400000,1.958310
22,-94.780833,0.536942,0.285243,3.317878,2,20.605300,22.800000,0.300000,0.672597
23,-94.596315,0.277635,0.067099,0.485422,3,52.203100,42.500000,2.300000,0.562589
24,-93.854211,0.277635,0.000000,0.925228,7,93.561800,57.800000,4.900000,1.339310
25,-93.710604,2.745462,0.020436,1.068427,0,113.746000,65.600000,6.100000,1.578020
26,-94.523368,2.745462,0.101229,0.406934,0,44.857700,38.700000,1.800000,0.398334
27,-74.870481,0.277635,0.037926,1.131409,9,0.784584,7.500000,6.800000,1.245780
28,-94.963954,0.140211,0.634124,3.850125,33,17.329500,18.900000,0.100000,0.361636
29,-71.999862,2.998902,0.942668,0.000000,7,3.244560,13.100000,12.000000,1.601680
30,-93.491863,1.340810,0.174640,0.723920,29,139.295000,70.300000,7.700000,1.792790
31,-93.892455,0.277635,0.000000,0.885214,15,101.873000,62.600000,5.400000,1.211830
32,-94.118564,0.277635,0.000000,1.167605,9,95.448900,59.200000,5.000000,1.902920
33,-94.908751,0.140211,0.634124,3.751060,31,21.905800,25.400000,0.400000,0.991137
34,-94.653951,0.536942,0.285243,4.779028,7,26.993400,27.600000,0.700000,1.954320
35,-94.650126,0.277635,0.000000,0.974582,0,41.361900,34.400000,1.600000,0.641033
36,-94.542056,0.571796,0.184263,2.891474,12,28.456400,28.100000,0.800000,1.232670
37,-75.971108,0.277635,0.037926,0.000000,2,1.325120,9.400000,8.700000,0.063659
38,-94.845678,0.536942,0.285243,3.548328,3,19.003200,21.100000,0.200000,0.598254
39,-93.636075,1.340810,0.174640,0.723920,32,99.243700,60.900000,5.200000,1.078520
40,-94.521542,0.277635,0.000000,1.167605,9,61.870700,48.800000,2.900000,1.329710
42,-93.651327,1.340810,0.174640,0.725840,29,94.437500,58.900000,4.900000,1.056120
43,-76.492373,0.277635,0.037926,0.825155,6,0.484583,7.900000,7.600000,1.242950
44,-93.659498,2.745462,0.020436,1.068427,0,121.757000,66.200000,6.600000,1.829500
45,-94.616970,2.745462,0.042993,0.978614,0,38.449400,33.000000,1.400000,0.830867
46,-74.395467,0.277635,0.037926,1.131409,11,12.628600,12.100000,11.100000,1.705940
47,-73.804114,0.277635,0.037926,1.131409,9,0.859037,7.700000,6.900000,1.688230
48,-94.576914,0.277635,0.000000,1.487130,16,54.215600,44.900000,2.400000,1.434560
49,-76.832378,0.642659,0.000000,0.000000,1,9.441390,11.100000,10.300000,0.003999
50,-94.494312,2.745462,0.101229,0.406934,0,43.255600,37.600000,1.700000,0.353876
51,-94.692496,2.377582,0.011064,0.950004,40,28.837100,28.200000,0.800000,0.337478
52,-94.695383,0.277635,0.000000,1.201155,0,34.968300,32.800000,1.200000,0.628789
53,-92.727566,2.745462,0.020436,1.068427,0,158.604000,73.300000,8.900000,1.964550
54,-94.559007,0.277635,0.000000,1.487130,16,55.809100,47.000000,2.500000,1.478790
55,-94.533397,1.340810,0.174640,0.725840,24,38.365400,32.900000,1.400000,0.574465
56,-92.609463,2.745462,0.101229,0.302380,8,148.992000,71.000000,8.300000,0.667851
57,-75.495210,0.642659,0.014325,0.000000,0,1.020490,10.000000,9.400000,0.024943
58,-91.782370,0.277635,0.000000,1.330429,25,173.194000,73.800000,10.000000,1.646900
59,-94.505193,0.277635,0.000000,0.925228,0,50.422800,42.400000,2.200000,1.201340
60,-92.666866,2.745462,0.101229,0.302380,6,165.012000,73.600000,9.300000,0.745374
61,-75.770139,0.277635,0.037926,0.825155,6,2.212830,5.500000,4.800000,0.676417
62,-76.314187,0.642659,0.000000,0.000000,0,11.699700,8.800000,8.200000,0.003460
63,-94.935163,0.140211,0.634124,3.751060,31,20.281200,22.700000,0.300000,0.734199
64,-94.530491,0.277635,0.000000,1.170291,2,44.449800,37.800000,1.800000,1.027530
65,-93.065024,0.277635,0.000000,1.330429,24,150.338000,71.200000,8.500000,1.965620
66,-74.299288,0.277635,0.037926,1.131409,9,1.248910,10.700000,9.600000,1.960160
67,-92.121332,2.745462,0.020436,1.068427,0,177.683000,73.900000,10.100000,1.214920
68,-94.286615,0.277635,0.037926,1.131409,32,74.977800,52.100000,3.700000,1.467250
69,-94.652869,0.277635,0.000000,1.170291,1,34.742900,31.600000,1.200000,0.842054
70,-76.986605,0.277635,0.000000,1.131409,5,7.680690,8.100000,7.600000,1.390000
71,-94.951162,0.140211,0.000000,3.850125,47,18.915700,20.700000,0.200000,0.638402
72,-94.170009,0.277635,0.000000,1.292801,0,85.713900,56.200000,4.500000,1.960020
73,-94.691520,0.277635,0.037926,1.131409,27,30.077600,28.400000,0.900000,0.511387
74,-94.320084,0.277635,0.000000,1.354318,23,85.801600,55.800000,4.400000,1.874920
75,-75.637203,0.277635,0.000000,1.131409,9,3.367560,8.300000,7.800000,1.710350
76,-94.336798,0.277635,0.000000,1.354318,24,85.784900,55.500000,4.400000,1.723750
77,-93.458898,0.277635,0.000000,1.167605,9,124.640000,67.600000,6.900000,1.563620
78,-94.663643,0.277635,0.000000,1.366782,3,42.990800,34.900000,1.700000,1.198460
79,-94.493681,0.277635,0.000000,0.925228,0,48.799000,41.700000,2.100000,1.146530
80,-76.008129,0.642659,0.000000,1.046980,3,8.265480,8.300000,7.400000,1.768270
81,-94.110811,0.277635,0.000000,0.925228,6,97.103700,59.400000,5.100000,1.037250
82,-92.058628,0.277635,0.000000,0.776129,14,178.069000,74.000000,10.300000,1.003860
83,-92.600498,1.340810,0.174640,0.747033,22,147.152000,70.800000,8.200000,1.709320
84,-94.502848,0.277635,0.000000,1.167605,6,79.468100,53.100000,4.000000,1.753000
85,-74.666534,0.642659,0.000000,0.000000,9,0.358189,6.400000,5.600000,0.002239
86,-73.703728,0.277635,0.037926,1.131409,10,2.302930,9.800000,9.000000,1.852450
87,-77.379042,0.277635,0.037926,0.000000,7,13.355600,12.700000,11.900000,0.086046
88,-93.577690,1.340810,0.174640,0.723920,28,129.590000,69.500000,7.100000,1.734310
89,-94.546695,0.536942,0.602250,4.779028,0,30.197500,30.400000,0.900000,1.913500
90,-94.644387,0.277635,0.047584,1.148139,0,60.581700,47.400000,2.800000,1.446390
91,-94.133806,0.277635,0.000000,1.167605,5,88.825000,56.800000,4.600000,1.457820
92,-76.416412,0.642659,0.000000,0.000000,2,12.793000,13.500000,13.000000,0.004824
93,-74.904682,0.277635,0.037926,1.131409,10,1.312030,6.700000,6.300000,1.367750
94,-75.215870,0.277635,0.037926,1.131409,7,0.090566,7.300000,6.600000,1.278940
95,-75.562365,0.277635,0.037926,1.131409,3,0.077682,6.100000,5.500000,1.540060
96,-93.912059,0.277635,0.000000,0.952324,22,103.299000,64.400000,5.500000,1.457290
97,-94.657017,0.277635,0.070927,0.781766,0,39.765800,33.900000,1.500000,0.528538
98,-73.824615,0.277635,0.037926,1.131409,10,1.084800,10.400000,9.600000,1.949890
99,-75.258168,0.277635,0.108911,1.195001,6,5.413600,5.700000,4.900000,1.139430
