[INFO][3] Cantidad de iteraciones: 3000
[INFO][5] Cantidad de iteraciones: 3000
[INFO][4] Cantidad de iteraciones: 3000
[INFO][2] Cantidad de iteraciones: 3000
[INFO][1] Cantidad de iteraciones: 3000
[INFO][8] Cantidad de iteraciones: 3000
[INFO][7] Cantidad de iteraciones: 3000
[INFO][6] Cantidad de iteraciones: 3000

id,borders_threshold,margin_forwarding,min_delay,max_delay,neighbors_threshold,energy,coverage,nforwardings,time
0,-94.440343,0.628174,0.293354,0.945085,0,19.413500,7.700000,0.300000,0.148889
1,-92.392189,0.285268,0.657414,0.496343,37,88.630500,18.700000,4.700000,1.554260
2,-94.332946,2.461462,0.421689,2.993762,31,22.403100,8.100000,0.700000,1.095630
3,-94.615886,0.285268,0.000000,0.340159,40,36.151700,11.400000,1.300000,0.190010
4,-70.648664,2.396518,0.264941,0.284476,0,8.639970,3.300000,3.100000,0.329707
5,-93.468399,1.183915,0.574404,4.912725,37,61.562400,14.800000,2.900000,5.325250
6,-94.541995,0.285268,0.065220,0.000000,46,45.276400,13.200000,1.900000,0.061173
7,-94.564426,0.628174,0.242305,0.945085,0,16.305200,6.800000,0.100000,0.054346
8,-72.882832,2.396518,1.000000,0.000000,0,12.338700,4.700000,4.500000,0.929438
9,-94.135758,2.416608,0.347376,2.023368,0,28.689700,9.900000,0.800000,0.757648
10,-92.664181,0.285268,0.207126,0.562675,6,82.169800,17.600000,4.300000,1.185640
11,-94.724145,0.285268,1.000000,0.000000,46,22.673800,8.700000,0.500000,0.282865
12,-90.437608,1.675504,0.354534,0.482960,32,117.161000,20.500000,6.400000,1.449330
13,-72.442555,2.396518,0.264941,1.093802,0,9.550470,3.600000,3.400000,0.963420
14,-86.692160,1.184226,0.217848,3.100164,45,187.909000,23.500000,12.000000,5.389150
15,-72.542388,1.729005,0.285013,4.390746,0,9.733450,1.900000,1.800000,1.915410
16,-70.583137,2.396518,0.000000,0.000000,0,6.131940,2.700000,2.500000,0.001275
17,-70.757879,2.396518,0.264941,1.093802,0,11.384000,3.700000,3.400000,1.089090
19,-71.301117,2.396518,0.000000,0.000000,0,10.057000,2.800000,2.500000,0.001275
20,-93.489467,1.675504,0.354534,0.990703,25,52.773200,13.400000,2.300000,1.205820
21,-71.160735,2.396518,0.264941,0.872007,0,5.452500,2.800000,2.600000,0.555282
22,-88.749779,0.628174,0.293354,0.945085,14,154.585000,21.600000,8.900000,1.927630
23,-70.000000,2.396518,0.264941,3.073922,0,3.707780,3.200000,3.000000,0.714440
24,-86.644824,0.772348,0.140465,0.060905,34,192.978000,23.700000,12.200000,0.410373
25,-73.215712,1.729005,0.000000,3.852249,1,4.107290,2.100000,1.900000,1.278150
26,-95.000000,0.285268,0.657414,0.496343,38,15.008800,4.800000,0.000000,0.000736
27,-72.943351,2.396518,0.300984,1.364736,2,9.131880,2.300000,2.200000,0.687645
28,-92.275803,0.285268,0.657414,0.000000,36,91.805200,19.400000,4.900000,1.023040
29,-94.506643,0.285268,0.000000,0.123685,31,40.960200,11.900000,1.600000,0.101077
30,-94.498619,0.628174,0.293354,0.945085,0,17.962400,7.600000,0.200000,0.093832
31,-71.316265,2.396518,0.264941,0.872007,0,7.937440,2.900000,2.600000,0.555282
32,-93.571769,0.628174,0.334024,0.958450,2,44.350400,12.200000,1.900000,1.124420
33,-70.623449,2.396518,0.000000,1.093802,0,7.604740,3.000000,2.800000,0.449349
34,-92.115135,1.183915,0.591462,0.000000,46,88.513800,17.900000,4.600000,0.708736
35,-87.603645,2.396518,0.000000,0.230553,11,172.719000,22.300000,10.500000,0.422973
36,-71.344283,2.396518,0.264941,1.093802,1,13.913400,3.800000,3.400000,1.089090
37,-87.931917,0.772348,0.000000,0.060905,9,169.337000,22.200000,10.700000,0.120210
38,-94.689806,0.285268,0.000000,0.692408,21,30.696700,10.100000,1.000000,0.365923
39,-93.632745,1.675504,0.354534,0.000000,31,39.956700,11.700000,1.500000,0.271073
40,-71.636170,1.729005,0.000000,1.709559,0,2.746750,1.800000,1.800000,0.437757
41,-72.620503,2.396518,0.300984,1.364736,0,12.277200,4.500000,4.300000,1.314100
42,-94.280203,0.285268,0.704660,0.635501,8,35.899400,11.100000,1.300000,0.806906
43,-70.000000,2.396518,1.000000,0.000000,0,5.011760,2.500000,2.300000,0.506693
44,-70.000000,2.396518,0.000000,0.134664,0,2.303440,2.200000,2.000000,0.040931
45,-73.361097,1.729005,0.000000,4.390746,2,11.449400,2.200000,1.900000,1.154020
46,-70.000000,2.396518,0.079658,3.221572,0,15.029900,5.000000,4.700000,1.953940
47,-93.087217,0.628174,0.000000,0.958450,4,63.701400,14.900000,3.100000,1.026470
48,-92.748251,0.285268,0.207126,0.562675,6,82.179500,17.800000,4.300000,1.175110
49,-94.154728,0.628174,1.000000,1.098825,21,44.428000,12.200000,1.800000,1.578100
50,-94.723763,0.285268,0.065220,0.692408,49,25.876400,9.200000,0.700000,0.249896
51,-93.242743,0.285268,0.207126,0.562675,3,64.904000,15.600000,3.200000,0.717710
52,-73.252224,2.396518,1.000000,0.000000,0,15.732300,5.100000,4.800000,0.904880
54,-73.476262,2.396518,0.300984,1.364736,1,15.578300,5.000000,4.600000,1.342010
55,-72.295914,2.396518,0.264941,0.872007,0,11.198800,4.200000,3.900000,0.956528
56,-87.707220,0.285268,0.000000,0.692408,15,168.797000,22.600000,10.800000,1.423320
57,-90.191480,1.675504,0.354534,0.482960,32,137.195000,21.100000,7.700000,1.813890
58,-72.480426,2.396518,0.665863,0.006322,0,4.027640,2.700000,2.700000,0.328289
59,-93.483872,0.628174,0.242305,1.425095,6,61.304800,14.400000,2.900000,1.271740
60,-71.660698,2.396518,0.264941,1.093802,0,14.664200,4.500000,4.200000,0.703745
61,-90.750564,0.772348,0.140465,0.618256,33,112.094000,19.800000,6.300000,1.412820
62,-93.342134,0.285268,0.155831,0.562675,28,67.231200,16.300000,3.300000,0.720213
63,-87.208527,2.396518,0.471750,0.000000,24,188.727000,23.600000,11.500000,0.930268
64,-93.463675,2.396518,0.178731,1.093802,15,52.845300,14.200000,2.300000,1.247660
65,-85.190710,2.396518,0.495417,0.000000,22,221.944000,23.900000,13.800000,0.858719
66,-71.579975,2.396518,0.699333,0.000000,0,9.778520,3.100000,2.800000,0.331359
68,-94.660516,0.285268,0.000000,0.030157,27,32.560200,10.300000,1.100000,0.012380
69,-92.371696,0.285268,0.657414,0.000000,34,90.253800,18.900000,4.800000,1.036640
70,-88.042315,0.772348,0.140465,0.000000,36,177.859000,23.100000,11.100000,0.214862
71,-87.035163,2.396518,0.471750,0.000000,23,175.689000,22.700000,10.600000,0.871335
72,-71.876056,2.396518,0.000000,3.073922,2,14.049600,3.800000,3.300000,0.988448
73,-94.066401,1.183915,0.591462,0.000000,46,26.847100,9.300000,0.700000,0.204976
74,-92.825791,0.628174,0.242305,0.712312,3,71.208700,16.400000,3.600000,1.498030
75,-89.315954,0.285268,0.000000,0.296305,24,150.761000,21.400000,8.900000,0.424223
76,-73.168555,1.729005,0.000000,0.763289,1,4.368800,2.300000,2.300000,0.282710
77,-94.415174,0.285268,0.000000,0.000000,36,45.209100,12.700000,1.900000,0.001969
78,-71.742742,2.396518,1.000000,0.000000,0,12.020400,3.600000,3.300000,0.833850
79,-70.300486,2.396518,0.000000,0.000000,0,7.325300,3.400000,3.200000,0.001352
80,-77.713247,2.396518,0.264941,0.352128,27,292.829000,24.000000,18.900000,1.080440
81,-93.230924,0.285268,0.000000,0.609094,41,80.823700,17.500000,4.200000,0.803726
82,-94.716774,0.285268,1.000000,0.000000,46,24.258300,8.900000,0.600000,0.409751
83,-93.495084,1.729005,0.285013,0.724885,0,52.774800,13.700000,2.300000,0.971993
84,-92.379339,0.285268,0.217327,0.000000,32,76.097900,17.200000,3.900000,0.246188
85,-70.947203,2.396518,0.264941,3.061709,2,10.940100,3.500000,3.300000,1.196430
86,-88.064051,0.772348,0.140465,0.060905,33,155.596000,21.900000,9.500000,0.350793
87,-87.754952,0.772348,0.140465,0.060905,31,184.190000,23.300000,11.500000,0.344175
88,-94.520836,1.183915,0.574404,5.000000,44,27.223900,9.800000,0.700000,1.768930
89,-86.901641,2.396518,0.471750,0.000000,19,182.033000,23.100000,11.000000,0.894578
90,-92.820053,0.628174,0.242305,0.712312,2,71.614900,16.500000,3.700000,1.246020
91,-94.367607,0.285268,1.000000,0.636257,40,39.654000,11.800000,1.600000,1.254750
92,-70.751580,1.729005,0.000000,4.390746,2,7.235170,3.100000,2.900000,1.092340
93,-94.688633,0.285268,0.248643,0.113203,8,33.799900,10.900000,1.200000,0.195148
