++ cd /home/clusterusers/siturriaga/itu-maestria/trunk/aedb-mls
++ ITERATIONS=250
++ THREADS=12
++ INSTANCE=75
++ SIMULS=10
++ export LD_LIBRARY_PATH=:/home/clusterusers/siturriaga/ns3Files
++ LD_LIBRARY_PATH=:/home/clusterusers/siturriaga/ns3Files
++ /home/users/siturriaga/bin/mpich2-1.4.1p1/bin/mpiexec -launcher ssh -launcher-exec oarsh -f /var/lib/oar/2643586 -np 9 -ppn 1 bin/mls.rand_elite 20478 250 12 10 75
[DEBUG] argc = 6
===========================================================
Configuración
===========================================================
   Random seed        = 20478
   MPI size           = 9
   MLS.count_threads  = 12
   MLS.max_iterations = 250
   MLS.number_devices = 75
   MLS.simul_runs     = 10
   MLS.init           = MLS__RANDOM
===========================================================
[DEBUG] argc = 6
[DEBUG] argc = 6
[DEBUG] argc = 6
[DEBUG] argc = 6
[DEBUG] argc = 6
[DEBUG] argc = 6
[DEBUG] argc = 6
[DEBUG] argc = 6
[DEBUG][4] Thread 0 starting solution:
-> borders_threshold   : -70.7112
   margin_forwarding   : 1.0893
   min_delay           : 0.5153
   max_delay           : 2.3902
   neighbors_threshold : 17
   energy              : 182.4800
   coverage            : 37.4000
   nforwardings        : 32.8000
   time                : 3.7782
[DEBUG][2] Thread 0 starting solution:
-> borders_threshold   : -90.2697
   margin_forwarding   : 0.1207
   min_delay           : 0.4716
   max_delay           : 1.3651
   neighbors_threshold : 9
   energy              : 221.3530
   coverage            : 72.1000
   nforwardings        : 14.9000
   time                : 3.2670
[DEBUG][1] Thread 0 starting solution:
-> borders_threshold   : -70.1834
   margin_forwarding   : 0.4020
   min_delay           : 0.5727
   max_delay           : 0.7877
   neighbors_threshold : 13
   energy              : 19.5029
   coverage            : 15.2000
   nforwardings        : 14.2000
   time                : 1.8370
[DEBUG][5] Thread 0 starting solution:
-> borders_threshold   : -88.8945
   margin_forwarding   : 0.9899
   min_delay           : 0.3465
   max_delay           : 4.5823
   neighbors_threshold : 20
   energy              : 247.2320
   coverage            : 73.9000
   nforwardings        : 14.6000
   time                : 4.8141
[DEBUG][3] Thread 0 starting solution:
-> borders_threshold   : -79.8450
   margin_forwarding   : 2.6649
   min_delay           : 0.5409
   max_delay           : 1.5048
   neighbors_threshold : 11
   energy              : 306.3900
   coverage            : 62.0000
   nforwardings        : 45.3000
   time                : 8.1169
[INFO][AGA] Kaput!
[INFO] AGA information ============================================ 
[INFO] Population count: 86
[INFO] Population:
(0) borders_threshold   = -72.55
     margin_forwarding   = 2.24
     min_delay           = 0.88
     max_delay           = 4.49
     neighbors_threshold = 9
     energy              = 11.71
     coverage            = 9.00 (0.11)
     nforwardings        = 7.30
     time                = 5.94
0,-72.553052,2.240155,0.883954,4.485599,9,11.713000,9.000000,7.300000,5.944340
(1) borders_threshold   = -94.56
     margin_forwarding   = 0.16
     min_delay           = 0.20
     max_delay           = 0.68
     neighbors_threshold = 19
     energy              = 55.71
     coverage            = 45.90 (0.02)
     nforwardings        = 2.50
     time                = 0.78
1,-94.562907,0.163933,0.196479,0.682630,19,55.714200,45.900000,2.500000,0.782867
(2) borders_threshold   = -74.72
     margin_forwarding   = 0.40
     min_delay           = 0.00
     max_delay           = 0.22
     neighbors_threshold = 11
     energy              = 7.65
     coverage            = 9.80 (0.10)
     nforwardings        = 9.30
     time                = 0.39
2,-74.716356,0.402012,0.000000,0.217402,11,7.648820,9.800000,9.300000,0.394472
(3) borders_threshold   = -94.71
     margin_forwarding   = 0.16
     min_delay           = 0.19
     max_delay           = 0.00
     neighbors_threshold = 12
     energy              = 38.06
     coverage            = 34.90 (0.03)
     nforwardings        = 1.40
     time                = 0.11
3,-94.706116,0.163933,0.192352,0.000000,12,38.058500,34.900000,1.400000,0.114217
(4) borders_threshold   = -94.75
     margin_forwarding   = 0.16
     min_delay           = 0.46
     max_delay           = 0.41
     neighbors_threshold = 7
     energy              = 33.06
     coverage            = 31.00 (0.03)
     nforwardings        = 1.10
     time                = 0.47
4,-94.752377,0.163933,0.458527,0.410311,7,33.059600,31.000000,1.100000,0.471213
(5) borders_threshold   = -94.77
     margin_forwarding   = 0.16
     min_delay           = 0.17
     max_delay           = 0.03
     neighbors_threshold = 16
     energy              = 50.84
     coverage            = 42.20 (0.02)
     nforwardings        = 2.20
     time                = 0.17
5,-94.765896,0.163933,0.168698,0.028070,16,50.839300,42.200000,2.200000,0.174245
(6) borders_threshold   = -93.61
     margin_forwarding   = 1.28
     min_delay           = 0.00
     max_delay           = 0.79
     neighbors_threshold = 22
     energy              = 91.03
     coverage            = 57.60 (0.02)
     nforwardings        = 4.70
     time                = 1.02
6,-93.610827,1.282823,0.000000,0.785470,22,91.029200,57.600000,4.700000,1.016640
(7) borders_threshold   = -93.40
     margin_forwarding   = 0.16
     min_delay           = 0.15
     max_delay           = 0.00
     neighbors_threshold = 40
     energy              = 132.51
     coverage            = 69.20 (0.01)
     nforwardings        = 7.40
     time                = 0.21
7,-93.404410,0.163933,0.153503,0.000000,40,132.509000,69.200000,7.400000,0.214391
(8) borders_threshold   = -73.60
     margin_forwarding   = 2.20
     min_delay           = 0.31
     max_delay           = 2.39
     neighbors_threshold = 5
     energy              = 2.09
     coverage            = 5.60 (0.18)
     nforwardings        = 5.20
     time                = 2.07
8,-73.600681,2.199980,0.307522,2.394929,5,2.094410,5.600000,5.200000,2.066800
(9) borders_threshold   = -76.59
     margin_forwarding   = 0.40
     min_delay           = 0.00
     max_delay           = 0.79
     neighbors_threshold = 2
     energy              = 11.60
     coverage            = 11.50 (0.09)
     nforwardings        = 10.50
     time                = 1.97
9,-76.591813,0.402012,0.000000,0.787735,2,11.596400,11.500000,10.500000,1.968640
(10) borders_threshold   = -94.09
     margin_forwarding   = 0.16
     min_delay           = 0.09
     max_delay           = 0.73
     neighbors_threshold = 4
     energy              = 92.29
     coverage            = 59.10 (0.02)
     nforwardings        = 4.90
     time                = 1.47
10,-94.090260,0.163933,0.090749,0.729032,4,92.286400,59.100000,4.900000,1.470750
(11) borders_threshold   = -76.34
     margin_forwarding   = 0.40
     min_delay           = 0.00
     max_delay           = 0.79
     neighbors_threshold = 6
     energy              = 2.64
     coverage            = 8.80 (0.11)
     nforwardings        = 8.20
     time                = 1.16
11,-76.339061,0.402012,0.000000,0.787735,6,2.642520,8.800000,8.200000,1.158140
(12) borders_threshold   = -94.78
     margin_forwarding   = 0.16
     min_delay           = 0.91
     max_delay           = 0.23
     neighbors_threshold = 25
     energy              = 39.54
     coverage            = 35.60 (0.03)
     nforwardings        = 1.50
     time                = 0.75
12,-94.778132,0.163933,0.912038,0.225517,25,39.541400,35.600000,1.500000,0.747869
(13) borders_threshold   = -75.42
     margin_forwarding   = 1.16
     min_delay           = 0.74
     max_delay           = 3.04
     neighbors_threshold = 0
     energy              = 3.73
     coverage            = 7.80 (0.13)
     nforwardings        = 6.40
     time                = 4.76
13,-75.419742,1.156897,0.735975,3.035995,0,3.727270,7.800000,6.400000,4.755440
(14) borders_threshold   = -94.66
     margin_forwarding   = 0.02
     min_delay           = 1.00
     max_delay           = 0.74
     neighbors_threshold = 45
     energy              = 53.76
     coverage            = 45.00 (0.02)
     nforwardings        = 2.40
     time                = 1.87
14,-94.659291,0.022799,1.000000,0.735688,45,53.761900,45.000000,2.400000,1.872970
(15) borders_threshold   = -95.00
     margin_forwarding   = 0.02
     min_delay           = 0.94
     max_delay           = 4.97
     neighbors_threshold = 40
     energy              = 15.70
     coverage            = 17.70 (0.06)
     nforwardings        = 0.00
     time                = 0.00
15,-95.000000,0.022799,0.941575,4.965065,40,15.700500,17.700000,0.000000,0.000787
(16) borders_threshold   = -94.69
     margin_forwarding   = 1.28
     min_delay           = 0.00
     max_delay           = 0.11
     neighbors_threshold = 4
     energy              = 27.15
     coverage            = 28.00 (0.04)
     nforwardings        = 0.70
     time                = 0.04
16,-94.690715,1.282823,0.000000,0.112565,4,27.145200,28.000000,0.700000,0.037748
(17) borders_threshold   = -94.11
     margin_forwarding   = 0.02
     min_delay           = 0.90
     max_delay           = 0.00
     neighbors_threshold = 32
     energy              = 75.28
     coverage            = 51.60 (0.02)
     nforwardings        = 3.80
     time                = 0.96
17,-94.106141,0.022799,0.895903,0.000000,32,75.280900,51.600000,3.800000,0.960662
(18) borders_threshold   = -76.02
     margin_forwarding   = 0.40
     min_delay           = 0.00
     max_delay           = 0.79
     neighbors_threshold = 7
     energy              = 0.24
     coverage            = 6.60 (0.15)
     nforwardings        = 6.50
     time                = 1.46
18,-76.018598,0.402012,0.000000,0.787735,7,0.240021,6.600000,6.500000,1.455760
(19) borders_threshold   = -92.59
     margin_forwarding   = 0.02
     min_delay           = 0.94
     max_delay           = 0.19
     neighbors_threshold = 34
     energy              = 170.91
     coverage            = 73.90 (0.01)
     nforwardings        = 9.90
     time                = 1.83
19,-92.588317,0.022799,0.944216,0.185702,34,170.914000,73.900000,9.900000,1.834660
(20) borders_threshold   = -94.42
     margin_forwarding   = 0.40
     min_delay           = 0.00
     max_delay           = 0.92
     neighbors_threshold = 0
     energy              = 82.85
     coverage            = 57.50 (0.02)
     nforwardings        = 4.20
     time                = 1.24
20,-94.423115,0.402012,0.000000,0.918712,0,82.854800,57.500000,4.200000,1.236830
(21) borders_threshold   = -94.20
     margin_forwarding   = 0.16
     min_delay           = 0.20
     max_delay           = 0.08
     neighbors_threshold = 24
     energy              = 76.08
     coverage            = 53.00 (0.02)
     nforwardings        = 3.80
     time                = 0.38
21,-94.202382,0.163933,0.196479,0.078674,24,76.079300,53.000000,3.800000,0.380210
(22) borders_threshold   = -95.00
     margin_forwarding   = 0.16
     min_delay           = 0.20
     max_delay           = 1.96
     neighbors_threshold = 22
     energy              = 15.75
     coverage            = 17.80 (0.06)
     nforwardings        = 0.00
     time                = 0.00
22,-95.000000,0.163933,0.196479,1.962222,22,15.754200,17.800000,0.000000,0.000787
(23) borders_threshold   = -94.69
     margin_forwarding   = 0.59
     min_delay           = 0.21
     max_delay           = 1.57
     neighbors_threshold = 20
     energy              = 23.80
     coverage            = 27.40 (0.04)
     nforwardings        = 0.50
     time                = 0.48
23,-94.691690,0.589864,0.209344,1.567612,20,23.803900,27.400000,0.500000,0.480516
(24) borders_threshold   = -94.68
     margin_forwarding   = 0.16
     min_delay           = 0.79
     max_delay           = 0.17
     neighbors_threshold = 3
     energy              = 41.27
     coverage            = 37.00 (0.03)
     nforwardings        = 1.60
     time                = 0.65
24,-94.684163,0.163933,0.787781,0.166075,3,41.268000,37.000000,1.600000,0.653733
(25) borders_threshold   = -93.90
     margin_forwarding   = 0.40
     min_delay           = 0.00
     max_delay           = 0.79
     neighbors_threshold = 11
     energy              = 113.17
     coverage            = 65.30 (0.02)
     nforwardings        = 6.10
     time                = 1.08
25,-93.897523,0.402012,0.000000,0.787735,11,113.174000,65.300000,6.100000,1.083750
(26) borders_threshold   = -94.59
     margin_forwarding   = 0.02
     min_delay           = 0.94
     max_delay           = 0.32
     neighbors_threshold = 17
     energy              = 65.00
     coverage            = 47.30 (0.02)
     nforwardings        = 3.10
     time                = 1.54
26,-94.594163,0.022799,0.944216,0.322002,17,64.998700,47.300000,3.100000,1.541820
(27) borders_threshold   = -94.94
     margin_forwarding   = 0.02
     min_delay           = 0.91
     max_delay           = 0.71
     neighbors_threshold = 40
     energy              = 28.08
     coverage            = 29.00 (0.03)
     nforwardings        = 0.80
     time                = 0.56
27,-94.938260,0.022799,0.909203,0.713795,40,28.076900,29.000000,0.800000,0.557530
(28) borders_threshold   = -75.47
     margin_forwarding   = 0.40
     min_delay           = 0.00
     max_delay           = 0.79
     neighbors_threshold = 9
     energy              = 10.39
     coverage            = 14.80 (0.07)
     nforwardings        = 14.00
     time                = 1.89
28,-75.473830,0.402012,0.000000,0.787735,9,10.385400,14.800000,14.000000,1.887630
(29) borders_threshold   = -94.02
     margin_forwarding   = 0.40
     min_delay           = 0.06
     max_delay           = 1.13
     neighbors_threshold = 9
     energy              = 98.95
     coverage            = 63.50 (0.02)
     nforwardings        = 5.20
     time                = 1.93
29,-94.017060,0.402012,0.061852,1.131308,9,98.945800,63.500000,5.200000,1.929230
(30) borders_threshold   = -94.28
     margin_forwarding   = 0.65
     min_delay           = 0.79
     max_delay           = 0.00
     neighbors_threshold = 20
     energy              = 91.14
     coverage            = 58.20 (0.02)
     nforwardings        = 4.70
     time                = 1.12
30,-94.275440,0.654430,0.793236,0.000000,20,91.142500,58.200000,4.700000,1.117560
(31) borders_threshold   = -93.21
     margin_forwarding   = 0.02
     min_delay           = 0.94
     max_delay           = 0.00
     neighbors_threshold = 37
     energy              = 160.02
     coverage            = 73.30 (0.01)
     nforwardings        = 9.20
     time                = 1.52
31,-93.207454,0.022799,0.944216,0.000000,37,160.018000,73.300000,9.200000,1.518570
(32) borders_threshold   = -94.14
     margin_forwarding   = 0.16
     min_delay           = 0.28
     max_delay           = 0.10
     neighbors_threshold = 25
     energy              = 115.86
     coverage            = 65.90 (0.02)
     nforwardings        = 6.30
     time                = 0.66
32,-94.135238,0.163933,0.280420,0.102137,25,115.863000,65.900000,6.300000,0.662774
(33) borders_threshold   = -94.55
     margin_forwarding   = 0.59
     min_delay           = 0.21
     max_delay           = 1.78
     neighbors_threshold = 25
     energy              = 31.81
     coverage            = 30.50 (0.03)
     nforwardings        = 1.00
     time                = 0.89
33,-94.545019,0.589864,0.209344,1.778266,25,31.814200,30.500000,1.000000,0.892473
(34) borders_threshold   = -94.52
     margin_forwarding   = 1.28
     min_delay           = 0.01
     max_delay           = 0.09
     neighbors_threshold = 0
     energy              = 44.77
     coverage            = 38.50 (0.03)
     nforwardings        = 1.80
     time                = 0.08
34,-94.523358,1.282823,0.007436,0.086859,0,44.767900,38.500000,1.800000,0.082706
(35) borders_threshold   = -94.77
     margin_forwarding   = 0.16
     min_delay           = 0.17
     max_delay           = 0.03
     neighbors_threshold = 14
     energy              = 42.83
     coverage            = 37.70 (0.03)
     nforwardings        = 1.70
     time                = 0.15
35,-94.770103,0.163933,0.168698,0.028070,14,42.833300,37.700000,1.700000,0.145877
(36) borders_threshold   = -94.52
     margin_forwarding   = 0.16
     min_delay           = 0.39
     max_delay           = 0.00
     neighbors_threshold = 44
     energy              = 64.64
     coverage            = 47.20 (0.02)
     nforwardings        = 3.10
     time                = 0.38
36,-94.517765,0.163933,0.388769,0.000000,44,64.642400,47.200000,3.100000,0.378676
(37) borders_threshold   = -94.73
     margin_forwarding   = 0.16
     min_delay           = 0.53
     max_delay           = 0.27
     neighbors_threshold = 8
     energy              = 57.29
     coverage            = 47.00 (0.02)
     nforwardings        = 2.60
     time                = 0.82
37,-94.733610,0.163933,0.532555,0.267331,8,57.287000,47.000000,2.600000,0.818369
(38) borders_threshold   = -94.26
     margin_forwarding   = 0.65
     min_delay           = 0.89
     max_delay           = 0.00
     neighbors_threshold = 18
     energy              = 76.02
     coverage            = 52.30 (0.02)
     nforwardings        = 3.80
     time                = 0.94
38,-94.263090,0.654430,0.887049,0.000000,18,76.024100,52.300000,3.800000,0.937522
(39) borders_threshold   = -93.32
     margin_forwarding   = 0.16
     min_delay           = 0.65
     max_delay           = 0.17
     neighbors_threshold = 12
     energy              = 142.79
     coverage            = 71.90 (0.01)
     nforwardings        = 8.00
     time                = 1.49
39,-93.324738,0.163933,0.653578,0.166075,12,142.795000,71.900000,8.000000,1.485610
(40) borders_threshold   = -94.79
     margin_forwarding   = 0.16
     min_delay           = 0.23
     max_delay           = 0.00
     neighbors_threshold = 19
     energy              = 33.12
     coverage            = 33.10 (0.03)
     nforwardings        = 1.10
     time                = 0.09
40,-94.794696,0.163933,0.226387,0.000000,19,33.118100,33.100000,1.100000,0.091526
(41) borders_threshold   = -94.08
     margin_forwarding   = 0.16
     min_delay           = 0.46
     max_delay           = 0.00
     neighbors_threshold = 16
     energy              = 100.01
     coverage            = 63.70 (0.02)
     nforwardings        = 5.30
     time                = 0.80
41,-94.078271,0.163933,0.458500,0.000000,16,100.010000,63.700000,5.300000,0.800234
(42) borders_threshold   = -93.81
     margin_forwarding   = 0.02
     min_delay           = 0.94
     max_delay           = 0.01
     neighbors_threshold = 34
     energy              = 148.29
     coverage            = 73.00 (0.01)
     nforwardings        = 8.40
     time                = 1.90
42,-93.809099,0.022799,0.944216,0.005381,34,148.286000,73.000000,8.400000,1.900990
(43) borders_threshold   = -73.73
     margin_forwarding   = 0.40
     min_delay           = 0.00
     max_delay           = 0.79
     neighbors_threshold = 11
     energy              = 2.54
     coverage            = 8.10 (0.12)
     nforwardings        = 7.60
     time                = 1.19
43,-73.727480,0.402012,0.000000,0.787735,11,2.539070,8.100000,7.600000,1.186650
(44) borders_threshold   = -94.79
     margin_forwarding   = 0.16
     min_delay           = 1.00
     max_delay           = 0.00
     neighbors_threshold = 11
     energy              = 36.15
     coverage            = 33.70 (0.03)
     nforwardings        = 1.30
     time                = 0.38
44,-94.790446,0.163933,1.000000,0.000000,11,36.145400,33.700000,1.300000,0.379482
(45) borders_threshold   = -94.98
     margin_forwarding   = 0.02
     min_delay           = 0.94
     max_delay           = 4.97
     neighbors_threshold = 38
     energy              = 17.26
     coverage            = 18.60 (0.05)
     nforwardings        = 0.10
     time                = 0.30
45,-94.982648,0.022799,0.941575,4.965065,38,17.262700,18.600000,0.100000,0.297952
(46) borders_threshold   = -94.27
     margin_forwarding   = 0.65
     min_delay           = 0.71
     max_delay           = 0.03
     neighbors_threshold = 18
     energy              = 81.47
     coverage            = 56.00 (0.02)
     nforwardings        = 4.10
     time                = 0.94
46,-94.267806,0.654430,0.708399,0.028494,18,81.471200,56.000000,4.100000,0.939489
(47) borders_threshold   = -94.24
     margin_forwarding   = 0.16
     min_delay           = 0.74
     max_delay           = 0.00
     neighbors_threshold = 0
     energy              = 75.78
     coverage            = 54.00 (0.02)
     nforwardings        = 3.90
     time                = 1.02
47,-94.241429,0.163933,0.739723,0.000000,0,75.781300,54.000000,3.900000,1.020210
(48) borders_threshold   = -93.48
     margin_forwarding   = 0.02
     min_delay           = 0.08
     max_delay           = 0.00
     neighbors_threshold = 35
     energy              = 134.04
     coverage            = 69.60 (0.01)
     nforwardings        = 7.50
     time                = 0.13
48,-93.483263,0.022799,0.081852,0.000000,35,134.040000,69.600000,7.500000,0.127347
(49) borders_threshold   = -92.03
     margin_forwarding   = 2.53
     min_delay           = 0.70
     max_delay           = 0.00
     neighbors_threshold = 3
     energy              = 178.13
     coverage            = 74.00 (0.01)
     nforwardings        = 10.20
     time                = 0.84
49,-92.026115,2.533324,0.695844,0.000000,3,178.127000,74.000000,10.200000,0.837812
(50) borders_threshold   = -94.87
     margin_forwarding   = 0.16
     min_delay           = 0.18
     max_delay           = 3.52
     neighbors_threshold = 0
     energy              = 21.92
     coverage            = 25.40 (0.04)
     nforwardings        = 0.40
     time                = 0.86
50,-94.869427,0.163933,0.175562,3.518600,0,21.922800,25.400000,0.400000,0.861131
(51) borders_threshold   = -94.90
     margin_forwarding   = 0.16
     min_delay           = 0.18
     max_delay           = 3.52
     neighbors_threshold = 1
     energy              = 20.29
     coverage            = 22.70 (0.04)
     nforwardings        = 0.30
     time                = 0.64
51,-94.897538,0.163933,0.175562,3.518600,1,20.293500,22.700000,0.300000,0.636014
(52) borders_threshold   = -94.99
     margin_forwarding   = 0.16
     min_delay           = 0.09
     max_delay           = 3.53
     neighbors_threshold = 0
     energy              = 17.30
     coverage            = 19.30 (0.05)
     nforwardings        = 0.10
     time                = 0.33
52,-94.993237,0.163933,0.087673,3.530678,0,17.303100,19.300000,0.100000,0.327980
(53) borders_threshold   = -93.58
     margin_forwarding   = 1.28
     min_delay           = 0.00
     max_delay           = 0.85
     neighbors_threshold = 21
     energy              = 118.46
     coverage            = 68.80 (0.01)
     nforwardings        = 6.40
     time                = 1.43
53,-93.580159,1.282823,0.000000,0.846235,21,118.463000,68.800000,6.400000,1.430900
(54) borders_threshold   = -94.61
     margin_forwarding   = 0.16
     min_delay           = 0.10
     max_delay           = 0.41
     neighbors_threshold = 17
     energy              = 46.18
     coverage            = 39.40 (0.03)
     nforwardings        = 1.90
     time                = 0.38
54,-94.606138,0.163933,0.096151,0.410311,17,46.182100,39.400000,1.900000,0.375221
(55) borders_threshold   = -94.64
     margin_forwarding   = 0.16
     min_delay           = 0.53
     max_delay           = 0.27
     neighbors_threshold = 8
     energy              = 65.27
     coverage            = 48.50 (0.02)
     nforwardings        = 3.10
     time                = 0.84
55,-94.643058,0.163933,0.532555,0.267331,8,65.268500,48.500000,3.100000,0.840760
(56) borders_threshold   = -94.97
     margin_forwarding   = 0.02
     min_delay           = 0.94
     max_delay           = 0.74
     neighbors_threshold = 48
     energy              = 18.83
     coverage            = 21.50 (0.05)
     nforwardings        = 0.20
     time                = 0.17
56,-94.972198,0.022799,0.941575,0.735688,48,18.833800,21.500000,0.200000,0.166010
(57) borders_threshold   = -94.44
     margin_forwarding   = 0.40
     min_delay           = 0.00
     max_delay           = 0.92
     neighbors_threshold = 0
     energy              = 71.74
     coverage            = 50.90 (0.02)
     nforwardings        = 3.50
     time                = 1.15
57,-94.439603,0.402012,0.000000,0.918712,0,71.744700,50.900000,3.500000,1.148080
(58) borders_threshold   = -75.54
     margin_forwarding   = 0.40
     min_delay           = 0.00
     max_delay           = 0.79
     neighbors_threshold = 8
     energy              = 8.63
     coverage            = 9.80 (0.10)
     nforwardings        = 8.90
     time                = 1.85
58,-75.537205,0.402012,0.000000,0.787735,8,8.630770,9.800000,8.900000,1.849150
(59) borders_threshold   = -93.51
     margin_forwarding   = 0.02
     min_delay           = 0.94
     max_delay           = 0.16
     neighbors_threshold = 28
     energy              = 130.00
     coverage            = 69.10 (0.01)
     nforwardings        = 7.30
     time                = 1.92
59,-93.514160,0.022799,0.944216,0.160890,28,130.000000,69.100000,7.300000,1.917830
(60) borders_threshold   = -94.98
     margin_forwarding   = 0.02
     min_delay           = 0.94
     max_delay           = 4.97
     neighbors_threshold = 32
     energy              = 20.48
     coverage            = 22.90 (0.04)
     nforwardings        = 0.30
     time                = 0.92
60,-94.977850,0.022799,0.944216,4.965065,32,20.475100,22.900000,0.300000,0.921510
(61) borders_threshold   = -94.54
     margin_forwarding   = 0.16
     min_delay           = 0.74
     max_delay           = 0.00
     neighbors_threshold = 0
     energy              = 69.28
     coverage            = 50.00 (0.02)
     nforwardings        = 3.40
     time                = 0.91
61,-94.540289,0.163933,0.739723,0.000000,0,69.276700,50.000000,3.400000,0.907876
(62) borders_threshold   = -92.73
     margin_forwarding   = 0.59
     min_delay           = 1.00
     max_delay           = 0.26
     neighbors_threshold = 34
     energy              = 157.66
     coverage            = 73.20 (0.01)
     nforwardings        = 8.90
     time                = 1.99
62,-92.733169,0.589864,1.000000,0.257432,34,157.660000,73.200000,8.900000,1.987360
(63) borders_threshold   = -93.30
     margin_forwarding   = 0.16
     min_delay           = 0.65
     max_delay           = 0.17
     neighbors_threshold = 12
     energy              = 136.51
     coverage            = 71.30 (0.01)
     nforwardings        = 7.60
     time                = 1.19
63,-93.300431,0.163933,0.653578,0.166075,12,136.508000,71.300000,7.600000,1.186830
(64) borders_threshold   = -94.07
     margin_forwarding   = 0.02
     min_delay           = 0.99
     max_delay           = 0.16
     neighbors_threshold = 21
     energy              = 92.66
     coverage            = 61.20 (0.02)
     nforwardings        = 4.90
     time                = 1.67
64,-94.067177,0.022799,0.992362,0.160890,21,92.664700,61.200000,4.900000,1.668400
(65) borders_threshold   = -94.83
     margin_forwarding   = 0.02
     min_delay           = 0.91
     max_delay           = 0.79
     neighbors_threshold = 39
     energy              = 29.64
     coverage            = 29.60 (0.03)
     nforwardings        = 0.90
     time                = 0.75
65,-94.832431,0.022799,0.907706,0.793485,39,29.644500,29.600000,0.900000,0.749618
(66) borders_threshold   = -76.72
     margin_forwarding   = 0.40
     min_delay           = 0.00
     max_delay           = 0.79
     neighbors_threshold = 1
     energy              = 6.85
     coverage            = 12.20 (0.08)
     nforwardings        = 11.00
     time                = 1.52
66,-76.715335,0.402012,0.000000,0.787735,1,6.845020,12.200000,11.000000,1.520080
(67) borders_threshold   = -92.02
     margin_forwarding   = 0.16
     min_delay           = 0.19
     max_delay           = 0.00
     neighbors_threshold = 19
     energy              = 165.05
     coverage            = 73.50 (0.01)
     nforwardings        = 9.50
     time                = 0.22
67,-92.018343,0.163933,0.193933,0.000000,19,165.047000,73.500000,9.500000,0.224626
(68) borders_threshold   = -94.69
     margin_forwarding   = 0.16
     min_delay           = 0.19
     max_delay           = 0.00
     neighbors_threshold = 15
     energy              = 49.28
     coverage            = 42.00 (0.02)
     nforwardings        = 2.10
     time                = 0.16
68,-94.687763,0.163933,0.192352,0.000000,15,49.277600,42.000000,2.100000,0.155715
(69) borders_threshold   = -94.58
     margin_forwarding   = 0.02
     min_delay           = 0.94
     max_delay           = 0.16
     neighbors_threshold = 20
     energy              = 71.26
     coverage            = 50.40 (0.02)
     nforwardings        = 3.50
     time                = 1.39
69,-94.575112,0.022799,0.944216,0.160890,20,71.263000,50.400000,3.500000,1.392160
(70) borders_threshold   = -93.97
     margin_forwarding   = 0.16
     min_delay           = 0.00
     max_delay           = 0.40
     neighbors_threshold = 13
     energy              = 107.59
     coverage            = 64.00 (0.02)
     nforwardings        = 5.80
     time                = 0.57
70,-93.971453,0.163933,0.000000,0.398073,13,107.586000,64.000000,5.800000,0.571031
(71) borders_threshold   = -94.45
     margin_forwarding   = 0.16
     min_delay           = 0.31
     max_delay           = 0.04
     neighbors_threshold = 9
     energy              = 71.41
     coverage            = 50.50 (0.02)
     nforwardings        = 3.50
     time                = 0.44
71,-94.449023,0.163933,0.307672,0.038196,9,71.410100,50.500000,3.500000,0.437889
(72) borders_threshold   = -94.89
     margin_forwarding   = 0.16
     min_delay           = 0.18
     max_delay           = 3.32
     neighbors_threshold = 0
     energy              = 21.87
     coverage            = 23.60 (0.04)
     nforwardings        = 0.40
     time                = 0.81
72,-94.892479,0.163933,0.175562,3.317569,0,21.872500,23.600000,0.400000,0.813635
(73) borders_threshold   = -94.22
     margin_forwarding   = 0.16
     min_delay           = 0.17
     max_delay           = 0.00
     neighbors_threshold = 27
     energy              = 77.58
     coverage            = 55.80 (0.02)
     nforwardings        = 3.90
     time                = 0.23
73,-94.224863,0.163933,0.173391,0.000000,27,77.583400,55.800000,3.900000,0.228473
(74) borders_threshold   = -94.67
     margin_forwarding   = 0.02
     min_delay           = 1.00
     max_delay           = 0.74
     neighbors_threshold = 46
     energy              = 46.72
     coverage            = 39.50 (0.03)
     nforwardings        = 2.00
     time                = 1.50
74,-94.674289,0.022799,1.000000,0.735688,46,46.724700,39.500000,2.000000,1.501500
(75) borders_threshold   = -76.21
     margin_forwarding   = 0.40
     min_delay           = 0.00
     max_delay           = 0.79
     neighbors_threshold = 6
     energy              = 5.33
     coverage            = 9.90 (0.10)
     nforwardings        = 9.50
     time                = 1.31
75,-76.214364,0.402012,0.000000,0.787735,6,5.327720,9.900000,9.500000,1.305380
(76) borders_threshold   = -74.43
     margin_forwarding   = 0.40
     min_delay           = 0.00
     max_delay           = 0.22
     neighbors_threshold = 11
     energy              = 3.65
     coverage            = 10.70 (0.09)
     nforwardings        = 9.80
     time                = 0.40
76,-74.432863,0.402012,0.000000,0.217402,11,3.652730,10.700000,9.800000,0.401042
(77) borders_threshold   = -94.68
     margin_forwarding   = 0.16
     min_delay           = 0.00
     max_delay           = 0.38
     neighbors_threshold = 7
     energy              = 52.43
     coverage            = 42.50 (0.02)
     nforwardings        = 2.30
     time                = 0.41
77,-94.681239,0.163933,0.000000,0.379621,7,52.425300,42.500000,2.300000,0.411898
(78) borders_threshold   = -94.78
     margin_forwarding   = 0.02
     min_delay           = 0.95
     max_delay           = 0.71
     neighbors_threshold = 30
     energy              = 37.89
     coverage            = 33.80 (0.03)
     nforwardings        = 1.40
     time                = 1.05
78,-94.784502,0.022799,0.950397,0.713795,30,37.885100,33.800000,1.400000,1.054630
(79) borders_threshold   = -94.56
     margin_forwarding   = 0.02
     min_delay           = 0.94
     max_delay           = 0.02
     neighbors_threshold = 13
     energy              = 66.51
     coverage            = 49.40 (0.02)
     nforwardings        = 3.20
     time                = 0.99
79,-94.560177,0.022799,0.944216,0.018130,13,66.509000,49.400000,3.200000,0.993416
(80) borders_threshold   = -94.68
     margin_forwarding   = 0.16
     min_delay           = 0.20
     max_delay           = 0.09
     neighbors_threshold = 26
     energy              = 46.01
     coverage            = 39.10 (0.03)
     nforwardings        = 1.90
     time                = 0.22
80,-94.682345,0.163933,0.196479,0.088594,26,46.009500,39.100000,1.900000,0.217442
(82) borders_threshold   = -76.24
     margin_forwarding   = 0.40
     min_delay           = 0.00
     max_delay           = 0.79
     neighbors_threshold = 7
     energy              = 7.18
     coverage            = 9.50 (0.11)
     nforwardings        = 8.50
     time                = 1.42
82,-76.244188,0.402012,0.000000,0.787735,7,7.176130,9.500000,8.500000,1.424760
(83) borders_threshold   = -75.72
     margin_forwarding   = 0.40
     min_delay           = 0.00
     max_delay           = 0.79
     neighbors_threshold = 9
     energy              = 1.63
     coverage            = 12.00 (0.08)
     nforwardings        = 11.20
     time                = 1.52
83,-75.719021,0.402012,0.000000,0.787735,9,1.630790,12.000000,11.200000,1.520240
(84) borders_threshold   = -93.76
     margin_forwarding   = 0.02
     min_delay           = 0.94
     max_delay           = 0.01
     neighbors_threshold = 33
     energy              = 146.59
     coverage            = 72.40 (0.01)
     nforwardings        = 8.30
     time                = 1.95
84,-93.761256,0.022799,0.944216,0.005381,33,146.595000,72.400000,8.300000,1.954940
(85) borders_threshold   = -71.83
     margin_forwarding   = 0.40
     min_delay           = 0.00
     max_delay           = 0.79
     neighbors_threshold = 13
     energy              = 14.55
     coverage            = 16.50 (0.06)
     nforwardings        = 15.60
     time                = 1.26
85,-71.832142,0.402012,0.000000,0.787735,13,14.552100,16.500000,15.600000,1.257130
(86) borders_threshold   = -94.55
     margin_forwarding   = 0.40
     min_delay           = 0.11
     max_delay           = 1.13
     neighbors_threshold = 7
     energy              = 47.61
     coverage            = 40.80 (0.02)
     nforwardings        = 2.00
     time                = 1.15
86,-94.552842,0.402012,0.106045,1.131308,7,47.610800,40.800000,2.000000,1.154290

real	413m52.297s
user	348m1.029s
sys	65m10.864s
