[INFO][7] Cantidad de iteraciones: 3000
[INFO][4] Cantidad de iteraciones: 3000
[INFO][1] Cantidad de iteraciones: 3000
[INFO][6] Cantidad de iteraciones: 3000
[INFO][3] Cantidad de iteraciones: 3000
[INFO][5] Cantidad de iteraciones: 3000
[INFO][8] Cantidad de iteraciones: 3000
[INFO][2] Cantidad de iteraciones: 3000

id,borders_threshold,margin_forwarding,min_delay,max_delay,neighbors_threshold,energy,coverage,nforwardings,time
0,-73.605383,0.757604,1.000000,1.803267,6,0.014047,4.400000,4.300000,1.464420
1,-74.813870,0.757604,1.000000,0.031994,2,6.744610,6.000000,5.800000,1.553650
2,-94.410670,0.202497,0.571982,0.000000,4,53.604300,29.900000,2.400000,0.376781
3,-72.117428,2.139165,0.693602,3.690192,2,7.246460,7.000000,6.500000,3.964840
4,-94.696538,0.202497,0.327319,0.000000,8,41.279300,24.800000,1.600000,0.221303
5,-73.435174,0.757604,1.000000,1.803267,7,0.550911,4.200000,3.900000,1.877990
6,-94.690966,0.202497,0.620453,0.000000,19,41.429800,25.000000,1.600000,0.425191
7,-92.571221,0.525489,0.460300,0.000000,22,143.890000,48.100000,8.100000,0.746329
8,-71.290902,0.757604,0.000000,1.803267,6,3.771440,4.300000,3.700000,1.407140
9,-92.878216,0.202497,0.571982,0.000000,10,127.670000,45.000000,7.100000,0.830327
10,-75.640908,0.757604,1.000000,0.000000,4,2.566280,3.400000,3.200000,0.577573
11,-93.109545,0.858210,0.970855,0.000000,36,132.517000,46.100000,7.300000,1.714330
12,-95.000000,0.202497,0.204711,3.564469,28,15.202100,11.000000,0.000000,0.000737
13,-93.980387,0.202497,0.614466,0.000000,17,85.344800,37.600000,4.400000,0.678053
14,-72.774328,0.757604,1.000000,0.839561,4,4.456780,3.000000,2.800000,1.019540
15,-74.649254,0.757604,1.000000,0.000000,0,1.070900,3.300000,3.100000,0.577573
16,-73.030964,0.757604,0.000000,1.639913,5,10.362200,4.900000,4.200000,1.475890
17,-94.842749,0.202497,0.150723,0.000000,12,19.695800,14.300000,0.300000,0.012963
18,-94.585038,0.757604,1.000000,0.347303,25,30.107500,19.200000,0.900000,0.603021
19,-94.464625,0.202497,0.774006,0.000000,20,48.986300,28.200000,2.100000,0.653420
20,-72.187137,0.757604,0.000000,0.000000,3,0.988524,3.500000,3.300000,0.001726
21,-91.929314,0.757604,0.570167,0.000000,24,171.868000,48.800000,9.800000,0.634311
22,-94.848717,0.202497,0.204711,0.000000,25,18.344900,14.000000,0.200000,0.006682
23,-71.031118,2.139165,0.693602,3.690192,5,0.054958,3.900000,3.800000,1.682900
24,-72.165184,0.757604,0.000000,1.183910,8,0.521008,5.200000,4.500000,1.173770
25,-74.130421,0.757604,0.000000,1.639913,2,1.127740,4.400000,4.200000,1.382080
26,-76.674514,0.757604,1.000000,0.031994,0,12.068800,4.500000,3.900000,0.471255
27,-75.535865,0.757604,0.000000,0.295186,1,8.665030,6.600000,6.000000,0.396889
28,-94.455616,0.202497,0.984655,0.000000,35,47.372800,27.200000,2.000000,0.677785
29,-92.443879,1.436259,0.310736,0.599037,40,131.265000,45.500000,7.200000,1.467620
30,-93.032720,0.202497,0.571982,0.000000,25,138.428000,46.200000,7.900000,0.886529
31,-94.852295,0.202497,1.000000,0.352769,19,20.458400,15.900000,0.300000,0.188042
32,-72.033484,0.757604,0.000000,1.639913,5,5.647050,4.700000,4.400000,1.093440
33,-70.924740,0.757604,0.000000,0.736882,6,8.539960,6.500000,6.100000,0.761585
34,-94.417341,0.202497,0.571982,0.437878,21,53.675300,30.200000,2.400000,0.934886
35,-94.231225,0.525489,0.377274,0.003077,15,60.517900,31.500000,2.800000,0.379762
36,-73.497650,0.757604,1.000000,1.803267,6,0.542202,4.100000,3.800000,1.722400
37,-73.834753,0.757604,0.254719,0.291287,0,2.758280,4.000000,3.600000,0.464146
38,-73.976355,0.757604,1.000000,0.291287,9,8.118870,8.200000,7.700000,1.679950
39,-94.344474,0.202497,0.631676,0.000000,34,45.609100,25.900000,1.900000,0.364411
40,-75.933009,0.757604,0.000000,1.639913,0,4.654170,5.400000,4.700000,1.490000
41,-90.966587,1.436259,1.000000,0.240918,36,180.364000,49.000000,10.300000,1.955360
42,-94.413023,0.202497,0.774006,0.000000,18,52.075000,29.700000,2.300000,0.598907
43,-72.644910,0.757604,0.000000,1.183910,7,2.367200,6.900000,6.300000,1.840960
44,-94.711425,0.202497,0.278635,0.000000,3,39.675800,23.300000,1.500000,0.187065
45,-94.349974,0.202497,0.984655,0.000000,39,47.155600,26.100000,2.000000,0.572152
46,-94.229406,0.525489,0.389562,0.003077,15,58.915900,31.200000,2.700000,0.429890
47,-74.605228,0.757604,0.944339,1.877673,6,6.213370,4.500000,4.100000,1.541100
48,-72.764143,0.757604,1.000000,0.347303,2,0.313038,3.700000,3.700000,1.028880
49,-94.177028,0.525489,0.460300,0.036032,35,71.802700,35.200000,3.500000,0.514224
50,-93.071614,0.202497,1.000000,0.000000,36,111.446000,42.200000,6.100000,1.687390
51,-75.775382,0.757604,1.000000,0.308605,2,4.861540,5.500000,5.400000,1.545470
52,-76.715409,0.757604,0.000000,1.639913,0,7.499600,5.700000,5.000000,1.675180
53,-94.363129,0.202497,0.020911,0.000000,4,72.855400,36.200000,3.600000,0.027269
54,-73.714599,0.757604,0.952697,0.147002,5,1.664900,5.600000,5.500000,1.276970
55,-94.791785,0.202497,0.503999,0.000000,36,26.729500,17.600000,0.700000,0.148391
56,-94.438936,0.202497,0.984655,0.000000,35,47.340000,26.800000,2.000000,0.674232
57,-93.187820,1.436259,0.664494,0.000000,29,110.347000,42.000000,5.900000,1.073000
58,-94.871814,0.202497,0.005426,0.000000,4,16.657000,11.400000,0.100000,0.001103
59,-75.280028,0.757604,1.000000,0.295186,0,7.339910,5.800000,5.500000,1.327110
60,-75.540439,0.757604,0.549645,0.000000,1,8.871000,3.700000,3.300000,0.344548
61,-93.271152,0.202497,0.631676,0.000000,21,112.183000,42.700000,6.100000,1.209550
62,-94.764544,0.202497,0.706484,0.000000,10,33.341800,22.300000,1.100000,0.424172
63,-73.899452,0.757604,1.000000,0.295186,1,4.886110,5.800000,5.700000,1.472470
64,-94.674154,0.202497,0.150723,0.000000,16,31.576900,20.000000,1.000000,0.080391
65,-91.469678,1.436259,1.000000,0.240918,49,167.510000,48.500000,9.500000,1.871880
66,-73.661399,0.757604,0.000000,3.452771,7,4.499770,4.600000,4.300000,1.709750
67,-93.553959,0.757604,0.000000,0.548203,2,92.929600,39.100000,4.900000,0.794061
68,-71.531528,0.757604,0.000000,1.803267,7,8.823170,4.500000,4.000000,1.831600
69,-94.416414,0.202497,0.204711,0.000000,13,65.042700,34.100000,3.100000,0.252445
70,-94.583800,0.525489,0.460300,0.000000,35,23.517800,16.400000,0.500000,0.055549
71,-73.999605,0.757604,1.000000,1.803267,6,2.616290,4.100000,3.700000,1.672530
72,-76.549951,0.757604,0.887963,0.000000,0,10.876100,7.600000,6.800000,1.636960
73,-93.153788,1.436259,0.664494,0.000000,25,108.765000,41.900000,5.800000,1.069020
74,-77.168098,0.757604,0.065939,0.291287,5,13.948600,7.900000,7.300000,0.698574
75,-94.754152,0.202497,0.571982,0.437878,0,31.740800,20.600000,1.000000,0.464649
76,-92.716704,0.757604,0.329647,0.000000,9,122.338000,44.600000,6.700000,0.534893
77,-74.491411,0.757604,0.000000,0.000000,2,0.632362,3.700000,3.400000,0.002045
78,-93.956472,0.202497,0.571982,0.000000,18,96.122200,39.900000,5.100000,0.871444
79,-77.341964,0.757604,0.000000,0.695881,4,12.421800,8.500000,7.700000,1.288400
80,-94.115509,0.525489,0.389562,0.000000,14,82.979300,36.600000,4.200000,0.523619
81,-75.060310,0.757604,0.659860,0.697242,4,5.047950,5.500000,5.000000,1.769870
82,-70.605727,0.757604,0.000000,2.265020,6,1.737880,3.800000,3.500000,1.556110
83,-94.356273,0.202497,0.204711,0.000000,13,48.928100,27.300000,2.100000,0.145939
84,-93.558413,0.757604,0.000000,0.548203,0,115.867000,43.700000,6.400000,0.890535
85,-75.926087,0.757604,0.000000,0.000000,5,9.406770,6.100000,5.700000,0.002904
86,-71.010784,0.757604,0.000000,0.825960,7,0.317066,3.300000,3.200000,0.739764
87,-77.242559,0.757604,0.000000,0.291287,0,12.050200,5.900000,5.200000,0.274320
88,-93.430414,0.525489,1.000000,0.000000,50,102.834000,40.400000,5.500000,1.289160
89,-73.971010,0.757604,0.000000,1.639913,6,3.101620,4.300000,3.800000,1.251260
90,-92.008353,0.757604,0.000000,0.506297,15,155.534000,48.300000,8.800000,0.815964
91,-70.313254,2.686506,1.000000,0.770391,6,11.669200,6.200000,5.700000,1.163900
92,-72.496536,0.757604,1.000000,0.295186,5,1.756140,6.600000,6.200000,1.524430
93,-94.309159,0.202497,0.503999,0.105821,23,62.970400,32.200000,3.000000,0.649154
94,-94.518793,0.525489,0.441083,0.000000,12,28.342900,18.300000,0.800000,0.110261
96,-72.004239,0.757604,0.000000,1.803267,6,5.068760,4.300000,3.600000,1.204520
97,-75.278810,0.757604,1.000000,0.147002,0,12.700100,7.800000,7.600000,1.942820
98,-73.020539,0.757604,0.000000,0.825960,0,1.181840,3.800000,3.600000,0.536730
99,-94.690593,0.202497,0.020911,0.000000,0,37.844500,22.600000,1.400000,0.017215
