[INFO][1] Cantidad de iteraciones: 3000
[INFO][7] Cantidad de iteraciones: 3000
[INFO][2] Cantidad de iteraciones: 3000
[INFO][8] Cantidad de iteraciones: 3000
[INFO][6] Cantidad de iteraciones: 3000
[INFO][4] Cantidad de iteraciones: 3000
[INFO][5] Cantidad de iteraciones: 3000
[INFO][3] Cantidad de iteraciones: 3000

id,borders_threshold,margin_forwarding,min_delay,max_delay,neighbors_threshold,energy,coverage,nforwardings,time
0,-72.449438,1.799629,0.573144,3.449587,4,1.341570,3.300000,3.200000,2.419350
1,-93.580316,1.035182,0.007624,0.319014,3,97.219400,39.700000,5.100000,0.534734
2,-94.823451,0.175252,0.539571,2.587117,37,26.423000,17.000000,0.700000,1.287750
3,-93.866496,1.035182,0.000000,0.779334,13,62.259900,30.200000,2.900000,0.753334
4,-94.809358,0.188109,0.740922,1.224234,24,20.171800,14.000000,0.300000,0.317998
6,-94.330082,0.188109,0.538000,1.224234,22,56.948400,28.900000,2.600000,1.555400
7,-94.805439,0.188109,0.459571,0.606674,20,20.243900,14.200000,0.300000,0.167744
8,-92.660402,1.035182,0.000000,0.587786,12,132.381000,46.000000,7.300000,0.970015
9,-93.931431,1.035182,0.000000,0.779334,11,71.968400,32.800000,3.500000,0.885531
10,-92.053491,1.035182,0.000000,0.587786,17,157.105000,48.300000,8.900000,1.047910
11,-70.000000,1.799629,0.000000,3.449587,7,3.984310,4.800000,4.700000,1.948810
12,-93.695851,1.650111,0.335520,0.735149,32,86.495000,36.000000,4.400000,1.493800
13,-94.901357,0.175252,0.713598,2.587117,37,18.376000,13.400000,0.200000,0.310981
14,-90.184206,1.650111,0.029572,0.137032,33,186.544000,49.000000,10.700000,0.286714
15,-93.381847,1.035182,0.000000,0.410378,26,92.720200,37.900000,4.800000,0.637702
16,-94.077159,0.817181,0.000000,1.450091,17,70.307500,32.000000,3.400000,1.684110
17,-91.954878,1.650111,0.185189,0.843189,27,159.447000,48.400000,9.000000,1.673640
18,-71.183337,1.799629,0.573144,1.528918,0,4.870350,3.500000,3.300000,1.480170
19,-70.000000,1.799629,0.000000,0.442376,5,11.309300,4.900000,4.700000,0.359493
20,-91.757511,0.817181,0.000000,1.634726,22,163.772000,48.600000,9.300000,1.996960
21,-93.478028,1.650111,0.299680,0.434336,23,102.515000,42.300000,5.400000,1.099490
22,-75.041436,1.799629,0.000000,0.000000,6,8.128350,5.900000,5.400000,0.002323
23,-93.594172,1.650111,0.161597,0.386436,11,94.518200,39.500000,4.900000,0.732590
24,-93.587764,1.035182,0.007624,0.319014,2,93.744600,38.800000,4.900000,0.474976
25,-92.992376,1.650111,0.000000,0.137032,33,116.819000,43.300000,6.300000,0.192484
26,-93.803396,1.650111,0.000000,0.784390,50,81.701700,35.300000,4.100000,1.038660
27,-94.866197,0.188109,0.296570,1.224234,29,18.377900,13.600000,0.200000,0.219454
28,-94.910986,0.188109,0.740922,1.224234,33,16.795600,11.100000,0.100000,0.097128
29,-91.403470,0.817181,0.000000,1.634726,21,170.133000,48.800000,9.700000,1.734440
30,-94.889815,0.175252,0.539571,2.587117,36,20.260900,15.700000,0.300000,0.637560
31,-93.587742,1.650111,0.000000,0.063098,14,88.113300,37.700000,4.500000,0.091453
32,-94.101112,1.035182,0.000000,0.907420,9,39.973700,24.900000,1.500000,0.382720
33,-70.000000,1.799629,0.573144,3.449587,2,0.459698,2.900000,2.800000,1.532450
34,-91.701526,0.817181,0.000000,1.634726,21,168.511000,48.700000,9.600000,1.768220
35,-94.232447,0.188109,0.740922,1.224234,23,48.736500,27.000000,2.100000,1.593580
36,-95.000000,0.175252,0.539571,2.587117,42,15.185500,11.000000,0.000000,0.000737
37,-93.840652,1.035182,0.505332,0.642962,23,62.194000,30.000000,2.900000,1.134440
38,-94.297333,0.188109,0.740922,1.224234,23,50.558800,27.800000,2.200000,1.837400
39,-94.037586,1.035182,0.007624,0.319014,2,39.719300,22.600000,1.500000,0.187265
40,-92.491656,1.650111,0.161158,0.670607,36,145.716000,47.100000,8.100000,1.407760
41,-94.903382,1.035182,0.000000,0.000000,13,17.100000,11.400000,0.100000,0.000814
42,-70.325826,1.799629,0.000000,1.027708,7,8.249910,6.300000,5.900000,1.072700
43,-94.904150,0.175252,0.558437,2.755673,36,18.368600,12.400000,0.200000,0.308870
44,-93.857630,1.650111,0.015125,0.430409,29,46.459700,25.500000,1.900000,0.356809
45,-94.070472,1.035182,0.000000,0.713222,8,38.208500,21.800000,1.400000,0.391314
46,-73.592332,1.799629,0.000000,3.449587,0,6.356300,3.700000,3.400000,1.905460
47,-94.786330,0.188109,0.874988,0.960984,13,27.982700,17.400000,0.800000,0.750704
48,-93.866968,1.035182,0.199774,1.180233,6,65.466600,31.000000,3.100000,1.314890
49,-94.146708,0.817181,0.000000,1.450091,17,73.515600,33.400000,3.600000,1.836710
50,-70.000000,1.799629,0.573144,3.449587,0,0.352202,3.000000,3.000000,1.812820
51,-94.777209,0.188109,0.459571,0.606769,20,31.726400,20.100000,1.000000,0.467309
52,-94.095503,0.188109,0.580937,0.980031,28,67.480300,31.400000,3.300000,1.923390
53,-92.940580,1.650111,0.184836,0.556563,22,139.325000,46.400000,7.700000,1.339930
54,-93.804346,1.650111,0.000000,0.735149,24,81.688800,35.000000,4.100000,1.265040
55,-94.043698,1.650111,0.015125,0.238499,33,38.254800,21.900000,1.400000,0.141459
56,-70.169194,1.799629,0.000000,3.449587,6,2.388210,4.200000,4.000000,1.871460
57,-93.573916,1.035182,0.007624,0.319014,2,98.417400,40.200000,5.200000,0.521617
58,-73.743071,1.799629,0.000000,3.293960,0,6.073200,5.700000,5.700000,1.927620
59,-94.848923,0.175252,0.539571,2.587117,40,18.599400,13.700000,0.200000,0.356965
60,-92.622947,1.650111,0.185189,0.670607,34,146.817000,47.700000,8.200000,1.448300
61,-94.352294,0.188109,0.538000,1.224234,17,58.600100,29.700000,2.700000,1.675260
62,-70.000000,1.799629,1.000000,1.893046,2,1.307690,3.200000,3.100000,1.629950
63,-93.980320,1.035182,0.000000,0.166010,19,38.434900,22.000000,1.400000,0.115338
64,-93.418671,1.035182,0.199774,0.642962,12,87.622900,36.400000,4.500000,1.127100
65,-93.575937,1.035182,0.007624,0.319014,3,101.760000,41.200000,5.400000,0.554858
66,-93.239670,1.650111,0.000000,0.137032,28,113.672000,42.600000,6.100000,0.223581
67,-93.102055,1.650111,0.000000,0.137032,31,113.686000,42.900000,6.100000,0.192053
68,-94.654590,0.175252,0.539571,2.587117,37,34.629500,20.500000,1.200000,1.454240
69,-71.603715,1.799629,0.000000,1.027708,4,1.401640,3.900000,3.900000,0.969702
70,-93.485029,1.650111,0.185189,0.876330,27,86.202200,35.900000,4.400000,1.299190
71,-94.159208,0.817181,0.000000,1.450091,15,73.553500,33.800000,3.600000,1.945650
72,-70.000000,1.799629,0.000000,1.027708,8,7.824650,6.800000,6.400000,1.195680
73,-94.488333,1.035182,0.374136,0.000000,16,28.579800,18.000000,0.800000,0.090399
74,-94.771036,0.188109,0.874988,0.960984,14,29.584800,18.100000,0.900000,0.842337
75,-75.252410,1.799629,0.000000,1.027708,0,12.055100,5.400000,5.200000,1.321710
76,-70.711687,1.799629,0.573144,1.893046,0,0.035475,3.400000,3.400000,1.144180
77,-93.311433,1.650111,0.185189,0.670607,30,80.099600,34.700000,4.000000,1.045640
78,-93.888962,1.650111,0.000000,0.430409,29,48.061800,26.700000,2.000000,0.456647
79,-94.129791,0.188109,0.580937,0.980031,29,67.582700,31.500000,3.300000,1.923390
80,-72.341334,1.799629,1.000000,1.893046,0,0.552129,3.500000,3.500000,1.505500
81,-70.000000,1.799629,0.573144,1.893046,0,2.427030,3.800000,3.800000,1.925610
82,-94.204329,0.817181,0.000000,1.634726,14,30.366100,19.900000,0.900000,0.646891
83,-94.060773,1.650111,0.000000,0.475404,25,60.878300,29.800000,2.800000,0.514715
84,-93.170579,1.035182,0.000000,0.587786,17,119.365000,43.500000,6.500000,0.892833
85,-93.199793,1.650111,0.000000,0.063098,15,131.236000,45.000000,7.200000,0.113785
86,-92.976126,1.035182,0.000000,0.410378,30,119.517000,44.700000,6.500000,0.619705
87,-94.869966,0.188109,0.000000,1.416711,16,22.025800,16.500000,0.400000,0.275243
88,-94.017477,1.035182,0.199774,1.250383,5,52.853400,28.100000,2.300000,1.339540
89,-94.881806,0.188109,0.538000,1.342349,16,20.290000,16.200000,0.300000,0.302726
90,-72.749312,1.799629,1.000000,0.000000,0,6.306090,4.300000,4.100000,0.730093
91,-93.676907,1.035182,0.007624,0.319014,0,76.406600,34.000000,3.800000,0.386409
92,-94.671549,0.188109,0.459571,0.147852,13,34.673400,21.000000,1.200000,0.342536
93,-71.595518,1.799629,0.573144,1.528918,4,5.766200,3.600000,3.300000,1.280190
94,-94.097657,1.650111,0.015125,0.898262,21,40.049800,25.300000,1.500000,0.421538
