[INFO][6] Cantidad de iteraciones: 3000
[INFO][2] Cantidad de iteraciones: 3000
[INFO][4] Cantidad de iteraciones: 3000
[INFO][8] Cantidad de iteraciones: 3000
[INFO][5] Cantidad de iteraciones: 3000
[INFO][1] Cantidad de iteraciones: 3000
[INFO][7] Cantidad de iteraciones: 3000
[INFO][3] Cantidad de iteraciones: 3000

id,borders_threshold,margin_forwarding,min_delay,max_delay,neighbors_threshold,energy,coverage,nforwardings,time
0,-70.495593,0.517122,0.011458,4.377878,0,0.172233,1.700000,1.500000,1.229300
1,-94.022197,0.970996,0.000000,0.000000,40,34.959800,10.800000,1.200000,0.001584
2,-94.484020,0.517122,1.000000,2.161073,16,24.603400,9.100000,0.600000,0.674495
3,-73.106548,0.517122,0.256030,2.352824,0,8.678610,2.300000,1.800000,1.120780
4,-93.619803,1.075241,1.000000,1.214526,12,47.689100,12.800000,2.000000,1.899100
5,-70.000000,0.517122,0.000000,2.352824,4,7.631630,3.500000,3.100000,1.444220
6,-93.332533,1.075241,0.166384,1.200530,0,81.123500,17.200000,4.200000,1.917320
7,-75.396259,0.517122,0.000000,1.516552,0,12.428200,3.300000,2.900000,0.789569
8,-93.473480,1.858399,0.167857,1.139347,4,46.383300,12.700000,1.900000,1.054280
9,-87.457282,0.517122,0.000000,0.687903,10,178.457000,23.400000,11.400000,1.509740
10,-92.844918,2.825272,0.720900,4.455173,19,59.276200,14.200000,2.700000,3.612980
11,-72.088641,0.517122,0.000000,4.573461,2,6.492890,2.800000,2.600000,1.553170
12,-88.036548,2.549688,0.596948,4.170134,28,145.199000,21.600000,8.500000,6.575580
13,-87.987476,0.970996,0.000000,0.905065,9,162.025000,22.000000,10.000000,1.983570
14,-90.923668,0.517122,0.000000,0.652635,10,103.968000,19.700000,5.700000,0.811149
15,-94.531502,0.080664,0.367294,3.181635,41,35.727600,10.900000,1.300000,1.902770
16,-75.546062,0.517122,0.256030,2.402042,0,14.502400,3.600000,3.200000,1.750020
17,-94.433117,0.517122,0.317208,1.068415,0,34.509800,10.700000,1.300000,0.735300
18,-74.970164,0.517122,0.000000,2.352824,0,8.656090,2.800000,2.400000,1.379360
19,-94.039895,1.075241,0.166384,1.200530,0,31.628600,10.000000,1.000000,0.451851
20,-92.264769,0.895368,0.000000,1.109403,28,76.294800,16.600000,3.900000,1.422450
21,-95.000000,0.080664,0.261058,3.081977,45,14.836300,4.800000,0.000000,0.000736
22,-92.704216,0.895368,0.000000,0.687672,5,77.428900,16.900000,3.900000,0.841949
23,-91.908939,0.970996,1.000000,0.000000,47,88.233700,18.000000,4.600000,1.202000
24,-70.000000,0.517122,0.000000,4.377878,2,1.595340,2.200000,2.000000,1.173890
25,-75.118283,0.517122,0.000000,4.788377,2,7.059760,2.400000,1.900000,1.403400
26,-73.611315,0.517122,0.413790,2.463105,2,13.815100,3.700000,3.400000,1.587840
27,-73.523300,0.517122,0.000000,4.377878,2,6.642010,2.600000,2.500000,1.261650
28,-78.559629,0.517122,0.000000,2.463105,0,12.853600,2.900000,2.400000,1.731090
29,-92.484203,0.517122,0.000000,0.644826,12,76.207300,16.500000,3.900000,0.965709
30,-92.946775,0.517122,0.262503,0.652635,31,67.156900,15.600000,3.300000,1.000420
31,-75.080359,0.517122,0.311680,2.463105,0,13.332200,2.600000,2.300000,1.566170
32,-94.394908,0.080664,1.000000,1.451986,41,38.426500,11.800000,1.500000,1.607360
33,-94.603849,0.517122,0.000000,0.445469,1,16.227500,6.800000,0.100000,0.019386
34,-87.083406,0.970996,0.000000,1.098739,42,186.420000,23.600000,11.600000,1.542300
35,-71.051013,0.517122,0.000000,1.516552,0,0.171620,2.000000,1.900000,0.422948
36,-94.928752,0.080664,0.367294,3.099236,44,17.916400,7.600000,0.200000,0.190585
37,-93.762794,1.075241,1.000000,1.200530,12,52.630300,13.500000,2.300000,1.898120
38,-92.599136,0.895368,0.337715,1.109403,12,82.172100,17.600000,4.200000,1.856480
39,-76.466365,0.517122,0.000000,4.788377,0,13.951600,3.400000,2.900000,1.964520
41,-93.864543,0.895368,0.000000,1.040525,0,51.073200,13.100000,2.200000,0.855150
42,-76.158626,0.517122,0.000000,4.821903,0,12.539900,3.300000,2.800000,1.843140
43,-70.594486,0.517122,0.000000,2.352824,4,12.750300,3.900000,3.500000,1.087360
44,-90.781347,2.833672,0.140150,1.043845,26,130.930000,21.100000,7.200000,1.795800
45,-94.902528,0.080664,0.494854,2.281907,32,24.136500,8.800000,0.600000,0.550396
46,-94.240004,0.887424,0.818577,2.899177,46,22.149500,8.100000,0.700000,1.205550
47,-91.813538,2.833672,1.000000,0.000000,26,92.679400,18.300000,4.800000,1.126670
48,-91.339969,0.517122,0.000000,0.652635,20,107.044000,20.000000,5.900000,0.872294
49,-94.164635,0.895368,0.000000,1.642657,23,26.753100,9.300000,0.700000,0.462017
50,-73.657762,0.517122,0.000000,4.573461,0,3.552080,2.000000,1.700000,1.751410
51,-92.367244,1.298897,0.000000,1.786599,7,76.683500,16.800000,3.900000,1.661260
52,-92.616295,0.970996,0.000000,1.207487,33,61.611700,14.600000,2.900000,1.020560
53,-74.065485,0.517122,0.256030,2.352824,0,7.741460,2.500000,2.000000,1.097500
54,-93.123096,0.517122,0.035725,1.220834,7,73.552300,16.400000,3.700000,1.624460
55,-94.139971,0.895368,0.060349,5.000000,34,30.232800,9.800000,0.900000,1.960300
56,-87.962762,0.970996,0.000000,0.905065,6,161.708000,21.800000,10.300000,1.806700
57,-94.910370,0.080664,0.261058,3.081977,43,22.633500,8.500000,0.500000,0.695388
58,-74.758828,0.517122,0.413790,1.215517,0,2.799330,2.400000,2.400000,0.699000
59,-75.037496,0.517122,0.256030,2.402042,0,10.165600,3.200000,2.700000,1.670850
60,-91.888726,0.517122,0.000000,0.687903,11,84.194100,17.700000,4.400000,0.864076
61,-94.043937,2.833672,0.140150,2.318237,41,30.333500,9.900000,0.900000,0.762492
62,-90.926497,1.858399,0.017221,1.239966,7,120.004000,20.800000,6.600000,1.891730
63,-94.377380,0.895368,0.000000,2.061050,12,25.407700,9.200000,0.600000,0.434284
64,-79.517310,0.517122,0.256030,0.652635,11,266.751000,23.800000,18.300000,1.618640
65,-94.117432,0.895368,0.337715,1.109403,11,28.340900,9.400000,0.800000,0.472599
66,-84.581850,0.517122,0.256030,0.000000,12,227.163000,23.700000,15.100000,0.403807
67,-92.243456,1.075241,0.000000,1.179609,9,93.292800,18.600000,4.900000,1.615900
68,-74.722502,0.517122,0.000000,2.352824,2,6.144050,2.500000,2.400000,0.567260
69,-74.644673,0.517122,0.000000,4.793932,1,4.842440,2.200000,1.600000,1.460850
70,-74.549779,0.517122,0.000000,4.490181,0,0.141233,1.900000,1.700000,1.979490
71,-78.774806,0.517122,0.000000,2.377983,1,13.590300,2.800000,2.300000,1.398800
72,-88.046133,0.970996,0.000000,0.905065,11,165.861000,22.800000,10.300000,1.796280
73,-74.005738,0.517122,0.000000,4.490181,0,2.468070,2.100000,1.800000,1.619720
74,-74.496546,0.517122,0.413790,1.215517,0,1.538690,2.600000,2.600000,0.796596
75,-94.355374,0.080664,0.000000,3.030141,50,43.023400,12.500000,1.800000,1.907950
76,-94.922139,0.080664,0.202483,3.125103,39,19.210100,7.700000,0.300000,0.358066
77,-72.937812,0.517122,0.000000,4.788377,0,1.689620,1.800000,1.600000,1.185640
79,-77.249943,0.517122,0.000000,0.933000,12,295.357000,24.000000,20.200000,1.827100
81,-91.194452,0.895368,0.000000,0.688471,16,102.999000,19.600000,5.600000,0.963140
82,-74.066866,0.517122,0.029731,4.490181,0,6.244190,2.300000,2.000000,1.537620
85,-93.350538,1.858399,1.000000,1.139347,6,59.199700,13.600000,2.700000,1.719140
86,-73.400719,0.517122,0.000000,4.573461,2,1.734400,2.300000,2.200000,1.054480
87,-74.977221,0.517122,0.000000,4.788377,1,6.272490,2.300000,1.900000,1.160780
89,-94.561556,0.517122,0.000000,0.445469,0,17.667500,6.900000,0.200000,0.036991
90,-92.505546,1.075241,0.000000,1.589167,13,78.967800,17.000000,4.000000,1.648460
91,-79.262072,0.517122,0.256030,0.652635,11,265.540000,23.900000,18.500000,1.890040
93,-74.480849,0.517122,0.256030,2.402042,0,8.137300,3.100000,2.500000,1.828840
94,-90.933850,0.895368,0.000000,0.688471,16,102.617000,19.500000,5.600000,0.953616
95,-87.524872,0.970996,0.000000,1.098739,39,167.691000,23.100000,10.400000,1.945680
