++ cd /home/clusterusers/siturriaga/itu-maestria/trunk/aedb-mls
++ ITERATIONS=250
++ THREADS=12
++ INSTANCE=25
++ SIMULS=10
++ export LD_LIBRARY_PATH=:/home/clusterusers/siturriaga/ns3Files
++ LD_LIBRARY_PATH=:/home/clusterusers/siturriaga/ns3Files
++ /home/users/siturriaga/bin/mpich2-1.4.1p1/bin/mpiexec -launcher ssh -launcher-exec oarsh -f /var/lib/oar/2643545 -np 9 -ppn 1 bin/mls.rand_elite 18835 250 12 10 25
[DEBUG] argc = 6
===========================================================
Configuración
===========================================================
   Random seed        = 18835
   MPI size           = 9
   MLS.count_threads  = 12
   MLS.max_iterations = 250
   MLS.number_devices = 25
   MLS.simul_runs     = 10
   MLS.init           = MLS__RANDOM
[DEBUG] argc = 6
===========================================================
[DEBUG] argc = 6
[DEBUG] argc = 6
[DEBUG] argc = 6
[DEBUG] argc = 6
[DEBUG] argc = 6
[DEBUG] argc = 6
[DEBUG] argc = 6
[DEBUG][2] Thread 0 starting solution:
-> borders_threshold   : -72.4558
   margin_forwarding   : 1.7800
   min_delay           : 0.7582
   max_delay           : 2.8580
   neighbors_threshold : 1
   energy              : 11.7193
   coverage            : 3.1000
   nforwardings        : 2.9000
   time                : 1.6837
[DEBUG][3] Thread 0 starting solution:
-> borders_threshold   : -91.7539
   margin_forwarding   : 2.1991
   min_delay           : 0.6440
   max_delay           : 3.9991
   neighbors_threshold : 36
   energy              : 92.6193
   coverage            : 16.9000
   nforwardings        : 4.8000
   time                : 6.2463
[DEBUG][4] Thread 0 starting solution:
-> borders_threshold   : -82.7104
   margin_forwarding   : 2.3721
   min_delay           : 0.1886
   max_delay           : 1.9704
   neighbors_threshold : 6
   energy              : 206.9710
   coverage            : 21.0000
   nforwardings        : 14.6000
   time                : 5.4651
[DEBUG][5] Thread 0 starting solution:
-> borders_threshold   : -83.6330
   margin_forwarding   : 0.3810
   min_delay           : 0.0671
   max_delay           : 4.7967
   neighbors_threshold : 35
   energy              : 174.9430
   coverage            : 21.0000
   nforwardings        : 11.3000
   time                : 5.3700
[DEBUG][1] Thread 0 starting solution:
-> borders_threshold   : -71.9720
   margin_forwarding   : 2.3510
   min_delay           : 0.6019
   max_delay           : 1.6325
   neighbors_threshold : 10
   energy              : 301.7960
   coverage            : 23.1000
   nforwardings        : 21.0000
   time                : 4.1594
sh: /home/clusterusers/siturriaga/itu-maestria/trunk/aedb-mls/bin/ns3: Permission denied
sh: /home/clusterusers/siturriaga/itu-maestria/trunk/aedb-mls/bin/ns3: Permission denied
sh: /home/clusterusers/siturriaga/itu-maestria/trunk/aedb-mls/bin/ns3: Permission denied
sh: /home/clusterusers/siturriaga/itu-maestria/trunk/aedb-mls/bin/ns3: Permission denied
sh: sh: /home/clusterusers/siturriaga/itu-maestria/trunk/aedb-mls/bin/ns3: Permission denied
/home/clusterusers/siturriaga/itu-maestria/trunk/aedb-mls/bin/ns3: Permission denied
sh: /home/clusterusers/siturriaga/itu-maestria/trunk/aedb-mls/bin/ns3: Permission denied
sh: /home/clusterusers/siturriaga/itu-maestria/trunk/aedb-mls/bin/ns3: Permission denied
sh: /home/clusterusers/siturriaga/itu-maestria/trunk/aedb-mls/bin/ns3: Permission denied
sh: /home/clusterusers/siturriaga/itu-maestria/trunk/aedb-mls/bin/ns3: Permission denied
sh: /home/clusterusers/siturriaga/itu-maestria/trunk/aedb-mls/bin/ns3: Permission denied
sh: /home/clusterusers/siturriaga/itu-maestria/trunk/aedb-mls/bin/ns3: Permission denied
sh: /home/clusterusers/siturriaga/itu-maestria/trunk/aedb-mls/bin/ns3: Permission denied
sh: /home/clusterusers/siturriaga/itu-maestria/trunk/aedb-mls/bin/ns3: Permission denied
sh: /home/clusterusers/siturriaga/itu-maestria/trunk/aedb-mls/bin/ns3: Permission denied
sh: /home/clusterusers/siturriaga/itu-maestria/trunk/aedb-mls/bin/ns3: Permission denied
sh: /home/clusterusers/siturriaga/itu-maestria/trunk/aedb-mls/bin/ns3: Permission denied
sh: /home/clusterusers/siturriaga/itu-maestria/trunk/aedb-mls/bin/ns3: Permission denied
sh: /home/clusterusers/siturriaga/itu-maestria/trunk/aedb-mls/bin/ns3: Permission denied
sh: /home/clusterusers/siturriaga/itu-maestria/trunk/aedb-mls/bin/ns3: Permission denied
sh: /home/clusterusers/siturriaga/itu-maestria/trunk/aedb-mls/bin/ns3: Permission denied
sh: /home/clusterusers/siturriaga/itu-maestria/trunk/aedb-mls/bin/ns3: Permission denied
sh: /home/clusterusers/siturriaga/itu-maestria/trunk/aedb-mls/bin/ns3: Permission denied
sh: /home/clusterusers/siturriaga/itu-maestria/trunk/aedb-mls/bin/ns3: Permission denied
sh: /home/clusterusers/siturriaga/itu-maestria/trunk/aedb-mls/bin/ns3: Permission denied
sh: /home/clusterusers/siturriaga/itu-maestria/trunk/aedb-mls/bin/ns3: Permission denied
sh: /home/clusterusers/siturriaga/itu-maestria/trunk/aedb-mls/bin/ns3: Permission denied
sh: sh: /home/clusterusers/siturriaga/itu-maestria/trunk/aedb-mls/bin/ns3: Permission denied
/home/clusterusers/siturriaga/itu-maestria/trunk/aedb-mls/bin/ns3: Permission denied
sh: /home/clusterusers/siturriaga/itu-maestria/trunk/aedb-mls/bin/ns3: Permission denied
sh: /home/clusterusers/siturriaga/itu-maestria/trunk/aedb-mls/bin/ns3: Permission denied
sh: /home/clusterusers/siturriaga/itu-maestria/trunk/aedb-mls/bin/ns3: Permission denied
sh: /home/clusterusers/siturriaga/itu-maestria/trunk/aedb-mls/bin/ns3: Permission denied
sh: /home/clusterusers/siturriaga/itu-maestria/trunk/aedb-mls/bin/ns3: Permission denied
sh: /home/clusterusers/siturriaga/itu-maestria/trunk/aedb-mls/bin/ns3: Permission denied
sh: /home/clusterusers/siturriaga/itu-maestria/trunk/aedb-mls/bin/ns3: Permission denied
sh: /home/clusterusers/siturriaga/itu-maestria/trunk/aedb-mls/bin/ns3: Permission denied
sh: /home/clusterusers/siturriaga/itu-maestria/trunk/aedb-mls/bin/ns3: Permission denied
sh: /home/clusterusers/siturriaga/itu-maestria/trunk/aedb-mls/bin/ns3: Permission denied
sh: /home/clusterusers/siturriaga/itu-maestria/trunk/aedb-mls/bin/ns3: Permission denied
sh: /home/clusterusers/siturriaga/itu-maestria/trunk/aedb-mls/bin/ns3: Permission denied
sh: /home/clusterusers/siturriaga/itu-maestria/trunk/aedb-mls/bin/ns3: Permission denied
sh: /home/clusterusers/siturriaga/itu-maestria/trunk/aedb-mls/bin/ns3: Permission denied
sh: /home/clusterusers/siturriaga/itu-maestria/trunk/aedb-mls/bin/ns3: Permission denied
sh: /home/clusterusers/siturriaga/itu-maestria/trunk/aedb-mls/bin/ns3: Permission denied
sh: /home/clusterusers/siturriaga/itu-maestria/trunk/aedb-mls/bin/ns3: Permission denied
sh: /home/clusterusers/siturriaga/itu-maestria/trunk/aedb-mls/bin/ns3: Permission denied
sh: /home/clusterusers/siturriaga/itu-maestria/trunk/aedb-mls/bin/ns3: Permission denied
sh: /home/clusterusers/siturriaga/itu-maestria/trunk/aedb-mls/bin/ns3: Permission denied
sh: /home/clusterusers/siturriaga/itu-maestria/trunk/aedb-mls/bin/ns3: Permission denied
sh: /home/clusterusers/siturriaga/itu-maestria/trunk/aedb-mls/bin/ns3: Permission denied
sh: /home/clusterusers/siturriaga/itu-maestria/trunk/aedb-mls/bin/ns3: Permission denied
sh: /home/clusterusers/siturriaga/itu-maestria/trunk/aedb-mls/bin/ns3: Permission denied
sh: /home/clusterusers/siturriaga/itu-maestria/trunk/aedb-mls/bin/ns3: Permission denied
sh: /home/clusterusers/siturriaga/itu-maestria/trunk/aedb-mls/bin/ns3: Permission denied
sh: /home/clusterusers/siturriaga/itu-maestria/trunk/aedb-mls/bin/ns3: Permission denied
sh: /home/clusterusers/siturriaga/itu-maestria/trunk/aedb-mls/bin/ns3: Permission denied
sh: /home/clusterusers/siturriaga/itu-maestria/trunk/aedb-mls/bin/ns3: Permission denied
sh: /home/clusterusers/siturriaga/itu-maestria/trunk/aedb-mls/bin/ns3: Permission denied
sh: /home/clusterusers/siturriaga/itu-maestria/trunk/aedb-mls/bin/ns3: Permission denied
sh: /home/clusterusers/siturriaga/itu-maestria/trunk/aedb-mls/bin/ns3: Permission denied
sh: /home/clusterusers/siturriaga/itu-maestria/trunk/aedb-mls/bin/ns3: Permission denied
sh: /home/clusterusers/siturriaga/itu-maestria/trunk/aedb-mls/bin/ns3: Permission denied
sh: /home/clusterusers/siturriaga/itu-maestria/trunk/aedb-mls/bin/ns3: Permission denied
sh: /home/clusterusers/siturriaga/itu-maestria/trunk/aedb-mls/bin/ns3: Permission denied
sh: /home/clusterusers/siturriaga/itu-maestria/trunk/aedb-mls/bin/ns3: Permission denied
sh: /home/clusterusers/siturriaga/itu-maestria/trunk/aedb-mls/bin/ns3: Permission denied
sh: /home/clusterusers/siturriaga/itu-maestria/trunk/aedb-mls/bin/ns3: Permission denied
sh: /home/clusterusers/siturriaga/itu-maestria/trunk/aedb-mls/bin/ns3: Permission denied
sh: /home/clusterusers/siturriaga/itu-maestria/trunk/aedb-mls/bin/ns3: Permission denied
sh: /home/clusterusers/siturriaga/itu-maestria/trunk/aedb-mls/bin/ns3: Permission denied
sh: /home/clusterusers/siturriaga/itu-maestria/trunk/aedb-mls/bin/ns3: Permission denied
sh: /home/clusterusers/siturriaga/itu-maestria/trunk/aedb-mls/bin/ns3: Permission denied
sh: /home/clusterusers/siturriaga/itu-maestria/trunk/aedb-mls/bin/ns3: Permission denied
sh: /home/clusterusers/siturriaga/itu-maestria/trunk/aedb-mls/bin/ns3: Permission denied
sh: /home/clusterusers/siturriaga/itu-maestria/trunk/aedb-mls/bin/ns3: Permission denied
sh: sh: /home/clusterusers/siturriaga/itu-maestria/trunk/aedb-mls/bin/ns3: Permission denied
sh: /home/clusterusers/siturriaga/itu-maestria/trunk/aedb-mls/bin/ns3: Permission denied
/home/clusterusers/siturriaga/itu-maestria/trunk/aedb-mls/bin/ns3: Permission denied
sh: /home/clusterusers/siturriaga/itu-maestria/trunk/aedb-mls/bin/ns3: Permission denied
sh: /home/clusterusers/siturriaga/itu-maestria/trunk/aedb-mls/bin/ns3: Permission denied
sh: /home/clusterusers/siturriaga/itu-maestria/trunk/aedb-mls/bin/ns3: Permission denied
sh: /home/clusterusers/siturriaga/itu-maestria/trunk/aedb-mls/bin/ns3: Permission denied
sh: sh: /home/clusterusers/siturriaga/itu-maestria/trunk/aedb-mls/bin/ns3: Permission denied
/home/clusterusers/siturriaga/itu-maestria/trunk/aedb-mls/bin/ns3: Permission denied
sh: /home/clusterusers/siturriaga/itu-maestria/trunk/aedb-mls/bin/ns3: Permission denied
sh: /home/clusterusers/siturriaga/itu-maestria/trunk/aedb-mls/bin/ns3: Permission denied
sh: /home/clusterusers/siturriaga/itu-maestria/trunk/aedb-mls/bin/ns3: Permission denied
sh: sh: /home/clusterusers/siturriaga/itu-maestria/trunk/aedb-mls/bin/ns3: Permission denied
/home/clusterusers/siturriaga/itu-maestria/trunk/aedb-mls/bin/ns3: Permission denied
sh: /home/clusterusers/siturriaga/itu-maestria/trunk/aedb-mls/bin/ns3: Permission denied
sh: /home/clusterusers/siturriaga/itu-maestria/trunk/aedb-mls/bin/ns3: Permission denied
sh: /home/clusterusers/siturriaga/itu-maestria/trunk/aedb-mls/bin/ns3: Permission denied
sh: /home/clusterusers/siturriaga/itu-maestria/trunk/aedb-mls/bin/ns3: Permission denied
sh: /home/clusterusers/siturriaga/itu-maestria/trunk/aedb-mls/bin/ns3: Permission denied
sh: /home/clusterusers/siturriaga/itu-maestria/trunk/aedb-mls/bin/ns3: Permission denied
sh: /home/clusterusers/siturriaga/itu-maestria/trunk/aedb-mls/bin/ns3: Permission denied
sh: /home/clusterusers/siturriaga/itu-maestria/trunk/aedb-mls/bin/ns3: Permission denied
sh: /home/clusterusers/siturriaga/itu-maestria/trunk/aedb-mls/bin/ns3: Permission denied
sh: /home/clusterusers/siturriaga/itu-maestria/trunk/aedb-mls/bin/ns3: Permission denied
sh: /home/clusterusers/siturriaga/itu-maestria/trunk/aedb-mls/bin/ns3: Permission denied
sh: /home/clusterusers/siturriaga/itu-maestria/trunk/aedb-mls/bin/ns3: Permission denied
sh: /home/clusterusers/siturriaga/itu-maestria/trunk/aedb-mls/bin/ns3: Permission denied
sh: /home/clusterusers/siturriaga/itu-maestria/trunk/aedb-mls/bin/ns3: Permission denied
sh: /home/clusterusers/siturriaga/itu-maestria/trunk/aedb-mls/bin/ns3: Permission denied
sh: /home/clusterusers/siturriaga/itu-maestria/trunk/aedb-mls/bin/ns3: Permission denied
sh: /home/clusterusers/siturriaga/itu-maestria/trunk/aedb-mls/bin/ns3: Permission denied
sh: /home/clusterusers/siturriaga/itu-maestria/trunk/aedb-mls/bin/ns3: Permission denied
sh: /home/clusterusers/siturriaga/itu-maestria/trunk/aedb-mls/bin/ns3: Permission denied
sh: sh: /home/clusterusers/siturriaga/itu-maestria/trunk/aedb-mls/bin/ns3: Permission denied
/home/clusterusers/siturriaga/itu-maestria/trunk/aedb-mls/bin/ns3: Permission denied
sh: /home/clusterusers/siturriaga/itu-maestria/trunk/aedb-mls/bin/ns3: Permission denied
sh: /home/clusterusers/siturriaga/itu-maestria/trunk/aedb-mls/bin/ns3: Permission denied
sh: /home/clusterusers/siturriaga/itu-maestria/trunk/aedb-mls/bin/ns3: Permission denied
sh: /home/clusterusers/siturriaga/itu-maestria/trunk/aedb-mls/bin/ns3: Permission denied
sh: /home/clusterusers/siturriaga/itu-maestria/trunk/aedb-mls/bin/ns3: Permission denied
sh: /home/clusterusers/siturriaga/itu-maestria/trunk/aedb-mls/bin/ns3: Permission denied
sh: /home/clusterusers/siturriaga/itu-maestria/trunk/aedb-mls/bin/ns3: Permission denied
sh: /home/clusterusers/siturriaga/itu-maestria/trunk/aedb-mls/bin/ns3: Permission denied
sh: /home/clusterusers/siturriaga/itu-maestria/trunk/aedb-mls/bin/ns3: Permission denied
sh: /home/clusterusers/siturriaga/itu-maestria/trunk/aedb-mls/bin/ns3: Permission denied
[INFO][AGA] Kaput!
[INFO] AGA information ============================================ 
[INFO] Population count: 99
[INFO] Population:
(0) borders_threshold   = -74.71
     margin_forwarding   = 0.34
     min_delay           = 0.00
     max_delay           = 2.23
     neighbors_threshold = 0
     energy              = 3.74
     coverage            = 2.40 (0.42)
     nforwardings        = 2.40
     time                = 0.84
0,-74.709554,0.344302,0.000000,2.228285,0,3.741130,2.400000,2.400000,0.844955
(1) borders_threshold   = -91.92
     margin_forwarding   = 0.29
     min_delay           = 0.05
     max_delay           = 0.00
     neighbors_threshold = 20
     energy              = 84.79
     coverage            = 17.70 (0.06)
     nforwardings        = 4.50
     time                = 0.07
1,-91.920421,0.287270,0.045637,0.000000,20,84.787500,17.700000,4.500000,0.069526
(2) borders_threshold   = -93.17
     margin_forwarding   = 0.29
     min_delay           = 0.00
     max_delay           = 0.68
     neighbors_threshold = 11
     energy              = 65.05
     coverage            = 15.20 (0.07)
     nforwardings        = 3.20
     time                = 0.69
2,-93.166076,0.287270,0.000000,0.682112,11,65.046700,15.200000,3.200000,0.690608
(3) borders_threshold   = -74.76
     margin_forwarding   = 0.34
     min_delay           = 0.58
     max_delay           = 5.00
     neighbors_threshold = 2
     energy              = 4.95
     coverage            = 2.20 (0.45)
     nforwardings        = 1.60
     time                = 1.62
3,-74.764986,0.344302,0.582119,5.000000,2,4.953810,2.200000,1.600000,1.621760
(4) borders_threshold   = -94.15
     margin_forwarding   = 0.29
     min_delay           = 0.88
     max_delay           = 0.28
     neighbors_threshold = 0
     energy              = 54.66
     coverage            = 13.40 (0.07)
     nforwardings        = 2.50
     time                = 1.00
4,-94.153800,0.287270,0.883294,0.284759,0,54.656100,13.400000,2.500000,1.000290
(5) borders_threshold   = -94.69
     margin_forwarding   = 0.29
     min_delay           = 0.57
     max_delay           = 0.05
     neighbors_threshold = 0
     energy              = 33.80
     coverage            = 10.90 (0.09)
     nforwardings        = 1.20
     time                = 0.32
5,-94.685699,0.287270,0.567500,0.054620,0,33.803100,10.900000,1.200000,0.322511
(6) borders_threshold   = -93.35
     margin_forwarding   = 0.29
     min_delay           = 0.39
     max_delay           = 0.61
     neighbors_threshold = 18
     energy              = 71.16
     coverage            = 16.10 (0.06)
     nforwardings        = 3.60
     time                = 1.08
6,-93.351285,0.287270,0.390692,0.607098,18,71.161900,16.100000,3.600000,1.079670
(7) borders_threshold   = -94.72
     margin_forwarding   = 0.29
     min_delay           = 0.39
     max_delay           = 0.00
     neighbors_threshold = 21
     energy              = 22.67
     coverage            = 8.70 (0.11)
     nforwardings        = 0.50
     time                = 0.11
7,-94.723195,0.287270,0.390692,0.000000,21,22.674100,8.700000,0.500000,0.111186
(8) borders_threshold   = -86.76
     margin_forwarding   = 2.93
     min_delay           = 0.00
     max_delay           = 0.42
     neighbors_threshold = 27
     energy              = 174.92
     coverage            = 23.10 (0.04)
     nforwardings        = 10.50
     time                = 0.78
8,-86.760645,2.934439,0.000000,0.420222,27,174.917000,23.100000,10.500000,0.780042
(9) borders_threshold   = -74.99
     margin_forwarding   = 0.34
     min_delay           = 1.00
     max_delay           = 0.00
     neighbors_threshold = 0
     energy              = 6.80
     coverage            = 2.40 (0.42)
     nforwardings        = 2.00
     time                = 0.35
9,-74.990907,0.344302,1.000000,0.000000,0,6.798480,2.400000,2.000000,0.345189
(10) borders_threshold   = -94.38
     margin_forwarding   = 0.13
     min_delay           = 0.00
     max_delay           = 0.00
     neighbors_threshold = 8
     energy              = 49.56
     coverage            = 13.30 (0.08)
     nforwardings        = 2.20
     time                = 0.00
10,-94.376293,0.133313,0.000000,0.000000,8,49.559400,13.300000,2.200000,0.001969
(11) borders_threshold   = -87.03
     margin_forwarding   = 0.29
     min_delay           = 1.00
     max_delay           = 0.00
     neighbors_threshold = 17
     energy              = 180.71
     coverage            = 23.30 (0.04)
     nforwardings        = 11.90
     time                = 1.84
11,-87.034973,0.287270,1.000000,0.000000,17,180.711000,23.300000,11.900000,1.840340
(12) borders_threshold   = -94.58
     margin_forwarding   = 0.29
     min_delay           = 0.00
     max_delay           = 0.40
     neighbors_threshold = 30
     energy              = 36.21
     coverage            = 11.20 (0.09)
     nforwardings        = 1.30
     time                = 0.19
12,-94.581377,0.287270,0.000000,0.401589,30,36.213700,11.200000,1.300000,0.185061
(13) borders_threshold   = -94.29
     margin_forwarding   = 0.29
     min_delay           = 0.88
     max_delay           = 0.28
     neighbors_threshold = 0
     energy              = 35.92
     coverage            = 11.10 (0.09)
     nforwardings        = 1.30
     time                = 0.72
13,-94.291164,0.287270,0.883294,0.284759,0,35.923500,11.100000,1.300000,0.715275
(14) borders_threshold   = -72.10
     margin_forwarding   = 0.34
     min_delay           = 0.58
     max_delay           = 5.00
     neighbors_threshold = 0
     energy              = 5.31
     coverage            = 2.00 (0.50)
     nforwardings        = 1.50
     time                = 1.60
14,-72.096106,0.344302,0.582119,5.000000,0,5.311620,2.000000,1.500000,1.596860
(15) borders_threshold   = -92.81
     margin_forwarding   = 0.29
     min_delay           = 0.25
     max_delay           = 0.61
     neighbors_threshold = 20
     energy              = 75.88
     coverage            = 17.20 (0.06)
     nforwardings        = 3.90
     time                = 1.30
15,-92.805586,0.287270,0.250388,0.607098,20,75.884900,17.200000,3.900000,1.296630
(16) borders_threshold   = -92.99
     margin_forwarding   = 0.29
     min_delay           = 0.39
     max_delay           = 0.61
     neighbors_threshold = 15
     energy              = 66.58
     coverage            = 15.60 (0.06)
     nforwardings        = 3.30
     time                = 1.07
16,-92.992402,0.287270,0.390692,0.607098,15,66.575400,15.600000,3.300000,1.074870
(17) borders_threshold   = -74.36
     margin_forwarding   = 1.78
     min_delay           = 0.00
     max_delay           = 3.10
     neighbors_threshold = 2
     energy              = 7.02
     coverage            = 2.90 (0.34)
     nforwardings        = 2.80
     time                = 1.30
17,-74.361055,1.779995,0.000000,3.101913,2,7.019670,2.900000,2.800000,1.302130
(18) borders_threshold   = -94.71
     margin_forwarding   = 0.13
     min_delay           = 0.31
     max_delay           = 0.01
     neighbors_threshold = 0
     energy              = 37.39
     coverage            = 11.40 (0.09)
     nforwardings        = 1.40
     time                = 0.23
18,-94.709619,0.133313,0.311256,0.008363,0,37.385600,11.400000,1.400000,0.231125
(19) borders_threshold   = -87.39
     margin_forwarding   = 2.90
     min_delay           = 0.98
     max_delay           = 0.00
     neighbors_threshold = 50
     energy              = 183.60
     coverage            = 23.30 (0.04)
     nforwardings        = 11.10
     time                = 1.71
19,-87.388658,2.899196,0.983904,0.000000,50,183.597000,23.300000,11.100000,1.709360
(20) borders_threshold   = -75.80
     margin_forwarding   = 0.34
     min_delay           = 0.58
     max_delay           = 2.19
     neighbors_threshold = 0
     energy              = 12.20
     coverage            = 3.20 (0.31)
     nforwardings        = 2.80
     time                = 1.51
20,-75.795799,0.344302,0.582119,2.190508,0,12.202100,3.200000,2.800000,1.508690
(21) borders_threshold   = -73.54
     margin_forwarding   = 0.34
     min_delay           = 0.00
     max_delay           = 4.15
     neighbors_threshold = 0
     energy              = 5.87
     coverage            = 2.30 (0.43)
     nforwardings        = 2.00
     time                = 1.47
21,-73.539928,0.344302,0.000000,4.149795,0,5.870930,2.300000,2.000000,1.473910
(22) borders_threshold   = -71.83
     margin_forwarding   = 1.78
     min_delay           = 1.00
     max_delay           = 2.86
     neighbors_threshold = 2
     energy              = 7.13
     coverage            = 3.10 (0.32)
     nforwardings        = 2.90
     time                = 1.35
22,-71.833577,1.779995,1.000000,2.857957,2,7.132430,3.100000,2.900000,1.352830
(23) borders_threshold   = -80.45
     margin_forwarding   = 0.34
     min_delay           = 0.58
     max_delay           = 0.00
     neighbors_threshold = 19
     energy              = 247.41
     coverage            = 23.90 (0.04)
     nforwardings        = 17.30
     time                = 0.88
23,-80.451455,0.344302,0.575016,0.000000,19,247.407000,23.900000,17.300000,0.879305
(24) borders_threshold   = -75.72
     margin_forwarding   = 0.34
     min_delay           = 0.58
     max_delay           = 2.19
     neighbors_threshold = 2
     energy              = 13.27
     coverage            = 3.30 (0.30)
     nforwardings        = 2.90
     time                = 1.54
24,-75.715160,0.344302,0.582119,2.190508,2,13.267900,3.300000,2.900000,1.543900
(25) borders_threshold   = -90.30
     margin_forwarding   = 0.38
     min_delay           = 0.14
     max_delay           = 3.66
     neighbors_threshold = 47
     energy              = 110.73
     coverage            = 19.20 (0.05)
     nforwardings        = 6.30
     time                = 4.95
25,-90.295547,0.378766,0.137062,3.658809,47,110.735000,19.200000,6.300000,4.951430
(26) borders_threshold   = -94.72
     margin_forwarding   = 0.29
     min_delay           = 0.57
     max_delay           = 0.05
     neighbors_threshold = 0
     energy              = 25.88
     coverage            = 9.20 (0.11)
     nforwardings        = 0.70
     time                = 0.26
26,-94.716530,0.287270,0.567500,0.054620,0,25.878200,9.200000,0.700000,0.255297
(27) borders_threshold   = -93.82
     margin_forwarding   = 0.29
     min_delay           = 0.41
     max_delay           = 0.83
     neighbors_threshold = 11
     energy              = 44.18
     coverage            = 12.20 (0.08)
     nforwardings        = 1.90
     time                = 0.99
27,-93.821309,0.287270,0.411478,0.833340,11,44.182700,12.200000,1.900000,0.986002
(28) borders_threshold   = -94.20
     margin_forwarding   = 0.29
     min_delay           = 0.88
     max_delay           = 0.28
     neighbors_threshold = 0
     energy              = 35.81
     coverage            = 11.00 (0.09)
     nforwardings        = 1.30
     time                = 0.72
28,-94.203614,0.287270,0.883294,0.284759,0,35.812700,11.000000,1.300000,0.715275
(29) borders_threshold   = -77.83
     margin_forwarding   = 0.34
     min_delay           = 0.00
     max_delay           = 2.23
     neighbors_threshold = 0
     energy              = 14.03
     coverage            = 2.90 (0.34)
     nforwardings        = 2.40
     time                = 0.98
29,-77.834896,0.344302,0.000000,2.228285,0,14.031100,2.900000,2.400000,0.978527
(30) borders_threshold   = -73.16
     margin_forwarding   = 1.78
     min_delay           = 0.00
     max_delay           = 2.86
     neighbors_threshold = 2
     energy              = 9.42
     coverage            = 2.60 (0.38)
     nforwardings        = 2.50
     time                = 1.59
30,-73.162055,1.779995,0.000000,2.857957,2,9.424930,2.600000,2.500000,1.593290
(31) borders_threshold   = -93.21
     margin_forwarding   = 0.29
     min_delay           = 0.00
     max_delay           = 0.61
     neighbors_threshold = 10
     energy              = 80.83
     coverage            = 17.50 (0.06)
     nforwardings        = 4.20
     time                = 0.80
31,-93.210857,0.287270,0.000000,0.607098,10,80.829900,17.500000,4.200000,0.801101
(32) borders_threshold   = -95.00
     margin_forwarding   = 0.13
     min_delay           = 0.00
     max_delay           = 0.00
     neighbors_threshold = 15
     energy              = 14.88
     coverage            = 4.80 (0.21)
     nforwardings        = 0.00
     time                = 0.00
32,-95.000000,0.133313,0.000000,0.000000,15,14.883600,4.800000,0.000000,0.000736
(33) borders_threshold   = -89.88
     margin_forwarding   = 2.93
     min_delay           = 0.32
     max_delay           = 0.28
     neighbors_threshold = 43
     energy              = 112.65
     coverage            = 19.20 (0.05)
     nforwardings        = 6.10
     time                = 0.83
33,-89.884845,2.934439,0.318678,0.279141,43,112.649000,19.200000,6.100000,0.831044
(34) borders_threshold   = -72.36
     margin_forwarding   = 1.78
     min_delay           = 0.76
     max_delay           = 2.86
     neighbors_threshold = 0
     energy              = 11.67
     coverage            = 3.10 (0.32)
     nforwardings        = 2.80
     time                = 1.84
34,-72.358340,1.779995,0.758229,2.857957,0,11.674000,3.100000,2.800000,1.841880
(35) borders_threshold   = -94.43
     margin_forwarding   = 0.72
     min_delay           = 1.00
     max_delay           = 0.00
     neighbors_threshold = 6
     energy              = 18.03
     coverage            = 7.60 (0.13)
     nforwardings        = 0.20
     time                = 0.15
35,-94.429038,0.719428,1.000000,0.000000,6,18.026300,7.600000,0.200000,0.148290
(36) borders_threshold   = -94.36
     margin_forwarding   = 2.08
     min_delay           = 0.70
     max_delay           = 3.42
     neighbors_threshold = 14
     energy              = 22.38
     coverage            = 8.10 (0.12)
     nforwardings        = 0.70
     time                = 1.43
36,-94.355766,2.082869,0.699379,3.419564,14,22.383900,8.100000,0.700000,1.432940
(37) borders_threshold   = -93.42
     margin_forwarding   = 0.29
     min_delay           = 0.00
     max_delay           = 0.96
     neighbors_threshold = 9
     energy              = 62.50
     coverage            = 14.90 (0.07)
     nforwardings        = 3.00
     time                = 0.68
37,-93.419308,0.287270,0.000000,0.957694,9,62.497400,14.900000,3.000000,0.676463
(38) borders_threshold   = -88.86
     margin_forwarding   = 1.78
     min_delay           = 1.00
     max_delay           = 0.00
     neighbors_threshold = 0
     energy              = 1.42
     coverage            = 1.42 (0.70)
     nforwardings        = 1.42
     time                = 1.42
38,-88.859182,1.779995,1.000000,0.000000,0,1.423380,1.423380,1.423380,1.423380
(39) borders_threshold   = -70.00
     margin_forwarding   = 0.34
     min_delay           = 1.00
     max_delay           = 5.00
     neighbors_threshold = 0
     energy              = 0.25
     coverage            = 2.00 (0.50)
     nforwardings        = 1.80
     time                = 1.94
39,-70.000000,0.344302,1.000000,5.000000,0,0.245722,2.000000,1.800000,1.944570
(40) borders_threshold   = -93.35
     margin_forwarding   = 0.29
     min_delay           = 0.00
     max_delay           = 0.96
     neighbors_threshold = 8
     energy              = 72.29
     coverage            = 16.50 (0.06)
     nforwardings        = 3.60
     time                = 0.95
40,-93.350241,0.287270,0.000000,0.957694,8,72.293500,16.500000,3.600000,0.949507
(41) borders_threshold   = -90.77
     margin_forwarding   = 2.50
     min_delay           = 0.01
     max_delay           = 1.22
     neighbors_threshold = 21
     energy              = 114.16
     coverage            = 20.00 (0.05)
     nforwardings        = 6.20
     time                = 1.59
41,-90.765985,2.497456,0.012791,1.221093,21,114.159000,20.000000,6.200000,1.591150
(42) borders_threshold   = -86.71
     margin_forwarding   = 0.34
     min_delay           = 0.58
     max_delay           = 0.00
     neighbors_threshold = 8
     energy              = 183.99
     coverage            = 23.40 (0.04)
     nforwardings        = 12.40
     time                = 1.13
42,-86.709148,0.344302,0.575016,0.000000,8,183.988000,23.400000,12.400000,1.130230
(43) borders_threshold   = -70.00
     margin_forwarding   = 0.34
     min_delay           = 0.58
     max_delay           = 4.46
     neighbors_threshold = 2
     energy              = 3.95
     coverage            = 1.90 (0.53)
     nforwardings        = 1.60
     time                = 1.51
43,-70.000000,0.344302,0.575016,4.456754,2,3.947390,1.900000,1.600000,1.509230
(44) borders_threshold   = -90.53
     margin_forwarding   = 2.93
     min_delay           = 0.32
     max_delay           = 0.56
     neighbors_threshold = 41
     energy              = 125.56
     coverage            = 21.00 (0.05)
     nforwardings        = 6.90
     time                = 1.52
44,-90.534265,2.934439,0.318678,0.558450,41,125.560000,21.000000,6.900000,1.519890
(45) borders_threshold   = -87.68
     margin_forwarding   = 2.93
     min_delay           = 0.32
     max_delay           = 0.56
     neighbors_threshold = 47
     energy              = 148.41
     coverage            = 22.00 (0.05)
     nforwardings        = 8.80
     time                = 1.61
45,-87.676229,2.934439,0.318678,0.558450,47,148.405000,22.000000,8.800000,1.613030
(46) borders_threshold   = -70.00
     margin_forwarding   = 0.34
     min_delay           = 0.58
     max_delay           = 5.00
     neighbors_threshold = 0
     energy              = 3.68
     coverage            = 1.70 (0.59)
     nforwardings        = 1.50
     time                = 1.60
46,-70.000000,0.344302,0.582119,5.000000,0,3.676490,1.700000,1.500000,1.596860
(47) borders_threshold   = -93.79
     margin_forwarding   = 0.34
     min_delay           = 0.18
     max_delay           = 1.59
     neighbors_threshold = 4
     energy              = 61.00
     coverage            = 14.20 (0.07)
     nforwardings        = 2.90
     time                = 1.47
47,-93.789141,0.344302,0.181131,1.585623,4,60.995200,14.200000,2.900000,1.474020
(48) borders_threshold   = -92.78
     margin_forwarding   = 0.29
     min_delay           = 0.00
     max_delay           = 0.61
     neighbors_threshold = 12
     energy              = 79.54
     coverage            = 17.30 (0.06)
     nforwardings        = 4.20
     time                = 0.80
48,-92.784504,0.287270,0.000000,0.607098,12,79.538700,17.300000,4.200000,0.798749
(49) borders_threshold   = -92.41
     margin_forwarding   = 2.08
     min_delay           = 1.00
     max_delay           = 0.00
     neighbors_threshold = 0
     energy              = 55.65
     coverage            = 13.90 (0.07)
     nforwardings        = 2.50
     time                = 0.71
49,-92.412163,2.082869,1.000000,0.000000,0,55.654900,13.900000,2.500000,0.712552
(50) borders_threshold   = -75.45
     margin_forwarding   = 0.34
     min_delay           = 0.00
     max_delay           = 2.23
     neighbors_threshold = 0
     energy              = 10.03
     coverage            = 2.90 (0.34)
     nforwardings        = 2.50
     time                = 0.98
50,-75.448519,0.344302,0.000000,2.228285,0,10.031800,2.900000,2.500000,0.978527
(51) borders_threshold   = -92.14
     margin_forwarding   = 0.29
     min_delay           = 0.57
     max_delay           = 0.05
     neighbors_threshold = 14
     energy              = 89.76
     coverage            = 18.40 (0.05)
     nforwardings        = 4.80
     time                = 0.90
51,-92.140860,0.287270,0.567500,0.054620,14,89.757800,18.400000,4.800000,0.898818
(52) borders_threshold   = -79.55
     margin_forwarding   = 0.34
     min_delay           = 0.58
     max_delay           = 2.19
     neighbors_threshold = 0
     energy              = 13.02
     coverage            = 2.80 (0.36)
     nforwardings        = 2.30
     time                = 1.71
52,-79.547221,0.344302,0.582119,2.190508,0,13.021500,2.800000,2.300000,1.712950
(53) borders_threshold   = -91.88
     margin_forwarding   = 2.93
     min_delay           = 0.40
     max_delay           = 0.56
     neighbors_threshold = 32
     energy              = 84.91
     coverage            = 17.70 (0.06)
     nforwardings        = 4.30
     time                = 1.36
53,-91.877639,2.934439,0.403463,0.558450,32,84.909200,17.700000,4.300000,1.356510
(54) borders_threshold   = -94.87
     margin_forwarding   = 0.13
     min_delay           = 0.00
     max_delay           = 0.00
     neighbors_threshold = 15
     energy              = 27.29
     coverage            = 9.70 (0.10)
     nforwardings        = 0.80
     time                = 0.00
54,-94.866780,0.133313,0.000000,0.000000,15,27.285200,9.700000,0.800000,0.001353
(55) borders_threshold   = -93.51
     margin_forwarding   = 2.19
     min_delay           = 0.24
     max_delay           = 1.05
     neighbors_threshold = 1
     energy              = 49.62
     coverage            = 13.20 (0.08)
     nforwardings        = 2.10
     time                = 1.13
55,-93.505487,2.188332,0.240539,1.046581,1,49.620400,13.200000,2.100000,1.131170
(56) borders_threshold   = -94.35
     margin_forwarding   = 0.29
     min_delay           = 0.51
     max_delay           = 1.53
     neighbors_threshold = 0
     energy              = 39.31
     coverage            = 11.80 (0.08)
     nforwardings        = 1.60
     time                = 1.54
56,-94.347074,0.287270,0.512272,1.533213,0,39.307600,11.800000,1.600000,1.542090
(57) borders_threshold   = -74.83
     margin_forwarding   = 0.34
     min_delay           = 1.00
     max_delay           = 2.19
     neighbors_threshold = 0
     energy              = 7.62
     coverage            = 2.30 (0.43)
     nforwardings        = 1.90
     time                = 1.02
57,-74.827632,0.344302,1.000000,2.190508,0,7.620540,2.300000,1.900000,1.017830
(58) borders_threshold   = -74.18
     margin_forwarding   = 1.78
     min_delay           = 0.35
     max_delay           = 2.86
     neighbors_threshold = 2
     energy              = 8.16
     coverage            = 2.90 (0.34)
     nforwardings        = 2.70
     time                = 1.55
58,-74.176643,1.779995,0.348020,2.857957,2,8.157790,2.900000,2.700000,1.547820
(59) borders_threshold   = -94.62
     margin_forwarding   = 0.13
     min_delay           = 0.31
     max_delay           = 0.00
     neighbors_threshold = 1
     energy              = 45.00
     coverage            = 13.00 (0.08)
     nforwardings        = 1.90
     time                = 0.29
59,-94.622025,0.133313,0.311256,0.000000,1,45.002700,13.000000,1.900000,0.289225
(60) borders_threshold   = -91.60
     margin_forwarding   = 2.93
     min_delay           = 0.32
     max_delay           = 0.28
     neighbors_threshold = 50
     energy              = 98.01
     coverage            = 19.10 (0.05)
     nforwardings        = 5.20
     time                = 0.87
60,-91.598816,2.934439,0.318678,0.279141,50,98.011500,19.100000,5.200000,0.867617
(61) borders_threshold   = -93.75
     margin_forwarding   = 2.93
     min_delay           = 0.32
     max_delay           = 0.00
     neighbors_threshold = 32
     energy              = 40.05
     coverage            = 11.70 (0.09)
     nforwardings        = 1.50
     time                = 0.23
61,-93.746213,2.934439,0.318678,0.000000,32,40.051500,11.700000,1.500000,0.227670
(62) borders_threshold   = -71.80
     margin_forwarding   = 0.34
     min_delay           = 0.00
     max_delay           = 3.42
     neighbors_threshold = 1
     energy              = 1.72
     coverage            = 1.80 (0.56)
     nforwardings        = 1.70
     time                = 1.49
62,-71.803514,0.344302,0.000000,3.421899,1,1.716320,1.800000,1.700000,1.489260
(63) borders_threshold   = -73.86
     margin_forwarding   = 1.78
     min_delay           = 0.00
     max_delay           = 3.10
     neighbors_threshold = 1
     energy              = 5.61
     coverage            = 2.80 (0.36)
     nforwardings        = 2.80
     time                = 1.30
63,-73.863768,1.779995,0.000000,3.101913,1,5.605760,2.800000,2.800000,1.302130
(64) borders_threshold   = -82.05
     margin_forwarding   = 1.78
     min_delay           = 0.76
     max_delay           = 0.00
     neighbors_threshold = 10
     energy              = 237.21
     coverage            = 23.80 (0.04)
     nforwardings        = 15.70
     time                = 1.04
64,-82.049651,1.779995,0.758229,0.000000,10,237.211000,23.800000,15.700000,1.041340
(65) borders_threshold   = -75.21
     margin_forwarding   = 0.34
     min_delay           = 1.00
     max_delay           = 2.19
     neighbors_threshold = 0
     energy              = 11.02
     coverage            = 3.00 (0.33)
     nforwardings        = 2.60
     time                = 1.79
65,-75.209758,0.344302,1.000000,2.190508,0,11.015500,3.000000,2.600000,1.789310
(66) borders_threshold   = -93.92
     margin_forwarding   = 0.34
     min_delay           = 0.18
     max_delay           = 1.59
     neighbors_threshold = 5
     energy              = 59.39
     coverage            = 14.00 (0.07)
     nforwardings        = 2.80
     time                = 1.49
66,-93.920423,0.344302,0.181131,1.585623,5,59.385300,14.000000,2.800000,1.490310
(67) borders_threshold   = -94.09
     margin_forwarding   = 1.10
     min_delay           = 1.00
     max_delay           = 0.17
     neighbors_threshold = 11
     energy              = 26.83
     coverage            = 9.30 (0.11)
     nforwardings        = 0.70
     time                = 0.39
67,-94.089200,1.102386,1.000000,0.172900,11,26.830500,9.300000,0.700000,0.389909
(68) borders_threshold   = -77.60
     margin_forwarding   = 0.34
     min_delay           = 0.58
     max_delay           = 2.19
     neighbors_threshold = 2
     energy              = 14.03
     coverage            = 3.10 (0.32)
     nforwardings        = 2.60
     time                = 1.48
68,-77.603079,0.344302,0.582119,2.190508,2,14.031500,3.100000,2.600000,1.481700
(69) borders_threshold   = -94.39
     margin_forwarding   = 0.29
     min_delay           = 0.37
     max_delay           = 1.52
     neighbors_threshold = 0
     energy              = 44.67
     coverage            = 12.80 (0.08)
     nforwardings        = 1.90
     time                = 1.46
69,-94.386727,0.287270,0.369808,1.522898,0,44.669800,12.800000,1.900000,1.464380
(70) borders_threshold   = -70.00
     margin_forwarding   = 0.34
     min_delay           = 0.58
     max_delay           = 4.46
     neighbors_threshold = 2
     energy              = 1.51
     coverage            = 1.51 (0.66)
     nforwardings        = 1.51
     time                = 1.51
70,-70.000000,0.344302,0.575016,4.456754,2,1.509230,1.509230,1.509230,1.509230
(71) borders_threshold   = -94.33
     margin_forwarding   = 0.72
     min_delay           = 1.00
     max_delay           = 0.00
     neighbors_threshold = 11
     energy              = 19.49
     coverage            = 7.70 (0.13)
     nforwardings        = 0.30
     time                = 0.21
71,-94.325261,0.719428,1.000000,0.000000,11,19.488100,7.700000,0.300000,0.209009
(72) borders_threshold   = -75.55
     margin_forwarding   = 0.34
     min_delay           = 1.00
     max_delay           = 2.29
     neighbors_threshold = 2
     energy              = 12.50
     coverage            = 3.00 (0.33)
     nforwardings        = 2.50
     time                = 1.66
72,-75.554837,0.344302,1.000000,2.289147,2,12.504700,3.000000,2.500000,1.658730
(73) borders_threshold   = -92.21
     margin_forwarding   = 0.72
     min_delay           = 0.94
     max_delay           = 0.00
     neighbors_threshold = 10
     energy              = 59.46
     coverage            = 14.10 (0.07)
     nforwardings        = 2.80
     time                = 0.77
73,-92.208225,0.719428,0.939802,0.000000,10,59.455300,14.100000,2.800000,0.766021
(74) borders_threshold   = -87.25
     margin_forwarding   = 0.29
     min_delay           = 1.00
     max_delay           = 0.00
     neighbors_threshold = 30
     energy              = 169.82
     coverage            = 22.20 (0.05)
     nforwardings        = 11.10
     time                = 1.85
74,-87.254747,0.287270,1.000000,0.000000,30,169.820000,22.200000,11.100000,1.846630
(75) borders_threshold   = -94.66
     margin_forwarding   = 0.29
     min_delay           = 0.39
     max_delay           = 0.00
     neighbors_threshold = 22
     energy              = 32.56
     coverage            = 10.30 (0.10)
     nforwardings        = 1.10
     time                = 0.25
75,-94.660707,0.287270,0.388523,0.000000,22,32.558100,10.300000,1.100000,0.246887
(76) borders_threshold   = -90.84
     margin_forwarding   = 0.29
     min_delay           = 0.39
     max_delay           = 0.54
     neighbors_threshold = 25
     energy              = 121.45
     coverage            = 20.40 (0.05)
     nforwardings        = 7.10
     time                = 1.92
76,-90.838660,0.287270,0.388523,0.543598,25,121.447000,20.400000,7.100000,1.918600
(77) borders_threshold   = -94.48
     margin_forwarding   = 0.29
     min_delay           = 0.81
     max_delay           = 0.00
     neighbors_threshold = 0
     energy              = 40.81
     coverage            = 12.00 (0.08)
     nforwardings        = 1.60
     time                = 0.55
77,-94.483856,0.287270,0.809874,0.000000,0,40.812700,12.000000,1.600000,0.553061
(78) borders_threshold   = -85.99
     margin_forwarding   = 0.34
     min_delay           = 0.58
     max_delay           = 0.00
     neighbors_threshold = 15
     energy              = 191.38
     coverage            = 23.70 (0.04)
     nforwardings        = 12.80
     time                = 0.99
78,-85.988351,0.344302,0.575016,0.000000,15,191.384000,23.700000,12.800000,0.987995
(79) borders_threshold   = -91.90
     margin_forwarding   = 0.72
     min_delay           = 1.00
     max_delay           = 0.00
     neighbors_threshold = 30
     energy              = 87.90
     coverage            = 18.00 (0.06)
     nforwardings        = 4.60
     time                = 1.20
79,-91.900206,0.719428,1.000000,0.000000,30,87.898000,18.000000,4.600000,1.202000
(80) borders_threshold   = -92.37
     margin_forwarding   = 0.34
     min_delay           = 1.00
     max_delay           = 0.11
     neighbors_threshold = 17
     energy              = 71.10
     coverage            = 15.90 (0.06)
     nforwardings        = 3.60
     time                = 1.15
80,-92.368199,0.344302,1.000000,0.110579,17,71.095900,15.900000,3.600000,1.154090
(81) borders_threshold   = -94.86
     margin_forwarding   = 0.13
     min_delay           = 0.31
     max_delay           = 0.00
     neighbors_threshold = 0
     energy              = 25.68
     coverage            = 9.00 (0.11)
     nforwardings        = 0.70
     time                = 0.12
81,-94.864154,0.133313,0.311256,0.000000,0,25.683100,9.000000,0.700000,0.124379
(82) borders_threshold   = -73.74
     margin_forwarding   = 0.34
     min_delay           = 0.58
     max_delay           = 1.95
     neighbors_threshold = 2
     energy              = 13.88
     coverage            = 3.60 (0.28)
     nforwardings        = 3.30
     time                = 1.25
82,-73.735763,0.344302,0.582119,1.951520,2,13.879700,3.600000,3.300000,1.247440
(83) borders_threshold   = -72.94
     margin_forwarding   = 1.78
     min_delay           = 0.00
     max_delay           = 3.84
     neighbors_threshold = 0
     energy              = 4.26
     coverage            = 2.10 (0.48)
     nforwardings        = 1.90
     time                = 1.28
83,-72.935459,1.779995,0.000000,3.844344,0,4.255160,2.100000,1.900000,1.275530
(84) borders_threshold   = -74.38
     margin_forwarding   = 0.34
     min_delay           = 0.58
     max_delay           = 1.95
     neighbors_threshold = 0
     energy              = 2.44
     coverage            = 2.10 (0.48)
     nforwardings        = 2.10
     time                = 0.87
84,-74.381874,0.344302,0.582119,1.951520,0,2.441300,2.100000,2.100000,0.874175
(86) borders_threshold   = -94.61
     margin_forwarding   = 0.72
     min_delay           = 0.94
     max_delay           = 0.00
     neighbors_threshold = 2
     energy              = 16.37
     coverage            = 6.80 (0.15)
     nforwardings        = 0.10
     time                = 0.06
86,-94.611469,0.719428,0.939802,0.000000,2,16.369100,6.800000,0.100000,0.055601
(87) borders_threshold   = -72.83
     margin_forwarding   = 0.34
     min_delay           = 0.00
     max_delay           = 2.23
     neighbors_threshold = 2
     energy              = 6.33
     coverage            = 2.70 (0.37)
     nforwardings        = 2.70
     time                = 1.37
87,-72.827087,0.344302,0.000000,2.228285,2,6.330150,2.700000,2.700000,1.371650
(88) borders_threshold   = -70.00
     margin_forwarding   = 0.34
     min_delay           = 1.00
     max_delay           = 2.19
     neighbors_threshold = 0
     energy              = 0.09
     coverage            = 1.70 (0.59)
     nforwardings        = 1.70
     time                = 0.70
88,-70.000000,0.344302,1.000000,2.190508,0,0.085579,1.700000,1.700000,0.703850
(89) borders_threshold   = -70.00
     margin_forwarding   = 0.34
     min_delay           = 1.00
     max_delay           = 4.46
     neighbors_threshold = 1
     energy              = 2.13
     coverage            = 1.50 (0.67)
     nforwardings        = 1.40
     time                = 1.19
89,-70.000000,0.344302,1.000000,4.456754,1,2.131650,1.500000,1.400000,1.191720
(90) borders_threshold   = -91.64
     margin_forwarding   = 2.90
     min_delay           = 0.86
     max_delay           = 0.00
     neighbors_threshold = 39
     energy              = 72.09
     coverage            = 16.30 (0.06)
     nforwardings        = 3.50
     time                = 0.99
90,-91.636795,2.899196,0.860292,0.000000,39,72.092700,16.300000,3.500000,0.993902
(91) borders_threshold   = -94.86
     margin_forwarding   = 0.13
     min_delay           = 0.00
     max_delay           = 0.00
     neighbors_threshold = 16
     energy              = 28.89
     coverage            = 9.90 (0.10)
     nforwardings        = 0.90
     time                = 0.00
91,-94.860011,0.133313,0.000000,0.000000,16,28.887200,9.900000,0.900000,0.001430
(92) borders_threshold   = -92.49
     margin_forwarding   = 0.29
     min_delay           = 1.00
     max_delay           = 0.05
     neighbors_threshold = 20
     energy              = 94.28
     coverage            = 18.90 (0.05)
     nforwardings        = 5.10
     time                = 1.52
92,-92.488276,0.287270,1.000000,0.054620,20,94.277900,18.900000,5.100000,1.523660
(93) borders_threshold   = -75.25
     margin_forwarding   = 0.34
     min_delay           = 0.00
     max_delay           = 2.23
     neighbors_threshold = 0
     energy              = 9.61
     coverage            = 2.90 (0.34)
     nforwardings        = 2.60
     time                = 0.85
93,-75.246194,0.344302,0.000000,2.228285,0,9.607810,2.900000,2.600000,0.845612
(94) borders_threshold   = -74.99
     margin_forwarding   = 0.34
     min_delay           = 0.00
     max_delay           = 2.19
     neighbors_threshold = 2
     energy              = 10.95
     coverage            = 2.40 (0.42)
     nforwardings        = 1.90
     time                = 0.66
94,-74.989767,0.344302,0.000000,2.190508,2,10.953600,2.400000,1.900000,0.657707
(95) borders_threshold   = -91.78
     margin_forwarding   = 0.29
     min_delay           = 1.00
     max_delay           = 0.00
     neighbors_threshold = 21
     energy              = 1.45
     coverage            = 1.45 (0.69)
     nforwardings        = 1.45
     time                = 1.45
95,-91.783205,0.287270,1.000000,0.000000,21,1.450430,1.450430,1.450430,1.450430
(96) borders_threshold   = -94.92
     margin_forwarding   = 0.13
     min_delay           = 0.35
     max_delay           = 0.00
     neighbors_threshold = 2
     energy              = 0.04
     coverage            = 0.04 (25.85)
     nforwardings        = 0.04
     time                = 0.04
96,-94.918671,0.133313,0.345879,0.000000,2,0.038686,0.038686,0.038686,0.038686
(97) borders_threshold   = -85.47
     margin_forwarding   = 0.34
     min_delay           = 0.58
     max_delay           = 0.00
     neighbors_threshold = 14
     energy              = 0.78
     coverage            = 0.78 (1.28)
     nforwardings        = 0.78
     time                = 0.78
97,-85.470887,0.344302,0.575016,0.000000,14,0.783921,0.783921,0.783921,0.783921
(98) borders_threshold   = -79.79
     margin_forwarding   = 0.34
     min_delay           = 0.58
     max_delay           = 0.00
     neighbors_threshold = 12
     energy              = 263.88
     coverage            = 24.00 (0.04)
     nforwardings        = 18.60
     time                = 1.05
98,-79.793615,0.344302,0.575016,0.000000,12,263.876000,24.000000,18.600000,1.045140
(99) borders_threshold   = -92.24
     margin_forwarding   = 0.29
     min_delay           = 0.57
     max_delay           = 0.05
     neighbors_threshold = 12
     energy              = 88.09
     coverage            = 18.20 (0.05)
     nforwardings        = 4.70
     time                = 0.95
99,-92.239984,0.287270,0.567500,0.054620,12,88.086500,18.200000,4.700000,0.950879

real	49m14.149s
user	41m18.247s
sys	7m51.053s
