[INFO][1] Cantidad de iteraciones: 3000
[INFO][8] Cantidad de iteraciones: 3000
[INFO][2] Cantidad de iteraciones: 3000
[INFO][6] Cantidad de iteraciones: 3000
[INFO][3] Cantidad de iteraciones: 3000
[INFO][7] Cantidad de iteraciones: 3000
[INFO][4] Cantidad de iteraciones: 3000
[INFO][5] Cantidad de iteraciones: 3000

id,borders_threshold,margin_forwarding,min_delay,max_delay,neighbors_threshold,energy,coverage,nforwardings,time
0,-77.978729,0.265246,0.505102,0.020356,2,12.173100,5.300000,4.300000,0.527111
1,-93.094911,0.265246,0.000000,1.014543,11,113.232000,43.500000,6.200000,1.493560
2,-93.095833,1.787812,0.377452,1.644129,49,102.479000,40.800000,5.400000,3.499680
3,-75.600878,0.265246,0.000000,1.432572,2,1.406770,5.600000,5.000000,1.987140
4,-75.491343,0.265246,0.000000,1.237659,3,0.867272,5.600000,5.300000,1.594780
5,-93.640644,2.950089,0.011105,1.038439,11,86.380600,37.000000,4.400000,1.050110
6,-75.947161,0.265246,0.000000,1.243782,5,13.012900,5.900000,5.200000,1.600960
7,-94.719053,0.265246,0.000000,0.958340,9,33.147900,19.000000,1.100000,0.387939
8,-76.007155,0.265246,0.000000,1.238380,0,6.622290,7.100000,6.800000,1.794520
9,-75.600667,1.456620,0.223519,4.959751,2,11.588500,6.800000,5.500000,6.027510
10,-75.511464,0.265246,0.741381,1.467183,4,7.227510,4.000000,3.400000,1.867160
11,-92.423430,2.463883,0.000000,0.871286,15,155.400000,48.600000,8.700000,1.430200
12,-71.175868,2.009542,0.558284,2.873047,4,0.328645,3.300000,3.100000,2.588620
13,-94.511180,0.829498,0.000000,0.989324,42,25.234300,16.200000,0.600000,0.227928
14,-93.847239,2.950089,0.011105,1.138663,9,46.459700,26.000000,1.900000,0.957404
15,-94.322170,0.829498,0.000000,0.989324,42,30.040500,17.800000,0.900000,0.319385
16,-75.043148,0.265246,0.669044,1.243782,0,3.690380,5.300000,4.700000,1.913090
17,-74.503674,0.265246,0.000000,1.243782,2,0.063644,4.500000,4.200000,1.400800
18,-91.812479,2.950089,0.011105,1.038439,34,151.867000,47.600000,8.500000,1.853660
19,-94.103693,2.950089,0.011105,1.038439,8,40.051500,25.300000,1.500000,0.476556
20,-73.854302,0.265246,0.000000,1.243782,7,12.084300,5.800000,5.000000,1.425750
21,-73.908259,0.265246,0.658653,1.243782,5,1.794950,3.800000,3.200000,1.150550
22,-94.094224,2.914792,0.854291,1.226723,29,36.847400,21.300000,1.300000,1.136040
23,-94.738400,0.265246,0.522398,0.294158,8,21.800000,15.200000,0.400000,0.151585
24,-93.515615,0.265246,0.000000,0.958340,10,104.126000,41.100000,5.600000,1.323310
25,-76.258725,0.265246,0.390873,1.224205,0,11.021200,4.400000,3.400000,1.360190
26,-76.020578,0.265246,0.000000,1.213248,4,4.319170,5.500000,4.800000,1.586580
27,-89.895754,2.950089,0.011105,1.038439,34,213.074000,49.000000,12.300000,1.359890
28,-76.277815,0.265246,0.000000,0.073341,4,7.925820,4.500000,3.600000,0.048830
29,-74.523685,0.265246,0.000000,1.243782,5,0.444295,5.400000,5.000000,1.214730
30,-75.408686,0.265246,0.000000,1.243782,0,6.396740,5.700000,5.100000,1.545060
31,-94.346431,0.265246,0.000000,1.017005,0,48.702800,28.300000,2.100000,0.736480
32,-92.833877,0.265246,0.000000,1.158903,13,135.490000,45.600000,7.600000,1.925960
33,-91.612636,0.265246,0.000000,1.158903,13,168.355000,48.700000,9.800000,1.789540
34,-75.484919,0.265246,0.505102,1.248585,4,3.575670,5.100000,4.600000,1.908990
35,-92.181139,2.025500,0.186160,0.489845,34,143.979000,46.300000,8.000000,1.206190
36,-75.884086,0.265246,0.000000,1.410668,0,0.088829,3.700000,3.400000,1.218070
37,-94.805896,0.265246,0.000000,1.241750,17,18.669800,13.700000,0.200000,0.199600
38,-94.124556,2.950089,0.011105,1.038439,10,38.449400,24.000000,1.400000,0.418362
39,-76.024146,0.265246,0.505102,1.243782,2,1.668330,3.800000,3.400000,1.360260
40,-94.555588,0.829498,0.000000,4.780793,39,23.606400,15.400000,0.500000,1.146250
41,-76.195734,0.265246,0.441823,1.198942,0,1.018920,5.200000,4.700000,1.434280
42,-93.052681,2.463883,0.000000,0.589717,33,123.351000,44.400000,6.700000,0.893877
43,-94.791118,0.265246,0.000000,0.779972,16,18.655300,13.200000,0.200000,0.148408
44,-92.380878,2.463883,0.000000,1.367459,16,137.765000,46.100000,7.600000,1.939900
45,-76.899647,0.265246,0.506039,0.830512,3,9.107210,5.800000,5.300000,1.328300
47,-76.157260,0.265246,0.741381,1.243782,4,3.915420,5.200000,4.600000,1.867470
48,-94.666614,0.829498,0.000000,0.989324,43,20.303800,13.800000,0.300000,0.077025
49,-73.258371,0.265246,0.000000,1.243782,7,3.971100,6.400000,6.100000,1.900100
50,-76.191713,0.265246,0.000000,1.243782,0,11.445400,5.600000,4.900000,1.504420
51,-72.008368,0.265246,0.658653,1.243782,6,2.738330,4.300000,3.600000,1.092390
52,-94.754663,0.265246,0.000000,0.958340,10,20.404600,14.500000,0.300000,0.213478
53,-76.233324,0.265246,0.000000,1.282880,0,2.273500,3.000000,2.800000,0.544016
54,-94.340919,0.265246,0.000000,1.017005,1,56.558100,30.200000,2.600000,0.916002
55,-72.744887,0.265246,1.000000,0.000000,5,4.778570,5.100000,4.500000,0.832701
56,-76.156268,0.265246,0.506039,1.243782,6,12.074900,4.700000,3.800000,1.164150
57,-72.048372,0.265246,0.506039,1.608281,6,1.095620,3.900000,3.600000,1.810910
58,-93.983195,1.787812,0.377452,0.000000,50,76.898900,34.300000,3.800000,0.526693
59,-73.380088,0.265246,0.000000,1.243782,8,3.313520,6.200000,5.600000,1.293440
60,-76.916592,0.265246,0.000000,0.073341,4,10.669000,6.300000,5.300000,0.081048
61,-74.750365,0.265246,0.335631,1.107008,4,0.518460,5.800000,5.700000,1.913870
62,-74.540013,0.265246,0.741381,1.243782,0,1.068140,4.800000,4.300000,1.908500
63,-75.347812,0.265246,0.506039,1.243782,0,0.985993,3.500000,3.100000,0.940521
64,-76.015852,0.265246,0.000000,1.432572,6,7.992130,5.800000,5.400000,1.535550
65,-75.902840,0.265246,0.000000,1.243782,0,10.206000,5.700000,5.000000,1.705540
66,-75.890863,0.265246,0.000000,1.299802,0,2.223480,3.100000,2.900000,0.645327
67,-73.771225,0.265246,0.505102,1.173540,6,8.914160,5.000000,4.100000,1.261070
68,-73.915559,0.265246,0.037415,1.224205,0,0.312359,3.200000,3.000000,0.910079
69,-75.440250,0.265246,0.658653,1.243782,7,8.495260,6.900000,6.100000,1.955820
70,-94.345433,0.829498,0.000000,0.989324,41,26.836400,16.600000,0.700000,0.237740
71,-76.966128,0.265246,0.273708,0.000000,2,14.750700,5.700000,4.900000,0.306935
72,-94.179801,1.479295,0.877667,2.607063,39,28.837100,16.700000,0.800000,1.423700
74,-72.397895,0.265246,0.741381,1.243782,6,5.438190,4.900000,4.000000,1.155270
75,-76.476383,0.265246,0.736752,0.947978,0,10.392100,4.200000,3.300000,1.251910
76,-92.774164,2.025500,0.186160,0.489845,28,123.337000,43.600000,6.700000,1.240410
77,-93.476197,2.950089,0.011105,1.038439,36,91.317400,37.200000,4.700000,1.259720
78,-74.641456,0.265246,0.000000,1.432572,4,0.186211,4.400000,4.000000,1.344480
79,-94.499731,0.265246,0.000000,0.958340,20,63.334300,33.700000,3.000000,1.185520
80,-93.694258,2.463883,0.165880,1.120630,21,94.521500,40.000000,4.900000,1.624410
81,-74.253428,0.265246,0.000000,1.432572,7,1.264290,4.900000,4.500000,1.344480
82,-75.616622,0.265246,0.505102,1.198942,0,1.708310,4.900000,4.200000,1.928120
83,-74.022366,0.265246,0.505102,1.275187,4,0.454136,3.900000,3.700000,1.454320
84,-95.000000,0.265246,0.000000,1.243782,15,15.239800,11.000000,0.000000,0.000737
85,-75.795615,0.265246,0.109015,1.243782,4,5.138740,4.400000,3.900000,1.596220
86,-92.890478,2.463883,0.000000,0.871286,13,129.767000,45.200000,7.100000,1.527620
87,-75.646872,0.265246,0.000000,1.432572,3,0.716592,5.300000,4.800000,1.658830
88,-91.642778,2.463883,0.000000,0.589717,19,176.212000,48.900000,10.000000,0.833985
89,-94.683639,0.265246,1.000000,0.862573,0,33.151300,19.900000,1.100000,0.937456
90,-92.377260,2.463883,0.000000,1.120630,21,145.787000,47.100000,8.100000,1.585210
91,-76.188029,0.265246,0.000000,1.213248,0,10.116100,3.300000,2.700000,0.622782
92,-71.020594,0.265246,0.505102,1.173540,6,5.653370,5.000000,4.300000,1.269310
93,-71.144624,0.265246,0.658653,1.243782,6,1.763410,4.300000,3.700000,1.224340
94,-94.888031,0.265246,0.000000,0.000000,14,16.700900,11.400000,0.100000,0.000814
95,-94.441481,0.265246,0.000000,0.779972,2,63.078000,31.700000,3.000000,0.809992
96,-94.425203,1.479295,0.877667,5.000000,40,23.816300,16.000000,0.500000,1.075980
97,-72.583830,0.265246,0.505102,1.243782,2,0.457632,2.800000,2.600000,0.884973
98,-75.986456,0.265246,0.000000,0.000000,0,9.640440,6.300000,6.000000,0.002739
99,-75.518160,0.265246,0.505102,1.198942,0,0.195201,4.700000,4.100000,1.845460
