[INFO][2] Cantidad de iteraciones: 3000
[INFO][7] Cantidad de iteraciones: 3000
[INFO][8] Cantidad de iteraciones: 3000
[INFO][1] Cantidad de iteraciones: 3000
[INFO][6] Cantidad de iteraciones: 3000
[INFO][4] Cantidad de iteraciones: 3000
[INFO][5] Cantidad de iteraciones: 3000
[INFO][3] Cantidad de iteraciones: 3000

id,borders_threshold,margin_forwarding,min_delay,max_delay,neighbors_threshold,energy,coverage,nforwardings,time
0,-86.442759,2.538730,0.296095,0.548071,24,191.974000,23.500000,11.900000,1.318890
1,-73.056584,2.834014,0.761650,0.963040,0,10.690800,3.200000,3.100000,0.945681
2,-90.959644,0.594671,0.533743,0.588385,43,125.136000,20.700000,7.200000,1.954940
3,-92.585470,0.602053,0.000000,0.953782,15,73.472800,17.100000,3.700000,0.967218
4,-93.301887,0.102068,1.000000,0.728915,2,58.932400,14.200000,2.900000,1.669320
5,-94.583987,0.102068,1.000000,0.496898,0,35.705100,11.100000,1.300000,0.904283
6,-78.537759,2.834014,0.000000,0.963040,14,281.019000,23.900000,17.900000,1.617710
7,-94.569094,0.102068,0.000000,1.900006,9,44.411000,12.500000,1.900000,1.506840
8,-90.593095,2.538730,0.353623,0.548071,33,108.870000,20.000000,5.900000,1.484390
9,-94.395657,0.602053,0.000000,2.058926,0,24.675300,9.100000,0.600000,0.308577
10,-94.079969,1.161569,0.000000,1.862993,15,28.444700,9.900000,0.800000,0.571749
11,-94.535320,0.194120,1.000000,1.135016,21,40.597300,12.000000,1.600000,1.494450
12,-88.084602,1.161569,0.000000,0.524459,23,162.093000,22.200000,10.000000,0.927328
13,-87.863390,1.161569,0.000000,0.524459,27,176.932000,23.000000,10.800000,0.916075
14,-92.382217,1.161569,0.752307,0.000000,32,80.508100,17.900000,4.100000,1.019530
15,-94.623128,0.602053,0.000000,2.058926,0,23.326000,9.000000,0.500000,0.283771
16,-94.554972,0.102068,0.402077,1.968647,1,39.102600,11.500000,1.600000,1.810190
17,-94.910640,0.102068,0.000000,1.153112,23,20.639300,8.000000,0.400000,0.268457
18,-94.895591,0.102068,0.000000,0.000000,20,27.245500,9.700000,0.800000,0.001353
19,-72.679039,2.834014,0.761650,1.055852,0,13.100400,4.000000,4.000000,1.624190
20,-94.411659,0.102068,0.000000,0.000000,0,49.433100,13.300000,2.200000,0.001969
21,-70.000000,2.834014,0.761650,0.000000,0,3.733870,2.200000,2.000000,0.188351
22,-87.992609,1.161569,0.000000,0.524459,26,158.892000,22.100000,9.800000,0.895016
23,-87.914939,1.161569,0.752307,0.114754,42,171.761000,22.900000,10.700000,1.642190
24,-94.635468,0.594671,0.533743,0.626878,32,16.281800,6.800000,0.100000,0.058068
25,-94.701521,0.102068,1.000000,1.153112,28,34.187600,10.500000,1.200000,1.176510
26,-86.005403,1.161569,0.000000,0.524459,32,208.335000,23.800000,13.000000,0.756202
27,-87.713490,1.161569,0.000000,0.376539,26,181.573000,23.400000,11.200000,0.677352
28,-94.900555,0.102068,0.000000,0.012831,2,22.222800,8.200000,0.500000,0.003218
29,-93.422723,1.161569,1.000000,0.000000,0,63.503400,15.100000,3.000000,1.021580
30,-92.039704,0.602053,0.907316,0.400418,43,66.493900,15.700000,3.300000,1.437560
31,-94.906601,0.102068,0.000000,1.900006,0,19.046200,7.700000,0.300000,0.319343
32,-94.880494,0.102068,1.000000,0.140119,15,32.795600,10.400000,1.200000,0.674784
33,-70.000000,2.834014,0.000000,0.201773,0,7.188860,3.100000,2.900000,0.110306
34,-89.089730,1.161569,0.856695,0.000000,6,144.022000,21.100000,8.500000,1.320310
35,-85.190711,1.161569,0.000000,0.524459,27,207.209000,23.600000,12.900000,0.710238
36,-94.498441,1.928094,0.415642,5.000000,29,30.439100,10.000000,0.900000,1.574010
37,-71.303745,2.834014,0.761650,1.055852,0,9.587510,3.900000,3.500000,1.078700
38,-94.735137,0.102068,0.000000,0.427071,18,35.864000,11.400000,1.300000,0.285709
39,-93.616543,0.602053,0.000000,1.652862,8,65.979700,15.300000,3.200000,1.610100
40,-92.060287,2.834014,0.922177,0.201773,15,83.307100,18.000000,4.200000,1.208100
41,-74.028064,2.834014,0.000000,0.201773,0,11.145400,2.500000,2.300000,0.101678
43,-94.678208,0.102068,1.000000,1.003155,0,43.089500,12.100000,1.800000,1.504160
44,-91.993400,1.161569,0.752307,0.066242,31,60.092700,13.800000,2.800000,0.605243
45,-95.000000,0.102068,0.000000,1.153112,25,14.855500,4.800000,0.000000,0.000736
46,-71.025100,2.834014,0.963290,4.733914,2,2.705470,2.500000,2.400000,1.997300
47,-94.496321,0.602053,0.000000,2.058926,0,25.276100,9.200000,0.600000,0.433838
48,-87.429885,2.538730,0.353623,0.548071,22,181.923000,23.400000,11.000000,1.785550
49,-91.786545,1.161569,0.922252,0.000000,36,71.391000,16.300000,3.500000,0.983033
50,-94.782739,0.194120,1.000000,0.029505,1,30.552200,10.100000,1.000000,0.559687
51,-94.371667,0.102068,1.000000,0.728915,0,39.180900,11.800000,1.600000,1.304040
52,-89.292413,0.194120,0.516482,0.647389,22,149.034000,21.400000,8.900000,1.854260
53,-74.600601,2.834014,0.201102,0.497855,0,12.403100,2.600000,2.300000,0.264605
54,-71.208708,2.834014,0.761650,0.963040,0,7.204970,2.900000,2.600000,0.674087
55,-94.554487,0.594671,0.000000,0.399818,27,17.938900,7.600000,0.200000,0.021912
56,-89.483086,1.161569,0.000000,0.384859,7,144.721000,21.000000,8.400000,0.605187
57,-92.180552,1.161569,0.922252,0.114754,37,86.734400,18.200000,4.500000,1.584240
58,-92.786976,0.602053,0.388337,0.606982,45,78.130200,17.700000,4.000000,1.403350
59,-94.370425,0.602053,0.091309,0.606982,19,32.561000,10.200000,1.400000,0.442499
60,-94.211897,0.102068,0.000000,1.153112,21,51.671400,13.700000,2.300000,1.226510
61,-92.272872,1.161569,0.922252,0.114754,37,85.291900,18.100000,4.400000,1.498850
62,-70.782047,2.834014,0.761650,1.055852,0,7.841140,3.100000,2.800000,0.946200
63,-89.433540,1.161569,0.000000,0.384859,14,148.623000,21.200000,8.600000,0.556891
64,-92.116020,0.102068,1.000000,0.596057,6,65.669300,15.300000,3.300000,1.576710
65,-92.261573,1.161569,0.049668,0.000000,33,61.736300,14.700000,2.900000,0.054017
66,-92.036434,1.161569,0.922252,0.114754,37,97.595000,19.400000,5.200000,1.628190
67,-92.294964,1.161569,0.215263,0.000000,34,77.600900,17.300000,3.900000,0.223824
68,-93.695241,0.602053,0.000000,1.652862,7,65.955500,15.200000,3.200000,1.725870
69,-94.600166,0.194120,1.000000,1.135016,24,34.323300,10.600000,1.200000,1.165630
70,-94.641052,1.928094,0.402165,5.000000,28,25.403300,9.300000,0.600000,1.288860
71,-94.592632,0.102068,0.000000,0.000000,16,44.866200,12.700000,1.900000,0.001969
72,-92.191447,1.161569,0.752307,0.000000,27,88.475300,19.000000,4.600000,1.052560
73,-94.355237,0.602053,0.388337,0.000000,39,34.738400,10.800000,1.200000,0.251683
74,-92.603000,0.602053,0.000000,0.953782,10,74.635600,17.200000,3.800000,1.092760
75,-93.808973,1.161569,0.049668,0.000000,25,39.854700,11.700000,1.500000,0.026644
76,-87.797940,1.161569,0.000000,0.524459,20,177.728000,23.300000,10.900000,0.961793
77,-78.626291,1.161569,0.000000,0.524459,29,287.493000,24.000000,19.300000,0.885880
78,-72.991012,2.834014,0.761650,1.055852,2,11.487300,2.000000,1.900000,0.653942
79,-93.388393,0.102068,1.000000,0.728915,0,59.287800,14.300000,3.000000,1.640080
80,-89.420200,0.194120,0.163719,0.552026,13,149.942000,21.500000,9.000000,1.265600
81,-90.775000,0.194120,0.380976,0.647389,19,115.213000,20.500000,6.600000,1.915670
82,-94.353109,0.602053,0.907316,0.000000,39,34.584400,10.700000,1.300000,0.474578
83,-94.630711,0.102068,0.000000,0.000000,1,44.929900,13.000000,1.900000,0.002046
