[INFO][7] Cantidad de iteraciones: 3000
[INFO][8] Cantidad de iteraciones: 3000
[INFO][2] Cantidad de iteraciones: 3000
[INFO][6] Cantidad de iteraciones: 3000
[INFO][4] Cantidad de iteraciones: 3000
[INFO][3] Cantidad de iteraciones: 3000
[INFO][5] Cantidad de iteraciones: 3000
[INFO][1] Cantidad de iteraciones: 3000

id,borders_threshold,margin_forwarding,min_delay,max_delay,neighbors_threshold,energy,coverage,nforwardings,time
0,-71.469895,1.628924,0.000000,4.648357,2,8.399290,3.300000,3.100000,1.452890
1,-93.041836,0.648252,0.797820,0.000000,27,62.844400,14.300000,3.000000,0.896118
2,-72.357997,0.648252,0.928238,0.681205,0,0.712796,2.500000,2.500000,0.800753
3,-72.604330,1.585549,0.186841,0.906769,2,3.908550,2.200000,2.200000,0.289849
4,-74.886551,0.648252,0.928238,0.681205,1,10.524000,3.400000,2.900000,1.188790
5,-87.762896,2.744754,0.594240,0.000000,50,177.776000,22.700000,10.600000,1.003060
6,-94.150426,0.900918,0.886319,0.000000,44,26.755300,9.300000,0.700000,0.306574
7,-94.462571,0.091003,1.000000,0.469077,0,35.684200,11.100000,1.300000,0.887841
8,-87.275971,0.091003,1.000000,0.029481,7,166.154000,22.500000,11.700000,1.885730
9,-94.918679,0.091003,0.060304,0.787561,0,20.626000,8.000000,0.400000,0.164983
10,-94.626986,0.648252,0.000000,1.198267,19,16.319300,6.800000,0.100000,0.050777
11,-70.000000,1.628924,0.834055,2.514292,0,0.798428,2.700000,2.700000,1.550180
12,-87.924787,0.648252,0.000000,0.681205,6,166.850000,22.700000,10.700000,1.287170
13,-92.225564,0.648252,0.064142,0.000000,8,65.672200,15.400000,3.200000,0.081859
14,-93.614377,1.270556,0.000000,0.300570,21,52.409900,13.400000,2.300000,0.271653
15,-93.998401,0.091003,0.338691,0.787561,4,43.566800,12.400000,1.900000,0.842519
16,-92.262183,0.669731,0.430081,0.218738,48,85.915900,18.200000,4.500000,0.900307
17,-94.451267,1.270556,0.000000,2.156173,38,25.530000,9.200000,0.600000,0.454277
18,-72.242162,1.628924,0.000000,2.300560,2,8.177590,3.100000,2.900000,0.803446
19,-94.654901,0.091003,0.893972,0.000000,0,44.900400,13.000000,1.900000,0.726630
20,-71.287965,1.628924,0.834055,0.000000,2,8.718840,2.800000,2.500000,0.324347
21,-90.544397,0.574353,0.342886,2.604388,31,122.526000,20.800000,7.000000,4.294390
22,-94.418127,0.574353,0.342886,2.604388,32,24.653900,9.100000,0.600000,0.510285
23,-95.000000,0.091003,0.338691,0.787561,0,14.845600,4.800000,0.000000,0.000736
24,-70.952241,1.628924,0.000000,2.300560,2,4.209420,2.200000,2.000000,0.732484
25,-87.642812,1.270556,0.187547,0.000000,37,146.080000,21.200000,8.800000,0.305479
26,-73.856249,1.628924,0.677244,2.514292,0,12.752700,3.100000,2.800000,1.638550
27,-81.217736,1.628924,0.834055,0.000000,10,249.750000,23.800000,16.700000,1.470970
28,-91.016092,0.091003,1.000000,0.029481,15,113.985000,20.000000,6.500000,1.240830
29,-94.146243,1.270556,0.187547,1.357012,43,23.364900,8.300000,0.500000,0.278994
30,-92.173550,0.669731,0.411651,0.242969,47,90.699700,18.800000,4.800000,0.848592
31,-88.006433,1.270556,0.000000,0.566819,39,152.387000,21.800000,9.200000,1.005960
32,-71.981348,1.628924,1.000000,2.980739,0,1.402220,2.400000,2.300000,1.625220
33,-73.896565,1.628924,0.232119,1.771055,1,5.986270,2.100000,1.900000,0.517551
34,-73.724855,1.628924,0.000000,1.491110,2,6.997620,2.900000,2.800000,0.953411
35,-70.000000,0.648252,0.000000,0.609546,0,0.841247,1.800000,1.800000,0.246800
36,-74.738935,0.648252,0.928238,0.681205,2,5.801750,2.700000,2.600000,0.461849
37,-88.890661,1.628924,0.668571,0.000000,10,155.820000,21.500000,8.900000,1.004970
38,-70.000000,1.628924,1.000000,2.980739,2,1.926410,2.500000,2.400000,1.625220
39,-89.543666,0.900918,0.215750,0.625817,41,148.576000,21.300000,8.500000,1.251540
40,-92.994168,1.270556,0.187547,0.921367,44,64.856900,14.900000,3.100000,0.981913
41,-93.072156,0.648252,0.873786,0.336262,10,63.860800,14.400000,3.100000,1.273340
42,-94.609346,1.270556,0.000000,2.156173,38,23.632500,9.000000,0.500000,0.297122
43,-73.571585,0.648252,0.064142,0.000000,0,5.409580,1.600000,1.600000,0.015763
44,-94.573093,1.270556,0.000000,2.156173,38,30.336200,10.200000,0.900000,0.645641
45,-92.434250,0.900918,0.675397,0.557988,42,90.057600,18.700000,4.700000,1.664640
46,-75.603120,2.744754,0.594240,0.000000,8,256.478000,23.900000,20.500000,1.250770
47,-73.755336,1.628924,0.677244,4.648357,0,9.227290,2.100000,1.800000,1.515460
48,-91.210095,0.648252,0.000000,0.685655,25,102.317000,19.600000,5.600000,0.959229
49,-87.362100,0.648252,0.000000,0.681205,7,158.621000,22.100000,10.200000,1.276740
50,-71.041241,1.628924,0.000000,2.887175,2,6.000250,3.700000,3.500000,1.627720
51,-94.916956,0.091003,1.000000,0.787561,0,22.747500,8.100000,0.500000,0.466745
52,-70.566937,1.628924,0.000000,2.300560,0,12.698300,3.600000,3.400000,1.457650
53,-94.286327,1.270556,0.000000,2.156173,48,27.132100,9.500000,0.700000,0.470801
54,-70.000000,1.628924,0.668571,2.509538,0,4.122590,3.200000,3.200000,1.409110
56,-74.015919,0.648252,0.928238,0.681205,0,2.529010,2.000000,2.000000,0.497254
57,-92.331678,2.368744,0.990799,0.000000,16,62.182800,14.100000,2.900000,0.915561
58,-80.975697,1.628924,0.834055,0.000000,13,258.283000,23.900000,16.800000,1.287280
59,-94.918415,0.091003,1.000000,0.029481,0,19.034000,7.700000,0.300000,0.138327
60,-93.318397,0.091003,1.000000,0.029481,0,57.368100,13.500000,2.900000,1.115600
61,-92.681318,1.585549,0.186841,0.675287,0,77.329100,17.300000,3.900000,1.283340
62,-94.322871,0.648252,0.648415,0.006655,13,34.628900,10.700000,1.300000,0.346641
63,-71.140084,1.628924,0.834055,0.000000,2,5.920610,2.700000,2.500000,0.324347
64,-94.320300,0.900918,0.596787,3.497118,46,22.156200,8.100000,0.700000,1.360980
65,-92.701130,1.270556,0.187547,0.566819,39,69.105100,15.500000,3.400000,0.774748
66,-73.904873,0.648252,1.000000,5.000000,1,2.066940,1.900000,1.700000,0.749938
67,-94.631269,0.091003,0.000000,0.029481,0,40.498500,12.000000,1.600000,0.020338
68,-94.294992,0.648252,0.029286,0.000000,41,34.766100,10.800000,1.200000,0.016186
69,-92.095382,0.669731,0.430081,0.218738,50,89.697300,18.500000,4.700000,0.903016
70,-94.733918,0.091003,0.338691,0.085244,0,37.295500,11.400000,1.400000,0.268103
71,-94.520678,0.648252,0.797820,0.000000,25,17.976500,7.600000,0.200000,0.118487
72,-92.431548,0.091003,1.000000,0.071480,6,71.855200,16.400000,3.700000,1.226170
73,-87.256638,0.648252,0.000000,0.681205,8,172.651000,23.700000,10.900000,1.287450
74,-94.385639,0.091003,0.969553,0.787561,0,39.154400,11.800000,1.600000,1.322330
76,-92.160633,0.669731,0.430081,0.218738,50,90.885000,19.000000,4.800000,0.939515
77,-70.000000,1.628924,0.000000,2.521205,0,10.663900,3.500000,3.200000,1.829520
78,-88.499864,0.091003,0.368630,0.787561,14,144.712000,21.100000,8.700000,1.856790
79,-93.490155,0.091003,1.000000,0.787561,14,69.677800,15.800000,3.500000,1.952830
80,-92.939309,0.091003,0.338691,0.787561,3,58.413100,13.600000,2.800000,1.113710
81,-70.000000,1.628924,0.659180,2.514292,0,2.967850,2.900000,2.900000,1.009850
82,-93.668882,1.628924,0.375988,0.000000,6,39.948200,11.700000,1.500000,0.272578
83,-91.039252,1.270556,0.187547,0.201938,30,118.699000,20.200000,6.500000,0.566895
84,-92.090043,0.648252,0.797820,0.000000,26,93.393400,19.100000,5.000000,1.108010
86,-73.958570,1.628924,0.000000,2.069750,0,3.936170,2.100000,2.100000,0.810565
87,-87.451389,2.744754,0.714639,0.000000,30,159.843000,21.900000,9.500000,1.355670
88,-74.434921,1.628924,1.000000,2.980739,1,5.019270,2.600000,2.500000,1.364370
89,-72.492794,1.628924,0.000000,2.300560,0,10.258600,3.200000,2.900000,1.290080
90,-74.495558,1.628924,0.682769,4.648357,0,3.759370,2.000000,1.800000,1.293710
91,-92.155271,1.270556,0.334654,0.275069,50,95.068200,19.300000,5.000000,0.853509
92,-74.634405,0.648252,0.928238,0.681205,1,5.324290,3.100000,3.000000,1.039290
93,-92.314556,0.091003,0.984702,0.222439,22,70.319100,16.100000,3.600000,1.127730
94,-92.254474,0.900918,0.596787,0.557988,50,80.386800,17.700000,4.100000,1.334540
95,-92.451455,0.648252,0.737593,0.000000,17,75.030000,17.000000,3.800000,0.973396
96,-70.724858,1.628924,0.000000,2.463887,2,6.943510,2.800000,2.700000,0.891342
97,-79.404980,0.648252,0.000000,0.681205,21,270.818000,24.000000,18.100000,1.106380
98,-94.626520,0.091003,0.764506,1.111660,8,34.174200,10.500000,1.200000,1.017340
99,-73.337775,1.628924,0.668571,2.509538,0,14.443400,3.500000,3.100000,1.476880
