[INFO][8] Cantidad de iteraciones: 3000
[INFO][7] Cantidad de iteraciones: 3000
[INFO][2] Cantidad de iteraciones: 3000
[INFO][4] Cantidad de iteraciones: 3000
[INFO][1] Cantidad de iteraciones: 3000
[INFO][3] Cantidad de iteraciones: 3000
[INFO][6] Cantidad de iteraciones: 3000
[INFO][5] Cantidad de iteraciones: 3000

id,borders_threshold,margin_forwarding,min_delay,max_delay,neighbors_threshold,energy,coverage,nforwardings,time
0,-95.000000,0.323755,0.412843,2.842905,26,15.786200,17.800000,0.000000,0.000787
1,-93.085849,0.387498,0.168616,0.000000,24,152.699000,73.100000,8.600000,0.182838
2,-93.159715,0.370509,1.000000,0.000000,22,130.256000,69.900000,7.200000,1.490980
3,-94.249247,0.370509,0.698048,0.000000,42,81.015800,55.700000,4.100000,1.092090
4,-93.860329,0.370509,0.809568,0.010593,41,122.542000,66.900000,6.700000,1.020200
5,-93.495184,0.370509,0.809823,0.130813,45,123.959000,68.000000,6.800000,1.565740
6,-94.369227,0.323755,0.620305,0.000000,15,76.301600,54.000000,3.800000,0.741473
7,-93.824842,0.370509,0.000000,0.221292,22,113.084000,64.600000,6.100000,0.334647
8,-92.232207,0.370509,1.000000,0.000000,21,167.980000,73.800000,9.600000,1.327160
9,-94.431978,0.370509,0.459057,0.533423,22,58.988500,47.600000,2.700000,0.999759
10,-93.755900,0.370509,0.809568,0.010593,42,120.636000,65.600000,6.600000,1.232200
11,-94.514669,0.370509,0.997121,0.000000,25,41.246800,34.300000,1.600000,0.549000
12,-73.848325,2.719226,0.627766,4.502611,0,11.062800,9.400000,8.200000,6.377450
13,-94.303168,0.323755,0.616038,0.000000,16,49.032700,40.600000,2.100000,0.389666
14,-94.085762,0.370509,0.813780,0.230041,22,100.012000,63.000000,5.300000,1.850100
15,-94.370338,0.370509,1.000000,0.322618,37,69.696300,52.700000,3.400000,1.415020
16,-93.450149,0.387498,0.168616,0.000000,19,126.291000,68.200000,7.000000,0.231977
17,-94.369451,0.370509,1.000000,0.473956,33,66.987800,50.000000,3.200000,1.606920
18,-94.952750,0.323755,0.679224,2.842905,19,17.358500,19.300000,0.100000,0.268844
19,-94.288991,0.370509,0.810565,0.021985,31,87.691200,59.000000,4.500000,1.194240
20,-92.167587,0.387498,0.306663,0.193564,19,169.480000,73.900000,9.700000,0.861382
21,-94.565496,0.323755,0.620305,0.000000,12,50.903900,41.500000,2.200000,0.541073
22,-93.654541,0.370509,0.810565,0.000000,37,122.327000,66.300000,6.700000,1.363430
23,-94.688537,0.650681,0.730542,3.169329,47,22.214000,26.800000,0.400000,0.761512
24,-94.894912,0.323755,0.679224,2.842905,21,18.960600,21.100000,0.200000,0.495021
25,-93.486943,0.323755,0.412843,0.000000,29,139.447000,71.700000,7.800000,0.635751
26,-94.281500,0.370509,0.594958,0.000000,17,86.098200,58.600000,4.400000,0.838938
27,-94.385876,2.644859,0.064905,3.127040,1,41.653600,34.700000,1.600000,1.855520
28,-93.596481,0.370509,0.749810,0.282266,25,103.270000,63.500000,5.500000,1.620280
29,-94.736068,0.323755,0.412843,2.842905,14,23.636200,27.300000,0.500000,0.833114
30,-94.312591,0.370509,1.000000,0.000000,29,56.984200,45.300000,2.600000,0.798201
31,-94.369140,2.644859,0.254780,3.127040,0,43.255600,36.000000,1.700000,1.708220
32,-94.517782,2.631064,0.390554,1.407622,6,36.847400,33.200000,1.300000,1.060280
33,-94.594575,0.323755,0.434361,0.000000,0,44.440800,37.500000,1.800000,0.247273
34,-91.754107,0.370509,0.810565,0.000000,42,174.126000,74.000000,10.000000,0.944023
35,-94.687523,0.323755,0.871115,0.000000,0,28.454000,29.400000,0.800000,0.303386
36,-94.507748,0.650681,0.234534,2.653211,47,43.040800,35.100000,1.700000,1.731550
37,-93.528345,0.370509,0.455794,0.000000,31,123.954000,67.400000,6.800000,0.733847
38,-94.497316,0.387498,0.134840,0.199070,15,51.078300,42.800000,2.200000,0.322762
39,-94.738874,0.323755,0.798258,2.842905,18,22.023500,26.700000,0.400000,0.770789
41,-92.064646,0.370509,0.810565,0.000000,37,166.245000,73.600000,9.500000,1.123920
43,-93.493934,0.370509,0.809823,0.130813,46,127.313000,68.300000,7.000000,1.622180
44,-94.283113,0.370509,0.764142,0.000000,26,77.793000,54.900000,3.900000,0.765412
45,-94.547308,0.387498,0.036021,0.141844,21,46.195800,37.600000,1.900000,0.167709
46,-93.995706,0.370509,0.980788,0.193005,44,111.499000,63.900000,6.000000,1.681850
47,-94.482371,0.387498,0.077628,0.234981,19,49.468700,41.400000,2.100000,0.306244
48,-94.748661,0.323755,0.718411,3.110807,11,20.421500,24.700000,0.300000,0.704558
49,-93.466246,0.370509,0.980788,0.130813,46,122.739000,67.100000,6.700000,1.659420
50,-94.564620,0.323755,0.620305,0.043454,9,47.687200,39.000000,2.000000,0.595790
51,-94.477662,0.387498,0.198343,0.380769,18,57.381200,46.500000,2.600000,0.568840
52,-94.258391,0.370509,0.980788,0.000000,42,89.304300,59.100000,4.600000,1.413560
53,-94.527039,2.631064,0.369461,1.407622,6,38.449400,33.500000,1.400000,1.051210
54,-94.078655,0.370509,0.930400,0.130813,40,90.494500,59.300000,4.700000,1.429830
55,-94.686569,0.323755,0.797644,0.000000,7,28.519800,30.300000,0.800000,0.248822
57,-94.156347,0.323755,0.616038,0.000000,19,92.024900,60.000000,4.800000,0.766508
58,-94.691804,0.650681,0.835868,2.653211,42,23.816100,27.400000,0.500000,0.835465
60,-93.788639,0.387498,0.106503,0.000000,19,111.236000,63.800000,6.000000,0.163657
63,-94.687520,0.370509,1.000000,0.082204,31,31.750800,31.200000,1.000000,0.424921
64,-92.947170,0.370509,0.879487,0.122800,31,149.193000,72.300000,8.400000,1.554310
66,-94.694763,0.323755,0.407375,2.785189,14,25.238200,28.100000,0.600000,1.036790
67,-94.270279,0.370509,0.818433,0.020853,23,90.857400,59.900000,4.700000,1.283030
69,-92.921815,0.370509,0.810565,0.130813,35,160.022000,73.300000,9.100000,1.623340
70,-94.591617,0.323755,0.616038,0.000000,18,52.505900,43.500000,2.300000,0.611483
71,-94.589764,0.323755,0.628110,0.512708,6,34.779300,32.100000,1.200000,0.666533
72,-94.479199,0.387498,0.306663,0.407164,17,55.785400,45.200000,2.500000,0.656559
73,-93.359836,0.370509,0.879487,0.122800,30,138.603000,71.200000,7.700000,1.671200
74,-93.986090,0.370509,0.537894,0.000000,37,98.819400,60.900000,5.200000,0.693890
75,-93.749033,0.370509,0.810565,0.000000,29,114.511000,64.900000,6.200000,1.003570
76,-94.528943,0.387498,0.077628,0.272996,18,51.070800,41.900000,2.200000,0.370840
77,-94.569639,0.387498,0.109204,0.502599,15,57.447200,46.800000,2.600000,0.630504
78,-94.261049,0.370509,0.764142,0.000000,21,84.335500,57.900000,4.300000,0.868212
79,-94.570987,0.323755,0.595211,0.000000,10,65.406600,49.700000,3.100000,0.619127
82,-93.526531,0.370509,0.749810,0.282266,26,117.347000,65.200000,6.400000,1.726530
83,-94.693507,0.323755,0.407375,2.785189,14,25.315600,28.200000,0.600000,0.969526
84,-94.299374,0.370509,0.822320,0.000000,25,47.395300,38.900000,2.000000,0.533871
85,-94.168935,0.323755,0.620305,0.000000,15,93.709900,60.800000,4.900000,0.732599
86,-93.098841,0.387498,0.168616,0.000000,23,155.986000,73.200000,8.800000,0.215556
87,-94.256302,0.370509,0.801543,0.009054,21,82.738900,57.600000,4.200000,0.828581
