[INFO][4] Cantidad de iteraciones: 3000
[INFO][2] Cantidad de iteraciones: 3000
[INFO][5] Cantidad de iteraciones: 3000
[INFO][1] Cantidad de iteraciones: 3000
[INFO][7] Cantidad de iteraciones: 3000
[INFO][8] Cantidad de iteraciones: 3000
[INFO][3] Cantidad de iteraciones: 3000
[INFO][6] Cantidad de iteraciones: 3000

id,borders_threshold,margin_forwarding,min_delay,max_delay,neighbors_threshold,energy,coverage,nforwardings,time
0,-94.593091,0.224761,0.462522,1.265315,36,49.373500,41.500000,2.100000,1.550110
1,-75.241864,1.665930,0.188844,3.988656,8,10.069300,9.500000,7.400000,5.294050
2,-72.969861,1.350241,0.100756,0.266020,10,0.420794,9.900000,9.500000,0.624545
3,-93.495054,0.693560,0.782144,0.191471,43,129.047000,69.500000,7.100000,1.781600
5,-94.525644,0.773362,0.815471,1.179423,17,38.259200,33.500000,1.400000,0.963877
6,-94.572616,0.224761,0.116472,1.033038,35,58.711700,49.600000,2.700000,1.112500
7,-72.167427,2.460204,0.465001,2.495004,11,0.656332,9.800000,8.300000,5.011490
8,-92.559711,0.784241,0.000000,0.801092,11,144.896000,71.000000,8.100000,1.227380
9,-93.973574,0.224761,0.013979,0.922061,47,111.174000,66.600000,6.000000,1.172810
10,-93.972249,0.224761,0.015987,0.754164,30,96.269900,61.900000,5.100000,1.073370
11,-94.693342,0.272160,0.095176,0.095491,21,33.355500,31.000000,1.100000,0.087510
13,-74.788875,0.784241,0.911541,0.801092,6,0.300981,11.900000,11.300000,4.127120
14,-94.497278,0.693560,0.000000,0.047292,0,41.504800,35.100000,1.600000,0.028032
15,-94.504883,0.773362,0.815471,1.179423,16,43.065400,35.800000,1.700000,1.424540
16,-93.922700,0.784241,0.000000,0.802465,7,106.589000,65.900000,5.700000,1.134060
17,-71.859560,1.004690,0.369518,1.956926,13,6.536580,13.200000,12.500000,3.214530
18,-94.712799,0.224761,0.097842,0.909176,26,34.695800,31.600000,1.200000,0.774810
19,-94.627335,0.224761,0.033825,0.913159,34,52.388100,44.000000,2.300000,1.212280
20,-95.000000,0.224761,0.015987,1.265315,44,15.766400,17.800000,0.000000,0.000787
21,-94.519546,0.693560,0.000000,0.047292,0,43.106900,36.200000,1.700000,0.034644
22,-94.694315,0.773362,0.815471,1.179423,16,23.840600,27.400000,0.500000,0.501420
23,-94.845815,0.394731,0.910399,4.900725,0,18.897300,20.200000,0.200000,0.818768
25,-94.532113,0.272160,1.000000,0.022249,42,46.155800,37.000000,1.900000,0.718486
26,-92.019168,0.224761,0.015987,0.922061,49,176.789000,73.900000,10.200000,1.073150
27,-94.509831,0.693560,0.000000,0.928314,25,28.492900,28.100000,0.800000,0.411515
28,-92.571151,0.224761,0.015987,0.922061,48,155.192000,73.200000,8.800000,1.456060
29,-92.807964,0.693560,0.636952,0.191471,39,151.197000,73.100000,8.500000,1.684160
30,-94.632595,0.224761,0.043667,1.320952,20,50.759100,42.100000,2.200000,1.479260
31,-94.065634,0.693560,0.391418,0.047292,11,74.952400,52.800000,3.700000,0.426179
32,-92.274376,0.224761,0.000000,0.434019,33,158.408000,73.300000,9.000000,0.681605
33,-94.529149,0.784241,0.000000,0.424774,3,44.703700,36.500000,1.800000,0.299641
34,-93.985200,0.224761,0.000000,0.922061,49,104.575000,63.700000,5.600000,1.255190
35,-72.529095,0.784241,1.000000,0.801092,13,2.759450,11.300000,10.400000,1.709460
36,-94.700366,0.394731,0.327685,4.894299,0,20.553500,24.000000,0.300000,0.901291
37,-94.609410,0.224761,0.047309,1.069854,13,47.712900,38.800000,2.000000,0.962267
38,-93.833748,0.224761,0.013979,1.131062,40,95.105000,60.700000,5.000000,1.541600
39,-93.502789,0.224761,0.015987,1.023674,20,148.788000,71.200000,8.400000,1.883320
40,-92.207255,0.224761,0.000000,0.926027,30,162.772000,73.500000,9.300000,1.211090
41,-94.736590,0.224761,0.000000,1.275363,36,34.823300,32.100000,1.200000,0.702845
42,-94.572780,0.224761,0.030037,1.621238,39,55.208900,45.300000,2.500000,1.597220
43,-94.992645,0.394731,0.600394,4.894299,0,17.301400,19.300000,0.100000,0.457956
44,-93.527788,0.693560,0.782144,0.191471,40,124.335000,67.700000,6.800000,1.608850
45,-94.602811,0.224761,0.175960,1.046023,19,48.776400,40.800000,2.100000,1.392540
46,-94.734522,0.224761,0.000000,0.989846,0,33.173400,30.600000,1.100000,0.651222
47,-94.696462,0.224761,0.619781,0.922061,44,57.013100,48.200000,2.600000,1.735730
48,-94.544568,0.224761,0.015987,1.621238,42,60.347300,50.900000,2.800000,1.837120
49,-76.037424,0.784241,0.000000,0.801092,7,5.552100,12.200000,11.100000,1.932960
50,-93.966395,0.224761,0.140260,0.877469,18,101.537000,63.200000,5.400000,1.521810
51,-93.003039,0.693560,0.636952,0.191471,38,149.729000,72.500000,8.400000,1.471890
52,-92.502241,0.693560,0.636952,0.191471,38,167.321000,73.700000,9.500000,1.258000
53,-93.074386,0.693560,0.483010,0.191471,29,138.829000,70.700000,7.700000,1.188400
54,-70.599669,0.784241,1.000000,0.801092,13,2.646740,11.700000,10.600000,1.808320
55,-94.577881,0.224761,0.030037,1.621238,34,55.611400,46.100000,2.500000,1.488650
56,-94.693584,0.224761,0.006117,1.600243,33,63.326500,51.400000,3.000000,1.682360
57,-94.694216,0.394731,0.327685,4.869101,5,22.126400,26.800000,0.400000,1.004070
58,-94.355706,0.272160,0.095176,0.000000,24,84.328800,57.900000,4.300000,0.112312
59,-94.809377,0.394731,0.327685,4.894299,1,18.951500,22.000000,0.200000,0.794042
60,-94.687299,0.615774,0.804921,0.000000,43,23.809100,27.100000,0.500000,0.225480
61,-73.588743,0.784241,0.911541,0.801092,8,0.073953,5.800000,5.500000,1.624360
62,-93.995911,0.224761,0.000000,1.069854,25,93.837400,60.300000,4.900000,1.397510
63,-94.571032,0.224761,0.015987,1.622133,40,58.715500,50.400000,2.700000,1.611700
64,-94.325164,0.272160,0.095176,0.000000,24,81.168300,55.000000,4.100000,0.096256
65,-92.203417,0.224761,0.000000,0.922061,39,162.294000,73.400000,9.300000,1.175300
66,-92.155188,0.224761,0.032272,0.544603,41,177.181000,74.000000,10.200000,0.813281
67,-94.363402,0.272160,0.327839,0.000000,23,79.449000,54.900000,4.000000,0.392972
68,-93.589961,0.693560,0.000000,0.140423,35,119.899000,66.700000,6.500000,0.170381
69,-94.351484,0.272160,0.095176,0.000000,20,82.726700,57.300000,4.200000,0.105886
70,-94.575030,0.272160,1.000000,0.000000,46,54.088800,44.300000,2.400000,0.906678
71,-94.190588,0.693560,0.254215,0.191471,25,81.200900,55.800000,4.100000,0.618958
73,-93.942462,0.224761,0.140260,0.877469,13,101.514000,63.100000,5.400000,1.594850
74,-94.693691,0.224761,0.103534,0.922061,36,39.778500,33.900000,1.500000,0.774532
75,-94.060187,0.224761,0.000000,1.069854,27,92.011300,60.100000,4.800000,1.509010
76,-93.496394,0.224761,0.000000,1.046023,23,124.800000,68.100000,6.900000,1.927490
77,-94.738127,0.224761,0.000000,0.861954,30,36.260600,33.200000,1.300000,0.773020
78,-94.253896,0.693560,0.000000,0.047292,5,78.155600,54.700000,3.900000,0.053657
79,-94.542011,0.272160,0.978537,0.000000,42,41.169600,34.300000,1.600000,0.579847
80,-94.532584,0.224761,0.000000,0.934052,36,52.040300,42.500000,2.300000,1.206920
81,-94.714966,0.224761,0.001150,1.622133,31,36.240600,32.400000,1.300000,1.291680
82,-94.508503,0.224761,0.000000,1.053048,13,73.119500,52.500000,3.600000,1.173720
83,-94.629937,0.224761,0.006117,1.802789,26,47.181400,37.700000,2.000000,1.905360
84,-94.014911,0.224761,0.015987,0.754164,32,88.130000,59.800000,4.600000,1.050700
85,-94.569449,0.224761,0.004824,1.183701,17,55.748200,46.500000,2.500000,0.998665
86,-94.801754,0.224761,0.739656,1.254040,22,20.412300,22.300000,0.300000,0.333875
87,-93.527274,0.224761,0.276519,0.700940,32,123.853000,67.000000,6.800000,1.739500
88,-94.024028,0.224761,0.015987,0.754164,31,96.401900,62.700000,5.100000,1.187210
89,-94.023119,0.224761,0.000000,1.069854,27,96.984800,62.900000,5.100000,1.353260
90,-92.814903,0.224761,0.032272,0.434019,40,136.111000,69.600000,7.600000,0.594405
91,-92.251815,0.693560,0.636952,0.191471,36,172.443000,73.800000,9.800000,1.291660
92,-92.590151,0.224761,0.000000,0.909176,32,148.331000,71.100000,8.400000,1.187390
93,-94.603816,0.224761,0.078357,0.968551,25,47.717800,39.200000,2.000000,0.938823
94,-92.877206,0.693560,0.636952,0.070770,38,137.174000,70.600000,7.600000,0.885156
95,-94.693571,0.693560,0.000000,0.140304,2,27.028800,28.000000,0.700000,0.043279
96,-94.576680,0.693560,0.305114,3.165150,17,28.630900,30.500000,0.800000,1.256530
