++ cd /home/clusterusers/siturriaga/itu-maestria/trunk/aedb-mls
++ ITERATIONS=250
++ THREADS=12
++ INSTANCE=25
++ SIMULS=10
++ export LD_LIBRARY_PATH=:/home/clusterusers/siturriaga/ns3Files
++ LD_LIBRARY_PATH=:/home/clusterusers/siturriaga/ns3Files
++ /home/users/siturriaga/bin/mpich2-1.4.1p1/bin/mpiexec -launcher ssh -launcher-exec oarsh -f /var/lib/oar/2643564 -np 9 -ppn 1 bin/mls.rand_elite 15893 250 12 10 25
[DEBUG] argc = 6
===========================================================
Configuración
===========================================================
   Random seed        = 15893
   MPI size           = 9
   MLS.count_threads  = 12
   MLS.max_iterations = 250
   MLS.number_devices = 25
   MLS.simul_runs     = 10
   MLS.init           = MLS__RANDOM
===========================================================
[DEBUG] argc = 6
[DEBUG] argc = 6
[DEBUG] argc = 6
[DEBUG] argc = 6
[DEBUG] argc = 6
[DEBUG] argc = 6
[DEBUG] argc = 6
[DEBUG] argc = 6
[DEBUG][4] Thread 0 starting solution:
-> borders_threshold   : -92.4158
   margin_forwarding   : 1.6907
   min_delay           : 0.7702
   max_delay           : 4.7583
   neighbors_threshold : 19
   energy              : 60.1462
   coverage            : 12.8000
   nforwardings        : 2.8000
   time                : 4.8022
[DEBUG][3] Thread 0 starting solution:
-> borders_threshold   : -86.1438
   margin_forwarding   : 0.4420
   min_delay           : 0.5106
   max_delay           : 0.9149
   neighbors_threshold : 40
   energy              : 151.1750
   coverage            : 18.6000
   nforwardings        : 10.1000
   time                : 1.9473
[DEBUG][5] Thread 0 starting solution:
-> borders_threshold   : -80.2965
   margin_forwarding   : 1.9402
   min_delay           : 0.4052
   max_delay           : 4.5252
   neighbors_threshold : 14
   energy              : 256.2730
   coverage            : 22.7000
   nforwardings        : 15.3000
   time                : 7.2987
[DEBUG][2] Thread 0 starting solution:
-> borders_threshold   : -74.3472
   margin_forwarding   : 1.1681
   min_delay           : 0.6364
   max_delay           : 0.0386
   neighbors_threshold : 40
   energy              : 318.1830
   coverage            : 23.7000
   nforwardings        : 21.5000
   time                : 1.0031
[DEBUG][1] Thread 0 starting solution:
-> borders_threshold   : -80.4269
   margin_forwarding   : 1.2756
   min_delay           : 0.6047
   max_delay           : 4.5284
   neighbors_threshold : 28
   energy              : 236.0160
   coverage            : 21.9000
   nforwardings        : 14.6000
   time                : 7.0863
[INFO][AGA] Kaput!
[INFO] AGA information ============================================ 
[INFO] Population count: 99
[INFO] Population:
(0) borders_threshold   = -75.04
     margin_forwarding   = 0.79
     min_delay           = 0.00
     max_delay           = 1.75
     neighbors_threshold = 0
     energy              = 11.46
     coverage            = 2.90 (0.34)
     nforwardings        = 2.40
     time                = 0.84
0,-75.038114,0.794237,0.000000,1.752472,0,11.458500,2.900000,2.400000,0.844453
(1) borders_threshold   = -94.59
     margin_forwarding   = 0.47
     min_delay           = 0.54
     max_delay           = 0.00
     neighbors_threshold = 8
     energy              = 17.63
     coverage            = 6.90 (0.14)
     nforwardings        = 0.20
     time                = 0.07
1,-94.590786,0.469651,0.544257,0.000000,8,17.629600,6.900000,0.200000,0.065671
(2) borders_threshold   = -92.20
     margin_forwarding   = 0.80
     min_delay           = 0.69
     max_delay           = 0.52
     neighbors_threshold = 35
     energy              = 91.34
     coverage            = 19.20 (0.05)
     nforwardings        = 4.80
     time                = 1.78
2,-92.199971,0.804661,0.687902,0.520163,35,91.340200,19.200000,4.800000,1.779190
(3) borders_threshold   = -87.98
     margin_forwarding   = 1.88
     min_delay           = 0.03
     max_delay           = 0.58
     neighbors_threshold = 25
     energy              = 163.69
     coverage            = 22.20 (0.05)
     nforwardings        = 10.00
     time                = 1.10
3,-87.980756,1.884241,0.033388,0.575125,25,163.695000,22.200000,10.000000,1.102380
(4) borders_threshold   = -93.02
     margin_forwarding   = 0.29
     min_delay           = 0.00
     max_delay           = 0.77
     neighbors_threshold = 24
     energy              = 61.61
     coverage            = 14.20 (0.07)
     nforwardings        = 3.00
     time                = 0.55
4,-93.015065,0.286791,0.000000,0.772922,24,61.611400,14.200000,3.000000,0.552561
(5) borders_threshold   = -94.32
     margin_forwarding   = 1.69
     min_delay           = 0.77
     max_delay           = 3.14
     neighbors_threshold = 10
     energy              = 27.18
     coverage            = 9.50 (0.11)
     nforwardings        = 0.70
     time                = 1.06
5,-94.323774,1.690671,0.770225,3.137226,10,27.176600,9.500000,0.700000,1.064820
(6) borders_threshold   = -88.18
     margin_forwarding   = 2.81
     min_delay           = 0.33
     max_delay           = 0.00
     neighbors_threshold = 22
     energy              = 156.95
     coverage            = 21.50 (0.05)
     nforwardings        = 8.90
     time                = 0.47
6,-88.176848,2.809858,0.333154,0.000000,22,156.951000,21.500000,8.900000,0.470086
(7) borders_threshold   = -92.67
     margin_forwarding   = 0.29
     min_delay           = 0.16
     max_delay           = 0.77
     neighbors_threshold = 32
     energy              = 67.71
     coverage            = 15.60 (0.06)
     nforwardings        = 3.40
     time                = 1.24
7,-92.672677,0.286791,0.159833,0.772922,32,67.713700,15.600000,3.400000,1.238850
(8) borders_threshold   = -94.06
     margin_forwarding   = 1.14
     min_delay           = 0.00
     max_delay           = 1.92
     neighbors_threshold = 13
     energy              = 28.44
     coverage            = 9.90 (0.10)
     nforwardings        = 0.80
     time                = 0.59
8,-94.062671,1.138728,0.000000,1.915948,13,28.440200,9.900000,0.800000,0.587965
(9) borders_threshold   = -94.21
     margin_forwarding   = 0.29
     min_delay           = 0.85
     max_delay           = 0.72
     neighbors_threshold = 0
     energy              = 39.50
     coverage            = 11.70 (0.09)
     nforwardings        = 1.60
     time                = 1.18
9,-94.214870,0.286791,0.845372,0.722082,0,39.495200,11.700000,1.600000,1.181440
(10) borders_threshold   = -72.19
     margin_forwarding   = 0.79
     min_delay           = 0.51
     max_delay           = 2.37
     neighbors_threshold = 0
     energy              = 1.68
     coverage            = 2.40 (0.42)
     nforwardings        = 2.20
     time                = 0.99
10,-72.188805,0.794237,0.514713,2.368508,0,1.681180,2.400000,2.200000,0.992128
(12) borders_threshold   = -89.30
     margin_forwarding   = 0.47
     min_delay           = 0.00
     max_delay           = 0.44
     neighbors_threshold = 19
     energy              = 148.32
     coverage            = 21.30 (0.05)
     nforwardings        = 8.80
     time                = 0.61
12,-89.301639,0.469651,0.000000,0.440480,19,148.319000,21.300000,8.800000,0.605158
(13) borders_threshold   = -87.29
     margin_forwarding   = 0.47
     min_delay           = 0.54
     max_delay           = 0.00
     neighbors_threshold = 15
     energy              = 172.75
     coverage            = 22.80 (0.04)
     nforwardings        = 10.90
     time                = 0.81
13,-87.289037,0.469651,0.544257,0.000000,15,172.750000,22.800000,10.900000,0.811544
(14) borders_threshold   = -94.11
     margin_forwarding   = 1.14
     min_delay           = 0.67
     max_delay           = 0.95
     neighbors_threshold = 0
     energy              = 26.84
     coverage            = 9.30 (0.11)
     nforwardings        = 0.70
     time                = 0.48
14,-94.106249,1.138728,0.668472,0.948963,0,26.838100,9.300000,0.700000,0.481006
(15) borders_threshold   = -87.35
     margin_forwarding   = 0.29
     min_delay           = 0.08
     max_delay           = 1.07
     neighbors_threshold = 35
     energy              = 173.54
     coverage            = 23.00 (0.04)
     nforwardings        = 11.30
     time                = 1.49
15,-87.347296,0.286791,0.082431,1.065628,35,173.541000,23.000000,11.300000,1.494640
(16) borders_threshold   = -70.50
     margin_forwarding   = 0.79
     min_delay           = 0.00
     max_delay           = 2.28
     neighbors_threshold = 1
     energy              = 0.40
     coverage            = 1.90 (0.53)
     nforwardings        = 1.90
     time                = 0.61
16,-70.498729,0.794237,0.000000,2.280631,1,0.403544,1.900000,1.900000,0.606469
(17) borders_threshold   = -94.28
     margin_forwarding   = 0.80
     min_delay           = 1.00
     max_delay           = 3.74
     neighbors_threshold = 23
     energy              = 26.97
     coverage            = 9.40 (0.11)
     nforwardings        = 0.70
     time                = 1.33
17,-94.284999,0.804661,1.000000,3.740538,23,26.973500,9.400000,0.700000,1.325670
(18) borders_threshold   = -90.45
     margin_forwarding   = 0.79
     min_delay           = 0.10
     max_delay           = 0.99
     neighbors_threshold = 15
     energy              = 114.04
     coverage            = 19.60 (0.05)
     nforwardings        = 6.30
     time                = 1.14
18,-90.450237,0.794237,0.103720,0.986045,15,114.037000,19.600000,6.300000,1.142990
(19) borders_threshold   = -94.23
     margin_forwarding   = 0.79
     min_delay           = 1.00
     max_delay           = 0.99
     neighbors_threshold = 6
     energy              = 28.29
     coverage            = 9.60 (0.10)
     nforwardings        = 1.10
     time                = 0.99
19,-94.230022,0.794237,1.000000,0.986045,6,28.288000,9.600000,1.100000,0.994004
(20) borders_threshold   = -93.44
     margin_forwarding   = 1.14
     min_delay           = 0.67
     max_delay           = 1.92
     neighbors_threshold = 2
     energy              = 60.36
     coverage            = 14.00 (0.07)
     nforwardings        = 2.80
     time                = 2.29
20,-93.438575,1.138728,0.668472,1.915948,2,60.360900,14.000000,2.800000,2.285260
(21) borders_threshold   = -74.23
     margin_forwarding   = 0.79
     min_delay           = 0.79
     max_delay           = 2.35
     neighbors_threshold = 0
     energy              = 7.79
     coverage            = 2.10 (0.48)
     nforwardings        = 1.60
     time                = 0.79
21,-74.233877,0.794237,0.785832,2.354392,0,7.793700,2.100000,1.600000,0.790855
(22) borders_threshold   = -94.18
     margin_forwarding   = 0.29
     min_delay           = 0.85
     max_delay           = 0.47
     neighbors_threshold = 0
     energy              = 35.81
     coverage            = 11.00 (0.09)
     nforwardings        = 1.30
     time                = 0.81
22,-94.178558,0.286791,0.845372,0.470325,0,35.808500,11.000000,1.300000,0.806363
(23) borders_threshold   = -90.71
     margin_forwarding   = 1.45
     min_delay           = 0.73
     max_delay           = 0.14
     neighbors_threshold = 32
     energy              = 116.88
     coverage            = 19.70 (0.05)
     nforwardings        = 6.40
     time                = 1.30
23,-90.710483,1.450882,0.727234,0.139271,32,116.880000,19.700000,6.400000,1.304190
(24) borders_threshold   = -75.14
     margin_forwarding   = 0.79
     min_delay           = 0.00
     max_delay           = 1.75
     neighbors_threshold = 0
     energy              = 5.87
     coverage            = 2.50 (0.40)
     nforwardings        = 1.90
     time                = 0.62
24,-75.142294,0.794237,0.000000,1.752472,0,5.870330,2.500000,1.900000,0.615170
(25) borders_threshold   = -94.35
     margin_forwarding   = 0.29
     min_delay           = 0.85
     max_delay           = 0.72
     neighbors_threshold = 0
     energy              = 39.61
     coverage            = 11.80 (0.08)
     nforwardings        = 1.60
     time                = 1.18
25,-94.345118,0.286791,0.845372,0.722082,0,39.606000,11.800000,1.600000,1.181440
(26) borders_threshold   = -72.47
     margin_forwarding   = 0.79
     min_delay           = 0.00
     max_delay           = 2.28
     neighbors_threshold = 0
     energy              = 5.71
     coverage            = 2.20 (0.45)
     nforwardings        = 1.70
     time                = 0.66
26,-72.472259,0.794237,0.000000,2.280631,0,5.706560,2.200000,1.700000,0.658296
(27) borders_threshold   = -88.76
     margin_forwarding   = 0.29
     min_delay           = 0.39
     max_delay           = 0.00
     neighbors_threshold = 21
     energy              = 156.38
     coverage            = 21.40 (0.05)
     nforwardings        = 9.40
     time                = 0.53
27,-88.761233,0.286791,0.389028,0.000000,21,156.382000,21.400000,9.400000,0.533008
(28) borders_threshold   = -71.53
     margin_forwarding   = 0.79
     min_delay           = 1.00
     max_delay           = 1.75
     neighbors_threshold = 1
     energy              = 1.62
     coverage            = 1.70 (0.59)
     nforwardings        = 1.70
     time                = 0.53
28,-71.527481,0.794237,1.000000,1.752472,1,1.621570,1.700000,1.700000,0.532109
(29) borders_threshold   = -92.46
     margin_forwarding   = 0.29
     min_delay           = 0.26
     max_delay           = 0.77
     neighbors_threshold = 25
     energy              = 70.37
     coverage            = 16.10 (0.06)
     nforwardings        = 3.60
     time                = 1.33
29,-92.455847,0.286791,0.259263,0.772922,25,70.372300,16.100000,3.600000,1.330340
(30) borders_threshold   = -94.23
     margin_forwarding   = 0.80
     min_delay           = 0.68
     max_delay           = 0.19
     neighbors_threshold = 22
     energy              = 19.55
     coverage            = 7.70 (0.13)
     nforwardings        = 0.30
     time                = 0.16
30,-94.232664,0.804661,0.684851,0.187274,22,19.547100,7.700000,0.300000,0.160661
(31) borders_threshold   = -94.45
     margin_forwarding   = 0.29
     min_delay           = 0.00
     max_delay           = 0.00
     neighbors_threshold = 0
     energy              = 45.25
     coverage            = 13.00 (0.08)
     nforwardings        = 1.90
     time                = 0.00
31,-94.451416,0.286791,0.000000,0.000000,0,45.247700,13.000000,1.900000,0.002046
(32) borders_threshold   = -74.32
     margin_forwarding   = 0.79
     min_delay           = 0.00
     max_delay           = 2.07
     neighbors_threshold = 2
     energy              = 1.40
     coverage            = 2.70 (0.37)
     nforwardings        = 2.60
     time                = 0.99
32,-74.316613,0.794237,0.000000,2.068242,2,1.395110,2.700000,2.600000,0.985011
(33) borders_threshold   = -85.38
     margin_forwarding   = 0.29
     min_delay           = 0.11
     max_delay           = 0.77
     neighbors_threshold = 28
     energy              = 218.31
     coverage            = 23.80 (0.04)
     nforwardings        = 14.30
     time                = 1.41
33,-85.377300,0.286791,0.108684,0.772922,28,218.310000,23.800000,14.300000,1.406240
(34) borders_threshold   = -93.67
     margin_forwarding   = 1.14
     min_delay           = 0.68
     max_delay           = 1.92
     neighbors_threshold = 0
     energy              = 54.12
     coverage            = 13.30 (0.08)
     nforwardings        = 2.40
     time                = 1.90
34,-93.671385,1.138728,0.679684,1.915948,0,54.116100,13.300000,2.400000,1.902200
(35) borders_threshold   = -71.92
     margin_forwarding   = 0.79
     min_delay           = 0.51
     max_delay           = 2.35
     neighbors_threshold = 0
     energy              = 2.98
     coverage            = 2.50 (0.40)
     nforwardings        = 2.50
     time                = 1.45
35,-71.922714,0.794237,0.514713,2.354392,0,2.975820,2.500000,2.500000,1.450090
(36) borders_threshold   = -94.62
     margin_forwarding   = 0.29
     min_delay           = 0.82
     max_delay           = 0.00
     neighbors_threshold = 0
     energy              = 40.83
     coverage            = 12.00 (0.08)
     nforwardings        = 1.60
     time                = 0.56
36,-94.617166,0.286791,0.815462,0.000000,0,40.834100,12.000000,1.600000,0.556865
(37) borders_threshold   = -75.13
     margin_forwarding   = 0.79
     min_delay           = 0.14
     max_delay           = 1.98
     neighbors_threshold = 0
     energy              = 10.38
     coverage            = 2.80 (0.36)
     nforwardings        = 2.20
     time                = 1.00
37,-75.125810,0.794237,0.136713,1.978359,0,10.376800,2.800000,2.200000,0.995294
(38) borders_threshold   = -93.88
     margin_forwarding   = 1.88
     min_delay           = 0.03
     max_delay           = 0.00
     neighbors_threshold = 34
     energy              = 38.38
     coverage            = 11.40 (0.09)
     nforwardings        = 1.40
     time                = 0.02
38,-93.884964,1.884241,0.033388,0.000000,34,38.375500,11.400000,1.400000,0.019913
(39) borders_threshold   = -74.56
     margin_forwarding   = 0.79
     min_delay           = 0.56
     max_delay           = 5.00
     neighbors_threshold = 0
     energy              = 6.20
     coverage            = 2.30 (0.43)
     nforwardings        = 1.80
     time                = 1.94
39,-74.555173,0.794237,0.564416,5.000000,0,6.203990,2.300000,1.800000,1.936040
(40) borders_threshold   = -94.23
     margin_forwarding   = 1.88
     min_delay           = 0.50
     max_delay           = 2.30
     neighbors_threshold = 22
     energy              = 22.36
     coverage            = 8.10 (0.12)
     nforwardings        = 0.70
     time                = 0.97
40,-94.234133,1.882967,0.498288,2.300277,22,22.363900,8.100000,0.700000,0.971101
(41) borders_threshold   = -73.51
     margin_forwarding   = 0.79
     min_delay           = 0.68
     max_delay           = 2.35
     neighbors_threshold = 2
     energy              = 9.66
     coverage            = 2.80 (0.36)
     nforwardings        = 2.40
     time                = 1.71
41,-73.509882,0.794237,0.675724,2.354392,2,9.663830,2.800000,2.400000,1.706540
(42) borders_threshold   = -73.70
     margin_forwarding   = 0.79
     min_delay           = 0.51
     max_delay           = 2.37
     neighbors_threshold = 0
     energy              = 5.37
     coverage            = 2.40 (0.42)
     nforwardings        = 2.10
     time                = 0.91
42,-73.704470,0.794237,0.514713,2.368508,0,5.367780,2.400000,2.100000,0.913252
(43) borders_threshold   = -94.01
     margin_forwarding   = 0.29
     min_delay           = 0.00
     max_delay           = 0.79
     neighbors_threshold = 21
     energy              = 58.30
     coverage            = 13.60 (0.07)
     nforwardings        = 2.70
     time                = 0.60
43,-94.008268,0.286791,0.000000,0.787236,21,58.298600,13.600000,2.700000,0.595285
(44) borders_threshold   = -74.27
     margin_forwarding   = 0.79
     min_delay           = 0.14
     max_delay           = 2.72
     neighbors_threshold = 0
     energy              = 1.59
     coverage            = 2.00 (0.50)
     nforwardings        = 2.00
     time                = 0.99
44,-74.273201,0.794237,0.136713,2.720168,0,1.589440,2.000000,2.000000,0.985667
(45) borders_threshold   = -72.48
     margin_forwarding   = 0.79
     min_delay           = 0.51
     max_delay           = 2.35
     neighbors_threshold = 0
     energy              = 8.19
     coverage            = 2.80 (0.36)
     nforwardings        = 2.50
     time                = 1.58
45,-72.477107,0.794237,0.514713,2.354392,0,8.186910,2.800000,2.500000,1.577150
(46) borders_threshold   = -95.00
     margin_forwarding   = 0.29
     min_delay           = 0.16
     max_delay           = 1.64
     neighbors_threshold = 15
     energy              = 15.01
     coverage            = 4.80 (0.21)
     nforwardings        = 0.00
     time                = 0.00
46,-95.000000,0.286791,0.159833,1.639605,15,15.010000,4.800000,0.000000,0.000736
(47) borders_threshold   = -92.57
     margin_forwarding   = 0.29
     min_delay           = 0.26
     max_delay           = 0.77
     neighbors_threshold = 24
     energy              = 75.90
     coverage            = 17.20 (0.06)
     nforwardings        = 3.90
     time                = 1.37
47,-92.567867,0.286791,0.259263,0.772922,24,75.899800,17.200000,3.900000,1.369000
(48) borders_threshold   = -92.81
     margin_forwarding   = 0.29
     min_delay           = 0.26
     max_delay           = 0.77
     neighbors_threshold = 24
     energy              = 84.07
     coverage            = 18.00 (0.06)
     nforwardings        = 4.40
     time                = 1.61
48,-92.810094,0.286791,0.259263,0.772922,24,84.070800,18.000000,4.400000,1.610610
(49) borders_threshold   = -87.77
     margin_forwarding   = 0.29
     min_delay           = 0.26
     max_delay           = 0.77
     neighbors_threshold = 21
     energy              = 159.63
     coverage            = 22.40 (0.04)
     nforwardings        = 10.40
     time                = 1.91
49,-87.767058,0.286791,0.259263,0.772922,21,159.634000,22.400000,10.400000,1.910590
(50) borders_threshold   = -94.54
     margin_forwarding   = 0.47
     min_delay           = 0.54
     max_delay           = 0.00
     neighbors_threshold = 16
     energy              = 22.45
     coverage            = 8.60 (0.12)
     nforwardings        = 0.50
     time                = 0.17
50,-94.542181,0.469651,0.544257,0.000000,16,22.451900,8.600000,0.500000,0.169661
(51) borders_threshold   = -86.72
     margin_forwarding   = 0.47
     min_delay           = 0.54
     max_delay           = 0.00
     neighbors_threshold = 21
     energy              = 176.72
     coverage            = 23.40 (0.04)
     nforwardings        = 11.50
     time                = 0.83
51,-86.715373,0.469651,0.544257,0.000000,21,176.717000,23.400000,11.500000,0.831667
(52) borders_threshold   = -86.74
     margin_forwarding   = 0.47
     min_delay           = 0.54
     max_delay           = 0.00
     neighbors_threshold = 21
     energy              = 180.13
     coverage            = 23.50 (0.04)
     nforwardings        = 11.60
     time                = 0.89
52,-86.735070,0.469651,0.544257,0.000000,21,180.133000,23.500000,11.600000,0.888686
(53) borders_threshold   = -86.05
     margin_forwarding   = 0.47
     min_delay           = 0.54
     max_delay           = 0.00
     neighbors_threshold = 17
     energy              = 184.61
     coverage            = 23.60 (0.04)
     nforwardings        = 12.10
     time                = 0.79
53,-86.050114,0.469651,0.544257,0.000000,17,184.614000,23.600000,12.100000,0.789666
(54) borders_threshold   = -85.69
     margin_forwarding   = 0.47
     min_delay           = 0.54
     max_delay           = 0.00
     neighbors_threshold = 18
     energy              = 198.65
     coverage            = 23.70 (0.04)
     nforwardings        = 13.40
     time                = 0.95
54,-85.685749,0.469651,0.544257,0.000000,18,198.647000,23.700000,13.400000,0.945788
(55) borders_threshold   = -94.63
     margin_forwarding   = 0.47
     min_delay           = 1.00
     max_delay           = 0.20
     neighbors_threshold = 11
     energy              = 16.19
     coverage            = 6.80 (0.15)
     nforwardings        = 0.10
     time                = 0.07
55,-94.632155,0.469651,1.000000,0.198506,11,16.194300,6.800000,0.100000,0.067388
(56) borders_threshold   = -92.32
     margin_forwarding   = 0.80
     min_delay           = 0.69
     max_delay           = 0.52
     neighbors_threshold = 38
     energy              = 89.90
     coverage            = 18.70 (0.05)
     nforwardings        = 4.70
     time                = 1.65
56,-92.318857,0.804661,0.687902,0.520163,38,89.903700,18.700000,4.700000,1.645520
(57) borders_threshold   = -93.81
     margin_forwarding   = 1.14
     min_delay           = 0.04
     max_delay           = 0.00
     neighbors_threshold = 8
     energy              = 39.85
     coverage            = 11.70 (0.09)
     nforwardings        = 1.50
     time                = 0.02
57,-93.814036,1.138728,0.044835,0.000000,8,39.849900,11.700000,1.500000,0.024221
(58) borders_threshold   = -87.71
     margin_forwarding   = 0.80
     min_delay           = 1.00
     max_delay           = 0.01
     neighbors_threshold = 28
     energy              = 157.49
     coverage            = 21.90 (0.05)
     nforwardings        = 9.80
     time                = 1.86
58,-87.706422,0.804661,1.000000,0.014854,28,157.491000,21.900000,9.800000,1.859530
(59) borders_threshold   = -72.79
     margin_forwarding   = 0.79
     min_delay           = 0.14
     max_delay           = 2.35
     neighbors_threshold = 2
     energy              = 10.26
     coverage            = 3.40 (0.29)
     nforwardings        = 3.00
     time                = 1.52
59,-72.785562,0.794237,0.136713,2.354392,2,10.263300,3.400000,3.000000,1.523580
(60) borders_threshold   = -91.56
     margin_forwarding   = 0.29
     min_delay           = 0.16
     max_delay           = 0.77
     neighbors_threshold = 32
     energy              = 118.78
     coverage            = 20.60 (0.05)
     nforwardings        = 6.80
     time                = 1.75
60,-91.557428,0.286791,0.159833,0.772922,32,118.782000,20.600000,6.800000,1.746590
(61) borders_threshold   = -93.85
     margin_forwarding   = 0.29
     min_delay           = 0.39
     max_delay           = 0.77
     neighbors_threshold = 18
     energy              = 44.18
     coverage            = 12.20 (0.08)
     nforwardings        = 1.90
     time                = 0.94
61,-93.854929,0.286791,0.385316,0.772922,18,44.182000,12.200000,1.900000,0.941129
(62) borders_threshold   = -92.52
     margin_forwarding   = 0.29
     min_delay           = 0.16
     max_delay           = 0.77
     neighbors_threshold = 32
     energy              = 70.32
     coverage            = 15.90 (0.06)
     nforwardings        = 3.60
     time                = 1.15
62,-92.517711,0.286791,0.159833,0.772922,32,70.319600,15.900000,3.600000,1.150820
(63) borders_threshold   = -92.99
     margin_forwarding   = 0.29
     min_delay           = 0.16
     max_delay           = 0.77
     neighbors_threshold = 14
     energy              = 64.97
     coverage            = 15.50 (0.06)
     nforwardings        = 3.20
     time                = 0.95
63,-92.988856,0.286791,0.159833,0.772922,14,64.972100,15.500000,3.200000,0.947611
(64) borders_threshold   = -94.34
     margin_forwarding   = 1.69
     min_delay           = 0.77
     max_delay           = 3.14
     neighbors_threshold = 12
     energy              = 25.57
     coverage            = 9.20 (0.11)
     nforwardings        = 0.60
     time                = 0.97
64,-94.341050,1.690671,0.770225,3.137226,12,25.574500,9.200000,0.600000,0.969660
(65) borders_threshold   = -94.69
     margin_forwarding   = 0.29
     min_delay           = 0.39
     max_delay           = 0.07
     neighbors_threshold = 15
     energy              = 33.80
     coverage            = 10.90 (0.09)
     nforwardings        = 1.20
     time                = 0.25
65,-94.685782,0.286791,0.385316,0.068056,15,33.802400,10.900000,1.200000,0.253754
(66) borders_threshold   = -91.77
     margin_forwarding   = 0.47
     min_delay           = 0.00
     max_delay           = 1.03
     neighbors_threshold = 11
     energy              = 106.29
     coverage            = 19.40 (0.05)
     nforwardings        = 5.90
     time                = 1.98
66,-91.767564,0.469651,0.000000,1.032995,11,106.286000,19.400000,5.900000,1.982950
(67) borders_threshold   = -73.08
     margin_forwarding   = 0.79
     min_delay           = 0.00
     max_delay           = 2.72
     neighbors_threshold = 0
     energy              = 0.13
     coverage            = 1.80 (0.56)
     nforwardings        = 1.80
     time                = 0.84
67,-73.082579,0.794237,0.000000,2.719870,0,0.130955,1.800000,1.800000,0.839385
(68) borders_threshold   = -70.00
     margin_forwarding   = 0.79
     min_delay           = 0.68
     max_delay           = 2.35
     neighbors_threshold = 2
     energy              = 3.27
     coverage            = 2.50 (0.40)
     nforwardings        = 2.40
     time                = 1.64
68,-70.000000,0.794237,0.675724,2.354392,2,3.272230,2.500000,2.400000,1.644740
(69) borders_threshold   = -93.79
     margin_forwarding   = 0.29
     min_delay           = 0.00
     max_delay           = 0.99
     neighbors_threshold = 29
     energy              = 58.91
     coverage            = 13.70 (0.07)
     nforwardings        = 2.80
     time                = 0.86
69,-93.792618,0.286791,0.000000,0.991940,29,58.907300,13.700000,2.800000,0.856747
(70) borders_threshold   = -92.92
     margin_forwarding   = 0.29
     min_delay           = 0.16
     max_delay           = 0.77
     neighbors_threshold = 23
     energy              = 73.14
     coverage            = 16.80 (0.06)
     nforwardings        = 3.70
     time                = 1.25
70,-92.915156,0.286791,0.159833,0.772922,23,73.138100,16.800000,3.700000,1.251360
(71) borders_threshold   = -79.24
     margin_forwarding   = 0.79
     min_delay           = 0.14
     max_delay           = 2.35
     neighbors_threshold = 0
     energy              = 13.46
     coverage            = 3.20 (0.31)
     nforwardings        = 2.80
     time                = 1.18
71,-79.238827,0.794237,0.136713,2.354392,0,13.456900,3.200000,2.800000,1.182040
(72) borders_threshold   = -70.54
     margin_forwarding   = 0.79
     min_delay           = 0.14
     max_delay           = 5.00
     neighbors_threshold = 0
     energy              = 2.23
     coverage            = 1.80 (0.56)
     nforwardings        = 1.70
     time                = 1.40
72,-70.535476,0.794237,0.136713,5.000000,0,2.234610,1.800000,1.700000,1.404050
(73) borders_threshold   = -94.31
     margin_forwarding   = 0.29
     min_delay           = 0.85
     max_delay           = 0.47
     neighbors_threshold = 0
     energy              = 35.92
     coverage            = 11.10 (0.09)
     nforwardings        = 1.30
     time                = 0.81
73,-94.305753,0.286791,0.845372,0.470325,0,35.919300,11.100000,1.300000,0.806363
(74) borders_threshold   = -94.25
     margin_forwarding   = 0.80
     min_delay           = 1.00
     max_delay           = 5.00
     neighbors_threshold = 29
     energy              = 30.32
     coverage            = 10.10 (0.10)
     nforwardings        = 0.90
     time                = 1.84
74,-94.253183,0.804661,1.000000,5.000000,29,30.324700,10.100000,0.900000,1.838880
(75) borders_threshold   = -92.49
     margin_forwarding   = 0.47
     min_delay           = 1.00
     max_delay           = 0.44
     neighbors_threshold = 23
     energy              = 81.10
     coverage            = 17.90 (0.06)
     nforwardings        = 4.20
     time                = 1.90
75,-92.487070,0.469651,1.000000,0.440480,23,81.097600,17.900000,4.200000,1.897400
(76) borders_threshold   = -74.05
     margin_forwarding   = 0.79
     min_delay           = 0.14
     max_delay           = 2.35
     neighbors_threshold = 2
     energy              = 12.97
     coverage            = 3.70 (0.27)
     nforwardings        = 3.30
     time                = 1.58
76,-74.051438,0.794237,0.136713,2.354392,2,12.974700,3.700000,3.300000,1.580320
(77) borders_threshold   = -73.78
     margin_forwarding   = 0.79
     min_delay           = 0.14
     max_delay           = 2.35
     neighbors_threshold = 2
     energy              = 11.81
     coverage            = 3.60 (0.28)
     nforwardings        = 3.20
     time                = 1.39
77,-73.778583,0.794237,0.136713,2.354392,2,11.812300,3.600000,3.200000,1.394470
(78) borders_threshold   = -90.23
     margin_forwarding   = 0.79
     min_delay           = 0.10
     max_delay           = 0.99
     neighbors_threshold = 21
     energy              = 126.61
     coverage            = 21.00 (0.05)
     nforwardings        = 7.20
     time                = 1.66
78,-90.225619,0.794237,0.103720,0.986045,21,126.612000,21.000000,7.200000,1.662860
(79) borders_threshold   = -70.00
     margin_forwarding   = 0.79
     min_delay           = 1.00
     max_delay           = 5.00
     neighbors_threshold = 2
     energy              = 1.72
     coverage            = 1.70 (0.59)
     nforwardings        = 1.60
     time                = 1.78
79,-70.000000,0.794237,1.000000,5.000000,2,1.715950,1.700000,1.600000,1.782750
(80) borders_threshold   = -75.03
     margin_forwarding   = 0.79
     min_delay           = 0.10
     max_delay           = 0.99
     neighbors_threshold = 0
     energy              = 11.23
     coverage            = 3.50 (0.29)
     nforwardings        = 2.90
     time                = 0.90
80,-75.028915,0.794237,0.103720,0.986045,0,11.228500,3.500000,2.900000,0.900590
(81) borders_threshold   = -93.02
     margin_forwarding   = 0.47
     min_delay           = 0.00
     max_delay           = 0.64
     neighbors_threshold = 6
     energy              = 64.31
     coverage            = 15.20 (0.07)
     nforwardings        = 3.10
     time                = 0.54
81,-93.016617,0.469651,0.000000,0.638127,6,64.313200,15.200000,3.100000,0.536439
(82) borders_threshold   = -74.47
     margin_forwarding   = 0.79
     min_delay           = 0.68
     max_delay           = 2.27
     neighbors_threshold = 0
     energy              = 4.23
     coverage            = 3.00 (0.33)
     nforwardings        = 2.90
     time                = 1.66
82,-74.467415,0.794237,0.675724,2.265552,0,4.234750,3.000000,2.900000,1.655280
(83) borders_threshold   = -73.07
     margin_forwarding   = 0.79
     min_delay           = 1.00
     max_delay           = 3.01
     neighbors_threshold = 0
     energy              = 3.16
     coverage            = 2.00 (0.50)
     nforwardings        = 1.80
     time                = 1.15
83,-73.071296,0.794237,1.000000,3.010068,0,3.158660,2.000000,1.800000,1.150940
(84) borders_threshold   = -93.00
     margin_forwarding   = 0.29
     min_delay           = 0.00
     max_delay           = 0.77
     neighbors_threshold = 21
     energy              = 59.90
     coverage            = 14.00 (0.07)
     nforwardings        = 2.90
     time                = 0.56
84,-93.002750,0.286791,0.000000,0.772922,21,59.903100,14.000000,2.900000,0.563102
(85) borders_threshold   = -93.72
     margin_forwarding   = 1.14
     min_delay           = 0.04
     max_delay           = 0.05
     neighbors_threshold = 8
     energy              = 55.55
     coverage            = 13.40 (0.07)
     nforwardings        = 2.50
     time                = 0.09
85,-93.717337,1.138728,0.044835,0.051664,8,55.547000,13.400000,2.500000,0.089112
(86) borders_threshold   = -92.80
     margin_forwarding   = 0.29
     min_delay           = 0.19
     max_delay           = 0.77
     neighbors_threshold = 14
     energy              = 75.99
     coverage            = 17.50 (0.06)
     nforwardings        = 3.90
     time                = 1.37
86,-92.796020,0.286791,0.194048,0.772922,14,75.994800,17.500000,3.900000,1.372930
(87) borders_threshold   = -94.64
     margin_forwarding   = 1.69
     min_delay           = 0.77
     max_delay           = 3.14
     neighbors_threshold = 9
     energy              = 23.72
     coverage            = 9.00 (0.11)
     nforwardings        = 0.50
     time                = 0.80
87,-94.640889,1.690671,0.770225,3.137226,9,23.719000,9.000000,0.500000,0.797084
(88) borders_threshold   = -72.76
     margin_forwarding   = 0.79
     min_delay           = 0.85
     max_delay           = 5.00
     neighbors_threshold = 0
     energy              = 3.74
     coverage            = 1.90 (0.53)
     nforwardings        = 1.70
     time                = 1.21
88,-72.760421,0.794237,0.854257,5.000000,0,3.738210,1.900000,1.700000,1.212590
(89) borders_threshold   = -92.87
     margin_forwarding   = 0.29
     min_delay           = 0.16
     max_delay           = 0.77
     neighbors_threshold = 31
     energy              = 78.49
     coverage            = 17.70 (0.06)
     nforwardings        = 4.10
     time                = 1.15
89,-92.868210,0.286791,0.159833,0.772922,31,78.488900,17.700000,4.100000,1.152900
(90) borders_threshold   = -87.54
     margin_forwarding   = 1.88
     min_delay           = 0.00
     max_delay           = 0.58
     neighbors_threshold = 8
     energy              = 182.35
     coverage            = 23.00 (0.04)
     nforwardings        = 11.20
     time                = 0.78
90,-87.543127,1.884241,0.000000,0.575125,8,182.349000,23.000000,11.200000,0.778455
(91) borders_threshold   = -92.58
     margin_forwarding   = 0.29
     min_delay           = 0.23
     max_delay           = 0.77
     neighbors_threshold = 32
     energy              = 75.88
     coverage            = 17.10 (0.06)
     nforwardings        = 3.90
     time                = 1.23
91,-92.577458,0.286791,0.231203,0.772922,32,75.881700,17.100000,3.900000,1.227520
(92) borders_threshold   = -94.43
     margin_forwarding   = 0.79
     min_delay           = 0.00
     max_delay           = 1.75
     neighbors_threshold = 0
     energy              = 18.07
     coverage            = 7.60 (0.13)
     nforwardings        = 0.20
     time                = 0.09
92,-94.432980,0.794237,0.000000,1.752472,0,18.072000,7.600000,0.200000,0.093053
(93) borders_threshold   = -87.53
     margin_forwarding   = 0.29
     min_delay           = 0.08
     max_delay           = 1.07
     neighbors_threshold = 37
     energy              = 170.77
     coverage            = 22.80 (0.04)
     nforwardings        = 11.10
     time                = 1.59
93,-87.531202,0.286791,0.082431,1.065628,37,170.766000,22.800000,11.100000,1.588940
(94) borders_threshold   = -91.97
     margin_forwarding   = 0.29
     min_delay           = 0.00
     max_delay           = 0.77
     neighbors_threshold = 24
     energy              = 108.51
     coverage            = 19.50 (0.05)
     nforwardings        = 6.10
     time                = 1.37
94,-91.972615,0.286791,0.000000,0.772922,24,108.511000,19.500000,6.100000,1.369390
(95) borders_threshold   = -75.23
     margin_forwarding   = 0.79
     min_delay           = 0.00
     max_delay           = 2.35
     neighbors_threshold = 0
     energy              = 11.81
     coverage            = 3.10 (0.32)
     nforwardings        = 2.70
     time                = 1.34
95,-75.227709,0.794237,0.000000,2.354392,0,11.813800,3.100000,2.700000,1.338250
(96) borders_threshold   = -93.87
     margin_forwarding   = 0.47
     min_delay           = 0.79
     max_delay           = 1.16
     neighbors_threshold = 6
     energy              = 43.55
     coverage            = 12.10 (0.08)
     nforwardings        = 1.80
     time                = 1.45
96,-93.866408,0.469651,0.792722,1.162775,6,43.554900,12.100000,1.800000,1.452640
(97) borders_threshold   = -79.40
     margin_forwarding   = 0.79
     min_delay           = 0.68
     max_delay           = 0.00
     neighbors_threshold = 16
     energy              = 273.47
     coverage            = 24.00 (0.04)
     nforwardings        = 18.80
     time                = 1.00
97,-79.398189,0.794237,0.675724,0.000000,16,273.471000,24.000000,18.800000,1.001710
(98) borders_threshold   = -92.32
     margin_forwarding   = 1.14
     min_delay           = 0.04
     max_delay           = 0.00
     neighbors_threshold = 9
     energy              = 61.71
     coverage            = 14.70 (0.07)
     nforwardings        = 2.90
     time                = 0.05
98,-92.321766,1.138728,0.044835,0.000000,9,61.711200,14.700000,2.900000,0.051660
(99) borders_threshold   = -74.30
     margin_forwarding   = 0.79
     min_delay           = 0.14
     max_delay           = 2.72
     neighbors_threshold = 2
     energy              = 2.21
     coverage            = 2.10 (0.48)
     nforwardings        = 2.00
     time                = 0.99
99,-74.297315,0.794237,0.136713,2.720168,2,2.212330,2.100000,2.000000,0.985667

real	49m16.091s
user	41m10.006s
sys	8m1.234s
