[INFO][3] Cantidad de iteraciones: 3000
[INFO][1] Cantidad de iteraciones: 3000
[INFO][4] Cantidad de iteraciones: 3000
[INFO][8] Cantidad de iteraciones: 3000
[INFO][6] Cantidad de iteraciones: 3000
[INFO][2] Cantidad de iteraciones: 3000
[INFO][7] Cantidad de iteraciones: 3000
[INFO][5] Cantidad de iteraciones: 3000

id,borders_threshold,margin_forwarding,min_delay,max_delay,neighbors_threshold,energy,coverage,nforwardings,time
0,-71.792988,2.549970,0.016116,1.225981,6,1.462310,6.500000,6.200000,1.181680
1,-70.829906,2.549970,0.000000,0.951107,5,0.027764,8.500000,8.300000,1.593650
2,-94.624221,2.321462,0.291249,0.967218,24,36.847400,32.000000,1.300000,0.744481
3,-94.682458,0.600291,0.143574,3.296975,18,28.612200,28.900000,0.800000,1.048380
4,-94.447244,1.048010,0.141674,3.724078,0,47.926500,37.300000,2.000000,1.976570
5,-93.843320,2.321462,0.291249,0.967218,26,56.072100,42.300000,2.500000,1.085170
6,-94.692448,1.048010,0.012100,3.463294,0,22.293500,26.800000,0.400000,0.668485
7,-71.189038,2.549970,0.016116,1.225981,8,7.217880,6.000000,5.600000,1.296810
8,-93.420728,1.174348,0.399203,4.774638,8,118.289000,66.600000,6.400000,6.695380
9,-70.949136,2.549970,0.000000,1.225981,7,0.599338,7.500000,7.200000,1.376320
10,-93.410412,2.321462,0.000000,0.967218,27,102.532000,60.400000,5.400000,1.234300
11,-93.406494,2.321462,0.000000,0.967218,24,97.725700,59.100000,5.100000,1.148560
12,-93.110100,1.048010,0.141674,0.000000,0,137.717000,67.500000,7.900000,0.207141
13,-73.404972,2.549970,0.004655,0.000000,4,6.356300,9.000000,8.400000,0.013150
14,-70.189596,2.549970,0.000000,0.251005,9,3.081640,11.400000,11.000000,0.443645
15,-93.846927,0.760410,0.000000,0.883376,0,83.848700,52.100000,4.300000,1.072460
16,-73.980766,2.549970,0.000000,0.659368,0,10.853300,13.200000,12.200000,1.105850
17,-73.059489,2.549970,0.000000,1.253955,0,0.374151,7.000000,6.500000,1.697530
18,-73.353258,2.549970,0.080176,0.906933,1,4.956240,8.200000,7.600000,1.493030
19,-73.876451,2.549970,0.000000,1.124702,3,11.615800,11.300000,10.600000,1.695590
20,-70.319054,2.549970,0.000000,1.225981,5,0.062341,7.400000,7.100000,1.464970
21,-94.234608,2.321462,0.465262,0.893582,18,46.459700,36.700000,1.900000,0.984042
22,-72.425994,2.549970,0.084860,1.154825,3,1.072720,5.000000,4.700000,0.870583
23,-72.937089,2.549970,0.084860,0.951107,5,4.885450,7.900000,7.400000,1.299380
24,-72.534021,2.549970,0.000000,0.000000,5,0.230659,10.000000,10.000000,0.003834
25,-94.247829,1.048010,0.141674,3.463294,0,38.314100,33.300000,1.400000,1.420660
26,-70.897130,2.549970,0.000000,0.927118,9,1.659100,8.500000,8.100000,0.854949
27,-70.871513,2.549970,0.000000,0.000000,6,0.951296,10.200000,10.100000,0.003361
28,-93.937005,2.321462,0.465262,0.967218,21,72.092700,49.700000,3.500000,1.751620
29,-73.178095,2.549970,0.138847,1.291065,0,5.214970,7.600000,7.100000,1.770650
30,-92.526239,2.549970,0.084860,0.652767,21,168.216000,73.900000,9.500000,1.219340
31,-70.414229,2.549970,0.000000,0.000000,11,9.915550,17.100000,16.900000,0.006372
32,-93.859132,2.321462,0.465262,0.893582,16,62.480300,44.600000,2.900000,1.461060
33,-73.947219,2.549970,0.599279,0.932179,0,10.559500,8.100000,7.500000,1.688110
34,-94.825451,0.760410,0.455839,4.874758,9,19.041600,22.000000,0.200000,0.796142
35,-94.083313,2.549970,0.084860,0.652767,19,67.286500,45.800000,3.200000,0.749497
36,-73.802778,2.549970,0.049257,0.659368,5,4.789790,10.000000,8.800000,1.037920
37,-73.580856,2.549970,0.000000,0.659368,7,10.230800,9.300000,8.200000,1.119290
38,-94.685434,0.355287,1.000000,2.785556,20,30.209500,30.500000,0.900000,1.528390
39,-94.061286,2.321462,0.465262,0.923541,18,59.276200,43.300000,2.700000,1.429940
40,-73.378282,2.549970,0.049257,0.933665,2,0.433444,7.100000,6.800000,1.124970
41,-95.000000,0.355287,0.505283,2.785556,34,15.792500,17.800000,0.000000,0.000787
42,-72.563642,2.549970,0.000000,1.225981,10,0.189748,6.900000,6.700000,1.547310
43,-72.092463,2.549970,0.260611,0.932179,7,5.462730,8.700000,8.200000,1.495320
44,-93.922081,0.760410,0.000000,1.139094,0,107.456000,63.100000,5.800000,1.606650
45,-94.471638,2.876887,0.400451,1.643211,0,43.255600,35.800000,1.700000,1.251110
46,-74.229448,2.549970,0.000000,0.000000,0,13.637000,14.800000,14.200000,0.004901
47,-72.369216,2.549970,0.554090,0.951107,0,0.324129,5.700000,5.300000,1.462140
48,-94.986546,0.355287,0.505283,2.785556,32,17.364800,19.300000,0.100000,0.262231
49,-70.346536,2.549970,0.000000,1.225981,9,0.975089,7.500000,7.100000,1.408230
50,-92.636036,2.321462,0.000000,0.967218,27,139.379000,71.000000,7.700000,1.368310
51,-72.467472,2.549970,0.084860,0.951107,0,0.283485,8.600000,8.500000,1.232390
52,-94.478204,2.876887,1.000000,1.643211,38,48.061800,38.700000,2.000000,1.994970
53,-70.000000,2.549970,0.000000,0.000000,10,7.228510,12.900000,12.800000,0.003769
54,-73.920667,2.549970,0.554090,1.225981,3,8.784880,7.700000,7.100000,1.857120
55,-73.777808,2.549970,0.000000,0.659368,8,11.670900,13.500000,12.400000,1.449480
56,-72.779886,2.549970,0.084860,0.971237,0,0.450140,4.900000,4.600000,0.755365
57,-94.541303,2.876887,0.400451,1.643211,0,38.449400,33.500000,1.400000,1.023350
58,-73.650082,2.549970,0.000000,0.659368,0,5.345850,12.400000,11.200000,1.199780
59,-70.574954,2.549970,0.000000,0.000000,6,0.722439,11.100000,10.900000,0.003812
60,-73.843130,2.549970,0.000000,0.659368,6,13.969900,13.600000,12.600000,1.179110
61,-70.913129,2.549970,0.000000,1.225981,12,10.211800,15.100000,14.500000,1.894930
62,-94.760291,0.355287,1.000000,2.723394,21,20.437200,24.700000,0.300000,0.652565
63,-94.297844,2.321462,0.465262,0.923541,16,54.470000,39.200000,2.400000,1.144430
64,-72.710717,2.549970,0.000000,1.253475,9,1.636050,7.300000,6.700000,1.287960
65,-94.416235,1.048010,0.141674,3.463294,0,41.518200,34.700000,1.600000,1.602620
66,-94.041190,0.600291,0.169263,0.000000,28,86.228500,54.600000,4.400000,0.201884
67,-70.698405,2.549970,0.554090,0.659368,6,0.000521,6.200000,5.700000,1.384620
68,-73.639845,2.549970,0.000000,0.000000,1,13.672100,19.900000,19.300000,0.006485
69,-94.178769,0.760410,0.000000,1.004694,0,89.478800,57.800000,4.600000,1.406680
70,-71.605829,2.549970,0.000000,0.927118,11,9.832700,14.700000,13.400000,1.447070
71,-73.993379,2.549970,0.000000,0.927118,11,8.567820,10.200000,9.300000,1.352500
72,-72.368567,2.549970,0.308566,1.321409,6,2.343360,6.700000,6.300000,1.879610
73,-70.000000,2.549970,0.000000,0.951107,0,0.916158,8.600000,8.400000,1.513480
74,-72.642542,2.549970,0.084860,0.951107,6,6.941860,8.900000,8.300000,1.632750
75,-94.700397,0.355287,0.004921,2.785556,40,25.254000,27.500000,0.600000,0.713900
76,-94.208296,0.760410,0.455839,0.000000,23,81.557900,51.200000,4.100000,0.506430
77,-71.938144,2.549970,0.016116,1.225981,6,0.100549,7.800000,7.400000,1.451740
78,-94.293561,2.876887,0.400451,1.643211,0,44.857700,36.100000,1.800000,1.510750
79,-71.982798,2.549970,0.016116,1.225981,6,0.921789,8.800000,8.300000,1.946130
80,-92.704669,2.549970,0.000000,0.951107,8,150.594000,72.700000,8.400000,1.276620
81,-73.611801,2.549970,0.049257,0.659368,5,3.226000,12.800000,12.100000,1.537610
82,-93.925139,2.321462,0.291249,0.967218,29,68.888600,46.600000,3.300000,1.242580
83,-72.552903,2.549970,0.000000,1.124702,7,0.646988,9.100000,8.600000,1.745960
84,-92.570210,2.823963,0.168354,1.004768,37,165.012000,73.200000,9.300000,1.962720
85,-94.691496,2.549970,0.000000,1.305825,0,24.030900,27.400000,0.500000,0.312493
86,-73.850588,2.549970,0.554090,1.092183,0,4.889660,5.700000,5.200000,1.358800
87,-72.535518,2.549970,0.143299,1.225981,3,1.422690,6.400000,6.100000,1.612730
88,-71.832033,2.549970,0.308566,1.225981,7,0.149047,5.900000,5.600000,1.471160
89,-94.944970,0.355287,0.505283,5.000000,25,18.959200,21.100000,0.200000,0.846186
90,-71.773428,2.549970,0.000000,1.237253,9,0.131933,8.300000,7.700000,1.208240
91,-72.881599,2.549970,0.084860,0.951107,6,8.847320,9.000000,8.300000,1.561120
92,-94.131763,0.355287,0.000000,1.219226,45,79.290800,50.600000,4.000000,1.414010
93,-91.712428,2.549970,0.000000,0.659368,9,181.162000,74.000000,10.400000,0.749302
94,-73.850543,2.549970,0.049257,0.659368,4,6.654580,11.100000,10.000000,1.176410
95,-70.000000,2.549970,0.000000,0.000000,11,8.923190,14.000000,13.800000,0.005524
97,-94.735458,0.355287,1.000000,2.723394,14,22.039300,26.700000,0.400000,0.780719
98,-72.395929,2.549970,0.000000,1.039472,0,0.026522,5.100000,5.100000,0.782977
99,-94.017875,0.760410,0.000000,0.980581,0,113.018000,63.200000,6.100000,1.518770
