[INFO][1] Cantidad de iteraciones: 3000
[INFO][7] Cantidad de iteraciones: 3000
[INFO][3] Cantidad de iteraciones: 3000
[INFO][8] Cantidad de iteraciones: 3000
[INFO][6] Cantidad de iteraciones: 3000
[INFO][2] Cantidad de iteraciones: 3000
[INFO][4] Cantidad de iteraciones: 3000

id,borders_threshold,margin_forwarding,min_delay,max_delay,neighbors_threshold,energy,coverage,nforwardings,time
[INFO][5] Cantidad de iteraciones: 3000
0,-76.224410,0.808595,0.116220,0.896766,38,313.845000,24.000000,20.900000,1.622600
1,-90.702249,1.032017,0.000000,0.237958,29,112.060000,20.200000,6.200000,0.377636
2,-94.244698,0.808595,0.116220,0.843448,21,19.549800,7.700000,0.300000,0.102691
3,-94.585479,0.808595,0.116220,0.896766,21,16.431500,6.800000,0.100000,0.044980
4,-94.285505,1.319962,0.410188,2.297194,43,22.307600,8.100000,0.700000,0.953910
5,-90.635022,1.429144,0.545416,1.166340,29,78.822900,17.400000,4.000000,1.985190
6,-73.762129,1.528122,0.000000,2.631747,2,7.103780,2.900000,2.800000,0.983390
7,-93.000053,1.429144,0.545416,1.154394,2,72.165900,16.200000,3.600000,1.935280
8,-94.282962,0.808595,0.116220,0.843448,21,18.080600,7.600000,0.200000,0.062376
9,-93.033792,0.808595,0.520429,0.896766,23,69.301100,15.200000,3.400000,1.630840
10,-94.639078,1.553711,0.478793,4.880439,29,25.365800,9.300000,0.600000,1.290190
11,-86.531041,0.264260,0.780179,2.918194,22,175.733000,23.000000,10.800000,7.208830
12,-92.737113,1.032017,0.165418,0.496650,5,91.537000,18.700000,4.800000,0.872627
13,-71.717210,1.528122,0.998201,1.345112,2,6.941850,2.400000,2.400000,1.038640
14,-95.000000,0.264260,0.780179,2.918194,20,14.992000,4.800000,0.000000,0.000736
15,-92.207786,1.032017,0.075918,0.000000,10,61.547100,14.600000,2.900000,0.077593
16,-94.082656,1.553711,0.478793,4.880439,19,33.168300,11.000000,1.100000,1.865820
17,-93.634093,1.429144,0.569921,0.540329,22,49.544500,12.600000,2.100000,0.776105
18,-89.087213,1.319962,0.226790,0.265867,45,150.006000,21.100000,8.600000,0.685279
19,-88.859033,1.032017,0.165418,0.237958,22,151.752000,21.200000,8.700000,0.639573
20,-94.257948,1.553711,0.360403,4.880439,12,27.162900,9.500000,0.700000,1.387310
21,-71.042677,1.528122,0.000000,2.256587,2,3.831500,2.200000,2.000000,0.718506
22,-83.716759,0.808595,0.116220,0.896766,31,235.140000,23.900000,15.100000,1.848020
23,-94.433661,1.553711,0.478793,4.880439,32,30.439100,10.000000,0.900000,1.413540
24,-74.402115,1.528122,0.000000,1.253354,1,2.983900,1.900000,1.900000,0.275815
25,-73.895337,1.528122,0.000000,2.256587,2,11.409700,3.300000,2.900000,1.017880
26,-93.044823,1.319962,0.226790,0.265867,46,66.485200,15.100000,3.200000,0.503747
27,-70.000000,1.528122,0.376869,4.004091,0,2.054720,2.600000,2.600000,1.210590
28,-70.000000,1.528122,0.000000,2.256587,0,11.888700,4.500000,4.300000,1.357750
29,-94.539329,1.429144,1.000000,1.047987,21,23.469100,7.900000,0.500000,0.511093
30,-87.816939,0.808595,0.000000,0.896766,24,151.262000,21.800000,9.200000,1.524630
31,-91.647852,1.032017,0.000000,0.237958,17,104.020000,19.300000,5.600000,0.376648
32,-93.630867,1.319962,0.226790,0.000000,50,39.886400,11.700000,1.500000,0.168809
33,-72.123154,1.528122,0.000000,1.702677,0,2.184280,1.800000,1.800000,0.435999
34,-74.461280,1.528122,0.109042,4.428719,2,7.827730,2.800000,2.500000,1.913710
35,-87.993388,0.808595,0.000000,0.896766,17,154.461000,22.200000,9.400000,1.674660
36,-73.479085,1.528122,0.252660,3.677153,2,8.191320,2.200000,1.900000,1.062730
37,-87.103093,1.032017,0.050289,0.237958,31,178.553000,23.200000,11.100000,0.568680
38,-92.895278,0.808595,0.000000,0.204390,22,80.370800,17.900000,4.100000,0.234487
39,-74.814369,1.528122,0.109042,4.004091,1,9.327080,2.400000,2.200000,1.706390
40,-92.988808,0.808595,0.520429,0.689022,23,65.803500,14.900000,3.200000,1.162380
41,-93.505148,0.808595,0.520429,0.896766,14,47.973600,12.500000,2.100000,1.160390
42,-75.917815,0.808595,0.116220,0.000000,46,305.298000,24.000000,21.100000,0.167806
43,-94.207182,1.553711,0.360403,4.880439,19,28.764900,9.700000,0.800000,1.539500
44,-87.874434,1.319962,0.000000,0.265867,44,173.101000,22.600000,10.700000,0.474582
45,-70.000000,1.528122,1.000000,4.342534,0,3.457120,1.900000,1.800000,1.666500
46,-93.287783,2.764468,0.447431,2.095139,7,59.073800,13.300000,2.700000,1.867810
47,-74.358472,1.528122,0.376869,1.345112,0,5.007970,2.700000,2.600000,0.747573
48,-94.627812,1.319962,0.000000,2.211898,47,23.493400,8.700000,0.500000,0.304772
49,-87.887435,1.032017,0.165418,0.237958,22,166.257000,22.500000,10.200000,0.787669
50,-92.848439,0.808595,0.174647,0.896766,27,78.042200,16.800000,4.000000,1.348290
51,-93.797166,0.808595,0.000000,1.280554,15,51.172600,13.100000,2.200000,1.101210
52,-73.300498,1.528122,0.294906,1.705778,0,6.608250,2.100000,1.900000,0.531800
53,-87.390401,1.032017,0.000000,0.237958,37,151.272000,21.500000,9.100000,0.362265
54,-92.753288,1.429144,0.301635,0.927830,19,69.871800,15.400000,3.400000,1.462090
55,-72.581975,1.528122,0.000000,2.256587,1,9.854180,3.200000,2.900000,1.180380
56,-94.616895,1.032017,0.026220,0.237958,32,23.541000,9.000000,0.500000,0.043284
57,-71.548255,1.528122,0.000000,3.843970,0,3.034740,2.100000,2.000000,1.087340
58,-71.469999,1.528122,0.168890,2.256587,2,5.791590,3.200000,3.000000,0.547235
59,-70.000000,1.528122,0.000000,3.677153,2,6.153870,2.800000,2.600000,1.813630
60,-86.937936,1.319962,0.607271,0.000000,47,190.403000,23.700000,11.800000,1.221900
61,-74.441695,1.528122,0.000000,3.677153,0,8.117840,2.500000,2.400000,1.317220
62,-94.174364,0.808595,0.036776,0.663229,11,32.684900,10.200000,1.400000,0.428989
63,-90.901877,0.808595,0.000000,0.896766,23,123.721000,20.300000,6.900000,1.266780
64,-92.678863,1.429144,0.329754,0.865452,18,76.016000,16.700000,3.800000,1.563100
65,-74.686156,1.528122,0.000000,2.256587,1,13.834400,3.100000,2.800000,1.553060
66,-70.838117,1.528122,0.168890,2.919298,0,3.494090,2.700000,2.700000,1.466640
67,-94.085649,0.808595,0.720011,0.741538,30,44.365100,12.400000,1.800000,1.097400
68,-74.416441,1.528122,0.109042,4.428719,1,7.204840,2.700000,2.500000,1.913710
69,-94.175150,0.808595,0.000000,0.896766,16,37.672100,11.300000,1.400000,0.687962
70,-92.895864,1.319962,0.000000,0.354408,37,82.586200,18.100000,4.200000,0.363404
71,-73.395772,1.528122,0.109042,4.428719,1,9.847300,2.100000,1.800000,1.491200
72,-89.314166,1.319962,0.226790,0.265867,46,153.847000,21.600000,8.900000,0.874624
73,-70.000000,1.528122,1.000000,1.633669,0,2.871220,3.400000,3.400000,1.937050
74,-70.000000,1.528122,0.998201,1.345112,2,2.538000,3.000000,3.000000,1.121510
75,-92.320865,0.808595,0.520429,0.689022,23,103.747000,19.000000,5.600000,1.676350
76,-92.390656,1.032017,1.000000,0.000000,30,43.963900,11.800000,2.100000,0.648989
77,-74.738926,1.528122,0.109042,5.000000,1,10.783900,2.500000,2.300000,1.791610
78,-70.000000,1.528122,0.109042,4.428719,0,4.287550,1.800000,1.700000,1.671720
79,-87.799058,0.808595,0.000000,0.204390,31,177.682000,23.500000,11.200000,0.290248
80,-92.960807,0.808595,0.174647,0.787423,23,60.787300,13.800000,2.900000,0.868615
82,-73.048432,1.528122,0.000000,3.137587,0,2.581650,2.300000,2.300000,1.313960
83,-90.154094,0.808595,0.000000,0.896766,15,124.174000,21.000000,7.100000,1.763430
84,-73.383084,1.528122,0.000000,2.879103,2,13.913400,3.600000,3.000000,0.951795
