[INFO][6] Cantidad de iteraciones: 3000
[INFO][8] Cantidad de iteraciones: 3000
[INFO][7] Cantidad de iteraciones: 3000
[INFO][1] Cantidad de iteraciones: 3000
[INFO][5] Cantidad de iteraciones: 3000
[INFO][2] Cantidad de iteraciones: 3000
[INFO][3] Cantidad de iteraciones: 3000
[INFO][4] Cantidad de iteraciones: 3000

id,borders_threshold,margin_forwarding,min_delay,max_delay,neighbors_threshold,energy,coverage,nforwardings,time
0,-77.257917,0.352402,0.394198,2.782131,2,13.890400,3.100000,2.600000,1.728460
1,-70.000000,1.584558,0.000000,2.428969,2,3.638190,2.900000,2.900000,0.931494
2,-88.091512,0.352402,0.000000,0.535270,12,171.061000,23.200000,11.000000,0.930094
3,-90.228885,0.578270,0.089718,0.998856,22,137.688000,21.200000,7.900000,1.638950
4,-92.643857,1.233628,0.467040,0.000000,25,63.661800,14.400000,3.000000,0.509615
5,-93.219961,0.438269,1.000000,0.000000,5,75.241900,16.300000,3.800000,1.250900
6,-71.670624,1.584558,0.608840,1.616129,2,11.283900,3.500000,3.200000,0.773238
7,-75.213037,0.352402,0.000000,2.782131,2,9.981570,3.000000,2.600000,1.628470
8,-87.170825,1.233628,0.467040,0.756663,28,170.481000,22.500000,10.400000,1.983070
9,-76.272412,0.352402,0.000000,2.001371,1,14.067300,2.600000,2.200000,0.863729
10,-93.495061,0.438269,0.000000,0.302319,13,62.363900,14.200000,3.000000,0.224712
11,-94.426394,0.352402,0.792771,0.000000,14,45.357500,13.000000,1.900000,0.648609
12,-86.699591,1.327842,0.442625,4.797672,21,162.607000,21.900000,9.700000,7.561070
13,-93.713951,1.233628,0.467040,0.000000,24,39.869100,11.700000,1.500000,0.332369
14,-95.000000,0.205942,0.531539,3.232968,11,14.945400,4.800000,0.000000,0.000736
15,-94.576588,0.352402,0.000000,0.535270,23,37.740000,11.400000,1.400000,0.342800
16,-75.488480,0.352402,0.000000,2.991255,0,9.607910,2.900000,2.500000,1.662150
17,-79.905298,1.233628,0.467040,2.671394,37,258.283000,23.900000,16.700000,5.581930
18,-72.288317,0.352402,0.394198,5.000000,0,5.137260,2.000000,1.500000,1.883420
19,-71.065124,1.584558,0.000000,3.035064,2,8.506900,3.700000,3.500000,1.164640
20,-74.526416,0.352402,0.722657,0.759743,0,1.011100,2.500000,2.500000,0.666622
21,-94.040114,0.438269,1.000000,0.000000,0,37.244200,11.100000,1.400000,0.698963
22,-90.627895,1.144944,0.526026,3.200104,29,115.538000,20.300000,6.400000,4.159340
23,-92.482436,1.584558,0.608840,0.000000,0,75.293000,16.900000,3.800000,0.887711
24,-94.162188,1.144944,0.526026,1.054408,14,26.839300,9.300000,0.700000,0.465029
25,-76.748165,0.352402,0.394198,2.001371,0,11.826700,3.300000,2.900000,1.249380
26,-92.509429,0.438269,0.815870,0.000000,1,73.413000,16.500000,4.100000,1.012010
27,-93.988533,1.584558,1.000000,0.000000,0,28.529300,9.400000,0.800000,0.421906
28,-87.524896,2.463679,0.589354,0.000000,40,196.331000,23.600000,11.900000,1.118720
29,-94.604656,0.578270,0.028205,1.298436,28,16.270300,6.800000,0.100000,0.056598
30,-71.236231,0.352402,0.000000,3.530248,0,0.187928,1.800000,1.700000,0.951477
31,-94.569311,0.438269,1.000000,0.000000,1,21.708100,8.500000,0.400000,0.165111
32,-70.105344,0.352402,0.000000,4.793470,0,5.054090,1.700000,1.500000,1.186900
33,-76.482385,0.352402,0.394198,2.782131,1,12.861200,3.000000,2.500000,1.653190
34,-92.074751,0.766413,0.778960,0.000000,6,73.258600,15.800000,3.700000,0.826564
35,-94.412401,0.438269,0.000000,0.116561,0,45.458100,13.200000,1.900000,0.120050
36,-93.758583,0.578270,0.820671,1.625011,26,56.848900,13.900000,2.600000,1.936690
37,-90.651183,0.578270,0.089718,0.998856,22,119.930000,20.500000,6.900000,1.819260
38,-74.426123,0.352402,0.013517,3.241173,0,1.785260,2.400000,2.300000,1.520290
39,-93.628757,1.920436,0.917490,1.223940,32,38.790200,11.500000,1.500000,1.367830
40,-73.640023,0.352402,0.000000,3.515648,2,3.261970,2.800000,2.700000,1.512120
41,-75.119508,0.352402,0.394198,2.782131,2,9.335520,2.400000,1.900000,1.452480
42,-94.186836,0.438269,0.815870,0.000000,0,39.789200,11.700000,1.600000,0.660712
43,-93.816636,1.920436,0.917490,1.223940,24,32.381900,10.500000,1.100000,1.051950
44,-93.146213,0.438269,0.000000,0.294241,9,79.385500,18.000000,4.100000,0.355008
45,-72.315064,1.584558,0.000000,3.332670,1,2.670380,2.600000,2.600000,1.962190
46,-94.204229,0.352402,1.000000,0.162263,0,35.933300,11.000000,1.300000,0.693465
47,-92.684241,1.920436,0.166194,0.000000,28,64.009400,14.700000,3.000000,0.162903
48,-73.412115,1.584558,0.608840,0.000000,9,305.688000,24.000000,22.000000,1.041340
49,-74.835519,0.352402,0.000000,5.000000,1,6.005520,2.300000,1.800000,1.378820
50,-92.920542,0.766413,0.216807,0.000000,4,69.313300,15.700000,3.400000,0.254875
51,-92.121646,1.233628,0.467040,0.097971,28,90.447000,18.400000,4.700000,0.823039
52,-74.188519,0.352402,0.000000,3.813180,0,1.238060,2.100000,1.900000,1.143040
53,-87.910506,1.233628,0.000000,0.756663,27,147.625000,21.300000,8.900000,1.338440
54,-73.296819,0.352402,0.000000,2.782131,2,10.428500,3.400000,3.000000,1.520970
55,-94.330132,0.766413,0.060733,2.168309,19,29.646400,9.800000,0.900000,0.885845
56,-92.409139,0.766413,0.216807,0.000000,12,75.587000,17.100000,3.800000,0.217598
57,-94.572545,0.438269,0.815870,0.390365,0,24.873000,9.200000,0.600000,0.314759
58,-74.684896,0.352402,0.000000,3.917433,0,7.250730,2.200000,1.700000,1.448440
59,-79.070908,0.352402,0.402593,2.001371,1,14.496400,3.100000,2.500000,1.253480
60,-92.509227,0.766413,1.000000,0.000000,14,73.608300,15.900000,3.700000,1.231670
61,-94.657817,0.352402,0.000000,0.535270,27,22.731100,8.700000,0.500000,0.117922
62,-94.598210,0.352402,1.000000,0.335163,13,34.328600,10.700000,1.300000,0.689030
63,-92.184278,0.766413,0.216807,0.000000,7,91.024300,18.900000,4.800000,0.280756
64,-75.231984,0.352402,0.722657,0.759743,1,13.309100,3.600000,3.200000,1.258650
66,-75.196989,0.352402,0.000000,2.991255,0,9.148760,2.900000,2.600000,1.668520
67,-73.367063,1.584558,0.040300,3.044169,0,6.158620,2.900000,2.800000,1.824070
68,-72.537269,1.584558,0.000000,2.428969,0,10.851100,3.200000,2.900000,1.031270
69,-94.333936,0.438269,0.815870,0.000000,0,40.957400,12.000000,1.600000,0.557142
70,-70.000000,0.352402,1.000000,5.000000,0,0.268402,2.000000,1.800000,1.944570
71,-70.863012,1.584558,0.167644,1.238461,2,5.042170,2.300000,2.100000,0.510891
72,-74.194349,0.352402,0.000000,3.529566,0,0.060448,1.900000,1.800000,1.306670
73,-92.312023,0.766413,0.216807,0.000000,22,77.181200,17.300000,3.900000,0.225413
74,-92.091127,1.920436,1.000000,0.526861,32,79.370600,17.400000,4.000000,1.855220
75,-74.028896,0.352402,0.013517,1.909858,2,11.873000,3.800000,3.600000,1.155740
76,-87.594001,1.233628,0.467040,0.097971,24,155.791000,21.600000,9.500000,1.028390
77,-72.842149,1.584558,0.000000,2.428969,0,11.709500,3.200000,2.800000,0.952112
78,-90.284615,2.463679,0.065888,1.361540,35,114.311000,19.600000,6.200000,1.562310
79,-71.066229,1.584558,0.000000,3.219934,2,4.673090,3.200000,3.000000,1.279630
80,-77.803631,0.352402,1.000000,1.112188,2,10.371300,2.500000,2.100000,0.943774
81,-72.869803,0.352402,0.000000,3.530248,0,4.066490,2.100000,1.800000,1.694380
82,-87.567833,2.463679,0.589354,0.000000,41,187.527000,23.300000,11.300000,1.091700
83,-80.584501,1.584558,0.514531,0.000000,8,247.660000,23.900000,17.300000,1.142580
84,-94.194270,0.766413,0.060733,0.000000,17,34.837000,10.800000,1.200000,0.031906
85,-71.052845,1.584558,0.000000,3.748802,2,9.071440,3.100000,2.900000,0.791689
86,-94.547843,0.578270,0.000000,0.998856,31,17.927500,7.600000,0.200000,0.053418
87,-84.271966,0.438269,0.267101,0.000000,45,221.271000,23.700000,14.900000,0.453954
88,-94.495128,0.578270,0.000000,1.298436,27,19.373600,7.700000,0.300000,0.120347
89,-91.559991,1.233628,0.467040,0.097971,19,99.390400,19.400000,5.400000,0.861826
90,-92.687256,0.578270,0.000000,1.298436,39,59.052000,14.100000,2.800000,0.933232
91,-71.277737,1.584558,0.860492,3.035064,0,9.530240,3.100000,2.800000,1.900110
92,-72.068703,0.352402,0.000000,3.515648,2,3.814290,2.700000,2.500000,1.252680
93,-93.984235,0.438269,0.848790,0.000000,0,51.662900,13.400000,2.300000,0.656931
94,-94.637197,0.438269,0.848790,0.000000,1,17.604400,6.900000,0.200000,0.101844
95,-74.983915,0.352402,0.722657,0.759743,0,6.850010,2.400000,2.000000,0.595551
96,-74.544984,0.352402,0.013517,3.241173,1,3.048280,2.500000,2.400000,1.825780
97,-86.335523,1.920436,0.000000,0.293301,48,164.975000,22.100000,10.000000,0.428946
98,-73.576613,1.584558,0.000000,3.044169,0,7.148500,2.600000,2.400000,1.721950
99,-92.999341,0.352402,0.199251,0.759743,17,65.144600,15.500000,3.200000,1.001890
