[INFO][5] Cantidad de iteraciones: 3000
[INFO][1] Cantidad de iteraciones: 3000
[INFO][4] Cantidad de iteraciones: 3000
[INFO][3] Cantidad de iteraciones: 3000
[INFO][8] Cantidad de iteraciones: 3000
[INFO][2] Cantidad de iteraciones: 3000
[INFO][7] Cantidad de iteraciones: 3000
[INFO][6] Cantidad de iteraciones: 3000

id,borders_threshold,margin_forwarding,min_delay,max_delay,neighbors_threshold,energy,coverage,nforwardings,time
0,-91.629405,0.547132,0.143100,0.425972,19,174.494000,48.900000,10.100000,0.948226
1,-93.495049,0.547132,0.000000,0.506354,10,111.503000,44.200000,6.000000,0.884793
2,-94.573702,0.547132,0.000000,0.079654,0,21.877800,14.800000,0.400000,0.020715
3,-92.088157,0.547132,0.107395,0.807022,12,160.948000,48.600000,9.200000,1.676290
6,-94.422075,0.547132,0.123575,0.483264,0,36.281400,22.000000,1.300000,0.299463
7,-93.486381,0.547132,0.000000,0.968773,10,106.453000,42.800000,5.700000,1.687060
8,-94.713411,0.547132,0.092238,0.425972,17,18.588800,13.400000,0.200000,0.046706
9,-94.255939,0.547132,0.000000,0.321846,0,61.832700,31.400000,2.900000,0.305176
10,-94.140515,0.547132,0.029293,0.425972,9,62.056700,32.900000,2.900000,0.347276
12,-91.617800,0.547132,0.092238,0.807022,19,172.825000,48.700000,10.000000,1.095290
13,-94.226219,0.547132,0.097105,0.472815,0,57.339800,30.900000,2.600000,0.591583
14,-94.490076,0.547132,0.000000,0.622639,11,26.695200,16.600000,0.700000,0.172352
15,-94.437519,0.547132,0.143422,0.840964,0,34.842800,20.100000,1.200000,0.449363
16,-94.427670,0.547132,0.158496,0.425972,0,34.823200,20.000000,1.200000,0.287584
17,-94.142348,0.547132,0.000000,1.011327,4,79.444600,36.100000,4.000000,1.375260
18,-94.535627,0.547132,0.092238,0.837380,17,25.093100,16.200000,0.600000,0.245515
19,-94.449182,0.547132,0.079004,0.895269,4,28.297200,17.800000,0.800000,0.401432
20,-94.189610,0.547132,0.000000,0.282241,0,84.244700,37.800000,4.300000,0.422020
21,-94.150330,0.547132,0.096141,0.506354,9,63.721600,33.300000,3.000000,0.667927
23,-94.201504,0.547132,0.000000,1.128764,9,65.212900,34.200000,3.100000,1.183350
25,-94.349912,0.547132,0.010980,0.468644,7,49.242200,26.600000,2.100000,0.374390
26,-90.324693,0.547132,0.000000,1.030616,12,204.046000,49.000000,12.100000,1.566500
27,-93.259657,0.547132,0.243594,0.412199,12,124.374000,46.200000,6.800000,1.150890
28,-94.076148,0.547132,0.000000,0.412199,11,68.575500,34.500000,3.300000,0.354485
29,-94.102031,0.547132,0.000000,1.128764,5,70.197200,35.400000,3.400000,1.296200
31,-94.432515,0.547132,0.191588,0.579374,0,34.638400,19.600000,1.200000,0.429836
32,-94.456573,0.547132,0.160351,0.565523,16,23.520400,15.200000,0.500000,0.206261
33,-91.978185,0.547132,0.092238,0.584736,22,148.648000,47.700000,8.400000,0.982714
34,-91.696706,0.547132,0.000000,0.547059,13,158.955000,48.100000,9.100000,0.739023
35,-93.452450,0.547132,0.000000,0.505338,18,108.211000,43.900000,5.800000,0.891227
36,-93.751797,0.547132,0.299309,0.424541,18,92.020700,38.700000,4.800000,1.182190
38,-92.985659,0.547132,0.000000,0.472815,15,146.543000,47.600000,8.200000,0.877301
39,-93.463629,0.547132,0.000000,0.968773,10,118.960000,44.700000,6.500000,1.596120
40,-94.088692,0.547132,0.001504,0.282241,4,65.147400,33.400000,3.100000,0.359521
41,-94.376979,0.547132,0.123575,0.483264,0,37.871400,22.400000,1.400000,0.291860
42,-94.093350,0.547132,0.121261,0.840964,5,81.094500,37.000000,4.100000,1.412000
43,-94.865502,0.547132,0.000000,0.079654,0,16.874000,11.400000,0.100000,0.004473
44,-94.416673,0.547132,0.000000,0.968773,9,39.615800,23.200000,1.500000,0.776893
45,-94.222876,0.547132,0.004464,0.547411,0,61.757600,31.000000,2.900000,0.590061
46,-94.344999,0.547132,0.000000,0.472815,4,47.630900,26.200000,2.000000,0.343928
47,-92.915906,0.547132,0.000000,0.472815,15,139.368000,46.400000,7.800000,0.861374
48,-93.250893,0.547132,0.000000,1.123606,18,101.841000,41.200000,5.400000,1.732640
49,-93.743375,0.547132,0.310676,0.424541,5,103.419000,41.800000,5.500000,0.971200
51,-94.474832,0.919817,0.214699,0.000000,0,30.165900,18.900000,0.900000,0.078939
52,-94.347164,0.547132,0.000000,0.627713,5,49.171600,26.400000,2.100000,0.647647
53,-94.209898,0.547132,0.069917,0.277790,9,50.886600,30.000000,2.200000,0.278533
54,-94.098538,2.724628,0.008828,0.899078,34,40.051500,25.300000,1.500000,0.500946
55,-94.578650,0.547132,0.000000,1.747483,0,23.692600,15.300000,0.500000,0.452716
56,-94.210127,0.547132,0.097105,0.472815,0,57.281600,30.200000,2.600000,0.591585
57,-93.750858,0.547132,0.248486,0.754302,7,90.661900,38.100000,4.700000,1.280980
58,-91.030000,0.547132,0.000000,1.030616,13,173.380000,48.800000,10.000000,1.380220
59,-94.069666,0.547132,0.031604,0.425972,13,76.556400,36.000000,3.800000,0.427703
61,-92.920288,0.547132,0.000000,0.472815,15,139.560000,46.800000,7.800000,0.893469
62,-94.566821,0.919817,0.610970,0.699297,0,23.720100,16.000000,0.500000,0.269352
63,-94.105186,0.547132,0.031604,0.425972,10,74.970500,35.700000,3.700000,0.421187
64,-93.476950,0.547132,0.000000,0.506354,8,95.251600,40.900000,5.000000,0.781366
65,-93.886715,2.724628,0.068034,0.370012,33,46.459700,25.500000,1.900000,0.366650
66,-94.943728,0.547132,0.160351,0.565523,15,15.384700,11.000000,0.000000,0.000737
68,-94.671714,0.547132,0.092238,0.373637,16,20.190900,13.800000,0.300000,0.058176
72,-93.819021,0.547132,0.010980,0.468644,9,92.112300,39.600000,4.800000,0.753680
