[INFO][5] Cantidad de iteraciones: 3000
[INFO][1] Cantidad de iteraciones: 3000
[INFO][8] Cantidad de iteraciones: 3000
[INFO][4] Cantidad de iteraciones: 3000
[INFO][7] Cantidad de iteraciones: 3000
[INFO][3] Cantidad de iteraciones: 3000
[INFO][2] Cantidad de iteraciones: 3000
[INFO][6] Cantidad de iteraciones: 3000

id,borders_threshold,margin_forwarding,min_delay,max_delay,neighbors_threshold,energy,coverage,nforwardings,time
0,-71.321346,0.759602,0.000000,2.193495,0,2.693260,2.100000,2.100000,0.926512
1,-87.713576,1.109602,0.995919,2.425838,28,160.466000,21.900000,9.800000,5.708500
2,-73.224421,1.273546,0.695110,2.754685,2,10.914800,3.100000,2.800000,1.591420
3,-90.736442,0.764816,0.065429,1.043751,39,108.380000,19.000000,6.000000,1.452970
4,-92.495045,0.299096,0.000000,0.316503,33,70.797000,16.100000,3.600000,0.371641
5,-92.804592,1.085802,0.103689,0.040563,27,65.173900,15.300000,3.100000,0.160292
6,-73.631652,0.759602,0.364237,2.381755,0,2.529350,2.000000,2.000000,0.803464
7,-93.003528,0.764816,0.065429,1.161134,44,85.423200,17.800000,4.500000,1.861390
8,-88.023785,0.764816,0.081913,2.475029,46,143.959000,20.700000,8.900000,3.376950
9,-93.195783,0.299096,0.106235,2.023333,2,56.548600,13.900000,2.700000,1.495680
10,-87.947551,2.159844,0.865469,3.058948,28,144.971000,21.300000,8.500000,5.988080
11,-74.959916,0.759602,0.000000,1.437405,0,6.871960,2.700000,2.300000,0.547706
12,-94.367054,0.764816,0.081913,2.553606,46,22.088200,8.100000,0.700000,0.799661
13,-94.224265,0.299096,0.000000,0.546829,25,39.337900,11.200000,1.600000,0.431144
14,-85.644827,0.764816,0.065429,1.043751,36,195.557000,23.600000,13.000000,1.852470
15,-92.750149,0.299096,0.000000,0.316503,35,77.583900,17.000000,4.000000,0.395161
16,-87.852857,0.299096,0.106235,2.389181,13,176.533000,23.300000,11.300000,4.141300
17,-94.351870,0.759602,0.435360,1.741579,13,29.642300,9.800000,0.900000,0.791548
18,-75.621803,0.889657,0.251101,1.856161,18,310.209000,24.000000,21.100000,3.687720
19,-94.479682,0.764816,0.000000,2.553606,45,25.355500,9.200000,0.600000,0.537807
20,-74.534791,0.759602,0.663774,2.472122,1,7.707030,2.100000,1.600000,0.775351
22,-71.094630,0.759602,0.364237,2.885702,0,0.024238,1.800000,1.800000,0.854656
24,-94.384938,0.299096,0.106235,2.092561,1,39.355200,11.800000,1.600000,1.733120
25,-94.335520,2.232371,0.636073,1.464527,39,38.206300,10.900000,1.400000,1.231820
26,-72.512585,0.759602,0.000000,2.281128,1,5.613030,2.200000,1.700000,0.658439
27,-75.119978,0.759602,0.000000,2.560195,0,8.679060,2.300000,1.800000,0.896643
28,-93.715887,1.162841,0.000434,0.355669,9,52.358200,13.400000,2.300000,0.289918
29,-91.855188,1.085802,1.000000,0.000000,18,88.354400,18.000000,4.600000,1.109960
30,-72.493628,0.759602,1.000000,4.682767,1,3.760110,2.500000,2.200000,1.930900
31,-94.272926,0.759602,0.000000,1.143440,3,19.515500,7.700000,0.300000,0.106095
32,-95.000000,0.299096,0.106235,2.389181,3,15.019900,4.800000,0.000000,0.000736
33,-73.832988,0.759602,0.364237,2.885702,2,12.121900,3.600000,3.300000,1.938020
34,-86.451327,0.299096,0.106235,0.079745,15,195.161000,23.500000,12.900000,0.337973
35,-87.299759,0.759602,0.000000,0.156285,10,172.156000,22.200000,10.700000,0.237976
36,-89.438410,0.759602,0.000000,0.156285,8,142.780000,20.600000,8.400000,0.207293
37,-86.664776,0.759602,0.000000,0.156285,11,174.760000,22.500000,10.900000,0.231201
38,-71.733988,0.759602,0.663774,2.472122,0,8.128930,2.300000,2.000000,1.134290
39,-92.967816,1.218389,0.202670,0.851306,24,64.820400,14.900000,3.100000,0.914713
40,-94.157573,0.889657,0.000000,1.440014,17,26.750800,9.300000,0.700000,0.405167
41,-93.800667,1.085802,0.000000,1.029392,17,51.262200,13.100000,2.200000,0.921841
42,-72.600116,1.273546,0.961571,2.754685,0,8.670460,3.000000,2.700000,1.477600
43,-93.831860,0.299096,0.000000,2.389181,23,59.303300,14.100000,2.800000,1.667470
44,-93.765815,1.162841,0.000434,1.041903,1,57.201800,13.800000,2.600000,0.812906
45,-70.555697,0.759602,0.000000,2.281128,0,0.303101,1.900000,1.900000,0.606601
46,-85.965642,0.764816,0.065429,1.043751,37,196.762000,23.600000,12.800000,1.799690
47,-75.116703,0.759602,0.000000,2.046106,0,9.336910,2.900000,2.300000,1.079360
48,-74.449817,0.759602,0.000000,1.744321,2,3.642880,2.100000,2.000000,0.366892
49,-72.355756,0.759602,0.198116,3.642942,0,1.153520,1.800000,1.700000,0.483804
50,-93.475159,1.927752,0.658326,0.690142,5,49.594300,13.000000,2.100000,1.086480
51,-88.130626,0.759602,0.000000,0.156285,18,146.349000,21.500000,8.500000,0.230849
52,-93.291094,1.162841,0.000000,1.041903,19,71.749700,15.700000,3.500000,0.874004
53,-86.977918,0.759602,0.000000,1.326946,10,159.672000,21.700000,10.000000,1.941640
54,-76.342330,0.889657,0.251101,0.825596,14,313.722000,24.000000,20.900000,1.831170
55,-94.609458,0.764816,0.000000,2.553606,44,23.407400,9.000000,0.500000,0.351684
56,-73.157785,0.759602,0.364237,2.885702,2,5.601250,3.100000,3.000000,1.857350
57,-93.771060,0.299096,0.106235,0.799604,5,38.753800,11.000000,1.500000,0.605322
58,-93.714737,2.232371,0.636073,2.617177,36,39.851000,11.100000,1.500000,1.942210
59,-73.286874,0.759602,1.000000,5.000000,2,4.833680,2.300000,2.100000,1.501760
60,-93.371492,1.162841,0.000000,1.041903,20,63.863600,14.600000,3.000000,0.797321
61,-70.000000,0.759602,1.000000,5.000000,0,1.625900,1.700000,1.600000,1.782750
62,-73.151826,1.273546,0.961571,1.735533,0,12.104600,3.400000,3.000000,1.748290
63,-94.073108,0.299096,0.106235,2.389181,7,43.445500,12.500000,1.800000,1.901550
64,-73.389957,0.759602,0.364237,2.781028,1,2.995020,2.000000,1.800000,0.979302
65,-74.430286,0.759602,0.000000,1.437405,2,2.658690,1.900000,1.800000,0.282242
66,-94.712317,0.299096,0.092345,0.651243,0,22.684800,8.700000,0.500000,0.169251
67,-94.650507,0.299096,0.106235,0.996853,10,34.265200,10.700000,1.300000,0.560041
68,-92.922301,1.085802,0.000000,1.522348,10,63.157100,14.300000,3.000000,1.129230
69,-94.133492,0.889657,0.000000,1.657087,13,28.338000,9.400000,0.800000,0.505764
70,-94.636116,0.759602,0.000000,1.741579,4,16.397200,6.800000,0.100000,0.073433
71,-72.711462,0.759602,0.000000,2.088077,2,14.811200,3.500000,3.200000,1.339430
72,-79.253103,0.759602,0.198116,2.560195,0,12.513500,2.400000,1.900000,1.485010
73,-71.641616,0.759602,0.198116,2.560195,0,9.050890,3.300000,3.100000,1.983740
74,-75.027412,0.759602,0.000000,2.046106,0,7.088860,2.800000,2.300000,1.224950
75,-91.998932,1.162841,0.272147,0.616105,11,85.434700,17.700000,4.400000,1.238870
76,-77.166243,0.889657,0.000000,0.825596,17,287.061000,23.900000,19.300000,1.310330
77,-71.990478,0.759602,0.198116,2.560195,2,5.491270,2.800000,2.600000,1.212620
78,-75.024682,0.759602,0.118474,1.437405,0,13.062900,3.100000,2.600000,1.064860
79,-70.000000,0.759602,0.000000,2.000960,4,14.288800,4.100000,3.500000,0.801501
80,-94.442790,0.759602,1.000000,0.449656,16,18.051200,7.600000,0.200000,0.171939
81,-70.000000,1.273546,0.961571,1.735533,2,3.671290,3.400000,3.400000,1.885920
82,-82.787983,0.889657,0.251101,0.825596,22,232.599000,23.800000,15.300000,1.845850
83,-75.196327,0.759602,0.663774,2.472122,2,14.452300,3.300000,2.900000,1.895510
84,-94.211237,0.759602,0.000000,0.096148,0,34.833000,10.800000,1.200000,0.059699
85,-73.778984,1.273546,1.000000,2.754685,0,9.459980,3.000000,2.600000,1.499090
86,-93.735288,1.085802,1.000000,1.029392,14,55.709200,13.500000,2.500000,1.929930
87,-92.588147,0.759602,0.000000,0.156285,10,74.857800,16.900000,3.800000,0.202639
88,-91.425034,1.218389,0.000000,0.797466,27,110.591000,19.800000,6.000000,1.438290
89,-89.765373,1.218389,0.178845,0.797466,25,135.727000,20.400000,7.700000,1.498560
90,-75.194441,0.759602,0.198116,2.560195,1,11.248600,3.100000,2.700000,1.842230
91,-75.239576,0.759602,0.000000,2.840726,1,11.846400,3.200000,2.800000,1.944660
92,-92.561060,0.299096,0.000000,0.316503,35,72.416600,16.400000,3.700000,0.440191
93,-73.313517,0.759602,0.364237,2.885702,2,5.483480,3.200000,3.100000,1.547080
94,-72.526286,0.759602,1.000000,5.000000,0,0.486264,2.400000,2.200000,1.949880
95,-84.684290,0.764816,0.065429,1.043751,39,211.350000,23.700000,13.800000,1.941250
96,-92.207758,1.218389,0.202670,0.000000,36,91.719000,18.900000,4.800000,0.262632
97,-71.218075,1.273546,0.961571,2.754685,2,4.446300,3.000000,2.800000,1.639700
