[INFO][3] Cantidad de iteraciones: 3000
[INFO][2] Cantidad de iteraciones: 3000
[INFO][1] Cantidad de iteraciones: 3000
[INFO][7] Cantidad de iteraciones: 3000
[INFO][8] Cantidad de iteraciones: 3000
[INFO][6] Cantidad de iteraciones: 3000
[INFO][5] Cantidad de iteraciones: 3000
[INFO][4] Cantidad de iteraciones: 3000

id,borders_threshold,margin_forwarding,min_delay,max_delay,neighbors_threshold,energy,coverage,nforwardings,time
0,-91.541793,1.793335,0.000000,1.415602,13,165.774000,73.400000,9.400000,1.537590
1,-94.728646,1.652187,0.824563,3.136125,35,22.376000,25.300000,0.400000,0.833303
2,-75.732146,1.027511,0.415719,4.280587,1,0.723249,8.200000,6.800000,6.825850
3,-94.030980,0.566881,0.000000,0.599686,11,97.222700,61.400000,5.100000,0.897253
4,-94.993961,0.119707,0.912435,4.880290,2,17.191100,19.300000,0.100000,0.459013
5,-91.558381,0.509362,0.822809,1.733922,28,184.319000,73.900000,10.600000,3.885860
6,-93.067665,1.793335,0.214623,0.763592,25,142.545000,70.600000,7.900000,1.637400
7,-74.394370,2.299287,0.562112,3.194956,7,12.904800,13.700000,12.300000,6.875060
8,-94.885014,0.132308,1.000000,2.868775,0,21.849100,23.600000,0.400000,0.842597
9,-94.543587,1.793335,0.244554,0.769268,34,41.614800,34.300000,1.600000,0.720495
10,-94.695996,0.119707,1.000000,1.429564,0,39.473700,33.600000,1.500000,1.421750
11,-93.390601,0.566881,0.000000,0.938052,12,135.472000,68.900000,7.500000,1.438350
12,-94.738779,1.065572,0.168169,4.392072,36,22.317300,24.900000,0.400000,0.986376
13,-94.989470,0.132308,1.000000,2.641096,0,18.674400,22.000000,0.200000,0.426005
14,-92.088386,2.272090,0.517051,4.779464,29,163.311000,72.600000,9.200000,7.566320
15,-94.777947,1.652187,0.909353,4.977479,34,20.773900,22.800000,0.300000,1.059880
16,-93.913577,0.566881,0.000000,0.938052,10,103.527000,63.400000,5.500000,1.390970
17,-95.000000,0.119707,0.912435,1.650672,5,15.745400,17.800000,0.000000,0.000787
18,-94.504802,0.566881,0.503231,1.503155,14,43.024100,36.100000,1.700000,1.455400
19,-94.286173,0.566881,0.000000,0.921859,4,67.076000,49.200000,3.200000,0.912115
20,-94.063894,0.566881,0.087843,0.320277,4,84.205500,57.700000,4.300000,0.474449
21,-94.301376,0.566881,0.000000,0.633095,11,62.231000,45.400000,2.900000,0.691756
22,-94.871551,0.119707,0.923329,1.011005,0,28.203600,28.300000,0.800000,0.780038
23,-93.945900,0.566881,0.000000,1.017709,6,80.915000,55.300000,4.100000,1.180780
24,-94.796976,0.119707,1.000000,1.093373,0,36.100200,31.500000,1.300000,1.166540
25,-91.799079,1.793335,0.000000,1.415602,8,183.302000,73.800000,10.700000,1.903980
26,-94.737455,0.119707,0.379213,1.011005,0,57.160900,43.700000,2.600000,1.726380
27,-94.873032,0.132308,1.000000,3.688562,0,22.021000,24.600000,0.400000,1.060090
28,-94.163721,0.566881,0.177067,0.320277,3,114.493000,65.400000,6.200000,0.819724
29,-94.198847,0.566881,0.087843,0.320277,3,76.195900,53.600000,3.800000,0.522345
30,-90.842150,2.910546,0.000000,1.881778,40,190.645000,74.000000,10.900000,1.968260
31,-94.036460,0.566881,0.087843,0.320277,5,92.376300,59.600000,4.800000,0.562563
32,-94.289362,0.566881,0.037528,0.904216,2,55.815900,43.100000,2.500000,0.702909
33,-94.801536,0.119707,0.912435,1.115558,0,31.682500,29.600000,1.000000,1.033010
34,-94.620505,0.566881,0.078859,1.402608,14,27.073600,27.500000,0.700000,0.677401
35,-94.885600,0.119707,1.000000,1.093373,0,23.605200,25.400000,0.500000,0.529155
36,-93.045285,1.793335,0.214623,0.615886,24,132.932000,68.500000,7.300000,1.542900
37,-93.099434,0.566881,0.000000,0.719329,17,122.587000,66.600000,6.700000,1.097070
38,-94.056573,0.566881,0.000000,0.558346,7,102.218000,62.600000,5.400000,0.630027
39,-94.192981,0.566881,0.086262,0.937851,2,74.738900,53.000000,3.700000,1.172610
40,-94.540119,0.566881,0.861667,1.503155,2,36.615800,33.000000,1.300000,1.101540
41,-94.689138,0.566881,0.279129,1.652313,17,23.799300,27.400000,0.500000,0.494418
43,-94.147302,0.566881,0.121744,0.320277,3,85.768300,58.100000,4.400000,0.588646
44,-94.502739,0.566881,0.000000,0.599686,9,43.058200,36.200000,1.700000,0.445305
45,-94.348122,0.566881,0.087843,0.330443,0,47.841200,40.200000,2.000000,0.340628
46,-92.710557,0.566881,0.000000,0.719329,15,151.059000,71.500000,8.500000,1.015920
47,-94.845721,0.132308,1.000000,2.868775,0,29.718600,29.500000,0.900000,1.747290
48,-92.860294,1.793335,0.214623,0.763592,27,154.909000,71.700000,8.700000,1.896400
49,-94.612658,0.566881,0.279129,1.502053,19,28.675700,28.600000,0.800000,0.778325
50,-94.172552,0.566881,0.087843,0.330443,2,74.705800,51.900000,3.700000,0.516597
51,-94.324658,0.566881,0.000000,1.027169,1,62.252500,46.200000,2.900000,1.120530
52,-91.412661,1.793335,0.000000,1.415602,26,184.186000,73.800000,10.500000,1.496850
53,-94.788208,0.119707,0.883975,1.679189,0,34.631400,31.200000,1.200000,1.471680
54,-93.618185,0.566881,0.086262,0.938052,5,124.776000,67.500000,6.900000,1.579590
55,-94.838907,0.119707,0.923329,1.022040,0,36.291600,31.800000,1.300000,1.278170
56,-94.180620,0.566881,0.086262,0.938052,3,74.802600,53.300000,3.700000,1.172850
57,-94.822853,0.119707,0.923329,1.011005,0,42.624100,34.400000,1.700000,1.644400
58,-93.962053,0.566881,0.062348,0.599686,12,94.263700,61.200000,4.900000,0.897508
60,-91.814229,1.793335,0.000000,1.415602,10,164.691000,72.700000,9.400000,1.820150
61,-94.250576,0.566881,0.000000,0.799305,4,79.883600,54.400000,4.000000,1.000460
62,-94.865267,0.132308,1.000000,2.905370,0,28.127300,28.100000,0.800000,1.440140
63,-94.969259,0.132308,1.000000,2.868775,0,20.276400,22.700000,0.300000,0.626549
64,-94.495847,0.566881,0.000000,0.784914,10,43.094200,37.700000,1.700000,0.587221
65,-94.514347,0.566881,0.061048,1.744248,15,38.217900,33.500000,1.400000,1.097860
66,-94.139843,0.566881,0.000000,0.558346,7,113.092000,64.700000,6.100000,1.059340
67,-94.371058,0.566881,0.062348,0.632836,10,70.032600,49.700000,3.400000,0.947314
68,-94.305967,0.566881,0.000000,0.678114,0,49.431200,41.800000,2.100000,0.486727
69,-94.504799,0.566881,0.046230,1.744248,14,33.356800,30.500000,1.100000,0.710663
70,-94.741011,0.119707,0.379213,1.010490,0,57.188400,43.800000,2.600000,1.729050
71,-93.793605,0.566881,0.000000,0.632220,12,104.879000,64.000000,5.600000,0.866368
72,-94.158271,1.793335,0.000000,0.966235,23,64.043600,46.300000,3.000000,1.150440
73,-94.048642,0.566881,0.087843,0.320277,4,93.853000,60.200000,4.900000,0.571221
74,-93.923755,0.566881,0.000000,0.938052,9,110.098000,64.500000,5.900000,1.191370
75,-94.506761,0.566881,0.078859,0.842263,12,41.422000,34.000000,1.600000,0.512868
76,-93.504057,0.566881,0.000000,0.599686,13,125.823000,67.700000,6.900000,0.943698
77,-94.167394,0.566881,0.000000,0.628269,10,82.981800,55.500000,4.200000,0.765101
78,-94.520576,0.566881,0.000000,0.784914,8,44.696300,38.800000,1.800000,0.594036
79,-93.276417,0.566881,0.000000,0.599686,8,136.584000,70.500000,7.600000,1.094230
80,-94.593994,0.566881,0.117114,1.327392,6,31.879800,30.100000,1.000000,0.511275
81,-91.962269,1.793335,0.000000,1.415602,15,158.494000,72.400000,8.900000,1.697810
82,-94.330341,0.566881,0.000000,1.024946,0,62.133800,44.900000,2.900000,1.200500
83,-93.978198,0.566881,0.000000,0.938052,1,66.285100,47.400000,3.200000,0.914204
84,-94.355283,0.566881,0.000000,1.024946,0,71.544600,51.400000,3.500000,1.526990
85,-94.283434,0.566881,0.062348,0.632836,8,79.811200,53.800000,4.000000,0.911282
86,-94.312126,0.566881,0.062348,0.599686,12,83.000400,55.900000,4.200000,0.995484
87,-93.949898,0.566881,0.000000,0.799305,7,113.324000,65.300000,6.100000,1.110610
88,-94.282982,0.566881,0.000000,0.799305,3,73.481600,51.600000,3.600000,0.924723
89,-94.399952,0.566881,0.000000,1.024946,0,43.067000,36.400000,1.700000,0.874241
90,-94.288761,0.566881,0.000000,0.678114,0,52.604700,42.300000,2.300000,0.549356
91,-94.190294,0.566881,0.000000,1.069270,3,90.616800,59.300000,4.700000,1.769540
92,-94.618884,0.119707,0.109170,1.010490,0,42.759200,34.800000,1.700000,0.794769
93,-92.257246,1.793335,0.000000,0.716238,8,172.790000,73.700000,9.900000,1.025260
