[INFO][1] Cantidad de iteraciones: 3000
[INFO][6] Cantidad de iteraciones: 3000
[INFO][4] Cantidad de iteraciones: 3000
[INFO][8] Cantidad de iteraciones: 3000
[INFO][5] Cantidad de iteraciones: 3000
[INFO][7] Cantidad de iteraciones: 3000
[INFO][3] Cantidad de iteraciones: 3000
[INFO][2] Cantidad de iteraciones: 3000

id,borders_threshold,margin_forwarding,min_delay,max_delay,neighbors_threshold,energy,coverage,nforwardings,time
0,-93.566312,2.774108,0.000000,1.303757,8,83.070700,35.300000,4.200000,1.297680
1,-94.957810,0.043309,0.624351,3.124721,5,19.745800,13.700000,0.300000,0.654378
2,-75.813429,0.373066,0.894025,4.213051,3,4.718760,4.800000,4.300000,4.431500
3,-92.714775,1.640277,0.648470,2.115089,25,128.021000,43.900000,7.000000,4.392150
4,-90.706792,2.774108,0.845846,1.082496,19,187.431000,48.900000,10.700000,3.622710
5,-73.932786,1.386463,0.777717,0.331519,4,6.725750,6.000000,5.800000,1.720940
6,-93.114407,1.009749,0.000000,1.588892,35,105.068000,38.600000,5.600000,1.946900
7,-93.571419,2.774108,0.338805,1.284170,1,89.715400,37.400000,4.600000,1.837880
8,-92.496553,2.774108,0.000000,0.336465,19,123.359000,43.800000,6.700000,0.387033
9,-94.868969,0.043309,0.107018,1.221864,0,29.892700,18.900000,0.900000,0.621808
10,-94.901401,0.043309,0.000000,1.158592,0,26.156500,16.300000,0.700000,0.424261
11,-94.911964,0.043309,0.516910,1.008402,0,32.985300,20.600000,1.100000,0.775614
12,-93.074060,1.104531,0.645125,0.000000,33,118.281000,42.900000,6.400000,1.124500
13,-91.673197,0.613352,0.793490,1.884401,49,166.316000,48.400000,9.500000,5.055540
14,-94.709934,0.288111,0.404008,1.932733,21,26.552500,17.000000,0.700000,0.970511
15,-94.924354,0.288111,0.596665,1.932733,23,16.716900,11.400000,0.100000,0.121917
16,-94.968159,0.043309,0.000000,1.158592,0,17.156400,12.700000,0.100000,0.107719
17,-93.523579,2.774108,0.236152,0.993384,11,91.317400,37.500000,4.700000,1.638440
18,-92.997063,2.774108,0.000000,0.993384,14,115.348000,41.200000,6.200000,1.783270
19,-95.000000,0.043309,0.643584,3.145137,27,15.076500,10.900000,0.000000,0.000736
20,-93.461952,1.009749,0.000000,1.588892,34,78.117000,33.700000,3.900000,1.639100
21,-95.000000,0.288111,0.946226,1.922986,38,15.253500,11.000000,0.000000,0.000737
22,-94.133834,0.288111,0.120710,1.988454,22,69.854800,32.300000,3.400000,1.852850
23,-93.857338,2.774108,0.000000,1.138918,8,46.459700,26.000000,1.900000,0.950145
24,-93.899340,2.774108,0.000000,0.336465,14,49.663900,26.200000,2.100000,0.309331
25,-93.690921,2.774108,0.000000,0.336465,15,75.296800,33.000000,3.700000,0.373500
26,-92.728814,2.774108,0.100996,0.993384,15,136.175000,47.200000,7.500000,1.799810
27,-93.602864,2.774108,0.338805,1.284170,1,86.511200,37.200000,4.400000,1.861980
28,-94.905883,0.043309,1.000000,1.233249,0,26.351600,16.600000,0.700000,0.784036
29,-92.744196,2.774108,0.047836,0.993384,25,111.825000,40.000000,6.000000,1.490540
30,-94.955889,0.043309,0.996944,1.364775,0,18.400500,13.100000,0.200000,0.254245
31,-92.786394,2.774108,0.100996,0.993384,26,140.981000,47.800000,7.800000,1.828950
32,-93.632713,2.774108,0.000000,1.303757,7,78.500900,35.100000,3.900000,1.580920
33,-93.315979,2.774108,0.181740,0.993384,8,83.307100,35.500000,4.200000,1.275850
34,-94.909096,0.043309,0.960286,3.417150,0,23.117000,16.200000,0.500000,0.965425
35,-94.778970,0.043309,0.000000,1.232428,0,31.362100,19.900000,1.000000,0.505133
36,-94.377950,0.288111,0.000000,1.778041,9,44.333200,25.800000,1.800000,0.972276
37,-93.328959,1.009749,0.000000,1.588892,35,76.613800,33.500000,3.800000,1.397890
38,-93.086612,2.774108,0.203080,1.082496,13,105.417000,39.100000,5.600000,1.960800
39,-94.515725,0.043309,0.477960,1.264346,0,57.742400,30.500000,2.700000,1.871890
40,-94.818244,0.288111,0.985504,1.855130,37,18.455000,13.400000,0.200000,0.249350
41,-92.958699,2.774108,0.100996,0.993384,17,113.746000,41.000000,6.100000,1.755110
42,-94.761442,0.288111,1.000000,1.922986,36,21.818300,15.200000,0.400000,0.690424
43,-94.919014,0.043309,0.267602,1.264346,0,23.082400,15.300000,0.500000,0.331335
44,-93.144398,2.774108,0.047836,0.993384,24,108.940000,39.200000,5.800000,1.529720
45,-94.782967,0.288111,0.946226,1.988526,31,20.420700,15.000000,0.300000,0.545074
46,-94.810643,0.043309,0.107018,1.221864,0,31.480800,20.500000,1.000000,0.550925
47,-94.707835,0.043309,1.000000,1.709747,0,39.039100,25.300000,1.500000,1.988770
48,-93.828028,2.774108,0.000000,0.909885,17,67.286500,31.000000,3.200000,0.627433
49,-94.348389,0.288111,0.000000,1.778041,15,55.581500,29.700000,2.500000,1.282720
50,-94.014542,2.774108,0.000000,1.138918,6,54.470000,28.200000,2.400000,1.098170
51,-90.213588,2.774108,0.000000,0.993384,23,206.314000,49.000000,11.900000,1.293800
52,-94.627918,0.043309,1.000000,1.709747,0,37.461000,24.300000,1.400000,1.558610
53,-92.845826,2.774108,0.100996,0.993384,23,129.767000,44.300000,7.100000,1.799130
54,-94.729202,0.043309,1.000000,1.232428,0,33.185800,21.100000,1.100000,1.076820
55,-90.966472,2.774108,0.000000,1.078373,10,169.340000,48.800000,9.600000,1.818340
56,-92.677124,2.774108,0.100996,0.993384,24,132.971000,46.100000,7.300000,1.821220
57,-94.884839,0.043309,0.000000,1.202536,0,29.359700,18.000000,0.900000,0.560972
58,-94.720055,0.043309,0.078341,1.008402,0,42.307100,25.700000,1.700000,0.956699
59,-94.874286,0.043309,0.000000,1.221864,0,27.820000,17.100000,0.800000,0.639989
60,-93.609467,0.043309,0.000000,1.202536,5,91.203400,38.200000,4.900000,1.606180
61,-94.697009,0.043309,0.267602,1.264346,0,37.419600,21.800000,1.400000,0.941113
62,-94.704537,0.043309,0.059087,1.044169,0,50.179000,27.000000,2.200000,0.950189
63,-94.918629,0.043309,0.982921,1.687792,0,23.097900,15.600000,0.500000,0.631475
64,-93.515104,2.774108,0.236152,0.987374,0,92.919500,37.600000,4.800000,1.648890
65,-94.814370,0.043309,0.624351,3.124721,1,31.193900,19.500000,1.000000,1.851850
66,-93.857655,0.043309,0.000000,1.202536,3,76.070900,33.200000,3.900000,1.422620
67,-94.931331,0.043309,0.002768,0.431824,0,19.841300,14.300000,0.300000,0.056416
