[INFO][8] Cantidad de iteraciones: 3000
[INFO][4] Cantidad de iteraciones: 3000
[INFO][1] Cantidad de iteraciones: 3000
[INFO][6] Cantidad de iteraciones: 3000
[INFO][2] Cantidad de iteraciones: 3000
[INFO][7] Cantidad de iteraciones: 3000
[INFO][5] Cantidad de iteraciones: 3000
[INFO][3] Cantidad de iteraciones: 3000

id,borders_threshold,margin_forwarding,min_delay,max_delay,neighbors_threshold,energy,coverage,nforwardings,time
0,-94.657929,0.697991,0.696703,0.929782,21,20.251200,13.800000,0.300000,0.231618
1,-94.550387,0.697991,0.696703,0.929782,20,23.623200,16.000000,0.500000,0.328788
2,-70.000000,2.906659,0.549466,2.368251,0,4.953310,3.600000,3.300000,1.850700
3,-92.464046,2.516043,0.000000,0.601841,30,145.682000,47.200000,8.100000,0.861713
4,-70.000000,2.906659,0.549466,1.216390,7,14.491600,5.000000,4.400000,1.290070
5,-94.886603,0.161305,1.000000,5.000000,22,18.572200,13.200000,0.200000,0.631870
6,-93.806716,0.863144,0.056166,0.999129,16,63.798500,30.200000,3.000000,1.045480
7,-70.648327,2.906659,0.549466,1.350929,4,8.634770,5.900000,5.300000,1.288870
8,-93.006610,0.863144,0.213961,1.207346,17,114.238000,43.000000,6.200000,2.651810
9,-70.000000,2.906659,0.549466,1.139137,6,7.782760,6.500000,6.100000,1.801450
10,-70.433594,1.371443,0.805483,4.317974,5,5.418840,4.900000,4.300000,3.507690
11,-70.000000,2.906659,0.488083,0.985996,8,9.516730,6.200000,5.900000,1.165510
12,-70.000000,2.906659,0.000000,0.898298,7,1.840060,6.300000,6.100000,0.676518
13,-91.893312,0.161305,0.017332,4.458958,11,160.208000,48.200000,9.300000,7.112120
14,-70.000000,2.906659,0.549466,1.583946,3,2.219030,5.200000,5.100000,1.759060
15,-70.349193,2.906659,0.488083,0.985996,7,11.445100,7.300000,6.900000,1.468590
16,-94.013455,1.706918,0.156504,0.923513,2,54.470000,27.700000,2.400000,1.089500
17,-70.000000,2.906659,0.549466,1.210495,2,2.788480,6.000000,6.000000,1.774640
18,-95.000000,0.161305,0.017332,5.000000,19,15.175800,11.000000,0.000000,0.000737
19,-92.927645,2.516043,0.346242,0.601841,24,129.767000,45.400000,7.100000,1.836660
20,-70.000000,2.906659,0.637950,1.350929,4,3.409770,4.000000,3.700000,1.127430
21,-92.925055,0.863144,0.000000,0.982976,23,113.191000,42.200000,6.100000,1.354880
22,-71.383708,2.906659,0.919509,1.216390,0,4.172380,3.600000,3.400000,1.353440
23,-70.000000,2.906659,0.374289,1.216390,6,9.188490,5.500000,4.900000,1.049860
24,-94.882518,0.863144,0.000000,0.000000,35,17.031200,11.400000,0.100000,0.000814
25,-94.055766,0.863144,0.056166,0.999129,14,70.370300,34.400000,3.400000,1.151460
26,-94.009498,0.863144,0.213961,1.034009,25,68.309500,31.600000,3.300000,1.213570
27,-93.853857,0.863144,0.000000,1.480168,12,65.274100,30.400000,3.100000,1.567020
28,-92.520144,2.516043,0.000000,0.601841,17,148.886000,47.300000,8.300000,0.804751
29,-70.061122,2.906659,0.549466,1.350929,6,3.510040,4.900000,4.600000,1.696660
30,-93.106278,0.697991,0.000000,1.049755,0,117.663000,44.500000,6.700000,1.888870
31,-91.574839,2.516043,0.000000,1.216959,18,161.722000,47.900000,9.100000,1.733920
32,-71.206753,2.906659,0.738735,1.461332,0,6.063940,4.500000,4.200000,1.331000
33,-71.162577,2.906659,0.549466,1.216390,1,6.684250,5.800000,5.700000,1.168040
34,-72.046717,2.906659,0.550572,1.216390,0,3.283680,4.200000,4.100000,1.385510
36,-93.903816,2.516043,0.346242,1.293953,9,51.265900,27.100000,2.200000,1.521430
37,-92.361681,0.863144,0.213961,0.999129,16,143.422000,46.400000,8.000000,1.943780
38,-92.204345,0.863144,0.213961,0.324736,12,135.494000,46.200000,7.500000,0.949778
39,-70.000000,2.906659,0.000000,1.350929,9,14.476500,7.600000,7.300000,1.363040
40,-94.028259,0.863144,0.154772,1.207346,18,66.954900,31.300000,3.200000,1.430410
41,-71.992249,2.906659,0.598074,1.216390,0,5.965180,5.800000,5.800000,0.946879
42,-93.840979,0.863144,0.000000,1.253825,17,65.374200,31.000000,3.100000,1.308730
43,-93.226488,2.516043,0.000000,0.601841,21,104.088000,40.500000,5.500000,0.688744
44,-70.290797,2.906659,0.403684,1.243879,7,14.565900,5.200000,4.600000,1.309540
45,-94.110626,1.706918,0.006883,2.260830,0,36.847400,20.500000,1.300000,0.767495
46,-93.821010,2.516043,0.346242,1.293953,9,49.663900,26.900000,2.100000,1.380700
47,-70.000000,2.906659,0.549466,1.216390,5,0.660865,5.400000,5.400000,1.969800
48,-94.010565,2.516043,0.346242,1.293953,9,59.276200,29.400000,2.700000,1.387260
49,-94.454916,0.697991,0.696703,0.929782,20,26.770600,16.600000,0.700000,0.475474
50,-70.044663,2.906659,0.549466,1.583946,6,9.597680,6.000000,5.400000,1.551350
51,-93.061003,0.863144,0.000000,0.921060,11,119.602000,43.400000,6.500000,1.514480
52,-93.855470,2.516043,0.346242,1.293953,9,46.459700,26.000000,1.900000,1.326030
53,-94.105381,2.906659,0.000000,0.990111,27,40.051500,25.300000,1.500000,0.426822
54,-70.798114,2.906659,0.000000,0.898298,1,7.167270,5.600000,5.200000,0.818017
55,-93.123129,2.516043,0.411955,0.834560,8,107.338000,41.700000,5.700000,1.670590
56,-70.000000,2.906659,0.549466,1.583946,7,14.036400,5.200000,4.700000,1.413030
57,-93.192501,2.516043,0.000000,0.601841,19,105.690000,40.900000,5.600000,0.780343
58,-70.000000,2.906659,0.549466,1.139137,4,3.174490,4.900000,4.900000,1.590260
59,-70.000000,2.906659,0.637950,1.350929,3,1.644690,5.400000,5.200000,1.866260
60,-91.996073,0.863144,0.213961,0.992066,38,152.426000,47.800000,8.600000,1.631780
61,-70.000000,2.906659,0.818396,1.216390,6,2.296460,5.100000,5.000000,1.898890
62,-70.000000,2.906659,0.000000,0.898298,6,1.645370,5.700000,5.500000,0.676518
63,-94.042874,1.706918,0.080141,0.315891,24,38.266100,21.900000,1.400000,0.222238
64,-70.000000,2.906659,0.549466,1.139137,8,14.603700,6.800000,6.400000,1.594130
65,-94.556735,0.863144,1.000000,0.000000,30,28.510900,18.000000,0.800000,0.291490
66,-71.754762,2.906659,0.297709,1.216390,0,8.823600,6.200000,6.000000,1.539270
67,-70.000000,2.906659,0.403684,1.216390,4,5.972580,5.400000,4.800000,1.053820
68,-91.646793,2.516043,0.000000,0.601841,32,174.251000,48.800000,9.900000,0.897544
69,-94.150829,0.863144,0.152736,1.207346,10,35.186500,19.100000,1.200000,0.452249
70,-70.000000,2.906659,0.549466,1.350929,4,6.401350,5.100000,4.500000,1.181810
71,-91.755215,2.516043,0.000000,1.216959,35,163.369000,48.500000,9.200000,1.499880
72,-94.539549,0.697991,0.000000,0.983920,0,25.168600,16.200000,0.600000,0.208201
73,-94.841828,0.161305,0.017332,1.971547,0,21.708000,15.200000,0.400000,0.620688
74,-71.694658,2.906659,0.549466,1.292697,0,11.328300,7.000000,6.800000,1.883690
75,-71.077530,2.906659,0.000000,1.178097,4,1.444780,4.700000,4.300000,0.912007
76,-94.862221,0.161305,0.017332,5.000000,15,18.588200,13.700000,0.200000,0.494918
77,-91.985061,0.863144,0.213961,0.999129,14,149.199000,47.600000,8.400000,1.601830
78,-70.576895,2.906659,0.678798,1.546882,0,1.141820,3.500000,3.300000,1.045550
79,-93.513739,0.863144,0.152736,1.207346,12,92.137000,37.500000,4.800000,1.903850
80,-71.672111,2.906659,0.518691,1.089239,2,7.153240,5.900000,5.800000,1.138730
81,-93.619062,2.516043,0.346242,0.917314,15,94.521500,40.100000,4.900000,1.702070
82,-94.797951,0.161305,0.017332,4.980220,13,23.158700,15.500000,0.500000,1.318060
83,-70.000000,2.906659,0.549466,0.000000,1,0.872250,4.100000,4.000000,0.396041
84,-94.066819,0.863144,0.216136,1.207346,6,75.172300,35.800000,3.700000,1.852840
85,-94.158245,0.863144,0.000000,1.493367,12,35.191300,19.300000,1.200000,0.519822
86,-91.544444,0.863144,0.213961,0.999129,21,162.469000,48.100000,9.200000,1.869820
87,-72.574997,2.906659,0.549466,1.583946,0,14.436700,7.600000,7.400000,1.867090
88,-91.401208,0.863144,0.213961,0.999129,20,176.616000,49.000000,10.100000,1.895240
89,-92.895310,2.516043,0.000000,0.184911,38,132.971000,45.800000,7.300000,0.319854
90,-70.000000,2.906659,0.297709,1.216390,6,10.319600,5.700000,4.900000,0.870156
91,-94.130224,0.863144,0.302845,1.034112,16,57.597500,28.400000,2.600000,1.218400
92,-93.861209,0.697991,0.554666,0.000000,13,87.919800,36.500000,4.500000,0.559022
93,-94.067734,0.863144,0.213961,1.024131,30,58.871600,28.500000,2.700000,1.251350
94,-94.114366,0.863144,0.154772,1.207346,17,68.821900,32.300000,3.300000,1.413460
95,-71.050777,2.906659,0.000000,1.583946,4,6.954220,4.400000,4.100000,1.357410
96,-70.000000,2.906659,0.598917,1.139137,5,5.055080,5.100000,4.900000,1.725430
97,-94.804846,0.161305,0.017332,5.000000,19,21.504200,14.400000,0.400000,1.026830
98,-70.000000,2.906659,0.488083,0.985996,7,0.022114,4.400000,4.200000,1.054780
99,-93.346557,0.863144,0.213961,0.999129,16,94.132400,39.000000,4.900000,1.781960
