[INFO][1] Cantidad de iteraciones: 3000
[INFO][7] Cantidad de iteraciones: 3000
[INFO][2] Cantidad de iteraciones: 3000
[INFO][8] Cantidad de iteraciones: 3000
[INFO][6] Cantidad de iteraciones: 3000
[INFO][4] Cantidad de iteraciones: 3000
[INFO][5] Cantidad de iteraciones: 3000
[INFO][3] Cantidad de iteraciones: 3000

id,borders_threshold,margin_forwarding,min_delay,max_delay,neighbors_threshold,energy,coverage,nforwardings,time
0,-88.999935,0.621222,0.156987,0.627078,21,154.445000,21.800000,9.000000,1.109870
1,-92.892877,0.445798,0.467597,0.498840,14,73.564400,16.800000,3.700000,1.255170
2,-90.393894,1.362028,0.172703,3.688795,27,118.273000,19.900000,6.500000,4.569250
3,-93.631741,1.990953,0.267228,0.000000,1,39.988300,11.700000,1.500000,0.198594
4,-78.855654,0.066598,1.000000,2.441797,0,14.820100,3.000000,2.100000,1.830680
5,-75.756960,0.505256,0.747747,0.933294,0,14.224900,3.400000,3.000000,1.185170
6,-93.003431,0.445798,0.326874,0.498840,16,79.854700,17.600000,4.100000,1.213840
7,-78.545028,0.066598,0.610738,2.750698,0,13.260900,2.700000,2.100000,1.468190
8,-92.823394,0.445798,0.467597,0.498840,19,77.116100,17.100000,4.000000,1.303170
9,-94.583516,0.445798,0.467597,0.498840,17,20.775700,7.800000,0.400000,0.193678
10,-92.408231,0.445798,0.467597,0.498840,14,73.307200,16.400000,3.700000,1.207460
11,-73.551956,0.505256,0.747747,4.856614,0,1.168810,1.700000,1.500000,1.130810
12,-74.846852,0.066598,0.139033,0.000000,0,0.300321,1.700000,1.700000,0.039132
13,-93.816172,0.621222,0.156987,2.574919,21,50.749000,13.100000,2.200000,1.991990
14,-70.185944,0.066598,0.985500,4.530066,0,1.885780,0.800000,0.800000,0.390626
15,-94.492419,0.580930,0.194621,1.572239,13,19.377300,7.700000,0.300000,0.186013
16,-81.759689,1.398064,0.217509,2.929269,11,252.125000,23.900000,16.600000,5.365940
17,-94.120555,0.950047,0.279077,1.554108,43,26.774900,9.300000,0.700000,0.526328
18,-72.072583,0.066598,0.726393,4.728160,3,3.253910,2.600000,2.300000,1.728220
19,-78.294699,0.066598,0.000000,0.073095,1,13.251400,2.600000,2.200000,0.018888
20,-76.124196,0.066598,0.265451,5.000000,0,7.227700,1.700000,1.300000,0.828812
21,-90.719425,0.066598,0.000000,0.073095,26,121.455000,20.500000,7.000000,0.104503
22,-87.552310,0.621222,0.156987,0.627078,23,167.317000,22.800000,10.500000,1.393450
23,-73.905427,0.066598,0.000000,0.073095,0,0.116048,2.100000,2.000000,0.022974
24,-87.506252,0.621222,0.156987,0.627078,22,175.624000,23.000000,11.100000,1.420030
25,-70.501257,0.505256,0.751584,5.000000,4,7.793410,3.100000,2.600000,1.863260
26,-95.000000,0.066598,0.000000,1.240843,16,14.822400,4.800000,0.000000,0.000736
27,-94.209872,0.621222,0.625850,1.220206,5,45.197600,12.400000,1.900000,1.515310
28,-70.000000,0.505256,0.747747,0.933294,0,0.078726,1.800000,1.800000,0.610495
29,-70.000000,0.066598,0.726393,4.728160,4,8.734530,3.000000,2.500000,1.419050
30,-71.093662,0.505256,0.747747,5.000000,0,0.442429,1.600000,1.500000,1.080310
31,-94.572569,0.445798,0.467597,0.498840,17,24.877500,9.200000,0.600000,0.242905
32,-86.711499,0.066598,0.000000,0.073095,18,183.901000,23.400000,12.600000,0.147837
33,-94.614720,0.066598,0.903307,1.262745,9,39.108900,11.500000,1.600000,1.612010
34,-94.642495,0.445798,0.467597,0.498840,20,16.177600,6.800000,0.100000,0.048873
35,-77.235810,0.066598,0.726393,2.709064,1,13.332700,2.800000,2.200000,1.555300
36,-74.120207,0.066598,0.000000,0.073095,0,1.680080,2.200000,2.000000,0.026589
37,-77.709820,0.066598,1.000000,2.441797,0,7.690760,1.900000,1.500000,0.991013
38,-92.651247,0.066598,0.000000,1.990520,11,68.342700,15.700000,3.500000,1.960470
39,-76.582415,0.066598,0.306633,5.000000,2,13.571700,3.300000,2.900000,1.710390
40,-73.117692,0.505256,0.000000,4.705876,1,1.345970,1.500000,1.400000,0.836483
41,-91.735011,0.621222,0.000000,0.627078,7,87.007400,17.800000,4.600000,0.731628
42,-77.791136,0.066598,0.726393,4.728160,0,6.091420,1.800000,1.400000,1.492740
43,-92.984127,2.230650,0.422463,0.646281,17,60.637500,13.900000,2.800000,0.904012
44,-94.730068,0.066598,0.042388,0.349085,10,35.796500,11.400000,1.300000,0.222343
45,-87.856617,0.621222,0.002936,0.627078,23,184.039000,23.600000,11.600000,1.315080
46,-90.661338,0.621222,0.235277,0.282493,29,111.568000,19.100000,6.200000,0.843190
47,-94.945087,0.066598,0.000000,1.254208,27,17.610700,7.500000,0.200000,0.161694
48,-72.322284,0.505256,0.984517,4.973541,0,2.928210,2.000000,1.700000,1.794230
49,-73.076054,0.505256,0.747747,5.000000,1,0.498446,1.700000,1.600000,1.092020
50,-94.310493,0.621222,0.625850,1.220206,7,45.583400,13.000000,1.900000,1.597070
51,-94.087812,0.950047,0.157705,1.554108,37,28.368200,9.400000,0.800000,0.536791
52,-94.588414,0.445798,0.467597,0.498840,15,17.610500,6.900000,0.200000,0.096935
53,-93.010042,0.445798,0.467597,0.498840,18,65.381600,15.500000,3.200000,1.104220
54,-72.646766,0.505256,0.984517,5.000000,0,0.230964,2.000000,1.800000,1.127590
55,-88.052729,0.621222,0.000000,0.627078,8,149.855000,21.600000,9.300000,1.199670
56,-94.252883,0.066598,0.000000,1.240843,7,51.562200,13.700000,2.300000,1.214910
57,-92.244865,0.445798,0.467597,0.443718,18,90.287000,18.600000,4.800000,1.281510
58,-77.305715,0.066598,1.000000,2.441797,0,5.773170,1.700000,1.400000,1.062700
59,-80.628864,0.066598,0.000000,0.073095,10,261.652000,24.000000,18.400000,0.124987
60,-89.336807,0.621222,0.002936,0.627078,20,143.309000,21.000000,8.300000,0.924505
61,-90.327250,0.621222,0.235277,0.187072,33,121.388000,20.100000,6.900000,0.608644
62,-74.952673,0.066598,1.000000,5.000000,0,3.238350,1.800000,1.500000,1.591220
63,-94.247411,0.950047,0.854632,1.228742,40,29.738800,9.800000,0.900000,0.759646
64,-94.935039,0.066598,0.000000,0.000000,1,22.600300,9.000000,0.500000,0.001122
65,-74.070068,0.505256,0.747747,4.535034,0,5.146580,2.300000,2.000000,1.919050
66,-94.505794,0.445798,0.452304,0.498840,25,34.431300,10.700000,1.300000,0.476515
67,-77.966287,0.066598,0.139033,1.999069,0,12.342800,3.200000,2.600000,1.284450
68,-76.538213,0.066598,1.000000,5.000000,2,7.848610,2.000000,1.500000,1.725750
69,-94.200492,0.950047,0.854632,1.228742,36,31.340800,10.000000,1.000000,0.854791
70,-94.599266,0.066598,1.000000,1.185645,10,39.143000,11.800000,1.600000,1.634040
71,-72.373635,0.505256,0.984517,4.973541,0,2.048940,2.200000,1.800000,1.820490
72,-92.532687,0.445798,0.326874,0.498840,17,72.369300,16.100000,3.700000,1.055080
73,-72.771529,0.066598,0.985500,5.000000,3,5.062530,2.400000,2.200000,1.434030
74,-72.980968,0.066598,0.985500,5.000000,2,0.202603,2.000000,1.900000,1.858640
75,-73.592927,0.066598,1.000000,0.073095,0,0.223650,1.300000,1.300000,0.294566
76,-73.785762,0.505256,0.444085,4.705876,0,5.395150,2.300000,1.900000,1.989370
77,-72.761502,0.066598,1.000000,4.945994,0,0.058930,1.200000,1.200000,1.123900
78,-77.228389,0.066598,0.306633,5.000000,0,8.472010,2.400000,1.800000,1.727480
79,-72.328929,0.066598,0.985500,5.000000,0,0.646444,1.400000,1.100000,0.953216
80,-94.697319,0.066598,1.000000,1.140257,10,34.124600,10.500000,1.200000,1.170210
81,-91.689248,0.621222,0.156987,0.627078,20,96.306700,18.800000,5.200000,1.181170
82,-90.608385,0.621222,0.000000,0.282493,49,111.409000,18.900000,6.200000,0.330040
83,-88.059554,0.621222,0.156987,0.627078,19,139.410000,21.000000,8.600000,1.237780
84,-83.719222,0.066598,0.000000,0.073095,8,220.761000,23.700000,15.500000,0.149759
85,-90.212588,0.621222,0.235277,0.282493,34,138.825000,20.600000,8.000000,1.012100
86,-77.219565,0.066598,0.985500,4.054703,1,5.299860,1.600000,1.200000,0.982977
87,-73.444704,0.066598,0.985500,5.000000,2,0.470597,1.800000,1.700000,0.765474
89,-94.360488,0.621222,0.000000,0.627078,0,32.572500,10.300000,1.400000,0.463422
90,-79.060445,0.066598,0.000000,5.000000,0,14.472800,2.500000,1.800000,1.379170
91,-72.199204,0.066598,0.726393,4.728160,4,10.051300,3.200000,2.700000,1.858640
92,-78.411012,0.066598,0.726393,4.728160,1,12.165800,2.200000,1.500000,1.501020
93,-74.094728,0.505256,0.444085,4.705876,0,4.837860,2.200000,1.600000,1.606330
94,-80.752773,0.066598,0.000000,0.073095,12,262.739000,24.000000,18.200000,0.124773
95,-94.936697,0.066598,1.000000,2.107411,9,17.902300,7.600000,0.200000,0.248003
96,-86.629482,0.621222,0.156987,0.627078,10,184.030000,23.600000,11.800000,1.539620
97,-73.276681,0.066598,0.265451,5.000000,0,0.123448,1.400000,1.400000,0.693692
98,-92.785558,0.621222,0.000000,1.210808,11,61.027000,14.600000,2.900000,1.023360
99,-78.391446,0.066598,0.532458,2.750698,1,11.499300,3.100000,2.400000,1.997310
