[INFO][4] Cantidad de iteraciones: 3000
[INFO][8] Cantidad de iteraciones: 3000
[INFO][7] Cantidad de iteraciones: 3000
[INFO][6] Cantidad de iteraciones: 3000
[INFO][2] Cantidad de iteraciones: 3000
[INFO][5] Cantidad de iteraciones: 3000
[INFO][1] Cantidad de iteraciones: 3000
[INFO][3] Cantidad de iteraciones: 3000

id,borders_threshold,margin_forwarding,min_delay,max_delay,neighbors_threshold,energy,coverage,nforwardings,time
0,-77.003642,0.870090,0.179361,4.096531,4,11.789400,9.000000,7.500000,5.277290
1,-94.498027,0.806604,0.051758,0.440381,12,43.106100,36.200000,1.700000,0.362574
2,-93.948728,0.806604,0.051758,0.440381,5,88.905800,58.900000,4.600000,0.563436
3,-94.145202,0.806604,0.000000,0.921743,4,86.373200,58.100000,4.400000,1.047430
4,-94.582888,2.576201,0.415602,1.839932,12,40.051500,33.400000,1.500000,1.426490
5,-94.060750,0.806604,0.028576,1.125289,16,76.489600,51.700000,3.800000,1.687280
6,-93.968487,0.806604,0.015463,0.680264,2,93.780000,61.100000,4.900000,0.894082
7,-94.055160,0.806604,0.008620,1.125289,11,71.664600,49.800000,3.500000,1.403800
8,-71.688607,2.975023,0.257047,1.920525,6,1.209910,12.200000,11.400000,4.545390
9,-92.548602,1.232383,0.341464,3.329427,41,161.551000,72.700000,9.100000,5.950170
10,-73.924920,1.863374,0.340188,1.699926,8,5.796570,10.200000,9.700000,3.261810
11,-93.087266,0.806604,0.000000,0.447019,19,150.115000,71.800000,8.400000,0.742963
12,-94.717085,0.472125,0.949774,3.492056,15,22.185200,25.300000,0.400000,0.933533
13,-94.225116,0.806604,0.028576,0.680264,18,55.934200,41.800000,2.500000,0.485886
14,-94.065145,0.806604,0.037823,0.795516,21,73.318800,50.600000,3.600000,0.929339
15,-94.059954,0.806604,0.000000,1.155385,12,74.908700,51.600000,3.700000,1.541230
16,-94.159030,0.806604,0.044984,1.267444,2,55.927600,41.000000,2.500000,1.239470
17,-94.024247,0.806604,0.028576,0.680264,1,73.227800,50.300000,3.600000,0.783842
18,-95.000000,0.472125,0.368329,4.544855,15,15.815900,17.800000,0.000000,0.000787
19,-94.039208,0.806604,0.000000,1.155385,14,82.878200,54.500000,4.200000,1.483640
20,-94.134895,0.806604,0.075641,1.058066,16,67.149100,46.700000,3.200000,1.208070
21,-94.687153,0.806604,0.054385,0.041315,1,27.051400,28.700000,0.700000,0.036457
22,-94.545205,0.806604,0.000000,0.988017,16,31.857600,30.500000,1.000000,0.425514
23,-94.044544,0.806604,0.000000,0.996208,13,60.737900,43.900000,2.800000,0.942573
24,-94.027455,0.806604,0.028576,0.680264,2,71.647800,48.400000,3.500000,0.781725
25,-92.498345,0.806604,0.028576,0.949841,27,161.003000,72.400000,9.100000,1.597520
26,-94.212099,0.806604,0.006736,0.988017,18,67.148600,46.100000,3.200000,1.263360
27,-91.217006,0.806604,0.028576,0.680264,33,189.966000,74.000000,10.900000,0.914451
28,-93.566777,0.806604,0.177296,0.680264,5,127.124000,68.300000,7.000000,1.518740
29,-94.500566,0.806604,0.091649,0.680264,8,41.452700,35.400000,1.600000,0.490739
30,-93.900263,0.806604,0.000000,0.336852,16,98.591900,62.400000,5.200000,0.451539
31,-93.454406,0.806604,0.044984,0.491018,15,145.239000,70.500000,8.100000,0.931898
32,-92.271939,0.806604,0.051758,0.440381,13,162.220000,72.900000,9.200000,0.831232
33,-94.218078,0.806604,0.364678,0.567710,0,62.342400,44.500000,2.900000,0.901819
34,-93.926275,0.806604,0.000000,0.680264,0,107.854000,65.100000,5.800000,1.004420
35,-94.116940,0.806604,0.364179,0.652167,0,84.655600,57.300000,4.300000,1.550260
36,-94.090552,0.806604,0.000000,0.336852,24,95.984100,61.600000,5.000000,0.409598
37,-93.202828,0.806604,0.020492,0.849011,10,129.370000,68.400000,7.100000,1.268790
38,-94.840881,0.472125,0.368329,4.909522,9,18.974700,22.000000,0.200000,0.798121
39,-94.506430,0.806604,0.164413,0.337130,9,51.128500,40.600000,2.200000,0.396622
40,-94.069863,0.806604,0.028576,1.042591,19,92.775400,59.400000,4.800000,1.395570
41,-93.917777,0.806604,0.028576,0.795516,27,109.879000,66.100000,5.900000,1.339540
42,-94.522255,2.576201,0.351609,1.756751,14,36.847400,33.200000,1.300000,1.189730
43,-94.624929,0.472125,0.949774,3.486395,11,30.171600,30.400000,0.900000,1.861650
44,-94.204652,0.806604,0.028576,1.042591,17,63.830000,45.000000,3.000000,1.011780
45,-92.535596,0.806604,0.051758,0.440381,14,148.099000,71.500000,8.300000,0.797051
46,-94.202188,0.806604,0.364678,0.652167,0,65.536300,46.000000,3.100000,0.970871
47,-92.161749,0.806604,0.028576,0.442972,20,164.266000,73.800000,9.300000,0.688050
48,-93.936359,0.806604,0.000000,1.155385,7,68.415100,47.600000,3.300000,1.170970
49,-93.992789,0.806604,0.132178,1.006957,6,84.645800,56.900000,4.300000,1.354340
50,-94.029350,0.806604,0.000000,1.155385,16,73.483400,50.800000,3.600000,1.416700
51,-92.300281,0.806604,0.000000,0.447019,25,155.857000,72.100000,8.800000,0.615219
52,-93.992800,0.806604,0.000000,0.373716,12,65.308500,45.900000,3.100000,0.375804
53,-94.048902,0.806604,0.085625,0.600596,0,83.047000,54.800000,4.200000,1.229770
54,-94.507482,0.806604,0.000139,0.051440,6,43.118200,37.700000,1.700000,0.034912
55,-94.136221,0.806604,0.000000,1.161631,15,63.921500,45.300000,3.000000,1.285000
56,-94.731121,0.472125,0.368329,4.909522,9,20.576700,24.000000,0.300000,0.909020
57,-94.512728,0.806604,0.164413,0.182516,8,39.914100,33.300000,1.500000,0.210121
58,-94.501592,0.806604,0.206549,0.230181,6,47.924400,39.900000,2.000000,0.328508
59,-94.159572,0.806604,0.000000,0.996208,16,57.536300,42.700000,2.600000,1.115360
60,-94.530784,0.806604,0.000139,0.051440,4,44.720200,38.800000,1.800000,0.042091
61,-94.610445,0.806604,0.000000,1.230436,3,36.709900,32.400000,1.300000,1.036460
62,-94.994021,0.472125,0.368329,4.909522,0,17.324600,19.300000,0.100000,0.457615
63,-94.043039,0.806604,0.030062,0.680264,0,76.618300,53.000000,3.800000,0.918792
64,-94.163963,0.806604,0.072870,0.711372,0,60.734900,43.000000,2.800000,0.804598
65,-93.998787,0.806604,0.065772,0.629061,0,98.638000,64.100000,5.200000,1.077070
66,-94.214555,0.806604,0.000000,0.883629,24,60.735500,43.300000,2.800000,0.651305
67,-94.093662,0.806604,0.364179,0.652167,4,86.274300,57.600000,4.400000,1.466070
68,-94.173364,0.806604,0.000000,0.996867,16,63.944200,45.700000,3.000000,1.367530
69,-94.688624,0.472125,0.949774,2.583526,7,23.772600,27.400000,0.500000,0.850355
70,-93.093981,0.806604,0.000000,0.975290,4,147.505000,71.000000,8.500000,1.796120
71,-93.956103,0.806604,0.000000,1.186927,6,116.407000,67.700000,6.300000,1.589450
72,-93.972854,0.806604,0.051758,0.440381,4,97.160500,61.800000,5.100000,0.639011
75,-92.654443,0.806604,0.028576,0.680264,28,159.532000,72.300000,9.000000,1.059350
76,-93.500564,0.806604,0.000000,0.975290,6,131.847000,70.400000,7.300000,1.723560
77,-94.048741,0.806604,0.000000,0.336852,22,79.670000,53.800000,4.000000,0.377433
80,-94.842559,0.472125,0.772961,4.885051,1,18.920600,20.200000,0.200000,0.810681
