[INFO][8] Cantidad de iteraciones: 3000
[INFO][7] Cantidad de iteraciones: 3000
[INFO][2] Cantidad de iteraciones: 3000
[INFO][5] Cantidad de iteraciones: 3000
[INFO][4] Cantidad de iteraciones: 3000
[INFO][6] Cantidad de iteraciones: 3000
[INFO][3] Cantidad de iteraciones: 3000
[INFO][1] Cantidad de iteraciones: 3000

id,borders_threshold,margin_forwarding,min_delay,max_delay,neighbors_threshold,energy,coverage,nforwardings,time
0,-92.130754,0.942839,0.844540,0.043457,19,59.825600,14.100000,2.800000,0.791294
1,-94.571347,0.364899,0.181910,0.373433,4,37.762300,11.400000,1.400000,0.347352
2,-92.685112,0.364899,0.181910,0.417722,8,73.864200,16.400000,3.800000,0.753288
3,-87.858010,2.533808,0.000000,0.179764,10,170.313000,22.400000,10.200000,0.280833
4,-86.093729,2.533808,0.000000,0.032188,19,192.264000,23.800000,11.900000,0.048495
5,-86.344219,2.533808,0.344836,0.032188,43,189.095000,23.700000,11.700000,0.679502
6,-92.717295,0.364899,0.181910,0.417722,6,75.775400,17.100000,3.900000,0.891262
7,-94.277429,0.954148,0.401663,3.498442,38,27.033300,9.500000,0.700000,1.043690
8,-94.327406,0.706522,1.000000,0.472517,0,19.477700,7.700000,0.300000,0.252456
9,-92.607420,0.364899,0.393841,0.417722,5,69.130400,15.700000,3.500000,1.057480
10,-90.567456,0.942839,0.020021,0.052681,33,118.855000,19.900000,6.600000,0.093254
11,-88.004886,2.533808,0.521396,0.032188,32,147.652000,22.100000,8.800000,0.844753
12,-94.194154,0.331721,1.000000,0.489571,0,35.901600,11.000000,1.300000,0.899953
13,-94.408384,0.331721,1.000000,1.149123,0,40.722200,12.000000,1.600000,1.504130
14,-87.619124,0.942839,0.430926,0.000000,33,166.337000,22.700000,10.300000,0.890306
15,-89.605962,0.364899,0.181910,0.417722,14,136.755000,20.800000,8.200000,0.788315
16,-76.701906,0.942839,0.190451,0.043457,29,303.019000,24.000000,21.000000,0.384159
17,-83.304901,0.942839,1.000000,0.043457,19,237.741000,23.900000,15.700000,1.346350
18,-90.083175,2.533808,0.292603,0.032188,29,131.855000,20.400000,7.300000,0.497801
19,-89.427838,0.364899,0.181910,0.417722,12,136.283000,20.500000,8.200000,0.714997
20,-92.128941,0.942839,0.680292,0.018552,36,88.247900,18.900000,4.600000,0.977022
21,-92.462623,0.942839,0.497312,0.043457,22,75.900000,17.400000,3.800000,0.625194
22,-94.421465,0.954148,0.401663,3.498442,39,25.431200,9.200000,0.600000,0.979825
24,-94.401208,0.331721,0.603985,1.217938,0,45.160700,13.000000,1.900000,1.654950
25,-94.336309,0.331721,0.945012,0.559082,0,35.918900,11.100000,1.300000,0.888725
26,-92.776258,0.364899,0.393841,0.417722,4,63.366800,15.500000,3.100000,0.850203
27,-87.981407,0.942839,0.200818,0.043457,33,176.252000,23.100000,11.000000,0.406358
28,-91.674557,2.533808,0.138017,0.778680,23,97.484500,19.200000,5.100000,1.362020
29,-94.479075,0.706522,1.000000,0.644145,0,18.017200,7.600000,0.200000,0.182168
30,-87.197832,0.942839,0.000000,0.043457,36,145.532000,20.900000,8.800000,0.059401
31,-87.277101,2.533808,0.344836,0.032188,38,178.495000,23.300000,10.700000,0.604079
32,-92.658067,0.942839,0.190451,0.774918,15,72.557500,16.100000,3.600000,1.175470
33,-93.137933,0.364899,0.421000,0.000000,2,59.716400,14.800000,2.900000,0.426479
34,-92.494294,0.942839,0.737882,0.000000,32,77.024900,18.100000,3.900000,1.000780
35,-92.064246,0.942839,1.000000,0.043457,26,92.556300,19.100000,4.900000,1.710360
36,-95.000000,0.331721,1.000000,1.296581,12,15.046000,4.800000,0.000000,0.000736
37,-94.052295,1.729118,0.192975,1.201748,35,31.762300,10.000000,1.000000,0.468413
38,-92.699350,0.364899,0.181910,0.846514,7,75.759000,16.500000,3.900000,1.529180
39,-94.612984,0.331721,0.959612,0.397644,0,34.299100,10.700000,1.300000,0.718341
40,-94.355640,0.331721,1.000000,1.149123,0,39.546300,11.800000,1.600000,1.604300
41,-93.682901,2.533808,0.344836,0.032188,39,40.042600,11.700000,1.500000,0.246980
42,-94.561799,0.706522,1.000000,0.644145,0,16.360100,6.800000,0.100000,0.085971
43,-93.191303,0.364899,0.393841,0.417722,3,57.491900,13.900000,2.700000,0.730983
44,-94.125028,0.331721,1.000000,1.296581,0,49.906700,13.100000,2.200000,1.828920
45,-93.486345,2.533808,0.360738,0.787562,29,52.859000,13.800000,2.300000,1.076320
47,-93.054207,0.364899,0.421000,0.000000,2,59.547200,14.600000,2.900000,0.414702
48,-92.101310,0.942839,0.737882,0.018552,31,72.277500,16.000000,3.600000,0.828927
49,-94.638672,0.954148,0.401663,3.498442,37,23.502100,9.000000,0.500000,0.754113
50,-94.583852,0.331721,0.906207,1.083689,0,34.497100,10.600000,1.200000,1.077590
51,-94.618766,2.964597,0.745315,4.634546,30,25.506900,9.400000,0.600000,1.174770
52,-94.261354,2.964597,0.745315,4.634546,31,28.837100,9.900000,0.800000,1.562520
53,-94.499376,2.964597,0.745315,4.634546,30,27.235000,9.600000,0.700000,1.458240
54,-91.335151,0.942839,0.190451,0.598022,20,108.185000,19.800000,5.900000,1.060250
55,-92.314654,0.364899,1.000000,0.417722,9,85.255700,18.200000,4.500000,1.963800
56,-92.694350,0.364899,0.393841,0.417722,4,63.239500,15.300000,3.100000,0.810972
57,-90.223480,2.533808,0.515611,0.032188,26,119.243000,20.300000,6.500000,0.721009
58,-94.009047,0.942839,0.230632,0.000000,0,34.941300,10.800000,1.200000,0.139925
59,-94.582080,0.364899,0.293378,0.000000,0,32.616000,10.300000,1.100000,0.176534
60,-94.210324,0.954148,0.607363,3.498442,34,22.182900,8.100000,0.700000,1.365380
61,-94.675278,0.331721,0.842717,0.559082,0,22.715600,8.700000,0.500000,0.360563
63,-92.118868,0.942839,0.680292,0.018552,36,86.310800,18.300000,4.500000,0.864226
64,-88.041808,2.533808,0.000000,0.179764,9,147.462000,21.300000,8.700000,0.262286
