[INFO][4] Cantidad de iteraciones: 3000
[INFO][6] Cantidad de iteraciones: 3000
[INFO][1] Cantidad de iteraciones: 3000
[INFO][7] Cantidad de iteraciones: 3000
[INFO][5] Cantidad de iteraciones: 3000
[INFO][8] Cantidad de iteraciones: 3000
[INFO][3] Cantidad de iteraciones: 3000
[INFO][2] Cantidad de iteraciones: 3000

id,borders_threshold,margin_forwarding,min_delay,max_delay,neighbors_threshold,energy,coverage,nforwardings,time
0,-75.077658,0.328642,0.000000,5.000000,0,5.938990,2.300000,1.800000,1.378820
1,-90.725507,2.014363,0.163953,0.440956,21,124.173000,20.800000,6.900000,1.054040
2,-94.788068,0.222678,0.703096,0.000000,12,22.380300,8.200000,0.500000,0.185481
3,-92.303301,1.205725,0.645652,0.225939,41,78.949700,17.300000,4.000000,1.011560
4,-75.190390,0.328642,0.119265,1.476359,1,9.518560,2.900000,2.600000,0.830119
5,-70.000000,0.328642,1.000000,3.842102,0,2.341270,1.800000,1.600000,1.654900
6,-75.854487,0.328642,0.119265,3.842102,1,14.333700,3.200000,2.700000,3.707020
7,-93.934575,0.482447,0.318054,0.092182,1,51.774500,13.400000,2.300000,0.355728
8,-75.211909,0.328642,0.119265,4.738929,0,8.198110,2.500000,2.100000,1.601600
9,-75.103183,0.328642,0.119265,4.738929,0,5.850590,2.300000,1.900000,1.121810
10,-74.701839,0.328642,0.000000,5.000000,0,5.265030,2.200000,1.700000,1.582740
11,-94.663926,0.339004,0.216685,0.000579,19,27.503900,9.400000,0.800000,0.115741
12,-91.986337,2.353878,0.341206,0.362851,17,90.666400,18.300000,4.700000,1.022990
13,-75.639803,0.328642,0.187885,2.976943,1,4.920120,2.700000,2.500000,1.696160
14,-93.004409,1.491875,0.142171,0.957601,1,75.666500,16.400000,3.800000,1.192620
15,-93.314936,0.482447,0.101346,0.092182,42,67.128400,15.200000,3.300000,0.225172
16,-87.240164,1.205725,0.000000,0.407528,38,182.206000,23.200000,11.200000,0.588830
17,-88.034166,0.191870,0.528517,3.023848,21,154.820000,22.700000,10.000000,7.193220
18,-87.681400,2.353878,0.000000,0.421093,21,152.410000,21.700000,9.100000,0.740362
19,-72.610569,1.491875,1.000000,1.496713,2,13.382900,3.200000,2.900000,1.182070
20,-92.436370,0.328642,0.000000,0.235063,6,79.511800,17.800000,4.100000,0.310029
21,-91.291871,0.222678,0.703096,0.000000,12,122.748000,20.500000,7.200000,1.049490
22,-87.803960,1.205725,0.117804,0.407528,41,161.179000,22.500000,9.900000,1.165420
23,-70.000000,1.491875,0.142171,2.874734,0,3.697760,3.300000,3.100000,1.872390
24,-73.774166,1.491875,0.142171,1.496713,1,2.507130,2.300000,2.300000,0.750156
25,-92.263021,1.491875,0.067857,0.000000,25,62.043100,14.700000,2.900000,0.077193
26,-78.972275,1.491875,0.142171,1.578432,0,12.966400,2.600000,2.100000,0.816402
27,-90.235360,2.014363,0.660155,0.440956,19,116.949000,20.100000,6.400000,1.718450
28,-74.010570,1.491875,0.142171,1.496713,2,3.178670,2.400000,2.300000,0.750156
29,-95.000000,0.190836,0.212042,3.020660,33,14.933300,4.800000,0.000000,0.000736
31,-74.679724,0.328642,0.273499,2.976943,3,13.072700,3.000000,2.500000,1.866800
32,-76.686794,0.328642,0.119265,4.738929,1,9.176280,2.600000,2.200000,1.536510
33,-74.188185,0.328642,0.119265,3.842102,0,0.245785,1.700000,1.700000,0.838994
34,-91.675863,1.205725,0.856864,0.000000,13,71.539300,16.300000,3.500000,0.989951
35,-75.812831,1.491875,0.000000,2.011269,0,14.695500,3.500000,3.400000,1.414530
36,-94.059715,0.482447,0.318054,0.092182,0,38.954600,11.500000,1.500000,0.294354
37,-86.726250,2.353878,0.000000,0.421093,21,173.781000,23.100000,10.500000,0.781586
38,-87.477564,0.482447,0.101346,0.092182,35,199.960000,23.900000,13.000000,0.466237
39,-90.310885,2.014363,0.660155,0.440956,21,111.680000,19.700000,6.100000,1.807200
40,-94.777678,0.222678,0.999971,0.000000,15,24.179600,8.700000,0.600000,0.361966
41,-76.562248,2.849417,1.000000,0.143098,36,309.446000,24.000000,20.300000,1.818760
42,-73.406587,0.328642,0.119265,3.803058,0,1.664690,1.800000,1.700000,1.452300
43,-92.994429,1.491875,0.142171,0.957601,3,66.564800,15.100000,3.200000,0.994560
44,-92.451976,0.527629,0.181609,0.792898,48,76.731000,17.200000,3.900000,1.303140
45,-93.009895,1.205725,0.618646,0.407528,36,63.440100,14.900000,3.000000,1.038670
46,-87.370992,0.339004,0.856687,0.094268,25,189.368000,23.700000,12.000000,1.775530
47,-94.569627,0.797366,0.035955,0.131561,41,25.333900,9.200000,0.600000,0.038605
48,-94.646811,0.222678,0.525756,0.017969,0,37.550700,11.400000,1.400000,0.323885
49,-74.191923,0.328642,0.000000,3.842102,2,4.421190,3.000000,2.900000,1.809290
50,-94.491090,0.339004,0.708987,0.094268,27,41.004200,11.900000,1.600000,0.552450
51,-93.109403,1.205725,0.618646,0.407528,38,68.209800,15.600000,3.300000,1.245790
52,-92.428238,2.014363,1.000000,0.000000,3,57.380100,14.000000,2.600000,0.718771
53,-93.007136,1.205725,0.618646,0.407528,37,65.126200,15.000000,3.100000,0.969059
54,-94.555630,0.797366,1.000000,0.126375,46,18.073900,7.600000,0.200000,0.154936
55,-94.761705,0.222678,0.703096,0.056349,2,30.590000,10.100000,1.000000,0.392047
56,-90.609031,1.205725,0.366525,0.595274,28,86.292700,18.100000,4.500000,1.298480
57,-94.106617,1.205725,1.000000,0.322325,34,26.851500,9.300000,0.700000,0.428077
58,-73.088181,0.328642,0.119265,5.000000,0,0.689763,1.700000,1.500000,0.829644
59,-92.220955,1.205725,0.366525,0.225939,39,94.983900,19.300000,5.000000,0.835827
60,-70.000000,0.328642,1.000000,5.000000,0,0.201871,2.000000,1.800000,1.944570
61,-70.368267,0.328642,0.000000,3.842102,0,1.887690,2.100000,1.900000,1.343390
62,-90.802581,1.205725,0.366525,0.595274,31,84.808300,17.900000,4.400000,1.208960
63,-88.094239,2.311832,0.200093,0.000000,44,147.617000,21.400000,8.800000,0.375712
64,-93.976659,0.482447,0.180657,0.092182,1,34.420100,10.800000,1.200000,0.149704
65,-94.779326,0.222678,1.000000,0.000000,7,20.763000,7.900000,0.400000,0.260273
66,-74.453963,0.328642,0.000000,1.050597,12,298.570000,24.000000,20.900000,1.695200
67,-75.483100,0.328642,0.119265,1.476359,1,10.424700,3.000000,2.600000,0.860799
68,-94.229028,0.190836,0.211793,3.020660,21,43.256200,12.500000,1.800000,1.843200
69,-91.196219,1.491875,0.142171,0.000000,22,111.469000,19.600000,6.000000,0.189931
70,-75.485882,0.328642,0.000000,2.976943,0,9.552940,2.900000,2.500000,1.701570
71,-94.784426,0.222678,1.000000,0.007415,23,19.177700,7.700000,0.300000,0.134629
72,-74.335548,0.328642,0.000000,1.050597,10,292.462000,24.000000,21.000000,1.650130
73,-90.484955,2.353878,0.000000,0.362851,17,126.204000,20.900000,7.000000,0.554029
74,-94.552680,0.222678,0.786518,0.000000,0,45.120000,13.000000,1.900000,0.622874
75,-93.818991,1.205725,0.366525,0.000000,38,39.863500,11.700000,1.500000,0.288224
76,-94.786800,0.222678,0.634854,0.282132,0,20.778200,8.000000,0.400000,0.187847
77,-86.857205,0.482447,1.000000,0.000000,15,182.487000,23.300000,11.900000,1.840340
78,-94.415865,1.205725,1.000000,1.096586,23,30.093300,9.600000,0.900000,0.730753
79,-93.847720,0.222678,0.999971,0.027019,2,39.506500,11.700000,1.600000,0.807810
80,-72.448611,0.328642,0.000000,3.803058,0,2.516700,2.200000,1.900000,1.389030
81,-88.247966,1.205725,0.366525,0.000000,22,148.255000,21.000000,8.600000,0.385950
82,-87.198693,2.353878,0.000000,0.421093,25,173.486000,22.800000,10.500000,0.718099
83,-88.766717,0.339004,0.000000,0.094268,17,151.310000,21.500000,9.000000,0.149729
84,-76.315190,0.328642,0.000000,4.243595,2,12.924000,2.700000,2.300000,1.303010
85,-94.319953,0.222678,0.703096,0.056349,0,39.551200,11.800000,1.600000,0.596784
86,-94.483306,0.339004,0.216685,0.000579,0,45.331900,13.200000,1.900000,0.172207
87,-87.622698,2.311832,0.200093,0.000000,40,162.673000,22.100000,9.800000,0.439448
88,-92.190487,1.205725,0.047710,0.000000,23,61.777800,14.600000,2.900000,0.051768
89,-94.536092,0.482447,0.245004,0.115256,36,22.462200,8.600000,0.500000,0.098904
90,-76.449968,0.328642,0.119265,4.209132,2,13.819300,3.200000,2.800000,1.999660
91,-92.398552,2.014363,1.000000,0.000000,5,55.835600,13.900000,2.500000,0.712552
92,-87.287959,0.339004,0.856687,0.094268,25,183.831000,23.500000,11.600000,1.622120
93,-94.343865,0.222678,1.000000,0.081239,0,35.821600,11.100000,1.300000,0.710850
94,-75.081496,0.328642,0.000000,2.976943,2,9.409930,2.400000,1.900000,1.316460
95,-92.194482,1.205725,0.618646,0.407528,41,91.647200,19.000000,4.800000,1.480850
96,-94.596583,0.482447,0.260256,0.060827,0,17.639800,6.900000,0.200000,0.036770
97,-72.838273,0.328642,0.000000,3.842102,2,6.692460,3.300000,3.000000,1.719990
98,-70.000000,1.491875,0.142171,1.464876,2,7.660910,2.900000,2.800000,0.559513
99,-94.629463,0.482447,0.318054,0.000000,3,16.203200,6.800000,0.100000,0.019353
