[INFO][2] Cantidad de iteraciones: 3000
[INFO][3] Cantidad de iteraciones: 3000
[INFO][8] Cantidad de iteraciones: 3000
[INFO][7] Cantidad de iteraciones: 3000
[INFO][5] Cantidad de iteraciones: 3000
[INFO][6] Cantidad de iteraciones: 3000
[INFO][1] Cantidad de iteraciones: 3000
[INFO][4] Cantidad de iteraciones: 3000

id,borders_threshold,margin_forwarding,min_delay,max_delay,neighbors_threshold,energy,coverage,nforwardings,time
0,-94.744518,0.932135,1.000000,3.334297,33,22.286400,25.300000,0.400000,0.908419
1,-91.911057,0.294084,0.445663,0.000000,44,167.958000,73.300000,9.600000,0.681793
2,-73.904654,2.242070,0.459295,1.508770,8,5.961120,8.800000,8.200000,3.209980
3,-94.070978,0.507633,0.000000,0.383570,41,85.800500,56.800000,4.400000,0.489674
4,-94.604502,0.507633,0.196166,1.417478,39,30.271800,29.600000,0.900000,0.767103
5,-94.152946,0.507633,0.012033,0.825261,31,84.555700,56.100000,4.300000,1.032690
6,-94.141377,0.507633,0.000000,0.521967,38,77.623100,53.600000,3.900000,0.527093
7,-94.561417,0.507633,0.196166,1.421784,39,33.475900,30.800000,1.100000,0.985515
8,-70.805006,2.424700,0.979674,3.003925,12,14.553200,10.500000,8.700000,4.814620
9,-92.832372,1.275112,0.000000,0.386323,22,150.503000,72.600000,8.400000,0.573933
10,-94.687061,0.507633,0.037076,0.097406,33,26.987300,28.000000,0.700000,0.042770
11,-91.918647,1.275112,0.457588,0.528484,18,176.017000,73.600000,10.000000,1.688190
12,-94.507593,0.507633,0.165826,1.323289,39,38.201800,33.700000,1.400000,0.881351
13,-94.323339,0.507633,0.264639,0.653622,30,73.527400,52.000000,3.600000,1.091060
14,-94.403845,0.507633,0.196166,1.118789,42,76.385900,53.400000,3.800000,1.807480
15,-95.000000,0.125276,0.653731,4.453897,28,15.746500,17.800000,0.000000,0.000787
16,-92.030453,1.275112,0.000000,0.417477,28,174.495000,73.400000,9.900000,0.658248
17,-94.356904,0.507633,0.029395,0.314048,37,58.607500,44.500000,2.700000,0.454389
18,-94.688846,0.507633,0.351063,0.676286,30,28.589400,28.200000,0.800000,0.373867
19,-94.368494,0.507633,0.005271,0.758192,26,67.050000,47.800000,3.200000,0.893496
20,-94.903090,0.125276,1.000000,5.000000,43,18.853200,21.000000,0.200000,0.863217
21,-93.067111,1.275112,0.000000,0.386323,27,148.703000,72.500000,8.300000,0.607034
22,-94.369967,0.507633,0.264639,0.653622,29,76.577900,53.500000,3.800000,1.154520
23,-95.000000,0.050717,0.941681,3.970226,50,15.718200,17.700000,0.000000,0.000787
24,-94.012205,0.507633,0.000000,0.717350,35,98.956200,61.000000,5.200000,0.837430
25,-94.367394,0.507633,0.000000,0.758192,31,60.641700,46.400000,2.800000,0.820609
26,-93.589330,1.275112,0.044087,0.634269,25,120.048000,66.600000,6.500000,1.202370
27,-94.422648,0.507633,0.048985,0.424917,35,67.043000,47.600000,3.200000,0.620863
28,-94.496765,0.507633,0.000000,0.758192,30,43.088300,37.700000,1.700000,0.516992
29,-94.124577,0.507633,0.196166,1.118789,41,86.151100,57.600000,4.400000,1.910210
30,-94.613286,0.932135,1.000000,3.451725,34,30.280600,30.400000,0.900000,1.796140
31,-93.556726,1.275112,0.432628,0.528484,16,121.666000,67.300000,6.600000,1.728110
32,-94.516484,0.507633,0.000000,0.758192,30,44.690300,38.800000,1.800000,0.504797
33,-94.155486,0.507633,0.196166,1.118789,43,87.730000,58.800000,4.500000,1.863500
34,-93.856732,0.507633,0.009759,0.521967,39,100.068000,62.600000,5.300000,0.584213
35,-94.507696,0.507633,0.029395,0.314048,37,39.884200,35.100000,1.500000,0.182849
36,-94.539058,0.932135,0.319762,2.314947,41,28.564500,28.100000,0.800000,0.999632
37,-93.632866,1.275112,0.457588,0.528484,15,113.647000,66.100000,6.100000,1.605210
38,-94.334466,0.507633,0.196166,1.076809,38,84.511400,55.900000,4.300000,1.925910
39,-73.092171,2.242070,0.459295,1.508770,11,2.129810,6.100000,6.000000,1.978910
40,-94.220087,0.507633,0.000000,0.784297,38,81.318500,55.000000,4.100000,1.066300
41,-92.960158,1.275112,0.000000,0.712055,24,139.173000,71.300000,7.700000,0.899997
42,-94.373407,0.507633,0.189865,1.127696,23,78.294500,53.700000,3.900000,1.900180
43,-93.840496,0.507633,0.351063,0.653622,33,95.582800,60.900000,5.000000,1.470310
44,-94.993242,0.125276,1.000000,5.000000,43,17.281900,19.200000,0.100000,0.470715
45,-93.585444,1.275112,0.000000,0.941581,24,131.254000,70.200000,7.200000,1.820770
46,-75.158097,2.242070,0.459295,0.000000,8,14.406900,14.200000,13.500000,1.220470
47,-94.797474,0.294084,0.629324,3.223627,19,20.406600,24.700000,0.300000,0.719019
48,-94.362136,0.507633,0.000000,0.758192,28,59.039700,45.200000,2.700000,0.778355
49,-94.394573,0.507633,0.050074,1.109610,32,65.087000,47.300000,3.100000,1.596660
50,-94.123328,0.507633,0.048985,0.424917,40,79.550700,54.900000,4.000000,0.466584
51,-94.690643,0.507633,0.604225,2.332395,42,23.783200,27.400000,0.500000,0.691709
52,-94.453062,0.507633,0.196166,1.370773,40,55.884100,42.800000,2.500000,1.932860
53,-94.690214,1.115981,0.629023,2.958986,41,22.307100,26.800000,0.400000,0.699999
54,-70.060990,2.242070,0.459295,1.508770,10,4.809450,6.700000,6.700000,1.573940
55,-94.495147,0.507633,0.000000,0.654051,30,44.688300,38.100000,1.800000,0.461837
56,-94.530011,0.507633,0.000000,1.118789,40,41.405900,36.100000,1.600000,0.791591
57,-93.298201,0.507633,0.000000,0.970095,41,122.392000,67.400000,6.700000,1.486610
58,-94.605202,0.507633,0.165826,1.022597,35,28.669700,28.600000,0.800000,0.601389
59,-93.610845,1.275112,0.159096,0.417477,23,126.452000,68.200000,6.900000,1.006990
60,-92.838430,1.275112,0.000000,0.386323,27,152.105000,72.900000,8.500000,0.543708
61,-94.545098,1.275112,0.463162,0.830415,28,31.950600,30.500000,1.000000,0.553956
62,-94.147773,0.507633,0.000000,0.846253,32,73.460400,51.500000,3.600000,0.896725
63,-94.428147,0.507633,0.014003,0.654051,25,49.448400,41.400000,2.100000,0.598285
64,-94.373404,0.507633,0.206946,1.323289,33,71.809200,51.100000,3.500000,1.896450
65,-94.735139,0.294084,0.629324,3.223627,19,25.223000,27.500000,0.600000,0.978504
66,-94.190367,0.507633,0.012421,0.521967,30,84.333900,55.300000,4.300000,0.692670
67,-94.429721,0.507633,0.000000,0.382610,33,63.530900,47.000000,3.000000,0.516728
68,-94.047819,0.507633,0.000000,0.758192,27,108.342000,65.300000,5.800000,1.445440
69,-94.507768,0.507633,0.206946,1.323289,30,36.597400,32.900000,1.300000,0.783948
70,-70.000000,2.242070,0.459295,1.508770,9,0.696659,5.600000,5.600000,1.674050
71,-94.443402,0.507633,0.000000,0.581362,28,51.098600,41.900000,2.200000,0.522763
72,-94.524990,0.507633,0.103760,0.493664,21,41.392900,35.400000,1.600000,0.429427
73,-94.877678,0.125276,1.000000,4.478831,25,22.047500,25.100000,0.400000,1.253790
74,-94.499698,0.507633,0.105604,0.493664,18,42.902000,37.000000,1.700000,0.476934
75,-94.091678,0.507633,0.165826,0.824484,38,70.032600,49.900000,3.400000,1.174030
76,-94.961543,0.294084,0.548865,3.223627,32,17.352600,19.300000,0.100000,0.303065
77,-93.442796,1.275112,0.000000,0.941581,25,145.569000,71.900000,8.100000,1.392180
78,-73.947305,2.242070,0.459295,1.508770,2,3.343930,6.600000,6.100000,1.989480
79,-94.242109,0.507633,0.000000,0.784297,37,81.444800,55.200000,4.100000,0.936088
80,-94.861194,0.294084,0.548865,3.223627,30,18.954200,21.100000,0.200000,0.553573
81,-94.399124,0.507633,0.196166,1.060362,36,51.080300,41.700000,2.200000,1.357020
82,-94.369869,0.507633,0.047630,1.328413,36,75.061700,52.500000,3.700000,1.906550
83,-92.092187,1.275112,0.000000,0.417477,26,177.627000,74.000000,10.100000,0.610056
84,-94.429171,0.507633,0.165826,0.424917,36,68.333900,49.300000,3.300000,0.746427
