[INFO][2] Cantidad de iteraciones: 3000
[INFO][6] Cantidad de iteraciones: 3000
[INFO][1] Cantidad de iteraciones: 3000
[INFO][8] Cantidad de iteraciones: 3000
[INFO][7] Cantidad de iteraciones: 3000
[INFO][3] Cantidad de iteraciones: 3000
[INFO][5] Cantidad de iteraciones: 3000
[INFO][4] Cantidad de iteraciones: 3000

id,borders_threshold,margin_forwarding,min_delay,max_delay,neighbors_threshold,energy,coverage,nforwardings,time
0,-94.623606,1.830725,0.000000,1.760194,16,27.200000,27.500000,0.700000,0.785985
1,-92.245194,1.830725,0.000000,0.500888,20,153.757000,72.400000,8.600000,0.768211
2,-76.032654,0.146312,0.376135,0.748964,9,1.541240,8.300000,7.600000,1.993210
3,-94.877199,0.146312,0.075608,2.773827,20,21.910500,25.400000,0.400000,0.668804
4,-77.014194,0.146312,0.459342,0.517268,2,3.995800,11.300000,10.200000,1.843250
5,-75.584433,0.146312,0.000000,0.207118,7,4.152960,6.200000,5.200000,0.206226
6,-76.557342,0.146312,0.459342,0.757997,5,3.598960,8.300000,7.500000,1.798000
7,-94.598810,0.146312,0.000000,0.581964,13,71.489000,51.500000,3.500000,0.918414
8,-75.132427,0.146312,0.000000,0.644660,8,0.314362,10.000000,9.300000,1.233510
9,-94.851540,0.146312,0.075608,2.773827,22,28.136900,28.100000,0.800000,1.085000
10,-75.455807,0.146312,0.459342,0.746082,5,0.911152,6.100000,5.300000,1.474970
11,-94.635985,0.146312,0.070290,1.197214,0,55.154000,43.700000,2.500000,1.254930
12,-76.014269,0.146312,0.575988,2.219337,0,1.559660,3.800000,3.500000,1.613920
13,-74.772446,0.146312,0.000000,0.581964,10,2.054890,12.800000,11.500000,1.368780
14,-76.902166,0.146312,0.481749,0.789809,1,4.731350,8.800000,7.700000,1.852550
15,-76.933155,0.146312,0.459342,0.581964,6,9.806820,8.300000,7.200000,1.181680
16,-94.801933,0.146312,0.000000,0.387874,0,34.647500,33.000000,1.200000,0.283263
17,-75.244401,1.066667,0.672891,4.589448,5,4.374850,10.400000,7.800000,7.257210
18,-75.047476,0.146312,0.459342,0.531319,4,0.140531,3.700000,3.100000,0.645265
19,-94.852453,0.358227,1.000000,5.000000,0,18.960000,21.100000,0.200000,0.863217
20,-73.667333,2.762688,0.127583,0.000000,4,13.343900,19.500000,18.600000,0.464505
21,-94.567097,0.146312,0.000000,0.810427,12,55.694800,45.900000,2.500000,0.811551
22,-75.573707,0.146312,0.000000,0.581964,10,14.551100,11.600000,10.500000,0.947269
23,-94.571464,0.146312,0.000000,0.809589,5,58.870400,46.700000,2.700000,0.847395
24,-95.000000,0.096190,0.197613,2.552301,50,15.740700,17.800000,0.000000,0.000787
25,-94.590054,2.346868,0.513069,1.188713,37,41.653600,34.000000,1.600000,1.010250
26,-94.780946,0.358227,1.000000,5.000000,0,20.569500,22.800000,0.300000,1.073910
27,-76.769114,0.146312,0.459342,0.757997,5,5.937210,7.500000,6.600000,1.771890
28,-73.257524,0.146312,0.459342,0.581964,13,0.209548,8.500000,7.900000,1.141460
29,-94.284870,0.146312,0.000000,0.809589,0,86.905300,55.900000,4.600000,1.437780
30,-94.558681,0.146312,0.000000,0.378965,21,47.668600,39.900000,2.000000,0.339768
31,-76.019703,0.146312,0.000000,0.312043,6,0.921369,4.500000,4.100000,0.286193
32,-73.180794,0.146312,0.459342,0.581964,11,8.965790,11.900000,11.000000,1.775050
33,-71.460368,0.146312,0.459342,0.581964,14,12.952000,16.700000,14.900000,1.964220
34,-94.797426,0.146312,0.047039,0.756414,0,33.025700,31.400000,1.100000,0.503196
35,-76.641185,0.146312,0.000000,0.312043,5,1.230490,7.800000,7.200000,0.506478
36,-94.132567,0.146312,0.000000,0.606294,4,84.496500,54.400000,4.400000,0.945478
37,-75.085107,0.146312,0.459342,0.757997,8,2.394100,6.100000,5.000000,1.142980
38,-74.162863,0.146312,0.000000,0.581964,12,10.666600,13.100000,11.900000,0.881831
39,-94.943311,0.096190,0.197613,2.552301,44,18.863000,21.000000,0.200000,0.430373
40,-75.779774,0.146312,0.000000,0.402198,0,0.172569,5.600000,4.900000,0.455537
41,-75.869848,0.146312,0.459342,0.000000,4,0.560284,4.700000,4.400000,0.498840
42,-75.575682,0.146312,0.000000,0.312043,2,0.205461,4.300000,3.700000,0.329692
43,-75.845479,0.146312,0.000000,0.312043,5,2.705240,9.100000,8.500000,0.719421
44,-72.912676,0.146312,0.459342,0.581964,11,6.142780,13.000000,12.100000,1.730280
45,-75.153038,0.146312,0.459342,1.041114,3,0.020948,4.200000,3.800000,1.157800
46,-76.811963,0.146312,0.459342,0.862966,4,1.420370,7.000000,6.400000,1.692230
47,-94.269290,0.146312,0.000000,0.809589,3,77.960200,53.100000,4.000000,1.221680
48,-72.750645,0.146312,0.459342,0.757997,13,9.619520,18.100000,16.600000,1.822530
49,-76.325991,0.146312,0.459342,0.658529,0,0.138733,6.400000,5.800000,1.265610
50,-94.291432,0.146312,0.000000,0.782413,13,82.724500,54.200000,4.200000,1.166200
51,-77.780158,0.146312,0.000000,0.312043,4,11.576900,7.600000,6.800000,0.419330
52,-76.535553,0.146312,0.426130,0.586549,0,0.056165,6.500000,6.000000,1.562120
53,-94.021218,0.146312,0.000000,0.809589,8,104.696000,64.200000,5.600000,1.141740
54,-94.559540,0.146312,0.000000,0.627003,12,79.421700,54.000000,4.000000,0.932884
55,-94.597539,0.146312,0.000000,0.627003,30,68.337900,50.300000,3.300000,0.953353
56,-76.435403,0.146312,0.459342,0.517268,4,0.868148,6.300000,5.700000,1.016270
57,-94.686700,1.830725,0.000000,1.889905,11,23.995900,27.400000,0.500000,0.386626
58,-76.458718,0.146312,0.459342,0.623675,4,1.639540,7.200000,6.500000,1.307670
59,-75.044346,0.146312,0.000000,0.288414,8,2.195580,5.700000,4.900000,0.272474
60,-92.686866,0.146312,0.000000,0.810427,16,148.560000,70.900000,8.400000,1.310440
61,-75.862863,0.146312,0.459342,0.757997,8,5.923110,6.500000,5.200000,1.149340
62,-94.925379,0.146312,0.000000,2.773827,25,20.284700,22.700000,0.300000,0.484197
63,-93.479210,0.146312,0.000000,0.600099,24,132.825000,70.000000,7.400000,0.927894
64,-94.843422,0.146312,0.000000,0.000000,13,29.708800,29.400000,0.900000,0.001403
65,-94.626523,0.146312,0.000000,0.581964,13,60.431900,47.600000,2.800000,0.798634
66,-94.816188,0.146312,0.000000,0.387874,0,33.108600,32.800000,1.100000,0.278559
67,-75.816446,0.146312,0.000000,0.402198,0,0.341211,7.100000,6.600000,0.552971
69,-77.523357,0.146312,0.459342,0.148526,4,9.058490,11.400000,10.000000,1.201400
70,-75.986138,0.146312,0.000000,0.644660,8,3.666610,8.400000,7.400000,1.066250
71,-77.453864,0.146312,0.575988,0.581964,3,6.915110,8.500000,7.600000,1.681040
72,-76.516708,0.146312,0.459342,0.581964,2,4.726860,5.500000,4.800000,1.183980
73,-94.789728,0.146312,0.010172,0.000000,0,37.783800,33.400000,1.400000,0.005753
74,-94.854561,0.146312,0.075608,2.773827,22,29.747900,29.900000,0.900000,1.288470
75,-76.554624,0.146312,0.459342,0.862966,1,0.878650,6.800000,6.200000,1.762340
76,-75.730169,0.146312,0.000000,0.644660,6,0.457947,8.200000,7.500000,1.236350
77,-94.981268,0.096190,0.197613,2.552301,47,17.269300,19.200000,0.100000,0.238345
78,-94.600367,0.146312,0.000000,0.369486,26,46.166800,38.300000,1.900000,0.320602
79,-94.209537,0.146312,0.139040,0.716858,9,93.699900,62.100000,4.900000,1.364670
80,-94.010242,0.146312,0.000000,0.627003,20,117.010000,67.900000,6.400000,0.816549
81,-94.513631,2.346868,0.696506,1.225954,37,38.449400,33.500000,1.400000,0.954641
82,-94.091971,0.146312,0.000000,0.953273,6,93.147600,57.600000,4.900000,1.518970
83,-94.015885,0.146312,0.000000,0.810427,15,103.140000,64.000000,5.500000,1.168630
84,-92.798117,0.146312,0.000000,0.600099,19,142.503000,70.200000,8.000000,0.884165
85,-76.711855,0.146312,0.459342,0.746164,0,2.546070,6.400000,5.700000,1.311010
86,-94.613387,1.830725,0.000000,1.760194,15,28.802100,28.600000,0.800000,0.837862
87,-94.208254,0.146312,0.000000,0.717933,0,85.313800,54.800000,4.500000,0.933665
88,-91.683459,0.146312,0.000000,0.328769,35,178.429000,74.000000,10.300000,0.456243
89,-93.477503,0.146312,0.000000,0.378965,10,127.848000,68.200000,7.100000,0.624788
90,-93.192752,0.146312,0.000000,0.606294,5,143.503000,70.800000,8.400000,1.286650
91,-94.519517,1.830725,0.000000,0.500888,38,43.220600,36.200000,1.700000,0.343643
92,-94.674706,0.146312,0.000000,0.810427,9,50.448800,41.000000,2.200000,0.984923
93,-75.688016,0.146312,0.000000,0.312043,8,2.899120,8.200000,7.000000,0.426991
94,-94.988579,0.146312,1.000000,2.814606,23,17.294300,19.300000,0.100000,0.268645
95,-75.058032,0.146312,0.000000,0.581964,9,0.194588,5.200000,4.600000,0.566704
96,-76.120103,0.146312,0.376135,0.748964,9,9.222970,7.900000,6.900000,1.606690
97,-75.665698,0.146312,0.459342,0.757997,9,10.001200,11.200000,9.200000,1.904650
98,-76.438401,0.146312,0.008043,0.312043,0,0.011849,6.000000,5.600000,0.425504
99,-92.396507,1.830725,0.000000,0.500888,24,158.569000,73.500000,8.900000,0.796658
