[INFO][8] Cantidad de iteraciones: 3000
[INFO][6] Cantidad de iteraciones: 3000
[INFO][1] Cantidad de iteraciones: 3000
[INFO][7] Cantidad de iteraciones: 3000
[INFO][3] Cantidad de iteraciones: 3000
[INFO][2] Cantidad de iteraciones: 3000
[INFO][5] Cantidad de iteraciones: 3000
[INFO][4] Cantidad de iteraciones: 3000

id,borders_threshold,margin_forwarding,min_delay,max_delay,neighbors_threshold,energy,coverage,nforwardings,time
0,-95.000000,0.085491,0.012299,4.134740,30,14.840600,4.800000,0.000000,0.000736
1,-92.787774,2.313673,0.184266,1.200460,22,64.082400,15.100000,3.000000,1.463650
2,-92.515982,1.648540,0.112366,0.832843,0,66.383300,15.300000,3.200000,1.096400
4,-94.376475,0.085491,0.000000,2.346322,20,47.471400,14.000000,2.100000,1.953470
5,-94.569187,0.085491,0.000000,2.402499,14,35.455300,10.800000,1.300000,1.299540
6,-90.302709,2.624643,0.151659,0.585037,12,143.449000,21.200000,8.000000,1.292430
7,-87.762244,2.624643,0.258363,0.730916,15,171.959000,23.200000,10.300000,1.683320
8,-94.759293,0.242823,0.000000,0.713167,49,27.423600,9.400000,0.800000,0.220618
9,-92.597238,2.313673,0.195677,0.987957,18,92.796000,18.600000,4.800000,1.686690
10,-90.411061,2.624643,0.151659,0.585037,13,117.897000,20.100000,6.400000,1.048210
11,-74.536558,2.034572,0.822722,1.720995,0,13.982300,2.800000,2.600000,1.234730
12,-90.322448,2.313673,0.184266,0.987957,20,120.762000,20.500000,6.600000,1.521370
13,-94.640839,0.242823,0.000000,0.713167,50,34.485600,10.600000,1.200000,0.343596
14,-91.938455,1.648540,0.112366,0.753776,10,90.170200,18.300000,4.700000,1.234470
15,-88.956945,1.648540,0.059440,0.108364,10,153.467000,21.300000,8.700000,0.281727
16,-85.268122,1.648540,0.000000,0.456192,8,202.888000,23.600000,13.400000,0.920848
17,-94.563602,0.242823,0.000000,0.013118,42,45.217400,13.000000,1.900000,0.012555
18,-92.082805,1.648540,0.112366,0.753776,5,86.999400,17.900000,4.500000,1.213510
19,-71.684382,1.225313,0.815298,1.807625,46,320.506000,24.000000,21.000000,4.190110
20,-82.440500,1.480307,0.787354,2.068786,8,242.322000,23.700000,16.600000,6.269320
21,-70.909537,2.034572,0.822722,1.547971,1,16.500500,5.000000,4.600000,1.491360
22,-76.633883,1.648540,0.053098,0.327177,22,286.633000,23.900000,19.200000,0.727032
23,-90.273387,1.648540,0.204284,0.442538,12,113.979000,19.900000,6.200000,0.899479
24,-92.831771,0.242823,0.301201,0.738286,42,76.245500,17.100000,3.900000,1.459940
25,-87.987812,1.648540,0.053098,0.442538,17,169.664000,22.900000,10.300000,0.943973
26,-94.640388,1.376837,0.000000,2.380768,40,25.348100,9.300000,0.600000,0.610706
27,-94.613258,0.242823,0.000000,0.427410,46,36.093200,11.400000,1.300000,0.285924
28,-90.515992,2.313673,0.184266,0.987957,20,126.869000,20.700000,7.000000,1.740380
29,-92.867224,1.648540,0.112366,0.832843,0,66.730100,15.600000,3.200000,0.950594
30,-92.350061,1.648540,0.053098,0.000000,15,62.168100,14.700000,2.900000,0.060801
31,-93.817316,0.242823,0.343837,0.709688,38,42.512400,11.900000,1.800000,0.784409
32,-94.115515,1.376837,0.252918,2.161025,44,28.487800,9.900000,0.800000,0.762607
33,-94.391644,0.085491,0.000000,2.215352,16,38.415700,11.800000,1.500000,1.481840
34,-92.385919,2.313673,0.184266,1.200460,23,73.694800,16.900000,3.600000,1.846680
35,-91.899357,2.313673,0.000000,0.987957,13,89.067000,18.000000,4.600000,1.511950
36,-91.979616,2.313673,0.184266,0.987957,27,95.069600,18.900000,5.000000,1.457190
37,-87.905205,1.648540,0.053098,0.442538,12,179.339000,23.300000,10.900000,1.106660
38,-94.277758,0.085491,0.000000,2.402499,18,43.127500,12.500000,1.800000,1.825790
39,-94.569752,1.265610,0.000000,0.546007,0,16.735400,6.800000,0.100000,0.023578
40,-94.793468,0.242823,0.291542,2.171722,43,16.576900,5.300000,0.100000,0.195908
41,-92.526875,1.648540,0.112366,0.753776,3,71.526300,16.600000,3.500000,1.217480
42,-88.067033,2.624643,0.000000,0.585037,7,166.722000,22.700000,10.100000,1.180530
43,-90.833804,2.624643,0.258363,0.730916,15,106.885000,19.100000,5.700000,1.649370
44,-93.237559,0.242823,0.301201,0.738286,45,79.949000,17.800000,4.200000,1.379890
45,-86.753912,1.648540,0.053098,0.327177,13,186.331000,23.500000,11.400000,0.866655
46,-93.067119,1.648540,0.059440,0.917663,1,62.090200,14.500000,2.900000,0.898595
47,-92.812670,1.648540,0.310764,0.917663,0,67.973600,15.800000,3.300000,1.401850
48,-94.768521,0.242823,0.000000,0.713167,41,22.634100,8.700000,0.500000,0.156746
49,-94.630382,1.376837,0.021985,2.161025,39,23.656300,9.000000,0.500000,0.305762
50,-92.925501,0.242823,0.000000,0.730579,40,63.709300,14.800000,3.100000,0.455100
51,-93.493989,1.648540,0.112366,0.832843,0,47.952500,13.100000,2.000000,0.724197
52,-90.405244,1.648540,0.645612,0.442538,9,109.918000,19.300000,6.000000,1.805430
53,-88.048493,1.648540,0.059440,0.442538,10,146.959000,22.100000,8.800000,0.887464
54,-92.478639,2.313673,0.184266,0.987957,28,79.921600,17.700000,4.000000,1.403290
55,-94.452086,0.085491,0.665418,2.356595,23,35.473200,11.100000,1.300000,1.660090
56,-94.914578,0.085491,0.000000,4.353394,25,22.570600,8.500000,0.500000,0.871121
57,-71.525935,2.034572,0.822722,1.547971,0,11.331200,3.800000,3.300000,0.794805
58,-71.695972,2.034572,0.822722,1.720995,0,12.460400,2.800000,2.800000,1.331860
59,-94.740459,0.242823,0.180398,0.713167,28,30.655100,10.100000,1.000000,0.462295
60,-87.922431,1.648540,0.059440,0.442538,10,158.241000,22.600000,9.500000,0.906558
61,-94.926454,0.085491,0.000000,2.473560,21,17.629600,7.500000,0.200000,0.318035
62,-94.917302,0.085491,0.000000,4.353394,25,19.146400,7.700000,0.300000,0.442407
64,-94.925718,0.085491,0.622233,2.473560,15,17.921200,7.600000,0.200000,0.204103
