[INFO][8] Cantidad de iteraciones: 3000
[INFO][6] Cantidad de iteraciones: 3000
[INFO][7] Cantidad de iteraciones: 3000
[INFO][1] Cantidad de iteraciones: 3000
[INFO][3] Cantidad de iteraciones: 3000
[INFO][5] Cantidad de iteraciones: 3000
[INFO][2] Cantidad de iteraciones: 3000
[INFO][4] Cantidad de iteraciones: 3000

id,borders_threshold,margin_forwarding,min_delay,max_delay,neighbors_threshold,energy,coverage,nforwardings,time
0,-93.826649,0.524687,0.000000,1.481797,23,50.745600,13.200000,2.200000,1.233330
1,-70.368312,1.628082,0.493464,2.100735,2,6.236010,2.500000,2.400000,1.105320
2,-93.018918,1.877658,0.254507,0.948943,1,64.854700,15.500000,3.100000,1.243620
3,-94.587854,0.524687,0.354463,0.464148,0,16.232800,6.800000,0.100000,0.040830
4,-90.937239,1.254933,0.430021,0.870851,27,128.668000,20.500000,7.200000,1.833280
5,-93.213205,1.877658,0.000000,0.948943,16,58.976800,14.000000,2.700000,0.718809
6,-92.932518,0.524687,0.347973,0.722723,11,76.703600,16.800000,4.000000,1.462620
7,-75.412380,0.060788,0.000000,2.350890,2,9.473760,2.500000,2.200000,0.730709
8,-95.000000,0.059180,0.877168,4.515035,3,14.815000,4.800000,0.000000,0.000736
9,-94.412962,1.188804,0.529684,1.032937,35,18.300400,7.600000,0.200000,0.133289
10,-77.895802,0.060788,1.000000,3.819171,0,6.978280,1.800000,1.400000,1.085680
11,-94.559333,0.524687,0.018132,1.205253,11,17.673600,6.900000,0.200000,0.100731
12,-92.384856,1.662476,0.258536,3.112056,40,81.451400,17.700000,4.100000,4.160460
13,-93.598001,1.229515,0.774661,3.024775,7,56.992300,13.600000,2.600000,3.277970
14,-94.139426,0.524687,0.354463,0.492213,0,41.049700,11.600000,1.600000,0.597717
15,-94.583424,1.268622,0.641378,4.800380,47,27.232400,9.800000,0.700000,1.628240
16,-91.411872,1.877658,0.184674,0.948943,10,106.223000,19.000000,5.700000,1.908090
17,-93.926508,1.268622,0.577228,1.522612,46,38.070000,10.900000,1.400000,1.227100
18,-94.572380,0.652462,1.000000,3.279517,29,23.415500,8.300000,0.500000,0.870486
19,-75.386550,2.593589,0.319608,2.343674,43,328.308000,24.000000,21.200000,4.521140
20,-92.721409,0.524687,0.000000,1.205253,17,60.892800,14.800000,2.900000,1.018580
21,-91.006038,1.268622,0.000000,0.666397,43,107.284000,19.900000,5.800000,0.906735
22,-74.154334,1.628082,0.000000,1.994295,0,9.507610,3.100000,3.100000,1.121350
23,-91.432135,1.268622,0.428543,0.588502,39,97.739300,18.500000,5.200000,1.758900
24,-87.842606,0.524687,0.000000,0.382638,35,179.197000,23.900000,11.500000,0.634416
25,-92.739844,1.254933,0.430021,0.768901,32,82.291400,17.800000,4.200000,1.725810
26,-88.846612,0.524687,0.000000,0.382638,9,150.949000,20.900000,9.000000,0.445229
27,-90.745171,1.268622,0.000000,0.666397,46,132.677000,20.700000,7.600000,0.959887
28,-74.486055,1.628082,0.317651,3.029174,0,4.062630,2.600000,2.500000,0.986941
29,-70.000000,1.628082,0.000000,1.898551,0,3.220080,2.100000,2.000000,0.477109
30,-73.733200,1.628082,0.493464,1.898551,2,6.020660,1.900000,1.800000,0.636813
31,-91.454594,1.628082,0.000000,0.999980,5,99.384400,18.800000,5.300000,1.505680
32,-73.479593,0.060788,1.000000,1.617124,1,2.723220,0.800000,0.800000,0.234180
34,-72.203169,1.628082,1.000000,3.097686,0,11.906900,3.400000,3.000000,1.894220
35,-71.407221,1.628082,0.366289,3.386810,0,11.651600,3.100000,2.900000,1.407580
36,-94.282569,0.524687,0.354463,0.441698,0,41.138400,11.900000,1.600000,0.563495
37,-87.721156,0.524687,0.000000,0.382638,12,175.762000,23.600000,11.200000,0.655145
38,-94.361956,1.229515,0.338508,3.024775,0,22.296800,8.100000,0.700000,1.162230
39,-74.034860,1.628082,0.317651,3.029174,2,8.780490,2.200000,1.900000,0.818310
40,-94.622187,1.268622,0.641378,4.300896,48,23.632000,9.000000,0.500000,0.878245
41,-93.178288,0.524687,0.132727,0.000000,8,68.815400,15.700000,3.400000,0.158509
42,-72.438900,1.628082,0.886329,2.100735,0,9.188670,3.000000,2.700000,1.481320
43,-91.861652,0.524687,0.354463,0.382638,3,94.736100,18.500000,5.300000,1.068850
44,-94.196615,0.524687,0.354463,0.441698,0,41.075200,11.800000,1.600000,0.563495
45,-92.080426,1.877658,0.000000,0.948943,17,98.338500,18.600000,5.200000,1.464140
46,-92.983728,1.254933,0.430021,0.768901,32,64.846000,14.900000,3.100000,1.115120
47,-94.060534,0.524687,0.086024,0.441698,6,38.013400,10.900000,1.500000,0.336615
48,-92.052787,0.524687,0.000000,0.304065,10,97.672700,18.700000,5.300000,0.454053
49,-94.198628,1.268622,0.806044,1.522612,48,35.104700,10.200000,1.200000,1.202870
50,-73.314747,1.628082,0.493464,2.513318,1,10.774600,3.000000,2.600000,1.289700
51,-92.479460,0.524687,0.196380,0.382638,15,89.899600,18.000000,4.800000,0.815622
52,-74.449772,1.628082,0.000000,3.386810,0,8.490980,2.700000,2.600000,1.197060
53,-74.778055,0.060788,0.000000,2.954833,0,9.348210,2.000000,1.600000,1.459180
54,-94.421295,0.524687,0.354463,0.464148,0,34.518100,10.700000,1.300000,0.408506
55,-77.954957,0.060788,0.000000,2.764445,0,12.253900,3.200000,2.500000,1.483390
56,-94.091379,1.877658,0.010838,1.971169,26,28.587900,9.900000,0.800000,0.609143
57,-72.865857,1.628082,0.493464,3.029174,0,12.546900,3.300000,2.900000,1.995130
58,-92.570463,0.524687,0.000000,0.382638,10,74.252800,16.400000,3.800000,0.523273
59,-94.046465,0.524687,0.354463,0.492213,0,43.848700,12.200000,1.800000,0.671433
60,-94.384311,0.524687,0.344471,0.000000,0,45.542600,13.000000,1.900000,0.335682
61,-78.432478,0.060788,0.000000,2.954833,1,10.740900,2.700000,2.100000,1.355350
62,-70.000000,1.628082,0.366289,4.040661,0,3.509540,2.600000,2.600000,1.215480
63,-88.964777,0.524687,0.196380,0.382638,8,141.823000,20.800000,8.500000,0.763283
64,-89.499256,1.268622,0.335983,0.666397,48,151.049000,21.000000,8.700000,1.529330
65,-75.788493,0.060788,0.000000,2.350890,0,6.158700,2.000000,1.800000,1.342350
66,-71.739317,1.628082,0.000000,1.898551,0,4.698890,2.100000,1.900000,0.477109
67,-73.741860,1.628082,0.830342,1.994295,0,5.182920,2.800000,2.800000,1.083440
68,-74.499304,0.060788,0.067401,2.764445,2,0.302912,1.900000,1.900000,0.879332
69,-92.775465,0.524687,0.000000,1.205253,17,60.830700,14.600000,2.900000,1.018680
70,-92.355030,0.524687,0.380019,0.394079,8,92.070200,18.300000,4.900000,1.165700
71,-94.417976,1.268622,0.641378,4.800380,49,30.439100,10.000000,0.900000,1.550820
72,-92.907435,0.524687,0.000000,0.339918,5,81.335600,17.500000,4.200000,0.328348
73,-74.468399,1.628082,0.317651,2.783621,1,8.376060,2.800000,2.700000,1.094320
74,-94.618032,1.268622,0.641378,4.800380,48,25.334700,9.600000,0.600000,1.402710
75,-78.413963,0.060788,1.000000,3.819171,0,14.614400,2.900000,2.100000,1.853650
76,-73.444975,1.628082,0.000000,3.779738,2,8.058070,2.600000,2.400000,1.682780
77,-70.000000,1.628082,0.000000,3.779738,0,1.029150,2.300000,2.200000,1.418250
78,-91.415915,1.877658,0.184674,0.948943,22,104.693000,18.900000,5.600000,1.844840
79,-70.000000,1.628082,0.493464,3.386810,0,3.064000,2.900000,2.900000,1.842360
80,-92.482091,0.524687,0.146441,0.505804,16,76.230900,16.500000,3.900000,0.927161
81,-87.832902,0.524687,0.196380,0.000000,20,147.647000,21.300000,9.200000,0.384401
82,-75.981914,1.352154,0.306727,0.000000,30,320.212000,24.000000,21.400000,0.431560
83,-71.687729,1.628082,0.317651,3.029174,0,2.432510,1.800000,1.800000,0.931625
84,-78.261247,0.060788,0.067401,2.571802,0,9.928250,2.100000,1.800000,1.024540
85,-87.989829,1.628082,0.000000,0.684227,19,152.289000,21.900000,9.300000,1.076980
86,-94.943232,0.059180,1.000000,5.000000,0,19.077000,7.700000,0.300000,0.706572
87,-92.513947,0.524687,0.344471,0.382638,6,76.872900,17.000000,4.000000,1.053200
88,-92.520477,0.524687,0.344471,0.382638,7,71.188200,16.100000,3.600000,0.910224
89,-90.888109,1.268622,0.000000,0.666397,46,110.080000,20.300000,6.000000,0.957780
90,-74.175082,0.060788,1.000000,3.691155,1,0.828374,1.500000,1.500000,1.009490
91,-94.123266,0.524687,0.354463,0.000000,0,39.065600,11.500000,1.500000,0.273516
92,-70.000000,1.628082,1.000000,2.783621,0,0.212528,2.700000,2.700000,1.605700
93,-76.019320,0.060788,0.000000,3.709270,0,5.602550,1.500000,1.300000,1.293710
94,-94.075315,0.524687,0.191024,0.897651,2,38.681000,11.000000,1.500000,0.697427
95,-94.089788,0.524687,0.344471,0.382638,1,43.945900,12.500000,1.800000,0.620376
96,-70.462473,0.060788,0.412005,3.819171,0,1.389490,1.300000,1.300000,0.349441
97,-71.180061,1.628082,0.493464,2.513318,0,6.022930,3.000000,2.800000,1.363690
98,-74.079099,0.060788,1.000000,3.691155,1,0.155307,1.400000,1.400000,0.701834
99,-87.867805,0.524687,0.196380,0.382638,20,168.777000,23.000000,10.500000,1.168580
