[INFO][8] Cantidad de iteraciones: 3000
[INFO][4] Cantidad de iteraciones: 3000
[INFO][5] Cantidad de iteraciones: 3000
[INFO][2] Cantidad de iteraciones: 3000
[INFO][6] Cantidad de iteraciones: 3000
[INFO][7] Cantidad de iteraciones: 3000
[INFO][1] Cantidad de iteraciones: 3000
[INFO][3] Cantidad de iteraciones: 3000

id,borders_threshold,margin_forwarding,min_delay,max_delay,neighbors_threshold,energy,coverage,nforwardings,time
0,-94.225005,2.019083,0.382377,3.077670,26,22.377500,8.100000,0.700000,1.011560
1,-91.332715,0.492033,0.000000,0.643846,13,108.723000,20.000000,6.000000,0.863892
2,-75.223753,2.273149,0.941719,0.000000,37,316.890000,24.000000,21.000000,1.258150
3,-94.768934,0.233856,0.730638,1.899608,17,25.812400,9.200000,0.700000,0.794667
4,-93.002522,1.920523,0.031214,0.473462,0,70.239100,15.800000,3.400000,0.494557
5,-86.569622,2.466106,0.835263,3.500495,49,178.785000,22.800000,10.700000,6.725780
6,-92.569964,0.492033,0.000000,0.327828,21,74.185900,16.400000,3.800000,0.418981
7,-84.085264,0.492033,0.374072,0.240388,39,219.437000,23.700000,14.500000,1.219620
8,-91.824416,0.887727,0.216096,0.284175,34,96.118600,18.700000,5.100000,0.755423
9,-92.967297,1.920523,0.031214,0.473462,0,78.040300,16.800000,3.900000,0.641112
10,-94.560175,0.911329,1.000000,4.308499,2,25.257500,8.700000,0.600000,1.180950
11,-94.741006,0.233856,1.000000,1.899608,14,30.208200,9.500000,1.000000,1.382760
12,-94.601534,0.492033,0.784947,0.000000,28,16.209900,6.800000,0.100000,0.046573
13,-94.366352,0.233856,0.937576,1.467722,0,39.179200,11.800000,1.600000,1.852430
14,-94.527283,0.233856,0.937576,1.167929,1,44.987100,13.000000,1.900000,1.782790
15,-78.060474,0.492033,0.374072,1.293819,35,281.573000,23.900000,19.200000,2.884410
16,-93.548651,1.443509,0.371456,0.786383,33,37.556200,11.000000,1.400000,0.675292
17,-91.508106,0.492033,0.000000,1.293819,24,98.870600,18.900000,5.500000,1.763490
18,-93.797595,1.920523,0.197874,0.000000,0,39.981200,11.700000,1.500000,0.137556
19,-91.087583,0.492033,0.000000,0.394194,6,123.106000,20.100000,7.100000,0.673190
20,-94.445636,0.887727,0.233466,0.284175,48,18.128100,7.600000,0.200000,0.050244
21,-94.658667,0.233856,0.937576,1.167395,0,34.357000,10.600000,1.200000,1.137180
22,-73.463478,2.273149,0.941719,1.667175,39,317.431000,24.000000,20.900000,4.636600
23,-92.752552,1.920523,0.173506,0.992222,0,92.469200,18.600000,4.800000,1.870580
24,-92.174775,1.443509,0.339766,0.018064,26,90.402800,17.900000,4.700000,0.421796
25,-92.183535,0.492033,0.000000,1.226289,20,90.616300,18.000000,4.800000,1.730690
26,-95.000000,0.233856,0.760292,1.899608,20,14.967700,4.800000,0.000000,0.000736
27,-89.428631,0.887727,0.216096,0.284175,39,151.294000,21.600000,8.800000,0.805682
28,-94.573012,0.492033,0.041055,1.293819,24,17.647400,6.900000,0.200000,0.110636
29,-94.244358,0.233856,0.657450,0.000000,0,39.059500,11.200000,1.600000,0.374797
30,-92.456267,1.443509,0.339766,0.633110,31,79.269500,17.200000,4.000000,1.190760
31,-92.640819,1.920523,0.173506,0.992222,0,72.803900,15.900000,3.600000,1.389340
32,-87.807362,0.492033,0.000000,1.143791,28,154.434000,21.700000,9.700000,1.971880
33,-94.457056,0.492033,0.100314,0.916173,6,34.482200,10.700000,1.300000,0.528900
34,-93.054114,0.492033,0.000000,0.168890,12,69.037600,15.600000,3.400000,0.181204
35,-93.543539,1.443509,0.371456,0.786383,33,39.802700,11.100000,1.500000,0.736895
36,-91.678177,0.492033,0.000000,0.764040,12,108.426000,19.200000,6.000000,1.238310
37,-94.135035,0.887727,0.131586,0.284175,47,28.337100,9.400000,0.800000,0.139819
38,-94.494930,0.492033,0.100314,1.048941,6,32.796700,9.900000,1.200000,0.645382
39,-87.561780,0.492033,0.000000,0.378263,20,179.198000,23.400000,11.400000,0.611589
40,-92.584390,1.920523,0.173506,0.992222,0,87.394000,17.800000,4.500000,1.792760
41,-94.434405,0.492033,0.100800,0.877577,1,42.733400,12.600000,1.700000,0.672646
42,-92.989066,0.492033,0.000000,0.643846,11,64.351800,15.200000,3.100000,0.543619
43,-92.446262,1.920523,0.173506,0.992222,1,81.004600,17.500000,4.100000,1.648780
44,-92.239099,1.443509,0.634775,0.710000,28,79.750200,17.400000,4.100000,1.681160
45,-91.910531,1.443509,0.371456,0.214691,38,101.178000,18.900000,5.400000,0.921631
46,-94.538348,0.492033,0.041055,1.293819,26,22.469800,8.600000,0.500000,0.260149
47,-94.165010,0.887727,0.187772,0.284175,47,26.750000,9.300000,0.700000,0.140947
48,-92.428564,0.492033,0.287370,0.643846,12,72.529900,16.100000,3.700000,1.159200
49,-94.759001,0.233856,1.000000,1.802371,6,25.782800,9.000000,0.700000,0.953210
50,-92.803870,0.887727,0.216096,0.284175,25,82.134900,17.600000,4.300000,0.705108
51,-87.317957,0.492033,0.000000,1.143791,28,164.644000,22.200000,10.300000,1.718280
52,-89.031681,0.492033,0.000000,0.378263,17,150.874000,20.900000,9.000000,0.440169
53,-90.219513,0.492033,0.000000,0.643846,10,134.931000,20.700000,7.900000,1.029060
54,-93.876563,0.492033,0.000000,1.486181,8,50.697100,13.200000,2.200000,1.236940
55,-94.556056,0.492033,0.000000,0.556061,12,19.304600,7.700000,0.300000,0.052086
56,-92.899349,0.887727,0.216096,0.284175,32,90.883400,18.400000,4.800000,0.710882
57,-93.466149,1.920523,0.091489,1.254827,0,51.195700,13.300000,2.200000,1.359750
58,-94.370151,0.233856,0.937576,1.352005,0,40.427900,12.000000,1.600000,1.592590
59,-92.685727,0.492033,0.000000,1.229757,16,60.867400,15.100000,2.900000,0.965319
60,-92.496482,0.492033,0.000000,0.643846,11,76.148700,16.500000,3.900000,0.882597
61,-94.500271,0.887727,0.031439,0.203073,45,25.388500,8.800000,0.600000,0.052897
62,-93.510822,1.920523,0.202482,0.992222,0,52.797700,14.200000,2.300000,1.012720
63,-93.010587,1.920523,0.197874,0.992222,0,64.880600,15.500000,3.100000,1.125600
64,-90.195390,0.492033,0.000000,1.262707,14,125.590000,20.400000,7.200000,1.689450
