[INFO][1] Cantidad de iteraciones: 3000
[INFO][7] Cantidad de iteraciones: 3000
[INFO][3] Cantidad de iteraciones: 3000
[INFO][4] Cantidad de iteraciones: 3000
[INFO][6] Cantidad de iteraciones: 3000
[INFO][5] Cantidad de iteraciones: 3000
[INFO][8] Cantidad de iteraciones: 3000
[INFO][2] Cantidad de iteraciones: 3000

id,borders_threshold,margin_forwarding,min_delay,max_delay,neighbors_threshold,energy,coverage,nforwardings,time
0,-94.152628,1.311621,0.698168,1.861769,0,38.187100,21.200000,1.400000,1.191420
1,-94.563625,0.556502,0.401759,4.008935,43,23.438700,15.400000,0.500000,1.137690
2,-94.665487,0.556502,0.398971,3.281112,35,20.194600,13.800000,0.300000,0.210216
4,-93.653272,1.818741,0.295374,0.533666,22,96.123600,40.200000,5.000000,1.214040
5,-93.140125,1.628772,0.000000,0.703222,37,112.077000,41.900000,6.000000,1.115460
6,-70.660806,1.737827,0.000000,0.937804,7,6.782690,4.600000,4.100000,0.569464
7,-94.820578,0.556502,0.398971,3.281112,45,18.592500,13.400000,0.200000,0.104028
8,-93.510181,1.818741,0.071918,1.160083,4,54.311400,26.800000,2.400000,0.990971
9,-93.986654,1.818741,0.561265,0.279075,18,73.694800,33.800000,3.600000,0.947554
10,-92.827174,1.818741,0.858780,0.045184,13,116.950000,43.500000,6.300000,1.388080
11,-93.942110,1.311621,0.742116,0.397631,0,65.684500,31.100000,3.100000,1.236140
12,-70.000000,1.737827,1.000000,1.811034,5,1.157150,3.700000,3.500000,1.527230
13,-72.674246,1.737827,1.000000,1.811034,4,2.197050,4.500000,4.200000,1.761920
14,-71.787893,1.737827,0.417960,0.000000,8,11.051500,6.800000,6.300000,0.331183
15,-94.022257,1.311621,0.206415,1.861769,4,46.459700,25.900000,1.900000,1.673410
16,-93.678250,1.818741,0.295374,0.533666,21,88.113300,38.000000,4.500000,1.174690
17,-71.550473,1.737827,1.000000,0.000000,8,12.692600,7.000000,6.400000,0.722269
18,-70.123489,1.737827,0.417960,0.346045,2,2.967530,4.100000,4.000000,0.580934
19,-94.558756,1.906751,0.118499,4.186915,44,23.859000,16.000000,0.500000,1.100190
20,-91.769681,1.818741,0.263165,0.529661,31,161.584000,48.200000,9.100000,1.283160
21,-94.098367,1.628772,0.093984,0.703222,29,40.047600,25.300000,1.500000,0.377802
22,-94.074769,1.628772,0.000000,0.330446,28,38.282400,21.800000,1.400000,0.180848
23,-92.960129,1.628772,0.005163,0.307461,30,120.080000,44.900000,6.500000,0.493513
24,-94.390104,1.311621,0.000000,1.861769,1,26.993700,16.600000,0.700000,0.344315
25,-72.485339,1.737827,1.000000,1.811034,4,0.846715,3.100000,2.700000,1.732200
26,-94.158754,1.311621,0.142766,1.861769,4,36.713100,20.900000,1.300000,0.563533
27,-93.036851,1.628772,0.000000,0.137483,21,116.815000,43.300000,6.300000,0.193106
28,-92.950287,1.628772,0.005163,0.307461,30,123.284000,45.100000,6.700000,0.529035
29,-95.000000,0.556502,0.401759,4.008935,50,15.388400,11.000000,0.000000,0.000737
30,-93.493926,1.628772,0.000000,0.503215,8,92.802600,38.600000,4.800000,0.740174
31,-93.579829,1.818741,0.295374,0.533666,19,99.327700,40.800000,5.200000,1.172140
32,-90.186163,1.628772,0.000000,0.339541,26,180.397000,49.000000,10.300000,0.525027
33,-93.880674,1.818741,0.561265,0.279075,19,72.092700,33.100000,3.500000,0.906238
34,-93.493875,1.311621,0.166529,1.861769,2,70.235900,31.200000,3.400000,1.903300
35,-70.000000,1.737827,1.000000,2.612112,0,0.089204,3.200000,3.100000,1.864870
36,-92.647530,1.737827,1.000000,0.000000,25,129.298000,45.500000,7.100000,1.454230
37,-94.064378,1.628772,0.000000,0.220447,31,48.061800,26.000000,2.000000,0.159584
38,-71.738842,1.737827,0.417960,0.323685,7,10.430800,6.700000,6.500000,0.997076
39,-94.548566,0.556502,0.398971,3.281112,44,21.883400,14.800000,0.400000,1.036240
40,-73.415637,1.737827,0.000000,0.937804,7,11.384700,6.100000,5.500000,0.951034
41,-91.526307,1.628772,0.073946,0.703222,29,170.602000,48.900000,9.700000,1.050350
42,-94.012968,1.818741,0.071918,1.160083,0,54.470000,28.200000,2.400000,1.100890
43,-93.858201,1.818741,1.000000,0.093407,10,81.705100,37.200000,4.100000,1.388650
44,-91.975259,1.818741,0.000000,0.741210,18,148.522000,47.900000,8.300000,0.957340
45,-93.944281,1.818741,0.561265,0.045184,21,57.674200,28.500000,2.600000,0.491448
46,-74.149514,1.737827,0.000000,1.811034,4,1.613610,4.700000,4.500000,1.582160
47,-94.165633,1.818741,1.000000,0.219865,15,35.245300,20.300000,1.200000,0.482463
48,-71.485592,1.737827,0.000000,0.937804,7,7.558540,4.700000,4.200000,0.569464
49,-93.590013,1.818741,0.178724,0.991106,19,81.443300,36.100000,4.100000,1.289610
50,-93.793394,1.628772,0.000000,1.283008,28,62.430000,29.100000,2.900000,1.208120
51,-70.000000,1.737827,0.417960,0.000000,4,1.064620,3.700000,3.600000,0.252648
52,-73.639384,1.737827,1.000000,0.151998,1,2.579260,5.500000,5.100000,1.306510
53,-93.936272,1.628772,0.253055,0.686245,22,62.480300,30.000000,2.900000,0.836294
54,-73.989121,1.737827,0.304704,1.781551,0,3.072080,5.000000,4.600000,1.925810
55,-93.914492,1.628772,0.000000,0.330446,31,51.265900,26.600000,2.200000,0.316134
56,-94.858385,0.556502,0.000000,0.000000,41,16.878700,11.400000,0.100000,0.000814
57,-70.000000,1.737827,0.000000,1.811034,6,8.276680,4.900000,4.300000,1.238760
58,-73.863243,1.737827,1.000000,0.346045,0,3.086910,4.800000,4.400000,1.046950
59,-93.821979,1.311621,0.206415,0.000000,2,70.469400,32.600000,3.400000,0.190872
60,-94.562214,1.311621,0.380868,0.000000,0,28.643300,18.000000,0.800000,0.092002
61,-94.572401,1.628772,0.005163,0.000000,32,25.633000,16.300000,0.600000,0.002184
62,-91.697493,1.818741,0.347211,0.042361,29,165.741000,48.500000,9.400000,0.583383
63,-93.623909,1.628772,0.000000,1.303764,31,78.418500,35.100000,3.900000,1.580930
64,-94.562130,1.311621,0.000000,1.859699,0,25.391600,16.200000,0.600000,0.325555
65,-92.783500,1.818741,0.858780,0.045184,14,136.136000,46.800000,7.500000,1.380480
66,-70.000000,1.737827,0.997189,0.000000,8,0.199564,4.600000,4.400000,0.770265
67,-94.070878,1.737827,1.000000,0.000000,0,59.145000,28.700000,2.700000,1.030810
68,-70.000000,1.737827,0.000000,0.000000,8,13.632100,7.600000,7.400000,0.002508
69,-74.025318,1.737827,0.170255,1.781551,1,3.823460,5.100000,4.500000,1.814110
70,-93.033854,1.628772,0.000000,0.536041,31,115.283000,42.900000,6.200000,0.870636
71,-75.375156,1.737827,1.000000,1.811034,0,6.823530,3.800000,3.400000,1.782870
72,-93.835467,1.311621,0.166529,0.000000,0,76.898900,34.600000,3.800000,0.163985
73,-70.511334,1.737827,0.000000,0.000000,3,0.243345,3.800000,3.700000,0.002023
74,-75.333595,1.737827,0.000000,0.000000,4,8.739910,7.200000,6.800000,0.002971
75,-94.081827,1.311621,0.395093,0.000000,0,40.035200,23.400000,1.500000,0.193318
76,-94.165153,1.818741,0.987570,0.045184,7,33.643300,19.700000,1.100000,0.387842
77,-93.904427,1.628772,0.317693,0.192971,33,80.103000,35.200000,4.000000,0.703617
78,-74.959965,1.737827,0.997189,0.525124,4,10.698900,5.700000,5.100000,1.705840
79,-94.485831,1.311621,0.630956,0.397631,0,30.245300,19.200000,0.900000,0.452882
80,-94.144627,1.311621,0.142766,1.861769,3,38.449400,22.900000,1.400000,0.926741
81,-74.327353,1.737827,0.000000,1.811034,3,4.808970,6.500000,6.100000,1.974640
82,-72.626357,1.737827,0.000000,1.781551,2,4.460160,4.400000,4.100000,1.241060
83,-92.716572,1.818741,1.000000,0.219865,11,144.104000,47.200000,8.000000,1.727340
84,-71.965393,1.737827,0.997189,0.525124,6,10.217500,6.400000,5.800000,1.286920
85,-71.590587,1.737827,0.603491,0.323685,5,2.879220,4.200000,4.100000,0.777969
86,-93.124176,1.737827,0.603491,0.000000,12,112.094000,42.400000,6.000000,0.887456
87,-93.850410,1.628772,0.000000,0.330446,30,49.663900,26.400000,2.100000,0.322368
88,-94.583324,1.628772,1.000000,0.536041,31,24.030900,16.100000,0.500000,0.272086
89,-70.000000,1.737827,0.997189,0.525124,8,4.574660,6.300000,6.100000,1.486160
90,-71.351153,1.737827,0.000000,0.913405,7,7.643060,6.500000,6.000000,1.121290
91,-74.113566,1.737827,1.000000,0.151998,1,4.391120,5.400000,4.900000,0.972114
92,-74.959159,1.737827,0.000000,0.000000,4,7.468720,5.900000,5.400000,0.002323
93,-74.447617,1.737827,1.000000,1.811034,0,7.558000,4.300000,3.700000,1.914440
94,-94.584125,1.737827,0.417960,0.000000,0,28.685900,18.300000,0.800000,0.154701
95,-73.904317,1.737827,0.313017,1.811034,3,3.636560,4.900000,4.500000,1.993110
96,-93.602029,1.628772,0.005163,0.307461,26,73.686300,33.200000,3.600000,0.359841
97,-73.455227,1.737827,0.938641,0.525124,3,3.080760,3.500000,3.200000,0.888284
98,-73.689842,1.737827,0.000000,1.332684,0,13.925500,7.400000,6.800000,1.899310
99,-73.900644,1.737827,0.000000,1.781551,1,4.387790,5.300000,4.800000,1.823570
