++ cd /home/clusterusers/siturriaga/itu-maestria/trunk/aedb-mls
++ ITERATIONS=250
++ THREADS=12
++ INSTANCE=50
++ SIMULS=10
++ export LD_LIBRARY_PATH=:/home/clusterusers/siturriaga/ns3Files
++ LD_LIBRARY_PATH=:/home/clusterusers/siturriaga/ns3Files
++ /home/users/siturriaga/bin/mpich2-1.4.1p1/bin/mpiexec -launcher ssh -launcher-exec oarsh -f /var/lib/oar/2643574 -np 9 -ppn 1 bin/mls.rand_elite 1113 250 12 10 50
[DEBUG] argc = 6
===========================================================
Configuración
===========================================================
   Random seed        = 1113
   MPI size           = 9
   MLS.count_threads  = 12
   MLS.max_iterations = 250
   MLS.number_devices = 50
   MLS.simul_runs     = 10
   MLS.init           = MLS__RANDOM
===========================================================
[DEBUG] argc = 6
[DEBUG] argc = 6
[DEBUG] argc = 6
[DEBUG] argc = 6
[DEBUG] argc = 6
[DEBUG] argc = 6
[DEBUG] argc = 6
[DEBUG] argc = 6
[DEBUG][4] Thread 0 starting solution:
-> borders_threshold   : -85.9598
   margin_forwarding   : 0.6522
   min_delay           : 0.7228
   max_delay           : 0.2037
   neighbors_threshold : 29
   energy              : 295.2800
   coverage            : 48.9000
   nforwardings        : 17.8000
   time                : 1.4138
[DEBUG][2] Thread 0 starting solution:
-> borders_threshold   : -75.0191
   margin_forwarding   : 0.2376
   min_delay           : 0.0660
   max_delay           : 2.1992
   neighbors_threshold : 40
   energy              : 587.0980
   coverage            : 49.0000
   nforwardings        : 37.6000
   time                : 2.5062
[DEBUG][3] Thread 0 starting solution:
-> borders_threshold   : -74.5318
   margin_forwarding   : 2.0974
   min_delay           : 0.9920
   max_delay           : 2.7116
   neighbors_threshold : 43
   energy              : 569.1080
   coverage            : 49.0000
   nforwardings        : 35.0000
   time                : 4.7039
[DEBUG][5] Thread 0 starting solution:
-> borders_threshold   : -74.5717
   margin_forwarding   : 0.2000
   min_delay           : 0.3966
   max_delay           : 0.7796
   neighbors_threshold : 22
   energy              : 568.0310
   coverage            : 49.0000
   nforwardings        : 37.3000
   time                : 1.5279
[DEBUG][1] Thread 0 starting solution:
-> borders_threshold   : -74.8892
   margin_forwarding   : 0.1802
   min_delay           : 0.0487
   max_delay           : 4.2315
   neighbors_threshold : 21
   energy              : 567.7390
   coverage            : 49.0000
   nforwardings        : 38.1000
   time                : 3.8920
[INFO][AGA] Kaput!
[INFO] AGA information ============================================ 
[INFO] Population count: 97
[INFO] Population:
(0) borders_threshold   = -92.46
     margin_forwarding   = 1.53
     min_delay           = 0.94
     max_delay           = 0.02
     neighbors_threshold = 13
     energy              = 148.35
     coverage            = 48.00 (0.02)
     nforwardings        = 8.30
     time                = 1.34
0,-92.461993,1.525360,0.944622,0.019427,13,148.352000,48.000000,8.300000,1.340360
(1) borders_threshold   = -75.01
     margin_forwarding   = 1.53
     min_delay           = 0.00
     max_delay           = 0.00
     neighbors_threshold = 1
     energy              = 6.11
     coverage            = 5.90 (0.17)
     nforwardings        = 5.40
     time                = 0.00
1,-75.010325,1.525360,0.000000,0.000000,1,6.108930,5.900000,5.400000,0.002400
(2) borders_threshold   = -94.04
     margin_forwarding   = 0.30
     min_delay           = 1.00
     max_delay           = 0.28
     neighbors_threshold = 38
     energy              = 72.72
     coverage            = 34.90 (0.03)
     nforwardings        = 3.60
     time                = 1.48
2,-94.043909,0.300285,1.000000,0.281489,38,72.715600,34.900000,3.600000,1.482140
(3) borders_threshold   = -94.26
     margin_forwarding   = 0.30
     min_delay           = 0.73
     max_delay           = 0.00
     neighbors_threshold = 46
     energy              = 61.99
     coverage            = 31.90 (0.03)
     nforwardings        = 2.90
     time                = 0.78
3,-94.264575,0.300285,0.730738,0.000000,46,61.985700,31.900000,2.900000,0.777378
(4) borders_threshold   = -70.00
     margin_forwarding   = 1.53
     min_delay           = 0.00
     max_delay           = 0.00
     neighbors_threshold = 4
     energy              = 2.70
     coverage            = 3.40 (0.29)
     nforwardings        = 3.30
     time                = 0.00
4,-70.000000,1.525360,0.000000,0.000000,4,2.700230,3.400000,3.300000,0.001572
(5) borders_threshold   = -70.94
     margin_forwarding   = 1.53
     min_delay           = 0.74
     max_delay           = 0.94
     neighbors_threshold = 5
     energy              = 8.43
     coverage            = 5.20 (0.19)
     nforwardings        = 4.60
     time                = 1.00
5,-70.939095,1.525360,0.741521,0.943459,5,8.434710,5.200000,4.600000,1.000280
(6) borders_threshold   = -94.65
     margin_forwarding   = 0.55
     min_delay           = 0.00
     max_delay           = 1.43
     neighbors_threshold = 44
     energy              = 20.19
     coverage            = 13.80 (0.07)
     nforwardings        = 0.30
     time                = 0.17
6,-94.648315,0.545467,0.000000,1.433572,44,20.190200,13.800000,0.300000,0.167752
(7) borders_threshold   = -94.63
     margin_forwarding   = 0.30
     min_delay           = 0.13
     max_delay           = 0.96
     neighbors_threshold = 0
     energy              = 37.78
     coverage            = 22.50 (0.04)
     nforwardings        = 1.40
     time                = 0.61
7,-94.634939,0.296855,0.125389,0.963700,0,37.784200,22.500000,1.400000,0.607845
(8) borders_threshold   = -94.76
     margin_forwarding   = 0.30
     min_delay           = 0.07
     max_delay           = 1.94
     neighbors_threshold = 0
     energy              = 21.83
     coverage            = 15.20 (0.07)
     nforwardings        = 0.40
     time                = 0.63
8,-94.762241,0.296855,0.065572,1.938149,0,21.825300,15.200000,0.400000,0.630026
(9) borders_threshold   = -94.46
     margin_forwarding   = 0.55
     min_delay           = 0.01
     max_delay           = 1.45
     neighbors_threshold = 42
     energy              = 26.69
     coverage            = 16.60 (0.06)
     nforwardings        = 0.70
     time                = 0.28
9,-94.463626,0.545467,0.007841,1.454318,42,26.694400,16.600000,0.700000,0.280676
(10) borders_threshold   = -92.67
     margin_forwarding   = 1.94
     min_delay           = 0.10
     max_delay           = 0.44
     neighbors_threshold = 5
     energy              = 140.68
     coverage            = 46.80 (0.02)
     nforwardings        = 7.80
     time                = 0.91
10,-92.665325,1.942120,0.097349,0.442070,5,140.678000,46.800000,7.800000,0.911375
(11) borders_threshold   = -94.81
     margin_forwarding   = 0.30
     min_delay           = 0.07
     max_delay           = 1.94
     neighbors_threshold = 0
     energy              = 18.46
     coverage            = 13.40 (0.07)
     nforwardings        = 0.20
     time                = 0.13
11,-94.807267,0.296855,0.065572,1.938149,0,18.461100,13.400000,0.200000,0.129986
(12) borders_threshold   = -92.40
     margin_forwarding   = 1.94
     min_delay           = 0.50
     max_delay           = 0.44
     neighbors_threshold = 5
     energy              = 143.24
     coverage            = 47.80 (0.02)
     nforwardings        = 8.00
     time                = 1.91
12,-92.395389,1.942120,0.500459,0.442070,5,143.243000,47.800000,8.000000,1.906570
(13) borders_threshold   = -94.23
     margin_forwarding   = 0.30
     min_delay           = 0.73
     max_delay           = 0.00
     neighbors_threshold = 41
     energy              = 61.85
     coverage            = 31.30 (0.03)
     nforwardings        = 2.90
     time                = 0.74
13,-94.227418,0.300285,0.730738,0.000000,41,61.846700,31.300000,2.900000,0.735779
(14) borders_threshold   = -90.11
     margin_forwarding   = 0.55
     min_delay           = 0.16
     max_delay           = 0.00
     neighbors_threshold = 50
     energy              = 198.29
     coverage            = 49.00 (0.02)
     nforwardings        = 11.70
     time                = 0.20
14,-90.114981,0.545467,0.161285,0.000000,50,198.288000,49.000000,11.700000,0.201209
(15) borders_threshold   = -70.00
     margin_forwarding   = 1.53
     min_delay           = 0.00
     max_delay           = 1.04
     neighbors_threshold = 6
     energy              = 0.72
     coverage            = 5.80 (0.17)
     nforwardings        = 5.30
     time                = 1.28
15,-70.000000,1.525360,0.000000,1.035478,6,0.716473,5.800000,5.300000,1.284080
(16) borders_threshold   = -94.49
     margin_forwarding   = 1.01
     min_delay           = 0.94
     max_delay           = 4.79
     neighbors_threshold = 41
     energy              = 23.75
     coverage            = 16.00 (0.06)
     nforwardings        = 0.50
     time                = 1.16
16,-94.487708,1.006029,0.937996,4.792475,41,23.746000,16.000000,0.500000,1.155300
(17) borders_threshold   = -93.03
     margin_forwarding   = 0.62
     min_delay           = 0.25
     max_delay           = 3.24
     neighbors_threshold = 41
     energy              = 109.95
     coverage            = 42.20 (0.02)
     nforwardings        = 5.90
     time                = 4.37
17,-93.027356,0.624890,0.248592,3.244697,41,109.952000,42.200000,5.900000,4.370800
(18) borders_threshold   = -94.85
     margin_forwarding   = 0.30
     min_delay           = 0.07
     max_delay           = 1.94
     neighbors_threshold = 0
     energy              = 18.45
     coverage            = 12.40 (0.08)
     nforwardings        = 0.20
     time                = 0.18
18,-94.851987,0.296855,0.065572,1.938149,0,18.453800,12.400000,0.200000,0.175109
(19) borders_threshold   = -92.65
     margin_forwarding   = 1.53
     min_delay           = 1.00
     max_delay           = 0.00
     neighbors_threshold = 16
     energy              = 137.17
     coverage            = 46.50 (0.02)
     nforwardings        = 7.60
     time                = 1.40
19,-92.654166,1.525360,1.000000,0.000000,16,137.169000,46.500000,7.600000,1.401800
(20) borders_threshold   = -70.72
     margin_forwarding   = 1.53
     min_delay           = 0.00
     max_delay           = 0.94
     neighbors_threshold = 5
     energy              = 4.02
     coverage            = 4.70 (0.21)
     nforwardings        = 4.50
     time                = 0.71
20,-70.719258,1.525360,0.000000,0.943459,5,4.024090,4.700000,4.500000,0.708951
(21) borders_threshold   = -94.40
     margin_forwarding   = 0.30
     min_delay           = 1.00
     max_delay           = 0.00
     neighbors_threshold = 47
     energy              = 47.49
     coverage            = 27.20 (0.04)
     nforwardings        = 2.00
     time                = 0.85
21,-94.398376,0.300285,1.000000,0.000000,47,47.492200,27.200000,2.000000,0.852821
(22) borders_threshold   = -71.66
     margin_forwarding   = 1.53
     min_delay           = 0.02
     max_delay           = 0.00
     neighbors_threshold = 8
     energy              = 2.67
     coverage            = 6.10 (0.16)
     nforwardings        = 5.80
     time                = 0.03
22,-71.663890,1.525360,0.022420,0.000000,8,2.668650,6.100000,5.800000,0.027737
(23) borders_threshold   = -70.00
     margin_forwarding   = 1.53
     min_delay           = 0.74
     max_delay           = 1.04
     neighbors_threshold = 6
     energy              = 11.69
     coverage            = 6.60 (0.15)
     nforwardings        = 5.90
     time                = 1.99
23,-70.000000,1.525360,0.741521,1.035478,6,11.690400,6.600000,5.900000,1.985830
(24) borders_threshold   = -94.68
     margin_forwarding   = 0.30
     min_delay           = 0.93
     max_delay           = 0.53
     neighbors_threshold = 48
     energy              = 41.49
     coverage            = 25.00 (0.04)
     nforwardings        = 1.60
     time                = 0.93
24,-94.677450,0.300285,0.932402,0.534240,48,41.489600,25.000000,1.600000,0.930927
(25) borders_threshold   = -70.89
     margin_forwarding   = 1.53
     min_delay           = 0.74
     max_delay           = 0.00
     neighbors_threshold = 7
     energy              = 0.89
     coverage            = 4.60 (0.22)
     nforwardings        = 4.30
     time                = 0.44
25,-70.886211,1.525360,0.741521,0.000000,7,0.887115,4.600000,4.300000,0.443515
(26) borders_threshold   = -73.51
     margin_forwarding   = 1.53
     min_delay           = 0.74
     max_delay           = 1.04
     neighbors_threshold = 6
     energy              = 11.33
     coverage            = 5.60 (0.18)
     nforwardings        = 5.10
     time                = 1.53
26,-73.514375,1.525360,0.741521,1.035478,6,11.331600,5.600000,5.100000,1.530190
(27) borders_threshold   = -92.43
     margin_forwarding   = 1.94
     min_delay           = 0.50
     max_delay           = 0.44
     neighbors_threshold = 4
     energy              = 141.44
     coverage            = 47.00 (0.02)
     nforwardings        = 7.90
     time                = 1.86
27,-92.428744,1.942120,0.500459,0.442070,4,141.435000,47.000000,7.900000,1.856810
(28) borders_threshold   = -72.83
     margin_forwarding   = 1.53
     min_delay           = 0.74
     max_delay           = 0.62
     neighbors_threshold = 6
     energy              = 15.15
     coverage            = 6.40 (0.16)
     nforwardings        = 5.70
     time                = 1.33
28,-72.827148,1.525360,0.741521,0.618536,6,15.145800,6.400000,5.700000,1.331580
(29) borders_threshold   = -94.95
     margin_forwarding   = 0.30
     min_delay           = 0.07
     max_delay           = 1.25
     neighbors_threshold = 0
     energy              = 15.26
     coverage            = 11.00 (0.09)
     nforwardings        = 0.00
     time                = 0.00
29,-94.946920,0.296855,0.065572,1.251468,0,15.258800,11.000000,0.000000,0.000737
(31) borders_threshold   = -71.34
     margin_forwarding   = 1.53
     min_delay           = 0.74
     max_delay           = 1.04
     neighbors_threshold = 0
     energy              = 1.31
     coverage            = 3.90 (0.26)
     nforwardings        = 3.90
     time                = 1.98
31,-71.339705,1.525360,0.741521,1.035478,0,1.307330,3.900000,3.900000,1.981960
(32) borders_threshold   = -94.64
     margin_forwarding   = 0.30
     min_delay           = 0.64
     max_delay           = 0.51
     neighbors_threshold = 39
     energy              = 36.39
     coverage            = 21.70 (0.05)
     nforwardings        = 1.30
     time                = 0.68
32,-94.639253,0.300285,0.635804,0.509706,39,36.385700,21.700000,1.300000,0.684533
(33) borders_threshold   = -94.35
     margin_forwarding   = 0.30
     min_delay           = 0.07
     max_delay           = 1.94
     neighbors_threshold = 0
     energy              = 51.74
     coverage            = 29.20 (0.03)
     nforwardings        = 2.30
     time                = 1.80
33,-94.346174,0.296855,0.065572,1.938149,0,51.739500,29.200000,2.300000,1.797100
(34) borders_threshold   = -94.50
     margin_forwarding   = 0.55
     min_delay           = 0.01
     max_delay           = 1.45
     neighbors_threshold = 41
     energy              = 25.09
     coverage            = 16.20 (0.06)
     nforwardings        = 0.60
     time                = 0.27
34,-94.502175,0.545467,0.007841,1.454318,41,25.092300,16.200000,0.600000,0.265580
(35) borders_threshold   = -73.94
     margin_forwarding   = 1.53
     min_delay           = 0.00
     max_delay           = 0.26
     neighbors_threshold = 2
     energy              = 4.76
     coverage            = 3.50 (0.29)
     nforwardings        = 3.30
     time                = 0.16
35,-73.943657,1.525360,0.000000,0.260613,2,4.760770,3.500000,3.300000,0.158745
(36) borders_threshold   = -93.45
     margin_forwarding   = 0.55
     min_delay           = 0.94
     max_delay           = 0.00
     neighbors_threshold = 45
     energy              = 110.75
     coverage            = 43.00 (0.02)
     nforwardings        = 6.00
     time                = 1.35
36,-93.446329,0.545467,0.939217,0.000000,45,110.754000,43.000000,6.000000,1.351360
(37) borders_threshold   = -94.77
     margin_forwarding   = 0.30
     min_delay           = 0.00
     max_delay           = 1.94
     neighbors_threshold = 7
     energy              = 20.43
     coverage            = 15.00 (0.07)
     nforwardings        = 0.30
     time                = 0.54
37,-94.770292,0.296855,0.000000,1.938149,7,20.427600,15.000000,0.300000,0.539772
(38) borders_threshold   = -70.34
     margin_forwarding   = 1.53
     min_delay           = 0.74
     max_delay           = 0.00
     neighbors_threshold = 8
     energy              = 13.55
     coverage            = 8.70 (0.11)
     nforwardings        = 7.70
     time                = 0.86
38,-70.340220,1.525360,0.741521,0.000000,8,13.547500,8.700000,7.700000,0.862040
(39) borders_threshold   = -70.32
     margin_forwarding   = 1.53
     min_delay           = 0.00
     max_delay           = 1.04
     neighbors_threshold = 6
     energy              = 0.11
     coverage            = 6.50 (0.15)
     nforwardings        = 6.20
     time                = 1.72
39,-70.320903,1.525360,0.000000,1.035478,6,0.109729,6.500000,6.200000,1.724100
(40) borders_threshold   = -71.23
     margin_forwarding   = 1.53
     min_delay           = 0.74
     max_delay           = 0.00
     neighbors_threshold = 4
     energy              = 2.34
     coverage            = 4.20 (0.24)
     nforwardings        = 4.10
     time                = 0.54
40,-71.225448,1.525360,0.741521,0.000000,4,2.342070,4.200000,4.100000,0.542520
(41) borders_threshold   = -71.73
     margin_forwarding   = 1.53
     min_delay           = 0.80
     max_delay           = 1.04
     neighbors_threshold = 4
     energy              = 0.05
     coverage            = 4.10 (0.24)
     nforwardings        = 4.00
     time                = 1.86
41,-71.734000,1.525360,0.798536,1.035478,4,0.050598,4.100000,4.000000,1.862820
(42) borders_threshold   = -70.54
     margin_forwarding   = 1.53
     min_delay           = 0.74
     max_delay           = 0.00
     neighbors_threshold = 6
     energy              = 3.92
     coverage            = 5.40 (0.19)
     nforwardings        = 4.90
     time                = 0.58
42,-70.537602,1.525360,0.741521,0.000000,6,3.916620,5.400000,4.900000,0.580498
(43) borders_threshold   = -73.39
     margin_forwarding   = 1.53
     min_delay           = 0.74
     max_delay           = 0.94
     neighbors_threshold = 6
     energy              = 7.86
     coverage            = 4.70 (0.21)
     nforwardings        = 4.30
     time                = 1.05
43,-73.392331,1.525360,0.741521,0.943459,6,7.858130,4.700000,4.300000,1.050980
(44) borders_threshold   = -94.52
     margin_forwarding   = 0.55
     min_delay           = 0.31
     max_delay           = 0.00
     neighbors_threshold = 47
     energy              = 28.35
     coverage            = 18.30 (0.05)
     nforwardings        = 0.80
     time                = 0.08
44,-94.519820,0.545467,0.312412,0.000000,47,28.352900,18.300000,0.800000,0.075704
(45) borders_threshold   = -94.70
     margin_forwarding   = 0.30
     min_delay           = 0.13
     max_delay           = 0.96
     neighbors_threshold = 0
     energy              = 28.38
     coverage            = 18.50 (0.05)
     nforwardings        = 0.80
     time                = 0.59
45,-94.699966,0.296855,0.125389,0.963700,0,28.377600,18.500000,0.800000,0.594397
(46) borders_threshold   = -94.70
     margin_forwarding   = 0.30
     min_delay           = 0.07
     max_delay           = 1.94
     neighbors_threshold = 0
     energy              = 23.27
     coverage            = 15.70 (0.06)
     nforwardings        = 0.50
     time                = 0.81
46,-94.701609,0.296855,0.065572,1.938149,0,23.274100,15.700000,0.500000,0.806271
(47) borders_threshold   = -93.98
     margin_forwarding   = 0.55
     min_delay           = 1.00
     max_delay           = 0.06
     neighbors_threshold = 48
     energy              = 86.69
     coverage            = 36.20 (0.03)
     nforwardings        = 4.50
     time                = 1.66
47,-93.975460,0.545467,1.000000,0.060654,48,86.687800,36.200000,4.500000,1.663820
(48) borders_threshold   = -92.67
     margin_forwarding   = 0.30
     min_delay           = 0.80
     max_delay           = 0.00
     neighbors_threshold = 42
     energy              = 135.90
     coverage            = 46.30 (0.02)
     nforwardings        = 7.60
     time                = 1.19
48,-92.669686,0.300285,0.796352,0.000000,42,135.903000,46.300000,7.600000,1.192030
(49) borders_threshold   = -93.16
     margin_forwarding   = 1.53
     min_delay           = 0.04
     max_delay           = 0.00
     neighbors_threshold = 0
     energy              = 102.12
     coverage            = 39.90 (0.03)
     nforwardings        = 5.40
     time                = 0.05
49,-93.161765,1.525360,0.036888,0.000000,0,102.120000,39.900000,5.400000,0.045525
(50) borders_threshold   = -70.99
     margin_forwarding   = 1.53
     min_delay           = 0.22
     max_delay           = 0.94
     neighbors_threshold = 0
     energy              = 0.39
     coverage            = 3.20 (0.31)
     nforwardings        = 3.10
     time                = 0.57
50,-70.989019,1.525360,0.223120,0.943459,0,0.388743,3.200000,3.100000,0.566945
(51) borders_threshold   = -75.12
     margin_forwarding   = 1.53
     min_delay           = 0.74
     max_delay           = 0.26
     neighbors_threshold = 3
     energy              = 9.01
     coverage            = 6.10 (0.16)
     nforwardings        = 5.60
     time                = 1.32
51,-75.119110,1.525360,0.741521,0.260613,3,9.005120,6.100000,5.600000,1.324220
(52) borders_threshold   = -93.33
     margin_forwarding   = 0.30
     min_delay           = 0.73
     max_delay           = 0.00
     neighbors_threshold = 46
     energy              = 113.66
     coverage            = 45.30 (0.02)
     nforwardings        = 6.20
     time                = 1.06
52,-93.334599,0.300285,0.730738,0.000000,46,113.660000,45.300000,6.200000,1.055530
(53) borders_threshold   = -91.52
     margin_forwarding   = 1.94
     min_delay           = 1.00
     max_delay           = 0.00
     neighbors_threshold = 0
     energy              = 167.62
     coverage            = 48.30 (0.02)
     nforwardings        = 10.10
     time                = 1.46
53,-91.523984,1.942120,1.000000,0.000000,0,167.622000,48.300000,10.100000,1.460030
(54) borders_threshold   = -94.04
     margin_forwarding   = 0.55
     min_delay           = 0.00
     max_delay           = 1.32
     neighbors_threshold = 19
     energy              = 90.36
     coverage            = 37.90 (0.03)
     nforwardings        = 4.70
     time                = 1.46
54,-94.038070,0.545467,0.000000,1.321455,19,90.355800,37.900000,4.700000,1.456200
(55) borders_threshold   = -76.21
     margin_forwarding   = 1.53
     min_delay           = 0.74
     max_delay           = 0.00
     neighbors_threshold = 0
     energy              = 12.02
     coverage            = 7.20 (0.14)
     nforwardings        = 6.70
     time                = 0.83
55,-76.209146,1.525360,0.741521,0.000000,0,12.016400,7.200000,6.700000,0.826169
(56) borders_threshold   = -70.87
     margin_forwarding   = 1.53
     min_delay           = 0.74
     max_delay           = 1.04
     neighbors_threshold = 7
     energy              = 5.27
     coverage            = 5.10 (0.20)
     nforwardings        = 4.60
     time                = 1.45
56,-70.872749,1.525360,0.741521,1.035478,7,5.273620,5.100000,4.600000,1.446360
(57) borders_threshold   = -93.58
     margin_forwarding   = 0.30
     min_delay           = 0.83
     max_delay           = 0.00
     neighbors_threshold = 47
     energy              = 93.72
     coverage            = 38.80 (0.03)
     nforwardings        = 4.90
     time                = 1.06
57,-93.580418,0.300285,0.827342,0.000000,47,93.725000,38.800000,4.900000,1.056920
(58) borders_threshold   = -94.35
     margin_forwarding   = 0.30
     min_delay           = 0.80
     max_delay           = 0.00
     neighbors_threshold = 42
     energy              = 52.20
     coverage            = 29.70 (0.03)
     nforwardings        = 2.30
     time                = 0.62
58,-94.346876,0.300285,0.796352,0.000000,42,52.202700,29.700000,2.300000,0.616184
(59) borders_threshold   = -94.23
     margin_forwarding   = 0.55
     min_delay           = 0.40
     max_delay           = 0.00
     neighbors_threshold = 42
     energy              = 58.93
     coverage            = 31.20 (0.03)
     nforwardings        = 2.70
     time                = 0.46
59,-94.226975,0.545467,0.402799,0.000000,42,58.927800,31.200000,2.700000,0.459775
(60) borders_threshold   = -73.18
     margin_forwarding   = 1.53
     min_delay           = 0.74
     max_delay           = 1.35
     neighbors_threshold = 2
     energy              = 0.09
     coverage            = 4.50 (0.22)
     nforwardings        = 4.50
     time                = 1.44
60,-73.181443,1.525360,0.741521,1.352576,2,0.092026,4.500000,4.500000,1.439560
(61) borders_threshold   = -71.45
     margin_forwarding   = 1.53
     min_delay           = 0.74
     max_delay           = 1.04
     neighbors_threshold = 5
     energy              = 6.31
     coverage            = 4.00 (0.25)
     nforwardings        = 3.50
     time                = 0.72
61,-71.454164,1.525360,0.741521,1.035478,5,6.313040,4.000000,3.500000,0.724679
(62) borders_threshold   = -70.33
     margin_forwarding   = 1.53
     min_delay           = 0.74
     max_delay           = 0.00
     neighbors_threshold = 7
     energy              = 0.48
     coverage            = 4.60 (0.22)
     nforwardings        = 4.40
     time                = 0.43
62,-70.334345,1.525360,0.741521,0.000000,7,0.479318,4.600000,4.400000,0.430184
(63) borders_threshold   = -76.13
     margin_forwarding   = 1.53
     min_delay           = 0.74
     max_delay           = 1.35
     neighbors_threshold = 0
     energy              = 7.03
     coverage            = 4.50 (0.22)
     nforwardings        = 3.90
     time                = 1.76
63,-76.133681,1.525360,0.741521,1.352576,0,7.031040,4.500000,3.900000,1.758310
(64) borders_threshold   = -94.53
     margin_forwarding   = 0.55
     min_delay           = 0.11
     max_delay           = 0.07
     neighbors_threshold = 31
     energy              = 30.02
     coverage            = 18.90 (0.05)
     nforwardings        = 0.90
     time                = 0.08
64,-94.530623,0.545467,0.109485,0.069317,31,30.022600,18.900000,0.900000,0.078051
(65) borders_threshold   = -93.28
     margin_forwarding   = 1.53
     min_delay           = 0.20
     max_delay           = 0.00
     neighbors_threshold = 1
     energy              = 85.64
     coverage            = 35.90 (0.03)
     nforwardings        = 4.40
     time                = 0.24
65,-93.282928,1.525360,0.201035,0.000000,1,85.640500,35.900000,4.400000,0.235578
(66) borders_threshold   = -70.00
     margin_forwarding   = 1.53
     min_delay           = 0.74
     max_delay           = 0.94
     neighbors_threshold = 5
     energy              = 2.23
     coverage            = 4.80 (0.21)
     nforwardings        = 4.60
     time                = 0.96
66,-70.000000,1.525360,0.741521,0.943459,5,2.225440,4.800000,4.600000,0.959568
(67) borders_threshold   = -73.52
     margin_forwarding   = 1.53
     min_delay           = 1.00
     max_delay           = 0.00
     neighbors_threshold = 4
     energy              = 3.84
     coverage            = 6.40 (0.16)
     nforwardings        = 5.90
     time                = 1.00
67,-73.517321,1.525360,1.000000,0.000000,4,3.842130,6.400000,5.900000,0.995130
(68) borders_threshold   = -94.37
     margin_forwarding   = 0.30
     min_delay           = 0.73
     max_delay           = 0.00
     neighbors_threshold = 42
     energy              = 49.08
     coverage            = 28.20 (0.04)
     nforwardings        = 2.10
     time                = 0.59
68,-94.374014,0.300285,0.730738,0.000000,42,49.083300,28.200000,2.100000,0.587622
(69) borders_threshold   = -94.68
     margin_forwarding   = 0.30
     min_delay           = 1.00
     max_delay           = 0.00
     neighbors_threshold = 6
     energy              = 36.59
     coverage            = 21.80 (0.05)
     nforwardings        = 1.30
     time                = 0.54
69,-94.675320,0.296855,1.000000,0.000000,6,36.586700,21.800000,1.300000,0.540285
(70) borders_threshold   = -94.58
     margin_forwarding   = 0.30
     min_delay           = 0.07
     max_delay           = 1.94
     neighbors_threshold = 0
     energy              = 39.54
     coverage            = 22.80 (0.04)
     nforwardings        = 1.50
     time                = 1.21
70,-94.577094,0.296855,0.065572,1.938149,0,39.537000,22.800000,1.500000,1.208760
(71) borders_threshold   = -94.90
     margin_forwarding   = 0.30
     min_delay           = 1.00
     max_delay           = 1.12
     neighbors_threshold = 0
     energy              = 18.46
     coverage            = 12.50 (0.08)
     nforwardings        = 0.20
     time                = 0.21
71,-94.895562,0.296855,1.000000,1.122927,0,18.458300,12.500000,0.200000,0.212256
(72) borders_threshold   = -72.69
     margin_forwarding   = 1.53
     min_delay           = 0.42
     max_delay           = 1.35
     neighbors_threshold = 2
     energy              = 1.66
     coverage            = 4.40 (0.23)
     nforwardings        = 4.20
     time                = 1.13
72,-72.689735,1.525360,0.422065,1.352576,2,1.655420,4.400000,4.200000,1.125720
(73) borders_threshold   = -93.53
     margin_forwarding   = 0.30
     min_delay           = 1.00
     max_delay           = 0.28
     neighbors_threshold = 48
     energy              = 87.32
     coverage            = 36.60 (0.03)
     nforwardings        = 4.50
     time                = 1.61
73,-93.527253,0.300285,1.000000,0.280451,48,87.319800,36.600000,4.500000,1.608780
(74) borders_threshold   = -94.41
     margin_forwarding   = 0.30
     min_delay           = 0.80
     max_delay           = 0.00
     neighbors_threshold = 42
     energy              = 49.09
     coverage            = 28.60 (0.03)
     nforwardings        = 2.10
     time                = 0.67
74,-94.407045,0.300285,0.796352,0.000000,42,49.094400,28.600000,2.100000,0.666337
(75) borders_threshold   = -70.16
     margin_forwarding   = 1.53
     min_delay           = 0.74
     max_delay           = 1.04
     neighbors_threshold = 6
     energy              = 9.65
     coverage            = 5.30 (0.19)
     nforwardings        = 4.80
     time                = 1.45
75,-70.163041,1.525360,0.741521,1.035478,6,9.646350,5.300000,4.800000,1.448450
(76) borders_threshold   = -91.79
     margin_forwarding   = 0.55
     min_delay           = 0.00
     max_delay           = 0.43
     neighbors_threshold = 40
     energy              = 173.57
     coverage            = 48.60 (0.02)
     nforwardings        = 10.00
     time                = 0.70
76,-91.792339,0.545467,0.000000,0.429492,40,173.570000,48.600000,10.000000,0.701866
(78) borders_threshold   = -94.66
     margin_forwarding   = 0.30
     min_delay           = 0.64
     max_delay           = 0.51
     neighbors_threshold = 41
     energy              = 33.27
     coverage            = 20.70 (0.05)
     nforwardings        = 1.10
     time                = 0.64
78,-94.659865,0.300285,0.635804,0.509706,41,33.272000,20.700000,1.100000,0.641075
(79) borders_threshold   = -73.64
     margin_forwarding   = 1.53
     min_delay           = 0.74
     max_delay           = 0.00
     neighbors_threshold = 1
     energy              = 7.23
     coverage            = 7.40 (0.14)
     nforwardings        = 7.20
     time                = 1.02
79,-73.635381,1.525360,0.741521,0.000000,1,7.229230,7.400000,7.200000,1.024750
(80) borders_threshold   = -76.84
     margin_forwarding   = 1.53
     min_delay           = 0.14
     max_delay           = 0.00
     neighbors_threshold = 0
     energy              = 13.36
     coverage            = 7.50 (0.13)
     nforwardings        = 6.80
     time                = 0.16
80,-76.842052,1.525360,0.144392,0.000000,0,13.360200,7.500000,6.800000,0.155803
(81) borders_threshold   = -72.09
     margin_forwarding   = 1.53
     min_delay           = 0.74
     max_delay           = 0.94
     neighbors_threshold = 6
     energy              = 10.37
     coverage            = 5.30 (0.19)
     nforwardings        = 4.70
     time                = 1.36
81,-72.085748,1.525360,0.741521,0.943459,6,10.373000,5.300000,4.700000,1.357430
(82) borders_threshold   = -94.50
     margin_forwarding   = 0.30
     min_delay           = 0.98
     max_delay           = 0.65
     neighbors_threshold = 0
     energy              = 34.84
     coverage            = 21.40 (0.05)
     nforwardings        = 1.20
     time                = 0.82
82,-94.501265,0.296855,0.984482,0.654724,0,34.842200,21.400000,1.200000,0.818875
(83) borders_threshold   = -73.93
     margin_forwarding   = 1.53
     min_delay           = 0.74
     max_delay           = 0.00
     neighbors_threshold = 3
     energy              = 9.27
     coverage            = 8.00 (0.12)
     nforwardings        = 7.60
     time                = 1.13
83,-73.927383,1.525360,0.741521,0.000000,3,9.269240,8.000000,7.600000,1.129980
(84) borders_threshold   = -94.58
     margin_forwarding   = 0.55
     min_delay           = 1.00
     max_delay           = 0.37
     neighbors_threshold = 38
     energy              = 23.78
     coverage            = 16.10 (0.06)
     nforwardings        = 0.50
     time                = 0.26
84,-94.584303,0.545467,1.000000,0.374109,38,23.782100,16.100000,0.500000,0.260009
(85) borders_threshold   = -91.89
     margin_forwarding   = 0.55
     min_delay           = 0.00
     max_delay           = 1.26
     neighbors_threshold = 37
     energy              = 162.32
     coverage            = 48.20 (0.02)
     nforwardings        = 9.30
     time                = 1.62
85,-91.886018,0.545467,0.000000,1.260237,37,162.317000,48.200000,9.300000,1.620560
(86) borders_threshold   = -93.45
     margin_forwarding   = 0.55
     min_delay           = 1.00
     max_delay           = 0.00
     neighbors_threshold = 49
     energy              = 102.87
     coverage            = 40.40 (0.02)
     nforwardings        = 5.50
     time                = 1.29
86,-93.453427,0.545467,1.000000,0.000000,49,102.874000,40.400000,5.500000,1.289160
(87) borders_threshold   = -70.68
     margin_forwarding   = 1.53
     min_delay           = 0.00
     max_delay           = 0.94
     neighbors_threshold = 6
     energy              = 8.27
     coverage            = 7.70 (0.13)
     nforwardings        = 7.30
     time                = 1.07
87,-70.676944,1.525360,0.000000,0.943459,6,8.274520,7.700000,7.300000,1.069790
(88) borders_threshold   = -70.11
     margin_forwarding   = 1.53
     min_delay           = 0.00
     max_delay           = 1.04
     neighbors_threshold = 4
     energy              = 2.39
     coverage            = 3.60 (0.28)
     nforwardings        = 3.40
     time                = 0.44
88,-70.114185,1.525360,0.000000,1.035478,4,2.389450,3.600000,3.400000,0.444270
(90) borders_threshold   = -91.87
     margin_forwarding   = 0.55
     min_delay           = 0.00
     max_delay           = 0.43
     neighbors_threshold = 38
     energy              = 168.90
     coverage            = 48.50 (0.02)
     nforwardings        = 9.70
     time                = 0.76
90,-91.867260,0.545467,0.000000,0.429492,38,168.902000,48.500000,9.700000,0.756248
(91) borders_threshold   = -70.99
     margin_forwarding   = 1.53
     min_delay           = 0.00
     max_delay           = 1.04
     neighbors_threshold = 3
     energy              = 0.45
     coverage            = 3.80 (0.26)
     nforwardings        = 3.60
     time                = 0.68
91,-70.993532,1.525360,0.000000,1.035478,3,0.454479,3.800000,3.600000,0.675093
(92) borders_threshold   = -92.67
     margin_forwarding   = 1.53
     min_delay           = 0.13
     max_delay           = 0.00
     neighbors_threshold = 13
     energy              = 137.68
     coverage            = 46.60 (0.02)
     nforwardings        = 7.60
     time                = 0.22
92,-92.665940,1.525360,0.127858,0.000000,13,137.675000,46.600000,7.600000,0.219333
(93) borders_threshold   = -93.93
     margin_forwarding   = 0.55
     min_delay           = 1.00
     max_delay           = 0.06
     neighbors_threshold = 50
     energy              = 90.02
     coverage            = 37.50 (0.03)
     nforwardings        = 4.70
     time                = 1.64
93,-93.926984,0.545467,1.000000,0.060654,50,90.021000,37.500000,4.700000,1.644120
(94) borders_threshold   = -94.23
     margin_forwarding   = 0.30
     min_delay           = 0.64
     max_delay           = 0.33
     neighbors_threshold = 41
     energy              = 63.14
     coverage            = 32.20 (0.03)
     nforwardings        = 3.00
     time                = 1.18
94,-94.228424,0.300285,0.635804,0.326598,41,63.143000,32.200000,3.000000,1.178250
(95) borders_threshold   = -94.87
     margin_forwarding   = 0.30
     min_delay           = 0.07
     max_delay           = 0.00
     neighbors_threshold = 6
     energy              = 16.72
     coverage            = 11.40 (0.09)
     nforwardings        = 0.10
     time                = 0.00
95,-94.874617,0.296855,0.065572,0.000000,6,16.723100,11.400000,0.100000,0.004352
(96) borders_threshold   = -90.93
     margin_forwarding   = 0.30
     min_delay           = 0.83
     max_delay           = 0.00
     neighbors_threshold = 49
     energy              = 173.67
     coverage            = 48.90 (0.02)
     nforwardings        = 10.10
     time                = 1.13
96,-90.925140,0.300285,0.827342,0.000000,49,173.669000,48.900000,10.100000,1.133650
(97) borders_threshold   = -75.58
     margin_forwarding   = 1.53
     min_delay           = 0.74
     max_delay           = 0.00
     neighbors_threshold = 1
     energy              = 9.05
     coverage            = 5.50 (0.18)
     nforwardings        = 5.00
     time                = 0.59
97,-75.580654,1.525360,0.741521,0.000000,1,9.047490,5.500000,5.000000,0.587920
(98) borders_threshold   = -94.40
     margin_forwarding   = 0.30
     min_delay           = 0.73
     max_delay           = 0.00
     neighbors_threshold = 39
     energy              = 65.02
     coverage            = 34.60 (0.03)
     nforwardings        = 3.10
     time                = 0.87
98,-94.403720,0.300285,0.730738,0.000000,39,65.024400,34.600000,3.100000,0.873204
(99) borders_threshold   = -94.19
     margin_forwarding   = 0.30
     min_delay           = 0.73
     max_delay           = 0.28
     neighbors_threshold = 46
     energy              = 58.44
     coverage            = 30.80 (0.03)
     nforwardings        = 2.70
     time                = 1.03
99,-94.186949,0.300285,0.730738,0.280451,46,58.437900,30.800000,2.700000,1.026170

real	189m24.563s
user	159m39.559s
sys	29m26.510s
