[INFO][8] Cantidad de iteraciones: 3000
[INFO][2] Cantidad de iteraciones: 3000
[INFO][6] Cantidad de iteraciones: 3000
[INFO][4] Cantidad de iteraciones: 3000
[INFO][3] Cantidad de iteraciones: 3000
[INFO][5] Cantidad de iteraciones: 3000
[INFO][1] Cantidad de iteraciones: 3000
[INFO][7] Cantidad de iteraciones: 3000

id,borders_threshold,margin_forwarding,min_delay,max_delay,neighbors_threshold,energy,coverage,nforwardings,time
0,-92.461993,1.525360,0.944622,0.019427,13,148.352000,48.000000,8.300000,1.340360
1,-75.010325,1.525360,0.000000,0.000000,1,6.108930,5.900000,5.400000,0.002400
2,-94.043909,0.300285,1.000000,0.281489,38,72.715600,34.900000,3.600000,1.482140
3,-94.264575,0.300285,0.730738,0.000000,46,61.985700,31.900000,2.900000,0.777378
4,-70.000000,1.525360,0.000000,0.000000,4,2.700230,3.400000,3.300000,0.001572
5,-70.939095,1.525360,0.741521,0.943459,5,8.434710,5.200000,4.600000,1.000280
6,-94.648315,0.545467,0.000000,1.433572,44,20.190200,13.800000,0.300000,0.167752
7,-94.634939,0.296855,0.125389,0.963700,0,37.784200,22.500000,1.400000,0.607845
8,-94.762241,0.296855,0.065572,1.938149,0,21.825300,15.200000,0.400000,0.630026
9,-94.463626,0.545467,0.007841,1.454318,42,26.694400,16.600000,0.700000,0.280676
10,-92.665325,1.942120,0.097349,0.442070,5,140.678000,46.800000,7.800000,0.911375
11,-94.807267,0.296855,0.065572,1.938149,0,18.461100,13.400000,0.200000,0.129986
12,-92.395389,1.942120,0.500459,0.442070,5,143.243000,47.800000,8.000000,1.906570
13,-94.227418,0.300285,0.730738,0.000000,41,61.846700,31.300000,2.900000,0.735779
14,-90.114981,0.545467,0.161285,0.000000,50,198.288000,49.000000,11.700000,0.201209
15,-70.000000,1.525360,0.000000,1.035478,6,0.716473,5.800000,5.300000,1.284080
16,-94.487708,1.006029,0.937996,4.792475,41,23.746000,16.000000,0.500000,1.155300
17,-93.027356,0.624890,0.248592,3.244697,41,109.952000,42.200000,5.900000,4.370800
18,-94.851987,0.296855,0.065572,1.938149,0,18.453800,12.400000,0.200000,0.175109
19,-92.654166,1.525360,1.000000,0.000000,16,137.169000,46.500000,7.600000,1.401800
20,-70.719258,1.525360,0.000000,0.943459,5,4.024090,4.700000,4.500000,0.708951
21,-94.398376,0.300285,1.000000,0.000000,47,47.492200,27.200000,2.000000,0.852821
22,-71.663890,1.525360,0.022420,0.000000,8,2.668650,6.100000,5.800000,0.027737
23,-70.000000,1.525360,0.741521,1.035478,6,11.690400,6.600000,5.900000,1.985830
24,-94.677450,0.300285,0.932402,0.534240,48,41.489600,25.000000,1.600000,0.930927
25,-70.886211,1.525360,0.741521,0.000000,7,0.887115,4.600000,4.300000,0.443515
26,-73.514375,1.525360,0.741521,1.035478,6,11.331600,5.600000,5.100000,1.530190
27,-92.428744,1.942120,0.500459,0.442070,4,141.435000,47.000000,7.900000,1.856810
28,-72.827148,1.525360,0.741521,0.618536,6,15.145800,6.400000,5.700000,1.331580
29,-94.946920,0.296855,0.065572,1.251468,0,15.258800,11.000000,0.000000,0.000737
31,-71.339705,1.525360,0.741521,1.035478,0,1.307330,3.900000,3.900000,1.981960
32,-94.639253,0.300285,0.635804,0.509706,39,36.385700,21.700000,1.300000,0.684533
33,-94.346174,0.296855,0.065572,1.938149,0,51.739500,29.200000,2.300000,1.797100
34,-94.502175,0.545467,0.007841,1.454318,41,25.092300,16.200000,0.600000,0.265580
35,-73.943657,1.525360,0.000000,0.260613,2,4.760770,3.500000,3.300000,0.158745
36,-93.446329,0.545467,0.939217,0.000000,45,110.754000,43.000000,6.000000,1.351360
37,-94.770292,0.296855,0.000000,1.938149,7,20.427600,15.000000,0.300000,0.539772
38,-70.340220,1.525360,0.741521,0.000000,8,13.547500,8.700000,7.700000,0.862040
39,-70.320903,1.525360,0.000000,1.035478,6,0.109729,6.500000,6.200000,1.724100
40,-71.225448,1.525360,0.741521,0.000000,4,2.342070,4.200000,4.100000,0.542520
41,-71.734000,1.525360,0.798536,1.035478,4,0.050598,4.100000,4.000000,1.862820
42,-70.537602,1.525360,0.741521,0.000000,6,3.916620,5.400000,4.900000,0.580498
43,-73.392331,1.525360,0.741521,0.943459,6,7.858130,4.700000,4.300000,1.050980
44,-94.519820,0.545467,0.312412,0.000000,47,28.352900,18.300000,0.800000,0.075704
45,-94.699966,0.296855,0.125389,0.963700,0,28.377600,18.500000,0.800000,0.594397
46,-94.701609,0.296855,0.065572,1.938149,0,23.274100,15.700000,0.500000,0.806271
47,-93.975460,0.545467,1.000000,0.060654,48,86.687800,36.200000,4.500000,1.663820
48,-92.669686,0.300285,0.796352,0.000000,42,135.903000,46.300000,7.600000,1.192030
49,-93.161765,1.525360,0.036888,0.000000,0,102.120000,39.900000,5.400000,0.045525
50,-70.989019,1.525360,0.223120,0.943459,0,0.388743,3.200000,3.100000,0.566945
51,-75.119110,1.525360,0.741521,0.260613,3,9.005120,6.100000,5.600000,1.324220
52,-93.334599,0.300285,0.730738,0.000000,46,113.660000,45.300000,6.200000,1.055530
53,-91.523984,1.942120,1.000000,0.000000,0,167.622000,48.300000,10.100000,1.460030
54,-94.038070,0.545467,0.000000,1.321455,19,90.355800,37.900000,4.700000,1.456200
55,-76.209146,1.525360,0.741521,0.000000,0,12.016400,7.200000,6.700000,0.826169
56,-70.872749,1.525360,0.741521,1.035478,7,5.273620,5.100000,4.600000,1.446360
57,-93.580418,0.300285,0.827342,0.000000,47,93.725000,38.800000,4.900000,1.056920
58,-94.346876,0.300285,0.796352,0.000000,42,52.202700,29.700000,2.300000,0.616184
59,-94.226975,0.545467,0.402799,0.000000,42,58.927800,31.200000,2.700000,0.459775
60,-73.181443,1.525360,0.741521,1.352576,2,0.092026,4.500000,4.500000,1.439560
61,-71.454164,1.525360,0.741521,1.035478,5,6.313040,4.000000,3.500000,0.724679
62,-70.334345,1.525360,0.741521,0.000000,7,0.479318,4.600000,4.400000,0.430184
63,-76.133681,1.525360,0.741521,1.352576,0,7.031040,4.500000,3.900000,1.758310
64,-94.530623,0.545467,0.109485,0.069317,31,30.022600,18.900000,0.900000,0.078051
65,-93.282928,1.525360,0.201035,0.000000,1,85.640500,35.900000,4.400000,0.235578
66,-70.000000,1.525360,0.741521,0.943459,5,2.225440,4.800000,4.600000,0.959568
67,-73.517321,1.525360,1.000000,0.000000,4,3.842130,6.400000,5.900000,0.995130
68,-94.374014,0.300285,0.730738,0.000000,42,49.083300,28.200000,2.100000,0.587622
69,-94.675320,0.296855,1.000000,0.000000,6,36.586700,21.800000,1.300000,0.540285
70,-94.577094,0.296855,0.065572,1.938149,0,39.537000,22.800000,1.500000,1.208760
71,-94.895562,0.296855,1.000000,1.122927,0,18.458300,12.500000,0.200000,0.212256
72,-72.689735,1.525360,0.422065,1.352576,2,1.655420,4.400000,4.200000,1.125720
73,-93.527253,0.300285,1.000000,0.280451,48,87.319800,36.600000,4.500000,1.608780
74,-94.407045,0.300285,0.796352,0.000000,42,49.094400,28.600000,2.100000,0.666337
75,-70.163041,1.525360,0.741521,1.035478,6,9.646350,5.300000,4.800000,1.448450
76,-91.792339,0.545467,0.000000,0.429492,40,173.570000,48.600000,10.000000,0.701866
78,-94.659865,0.300285,0.635804,0.509706,41,33.272000,20.700000,1.100000,0.641075
79,-73.635381,1.525360,0.741521,0.000000,1,7.229230,7.400000,7.200000,1.024750
80,-76.842052,1.525360,0.144392,0.000000,0,13.360200,7.500000,6.800000,0.155803
81,-72.085748,1.525360,0.741521,0.943459,6,10.373000,5.300000,4.700000,1.357430
82,-94.501265,0.296855,0.984482,0.654724,0,34.842200,21.400000,1.200000,0.818875
83,-73.927383,1.525360,0.741521,0.000000,3,9.269240,8.000000,7.600000,1.129980
84,-94.584303,0.545467,1.000000,0.374109,38,23.782100,16.100000,0.500000,0.260009
85,-91.886018,0.545467,0.000000,1.260237,37,162.317000,48.200000,9.300000,1.620560
86,-93.453427,0.545467,1.000000,0.000000,49,102.874000,40.400000,5.500000,1.289160
87,-70.676944,1.525360,0.000000,0.943459,6,8.274520,7.700000,7.300000,1.069790
88,-70.114185,1.525360,0.000000,1.035478,4,2.389450,3.600000,3.400000,0.444270
90,-91.867260,0.545467,0.000000,0.429492,38,168.902000,48.500000,9.700000,0.756248
91,-70.993532,1.525360,0.000000,1.035478,3,0.454479,3.800000,3.600000,0.675093
92,-92.665940,1.525360,0.127858,0.000000,13,137.675000,46.600000,7.600000,0.219333
93,-93.926984,0.545467,1.000000,0.060654,50,90.021000,37.500000,4.700000,1.644120
94,-94.228424,0.300285,0.635804,0.326598,41,63.143000,32.200000,3.000000,1.178250
95,-94.874617,0.296855,0.065572,0.000000,6,16.723100,11.400000,0.100000,0.004352
96,-90.925140,0.300285,0.827342,0.000000,49,173.669000,48.900000,10.100000,1.133650
97,-75.580654,1.525360,0.741521,0.000000,1,9.047490,5.500000,5.000000,0.587920
98,-94.403720,0.300285,0.730738,0.000000,39,65.024400,34.600000,3.100000,0.873204
99,-94.186949,0.300285,0.730738,0.280451,46,58.437900,30.800000,2.700000,1.026170
