[INFO][5] Cantidad de iteraciones: 3000
[INFO][1] Cantidad de iteraciones: 3000
[INFO][4] Cantidad de iteraciones: 3000
[INFO][3] Cantidad de iteraciones: 3000
[INFO][8] Cantidad de iteraciones: 3000
[INFO][7] Cantidad de iteraciones: 3000
[INFO][2] Cantidad de iteraciones: 3000
[INFO][6] Cantidad de iteraciones: 3000

id,borders_threshold,margin_forwarding,min_delay,max_delay,neighbors_threshold,energy,coverage,nforwardings,time
0,-71.739349,2.059648,0.148523,1.551050,7,12.610600,6.900000,6.400000,1.877360
1,-94.528647,0.435200,0.346832,3.214328,45,36.469800,21.100000,1.300000,1.915200
2,-71.379527,2.059648,0.981388,1.551050,6,12.037200,7.700000,7.400000,3.482840
3,-70.371613,2.059648,0.000000,0.210176,5,1.246580,3.600000,3.500000,0.120632
4,-93.220277,0.955954,0.000000,0.583690,20,117.815000,43.700000,6.400000,0.839732
5,-93.190465,0.955954,0.033073,0.596601,16,129.237000,45.600000,7.100000,1.048300
6,-93.446340,0.955954,0.241807,0.836265,25,92.617200,37.700000,4.800000,1.728300
7,-94.560771,0.435200,0.392186,2.506277,49,29.637700,16.800000,0.900000,1.333620
8,-93.495451,0.955954,0.241807,0.772585,27,92.758800,39.400000,4.800000,1.454450
9,-91.342365,0.955954,0.241807,0.851494,26,180.373000,49.000000,10.400000,1.783540
10,-72.017948,2.059648,0.010099,1.245708,7,9.565040,4.700000,4.200000,0.774681
11,-71.941069,2.059648,0.075535,1.551050,5,7.500990,5.400000,5.100000,1.803620
12,-94.758401,0.435200,0.392186,2.955474,48,18.539000,13.400000,0.200000,0.100088
13,-93.463257,0.955954,0.241807,0.851494,24,110.011000,42.900000,5.900000,1.667830
14,-73.662401,2.059648,1.000000,2.216146,0,9.204360,3.700000,3.500000,1.623890
15,-94.654128,0.435200,0.422592,3.214328,47,20.141100,13.800000,0.300000,0.258983
16,-72.854184,2.059648,0.000000,1.711360,2,5.870630,3.800000,3.600000,0.674914
17,-93.523611,0.955954,0.241807,0.851494,24,98.933500,41.300000,5.200000,1.668800
18,-94.610364,0.435200,0.346832,3.214328,46,23.459400,15.200000,0.500000,0.971459
19,-94.045935,0.955954,0.235671,0.319764,10,47.909400,25.800000,2.000000,0.421580
20,-94.055352,0.955954,0.235671,0.319764,8,65.662000,32.400000,3.100000,0.568160
21,-92.002712,0.955954,0.241807,0.563463,18,143.366000,46.400000,8.000000,1.597170
22,-94.022051,0.955954,0.000000,0.763234,29,57.488200,28.000000,2.600000,0.696942
23,-72.525674,2.059648,0.000000,1.460401,4,3.730050,6.300000,6.300000,1.698730
24,-92.688569,1.287432,0.062238,0.516531,24,134.350000,45.900000,7.400000,0.940661
25,-94.145759,0.955954,0.235671,0.319764,9,65.651400,31.900000,3.100000,0.550438
26,-95.000000,0.435200,0.392186,3.214328,49,15.334900,11.000000,0.000000,0.000737
27,-91.651079,0.955954,0.241807,0.566174,20,163.651000,48.400000,9.300000,1.250580
28,-94.618913,0.435200,0.392186,3.022421,46,23.521400,15.600000,0.500000,0.866082
29,-70.310543,2.059648,1.000000,1.267961,4,0.350844,3.500000,3.400000,1.606810
30,-91.868685,0.955954,0.241807,0.680172,22,148.168000,47.000000,8.300000,1.427000
31,-72.214306,2.059648,0.148523,1.575996,6,12.256900,5.800000,5.400000,1.291010
32,-94.274093,0.955954,0.033073,0.910154,14,30.093600,17.800000,0.900000,0.336053
33,-94.071980,0.955954,0.000000,0.836265,29,43.162000,25.000000,1.700000,0.419056
34,-94.062355,1.287432,0.000000,0.471250,27,52.868000,26.800000,2.300000,0.411220
35,-94.329551,0.677339,0.013423,2.055692,21,39.922100,22.700000,1.500000,1.101740
36,-93.930282,0.955954,0.117929,1.246792,26,75.183100,33.900000,3.700000,1.280120
38,-94.033980,0.955954,0.241807,0.298619,14,52.504500,26.500000,2.300000,0.452098
39,-70.000000,2.059648,0.247031,1.462239,4,0.993500,4.800000,4.700000,1.263120
40,-71.758381,2.059648,0.235874,1.551050,7,12.554800,6.600000,5.800000,1.744010
41,-94.619582,0.435200,0.392186,3.214328,48,21.805600,14.800000,0.400000,0.877401
42,-91.902935,0.955954,0.241807,0.566174,13,169.926000,48.900000,9.700000,1.328510
43,-94.893165,0.435200,0.422592,0.000000,48,16.937000,11.100000,0.100000,0.023636
44,-93.507428,0.955954,0.241807,0.836265,24,89.472000,37.600000,4.600000,1.644710
45,-94.022345,0.955954,0.025696,0.586417,24,59.088500,28.600000,2.700000,0.528328
46,-91.185422,0.955954,0.000000,0.851494,26,165.599000,48.700000,9.400000,1.483850
47,-70.000000,2.059648,0.650735,1.819594,0,0.101303,3.700000,3.700000,1.409100
48,-93.884683,1.287432,0.000000,0.329918,25,49.645200,26.400000,2.100000,0.321883
49,-91.873096,0.955954,0.241807,0.566174,24,158.402000,47.900000,9.000000,1.300460
50,-73.802282,2.059648,1.000000,1.551050,1,2.560090,4.600000,4.200000,1.810110
51,-94.032060,0.955954,0.273787,0.836265,28,60.785500,31.300000,2.800000,0.959628
52,-93.322140,0.955954,0.000000,0.309151,29,113.502000,43.100000,6.100000,0.506588
53,-71.846374,2.059648,1.000000,1.267961,0,7.240700,3.900000,3.800000,1.335040
54,-94.612295,0.955954,0.000000,0.017801,19,28.760800,16.700000,0.800000,0.011132
55,-71.539998,2.059648,0.148523,1.551050,8,13.127300,7.100000,6.400000,1.772280
56,-71.020035,2.059648,0.183299,1.551050,0,0.214561,3.300000,3.300000,0.804053
57,-70.790261,2.059648,0.000000,1.110241,7,9.068900,6.500000,6.000000,1.014030
58,-70.000000,2.059648,0.247031,1.551050,5,2.753210,2.900000,2.800000,0.647190
59,-94.173361,0.677339,0.013423,2.055692,24,55.647100,27.600000,2.500000,1.701110
60,-94.113027,0.955954,1.000000,0.851494,27,33.565200,19.700000,1.100000,0.729733
61,-72.827910,2.059648,0.000000,0.210176,4,5.933500,3.600000,3.400000,0.139580
62,-94.044979,1.287432,0.000000,0.329918,25,38.182200,21.900000,1.400000,0.180588
63,-70.000000,2.059648,0.623434,1.460401,0,0.022357,3.900000,3.900000,1.263960
64,-94.338405,0.955954,0.241807,0.958517,23,26.889500,16.600000,0.700000,0.296446
65,-94.546529,0.955954,0.241807,0.958517,22,25.287500,16.200000,0.600000,0.265137
66,-70.095602,2.059648,0.000000,1.267961,7,13.866000,9.600000,8.800000,1.587550
67,-91.653527,0.955954,0.241807,0.563463,19,168.830000,48.800000,9.600000,1.232180
68,-72.797604,2.059648,0.235874,1.558059,1,6.574600,4.100000,4.100000,1.191590
69,-92.740218,0.955954,0.241807,0.851494,23,143.578000,46.600000,8.000000,1.647200
70,-94.540954,0.955954,0.000000,0.017801,17,35.212300,20.600000,1.200000,0.011922
71,-70.000000,2.059648,0.000000,1.267961,8,13.877400,11.000000,10.000000,1.654280
72,-71.643878,2.059648,0.148523,1.551050,6,8.983600,5.400000,4.900000,1.780480
73,-94.010872,1.287432,0.000000,0.534910,26,56.072100,27.700000,2.500000,0.531367
74,-71.348076,2.059648,0.148523,1.551050,4,4.347200,3.500000,3.200000,0.603753
75,-94.037070,1.323694,0.086993,0.831000,13,41.612100,24.000000,1.600000,0.370385
76,-72.442984,2.059648,0.900787,1.460401,0,4.760420,5.500000,5.500000,1.820310
77,-94.030771,0.955954,0.000000,0.836265,28,67.264000,32.900000,3.200000,0.855615
78,-73.926853,2.059648,0.000000,1.460401,3,14.381100,7.800000,7.200000,1.981360
79,-70.905925,2.059648,1.000000,1.267961,5,8.811090,5.600000,5.100000,1.824590
80,-93.543455,0.955954,0.241807,0.566174,4,73.103000,33.600000,3.600000,0.910979
81,-71.440296,2.059648,1.000000,1.267961,2,1.611560,4.000000,3.900000,1.616220
82,-94.564521,0.955954,0.610277,0.851494,23,23.730900,16.000000,0.500000,0.296696
83,-94.020257,0.955954,0.241807,0.836265,21,81.327000,35.600000,4.100000,1.301530
84,-70.000000,2.059648,1.000000,1.267961,5,1.425870,3.100000,2.900000,0.814669
85,-70.000000,2.059648,0.900787,1.460401,4,2.795200,3.300000,3.100000,1.080960
86,-71.960935,2.059648,0.184058,1.551050,8,5.742900,6.800000,6.300000,1.996330
87,-71.040283,2.059648,0.247031,1.551050,6,7.745080,6.900000,6.700000,1.439660
88,-94.853014,0.955954,0.000000,0.000000,23,17.068300,11.400000,0.100000,0.000814
89,-92.198404,0.955954,0.000000,0.836265,35,152.674000,47.700000,8.600000,1.358670
90,-70.459900,2.059648,0.235874,1.551050,7,6.240020,6.300000,5.500000,1.578370
91,-71.332301,2.059648,0.833734,1.460401,0,0.568556,3.300000,3.200000,1.169240
92,-91.878236,0.955954,0.267383,0.547578,21,150.266000,47.100000,8.500000,1.240920
93,-94.087223,0.955954,0.033073,1.419925,0,41.516000,23.800000,1.600000,0.698545
94,-93.121759,0.955954,0.241807,0.566174,6,124.097000,45.200000,6.800000,1.349710
95,-93.160896,0.955954,0.000000,0.586417,27,119.201000,44.200000,6.500000,0.958692
96,-93.637805,0.955954,0.253525,0.930870,20,86.362900,36.800000,4.400000,1.388280
97,-70.000000,2.059648,0.000000,0.210176,6,4.297900,4.900000,4.300000,0.151178
98,-70.060922,2.059648,0.000000,1.267961,6,5.756280,5.200000,4.700000,1.084390
99,-94.175385,0.955954,0.115112,0.765157,15,31.695700,18.300000,1.000000,0.378147
