[INFO][1] Cantidad de iteraciones: 3000
[INFO][2] Cantidad de iteraciones: 3000
[INFO][7] Cantidad de iteraciones: 3000
[INFO][6] Cantidad de iteraciones: 3000
[INFO][3] Cantidad de iteraciones: 3000
[INFO][8] Cantidad de iteraciones: 3000
[INFO][5] Cantidad de iteraciones: 3000
[INFO][4] Cantidad de iteraciones: 3000

id,borders_threshold,margin_forwarding,min_delay,max_delay,neighbors_threshold,energy,coverage,nforwardings,time
0,-94.255727,2.809053,0.528523,1.550929,8,56.072100,41.100000,2.500000,1.731210
1,-74.258820,1.740332,0.132469,4.449640,2,4.136480,7.700000,6.400000,5.153000
2,-93.921704,1.694400,0.000000,1.334228,22,72.044000,50.000000,3.500000,1.634190
3,-93.649766,1.694400,0.167427,0.934222,23,100.881000,61.300000,5.300000,1.317910
4,-93.767970,1.694400,0.222415,1.017424,22,57.625500,41.600000,2.600000,1.014930
5,-73.577029,0.340790,0.683928,4.024902,12,8.846230,12.700000,10.500000,7.027240
6,-94.820903,0.275991,0.843968,0.847229,28,20.590900,22.400000,0.300000,0.254879
7,-93.161971,1.694400,0.005189,0.944365,0,131.154000,68.200000,7.200000,1.292500
8,-94.777184,0.110764,0.297101,0.000000,25,34.618800,32.200000,1.200000,0.158164
9,-93.214941,1.694400,0.000000,0.944365,0,142.447000,72.200000,7.900000,1.184880
10,-93.168764,1.694400,0.000000,0.884098,16,116.902000,65.200000,6.300000,1.330910
11,-93.142019,1.694400,0.116560,0.882204,9,142.442000,70.700000,7.900000,1.515340
12,-93.425122,1.694400,0.184664,0.967032,27,88.064600,54.000000,4.500000,1.147920
13,-94.964996,1.500854,0.695057,3.385827,0,17.554600,19.300000,0.100000,0.319164
14,-94.017279,1.694400,0.180715,0.899347,19,84.860500,53.700000,4.300000,1.493540
15,-73.203535,0.340790,0.683928,0.444157,11,0.153320,13.600000,12.400000,1.801730
16,-95.000000,0.110764,0.026057,4.105876,32,15.743600,17.800000,0.000000,0.000787
17,-94.769953,1.500854,0.719961,3.385827,0,20.758800,22.800000,0.300000,0.732110
18,-93.783403,1.694400,0.376657,1.270769,9,67.237900,47.000000,3.200000,1.690530
19,-90.551676,1.694400,0.167427,0.934222,34,198.402000,74.000000,11.400000,1.553260
20,-93.990371,1.694400,0.167427,0.399070,3,83.258500,52.400000,4.200000,0.766388
21,-94.507999,1.694400,0.167681,1.531789,8,41.604900,36.100000,1.600000,0.993895
22,-93.946948,1.694400,0.116560,1.270769,18,80.054300,51.200000,4.000000,1.990220
23,-93.651563,1.694400,0.179850,0.944365,0,97.677000,59.600000,5.100000,1.417780
24,-94.323864,2.809053,0.528523,1.550929,10,54.470000,40.500000,2.400000,1.601570
25,-94.587156,2.426343,0.413850,3.157126,23,33.643300,31.300000,1.100000,1.912230
26,-94.077524,1.694400,0.253659,0.951687,13,59.227600,43.400000,2.700000,1.223150
27,-94.162414,1.694400,0.327086,1.270769,16,56.023400,41.000000,2.500000,1.566930
28,-93.190386,1.694400,0.005189,0.944365,0,126.422000,65.900000,6.900000,1.522310
30,-94.506183,1.694400,0.000000,0.760921,0,43.207000,37.700000,1.700000,0.554903
31,-94.837061,0.110764,0.297101,2.428880,22,34.423900,31.900000,1.200000,1.968990
32,-93.771264,1.694400,0.285875,0.947878,0,60.829600,44.400000,2.800000,1.129530
33,-94.691272,1.537313,0.677252,1.603937,15,23.966500,27.400000,0.500000,0.556166
34,-94.896334,0.110764,0.026057,4.105876,32,22.005900,24.600000,0.400000,1.011530
35,-93.687847,1.694400,0.167427,0.934222,21,96.074900,57.000000,5.000000,1.279830
36,-94.378521,2.809053,0.528523,1.550929,11,52.868000,40.400000,2.300000,1.937720
37,-94.526061,1.694400,0.000000,0.760921,0,44.809000,38.800000,1.800000,0.542636
38,-93.470062,1.694400,0.167427,0.563113,7,91.250700,55.600000,4.700000,0.837545
39,-93.645732,1.694400,0.005607,0.789160,19,97.533700,57.200000,5.100000,1.054170
40,-94.504748,1.694400,0.167681,1.346690,16,36.798700,32.900000,1.300000,0.774195
41,-94.947494,1.500854,0.719961,3.385827,0,19.156700,21.100000,0.200000,0.586316
42,-94.955914,0.110764,0.297101,2.686580,26,17.276500,19.200000,0.100000,0.251510
43,-93.926117,1.694400,0.263026,0.912925,17,70.442000,48.600000,3.400000,1.372450
44,-94.713070,1.500854,0.994059,3.385827,0,22.360800,25.300000,0.400000,0.918534
45,-94.690094,2.426343,0.935663,3.000267,9,22.428800,26.800000,0.400000,0.771711
46,-94.937206,0.110764,0.297101,2.686580,27,18.871700,21.000000,0.200000,0.455982
47,-94.674952,0.110764,0.000000,2.463797,34,47.547500,40.300000,2.000000,1.953810
48,-93.530378,1.694400,0.167427,0.884098,23,105.687000,62.400000,5.600000,1.288450
49,-94.632973,2.426343,0.413850,3.131800,15,28.837100,30.500000,0.800000,1.217410
50,-94.656340,2.426343,0.413850,3.130802,14,25.633000,29.300000,0.600000,0.853824
51,-91.576432,1.694400,0.000000,1.270769,16,184.079000,73.900000,10.500000,1.635320
52,-93.528368,1.694400,0.167427,0.899347,23,113.698000,63.300000,6.100000,1.611200
53,-93.920556,1.694400,0.207546,0.700375,9,78.451900,50.100000,3.900000,1.092160
54,-92.011003,1.694400,0.116560,0.884098,29,158.555000,72.800000,8.900000,1.488640
55,-93.536929,1.694400,0.167427,0.899347,24,94.472900,55.800000,4.900000,1.249970
56,-93.167216,1.694400,0.005189,0.968301,0,159.959000,73.400000,9.000000,1.792980
57,-94.529676,2.809053,0.441483,1.655515,7,36.847400,33.200000,1.300000,1.106170
58,-94.594433,1.694400,0.000000,1.412636,5,38.400800,34.600000,1.400000,1.087850
59,-93.739447,1.694400,0.000000,1.213329,19,89.666700,54.600000,4.600000,1.587680
60,-94.557782,1.694400,0.130152,1.472481,0,33.594600,30.800000,1.100000,0.869141
63,-94.612166,0.110764,0.000000,2.463797,28,42.765100,36.400000,1.700000,1.824070
64,-93.206790,1.694400,0.116560,0.884098,15,132.922000,69.400000,7.300000,1.609750
65,-93.178363,1.694400,0.167427,0.700375,20,153.649000,72.500000,8.600000,1.524090
66,-94.904344,0.110764,0.000000,2.686580,23,20.395900,21.200000,0.300000,0.461091
67,-93.606786,1.694400,0.167427,0.912925,23,108.891000,62.700000,5.800000,1.518850
68,-93.169858,1.694400,0.000000,0.944365,0,129.553000,67.000000,7.100000,1.555640
69,-93.186316,1.694400,0.005189,0.968301,0,151.573000,72.300000,8.500000,1.714250
70,-94.158476,1.694400,0.167427,1.059854,19,64.033700,46.000000,3.000000,1.389350
71,-94.216775,1.694400,0.000000,1.263593,4,68.839900,47.400000,3.300000,1.164680
72,-93.094836,1.694400,0.000000,0.789160,25,128.116000,66.400000,7.000000,1.206690
73,-92.090041,1.694400,0.000000,1.270769,17,166.381000,73.700000,9.400000,1.785490
74,-94.538606,1.537313,0.703880,1.604610,13,38.385100,33.700000,1.400000,1.187020
75,-92.244922,1.694400,0.000000,1.309907,24,155.294000,72.700000,8.700000,1.759140
76,-91.745655,1.694400,0.116560,0.608552,26,184.023000,73.800000,10.500000,1.092880
77,-94.502216,1.537313,0.677252,1.603937,12,41.589200,35.400000,1.600000,1.474320
80,-93.164990,1.694400,0.005189,0.944365,0,131.168000,68.500000,7.200000,1.459930
81,-93.208028,1.694400,0.116560,0.884098,28,134.524000,70.400000,7.400000,1.483990
