++ cd /home/clusterusers/siturriaga/itu-maestria/trunk/aedb-mls
++ ITERATIONS=250
++ THREADS=12
++ INSTANCE=50
++ SIMULS=10
++ export LD_LIBRARY_PATH=:/home/clusterusers/siturriaga/ns3Files
++ LD_LIBRARY_PATH=:/home/clusterusers/siturriaga/ns3Files
++ /home/users/siturriaga/bin/mpich2-1.4.1p1/bin/mpiexec -launcher ssh -launcher-exec oarsh -f /var/lib/oar/2644164 -np 9 -ppn 1 bin/mls.rand 29039 250 12 10 50
[DEBUG] argc = 6
[DEBUG] argc = 6
===========================================================
Configuración
===========================================================
   Random seed        = 29039
   MPI size           = 9
   MLS.count_threads  = 12
   MLS.max_iterations = 250
   MLS.number_devices = 50
   MLS.simul_runs     = 10
   MLS.init           = MLS__RANDOM
===========================================================
[DEBUG] argc = 6
[DEBUG] argc = 6
[DEBUG] argc = 6
[DEBUG] argc = 6
[DEBUG] argc = 6
[DEBUG] argc = 6
[DEBUG] argc = 6
[DEBUG][4] Thread 0 starting solution:
-> borders_threshold   : -80.1302
   margin_forwarding   : 2.7019
   min_delay           : 0.8198
   max_delay           : 3.0958
   neighbors_threshold : 23
   energy              : 445.1030
   coverage            : 49.0000
   nforwardings        : 27.3000
   time                : 4.9887
[DEBUG][1] Thread 0 starting solution:
-> borders_threshold   : -84.0011
   margin_forwarding   : 1.6313
   min_delay           : 0.7518
   max_delay           : 3.1300
   neighbors_threshold : 37
   energy              : 346.8020
   coverage            : 49.0000
   nforwardings        : 20.8000
   time                : 4.9041
[DEBUG][3] Thread 0 starting solution:
-> borders_threshold   : -77.1821
   margin_forwarding   : 0.2306
   min_delay           : 0.6285
   max_delay           : 2.7626
   neighbors_threshold : 38
   energy              : 542.0310
   coverage            : 49.0000
   nforwardings        : 33.8000
   time                : 4.4334
[DEBUG][5] Thread 0 starting solution:
-> borders_threshold   : -74.1495
   margin_forwarding   : 2.8009
   min_delay           : 0.5711
   max_delay           : 1.7691
   neighbors_threshold : 36
   energy              : 590.9090
   coverage            : 49.0000
   nforwardings        : 36.5000
   time                : 2.8742
[DEBUG][2] Thread 0 starting solution:
-> borders_threshold   : -73.3263
   margin_forwarding   : 1.5812
   min_delay           : 0.5382
   max_delay           : 1.2452
   neighbors_threshold : 38
   energy              : 606.5610
   coverage            : 48.9000
   nforwardings        : 37.8000
   time                : 2.5365
[INFO][AGA] Kaput!
[INFO] AGA information ============================================ 
[INFO] Population count: 60
[INFO] Population:
(0) borders_threshold   = -91.63
     margin_forwarding   = 0.55
     min_delay           = 0.14
     max_delay           = 0.43
     neighbors_threshold = 19
     energy              = 174.49
     coverage            = 48.90 (0.02)
     nforwardings        = 10.10
     time                = 0.95
0,-91.629405,0.547132,0.143100,0.425972,19,174.494000,48.900000,10.100000,0.948226
(1) borders_threshold   = -93.50
     margin_forwarding   = 0.55
     min_delay           = 0.00
     max_delay           = 0.51
     neighbors_threshold = 10
     energy              = 111.50
     coverage            = 44.20 (0.02)
     nforwardings        = 6.00
     time                = 0.88
1,-93.495049,0.547132,0.000000,0.506354,10,111.503000,44.200000,6.000000,0.884793
(2) borders_threshold   = -94.57
     margin_forwarding   = 0.55
     min_delay           = 0.00
     max_delay           = 0.08
     neighbors_threshold = 0
     energy              = 21.88
     coverage            = 14.80 (0.07)
     nforwardings        = 0.40
     time                = 0.02
2,-94.573702,0.547132,0.000000,0.079654,0,21.877800,14.800000,0.400000,0.020715
(3) borders_threshold   = -92.09
     margin_forwarding   = 0.55
     min_delay           = 0.11
     max_delay           = 0.81
     neighbors_threshold = 12
     energy              = 160.95
     coverage            = 48.60 (0.02)
     nforwardings        = 9.20
     time                = 1.68
3,-92.088157,0.547132,0.107395,0.807022,12,160.948000,48.600000,9.200000,1.676290
(6) borders_threshold   = -94.42
     margin_forwarding   = 0.55
     min_delay           = 0.12
     max_delay           = 0.48
     neighbors_threshold = 0
     energy              = 36.28
     coverage            = 22.00 (0.05)
     nforwardings        = 1.30
     time                = 0.30
6,-94.422075,0.547132,0.123575,0.483264,0,36.281400,22.000000,1.300000,0.299463
(7) borders_threshold   = -93.49
     margin_forwarding   = 0.55
     min_delay           = 0.00
     max_delay           = 0.97
     neighbors_threshold = 10
     energy              = 106.45
     coverage            = 42.80 (0.02)
     nforwardings        = 5.70
     time                = 1.69
7,-93.486381,0.547132,0.000000,0.968773,10,106.453000,42.800000,5.700000,1.687060
(8) borders_threshold   = -94.71
     margin_forwarding   = 0.55
     min_delay           = 0.09
     max_delay           = 0.43
     neighbors_threshold = 17
     energy              = 18.59
     coverage            = 13.40 (0.07)
     nforwardings        = 0.20
     time                = 0.05
8,-94.713411,0.547132,0.092238,0.425972,17,18.588800,13.400000,0.200000,0.046706
(9) borders_threshold   = -94.26
     margin_forwarding   = 0.55
     min_delay           = 0.00
     max_delay           = 0.32
     neighbors_threshold = 0
     energy              = 61.83
     coverage            = 31.40 (0.03)
     nforwardings        = 2.90
     time                = 0.31
9,-94.255939,0.547132,0.000000,0.321846,0,61.832700,31.400000,2.900000,0.305176
(10) borders_threshold   = -94.14
     margin_forwarding   = 0.55
     min_delay           = 0.03
     max_delay           = 0.43
     neighbors_threshold = 9
     energy              = 62.06
     coverage            = 32.90 (0.03)
     nforwardings        = 2.90
     time                = 0.35
10,-94.140515,0.547132,0.029293,0.425972,9,62.056700,32.900000,2.900000,0.347276
(12) borders_threshold   = -91.62
     margin_forwarding   = 0.55
     min_delay           = 0.09
     max_delay           = 0.81
     neighbors_threshold = 19
     energy              = 172.82
     coverage            = 48.70 (0.02)
     nforwardings        = 10.00
     time                = 1.10
12,-91.617800,0.547132,0.092238,0.807022,19,172.825000,48.700000,10.000000,1.095290
(13) borders_threshold   = -94.23
     margin_forwarding   = 0.55
     min_delay           = 0.10
     max_delay           = 0.47
     neighbors_threshold = 0
     energy              = 57.34
     coverage            = 30.90 (0.03)
     nforwardings        = 2.60
     time                = 0.59
13,-94.226219,0.547132,0.097105,0.472815,0,57.339800,30.900000,2.600000,0.591583
(14) borders_threshold   = -94.49
     margin_forwarding   = 0.55
     min_delay           = 0.00
     max_delay           = 0.62
     neighbors_threshold = 11
     energy              = 26.70
     coverage            = 16.60 (0.06)
     nforwardings        = 0.70
     time                = 0.17
14,-94.490076,0.547132,0.000000,0.622639,11,26.695200,16.600000,0.700000,0.172352
(15) borders_threshold   = -94.44
     margin_forwarding   = 0.55
     min_delay           = 0.14
     max_delay           = 0.84
     neighbors_threshold = 0
     energy              = 34.84
     coverage            = 20.10 (0.05)
     nforwardings        = 1.20
     time                = 0.45
15,-94.437519,0.547132,0.143422,0.840964,0,34.842800,20.100000,1.200000,0.449363
(16) borders_threshold   = -94.43
     margin_forwarding   = 0.55
     min_delay           = 0.16
     max_delay           = 0.43
     neighbors_threshold = 0
     energy              = 34.82
     coverage            = 20.00 (0.05)
     nforwardings        = 1.20
     time                = 0.29
16,-94.427670,0.547132,0.158496,0.425972,0,34.823200,20.000000,1.200000,0.287584
(17) borders_threshold   = -94.14
     margin_forwarding   = 0.55
     min_delay           = 0.00
     max_delay           = 1.01
     neighbors_threshold = 4
     energy              = 79.44
     coverage            = 36.10 (0.03)
     nforwardings        = 4.00
     time                = 1.38
17,-94.142348,0.547132,0.000000,1.011327,4,79.444600,36.100000,4.000000,1.375260
(18) borders_threshold   = -94.54
     margin_forwarding   = 0.55
     min_delay           = 0.09
     max_delay           = 0.84
     neighbors_threshold = 17
     energy              = 25.09
     coverage            = 16.20 (0.06)
     nforwardings        = 0.60
     time                = 0.25
18,-94.535627,0.547132,0.092238,0.837380,17,25.093100,16.200000,0.600000,0.245515
(19) borders_threshold   = -94.45
     margin_forwarding   = 0.55
     min_delay           = 0.08
     max_delay           = 0.90
     neighbors_threshold = 4
     energy              = 28.30
     coverage            = 17.80 (0.06)
     nforwardings        = 0.80
     time                = 0.40
19,-94.449182,0.547132,0.079004,0.895269,4,28.297200,17.800000,0.800000,0.401432
(20) borders_threshold   = -94.19
     margin_forwarding   = 0.55
     min_delay           = 0.00
     max_delay           = 0.28
     neighbors_threshold = 0
     energy              = 84.24
     coverage            = 37.80 (0.03)
     nforwardings        = 4.30
     time                = 0.42
20,-94.189610,0.547132,0.000000,0.282241,0,84.244700,37.800000,4.300000,0.422020
(21) borders_threshold   = -94.15
     margin_forwarding   = 0.55
     min_delay           = 0.10
     max_delay           = 0.51
     neighbors_threshold = 9
     energy              = 63.72
     coverage            = 33.30 (0.03)
     nforwardings        = 3.00
     time                = 0.67
21,-94.150330,0.547132,0.096141,0.506354,9,63.721600,33.300000,3.000000,0.667927
(23) borders_threshold   = -94.20
     margin_forwarding   = 0.55
     min_delay           = 0.00
     max_delay           = 1.13
     neighbors_threshold = 9
     energy              = 65.21
     coverage            = 34.20 (0.03)
     nforwardings        = 3.10
     time                = 1.18
23,-94.201504,0.547132,0.000000,1.128764,9,65.212900,34.200000,3.100000,1.183350
(25) borders_threshold   = -94.35
     margin_forwarding   = 0.55
     min_delay           = 0.01
     max_delay           = 0.47
     neighbors_threshold = 7
     energy              = 49.24
     coverage            = 26.60 (0.04)
     nforwardings        = 2.10
     time                = 0.37
25,-94.349912,0.547132,0.010980,0.468644,7,49.242200,26.600000,2.100000,0.374390
(26) borders_threshold   = -90.32
     margin_forwarding   = 0.55
     min_delay           = 0.00
     max_delay           = 1.03
     neighbors_threshold = 12
     energy              = 204.05
     coverage            = 49.00 (0.02)
     nforwardings        = 12.10
     time                = 1.57
26,-90.324693,0.547132,0.000000,1.030616,12,204.046000,49.000000,12.100000,1.566500
(27) borders_threshold   = -93.26
     margin_forwarding   = 0.55
     min_delay           = 0.24
     max_delay           = 0.41
     neighbors_threshold = 12
     energy              = 124.37
     coverage            = 46.20 (0.02)
     nforwardings        = 6.80
     time                = 1.15
27,-93.259657,0.547132,0.243594,0.412199,12,124.374000,46.200000,6.800000,1.150890
(28) borders_threshold   = -94.08
     margin_forwarding   = 0.55
     min_delay           = 0.00
     max_delay           = 0.41
     neighbors_threshold = 11
     energy              = 68.58
     coverage            = 34.50 (0.03)
     nforwardings        = 3.30
     time                = 0.35
28,-94.076148,0.547132,0.000000,0.412199,11,68.575500,34.500000,3.300000,0.354485
(29) borders_threshold   = -94.10
     margin_forwarding   = 0.55
     min_delay           = 0.00
     max_delay           = 1.13
     neighbors_threshold = 5
     energy              = 70.20
     coverage            = 35.40 (0.03)
     nforwardings        = 3.40
     time                = 1.30
29,-94.102031,0.547132,0.000000,1.128764,5,70.197200,35.400000,3.400000,1.296200
(31) borders_threshold   = -94.43
     margin_forwarding   = 0.55
     min_delay           = 0.19
     max_delay           = 0.58
     neighbors_threshold = 0
     energy              = 34.64
     coverage            = 19.60 (0.05)
     nforwardings        = 1.20
     time                = 0.43
31,-94.432515,0.547132,0.191588,0.579374,0,34.638400,19.600000,1.200000,0.429836
(32) borders_threshold   = -94.46
     margin_forwarding   = 0.55
     min_delay           = 0.16
     max_delay           = 0.57
     neighbors_threshold = 16
     energy              = 23.52
     coverage            = 15.20 (0.07)
     nforwardings        = 0.50
     time                = 0.21
32,-94.456573,0.547132,0.160351,0.565523,16,23.520400,15.200000,0.500000,0.206261
(33) borders_threshold   = -91.98
     margin_forwarding   = 0.55
     min_delay           = 0.09
     max_delay           = 0.58
     neighbors_threshold = 22
     energy              = 148.65
     coverage            = 47.70 (0.02)
     nforwardings        = 8.40
     time                = 0.98
33,-91.978185,0.547132,0.092238,0.584736,22,148.648000,47.700000,8.400000,0.982714
(34) borders_threshold   = -91.70
     margin_forwarding   = 0.55
     min_delay           = 0.00
     max_delay           = 0.55
     neighbors_threshold = 13
     energy              = 158.96
     coverage            = 48.10 (0.02)
     nforwardings        = 9.10
     time                = 0.74
34,-91.696706,0.547132,0.000000,0.547059,13,158.955000,48.100000,9.100000,0.739023
(35) borders_threshold   = -93.45
     margin_forwarding   = 0.55
     min_delay           = 0.00
     max_delay           = 0.51
     neighbors_threshold = 18
     energy              = 108.21
     coverage            = 43.90 (0.02)
     nforwardings        = 5.80
     time                = 0.89
35,-93.452450,0.547132,0.000000,0.505338,18,108.211000,43.900000,5.800000,0.891227
(36) borders_threshold   = -93.75
     margin_forwarding   = 0.55
     min_delay           = 0.30
     max_delay           = 0.42
     neighbors_threshold = 18
     energy              = 92.02
     coverage            = 38.70 (0.03)
     nforwardings        = 4.80
     time                = 1.18
36,-93.751797,0.547132,0.299309,0.424541,18,92.020700,38.700000,4.800000,1.182190
(38) borders_threshold   = -92.99
     margin_forwarding   = 0.55
     min_delay           = 0.00
     max_delay           = 0.47
     neighbors_threshold = 15
     energy              = 146.54
     coverage            = 47.60 (0.02)
     nforwardings        = 8.20
     time                = 0.88
38,-92.985659,0.547132,0.000000,0.472815,15,146.543000,47.600000,8.200000,0.877301
(39) borders_threshold   = -93.46
     margin_forwarding   = 0.55
     min_delay           = 0.00
     max_delay           = 0.97
     neighbors_threshold = 10
     energy              = 118.96
     coverage            = 44.70 (0.02)
     nforwardings        = 6.50
     time                = 1.60
39,-93.463629,0.547132,0.000000,0.968773,10,118.960000,44.700000,6.500000,1.596120
(40) borders_threshold   = -94.09
     margin_forwarding   = 0.55
     min_delay           = 0.00
     max_delay           = 0.28
     neighbors_threshold = 4
     energy              = 65.15
     coverage            = 33.40 (0.03)
     nforwardings        = 3.10
     time                = 0.36
40,-94.088692,0.547132,0.001504,0.282241,4,65.147400,33.400000,3.100000,0.359521
(41) borders_threshold   = -94.38
     margin_forwarding   = 0.55
     min_delay           = 0.12
     max_delay           = 0.48
     neighbors_threshold = 0
     energy              = 37.87
     coverage            = 22.40 (0.04)
     nforwardings        = 1.40
     time                = 0.29
41,-94.376979,0.547132,0.123575,0.483264,0,37.871400,22.400000,1.400000,0.291860
(42) borders_threshold   = -94.09
     margin_forwarding   = 0.55
     min_delay           = 0.12
     max_delay           = 0.84
     neighbors_threshold = 5
     energy              = 81.09
     coverage            = 37.00 (0.03)
     nforwardings        = 4.10
     time                = 1.41
42,-94.093350,0.547132,0.121261,0.840964,5,81.094500,37.000000,4.100000,1.412000
(43) borders_threshold   = -94.87
     margin_forwarding   = 0.55
     min_delay           = 0.00
     max_delay           = 0.08
     neighbors_threshold = 0
     energy              = 16.87
     coverage            = 11.40 (0.09)
     nforwardings        = 0.10
     time                = 0.00
43,-94.865502,0.547132,0.000000,0.079654,0,16.874000,11.400000,0.100000,0.004473
(44) borders_threshold   = -94.42
     margin_forwarding   = 0.55
     min_delay           = 0.00
     max_delay           = 0.97
     neighbors_threshold = 9
     energy              = 39.62
     coverage            = 23.20 (0.04)
     nforwardings        = 1.50
     time                = 0.78
44,-94.416673,0.547132,0.000000,0.968773,9,39.615800,23.200000,1.500000,0.776893
(45) borders_threshold   = -94.22
     margin_forwarding   = 0.55
     min_delay           = 0.00
     max_delay           = 0.55
     neighbors_threshold = 0
     energy              = 61.76
     coverage            = 31.00 (0.03)
     nforwardings        = 2.90
     time                = 0.59
45,-94.222876,0.547132,0.004464,0.547411,0,61.757600,31.000000,2.900000,0.590061
(46) borders_threshold   = -94.34
     margin_forwarding   = 0.55
     min_delay           = 0.00
     max_delay           = 0.47
     neighbors_threshold = 4
     energy              = 47.63
     coverage            = 26.20 (0.04)
     nforwardings        = 2.00
     time                = 0.34
46,-94.344999,0.547132,0.000000,0.472815,4,47.630900,26.200000,2.000000,0.343928
(47) borders_threshold   = -92.92
     margin_forwarding   = 0.55
     min_delay           = 0.00
     max_delay           = 0.47
     neighbors_threshold = 15
     energy              = 139.37
     coverage            = 46.40 (0.02)
     nforwardings        = 7.80
     time                = 0.86
47,-92.915906,0.547132,0.000000,0.472815,15,139.368000,46.400000,7.800000,0.861374
(48) borders_threshold   = -93.25
     margin_forwarding   = 0.55
     min_delay           = 0.00
     max_delay           = 1.12
     neighbors_threshold = 18
     energy              = 101.84
     coverage            = 41.20 (0.02)
     nforwardings        = 5.40
     time                = 1.73
48,-93.250893,0.547132,0.000000,1.123606,18,101.841000,41.200000,5.400000,1.732640
(49) borders_threshold   = -93.74
     margin_forwarding   = 0.55
     min_delay           = 0.31
     max_delay           = 0.42
     neighbors_threshold = 5
     energy              = 103.42
     coverage            = 41.80 (0.02)
     nforwardings        = 5.50
     time                = 0.97
49,-93.743375,0.547132,0.310676,0.424541,5,103.419000,41.800000,5.500000,0.971200
(51) borders_threshold   = -94.47
     margin_forwarding   = 0.92
     min_delay           = 0.21
     max_delay           = 0.00
     neighbors_threshold = 0
     energy              = 30.17
     coverage            = 18.90 (0.05)
     nforwardings        = 0.90
     time                = 0.08
51,-94.474832,0.919817,0.214699,0.000000,0,30.165900,18.900000,0.900000,0.078939
(52) borders_threshold   = -94.35
     margin_forwarding   = 0.55
     min_delay           = 0.00
     max_delay           = 0.63
     neighbors_threshold = 5
     energy              = 49.17
     coverage            = 26.40 (0.04)
     nforwardings        = 2.10
     time                = 0.65
52,-94.347164,0.547132,0.000000,0.627713,5,49.171600,26.400000,2.100000,0.647647
(53) borders_threshold   = -94.21
     margin_forwarding   = 0.55
     min_delay           = 0.07
     max_delay           = 0.28
     neighbors_threshold = 9
     energy              = 50.89
     coverage            = 30.00 (0.03)
     nforwardings        = 2.20
     time                = 0.28
53,-94.209898,0.547132,0.069917,0.277790,9,50.886600,30.000000,2.200000,0.278533
(54) borders_threshold   = -94.10
     margin_forwarding   = 2.72
     min_delay           = 0.01
     max_delay           = 0.90
     neighbors_threshold = 34
     energy              = 40.05
     coverage            = 25.30 (0.04)
     nforwardings        = 1.50
     time                = 0.50
54,-94.098538,2.724628,0.008828,0.899078,34,40.051500,25.300000,1.500000,0.500946
(55) borders_threshold   = -94.58
     margin_forwarding   = 0.55
     min_delay           = 0.00
     max_delay           = 1.75
     neighbors_threshold = 0
     energy              = 23.69
     coverage            = 15.30 (0.07)
     nforwardings        = 0.50
     time                = 0.45
55,-94.578650,0.547132,0.000000,1.747483,0,23.692600,15.300000,0.500000,0.452716
(56) borders_threshold   = -94.21
     margin_forwarding   = 0.55
     min_delay           = 0.10
     max_delay           = 0.47
     neighbors_threshold = 0
     energy              = 57.28
     coverage            = 30.20 (0.03)
     nforwardings        = 2.60
     time                = 0.59
56,-94.210127,0.547132,0.097105,0.472815,0,57.281600,30.200000,2.600000,0.591585
(57) borders_threshold   = -93.75
     margin_forwarding   = 0.55
     min_delay           = 0.25
     max_delay           = 0.75
     neighbors_threshold = 7
     energy              = 90.66
     coverage            = 38.10 (0.03)
     nforwardings        = 4.70
     time                = 1.28
57,-93.750858,0.547132,0.248486,0.754302,7,90.661900,38.100000,4.700000,1.280980
(58) borders_threshold   = -91.03
     margin_forwarding   = 0.55
     min_delay           = 0.00
     max_delay           = 1.03
     neighbors_threshold = 13
     energy              = 173.38
     coverage            = 48.80 (0.02)
     nforwardings        = 10.00
     time                = 1.38
58,-91.030000,0.547132,0.000000,1.030616,13,173.380000,48.800000,10.000000,1.380220
(59) borders_threshold   = -94.07
     margin_forwarding   = 0.55
     min_delay           = 0.03
     max_delay           = 0.43
     neighbors_threshold = 13
     energy              = 76.56
     coverage            = 36.00 (0.03)
     nforwardings        = 3.80
     time                = 0.43
59,-94.069666,0.547132,0.031604,0.425972,13,76.556400,36.000000,3.800000,0.427703
(61) borders_threshold   = -92.92
     margin_forwarding   = 0.55
     min_delay           = 0.00
     max_delay           = 0.47
     neighbors_threshold = 15
     energy              = 139.56
     coverage            = 46.80 (0.02)
     nforwardings        = 7.80
     time                = 0.89
61,-92.920288,0.547132,0.000000,0.472815,15,139.560000,46.800000,7.800000,0.893469
(62) borders_threshold   = -94.57
     margin_forwarding   = 0.92
     min_delay           = 0.61
     max_delay           = 0.70
     neighbors_threshold = 0
     energy              = 23.72
     coverage            = 16.00 (0.06)
     nforwardings        = 0.50
     time                = 0.27
62,-94.566821,0.919817,0.610970,0.699297,0,23.720100,16.000000,0.500000,0.269352
(63) borders_threshold   = -94.11
     margin_forwarding   = 0.55
     min_delay           = 0.03
     max_delay           = 0.43
     neighbors_threshold = 10
     energy              = 74.97
     coverage            = 35.70 (0.03)
     nforwardings        = 3.70
     time                = 0.42
63,-94.105186,0.547132,0.031604,0.425972,10,74.970500,35.700000,3.700000,0.421187
(64) borders_threshold   = -93.48
     margin_forwarding   = 0.55
     min_delay           = 0.00
     max_delay           = 0.51
     neighbors_threshold = 8
     energy              = 95.25
     coverage            = 40.90 (0.02)
     nforwardings        = 5.00
     time                = 0.78
64,-93.476950,0.547132,0.000000,0.506354,8,95.251600,40.900000,5.000000,0.781366
(65) borders_threshold   = -93.89
     margin_forwarding   = 2.72
     min_delay           = 0.07
     max_delay           = 0.37
     neighbors_threshold = 33
     energy              = 46.46
     coverage            = 25.50 (0.04)
     nforwardings        = 1.90
     time                = 0.37
65,-93.886715,2.724628,0.068034,0.370012,33,46.459700,25.500000,1.900000,0.366650
(66) borders_threshold   = -94.94
     margin_forwarding   = 0.55
     min_delay           = 0.16
     max_delay           = 0.57
     neighbors_threshold = 15
     energy              = 15.38
     coverage            = 11.00 (0.09)
     nforwardings        = 0.00
     time                = 0.00
66,-94.943728,0.547132,0.160351,0.565523,15,15.384700,11.000000,0.000000,0.000737
(68) borders_threshold   = -94.67
     margin_forwarding   = 0.55
     min_delay           = 0.09
     max_delay           = 0.37
     neighbors_threshold = 16
     energy              = 20.19
     coverage            = 13.80 (0.07)
     nforwardings        = 0.30
     time                = 0.06
68,-94.671714,0.547132,0.092238,0.373637,16,20.190900,13.800000,0.300000,0.058176
(72) borders_threshold   = -93.82
     margin_forwarding   = 0.55
     min_delay           = 0.01
     max_delay           = 0.47
     neighbors_threshold = 9
     energy              = 92.11
     coverage            = 39.60 (0.03)
     nforwardings        = 4.80
     time                = 0.75
72,-93.819021,0.547132,0.010980,0.468644,9,92.112300,39.600000,4.800000,0.753680

real	188m31.595s
user	157m51.640s
sys	30m21.434s
