[INFO][5] Cantidad de iteraciones: 3000
[INFO][1] Cantidad de iteraciones: 3000
[INFO][3] Cantidad de iteraciones: 3000
[INFO][4] Cantidad de iteraciones: 3000
[INFO][8] Cantidad de iteraciones: 3000
[INFO][2] Cantidad de iteraciones: 3000
[INFO][7] Cantidad de iteraciones: 3000
[INFO][6] Cantidad de iteraciones: 3000

id,borders_threshold,margin_forwarding,min_delay,max_delay,neighbors_threshold,energy,coverage,nforwardings,time
0,-71.890643,2.965781,0.761403,2.202024,1,0.395571,13.000000,12.100000,5.223380
1,-93.802185,0.099230,0.109398,0.969900,37,115.347000,65.300000,6.300000,1.514670
2,-92.271805,0.099230,0.020550,0.969900,27,168.206000,73.800000,9.700000,1.445090
3,-92.854798,0.099230,0.020550,0.991613,27,153.095000,72.500000,8.700000,1.556590
4,-92.531808,1.713229,0.000000,0.517902,17,156.908000,73.000000,8.800000,0.752696
5,-71.604913,2.696597,0.710459,0.876439,0,0.083113,5.900000,5.600000,1.504210
6,-95.000000,0.099230,0.220829,0.969900,21,15.741300,17.800000,0.000000,0.000787
7,-70.601955,2.696597,0.038012,0.876439,6,4.234940,11.800000,11.200000,1.436980
8,-93.242431,1.713229,0.460477,0.607177,5,128.116000,68.400000,7.000000,1.702030
9,-72.340757,2.696597,0.030262,0.883643,4,4.032580,9.000000,8.500000,1.549040
10,-94.560582,0.099230,0.020550,0.991483,20,55.376200,43.800000,2.500000,0.987945
11,-70.789943,2.696597,0.475835,0.876439,5,0.016170,7.400000,7.300000,1.541990
12,-71.506649,2.696597,0.000000,0.000000,6,4.529370,9.200000,8.900000,0.002547
13,-94.284146,0.099230,0.000000,0.969900,6,80.564700,55.700000,4.100000,1.531800
14,-94.029289,0.099230,0.020550,1.185921,21,94.525700,62.300000,5.000000,1.533650
15,-94.649036,2.666419,1.000000,2.776247,0,28.837100,30.500000,0.800000,1.246530
16,-94.266833,0.099230,0.020550,1.128248,15,78.979600,52.600000,4.000000,1.435330
17,-70.681913,2.696597,0.157664,0.876439,0,0.055767,5.600000,5.100000,1.079930
18,-93.438972,0.099230,0.020550,0.954098,21,126.063000,67.500000,7.000000,1.227460
19,-94.841451,0.099230,0.000000,0.969900,2,36.201900,32.400000,1.300000,0.681909
20,-93.994826,0.099230,0.020550,0.991483,9,93.323000,59.000000,4.900000,1.571310
21,-94.978102,0.099230,0.300631,3.652596,35,17.270800,19.200000,0.100000,0.340858
22,-72.819908,2.696597,0.157664,0.876439,0,1.857840,9.500000,9.000000,1.936560
23,-73.339916,2.696597,0.710459,0.876439,0,0.516733,7.400000,6.800000,1.969620
24,-94.759888,1.008895,1.000000,2.955130,41,20.699700,22.800000,0.300000,0.678790
25,-94.762396,0.099230,0.640588,0.969900,41,52.111100,43.400000,2.300000,1.634680
26,-72.456499,2.696597,0.710967,0.438049,0,3.155270,6.600000,6.300000,1.139960
27,-72.736581,2.696597,0.288161,0.876439,1,6.550930,8.800000,8.200000,1.388080
28,-74.275415,2.696597,0.000000,0.876439,0,11.392000,7.600000,7.100000,0.999920
29,-92.218380,0.099230,0.000000,1.173600,33,158.960000,73.300000,9.100000,1.532610
30,-94.737821,1.008895,1.000000,2.955130,40,22.301700,25.300000,0.400000,0.826011
31,-94.861049,0.215844,0.448173,2.749151,6,20.313400,22.600000,0.300000,0.604838
32,-72.463655,2.696597,0.030262,0.883643,10,1.946040,8.200000,7.700000,1.316460
33,-71.388971,2.696597,0.710459,0.933312,0,0.840015,6.000000,5.700000,1.607680
34,-94.794687,0.215844,0.448173,3.165858,14,23.571800,26.500000,0.500000,1.102840
35,-94.513486,0.099230,0.220829,0.969900,22,75.992600,51.500000,3.800000,1.795060
36,-72.510720,2.696597,0.157664,0.000000,1,0.354180,8.400000,8.300000,0.209344
37,-94.512106,0.099230,0.231169,1.077082,18,78.958900,52.500000,4.000000,1.864670
38,-72.263929,2.696597,0.710967,0.969345,4,1.409590,7.500000,7.000000,1.969830
39,-94.238639,0.099230,0.020550,0.969900,9,85.406100,56.600000,4.400000,1.383640
40,-94.922476,0.215844,0.448173,3.165858,13,18.918400,21.100000,0.200000,0.540538
41,-94.482786,0.850651,0.367693,1.741157,6,43.080800,35.800000,1.700000,1.110330
42,-73.216161,2.696597,0.393320,0.000000,6,5.953490,9.900000,9.400000,0.670673
43,-72.633930,2.696597,0.173906,0.876439,7,4.802390,9.500000,8.800000,1.722550
44,-94.905680,0.215844,0.470456,3.165858,12,20.319500,22.700000,0.300000,0.611673
45,-94.759768,0.099230,0.860875,0.962269,29,48.938800,42.300000,2.100000,1.648830
46,-94.686310,2.666419,1.000000,2.776247,0,25.633000,29.300000,0.600000,0.955981
47,-94.853306,0.215844,0.448173,3.165858,12,22.004400,24.200000,0.400000,0.869615
48,-94.569358,0.099230,0.220829,0.969900,21,56.937300,45.400000,2.600000,1.147010
49,-94.534012,0.850651,0.260652,1.741157,10,38.274600,33.500000,1.400000,1.039140
50,-94.988934,0.215844,1.000000,3.165858,10,17.324700,19.300000,0.100000,0.301123
51,-94.706542,0.099230,0.640588,0.969900,39,46.967400,40.100000,2.000000,1.567770
52,-91.219891,0.099230,0.000000,0.714841,43,187.019000,74.000000,10.900000,0.907309
53,-94.682197,0.099230,0.220829,1.220349,13,61.724500,48.900000,2.900000,1.516110
54,-94.610564,0.099230,0.640588,0.969900,40,60.244800,47.200000,2.800000,1.543840
55,-72.083678,2.696597,0.710459,0.938426,0,0.977621,5.700000,5.300000,1.551150
56,-94.022446,0.099230,0.000000,1.252617,25,111.883000,65.100000,6.100000,1.609110
57,-94.839671,0.099230,0.068014,0.973314,0,34.366500,31.100000,1.200000,0.729450
58,-72.085792,2.696597,0.710967,0.938426,0,0.814478,5.800000,5.400000,1.616870
59,-71.069225,2.696597,0.038012,0.876439,5,1.406040,8.400000,8.200000,1.665070
60,-94.697118,0.099230,0.020550,0.969900,1,44.332700,36.600000,1.800000,0.847536
61,-94.658506,0.099230,0.282013,1.017581,21,63.364700,50.400000,3.000000,1.459320
62,-94.553038,0.099230,0.220829,0.969900,21,58.558400,46.900000,2.700000,1.213310
63,-73.863048,2.696597,0.000000,0.000000,0,15.468700,19.500000,18.700000,0.006717
64,-92.803992,0.099230,0.020550,0.969900,26,152.295000,72.100000,8.700000,1.508190
65,-71.931318,2.696597,0.710459,0.816283,5,4.792480,8.900000,8.400000,1.836290
66,-73.271368,2.696597,0.265695,1.124021,0,0.041792,7.700000,7.400000,1.709650
67,-72.677821,2.696597,0.173906,0.876439,7,4.039210,8.300000,7.900000,1.661910
68,-94.682458,0.099230,0.220829,0.779375,16,43.757000,36.300000,1.800000,0.861836
69,-70.389179,2.696597,0.157664,0.876439,7,1.395070,6.300000,5.700000,1.001190
70,-94.239757,0.099230,0.166757,0.969900,4,78.688900,52.100000,4.000000,1.490190
71,-70.258612,2.696597,0.157664,0.876439,6,0.073494,5.000000,4.500000,0.897074
72,-94.201034,0.099230,0.000000,1.028504,18,93.345200,60.000000,4.900000,1.531670
73,-94.750761,0.099230,0.640588,0.969900,40,51.794500,42.800000,2.300000,1.732970
74,-93.170668,1.713229,0.000000,0.517902,2,134.157000,69.700000,7.400000,0.823952
75,-93.396137,0.099230,0.020550,0.954098,22,130.877000,69.400000,7.300000,1.408560
76,-94.619428,0.099230,0.282013,1.017581,22,63.382400,50.600000,3.000000,1.366370
77,-73.901140,2.696597,0.710459,0.816283,0,11.572300,8.100000,7.500000,1.741860
78,-92.522965,1.713229,0.000000,0.517902,16,160.159000,73.400000,9.000000,0.926049
79,-92.062476,1.713229,0.460477,0.607177,7,177.233000,73.900000,10.300000,1.988280
80,-94.758867,0.099230,0.640588,0.501054,41,32.991300,31.000000,1.100000,0.602918
81,-73.675333,2.696597,0.710459,0.876439,0,4.918000,5.700000,5.200000,1.268590
82,-94.022982,0.099230,0.020550,0.991483,13,101.306000,64.900000,5.400000,1.152530
84,-92.750101,0.099230,0.000000,1.434537,16,141.689000,70.800000,8.000000,1.846800
85,-70.815825,2.696597,0.000000,0.876439,11,2.367580,11.200000,10.300000,1.727230
86,-70.079952,2.696597,0.157664,0.876439,7,10.353200,11.800000,10.900000,1.663820
87,-93.134357,0.099230,0.000000,1.062682,23,144.669000,71.900000,8.200000,1.839660
88,-71.471711,2.696597,0.157664,0.000000,6,2.972270,8.800000,8.400000,0.190305
89,-94.304647,0.099230,0.000000,0.969900,5,78.998400,54.400000,4.000000,1.490690
90,-70.982494,2.696597,0.288161,0.876439,0,2.047340,8.700000,8.100000,1.480800
91,-70.000000,2.696597,0.710459,0.816283,7,0.774709,10.200000,9.700000,1.897680
92,-94.711056,0.099230,0.000000,1.374785,24,48.759500,41.100000,2.100000,1.525080
93,-93.419748,0.099230,0.020550,0.954098,25,119.688000,67.000000,6.600000,1.291910
94,-94.081738,0.099230,0.000000,0.969900,35,91.519000,58.700000,4.800000,1.221920
95,-94.656317,0.099230,0.023886,1.004002,30,60.405700,47.300000,2.800000,1.075090
96,-73.512848,2.696597,0.000000,0.816283,5,11.311000,12.300000,12.000000,1.592380
97,-94.713876,0.099230,0.545546,0.969900,2,42.478400,35.700000,1.700000,1.134570
98,-73.002322,2.696597,0.157664,0.876439,2,2.347820,7.000000,6.500000,1.469340
99,-72.544082,2.696597,0.000000,0.883643,5,3.248240,7.200000,6.700000,0.914955
