[INFO][1] Cantidad de iteraciones: 3000
[INFO][6] Cantidad de iteraciones: 3000
[INFO][4] Cantidad de iteraciones: 3000
[INFO][8] Cantidad de iteraciones: 3000
[INFO][7] Cantidad de iteraciones: 3000
[INFO][3] Cantidad de iteraciones: 3000
[INFO][5] Cantidad de iteraciones: 3000
[INFO][2] Cantidad de iteraciones: 3000

id,borders_threshold,margin_forwarding,min_delay,max_delay,neighbors_threshold,energy,coverage,nforwardings,time
0,-94.701485,0.520377,0.776128,3.433139,0,22.199600,25.300000,0.400000,0.889010
1,-94.886748,0.114234,0.611075,1.125456,0,28.199200,28.300000,0.800000,0.754493
2,-94.587417,0.114234,0.477338,0.948830,0,44.315500,37.000000,1.800000,1.154950
3,-94.949365,0.114234,0.130442,3.562105,0,18.861900,21.000000,0.200000,0.595206
4,-93.616163,0.114234,0.000000,0.948830,6,123.686000,67.200000,6.900000,1.457660
5,-73.367399,1.115029,0.175022,3.749415,9,1.237490,8.500000,6.700000,6.145050
6,-93.972591,0.114234,0.000000,0.948830,5,105.041000,63.700000,5.700000,1.224890
7,-74.742062,1.991700,0.665371,4.828299,9,8.336110,6.500000,4.600000,4.900260
8,-94.734238,0.114234,0.100565,0.569968,0,32.988000,30.700000,1.100000,0.435635
9,-94.208189,0.114234,0.000000,1.245129,2,70.258100,49.400000,3.500000,1.644160
10,-91.801498,0.597204,0.933880,3.781666,30,184.930000,73.900000,10.600000,6.246380
11,-94.897066,0.114234,0.130442,3.562105,0,20.408700,21.200000,0.300000,0.627813
12,-94.910580,0.520377,0.776128,2.574835,9,18.999900,21.100000,0.200000,0.453973
13,-94.600285,0.114234,0.452649,0.948830,0,58.429100,46.300000,2.700000,1.586420
14,-94.198533,0.114234,0.000000,0.232923,0,98.045100,59.800000,5.300000,0.366963
15,-90.840446,0.905090,0.119690,3.623421,41,197.374000,74.000000,11.400000,4.585770
16,-75.492587,1.254064,0.563073,4.341510,5,4.212220,5.200000,4.700000,5.588810
17,-92.247373,2.139091,0.812075,1.829498,13,160.104000,71.000000,9.000000,4.033920
18,-91.910521,1.619854,0.609466,1.929889,19,161.577000,72.600000,9.100000,4.766850
19,-94.786718,0.520377,0.776128,2.574835,10,20.602000,22.800000,0.300000,0.581403
20,-94.212560,0.114234,0.000000,0.948830,3,74.591400,50.800000,3.800000,1.110800
21,-94.689472,0.520377,0.795160,2.574835,4,23.787000,27.400000,0.500000,0.857740
22,-95.000000,0.114234,0.072980,3.562105,2,15.744300,17.800000,0.000000,0.000787
23,-94.893118,0.114234,0.611075,1.142812,0,23.600700,25.400000,0.500000,0.488665
25,-94.390814,2.874013,0.117057,1.945922,0,48.061800,38.000000,2.000000,1.393210
26,-94.746015,0.114234,0.151401,1.103394,0,50.083900,39.400000,2.200000,1.401000
27,-94.723100,0.114234,0.108111,1.232810,0,40.875700,34.100000,1.600000,0.920006
28,-93.754170,0.114234,0.000000,0.948830,6,103.339000,61.200000,5.600000,1.461480
29,-94.265423,0.114234,0.000000,0.948830,4,73.715800,49.800000,3.700000,1.124790
30,-93.821973,0.520377,0.696567,0.487317,0,103.329000,60.100000,5.600000,1.995610
31,-94.861414,0.114234,0.000000,0.507632,0,28.467600,28.700000,0.800000,0.200506
32,-94.262135,0.114234,0.072980,0.948830,4,81.504600,53.600000,4.200000,1.504060
34,-94.983438,0.520377,1.000000,2.574835,17,17.397800,19.300000,0.100000,0.246475
35,-94.335205,2.874013,0.117057,1.945922,0,49.663900,38.400000,2.100000,1.427200
36,-94.993376,0.114234,0.130442,3.562105,0,17.278300,19.200000,0.100000,0.331208
37,-94.890856,0.114234,0.053230,3.595571,0,23.610400,25.500000,0.500000,0.902412
38,-94.879287,0.114234,0.100565,3.595571,0,28.233000,28.400000,0.800000,1.541160
39,-94.737647,0.114234,0.452649,0.948830,0,43.994000,36.100000,1.800000,1.143850
40,-94.110957,0.114234,0.074768,0.904543,4,83.135800,54.800000,4.300000,1.443930
41,-94.607932,0.114234,0.468361,1.067131,0,45.919800,37.900000,1.900000,1.241000
42,-94.541887,2.874013,0.229646,1.711358,0,36.847400,33.200000,1.300000,1.090900
43,-94.527230,0.520377,0.696567,2.574835,3,39.807600,33.700000,1.500000,1.730160
44,-94.080985,0.114234,0.072980,0.948830,4,79.807300,52.100000,4.100000,1.247770
45,-94.081430,0.114234,0.000000,0.924980,6,92.591300,57.300000,4.900000,1.168420
46,-93.588953,0.114234,0.074768,0.948830,7,127.377000,68.300000,7.100000,1.615230
47,-94.880499,0.114234,0.000019,3.595571,0,29.835100,30.000000,0.900000,1.911510
48,-93.231449,0.114234,0.072980,0.948830,8,148.979000,70.500000,8.500000,1.439960
49,-94.811128,0.114234,0.000000,0.292374,0,34.612800,33.000000,1.200000,0.195816
50,-94.160662,0.114234,0.072980,0.948830,4,75.373000,51.800000,3.800000,1.073400
51,-94.866866,0.114234,0.155704,1.125456,0,26.820500,27.600000,0.700000,0.453505
52,-93.578919,0.114234,0.072980,0.948830,7,135.196000,69.900000,7.600000,1.740530
53,-94.845135,0.114234,0.016326,0.292374,0,34.465900,32.700000,1.200000,0.242681
54,-94.744302,0.114234,0.000000,0.789436,0,51.906100,42.800000,2.300000,0.945876
55,-94.737604,0.114234,0.072980,1.120238,0,61.252800,47.600000,2.900000,1.624080
56,-93.620985,0.114234,0.000000,0.948830,6,118.960000,65.600000,6.600000,1.457660
57,-94.631967,0.114234,0.127982,1.232810,0,50.685800,39.900000,2.200000,1.385220
58,-94.140543,0.114234,0.072980,0.948830,4,73.792700,50.100000,3.700000,1.150780
59,-94.691334,0.114234,0.784119,0.647273,0,37.944700,33.600000,1.400000,0.903463
61,-94.306860,0.114234,0.087840,1.125456,0,55.946200,43.900000,2.600000,1.120090
62,-94.823506,0.114234,0.100565,0.914265,0,34.392400,31.100000,1.200000,0.718771
63,-94.841527,0.114234,0.000000,0.392422,0,32.796800,30.400000,1.100000,0.311439
64,-91.788314,2.349558,0.000000,1.487244,12,169.021000,73.600000,9.600000,1.507680
65,-94.694634,0.114234,0.452649,0.948830,0,63.322600,48.800000,3.000000,1.756450
66,-94.751548,0.114234,0.477338,0.948830,0,54.730400,43.000000,2.500000,1.585830
68,-94.687172,0.114234,0.477338,0.948830,0,41.190800,34.200000,1.600000,0.917064
69,-94.276980,0.114234,0.188968,0.948830,4,80.196700,53.100000,4.100000,1.297190
70,-75.834731,1.115029,0.175022,0.000000,4,8.133960,11.300000,10.400000,0.361479
71,-93.962791,0.114234,0.000000,0.948830,4,94.271900,59.100000,5.000000,1.402240
72,-94.196800,0.114234,0.188968,0.948830,4,83.252200,56.600000,4.300000,1.670040
73,-94.508862,1.619854,0.308436,1.929889,17,41.597400,36.000000,1.600000,1.191650
