[INFO][1] Cantidad de iteraciones: 3000
[INFO][6] Cantidad de iteraciones: 3000
[INFO][4] Cantidad de iteraciones: 3000
[INFO][8] Cantidad de iteraciones: 3000
[INFO][5] Cantidad de iteraciones: 3000
[INFO][7] Cantidad de iteraciones: 3000
[INFO][3] Cantidad de iteraciones: 3000
[INFO][2] Cantidad de iteraciones: 3000

id,borders_threshold,margin_forwarding,min_delay,max_delay,neighbors_threshold,energy,coverage,nforwardings,time
0,-94.952166,0.053514,0.790946,1.023922,7,17.286700,18.600000,0.100000,0.091706
1,-74.280796,0.053514,0.000000,1.073786,11,4.364390,10.800000,9.900000,1.545730
2,-75.279402,0.053514,0.124164,1.095554,9,0.287258,3.900000,3.200000,0.703259
3,-76.247946,0.053514,0.124164,1.095554,7,2.672790,10.200000,9.000000,1.744600
4,-72.820851,0.942601,0.202254,4.641061,10,0.619467,12.200000,10.000000,6.746880
5,-77.695439,0.053514,0.000000,0.040074,6,14.408100,11.200000,9.500000,0.074064
6,-94.965453,0.169443,0.910677,2.513197,39,17.305900,19.300000,0.100000,0.240103
7,-93.564897,2.474577,0.287640,4.306558,32,97.725700,61.800000,5.100000,5.776190
8,-94.691111,1.780432,0.333015,2.829037,28,23.990800,27.400000,0.500000,0.865285
9,-74.790002,0.053514,1.000000,0.593269,7,2.787000,6.900000,6.100000,1.479110
10,-76.693006,0.053514,0.000000,1.073786,5,6.754410,8.000000,7.000000,1.220770
11,-95.000000,0.053514,0.790946,1.073786,7,15.719900,17.700000,0.000000,0.000787
12,-94.611554,0.053514,0.443725,1.073786,23,58.353900,45.400000,2.700000,1.652540
13,-94.786541,1.780432,0.333015,2.773270,27,20.786700,22.800000,0.300000,0.572433
14,-94.839851,1.780432,0.333015,2.773270,28,19.184700,21.100000,0.200000,0.471572
15,-95.000000,0.169443,0.910677,2.513197,41,15.755300,17.800000,0.000000,0.000787
16,-94.321417,0.053514,0.000000,1.153506,7,66.294900,47.500000,3.200000,1.384890
17,-94.524634,2.177076,0.170030,0.248254,0,44.857300,38.100000,1.800000,0.296107
18,-77.437210,0.053514,0.000000,0.939556,8,8.748090,9.800000,8.100000,1.709890
19,-93.932261,0.053514,0.016502,1.057703,25,83.775700,53.700000,4.300000,1.500570
20,-94.756057,0.053514,0.874056,1.073786,6,37.768800,34.300000,1.400000,1.378310
21,-92.662783,2.177076,0.170030,0.248254,0,164.678000,73.700000,9.300000,0.866942
22,-77.887780,0.053514,0.000000,1.139595,0,13.054800,11.000000,9.900000,1.451220
23,-94.642228,0.169443,0.910677,1.329915,40,50.699600,40.600000,2.200000,1.949850
24,-94.582998,1.780432,1.000000,2.773270,45,28.797000,30.500000,0.800000,1.245620
25,-94.133858,2.177076,0.170030,0.959149,18,64.082000,46.300000,3.000000,1.237230
26,-94.891117,0.169443,0.910677,2.513197,45,20.287100,22.600000,0.300000,0.601110
27,-76.767621,0.053514,0.000000,1.272106,6,0.220829,7.900000,7.400000,1.666550
28,-76.950672,0.053514,0.000000,1.095554,1,1.344580,8.100000,7.500000,1.356500
29,-94.697044,0.053514,0.874056,1.073786,1,42.290600,36.900000,1.700000,1.600780
30,-76.311933,0.053514,0.029688,1.532267,5,1.070890,6.500000,6.100000,1.895860
31,-94.550907,0.169443,0.276722,1.076907,44,54.188300,43.400000,2.400000,1.339820
32,-77.665006,0.053514,0.000000,1.073786,6,6.964950,9.300000,8.200000,1.803810
33,-75.146277,0.053514,0.874056,1.073786,7,4.845820,5.800000,4.800000,1.146150
34,-94.743755,0.273986,0.441046,3.939576,23,23.608500,25.800000,0.500000,1.179400
35,-91.653951,0.053514,0.000000,1.013570,23,171.512000,73.800000,9.900000,1.179870
37,-74.797907,0.053514,0.080238,0.558865,10,0.640358,7.400000,6.700000,0.657962
38,-94.842891,0.169443,0.910677,2.513197,39,23.539300,25.500000,0.500000,0.748588
39,-94.310556,0.053514,0.000000,1.073786,8,88.750500,57.300000,4.600000,1.282200
40,-76.555357,0.053514,0.000000,1.195095,3,4.764810,7.500000,6.900000,1.599710
41,-94.865688,0.169443,1.000000,2.547576,30,21.876400,23.600000,0.400000,0.766711
42,-94.957919,0.169443,0.910677,2.513197,40,20.296300,22.700000,0.300000,0.553374
43,-76.384087,0.053514,0.000621,1.125034,0,1.942580,3.200000,3.000000,0.600360
44,-94.688124,1.780432,1.000000,2.773270,45,25.592900,29.300000,0.600000,0.955219
45,-76.509361,0.053514,0.029688,1.125034,0,0.289705,6.400000,5.800000,1.187600
46,-94.680068,0.053514,0.659286,1.140049,0,36.265100,32.500000,1.300000,1.037420
47,-94.894394,0.169443,0.910677,1.329915,32,18.945200,20.700000,0.200000,0.252483
48,-76.676000,0.053514,0.942465,1.082115,1,1.232750,5.300000,4.600000,1.705930
49,-77.339249,0.053514,0.000000,0.939556,0,8.588630,9.400000,8.500000,1.647700
50,-94.908438,0.053514,0.000000,0.000000,16,32.796400,31.800000,1.100000,0.001570
51,-94.867621,0.169443,0.940456,2.535196,26,21.926700,25.400000,0.400000,0.754036
52,-77.542166,0.053514,0.000000,1.095554,0,8.156110,10.300000,9.400000,1.730500
53,-75.783488,0.053514,0.000000,1.095554,8,1.286260,5.900000,5.100000,1.363190
54,-75.823569,0.053514,0.000000,1.073786,8,0.513006,6.300000,5.400000,1.396350
55,-93.729254,0.053514,0.000000,0.538450,31,130.740000,69.800000,7.300000,0.903557
56,-77.757182,0.053514,0.265960,1.095554,4,6.205350,8.400000,7.300000,1.448010
57,-94.011580,0.169443,0.000000,1.073707,40,91.943800,59.500000,4.800000,1.477790
58,-94.645512,0.169443,0.910677,1.073707,40,48.854000,40.200000,2.100000,1.914810
59,-94.551597,0.169443,0.000000,1.073707,42,71.509800,49.800000,3.500000,1.574900
60,-77.118074,0.053514,0.000000,1.010796,0,4.261810,8.000000,7.200000,1.510030
61,-94.215516,0.053514,0.016502,1.057703,23,86.646100,55.700000,4.500000,1.263930
62,-76.173867,0.053514,0.845762,1.073786,0,0.204580,5.100000,4.700000,1.524370
63,-77.611246,0.053514,0.000000,1.073786,5,7.209280,9.200000,8.100000,1.732510
64,-78.531748,0.053514,0.122450,0.555420,3,12.258200,8.100000,7.000000,0.759907
65,-76.616670,0.053514,0.000000,1.195095,1,0.138975,8.400000,7.700000,1.586460
66,-75.791537,0.053514,0.845762,1.073786,0,0.050369,5.700000,4.800000,1.911810
67,-94.064176,0.053514,0.000000,1.073786,8,113.700000,63.800000,6.200000,1.600680
68,-93.512143,0.053514,0.000000,1.073786,10,105.744000,63.600000,5.700000,1.359790
69,-76.949084,0.053514,0.000000,1.118611,2,3.256800,9.300000,8.700000,1.846890
70,-75.402094,0.053514,0.000000,1.272106,8,2.068980,4.400000,3.600000,1.056630
71,-77.314923,0.053514,0.000000,1.118611,0,5.582520,7.100000,6.100000,1.169280
72,-75.233512,0.053514,0.000000,1.073786,10,0.445292,6.000000,5.700000,1.284260
73,-74.929614,0.053514,0.899314,1.095554,3,0.064775,4.500000,3.800000,1.787270
74,-75.525450,0.053514,0.000000,1.095554,11,5.391160,7.900000,6.700000,1.086970
75,-76.883563,0.053514,0.000000,1.095554,3,0.486352,8.100000,7.600000,1.356500
76,-92.715181,2.177076,0.039471,0.373908,0,147.258000,72.300000,8.200000,0.569404
77,-77.534790,0.053514,0.000000,1.095554,5,9.017910,10.900000,9.700000,1.995960
78,-76.501163,0.053514,0.088128,1.073786,2,0.078265,3.200000,3.100000,0.654829
79,-77.146734,0.053514,0.000000,1.118611,1,4.792810,6.700000,5.700000,0.937686
80,-93.656437,0.053514,1.000000,0.000000,19,119.765000,67.000000,6.600000,1.441740
81,-75.945649,0.053514,0.000000,1.023713,2,1.957650,9.200000,8.300000,1.646830
82,-74.681545,0.053514,0.080238,0.558865,9,0.801971,3.800000,3.100000,0.313816
83,-94.626832,0.169443,0.000000,1.073707,48,50.247300,40.400000,2.200000,1.324130
84,-93.712384,0.169443,0.008407,1.073707,47,123.623000,67.100000,6.800000,1.851680
85,-76.920403,0.053514,0.000000,1.272106,7,3.156240,7.900000,7.200000,1.567970
86,-75.981417,0.053514,0.095429,1.023713,1,0.356863,4.000000,3.700000,0.776005
87,-75.046948,0.053514,0.889155,1.073786,5,1.173310,4.600000,3.800000,1.692900
88,-74.764495,0.053514,0.845762,1.073786,8,6.946750,5.900000,4.900000,1.615810
89,-91.877907,0.053514,0.000000,1.073786,30,181.747000,74.000000,10.600000,1.416690
90,-75.066065,0.053514,0.000000,1.272106,7,0.602541,4.900000,4.100000,0.742203
91,-94.064724,0.053514,0.000000,1.013570,9,82.253700,53.200000,4.200000,0.898795
92,-76.469641,0.053514,0.942465,1.082115,6,6.321430,6.300000,5.200000,1.723690
93,-75.854583,0.053514,0.000000,1.023713,0,0.601498,9.000000,8.100000,1.763650
94,-76.712259,0.053514,0.000000,1.272106,7,1.760990,7.900000,7.300000,1.601930
95,-76.823601,0.053514,0.000000,0.047548,7,8.860830,10.500000,8.600000,0.092898
96,-94.168426,0.169443,0.000000,1.073707,39,73.914300,52.200000,3.700000,1.235690
97,-74.816490,0.053514,0.000000,1.118611,10,6.083240,8.800000,7.700000,1.397620
98,-76.515687,0.053514,0.029688,1.073786,0,0.977470,8.000000,7.400000,1.448220
99,-94.680469,0.053514,0.666745,1.073786,0,40.649800,35.500000,1.600000,1.292490
