[INFO][1] Cantidad de iteraciones: 3000
[INFO][6] Cantidad de iteraciones: 3000
[INFO][4] Cantidad de iteraciones: 3000
[INFO][8] Cantidad de iteraciones: 3000
[INFO][7] Cantidad de iteraciones: 3000
[INFO][5] Cantidad de iteraciones: 3000
[INFO][3] Cantidad de iteraciones: 3000
[INFO][2] Cantidad de iteraciones: 3000

id,borders_threshold,margin_forwarding,min_delay,max_delay,neighbors_threshold,energy,coverage,nforwardings,time
0,-94.316366,1.027645,0.382397,1.916793,43,39.912100,34.000000,1.500000,1.267620
1,-94.117250,0.739624,0.121059,0.522245,14,84.741800,56.200000,4.300000,0.862281
2,-94.162910,0.739624,0.000000,0.218315,8,66.937100,46.800000,3.200000,0.270257
3,-94.178517,0.739624,0.000000,0.245412,15,81.560900,54.000000,4.100000,0.268627
5,-74.354482,1.443295,0.086369,0.755977,0,1.592480,8.300000,7.800000,1.243410
6,-74.622576,1.443295,0.086369,0.424840,0,0.497254,10.200000,9.700000,1.170660
7,-74.453215,1.443295,0.132567,0.412072,0,8.564000,15.200000,13.600000,1.151300
8,-72.679082,1.089502,0.055208,4.023006,13,13.015200,14.600000,11.700000,5.439950
9,-74.523911,1.443295,0.070771,0.412072,0,6.593270,9.600000,8.800000,0.754779
10,-76.501050,0.917910,0.836775,4.202737,5,9.213980,8.800000,7.100000,6.916630
11,-75.078566,1.443295,0.086369,0.707639,2,7.432740,9.500000,8.600000,1.698290
12,-94.221735,0.739624,0.000000,0.327087,21,55.928000,41.500000,2.500000,0.398028
13,-94.877973,0.492311,1.000000,2.468735,37,18.994300,21.100000,0.200000,0.444114
14,-71.978657,1.443295,0.000000,0.604243,10,3.676520,8.500000,7.700000,0.758834
15,-92.416881,0.739624,0.000000,0.996928,38,159.766000,73.300000,9.000000,1.435210
16,-95.000000,0.492311,1.000000,2.468735,39,15.819900,17.800000,0.000000,0.000787
17,-74.008663,1.443295,0.178189,0.309993,6,5.273190,12.800000,11.700000,1.140750
18,-73.726647,1.089502,0.000000,1.011235,9,0.978397,9.000000,8.500000,1.764040
19,-74.514636,1.443295,0.000000,0.604243,2,5.184860,10.500000,9.600000,1.187430
20,-75.600251,1.443295,0.086369,0.412072,0,10.266500,11.400000,10.200000,1.115540
21,-93.352983,1.443295,0.000000,0.412072,5,137.444000,70.800000,7.600000,0.614809
22,-93.860883,1.443295,0.000000,0.849079,5,59.202400,44.800000,2.700000,0.750628
23,-74.648481,1.443295,0.000000,0.544080,4,2.413280,7.800000,7.400000,0.789628
24,-94.220044,0.739624,0.074962,0.299985,15,71.937000,49.900000,3.500000,0.428855
25,-74.063109,1.443295,0.086369,0.413750,8,8.341590,12.500000,11.600000,1.098420
26,-94.570705,2.621559,0.980898,4.527789,11,27.235000,27.600000,0.700000,1.782770
27,-94.129204,0.739624,0.058397,0.583820,16,81.470800,53.200000,4.100000,0.747374
28,-94.246504,0.739624,0.257902,0.418463,34,41.351800,34.400000,1.600000,0.554823
29,-74.587494,1.443295,0.000000,0.412072,6,0.085350,9.500000,8.800000,0.615397
30,-94.512524,1.027645,0.614669,1.614522,38,38.310000,33.500000,1.400000,1.166520
31,-93.331613,1.443295,0.000000,0.849079,1,145.255000,72.200000,8.100000,1.578630
32,-74.976793,1.443295,0.086369,0.886310,3,4.932030,10.700000,9.800000,1.935940
33,-94.100348,0.739624,0.257902,0.599102,32,108.592000,64.500000,5.800000,1.598820
34,-94.686571,0.492311,0.247454,2.468735,39,23.778600,27.400000,0.500000,0.653952
35,-93.863266,0.739624,0.191241,0.226254,27,101.845000,63.500000,5.400000,0.661549
36,-94.690505,0.739624,0.121059,0.006314,13,28.640100,29.100000,0.800000,0.051562
37,-94.689296,1.794261,0.292087,4.967306,11,22.390200,26.800000,0.400000,1.015470
38,-91.476156,0.739624,0.169195,0.583820,42,180.092000,73.900000,10.300000,0.991275
39,-74.337797,1.443295,0.009616,0.737898,3,1.569440,10.000000,9.100000,1.402410
40,-93.667742,0.739624,0.257902,0.583820,32,94.177000,61.100000,4.900000,1.110980
41,-94.978327,0.492311,1.000000,2.468735,33,17.392200,19.300000,0.100000,0.236665
42,-74.406026,1.443295,0.318926,0.737898,0,3.040040,11.100000,10.200000,1.827570
43,-74.256040,1.443295,0.086369,0.413750,2,9.567370,11.400000,10.400000,1.024740
44,-72.955224,1.443295,0.086369,0.737898,9,1.032750,12.100000,11.000000,1.816810
45,-94.136241,0.739624,0.000000,0.299985,17,76.556600,50.500000,3.800000,0.345770
46,-94.081395,0.739624,0.000000,0.299985,16,91.141000,59.200000,4.700000,0.506149
47,-74.596806,1.443295,0.099867,0.755977,1,0.554966,10.700000,10.100000,1.452720
48,-75.316232,1.443295,0.083189,0.594648,4,3.649040,11.000000,9.900000,1.190700
49,-93.840326,0.739624,0.191241,0.226254,24,105.024000,64.400000,5.600000,0.759073
50,-75.052583,1.443295,0.000000,0.599837,0,12.168600,10.900000,9.700000,1.200120
51,-93.341871,0.739624,0.000000,0.583820,29,135.590000,69.300000,7.500000,0.822413
52,-93.801041,0.739624,0.196063,0.226254,29,113.381000,66.300000,6.100000,0.694215
53,-94.119752,0.739624,0.121059,0.696545,16,87.946800,58.300000,4.500000,1.162150
54,-74.517731,1.443295,0.000000,0.544080,6,1.305520,6.800000,6.400000,0.604258
55,-72.384089,1.443295,0.086369,0.413750,13,11.383700,15.800000,15.000000,1.117190
56,-94.499254,0.739624,0.097450,0.468865,32,43.092700,36.200000,1.700000,0.383341
57,-74.550848,1.443295,0.086369,0.413750,11,8.286430,10.100000,9.200000,0.756730
58,-75.652459,1.443295,0.044761,0.821891,5,7.640840,10.400000,9.500000,1.831740
59,-74.886308,1.443295,0.000000,0.821891,0,1.750810,8.800000,8.100000,1.195610
60,-74.651248,1.443295,0.000000,0.604243,6,0.509458,9.600000,9.200000,1.308950
61,-93.785945,1.443295,0.086369,0.400044,14,64.008600,45.700000,3.000000,0.472061
62,-73.850868,1.443295,0.086369,0.737898,7,1.042320,8.100000,7.800000,1.330840
63,-94.135517,0.739624,0.124655,0.481075,19,86.343900,56.900000,4.400000,0.882991
64,-72.988112,1.443295,0.086369,0.737898,10,4.119520,15.300000,13.900000,1.726070
65,-94.168807,0.739624,0.000000,0.045759,26,79.763900,52.600000,4.000000,0.057127
66,-94.520592,0.739624,0.257902,2.555046,26,28.506700,28.100000,0.800000,1.095580
67,-94.503774,0.739624,0.257902,0.299985,19,44.694800,36.500000,1.800000,0.365049
68,-74.047184,1.443295,0.086369,0.505749,6,7.542330,10.300000,9.400000,1.134210
69,-72.566407,1.443295,0.086369,0.000000,10,9.440630,9.000000,8.200000,0.144700
70,-73.662794,1.443295,0.086369,0.737898,7,2.746840,11.700000,10.800000,1.643740
71,-75.747101,1.443295,0.000000,0.809173,0,7.085390,9.100000,8.300000,1.227150
72,-93.800362,0.739624,0.191241,0.226254,28,114.983000,66.400000,6.200000,0.680009
73,-93.953559,0.739624,0.012540,0.583820,47,95.520000,61.300000,5.000000,0.857097
74,-74.497048,1.443295,0.086369,0.424840,0,10.095000,11.800000,10.700000,0.983513
75,-94.809267,0.492311,1.000000,2.468735,46,20.596400,22.800000,0.300000,0.584805
76,-74.544225,1.443295,0.000000,0.413750,0,1.117980,9.800000,8.900000,0.760142
77,-94.473931,0.739624,0.000000,1.544603,28,38.245300,32.700000,1.400000,0.736805
78,-75.121905,1.443295,0.083189,0.594648,0,1.827160,11.000000,10.100000,1.190700
79,-75.539253,1.443295,0.086369,0.412072,0,9.864190,11.400000,10.300000,1.139760
80,-74.767314,1.443295,0.086369,0.737898,6,2.903720,11.200000,10.400000,1.680850
81,-93.428264,1.443295,0.000000,0.871708,14,123.274000,67.500000,6.700000,1.581080
82,-74.261416,1.443295,0.086369,0.413750,10,5.564890,11.600000,10.500000,0.862041
83,-75.739755,1.443295,0.044761,0.821891,3,11.263100,11.800000,10.500000,1.741270
84,-74.866890,1.443295,0.133057,0.755977,4,8.385070,11.300000,10.200000,1.353760
85,-94.353553,1.027645,0.404353,1.916793,43,41.514100,34.600000,1.600000,1.402170
86,-74.554994,1.443295,0.000000,0.424524,0,4.274410,8.900000,8.300000,0.766010
87,-93.354103,1.443295,0.000000,0.427914,21,136.101000,69.500000,7.500000,0.633042
88,-94.174296,0.739624,0.102346,0.409970,26,78.286100,51.000000,3.900000,0.558893
89,-93.450749,1.443295,0.086369,0.388548,1,129.578000,68.900000,7.100000,0.882484
90,-71.911645,1.443295,0.086369,0.704549,9,0.208679,8.500000,8.000000,1.046680
91,-91.575129,1.443295,0.000000,0.158653,26,180.959000,74.000000,10.300000,0.226533
92,-74.413863,1.443295,0.086369,0.737898,4,6.657450,12.400000,11.400000,1.705310
93,-74.428296,1.443295,0.086369,0.744004,5,0.190505,7.200000,6.600000,0.909454
94,-94.527893,0.492311,1.000000,2.468735,44,33.328700,30.400000,1.100000,1.423250
95,-74.278927,1.443295,0.000000,0.737898,3,1.874090,8.300000,7.600000,1.036470
96,-94.129360,0.739624,0.121059,0.481075,19,70.308900,48.800000,3.400000,0.740797
97,-74.560567,1.443295,0.133057,0.755977,6,3.907390,12.200000,10.900000,1.842990
98,-75.549482,1.443295,0.000000,0.413750,1,12.090100,11.500000,10.300000,0.620294
99,-94.527794,0.739624,0.196063,0.226254,25,44.713500,38.700000,1.800000,0.317802
