[INFO][6] Cantidad de iteraciones: 3000
[INFO][8] Cantidad de iteraciones: 3000
[INFO][2] Cantidad de iteraciones: 3000
[INFO][4] Cantidad de iteraciones: 3000
[INFO][5] Cantidad de iteraciones: 3000
[INFO][3] Cantidad de iteraciones: 3000
[INFO][7] Cantidad de iteraciones: 3000
[INFO][1] Cantidad de iteraciones: 3000

id,borders_threshold,margin_forwarding,min_delay,max_delay,neighbors_threshold,energy,coverage,nforwardings,time
0,-74.709554,0.344302,0.000000,2.228285,0,3.741130,2.400000,2.400000,0.844955
1,-91.920421,0.287270,0.045637,0.000000,20,84.787500,17.700000,4.500000,0.069526
2,-93.166076,0.287270,0.000000,0.682112,11,65.046700,15.200000,3.200000,0.690608
3,-74.764986,0.344302,0.582119,5.000000,2,4.953810,2.200000,1.600000,1.621760
4,-94.153800,0.287270,0.883294,0.284759,0,54.656100,13.400000,2.500000,1.000290
5,-94.685699,0.287270,0.567500,0.054620,0,33.803100,10.900000,1.200000,0.322511
6,-93.351285,0.287270,0.390692,0.607098,18,71.161900,16.100000,3.600000,1.079670
7,-94.723195,0.287270,0.390692,0.000000,21,22.674100,8.700000,0.500000,0.111186
8,-86.760645,2.934439,0.000000,0.420222,27,174.917000,23.100000,10.500000,0.780042
9,-74.990907,0.344302,1.000000,0.000000,0,6.798480,2.400000,2.000000,0.345189
10,-94.376293,0.133313,0.000000,0.000000,8,49.559400,13.300000,2.200000,0.001969
11,-87.034973,0.287270,1.000000,0.000000,17,180.711000,23.300000,11.900000,1.840340
12,-94.581377,0.287270,0.000000,0.401589,30,36.213700,11.200000,1.300000,0.185061
13,-94.291164,0.287270,0.883294,0.284759,0,35.923500,11.100000,1.300000,0.715275
14,-72.096106,0.344302,0.582119,5.000000,0,5.311620,2.000000,1.500000,1.596860
15,-92.805586,0.287270,0.250388,0.607098,20,75.884900,17.200000,3.900000,1.296630
16,-92.992402,0.287270,0.390692,0.607098,15,66.575400,15.600000,3.300000,1.074870
17,-74.361055,1.779995,0.000000,3.101913,2,7.019670,2.900000,2.800000,1.302130
18,-94.709619,0.133313,0.311256,0.008363,0,37.385600,11.400000,1.400000,0.231125
19,-87.388658,2.899196,0.983904,0.000000,50,183.597000,23.300000,11.100000,1.709360
20,-75.795799,0.344302,0.582119,2.190508,0,12.202100,3.200000,2.800000,1.508690
21,-73.539928,0.344302,0.000000,4.149795,0,5.870930,2.300000,2.000000,1.473910
22,-71.833577,1.779995,1.000000,2.857957,2,7.132430,3.100000,2.900000,1.352830
23,-80.451455,0.344302,0.575016,0.000000,19,247.407000,23.900000,17.300000,0.879305
24,-75.715160,0.344302,0.582119,2.190508,2,13.267900,3.300000,2.900000,1.543900
25,-90.295547,0.378766,0.137062,3.658809,47,110.735000,19.200000,6.300000,4.951430
26,-94.716530,0.287270,0.567500,0.054620,0,25.878200,9.200000,0.700000,0.255297
27,-93.821309,0.287270,0.411478,0.833340,11,44.182700,12.200000,1.900000,0.986002
28,-94.203614,0.287270,0.883294,0.284759,0,35.812700,11.000000,1.300000,0.715275
29,-77.834896,0.344302,0.000000,2.228285,0,14.031100,2.900000,2.400000,0.978527
30,-73.162055,1.779995,0.000000,2.857957,2,9.424930,2.600000,2.500000,1.593290
31,-93.210857,0.287270,0.000000,0.607098,10,80.829900,17.500000,4.200000,0.801101
32,-95.000000,0.133313,0.000000,0.000000,15,14.883600,4.800000,0.000000,0.000736
33,-89.884845,2.934439,0.318678,0.279141,43,112.649000,19.200000,6.100000,0.831044
34,-72.358340,1.779995,0.758229,2.857957,0,11.674000,3.100000,2.800000,1.841880
35,-94.429038,0.719428,1.000000,0.000000,6,18.026300,7.600000,0.200000,0.148290
36,-94.355766,2.082869,0.699379,3.419564,14,22.383900,8.100000,0.700000,1.432940
37,-93.419308,0.287270,0.000000,0.957694,9,62.497400,14.900000,3.000000,0.676463
38,-88.859182,1.779995,1.000000,0.000000,0,1.423380,1.423380,1.423380,1.423380
39,-70.000000,0.344302,1.000000,5.000000,0,0.245722,2.000000,1.800000,1.944570
40,-93.350241,0.287270,0.000000,0.957694,8,72.293500,16.500000,3.600000,0.949507
41,-90.765985,2.497456,0.012791,1.221093,21,114.159000,20.000000,6.200000,1.591150
42,-86.709148,0.344302,0.575016,0.000000,8,183.988000,23.400000,12.400000,1.130230
43,-70.000000,0.344302,0.575016,4.456754,2,3.947390,1.900000,1.600000,1.509230
44,-90.534265,2.934439,0.318678,0.558450,41,125.560000,21.000000,6.900000,1.519890
45,-87.676229,2.934439,0.318678,0.558450,47,148.405000,22.000000,8.800000,1.613030
46,-70.000000,0.344302,0.582119,5.000000,0,3.676490,1.700000,1.500000,1.596860
47,-93.789141,0.344302,0.181131,1.585623,4,60.995200,14.200000,2.900000,1.474020
48,-92.784504,0.287270,0.000000,0.607098,12,79.538700,17.300000,4.200000,0.798749
49,-92.412163,2.082869,1.000000,0.000000,0,55.654900,13.900000,2.500000,0.712552
50,-75.448519,0.344302,0.000000,2.228285,0,10.031800,2.900000,2.500000,0.978527
51,-92.140860,0.287270,0.567500,0.054620,14,89.757800,18.400000,4.800000,0.898818
52,-79.547221,0.344302,0.582119,2.190508,0,13.021500,2.800000,2.300000,1.712950
53,-91.877639,2.934439,0.403463,0.558450,32,84.909200,17.700000,4.300000,1.356510
54,-94.866780,0.133313,0.000000,0.000000,15,27.285200,9.700000,0.800000,0.001353
55,-93.505487,2.188332,0.240539,1.046581,1,49.620400,13.200000,2.100000,1.131170
56,-94.347074,0.287270,0.512272,1.533213,0,39.307600,11.800000,1.600000,1.542090
57,-74.827632,0.344302,1.000000,2.190508,0,7.620540,2.300000,1.900000,1.017830
58,-74.176643,1.779995,0.348020,2.857957,2,8.157790,2.900000,2.700000,1.547820
59,-94.622025,0.133313,0.311256,0.000000,1,45.002700,13.000000,1.900000,0.289225
60,-91.598816,2.934439,0.318678,0.279141,50,98.011500,19.100000,5.200000,0.867617
61,-93.746213,2.934439,0.318678,0.000000,32,40.051500,11.700000,1.500000,0.227670
62,-71.803514,0.344302,0.000000,3.421899,1,1.716320,1.800000,1.700000,1.489260
63,-73.863768,1.779995,0.000000,3.101913,1,5.605760,2.800000,2.800000,1.302130
64,-82.049651,1.779995,0.758229,0.000000,10,237.211000,23.800000,15.700000,1.041340
65,-75.209758,0.344302,1.000000,2.190508,0,11.015500,3.000000,2.600000,1.789310
66,-93.920423,0.344302,0.181131,1.585623,5,59.385300,14.000000,2.800000,1.490310
67,-94.089200,1.102386,1.000000,0.172900,11,26.830500,9.300000,0.700000,0.389909
68,-77.603079,0.344302,0.582119,2.190508,2,14.031500,3.100000,2.600000,1.481700
69,-94.386727,0.287270,0.369808,1.522898,0,44.669800,12.800000,1.900000,1.464380
70,-70.000000,0.344302,0.575016,4.456754,2,1.509230,1.509230,1.509230,1.509230
71,-94.325261,0.719428,1.000000,0.000000,11,19.488100,7.700000,0.300000,0.209009
72,-75.554837,0.344302,1.000000,2.289147,2,12.504700,3.000000,2.500000,1.658730
73,-92.208225,0.719428,0.939802,0.000000,10,59.455300,14.100000,2.800000,0.766021
74,-87.254747,0.287270,1.000000,0.000000,30,169.820000,22.200000,11.100000,1.846630
75,-94.660707,0.287270,0.388523,0.000000,22,32.558100,10.300000,1.100000,0.246887
76,-90.838660,0.287270,0.388523,0.543598,25,121.447000,20.400000,7.100000,1.918600
77,-94.483856,0.287270,0.809874,0.000000,0,40.812700,12.000000,1.600000,0.553061
78,-85.988351,0.344302,0.575016,0.000000,15,191.384000,23.700000,12.800000,0.987995
79,-91.900206,0.719428,1.000000,0.000000,30,87.898000,18.000000,4.600000,1.202000
80,-92.368199,0.344302,1.000000,0.110579,17,71.095900,15.900000,3.600000,1.154090
81,-94.864154,0.133313,0.311256,0.000000,0,25.683100,9.000000,0.700000,0.124379
82,-73.735763,0.344302,0.582119,1.951520,2,13.879700,3.600000,3.300000,1.247440
83,-72.935459,1.779995,0.000000,3.844344,0,4.255160,2.100000,1.900000,1.275530
84,-74.381874,0.344302,0.582119,1.951520,0,2.441300,2.100000,2.100000,0.874175
86,-94.611469,0.719428,0.939802,0.000000,2,16.369100,6.800000,0.100000,0.055601
87,-72.827087,0.344302,0.000000,2.228285,2,6.330150,2.700000,2.700000,1.371650
88,-70.000000,0.344302,1.000000,2.190508,0,0.085579,1.700000,1.700000,0.703850
89,-70.000000,0.344302,1.000000,4.456754,1,2.131650,1.500000,1.400000,1.191720
90,-91.636795,2.899196,0.860292,0.000000,39,72.092700,16.300000,3.500000,0.993902
91,-94.860011,0.133313,0.000000,0.000000,16,28.887200,9.900000,0.900000,0.001430
92,-92.488276,0.287270,1.000000,0.054620,20,94.277900,18.900000,5.100000,1.523660
93,-75.246194,0.344302,0.000000,2.228285,0,9.607810,2.900000,2.600000,0.845612
94,-74.989767,0.344302,0.000000,2.190508,2,10.953600,2.400000,1.900000,0.657707
95,-91.783205,0.287270,1.000000,0.000000,21,1.450430,1.450430,1.450430,1.450430
96,-94.918671,0.133313,0.345879,0.000000,2,0.038686,0.038686,0.038686,0.038686
97,-85.470887,0.344302,0.575016,0.000000,14,0.783921,0.783921,0.783921,0.783921
98,-79.793615,0.344302,0.575016,0.000000,12,263.876000,24.000000,18.600000,1.045140
99,-92.239984,0.287270,0.567500,0.054620,12,88.086500,18.200000,4.700000,0.950879
