
--- Job wqt_run_2_16x3.gms Start 04/24/13 17:05:16 WEX-VS8 24.0.2 x86/MS Windows        
GAMS Rev 240  Copyright (C) 1987-2013 GAMS Development. All rights reserved
Licensee: Gary Goldstein                                 G010614:2121CA-WIN
          Decision Ware, Inc.                                        DC2807
--- Starting compilation
--- wqt_run_2_16x3.gms(5) 2 Mb
--- .params_2_16x3.gms(163) 3 Mb
--- wqt_run_2_16x3.gms(6) 3 Mb
--- .wqt_model_2.gms(92) 3 Mb
--- wqt_run_2_16x3.gms(16) 3 Mb
--- Starting execution: elapsed 0:00:00.007
--- wqt_run_2_16x3.gms(252) 4 Mb
--- Generating MIP model min_wqt
--- wqt_run_2_16x3.gms(253) 4 Mb
---   5,585 rows  2,035 columns  13,865 non-zeroes
---   1,998 discrete-columns
***
***   972 Integer +INF Bounds have been reset to 100
***
--- Executing CPLEX: elapsed 0:00:00.044

IBM ILOG CPLEX   Feb 14, 2013 24.0.2 WIN 38380.38394 VS8 x86/MS Windows       
--- GAMS/Cplex licensed for continuous and discrete problems.
Cplex 12.5.0.0

Reading data...
Starting Cplex...
Tried aggregator 2 times.
MIP Presolve eliminated 3505 rows and 430 columns.
MIP Presolve modified 762 coefficients.
Aggregator did 684 substitutions.
Reduced MIP has 1396 rows, 921 columns, and 5514 nonzeros.
Reduced MIP has 840 binaries, 63 generals, 0 SOSs, and 0 indicators.
Presolve time = 0.05 sec. (11.21 ticks)
Found incumbent of value 3527837.637100 after 0.06 sec. (13.70 ticks)
Probing time = 0.02 sec. (0.93 ticks)
Tried aggregator 2 times.
Aggregator did 1 substitutions.
Reduced MIP has 1395 rows, 920 columns, and 5513 nonzeros.
Reduced MIP has 839 binaries, 63 generals, 0 SOSs, and 0 indicators.
Presolve time = 0.02 sec. (3.33 ticks)
Probing time = 0.00 sec. (0.93 ticks)
Clique table members: 6667.
MIP emphasis: balance optimality and feasibility.
MIP search method: dynamic search.
Parallel mode: none, using 1 thread.
Tried aggregator 1 time.
Aggregator did 36 substitutions.
Reduced LP has 1359 rows, 884 columns, and 5441 nonzeros.
Presolve time = -0.00 sec. (0.92 ticks)
Initializing dual steep norms . . .

Iteration log . . .
Iteration:     1   Dual objective     =         74006.030100
Initializing dual steep norms . . .
Root relaxation solution time = 0.01 sec. (2.67 ticks)

        Nodes                                         Cuts/
   Node  Left     Objective  IInf  Best Integer    Best Bound    ItCnt     Gap

*     0+    0                      3527837.6371    46885.9038       58   98.67%
Found incumbent of value 3527837.637100 after 0.19 sec. (26.34 ticks)
      0     0   607186.9078    42  3527837.6371   607186.9078       58   82.79%
      0     0   607186.9078    36  3527837.6371      Cuts: 17      103   82.79%
      0     0   607186.9078    45  3527837.6371      Cuts: 40      194   82.79%
      0     0   607186.9078    39  3527837.6371      Cuts: 18      263   82.79%
*     0+    0                      3146485.6297   607186.9078      263   80.70%
Found incumbent of value 3146485.629700 after 0.41 sec. (63.54 ticks)
      0     0   607186.9078    47  3146485.6297      Cuts: 27      357   80.70%
*     0+    0                      2751206.8299   607186.9078      357   77.93%
Found incumbent of value 2751206.829900 after 0.63 sec. (113.89 ticks)
*     0+    0                      2531662.2376   607186.9078      357   76.02%
Found incumbent of value 2531662.237600 after 0.78 sec. (164.60 ticks)
*     0+    0                      1987002.2490   607186.9078      357   69.44%
Found incumbent of value 1987002.249000 after 0.80 sec. (167.40 ticks)
*     0+    0                      1806537.7021   607186.9078      357   66.39%
Found incumbent of value 1806537.702100 after 1.03 sec. (233.85 ticks)
      0     2   607186.9078    41  1806537.7021   607186.9078      357   66.39%
Elapsed time = 1.19 sec. (271.48 ticks, tree = 0.00 MB, solutions = 6)
*   150+  150                      1440265.7510   607369.1654     2250   57.83%
Found incumbent of value 1440265.751000 after 1.69 sec. (410.08 ticks)
*   252+  233                      1128955.2404   607417.9645     3283   46.20%
Found incumbent of value 1128955.240400 after 2.08 sec. (512.82 ticks)
    252   235   607844.6691    36  1128955.2404   608806.8626     3283   46.07%
                                                     Cuts: 13                  
    600   552   609142.3608    35  1128955.2404   608827.5706     7151   46.07%
                                                     Cuts: 41                  
*   840+  742                       998757.9218   609124.7830    11075   39.01%
                                                     Cuts: 67                  
Found incumbent of value 998757.921800 after 3.78 sec. (989.23 ticks)
    862   766   668122.3253    29   998757.9218   609124.7830    11550   39.01%
*   940+  822                       980559.5525   609181.7684    12568   37.87%
                                                      Cuts: 5                  
Found incumbent of value 980559.552500 after 4.09 sec. (1083.56 ticks)
*   950+  807                       933996.8675   609181.7684    12666   34.78%
Found incumbent of value 933996.867500 after 4.13 sec. (1093.96 ticks)
*  1060+  602                       898466.4405   620165.9826    15623   30.98%
Found incumbent of value 898466.440500 after 6.02 sec. (1615.36 ticks)
*  1060+  401                       855704.0700   622122.8072    16030   27.30%
Found incumbent of value 855704.070000 after 7.03 sec. (1829.14 ticks)
*  1060+  266                       853271.4090   622122.8072    16030   27.09%
Found incumbent of value 853271.409000 after 7.03 sec. (1830.33 ticks)
*  1060+  177                       836288.7817   622164.4579    16063   25.60%
Found incumbent of value 836288.781700 after 8.56 sec. (2248.28 ticks)
*  1060+  117                       817785.2389   622164.4579    16063   23.92%
Found incumbent of value 817785.238900 after 8.63 sec. (2260.31 ticks)
*  1060+   77                       817224.8858   622164.4579    16063   23.87%
Found incumbent of value 817224.885800 after 8.64 sec. (2263.44 ticks)
*  1060+   50                       815352.5779   622164.4579    16063   23.69%
Found incumbent of value 815352.577900 after 8.66 sec. (2267.25 ticks)
   1060    51   622164.4579   435   815352.5779   622174.5917    16063   23.69%
   1061    52   622290.4348   318   815352.5779   622281.6975    16150   23.68%
   1062    52   622486.5871   368   815352.5779   622281.6975    16208   23.68%
   1063    53   622577.1190   398   815352.5779   622281.6975    16233   23.68%
   1065    54   623019.2678   344   815352.5779   622281.6975    16301   23.68%
   1081    61   624648.4054   284   815352.5779   622281.6975    17009   23.68%
   1265   207   711038.4672    89   815352.5779   622281.6975    23015   23.68%
Elapsed time = 18.69 sec. (5704.58 ticks, tree = 0.21 MB, solutions = 18)
   1651   575   736809.2034    77   815352.5779   623344.1046    33748   23.55%
   2215  1086   807638.8804    60   815352.5779   623960.5144    48667   23.47%
*  2440+ 1282                       812364.2987   624553.7671    53558   23.12%
Found incumbent of value 812364.298700 after 25.67 sec. (7999.23 ticks)
   2776  1610   763466.3616    23   812364.2987   624568.6959    60651   23.12%
   3348  2160   745648.3795   127   812364.2987   625110.3743    76817   23.05%
   4020  2797   682580.5640    77   812364.2987   626396.3825    92788   22.89%
*  4060+ 2245                       754523.5028   626396.3825    93571   16.98%
Found incumbent of value 754523.502800 after 33.56 sec. (10546.99 ticks)
*  4060+ 2148                       748985.9036   626396.3825    93571   16.37%
Found incumbent of value 748985.903600 after 33.69 sec. (10585.51 ticks)
*  4060+ 2098                       747428.2442   626396.3825    93571   16.19%
Found incumbent of value 747428.244200 after 33.70 sec. (10590.18 ticks)
   4670  2644   715265.5225   104   747428.2442   626978.3197   108042   16.12%
   5378  3256   709463.3440   100   747428.2442   628078.1156   124789   15.97%
   5976  3795   746794.1857    80   747428.2442   628457.2009   139988   15.92%
                                                  Impl Bds: 2                  
*  6060+ 3758                       745507.2894   628583.7361   143140   15.68%
Found incumbent of value 745507.289400 after 43.31 sec. (13729.97 ticks)
   6331  3997   722801.8932    51   745507.2894   628698.9338   151690   15.67%
   6840  4448   706577.9112    92   745507.2894   629698.1722   166762   15.53%
Elapsed time = 48.11 sec. (15314.44 ticks, tree = 3.67 MB, solutions = 23)
   7243  4810   707510.3899   165   745507.2894   629826.3080   181023   15.52%
   7601  5133   705781.0592    88   745507.2894   629949.7792   195086   15.50%
   8004  5503   723852.0436   161   745507.2894   630366.1871   208933   15.44%
   8424  5868   727882.0521   139   745507.2894   630756.4501   223403   15.39%
   8719  6131   663961.0700    78   745507.2894   631691.2242   236304   15.27%
*  9060+ 6333                       744535.9698   632068.3151   245922   15.11%
Found incumbent of value 744535.969800 after 66.67 sec. (20813.42 ticks)
*  9060+ 5946                       739579.2520   632068.3151   245922   14.54%
Found incumbent of value 739579.252000 after 66.72 sec. (20827.24 ticks)
   9260  6119   724022.4501   195   739579.2520   632334.4063   250326   14.50%
   9919  6669   664753.2596    78   739579.2520   633540.6830   266392   14.34%
* 10260+ 6921                       739075.4503   633800.3686   275152   14.24%
Found incumbent of value 739075.450300 after 72.36 sec. (22483.07 ticks)
  10526  7152   731241.4278    36   739075.4503   634054.6391   284027   14.21%
  11177  7709   671030.0361    51   739075.4503   634771.5258   299248   14.11%
* 11540+ 7385                       733263.4269   634849.5638   308169   13.42%
                                                      Cuts: 7                  
Found incumbent of value 733263.426900 after 82.81 sec. (25178.97 ticks)
* 11540+ 7037                       729814.5399   634849.5638   308169   13.01%
Found incumbent of value 729814.539900 after 82.84 sec. (25184.92 ticks)
* 11540+ 6963                       729086.1089   634849.5638   308169   12.93%
Found incumbent of value 729086.108900 after 87.72 sec. (26368.38 ticks)
* 11540+ 6907                       728339.1021   634849.5638   308169   12.84%
Found incumbent of value 728339.102100 after 87.73 sec. (26372.76 ticks)
* 11540+ 6628                       726078.1748   634849.5638   308169   12.56%
Found incumbent of value 726078.174800 after 87.89 sec. (26393.20 ticks)
* 11540+ 6513                       725242.5110   634849.5638   308169   12.46%
Found incumbent of value 725242.511000 after 88.39 sec. (26462.21 ticks)
* 11540+ 6493                       725085.6938   634849.5638   308169   12.44%
Found incumbent of value 725085.693800 after 88.41 sec. (26463.43 ticks)
* 11540+ 6444                       724690.2419   634849.5638   308169   12.40%
Found incumbent of value 724690.241900 after 88.47 sec. (26472.05 ticks)
  11540  6444   724827.3398    64   724690.2419   634849.5638   308169   12.40%
Elapsed time = 88.84 sec. (26515.71 ticks, tree = 5.19 MB, solutions = 34)
  11741  6596   688395.5637    80   724690.2419   635081.9397   314749   12.37%
  12209  6983   668095.8090    39   724690.2419   635574.9381   330791   12.30%
  12476  7193   692077.1016   134   724690.2419   636177.4917   343794   12.21%
  12898  7532   703706.7594    45   724690.2419   636822.8985   359865   12.12%
  13334  7889   667069.7423    99   724690.2419   637158.7910   372816   12.08%
  13721  8200   715369.4029    54   724690.2419   637523.1003   387031   12.03%
                                                     Cuts: 27                  
  14164  8572   715069.2832    80   724690.2419   637890.9973   403461   11.98%
                                                  Impl Bds: 2                  
  14557  8884   701262.7867    94   724690.2419   638623.1529   418036   11.88%
                                                  Impl Bds: 2                  
  15060  9275   721657.9381    59   724690.2419   639377.1170   436074   11.77%
                                                  Impl Bds: 1                  
  15390  9532   705547.5105    92   724690.2419   639929.7214   448836   11.70%
Elapsed time = 120.70 sec. (36173.46 ticks, tree = 7.82 MB, solutions = 34)
  15795  9834   722440.4802   107   724690.2419   640337.4480   464969   11.64%
* 16060+ 9531                       721805.8512   640574.0532   473127   11.25%
Found incumbent of value 721805.851200 after 128.39 sec. (37726.64 ticks)
  16218  9647   648703.0432   142   721805.8512   640705.7902   478730   11.24%
  16509  9855   674665.6746   120   721805.8512   641117.7872   493697   11.18%
  16801 10072   650048.5519   163   721805.8512   641324.0391   508172   11.15%
  17126 10332   708502.4986    82   721805.8512   641675.8788   522159   11.10%
  17662 10759   704827.3762    86   721805.8512   642000.2772   540569   11.06%
  18134 11129   716875.1399    63   721805.8512   642537.0767   557954   10.98%
  18755 11631   666834.4567   100   721805.8512   643090.6951   575912   10.91%
  19218 11993   670705.9132   107   721805.8512   643673.3572   592449   10.82%
  19688 12352   701560.7116    90   721805.8512   644255.0622   610326   10.74%
Elapsed time = 160.52 sec. (45835.06 ticks, tree = 10.05 MB, solutions = 35)
  20153 12706   720894.9296   104   721805.8512   644482.7940   626111   10.71%
  20612 13071   691155.5917   179   721805.8512   644749.3053   641924   10.68%
  21056 13398   714476.2885   163   721805.8512   645378.6176   655574   10.59%
  21522 13720   700603.9584   144   721805.8512   645820.4148   671814   10.53%
  21909 14054   716940.9524    19   721805.8512   646109.8498   686723   10.49%
  22280 14333   720229.6169    89   721805.8512   646350.5307   699590   10.45%
  22603 14600   689626.5951   247   721805.8512   646421.8167   712820   10.44%
* 23060+13571                       717050.4894   646770.7783   727265    9.80%
Found incumbent of value 717050.489400 after 188.56 sec. (53523.46 ticks)
* 23060+13012                       715457.6591   646770.7783   727265    9.60%
Found incumbent of value 715457.659100 after 188.88 sec. (53628.72 ticks)
* 23060+12686                       714552.1815   646770.7783   727265    9.49%
Found incumbent of value 714552.181500 after 188.91 sec. (53632.60 ticks)
* 23060+12482                       714000.2213   646770.7783   727265    9.42%
Found incumbent of value 714000.221300 after 188.92 sec. (53634.54 ticks)
  23060 12483   706260.9404    73   714000.2213   646770.7783   727265    9.42%
  23550 12898   690581.4999   117   714000.2213   647273.3736   743907    9.35%
* 24060+12280                       711197.4255   647695.5817   758118    8.93%
Found incumbent of value 711197.425500 after 195.81 sec. (55499.90 ticks)
  24070 12286   685154.0756    77   711197.4255   647695.5817   758284    8.93%
Elapsed time = 195.97 sec. (55549.19 ticks, tree = 9.96 MB, solutions = 40)
  24364 12496   676431.2427   105   711197.4255   647944.0220   769363    8.89%
                                                  Impl Bds: 5                  
  24910 12868   694607.2051   124   711197.4255   648329.0168   786881    8.84%
* 25060+12612                       710115.8859   648465.2245   793068    8.68%
Found incumbent of value 710115.885900 after 203.38 sec. (57870.14 ticks)
  25353 12810   662537.4833   125   710115.8859   648925.1377   802175    8.62%
  25769 13123   696722.7945    84   710115.8859   649212.6030   815542    8.58%
  26250 13474   672113.9450   122   710115.8859   649588.8982   832592    8.52%
  26647 13784   708272.5261    66   710115.8859   649793.8393   850147    8.49%
                                                      Cuts: 4                  
  27100 14117   686276.3860    83   710115.8859   650263.3835   867672    8.43%
                                                  Impl Bds: 1                  
  27495 14410        cutoff         710115.8859   650583.1969   885327    8.38%
  28032 14853   692285.6231    82   710115.8859   650761.8856   902093    8.36%
  28527 15223   661919.3775   110   710115.8859   651256.6724   920229    8.29%
Elapsed time = 226.75 sec. (65110.26 ticks, tree = 12.28 MB, solutions = 41)
  28889 15464   698084.4453   155   710115.8859   651692.4115   938341    8.23%
  29329 15764   686910.3831   135   710115.8859   652090.6205   952883    8.17%
  29590 15923   690285.7180   138   710115.8859   652434.3382   965360    8.12%
  29994 16216   696950.0306   164   710115.8859   652781.3025   982071    8.07%
* 30060+16224                       710007.8066   652818.0449   984165    8.05%
Found incumbent of value 710007.806600 after 239.27 sec. (69183.31 ticks)
  30371 16431   688861.9935    41   710007.8066   652972.6810   996428    8.03%
  30697 16650   663517.5125   113   710007.8066   653225.5267  1011417    8.00%
  31052 16912   694292.2002   108   710007.8066   653355.0117  1025063    7.98%
  31400 17186   693165.8039    99   710007.8066   653556.8166  1038574    7.95%
  31805 17478   677500.5295   120   710007.8066   653859.8657  1053960    7.91%
  32275 17847   707456.8690    47   710007.8066   654031.5676  1066472    7.88%
Elapsed time = 256.05 sec. (74668.77 ticks, tree = 14.83 MB, solutions = 42)
  32583 18065   699491.4445    65   710007.8066   654179.9049  1079193    7.86%
  33023 18381   679186.1535   105   710007.8066   654410.8561  1096257    7.83%
  33522 18705   676939.0509    92   710007.8066   654710.8312  1113635    7.79%
  33935 18989   690810.5930    79   710007.8066   655044.1530  1131620    7.74%
  34454 19363   695213.0758    71   710007.8066   655173.1352  1150259    7.72%
  34901 19698   709670.9487    85   710007.8066   655340.3624  1168908    7.70%
  35363 20017   703208.1512    76   710007.8066   655614.3482  1186373    7.66%
  35959 20421   657795.0957   259   710007.8066   655950.1150  1202813    7.61%
  36403 20732   704338.2408   163   710007.8066   656103.1364  1219196    7.59%
  36838 21023   670518.1997   137   710007.8066   656355.6066  1237869    7.56%
Elapsed time = 285.49 sec. (84231.42 ticks, tree = 17.37 MB, solutions = 42)
  37310 21324   690158.8411   160   710007.8066   656710.0801  1254569    7.51%
  37757 21669   697333.1992    71   710007.8066   656803.5020  1271036    7.49%
  38260 22038   707446.7866    60   710007.8066   656929.1703  1286991    7.48%
  38731 22403   697265.1699    92   710007.8066   657050.4547  1304999    7.46%
  39058 22637        cutoff         710007.8066   657183.7146  1320818    7.44%
  39432 22850   689621.1998   142   710007.8066   657407.6944  1334498    7.41%
  39901 23169   696838.3026    99   710007.8066   657517.3444  1351168    7.39%
  40271 23435   691303.9300    77   710007.8066   657694.6971  1364946    7.37%
  40798 23839   691069.5851    85   710007.8066   657860.7530  1381043    7.34%
  42262 24904   702931.7584   203   710007.8066   658310.0629  1439372    7.28%
Elapsed time = 323.25 sec. (96646.08 ticks, tree = 20.47 MB, solutions = 42)
  44147 26295   692426.2188    92   710007.8066   658762.3226  1504018    7.22%
  46117 27833   683221.7460   113   710007.8066   659243.5021  1574023    7.15%
                                                      Cuts: 4                  
  48189 29393   692264.0551    90   710007.8066   659781.4470  1645003    7.07%
  50060 30821   692237.5579    53   710007.8066   660336.2425  1713828    7.00%
                                                  Impl Bds: 2                  
  51819 32229   686543.2290   148   710007.8066   660686.1741  1775801    6.95%
                                                   MIRcuts: 6                  
  53284 33339   699661.0977    60   710007.8066   660952.6205  1830225    6.91%
  54916 34540   683539.6165   117   710007.8066   661287.4085  1887288    6.86%
                                                  Impl Bds: 1                  
  56719 35889   705990.8394   114   710007.8066   661684.4631  1954174    6.81%
                                                      Cuts: 3                  
  58633 37414   709492.4418   120   710007.8066   662080.6258  2023504    6.75%
  60387 38720   680733.2363   140   710007.8066   662554.0245  2091315    6.68%
                                                      Cuts: 4                  
Elapsed time = 451.97 sec. (134824.36 ticks, tree = 32.64 MB, solutions = 42)
  61996 39918   682717.8896    84   710007.8066   662936.3257  2157346    6.63%
  63309 40807   701224.0542    61   710007.8066   663256.7377  2215924    6.58%
  64902 41935   699909.4945    66   710007.8066   663677.8456  2276154    6.53%
* 66060+42519                       709722.3616   663936.3518  2315628    6.45%
Found incumbent of value 709722.361600 after 496.22 sec. (148648.75 ticks)
  66625 42924   669177.8902   215   709722.3616   664060.4874  2337982    6.43%
  68287 44104   691626.7346   121   709722.3616   664385.9334  2403440    6.39%
  69867 45145   689401.7685   132   709722.3616   664902.3281  2471663    6.32%
  71604 46339   683487.0639   151   709722.3616   665331.8129  2537562    6.25%
  73647 47760   704600.0604   150   709722.3616   665769.7483  2607861    6.19%
  75282 48878        cutoff         709722.3616   666073.7204  2669895    6.15%
                                                      Cuts: 4                  
  77060 50099   699474.5271   139   709722.3616   666432.9693  2732329    6.10%
Elapsed time = 570.22 sec. (173026.70 ticks, tree = 41.91 MB, solutions = 43)
  78825 51304   673185.8873   128   709722.3616   666784.6707  2794513    6.05%
  80538 52425   709127.9227    58   709722.3616   667145.8483  2858306    6.00%
                                                   MIRcuts: 1                  
  82313 53660   698644.2339   115   709722.3616   667503.4430  2926160    5.95%
                                                   MIRcuts: 1                  
  84025 54740   707118.7676    83   709722.3616   667865.8282  2993979    5.90%
  85752 55785   702372.0747    93   709722.3616   668243.2012  3061007    5.84%
  87795 57126   680270.9821   120   709722.3616   668556.6264  3127015    5.80%
                                                   MIRcuts: 1                  
  89343 58107   688161.9981   152   709722.3616   668915.5019  3187498    5.75%
  90815 58928   690869.5566   165   709722.3616   669247.4118  3249779    5.70%
  92411 59914   686903.1044    75   709722.3616   669552.1286  3307850    5.66%
  94165 61056   706203.4906   112   709722.3616   669911.7092  3370855    5.61%
                                                   MIRcuts: 2                  
Elapsed time = 687.63 sec. (211188.04 ticks, tree = 50.81 MB, solutions = 43)
  96018 62044   683533.5553    94   709722.3616   670360.2373  3437863    5.55%
  97704 63058        cutoff         709722.3616   670727.7474  3501193    5.49%
  99674 64272        cutoff         709722.3616   671074.2592  3565936    5.45%
                                                   MIRcuts: 1                  
 101287 65090   691989.7279   130   709722.3616   671449.1456  3628063    5.39%
 102929 65894   706874.1193    92   709722.3616   671807.6418  3691187    5.34%
 104496 66839   689086.1813   184   709722.3616   672061.3942  3746351    5.31%
 106155 67693   704767.1078   113   709722.3616   672356.5541  3804744    5.26%
 107780 68540   705096.8109   111   709722.3616   672655.1563  3865137    5.22%
 109486 69458   691725.7823   145   709722.3616   672911.5614  3922959    5.19%
*111060+69969                       709545.9925   673231.2719  3979616    5.12%
Found incumbent of value 709545.992500 after 803.94 sec. (249000.78 ticks)
 111218 70040   703129.7490   166   709545.9925   673256.7451  3985438    5.11%
Elapsed time = 805.09 sec. (249369.63 ticks, tree = 60.09 MB, solutions = 44)
*113060+70766                       709370.9289   673529.8413  4051653    5.05%
Found incumbent of value 709370.928900 after 816.64 sec. (253158.25 ticks)
*113060+61436                       705981.1532   673529.8413  4051653    4.60%
Found incumbent of value 705981.153200 after 816.66 sec. (253161.91 ticks)
*113060+51360                       702322.1993   673529.8413  4051653    4.10%
Found incumbent of value 702322.199300 after 816.72 sec. (253168.34 ticks)
*113060+49866                       701741.8084   673529.8413  4051653    4.02%
Found incumbent of value 701741.808400 after 816.74 sec. (253173.01 ticks)
*113060+44129                       699609.6032   673529.8413  4051653    3.73%
Found incumbent of value 699609.603200 after 816.84 sec. (253197.06 ticks)
 113060 44131   687185.6996    26   699609.6032   673529.8413  4051653    3.73%
 114995 44703   694787.8402   103   699609.6032   674129.8912  4113890    3.64%
 116823 45245   692076.5831   121   699609.6032   674626.4523  4172128    3.57%
 118644 45868   685853.0140   139   699609.6032   675059.6755  4231137    3.51%
 120490 46574        cutoff         699609.6032   675480.1620  4292149    3.45%
 122157 46978   699037.5467   145   699609.6032   675903.4549  4349499    3.39%
 123979 47582   697379.5592    86   699609.6032   676323.9114  4408458    3.33%
 125483 47856   698726.8018   111   699609.6032   676750.2483  4461320    3.27%
 127336 48335   685719.2636    85   699609.6032   677193.6117  4517627    3.20%
 129040 48927   696038.3147   108   699609.6032   677538.5804  4577288    3.15%
Elapsed time = 923.86 sec. (287541.82 ticks, tree = 43.18 MB, solutions = 49)
 130910 49511   695550.2952   142   699609.6032   677885.2265  4635968    3.11%
 132817 49854        cutoff         699609.6032   678344.1010  4696394    3.04%
                                                     Fract: 1                  
*134060+46681                       698519.9696   678611.6311  4734382    2.85%
Found incumbent of value 698519.969600 after 954.99 sec. (297559.76 ticks)
 134779 46757   679207.6397    89   698519.9696   678808.2018  4756197    2.82%
 136800 47097        cutoff         698519.9696   679275.1457  4816035    2.76%
 138640 47159   697752.3012   129   698519.9696   679784.5333  4873794    2.68%
 140490 47245   698111.7185    66   698519.9696   680255.9901  4931669    2.61%
 142305 47318   685572.4570   131   698519.9696   680732.8498  4987211    2.55%
 144060 47536   694606.3944    62   698519.9696   681096.4528  5043359    2.49%
 145943 47750   689872.6781   115   698519.9696   681511.9743  5098001    2.43%
 147810 47815        cutoff         698519.9696   681976.3385  5151207    2.37%
                                                  Impl Bds: 1                  
Elapsed time = 1043.06 sec. (325723.45 ticks, tree = 42.46 MB, solutions = 50)
 149550 47777   692238.6318   102   698519.9696   682397.6988  5200185    2.31%
                                                   MIRcuts: 2                  
 151407 47625   697440.6973   128   698519.9696   682810.9092  5247807    2.25%
 153235 47694   689664.1783   158   698519.9696   683150.9285  5298962    2.20%
                                                  Impl Bds: 4                  
 155082 47608        cutoff         698519.9696   683546.4274  5354637    2.14%
 156961 47336   693276.1509   110   698519.9696   683983.6963  5406733    2.08%
 158930 47256   685456.2986    94   698519.9696   684358.1835  5459171    2.03%
 160808 47128   689935.5977    83   698519.9696   684749.3752  5513146    1.97%
 162783 46779   690298.1325   160   698519.9696   685200.9435  5563584    1.91%
 164756 46424   690797.2254   167   698519.9696   685619.1488  5615501    1.85%
 166654 46323   687875.9114   141   698519.9696   685961.5916  5668302    1.80%
Elapsed time = 1164.53 sec. (363900.51 ticks, tree = 41.32 MB, solutions = 50)
 168677 46198   694849.5936    68   698519.9696   686290.1936  5722828    1.75%
 170645 45747    infeasible         698519.9696   686668.8905  5772813    1.70%
 172626 45369        cutoff         698519.9696   687037.3972  5823627    1.64%
 174874 45084   694340.5136   172   698519.9696   687422.8421  5872615    1.59%
 176915 44817   688641.2134   236   698519.9696   687720.4818  5923178    1.55%
 179000 44494        cutoff         698519.9696   688049.6648  5971237    1.50%
 181171 44228   698122.4486   113   698519.9696   688360.9911  6019535    1.45%
 183659 44046   698133.7954    82   698519.9696   688723.0625  6069047    1.40%
 186145 43893   696449.0390     8   698519.9696   689038.2086  6116528    1.36%
 188487 43725   695060.2767   116   698519.9696   689339.7380  6167268    1.31%
Elapsed time = 1284.59 sec. (402069.61 ticks, tree = 39.39 MB, solutions = 50)
 191006 43547        cutoff         698519.9696   689661.2816  6216284    1.27%
 193663 43370   694461.5617   121   698519.9696   689968.5556  6266832    1.22%
 196009 43054   690557.3515   169   698519.9696   690239.0075  6313627    1.19%
 198500 42597   694556.5052   132   698519.9696   690534.7320  6361050    1.14%
 201078 42100    infeasible         698519.9696   690842.7441  6407207    1.10%
 203846 41774    infeasible         698519.9696   691130.6854  6453627    1.06%
 206632 41321   693386.0760    95   698519.9696   691447.8502  6498099    1.01%
 209474 40729        cutoff         698519.9696   691741.7211  6543938    0.97%
 212287 40226        cutoff         698519.9696   692017.7158  6585325    0.93%
 215042 39594        cutoff         698519.9696   692300.9967  6628377    0.89%
Elapsed time = 1407.08 sec. (440226.39 ticks, tree = 36.21 MB, solutions = 50)
 218032 38827        cutoff         698519.9696   692591.5075  6672197    0.85%
 220855 37872   693632.8593   250   698519.9696   692883.8103  6714503    0.81%
 223947 36849   698202.6613   130   698519.9696   693194.9907  6754952    0.76%
 226976 35779   698150.6844   122   698519.9696   693498.8895  6794605    0.72%
 229936 34448        cutoff         698519.9696   693798.0079  6832908    0.68%
 233083 32906   694966.2618   175   698519.9696   694126.7633  6870757    0.63%
 236270 31301        cutoff         698519.9696   694459.0574  6908112    0.58%
 239911 29453        cutoff         698519.9696   694829.5408  6942953    0.53%
 243520 27310        cutoff         698519.9696   695124.7670  6977421    0.49%
 246998 25478        cutoff         698519.9696   695444.7111  7011612    0.44%
Elapsed time = 1531.89 sec. (478381.64 ticks, tree = 24.79 MB, solutions = 50)
 250489 23388   698152.3305    66   698519.9696   695783.9212  7044938    0.39%
 254291 21098        cutoff         698519.9696   696124.6102  7077653    0.34%
 257921 18504        cutoff         698519.9696   696462.2075  7106322    0.29%
 261781 15387        cutoff         698519.9696   696819.2095  7133707    0.24%
 266047 12018        cutoff         698519.9696   697197.7264  7159271    0.19%
*267947  9086      integral     0   698348.4074   697358.9414  7168933    0.14%
Found incumbent of value 698348.407400 after 1601.63 sec. (499076.53 ticks)
 272729  4698   698051.8305   151   698348.4074   697834.2637  7188882    0.07%

Implied bound cuts applied:  241
Mixed integer rounding cuts applied:  229
Zero-half cuts applied:  3
Gomory fractional cuts applied:  18

Root node processing (before b&c):
  Real time             =    1.08 sec. (252.75 ticks)
Sequential b&c:
  Real time             = 1623.84 sec. (506233.25 ticks)
                          ------------
Total (root+branch&cut) = 1624.92 sec. (506486.00 ticks)
MIP status(101): integer optimal solution
Cplex Time: 1625.05sec (det. 506505.08 ticks)
Fixing integer variables, and solving final LP...
Tried aggregator 1 time.
LP Presolve eliminated 5279 rows and 2017 columns.
Reduced LP has 306 rows, 18 columns, and 612 nonzeros.
Presolve time = 0.00 sec. (1.60 ticks)

Iteration log . . .
Iteration:     1   Dual objective     =        674419.385300
Fixed MIP status(1): optimal
Cplex Time: 0.02sec (det. 3.54 ticks)

Proven optimal solution.

MIP Solution:       698348.407400    (7199106 iterations, 277578 nodes)
Final Solve:        698348.407400    (5 iterations)

Best possible:      698348.407400
Absolute gap:            0.000000
Relative gap:            0.000000

--- Restarting execution
--- wqt_run_2_16x3.gms(253) 0 Mb
--- Reading solution for model min_wqt
--- wqt_run_2_16x3.gms(253) 3 Mb
--- Executing after solve: elapsed 0:27:05.511
--- wqt_run_2_16x3.gms(271) 3 Mb
--- Putfile salida_starting_time D:\Facultad\OPI\gams-opi\m2_wqt_stime_16x3.txt
--- Putfile salida_assignment D:\Facultad\OPI\gams-opi\m2_wqt_assign_16x3.txt
*** Status: Normal completion
--- Job wqt_run_2_16x3.gms Stop 04/24/13 17:32:21 elapsed 0:27:05.513
