35.9226498048237
28.97788551637265
29.128728362220016
38.207838201081216
47.998000833368046
34.639492620418096
31.938698533284054
28.269409332350776
24.885280006461652
28.868951072042776
38.3427049776095
38.34070694444744
23.651533650061683
34.78135996478573
34.56955841488289
79.98236581272148
37.82884872686453
44.613451962384616
33.676030704345195
30.177302729037944
29.356797918029145
30.591634412041465
30.765869986073863
19.29847828197861
33.20889376356883
28.97788551637265
28.478252211117166
32.05936819402405
25.106136700018187
25.8963149695087
