0.2921593367016995
0.258372436982057
0.26533791739060225
0.28422900569570825
0.2862123362841967
0.27519956933373385
0.2024394191491334
0.2532241883744987
0.3183645051464842
0.27355499252565735
0.3120827773924496
0.2675364390583186
0.33898704062726737
0.22929030028527017
0.29349965748375656
0.2758892438998
0.2475451395339424
0.29051035758956345
0.2893790925988381
0.22725420921862974
0.29826510461791816
0.2671004797097515
0.2701558191955494
0.2948235626112618
0.28757941977783114
0.26106633154327896
0.21503686128330948
0.302917005979942
0.33963495082808665
0.2817557454035917
