14.210251545979036
17.454219002865738
39.50101715146079
12.910990047242693
14.034467891587479
27.454943525711336
11.70495006396866
47.61439933465504
12.243027770939655
13.44681854566348
21.476551143049
11.954797530698709
14.0458011163479
11.217058482507785
13.604801505350954
33.46481771950952
16.43744654744159
13.652956639497534
11.923984610858897
17.676259898519252
40.57509093027395
8.15892940280771
17.514570962487195
11.805356453745889
12.89002098524279
13.454804383564985
27.058455702423224
38.145575103804624
24.641998701404045
9.351797741610962
