0.5467458898939979
0.35318491400014473
0.3873382756252858
0.4106715709157292
0.3604977197640449
0.4116435335494448
0.47852079317973634
0.2557426374771207
0.3786923263377185
0.39436803815762983
0.30354782416567994
0.3960698327865855
0.40475760780319886
0.345385761639328
0.48559155084261624
0.33110037905195205
0.344640413680518
0.461717932797195
0.34018664420765965
0.41949437800146383
0.4630783172579609
0.3190599275090081
0.43772136406018
0.3927993850796855
0.45294152452739145
0.40439214466459744
0.42103884824820953
0.36058663347746994
0.4872904183485248
0.4611767053020162
