0.546425626697204
0.5580473560367584
0.5558581406165667
0.55079838885514
0.5611234833722939
0.5525923807886062
0.5520751162644616
0.5618425234862802
0.5518185210188125
0.5549875601807062
0.5578813679420209
0.5535472940416251
0.5602447536852815
0.5564986369286385
0.5577579025902719
0.5639951821371595
0.5609408833282676
0.558878598301149
0.5533487950022433
0.5499700370313547
0.5578151010493512
0.5593062860633228
0.554575656259989
0.5531402246518333
0.5593858714117563
0.5540767124738324
0.5528917520854316
0.5533061545520226
0.5671836825825345
0.5528777833630305
