0.6578726223063219
0.6569985625035306
0.6475641221073463
0.659650265487798
0.6829024344307667
0.6492788721792336
0.6573553670290853
0.6656102475429133
0.6816521949248814
0.6764764930221924
0.2861598336489169
0.6236621256757365
0.6369880888588307
0.6394393481540687
0.6692954139867365
0.27446118952983756
0.6780724170022392
0.6892378848373089
0.6336475112690384
0.6703774042062899
0.6700980021275679
0.6400718392288401
0.6348632406558641
0.6227576421463337
0.6654946875794503
0.6533959832991821
0.658237725956627
0.6507328072823112
0.6326635722379065
0.6231666369026964
