0.5841064290642266
0.6152216590830285
0.5899369904985236
0.597226630493132
0.5849062612973666
0.6013395965066087
0.6071097230666205
0.5774720817652249
0.6031209008698599
0.6140390890612507
0.6035181492434406
0.5954522949936253
0.6001524030037622
0.6082704635550168
0.6037740809277203
0.5949124595099569
0.6008537892888507
0.6092806238934675
0.5976120000706835
0.5989167396772332
0.5905181805745688
0.6214421981248185
0.5771188591304295
0.624708324738505
0.6158352181635269
0.5947487560413142
0.6035906797816316
0.6092562085151725
0.6135173897738495
0.59817549644732
