0.2846454068838287
0.30554267496443016
0.2513986806231582
0.2855766381850737
0.25390679772802444
0.2665997319550162
0.26442252677263195
0.28636774168509543
0.2725038811856051
0.2721048045858162
0.2887488420965207
0.2976199516893177
0.2575999306717548
0.3260133608634688
0.25475150365606014
0.22710131701195913
0.2426677977408116
0.2796179929915209
0.3042180998810549
0.26880057030151816
0.3033440807373108
0.2367863921770725
0.23992571804896892
0.32080598831827617
0.295375964142442
0.29071096969731347
0.3231424776315779
0.22186723087347215
0.23617492482126187
0.3111376025149752
