0.48717720468489306
0.48669493188090307
0.4852295879293085
0.4847954027569459
0.48419169997917777
0.49544047275560804
0.4880941054032744
0.4903854010574502
0.4871649372416339
0.48509216144708156
0.4993862309013547
0.49236731778454734
0.4942417267230362
0.4784082260184025
0.48555762052785373
0.47840099462004754
0.4850840689162212
0.5065854026549519
0.479471903134028
0.48252109429330714
0.4906749181141936
0.49110974130909607
0.4819441952568961
0.4866138002244601
0.4876726061334809
0.4971751191860777
0.47726390848624106
0.47961877714133644
0.5004812684876376
0.4841430049398956
