0.3289827734857653
0.38440142356780344
0.32947655350916805
0.3753639674941266
0.3458819227647865
0.35871277432332255
0.3760528862916267
0.34814049812949405
0.3720538765527161
0.3706079170194547
0.3659192881187201
0.34959864192983087
0.3343946269545368
0.3540875000862469
0.36235965724488073
0.3610736192146435
0.355730622996608
0.33919247311752343
0.34409744131942993
0.3483181478099076
0.35522006754364793
0.34275291043450046
0.3365961535476843
0.3868728030765653
0.348851440340704
0.3620121666897562
0.37111277952934674
0.37081243730745433
0.3407563329685802
0.3590137143385503
