0.3704878050042255
0.26837480640013206
0.31181949661061337
0.2508330457302888
0.28984766086316616
0.31247967261298254
0.3576412435300446
0.19530142296942093
0.27957762966263366
0.2796408563616044
0.24099339906227624
0.29733479193815215
0.36114364304230984
0.27155812818480185
0.36536611335696223
0.28918355787765626
0.27263232658985
0.333394638465832
0.23130414498469926
0.3041686719068945
0.3339839448662435
0.25459545818039153
0.3071976144695259
0.2682253975441482
0.3328832210967801
0.30361549854395387
0.28547373134263637
0.23450700573285996
0.3830411378225433
0.33699848312860575
