0.6692188810785985
0.6722446619687926
0.675080296510403
0.6678133438457916
0.6678263869358457
0.6793541922729918
0.6708655528378159
0.662474712705845
0.6653127658596646
0.663522623826454
0.6783127317125147
0.6825969184805051
0.6738178652931596
0.6780232299192526
0.6776936914444797
0.659933628751543
0.6656191496525753
0.6771130485979586
0.6838719057803128
0.6782871136000947
0.6749309932381405
0.6694185506818507
0.6657615302485728
0.68657201240801
0.6768793321408698
0.6754323865937595
0.6818172022945382
0.6633882217036845
0.6652320714866441
0.6763186821792139
