0.20792089752307358
0.21047226110534603
0.1507547672776258
0.23478253874913302
0.2624902822541597
0.21260359452648173
0.1991803627437589
0.23708491121228017
0.22678649460008612
0.2086937026778387
0.20185430450685807
0.21643543480974634
0.2472366043218598
0.2711737664159214
0.2050950876469145
0.24479613447482024
0.2500721358182832
0.23354119474034596
0.268419990194549
0.19051888401577513
0.21767872053804807
0.17961548224984997
0.22009130538080968
0.2443049455167942
0.22613962949937458
0.22688701003310607
0.24893869628239543
0.23022235617309403
0.25729994730048455
0.27632058025522577
