1.0119809668009403
0.39278951435787834
1.3512261793457006
0.335501000668734
0.3847321958396646
0.4448110910458961
0.46543348228812237
0.566010683273745
0.5163232074741869
0.3840449418433182
0.5233184497735361
0.31367225970445767
0.3332069129533479
0.45359832774521863
0.2712159380146801
0.6467583384211848
0.628553610412608
0.7756918256493589
0.5817238096648714
0.5294842783769629
0.44757607983033476
0.6859589104364422
0.7357157558986467
0.5623039350343676
0.7459036336231571
0.4579909475514972
0.603827610118358
0.5179615609900208
0.9427230683344352
0.4977411981157703
