Best PF file    : best-pf-d200-c40.pf
MOEA PF file    : /home/santiago/Dropbox/Facultad/Publicaciones/EvoComnetAEDB/IJAHUC/NIDISC/comparison/data/CellDE/200dev/FUN (30)
Computed PF file: mls-eval-d200-c40/mls-eval-d200-c20 (20)
Min. coverage   : 20.0

alg|avg|stdev
comp|9.169399056734093|5.924695461981589
moea|22.4566533180804|10.776785818163379
h-static 27.334389857369235|p-value 1.711404475118823e-07
1x10^-3
count moea=41.4 comp=43.2
Best PF file    : best-pf-d200-c40.pf
MOEA PF file    : /home/santiago/Dropbox/Facultad/Publicaciones/EvoComnetAEDB/IJAHUC/NIDISC/comparison/data/NSGAII/200dev/FUN (30)
Computed PF file: mls-eval-d200-c40/mls-eval-d200-c20 (20)
Min. coverage   : 20.0

alg|avg|stdev
comp|9.169399056734093|5.924695461981589
moea|18.234529127008905|10.027113811867052
h-static 21.291848756983427|p-value 3.944050331886321e-06
1x10^-3
count moea=60.666666666666664 comp=43.2
