Best PF file    : best-pf-d200-c60.pf
MOEA PF file    : best_pf/All3Algs200dev-c60.pf
Computed PF file: mls-eval-d200-c60/mls-eval-d200-c60
Num. executions : 14
Min. coverage   : 30.0

mls-eval-d200-c60/mls-eval-d200-c60.0.err
mls-eval-d200-c60/mls-eval-d200-c60.1.err
mls-eval-d200-c60/mls-eval-d200-c60.2.err
mls-eval-d200-c60/mls-eval-d200-c60.3.err
mls-eval-d200-c60/mls-eval-d200-c60.4.err
mls-eval-d200-c60/mls-eval-d200-c60.5.err
mls-eval-d200-c60/mls-eval-d200-c60.6.err
mls-eval-d200-c60/mls-eval-d200-c60.7.err
mls-eval-d200-c60/mls-eval-d200-c60.8.err
mls-eval-d200-c60/mls-eval-d200-c60.9.err
mls-eval-d200-c60/mls-eval-d200-c60.10.err
mls-eval-d200-c60/mls-eval-d200-c60.11.err
mls-eval-d200-c60/mls-eval-d200-c60.12.err
mls-eval-d200-c60/mls-eval-d200-c60.13.err
   Average epsilon, Average ND
2.9241 3.0
7.8854 20.6
7.7763 22.6
7.3252 23.6
7.1065 24.4
7.1215 24.9
7.7279 24.9
7.7100 25.9
7.7100 25.4
7.7100 25.4
7.2930 26.0
7.3745 27.1
7.3745 27.4
7.1737 27.9
7.1737 28.0
7.0995 28.3
7.1183 29.2
7.1183 29.4
6.8946 29.5
6.8946 29.4
6.8961 30.1
6.8961 30.7
6.8961 30.9
6.8961 31.0
6.8961 31.0
6.8961 31.0
6.8961 31.0
6.8961 31.0
6.8961 31.0
6.8961 31.0
