Best PF file    : best_pf/All3Algs200dev.pf
Computed PF file: mls-eval-d200-c10/mls-eval-d200-c10
Num. executions : 20
Min. coverage   : 10.0

mls-eval-d200-c10/mls-eval-d200-c10.0.err
mls-eval-d200-c10/mls-eval-d200-c10.1.err
mls-eval-d200-c10/mls-eval-d200-c10.2.err
mls-eval-d200-c10/mls-eval-d200-c10.3.err
mls-eval-d200-c10/mls-eval-d200-c10.4.err
mls-eval-d200-c10/mls-eval-d200-c10.5.err
mls-eval-d200-c10/mls-eval-d200-c10.6.err
mls-eval-d200-c10/mls-eval-d200-c10.7.err
mls-eval-d200-c10/mls-eval-d200-c10.8.err
mls-eval-d200-c10/mls-eval-d200-c10.9.err
mls-eval-d200-c10/mls-eval-d200-c10.10.err
mls-eval-d200-c10/mls-eval-d200-c10.11.err
mls-eval-d200-c10/mls-eval-d200-c10.12.err
mls-eval-d200-c10/mls-eval-d200-c10.13.err
mls-eval-d200-c10/mls-eval-d200-c10.14.err
mls-eval-d200-c10/mls-eval-d200-c10.15.err
mls-eval-d200-c10/mls-eval-d200-c10.16.err
mls-eval-d200-c10/mls-eval-d200-c10.17.err
mls-eval-d200-c10/mls-eval-d200-c10.18.err
mls-eval-d200-c10/mls-eval-d200-c10.19.err
   Average epsilon, Average ND
[0] 2.0040 4.0000
[1] 45.1374 28.5500
[2] 13.0470 33.7000
[3] 12.8570 35.3000
[4] 12.8570 35.8000
[5] 12.8570 35.9000
[6] 10.2288 39.3500
[7] 10.0270 40.7000
[8] 9.9539 40.7000
[9] 9.9539 40.7500
[10] 9.9539 40.7500
[11] 8.7384 42.7500
[12] 8.5192 43.2000
[13] 8.5192 43.5000
[14] 8.5085 43.4000
[15] 8.5085 43.4500
[16] 8.3899 44.7500
[17] 8.3899 45.5000
[18] 8.3899 45.3500
[19] 8.3899 45.4000
[20] 8.3899 45.4000
[21] 7.9593 46.5500
[22] 8.0471 46.2000
[23] 8.0471 46.2500
[24] 8.0471 46.2500
[25] 8.0471 46.1500
