Best PF file    : best-pf-d100-c80.pf
MOEA PF file    : /home/santiago/Dropbox/Facultad/Publicaciones/EvoComnetAEDB/IJAHUC/NIDISC/comparison/data/CellDE/100dev/FUN (30)
Computed PF file: mls-eval-d100-c80/mls-eval-d100-c20 (20)
Min. coverage   : 20.0

alg|avg|stdev
comp|0.14952935293475328|0.01977249080551162
moea|0.22869952548966416|0.033697089059121464
h-static 31.187379946215877|p-value 2.342842276916429e-08
1x10^-3
count moea=21.5 comp=11.8
Best PF file    : best-pf-d100-c80.pf
MOEA PF file    : /home/santiago/Dropbox/Facultad/Publicaciones/EvoComnetAEDB/IJAHUC/NIDISC/comparison/data/NSGAII/100dev/FUN (30)
Computed PF file: mls-eval-d100-c80/mls-eval-d100-c20 (20)
Min. coverage   : 20.0

alg|avg|stdev
comp|0.14952935293475328|0.01977249080551162
moea|0.27780377206101176|0.03900928317250901
h-static 35.06089928287873|p-value 3.195533253296546e-09
1x10^-3
count moea=30.133333333333333 comp=11.8
Best PF file    : best-pf-d100-c80.pf
MOEA1 PF file   : /home/santiago/Dropbox/Facultad/Publicaciones/EvoComnetAEDB/IJAHUC/NIDISC/comparison/data/CellDE/100dev/FUN (30)
MOEA2 PF file   : /home/santiago/Dropbox/Facultad/Publicaciones/EvoComnetAEDB/IJAHUC/NIDISC/comparison/data/NSGAII/100dev/FUN (30)
Min. coverage   : 20.0

alg|avg|stdev
moea1|0.22869952548966416|0.033697089059121464
moea2|0.27780377206101176|0.03900928317250901
h-static 20.200218579234956|p-value 6.974496589247336e-06
u 146.0|prob 3.610414988937767e-06
1x10^-3
