Best PF file    : best-pf-d200-c80.pf
MOEA PF file    : /home/santiago/Dropbox/Facultad/Publicaciones/EvoComnetAEDB/IJAHUC/NIDISC/comparison/data/NSGAII/200dev/FUN (30)
Computed PF file: mls-eval-d200-c80/mls-eval-d200-c80 (20)
Min. coverage   : 40.0

alg|avg|stdev
comp|0.42526229293822027|0.043359797309395855
moea|0.30031807061422194|0.03408838009781972
h-static 30.96509803921569|p-value 2.627104385703982e-08
1x10^-3
count moea=28.3 comp=20.15
Best PF file    : best-pf-d200-c80.pf
MOEA1 PF file   : /home/santiago/Dropbox/Facultad/Publicaciones/EvoComnetAEDB/IJAHUC/NIDISC/comparison/data/CellDE/200dev/FUN (30)
MOEA2 PF file   : /home/santiago/Dropbox/Facultad/Publicaciones/EvoComnetAEDB/IJAHUC/NIDISC/comparison/data/NSGAII/200dev/FUN (30)
Min. coverage   : 40.0

alg|avg|stdev
moea1|0.22691373409480137|0.028304856267676485
moea2|0.30031807061422194|0.03408838009781972
h-static 38.008524590163944|p-value 7.043620777040598e-10
u 33.0|prob 3.6901429278885146e-10
1x10^-3
