Best PF file    : best_pf/All3Algs200dev.pf
Computed PF file: mls-eval-d200-c20/mls-eval-d200-c20
Num. executions : 20
Min. coverage   : 20.0

mls-eval-d200-c20/mls-eval-d200-c20.0.err
mls-eval-d200-c20/mls-eval-d200-c20.1.err
mls-eval-d200-c20/mls-eval-d200-c20.2.err
mls-eval-d200-c20/mls-eval-d200-c20.3.err
mls-eval-d200-c20/mls-eval-d200-c20.4.err
mls-eval-d200-c20/mls-eval-d200-c20.5.err
mls-eval-d200-c20/mls-eval-d200-c20.6.err
mls-eval-d200-c20/mls-eval-d200-c20.7.err
mls-eval-d200-c20/mls-eval-d200-c20.8.err
mls-eval-d200-c20/mls-eval-d200-c20.9.err
mls-eval-d200-c20/mls-eval-d200-c20.10.err
mls-eval-d200-c20/mls-eval-d200-c20.11.err
mls-eval-d200-c20/mls-eval-d200-c20.12.err
mls-eval-d200-c20/mls-eval-d200-c20.13.err
mls-eval-d200-c20/mls-eval-d200-c20.14.err
mls-eval-d200-c20/mls-eval-d200-c20.15.err
mls-eval-d200-c20/mls-eval-d200-c20.16.err
mls-eval-d200-c20/mls-eval-d200-c20.17.err
mls-eval-d200-c20/mls-eval-d200-c20.18.err
mls-eval-d200-c20/mls-eval-d200-c20.19.err
   Average epsilon, Average ND
[0] 42.2905 2.0000
[1] 10.7443 27.0500
[2] 9.8739 31.6000
[3] 9.8936 33.9500
[4] 10.4013 35.2000
[5] 10.3369 35.8000
[6] 10.6230 37.4500
[7] 10.5439 37.6000
[8] 10.7000 37.7500
[9] 10.7203 38.2000
[10] 10.7977 38.6000
[11] 10.9888 38.6500
[12] 10.9888 39.2500
[13] 10.9888 39.0500
[14] 10.9888 39.3500
[15] 11.0628 39.2000
[16] 10.5915 40.4500
[17] 10.5470 41.5000
[18] 10.5275 41.7000
[19] 10.5275 42.1500
[20] 10.6866 42.3500
[21] 10.8331 43.0000
[22] 10.8331 42.7000
[23] 10.8331 43.0000
[24] 10.8331 43.0500
[25] 10.8331 43.2000
