Best PF file    : best_pf/All3Algs200dev.pf
Computed PF file: mls-eval-d200-c20/mls-eval-d200-c20
Num. executions : 20
Min. coverage   : 20.0

mls-eval-d200-c20/mls-eval-d200-c20.0.err
mls-eval-d200-c20/mls-eval-d200-c20.1.err
mls-eval-d200-c20/mls-eval-d200-c20.2.err
mls-eval-d200-c20/mls-eval-d200-c20.3.err
mls-eval-d200-c20/mls-eval-d200-c20.4.err
mls-eval-d200-c20/mls-eval-d200-c20.5.err
mls-eval-d200-c20/mls-eval-d200-c20.6.err
mls-eval-d200-c20/mls-eval-d200-c20.7.err
mls-eval-d200-c20/mls-eval-d200-c20.8.err
mls-eval-d200-c20/mls-eval-d200-c20.9.err
mls-eval-d200-c20/mls-eval-d200-c20.10.err
mls-eval-d200-c20/mls-eval-d200-c20.11.err
mls-eval-d200-c20/mls-eval-d200-c20.12.err
mls-eval-d200-c20/mls-eval-d200-c20.13.err
mls-eval-d200-c20/mls-eval-d200-c20.14.err
mls-eval-d200-c20/mls-eval-d200-c20.15.err
mls-eval-d200-c20/mls-eval-d200-c20.16.err
mls-eval-d200-c20/mls-eval-d200-c20.17.err
mls-eval-d200-c20/mls-eval-d200-c20.18.err
mls-eval-d200-c20/mls-eval-d200-c20.19.err
   Average igd, Average ND
[0] 4.2421 2.0000
[1] 0.7724 27.0500
[2] 0.6289 31.6000
[3] 0.6146 33.9500
[4] 0.6178 35.2000
[5] 0.6116 35.8000
[6] 0.5922 37.4500
[7] 0.5855 37.6000
[8] 0.5947 37.7500
[9] 0.5953 38.2000
[10] 0.5936 38.6000
[11] 0.6005 38.6500
[12] 0.5949 39.2500
[13] 0.5886 39.0500
[14] 0.5889 39.3500
[15] 0.5932 39.2000
[16] 0.5710 40.4500
[17] 0.5570 41.5000
[18] 0.5533 41.7000
[19] 0.5536 42.1500
[20] 0.5617 42.3500
[21] 0.5597 43.0000
[22] 0.5565 42.7000
[23] 0.5565 43.0000
[24] 0.5557 43.0500
[25] 0.5557 43.2000
