Best PF file    : best-pf-d300-c40.pf
MOEA PF file    : best_pf/All3Algs300dev-c40.pf
Computed PF file: mls-eval-d300-c40/mls-eval-d300-c40-1
Num. executions : 5
Min. coverage   : 30.0

mls-eval-d300-c40/mls-eval-d300-c40-1.0.err
mls-eval-d300-c40/mls-eval-d300-c40-1.1.err
mls-eval-d300-c40/mls-eval-d300-c40-1.2.err
mls-eval-d300-c40/mls-eval-d300-c40-1.3.err
mls-eval-d300-c40/mls-eval-d300-c40-1.4.err
   Average igd, Average ND
5.4557 5.0000
2.8118 33.6000
2.7559 36.0000
2.6995 38.6000
2.6396 40.0000
2.6112 38.8000
2.5347 43.0000
2.4183 43.4000
2.4596 44.2000
2.4572 44.8000
2.4580 45.6000
2.4543 48.2000
2.5270 49.2000
2.5208 49.6000
2.5168 50.8000
2.5160 51.6000
2.5091 54.6000
2.5085 54.2000
2.5072 54.0000
2.5049 54.8000
2.4934 55.8000
2.4935 57.0000
2.4915 57.8000
2.4792 56.8000
2.4773 56.4000
2.4752 56.6000
2.4752 56.6000
2.4752 56.6000
2.4752 56.6000
2.4752 56.6000
