Best PF file    : best-pf-d300-c60.pf
MOEA PF file    : best_pf/All3Algs300dev-c60.pf
Computed PF file: mls-eval-d300-c60/mls-eval-d300-c60-1
Num. executions : 5
Min. coverage   : 45.0

mls-eval-d300-c60/mls-eval-d300-c60-1.0.err
mls-eval-d300-c60/mls-eval-d300-c60-1.1.err
mls-eval-d300-c60/mls-eval-d300-c60-1.2.err
mls-eval-d300-c60/mls-eval-d300-c60-1.3.err
mls-eval-d300-c60/mls-eval-d300-c60-1.4.err
   Average igd, Average ND
4.7408 4.0000
1.4174 24.6000
1.4480 27.8000
1.2268 28.8000
1.2257 30.0000
1.2084 30.6000
1.0682 32.2000
1.1646 33.4000
0.9957 33.0000
0.9657 33.6000
0.9453 35.6000
0.9029 36.2000
0.8775 37.2000
0.8771 36.4000
0.8512 37.2000
0.8382 37.4000
0.8313 37.6000
0.8208 37.6000
0.7654 37.8000
0.7327 38.0000
0.7246 39.8000
0.7035 40.2000
0.6983 39.2000
0.6869 39.2000
0.6888 39.2000
0.6888 38.8000
0.6888 38.8000
0.6888 38.8000
0.6888 38.8000
0.6888 38.8000
