Best PF file    : best_pf/All3Algs100dev.pf
Computed PF file: mls-eval-d100-c20/mls-eval-d100-c20
Num. executions : 20
Min. coverage   : 20.0

mls-eval-d100-c20/mls-eval-d100-c20.0.err
mls-eval-d100-c20/mls-eval-d100-c20.1.err
mls-eval-d100-c20/mls-eval-d100-c20.2.err
mls-eval-d100-c20/mls-eval-d100-c20.3.err
mls-eval-d100-c20/mls-eval-d100-c20.4.err
mls-eval-d100-c20/mls-eval-d100-c20.5.err
mls-eval-d100-c20/mls-eval-d100-c20.6.err
mls-eval-d100-c20/mls-eval-d100-c20.7.err
mls-eval-d100-c20/mls-eval-d100-c20.8.err
mls-eval-d100-c20/mls-eval-d100-c20.9.err
mls-eval-d100-c20/mls-eval-d100-c20.10.err
mls-eval-d100-c20/mls-eval-d100-c20.11.err
mls-eval-d100-c20/mls-eval-d100-c20.12.err
mls-eval-d100-c20/mls-eval-d100-c20.13.err
mls-eval-d100-c20/mls-eval-d100-c20.14.err
mls-eval-d100-c20/mls-eval-d100-c20.15.err
mls-eval-d100-c20/mls-eval-d100-c20.16.err
mls-eval-d100-c20/mls-eval-d100-c20.17.err
mls-eval-d100-c20/mls-eval-d100-c20.18.err
mls-eval-d100-c20/mls-eval-d100-c20.19.err
   Average igd, Average ND
[0] 27.5587 2.0000
[1] 11.3088 7.3500
[2] 5.5210 7.7500
[3] 3.4878 11.8500
[4] 2.3722 11.3000
[5] 2.0678 12.1000
[6] 1.8724 13.2000
[7] 1.8682 13.3000
[8] 1.7627 13.1000
[9] 1.6528 12.6000
[10] 1.6074 12.8000
[11] 1.5830 12.7500
[12] 1.5623 13.0000
[13] 1.5641 13.1000
[14] 1.5602 13.1000
[15] 1.5615 13.2500
[16] 1.5298 13.4000
[17] 1.5301 13.3000
[18] 1.5301 13.3500
[19] 1.5307 13.3000
[20] 1.5307 13.2500
[21] 1.5615 12.9474
[22] 1.4993 12.2500
[23] 1.7910 11.0000
