Best PF file    : best-pf-d200-c80.pf
MOEA PF file    : best_pf/All3Algs200dev-c80.pf
Computed PF file: mls-eval-d200-c80/mls-eval-d200-c80
Num. executions : 10
Min. coverage   : 40.0

mls-eval-d200-c80/mls-eval-d200-c80.0.err
mls-eval-d200-c80/mls-eval-d200-c80.1.err
mls-eval-d200-c80/mls-eval-d200-c80.2.err
mls-eval-d200-c80/mls-eval-d200-c80.3.err
mls-eval-d200-c80/mls-eval-d200-c80.4.err
mls-eval-d200-c80/mls-eval-d200-c80.5.err
mls-eval-d200-c80/mls-eval-d200-c80.6.err
mls-eval-d200-c80/mls-eval-d200-c80.7.err
mls-eval-d200-c80/mls-eval-d200-c80.8.err
mls-eval-d200-c80/mls-eval-d200-c80.9.err
   Average igd, Average ND
4.9317 2.0000
2.2032 10.6000
1.7935 11.6000
1.5523 13.4000
1.4386 14.1000
1.3208 14.6000
1.1443 17.5000
1.0918 18.1000
1.0515 19.0000
1.0231 19.0000
0.9058 19.8000
0.8976 19.8000
0.8801 20.3000
0.8694 20.5000
0.8977 20.1000
0.8583 20.7000
0.8466 20.0000
0.7972 20.1000
0.7518 19.5000
0.7534 19.4000
0.7497 19.5000
0.7497 19.3000
0.7497 19.3000
0.7497 19.3000
0.7497 19.3000
0.7497 19.3000
0.7497 19.3000
0.7497 19.3000
0.7497 19.3000
0.7497 19.3000
