Best PF file    : best-pf-d100-c40.pf
MOEA PF file    : best_pf/All3Algs100dev-c40.pf
Computed PF file: mls-eval-d100-c40/mls-eval-d100-c10
Num. executions : 20
Min. coverage   : 10.0

mls-eval-d100-c40/mls-eval-d100-c10.0.err
mls-eval-d100-c40/mls-eval-d100-c10.1.err
mls-eval-d100-c40/mls-eval-d100-c10.2.err
mls-eval-d100-c40/mls-eval-d100-c10.3.err
mls-eval-d100-c40/mls-eval-d100-c10.4.err
mls-eval-d100-c40/mls-eval-d100-c10.5.err
mls-eval-d100-c40/mls-eval-d100-c10.6.err
mls-eval-d100-c40/mls-eval-d100-c10.7.err
mls-eval-d100-c40/mls-eval-d100-c10.8.err
mls-eval-d100-c40/mls-eval-d100-c10.9.err
mls-eval-d100-c40/mls-eval-d100-c10.10.err
mls-eval-d100-c40/mls-eval-d100-c10.11.err
mls-eval-d100-c40/mls-eval-d100-c10.12.err
mls-eval-d100-c40/mls-eval-d100-c10.13.err
mls-eval-d100-c40/mls-eval-d100-c10.14.err
mls-eval-d100-c40/mls-eval-d100-c10.15.err
mls-eval-d100-c40/mls-eval-d100-c10.16.err
mls-eval-d100-c40/mls-eval-d100-c10.17.err
mls-eval-d100-c40/mls-eval-d100-c10.18.err
mls-eval-d100-c40/mls-eval-d100-c10.19.err
   Average igd, Average ND
67.9400 4.0000
9.5459 19.4000
7.6213 22.5000
6.4005 25.9000
5.3074 27.5500
4.9638 28.3000
4.5836 29.5000
4.1487 30.6000
4.0673 31.5500
4.1004 32.0000
4.1152 32.1500
4.1288 32.9500
4.1332 33.3000
4.1295 33.3500
4.1524 33.8500
4.1509 33.9000
4.0969 33.4500
4.0579 33.8000
4.0591 33.8000
3.8575 34.1500
3.8593 34.1500
3.8480 34.2500
3.7250 34.6500
3.7242 34.7500
3.7240 34.7000
3.7234 34.7000
3.7234 34.7000
3.7234 34.7000
3.7234 34.7000
3.7234 34.7000
