Best PF file    : best-pf-d100-c80.pf
MOEA PF file    : best_pf/All3Algs100dev-c80.pf
Computed PF file: mls-eval-d100-c80/mls-eval-d100-c20
Num. executions : 20
Min. coverage   : 20.0

mls-eval-d100-c80/mls-eval-d100-c20.0.err
mls-eval-d100-c80/mls-eval-d100-c20.1.err
mls-eval-d100-c80/mls-eval-d100-c20.2.err
mls-eval-d100-c80/mls-eval-d100-c20.3.err
mls-eval-d100-c80/mls-eval-d100-c20.4.err
mls-eval-d100-c80/mls-eval-d100-c20.5.err
mls-eval-d100-c80/mls-eval-d100-c20.6.err
mls-eval-d100-c80/mls-eval-d100-c20.7.err
mls-eval-d100-c80/mls-eval-d100-c20.8.err
mls-eval-d100-c80/mls-eval-d100-c20.9.err
mls-eval-d100-c80/mls-eval-d100-c20.10.err
mls-eval-d100-c80/mls-eval-d100-c20.11.err
mls-eval-d100-c80/mls-eval-d100-c20.12.err
mls-eval-d100-c80/mls-eval-d100-c20.13.err
mls-eval-d100-c80/mls-eval-d100-c20.14.err
mls-eval-d100-c80/mls-eval-d100-c20.15.err
mls-eval-d100-c80/mls-eval-d100-c20.16.err
mls-eval-d100-c80/mls-eval-d100-c20.17.err
mls-eval-d100-c80/mls-eval-d100-c20.18.err
mls-eval-d100-c80/mls-eval-d100-c20.19.err
   Average igd, Average ND
114.7625 2.0000
47.5494 7.5500
22.2026 7.9000
13.2518 11.5500
9.0768 11.2000
7.9024 12.3500
7.1378 13.2000
7.1179 13.3500
6.6936 12.9500
6.2786 12.4500
6.0678 12.6500
5.9757 12.6000
5.8723 12.8000
5.8613 12.9500
5.8499 13.0000
5.8511 13.1000
5.7636 13.2500
5.7646 13.1000
5.7632 13.0500
5.7673 13.0000
5.7673 13.0000
5.7672 13.0000
5.7672 12.4500
5.7672 12.0000
5.7672 11.8000
5.7672 11.8000
5.7672 11.8000
5.7672 11.8000
5.7672 11.8000
5.7672 11.8000
