Best PF file    : best_pf/All3Algs100dev.pf
Computed PF file: mls-comp-seed/mls-comp-seed.0
Min. coverage   : 5.0

Best PF [count=61]
[(87.7155, 18.9, 4.5), (12.0335, 5.3, 5.0), (141.633, 22.0, 9.0), (139.993, 21.8, 8.4), (153.541, 22.8, 9.2), (52.9845, 14.4, 2.4), (35.7652, 11.4, 1.3), (159.41, 22.9, 9.6), (134.311, 21.5, 7.8), (149.543, 22.5, 9.4), (151.697, 22.6, 9.8), (146.922, 22.3, 9.4), (169.749, 23.9, 10.8), (48.0067, 13.6, 2.1), (101.222, 19.8, 5.7), (80.2414, 18.2, 4.1), (148.181, 22.4, 8.9), (91.9742, 19.6, 4.8), (159.645, 23.0, 10.0), (109.324, 20.4, 6.1), (179.387, 24.0, 11.3), (120.012, 21.1, 6.8), (166.511, 23.7, 10.6), (112.075, 20.5, 6.3), (170.549, 23.5, 10.4), (71.492, 16.6, 3.5), (108.601, 20.3, 6.0), (157.019, 23.4, 10.2), (35.1166, 11.1, 1.5), (113.818, 20.6, 6.4), (31.3932, 10.8, 1.0), (142.302, 22.2, 8.7), (117.283, 20.9, 6.7), (11.66, 5.1, 4.7), (138.99, 21.6, 8.7), (15.5783, 5.0, 4.6), (71.2087, 16.4, 3.6), (77.0249, 18.1, 3.9), (33.1498, 11.0, 1.1), (27.1678, 9.8, 0.7), (123.198, 21.2, 7.0), (62.8771, 15.8, 3.0), (60.8674, 15.1, 2.9), (59.5472, 14.6, 2.9), (60.7157, 14.8, 2.9), (76.5929, 17.7, 3.9), (107.915, 20.0, 5.9), (52.79, 14.2, 2.3), (40.0401, 12.1, 1.6), (74.635, 17.4, 3.8), (48.019, 13.0, 2.0), (46.2023, 12.6, 1.9), (84.7338, 18.3, 4.3), (23.4683, 8.3, 0.5), (24.5851, 9.1, 0.6), (66.3305, 16.0, 3.3), (23.2436, 7.9, 0.5), (26.7514, 9.3, 0.7), (18.0661, 7.6, 0.2), (22.098, 8.1, 0.7), (45.7461, 12.2, 1.9)]

Computed PF [count=41]
[(98.2827, 18.6, 5.4), (29.9302, 10.4, 1.0), (130.764, 20.2, 9.4), (60.9965, 14.0, 3.0), (16.4484, 5.3, 0.1), (146.198, 20.1, 8.6), (61.3924, 14.2, 3.0), (75.7792, 17.2, 3.9), (43.7294, 12.2, 1.9), (62.4261, 15.0, 3.0), (86.5521, 17.6, 4.6), (136.325, 20.4, 9.0), (107.46, 19.4, 6.0), (105.371, 19.0, 6.0), (111.543, 20.0, 6.4), (165.393, 24.0, 11.0), (139.738, 21.0, 9.4), (67.1855, 15.4, 3.3), (137.441, 20.6, 9.2), (17.6382, 7.2, 0.2), (55.3555, 13.2, 2.6), (71.2628, 16.4, 3.6), (143.511, 21.4, 9.6), (58.2997, 13.4, 2.8), (20.7751, 7.6, 0.4), (92.0914, 18.4, 5.0), (21.2451, 8.0, 0.4), (29.1555, 9.4, 1.0), (156.477, 23.2, 10.4), (55.0355, 13.0, 2.6), (101.737, 18.8, 5.6), (58.3194, 13.6, 2.8), (108.1, 19.6, 6.0), (49.5221, 12.6, 2.2), (89.4814, 18.2, 4.8), (42.4591, 11.2, 1.8), (34.4665, 11.0, 1.2), (151.896, 22.8, 10.0), (66.5223, 15.4, 3.4), (148.03, 22.4, 10.0), (24.4258, 8.4, 0.6)]

INDEX=0 COUNT=19
INDEX=1 COUNT=39
INDEX=2 COUNT=42
INDEX=3 COUNT=44
INDEX=4 COUNT=43
INDEX=5 COUNT=43
INDEX=6 COUNT=46
INDEX=7 COUNT=48
INDEX=8 COUNT=48
INDEX=9 COUNT=48
INDEX=10 COUNT=48
INDEX=11 COUNT=47
INDEX=12 COUNT=47
INDEX=13 COUNT=47
INDEX=14 COUNT=47
INDEX=15 COUNT=47
INDEX=16 COUNT=43
INDEX=17 COUNT=43
INDEX=18 COUNT=42
INDEX=19 COUNT=42
INDEX=20 COUNT=42
INDEX=21 COUNT=41
INDEX=22 COUNT=41
INDEX=23 COUNT=41
INDEX=24 COUNT=41
INDEX=25 COUNT=41
INDEX=26 COUNT=41

[0] Epsilon = 16.40
[1] Epsilon = 9.58
[2] Epsilon = 8.55
[3] Epsilon = 8.55
[4] Epsilon = 8.55
[5] Epsilon = 8.55
[6] Epsilon = 8.55
[7] Epsilon = 8.55
[8] Epsilon = 8.55
[9] Epsilon = 8.55
[10] Epsilon = 8.55
[11] Epsilon = 9.00
[12] Epsilon = 9.00
[13] Epsilon = 9.00
[14] Epsilon = 9.00
[15] Epsilon = 9.00
[16] Epsilon = 9.88
[17] Epsilon = 9.88
[18] Epsilon = 9.88
[19] Epsilon = 9.88
[20] Epsilon = 9.88
[21] Epsilon = 10.79
[22] Epsilon = 14.00
[23] Epsilon = 14.00
[24] Epsilon = 14.00
[25] Epsilon = 14.00
[26] Epsilon = 14.00
Final Epsilon = 14.00
Best PF file    : best_pf/All3Algs100dev.pf
Computed PF file: mls-comp-seed/mls-comp-seed.1
Min. coverage   : 5.0

Best PF [count=61]
[(87.7155, 18.9, 4.5), (12.0335, 5.3, 5.0), (141.633, 22.0, 9.0), (139.993, 21.8, 8.4), (153.541, 22.8, 9.2), (52.9845, 14.4, 2.4), (35.7652, 11.4, 1.3), (159.41, 22.9, 9.6), (134.311, 21.5, 7.8), (149.543, 22.5, 9.4), (151.697, 22.6, 9.8), (146.922, 22.3, 9.4), (169.749, 23.9, 10.8), (48.0067, 13.6, 2.1), (101.222, 19.8, 5.7), (80.2414, 18.2, 4.1), (148.181, 22.4, 8.9), (91.9742, 19.6, 4.8), (159.645, 23.0, 10.0), (109.324, 20.4, 6.1), (179.387, 24.0, 11.3), (120.012, 21.1, 6.8), (166.511, 23.7, 10.6), (112.075, 20.5, 6.3), (170.549, 23.5, 10.4), (71.492, 16.6, 3.5), (108.601, 20.3, 6.0), (157.019, 23.4, 10.2), (35.1166, 11.1, 1.5), (113.818, 20.6, 6.4), (31.3932, 10.8, 1.0), (142.302, 22.2, 8.7), (117.283, 20.9, 6.7), (11.66, 5.1, 4.7), (138.99, 21.6, 8.7), (15.5783, 5.0, 4.6), (71.2087, 16.4, 3.6), (77.0249, 18.1, 3.9), (33.1498, 11.0, 1.1), (27.1678, 9.8, 0.7), (123.198, 21.2, 7.0), (62.8771, 15.8, 3.0), (60.8674, 15.1, 2.9), (59.5472, 14.6, 2.9), (60.7157, 14.8, 2.9), (76.5929, 17.7, 3.9), (107.915, 20.0, 5.9), (52.79, 14.2, 2.3), (40.0401, 12.1, 1.6), (74.635, 17.4, 3.8), (48.019, 13.0, 2.0), (46.2023, 12.6, 1.9), (84.7338, 18.3, 4.3), (23.4683, 8.3, 0.5), (24.5851, 9.1, 0.6), (66.3305, 16.0, 3.3), (23.2436, 7.9, 0.5), (26.7514, 9.3, 0.7), (18.0661, 7.6, 0.2), (22.098, 8.1, 0.7), (45.7461, 12.2, 1.9)]

Computed PF [count=41]
[(49.5221, 12.6, 2.2), (16.4484, 5.3, 0.1), (34.4584, 11.0, 1.2), (84.7563, 17.4, 4.8), (75.7792, 17.2, 3.9), (134.319, 20.2, 9.0), (101.488, 19.6, 5.6), (17.6382, 7.2, 0.2), (20.805, 7.6, 0.4), (75.3382, 16.4, 4.0), (62.9429, 15.0, 3.2), (159.959, 21.8, 10.1), (68.8161, 15.6, 3.6), (99.1732, 18.6, 5.4), (146.198, 20.1, 8.6), (163.609, 24.0, 10.8), (147.832, 21.4, 9.8), (43.7294, 12.2, 1.9), (21.2402, 8.0, 0.4), (24.4193, 8.4, 0.6), (67.1855, 15.4, 3.3), (92.3821, 18.4, 5.0), (70.0476, 15.8, 3.8), (29.1532, 9.4, 1.0), (29.7223, 10.8, 1.0), (62.1648, 13.8, 3.0), (87.8346, 17.6, 5.0), (62.9271, 14.2, 3.0), (89.4821, 18.2, 4.8), (88.3745, 17.6, 4.8), (153.982, 21.6, 11.0), (55.642, 13.2, 2.6), (42.8692, 11.2, 1.8), (138.739, 21.0, 9.2), (74.8385, 16.2, 4.0), (110.903, 20.0, 6.4), (58.0608, 13.6, 2.8), (105.65, 19.8, 5.8), (156.011, 23.0, 10.4), (134.198, 20.6, 9.4), (89.119, 18.0, 4.8)]

INDEX=0 COUNT=19
INDEX=1 COUNT=35
INDEX=2 COUNT=38
INDEX=3 COUNT=39
INDEX=4 COUNT=39
INDEX=5 COUNT=39
INDEX=6 COUNT=40
INDEX=7 COUNT=43
INDEX=8 COUNT=43
INDEX=9 COUNT=43
INDEX=10 COUNT=43
INDEX=11 COUNT=42
INDEX=12 COUNT=43
INDEX=13 COUNT=43
INDEX=14 COUNT=43
INDEX=15 COUNT=43
INDEX=16 COUNT=44
INDEX=17 COUNT=42
INDEX=18 COUNT=43
INDEX=19 COUNT=43
INDEX=20 COUNT=43
INDEX=21 COUNT=44
INDEX=22 COUNT=41
INDEX=23 COUNT=41
INDEX=24 COUNT=41
INDEX=25 COUNT=41
INDEX=26 COUNT=41

[0] Epsilon = 16.40
[1] Epsilon = 6.84
[2] Epsilon = 12.37
[3] Epsilon = 12.37
[4] Epsilon = 12.37
[5] Epsilon = 12.37
[6] Epsilon = 12.37
[7] Epsilon = 11.27
[8] Epsilon = 11.27
[9] Epsilon = 11.27
[10] Epsilon = 11.27
[11] Epsilon = 11.27
[12] Epsilon = 11.27
[13] Epsilon = 11.27
[14] Epsilon = 11.27
[15] Epsilon = 11.27
[16] Epsilon = 11.27
[17] Epsilon = 11.27
[18] Epsilon = 11.27
[19] Epsilon = 11.27
[20] Epsilon = 11.27
[21] Epsilon = 11.27
[22] Epsilon = 15.79
[23] Epsilon = 15.79
[24] Epsilon = 15.79
[25] Epsilon = 15.79
[26] Epsilon = 15.79
Final Epsilon = 15.79
Best PF file    : best_pf/All3Algs100dev.pf
Computed PF file: mls-comp-seed/mls-comp-seed.2
Min. coverage   : 5.0

Best PF [count=61]
[(87.7155, 18.9, 4.5), (12.0335, 5.3, 5.0), (141.633, 22.0, 9.0), (139.993, 21.8, 8.4), (153.541, 22.8, 9.2), (52.9845, 14.4, 2.4), (35.7652, 11.4, 1.3), (159.41, 22.9, 9.6), (134.311, 21.5, 7.8), (149.543, 22.5, 9.4), (151.697, 22.6, 9.8), (146.922, 22.3, 9.4), (169.749, 23.9, 10.8), (48.0067, 13.6, 2.1), (101.222, 19.8, 5.7), (80.2414, 18.2, 4.1), (148.181, 22.4, 8.9), (91.9742, 19.6, 4.8), (159.645, 23.0, 10.0), (109.324, 20.4, 6.1), (179.387, 24.0, 11.3), (120.012, 21.1, 6.8), (166.511, 23.7, 10.6), (112.075, 20.5, 6.3), (170.549, 23.5, 10.4), (71.492, 16.6, 3.5), (108.601, 20.3, 6.0), (157.019, 23.4, 10.2), (35.1166, 11.1, 1.5), (113.818, 20.6, 6.4), (31.3932, 10.8, 1.0), (142.302, 22.2, 8.7), (117.283, 20.9, 6.7), (11.66, 5.1, 4.7), (138.99, 21.6, 8.7), (15.5783, 5.0, 4.6), (71.2087, 16.4, 3.6), (77.0249, 18.1, 3.9), (33.1498, 11.0, 1.1), (27.1678, 9.8, 0.7), (123.198, 21.2, 7.0), (62.8771, 15.8, 3.0), (60.8674, 15.1, 2.9), (59.5472, 14.6, 2.9), (60.7157, 14.8, 2.9), (76.5929, 17.7, 3.9), (107.915, 20.0, 5.9), (52.79, 14.2, 2.3), (40.0401, 12.1, 1.6), (74.635, 17.4, 3.8), (48.019, 13.0, 2.0), (46.2023, 12.6, 1.9), (84.7338, 18.3, 4.3), (23.4683, 8.3, 0.5), (24.5851, 9.1, 0.6), (66.3305, 16.0, 3.3), (23.2436, 7.9, 0.5), (26.7514, 9.3, 0.7), (18.0661, 7.6, 0.2), (22.098, 8.1, 0.7), (45.7461, 12.2, 1.9)]

Computed PF [count=41]
[(109.39, 19.8, 6.2), (158.465, 22.6, 10.2), (43.7294, 12.2, 1.9), (67.1855, 15.4, 3.3), (176.102, 22.8, 12.4), (143.763, 22.0, 9.8), (167.424, 23.0, 12.8), (16.4484, 5.3, 0.1), (89.4821, 18.2, 4.8), (34.4303, 11.0, 1.2), (101.718, 18.8, 5.6), (115.46, 20.0, 6.6), (75.7792, 17.2, 3.9), (118.461, 20.2, 6.8), (84.6546, 17.4, 4.8), (20.7751, 7.6, 0.4), (70.1586, 15.8, 3.8), (66.6266, 15.2, 3.4), (74.1379, 16.8, 3.8), (66.4895, 15.0, 3.6), (17.6382, 7.2, 0.2), (29.7223, 10.8, 1.0), (156.073, 22.6, 10.4), (55.4038, 13.2, 2.6), (29.0584, 9.4, 1.0), (21.2451, 8.0, 0.4), (24.4258, 8.4, 0.6), (64.12, 14.6, 3.2), (86.5529, 17.6, 4.6), (61.409, 14.2, 3.0), (63.2404, 14.4, 3.2), (49.6606, 12.6, 2.2), (92.2585, 18.4, 5.0), (178.552, 24.0, 12.0), (97.2676, 18.6, 5.4), (140.617, 20.4, 9.4), (43.1621, 11.2, 1.8), (71.351, 16.4, 3.6), (68.8161, 15.6, 3.6), (58.3711, 13.6, 2.8), (102.73, 19.6, 5.6)]

INDEX=0 COUNT=19
INDEX=1 COUNT=31
INDEX=2 COUNT=33
INDEX=3 COUNT=35
INDEX=4 COUNT=35
INDEX=5 COUNT=35
INDEX=6 COUNT=37
INDEX=7 COUNT=38
INDEX=8 COUNT=38
INDEX=9 COUNT=38
INDEX=10 COUNT=38
INDEX=11 COUNT=40
INDEX=12 COUNT=40
INDEX=13 COUNT=40
INDEX=14 COUNT=40
INDEX=15 COUNT=40
INDEX=16 COUNT=41
INDEX=17 COUNT=43
INDEX=18 COUNT=43
INDEX=19 COUNT=43
INDEX=20 COUNT=43
INDEX=21 COUNT=43
INDEX=22 COUNT=42
INDEX=23 COUNT=41
INDEX=24 COUNT=41
INDEX=25 COUNT=41
INDEX=26 COUNT=41

[0] Epsilon = 16.40
[1] Epsilon = 10.73
[2] Epsilon = 6.64
[3] Epsilon = 6.64
[4] Epsilon = 6.64
[5] Epsilon = 6.64
[6] Epsilon = 6.64
[7] Epsilon = 6.64
[8] Epsilon = 6.64
[9] Epsilon = 6.64
[10] Epsilon = 6.64
[11] Epsilon = 6.64
[12] Epsilon = 6.64
[13] Epsilon = 6.64
[14] Epsilon = 6.64
[15] Epsilon = 6.64
[16] Epsilon = 6.64
[17] Epsilon = 6.64
[18] Epsilon = 6.64
[19] Epsilon = 6.64
[20] Epsilon = 6.64
[21] Epsilon = 6.64
[22] Epsilon = 6.64
[23] Epsilon = 6.64
[24] Epsilon = 6.64
[25] Epsilon = 6.64
[26] Epsilon = 6.64
Final Epsilon = 6.64
Best PF file    : best_pf/All3Algs100dev.pf
Computed PF file: mls-comp-seed/mls-comp-seed.3
Min. coverage   : 5.0

Best PF [count=61]
[(87.7155, 18.9, 4.5), (12.0335, 5.3, 5.0), (141.633, 22.0, 9.0), (139.993, 21.8, 8.4), (153.541, 22.8, 9.2), (52.9845, 14.4, 2.4), (35.7652, 11.4, 1.3), (159.41, 22.9, 9.6), (134.311, 21.5, 7.8), (149.543, 22.5, 9.4), (151.697, 22.6, 9.8), (146.922, 22.3, 9.4), (169.749, 23.9, 10.8), (48.0067, 13.6, 2.1), (101.222, 19.8, 5.7), (80.2414, 18.2, 4.1), (148.181, 22.4, 8.9), (91.9742, 19.6, 4.8), (159.645, 23.0, 10.0), (109.324, 20.4, 6.1), (179.387, 24.0, 11.3), (120.012, 21.1, 6.8), (166.511, 23.7, 10.6), (112.075, 20.5, 6.3), (170.549, 23.5, 10.4), (71.492, 16.6, 3.5), (108.601, 20.3, 6.0), (157.019, 23.4, 10.2), (35.1166, 11.1, 1.5), (113.818, 20.6, 6.4), (31.3932, 10.8, 1.0), (142.302, 22.2, 8.7), (117.283, 20.9, 6.7), (11.66, 5.1, 4.7), (138.99, 21.6, 8.7), (15.5783, 5.0, 4.6), (71.2087, 16.4, 3.6), (77.0249, 18.1, 3.9), (33.1498, 11.0, 1.1), (27.1678, 9.8, 0.7), (123.198, 21.2, 7.0), (62.8771, 15.8, 3.0), (60.8674, 15.1, 2.9), (59.5472, 14.6, 2.9), (60.7157, 14.8, 2.9), (76.5929, 17.7, 3.9), (107.915, 20.0, 5.9), (52.79, 14.2, 2.3), (40.0401, 12.1, 1.6), (74.635, 17.4, 3.8), (48.019, 13.0, 2.0), (46.2023, 12.6, 1.9), (84.7338, 18.3, 4.3), (23.4683, 8.3, 0.5), (24.5851, 9.1, 0.6), (66.3305, 16.0, 3.3), (23.2436, 7.9, 0.5), (26.7514, 9.3, 0.7), (18.0661, 7.6, 0.2), (22.098, 8.1, 0.7), (45.7461, 12.2, 1.9)]

Computed PF [count=39]
[(43.7294, 12.2, 1.9), (53.9115, 12.8, 2.4), (16.4484, 5.3, 0.1), (91.6033, 18.2, 5.2), (157.608, 23.4, 10.4), (74.5956, 15.8, 3.8), (84.7072, 17.4, 4.8), (24.4258, 8.4, 0.6), (17.6382, 7.2, 0.2), (29.6406, 10.8, 1.0), (75.7792, 17.2, 3.9), (67.1855, 15.4, 3.3), (112.033, 20.0, 6.4), (145.443, 22.4, 9.6), (154.609, 22.8, 10.2), (63.2004, 14.4, 3.2), (118.083, 20.2, 6.8), (165.511, 23.8, 11.0), (29.0584, 9.4, 1.0), (63.0447, 14.2, 3.0), (42.8692, 11.2, 1.8), (149.866, 22.6, 10.0), (96.9782, 19.6, 5.4), (143.193, 21.2, 9.6), (21.2451, 8.0, 0.4), (72.3689, 15.8, 4.0), (54.8423, 13.6, 2.6), (62.7671, 14.0, 3.0), (92.1076, 18.4, 5.0), (34.4303, 11.0, 1.2), (142.368, 20.8, 9.4), (20.7751, 7.6, 0.4), (144.706, 21.6, 9.6), (91.8558, 18.2, 5.0), (49.5221, 12.6, 2.2), (169.951, 24.0, 11.4), (90.1709, 17.8, 4.8), (70.8817, 15.6, 3.8), (105.705, 19.8, 5.8)]

INDEX=0 COUNT=19
INDEX=1 COUNT=31
INDEX=2 COUNT=33
INDEX=3 COUNT=31
INDEX=4 COUNT=31
INDEX=5 COUNT=32
INDEX=6 COUNT=35
INDEX=7 COUNT=38
INDEX=8 COUNT=38
INDEX=9 COUNT=38
INDEX=10 COUNT=38
INDEX=11 COUNT=39
INDEX=12 COUNT=39
INDEX=13 COUNT=39
INDEX=14 COUNT=39
INDEX=15 COUNT=39
INDEX=16 COUNT=41
INDEX=17 COUNT=43
INDEX=18 COUNT=43
INDEX=19 COUNT=43
INDEX=20 COUNT=43
INDEX=21 COUNT=43
INDEX=22 COUNT=41
INDEX=23 COUNT=39
INDEX=24 COUNT=39
INDEX=25 COUNT=39
INDEX=26 COUNT=39

[0] Epsilon = 16.40
[1] Epsilon = 10.40
[2] Epsilon = 10.40
[3] Epsilon = 10.40
[4] Epsilon = 10.40
[5] Epsilon = 10.40
[6] Epsilon = 11.25
[7] Epsilon = 11.25
[8] Epsilon = 11.25
[9] Epsilon = 11.25
[10] Epsilon = 11.25
[11] Epsilon = 11.25
[12] Epsilon = 11.25
[13] Epsilon = 11.25
[14] Epsilon = 11.25
[15] Epsilon = 11.25
[16] Epsilon = 11.25
[17] Epsilon = 11.25
[18] Epsilon = 11.25
[19] Epsilon = 11.25
[20] Epsilon = 11.25
[21] Epsilon = 11.25
[22] Epsilon = 11.25
[23] Epsilon = 9.44
[24] Epsilon = 9.44
[25] Epsilon = 9.44
[26] Epsilon = 9.44
Final Epsilon = 9.44
Best PF file    : best_pf/All3Algs100dev.pf
Computed PF file: mls-comp-seed/mls-comp-seed.4
Min. coverage   : 5.0

Best PF [count=61]
[(87.7155, 18.9, 4.5), (12.0335, 5.3, 5.0), (141.633, 22.0, 9.0), (139.993, 21.8, 8.4), (153.541, 22.8, 9.2), (52.9845, 14.4, 2.4), (35.7652, 11.4, 1.3), (159.41, 22.9, 9.6), (134.311, 21.5, 7.8), (149.543, 22.5, 9.4), (151.697, 22.6, 9.8), (146.922, 22.3, 9.4), (169.749, 23.9, 10.8), (48.0067, 13.6, 2.1), (101.222, 19.8, 5.7), (80.2414, 18.2, 4.1), (148.181, 22.4, 8.9), (91.9742, 19.6, 4.8), (159.645, 23.0, 10.0), (109.324, 20.4, 6.1), (179.387, 24.0, 11.3), (120.012, 21.1, 6.8), (166.511, 23.7, 10.6), (112.075, 20.5, 6.3), (170.549, 23.5, 10.4), (71.492, 16.6, 3.5), (108.601, 20.3, 6.0), (157.019, 23.4, 10.2), (35.1166, 11.1, 1.5), (113.818, 20.6, 6.4), (31.3932, 10.8, 1.0), (142.302, 22.2, 8.7), (117.283, 20.9, 6.7), (11.66, 5.1, 4.7), (138.99, 21.6, 8.7), (15.5783, 5.0, 4.6), (71.2087, 16.4, 3.6), (77.0249, 18.1, 3.9), (33.1498, 11.0, 1.1), (27.1678, 9.8, 0.7), (123.198, 21.2, 7.0), (62.8771, 15.8, 3.0), (60.8674, 15.1, 2.9), (59.5472, 14.6, 2.9), (60.7157, 14.8, 2.9), (76.5929, 17.7, 3.9), (107.915, 20.0, 5.9), (52.79, 14.2, 2.3), (40.0401, 12.1, 1.6), (74.635, 17.4, 3.8), (48.019, 13.0, 2.0), (46.2023, 12.6, 1.9), (84.7338, 18.3, 4.3), (23.4683, 8.3, 0.5), (24.5851, 9.1, 0.6), (66.3305, 16.0, 3.3), (23.2436, 7.9, 0.5), (26.7514, 9.3, 0.7), (18.0661, 7.6, 0.2), (22.098, 8.1, 0.7), (45.7461, 12.2, 1.9)]

Computed PF [count=39]
[(70.0908, 15.6, 3.8), (117.569, 20.0, 6.8), (92.2497, 18.4, 5.0), (102.362, 18.8, 5.6), (75.7792, 17.2, 3.9), (21.2402, 8.0, 0.4), (97.3025, 18.6, 5.4), (16.4484, 5.3, 0.1), (152.767, 22.8, 10.2), (24.4193, 8.4, 0.6), (67.1855, 15.4, 3.3), (89.4814, 18.2, 4.8), (74.1678, 16.8, 3.8), (159.959, 21.8, 10.1), (49.5496, 12.6, 2.2), (43.7294, 12.2, 1.9), (139.762, 21.6, 9.4), (65.5154, 14.6, 3.2), (146.198, 20.1, 8.6), (154.571, 23.0, 10.2), (29.0883, 9.4, 1.0), (157.073, 23.8, 10.4), (42.932, 11.2, 1.8), (66.6181, 15.2, 3.4), (51.6442, 13.2, 2.4), (34.4303, 11.0, 1.2), (58.3053, 13.6, 2.8), (61.7988, 13.8, 3.0), (62.9271, 14.2, 3.0), (190.16, 24.0, 13.0), (17.6382, 7.2, 0.2), (29.6406, 10.8, 1.0), (63.6936, 14.4, 3.2), (139.11, 20.2, 9.2), (20.7751, 7.6, 0.4), (105.682, 19.8, 5.8), (71.4061, 16.4, 3.6), (151.066, 21.8, 10.2), (84.783, 17.4, 4.8)]

INDEX=0 COUNT=19
INDEX=1 COUNT=37
INDEX=2 COUNT=41
INDEX=3 COUNT=43
INDEX=4 COUNT=43
INDEX=5 COUNT=43
INDEX=6 COUNT=41
INDEX=7 COUNT=40
INDEX=8 COUNT=40
INDEX=9 COUNT=40
INDEX=10 COUNT=40
INDEX=11 COUNT=37
INDEX=12 COUNT=39
INDEX=13 COUNT=39
INDEX=14 COUNT=39
INDEX=15 COUNT=40
INDEX=16 COUNT=40
INDEX=17 COUNT=42
INDEX=18 COUNT=42
INDEX=19 COUNT=42
INDEX=20 COUNT=42
INDEX=21 COUNT=42
INDEX=22 COUNT=39
INDEX=23 COUNT=39
INDEX=24 COUNT=39
INDEX=25 COUNT=39
INDEX=26 COUNT=39

[0] Epsilon = 16.40
[1] Epsilon = 11.07
[2] Epsilon = 10.73
[3] Epsilon = 10.73
[4] Epsilon = 10.73
[5] Epsilon = 10.73
[6] Epsilon = 19.59
[7] Epsilon = 10.91
[8] Epsilon = 10.91
[9] Epsilon = 10.91
[10] Epsilon = 10.91
[11] Epsilon = 11.69
[12] Epsilon = 11.69
[13] Epsilon = 11.69
[14] Epsilon = 11.69
[15] Epsilon = 11.69
[16] Epsilon = 11.69
[17] Epsilon = 11.69
[18] Epsilon = 11.69
[19] Epsilon = 11.69
[20] Epsilon = 11.69
[21] Epsilon = 11.69
[22] Epsilon = 10.91
[23] Epsilon = 10.91
[24] Epsilon = 10.91
[25] Epsilon = 10.91
[26] Epsilon = 10.91
Final Epsilon = 10.91
