Best PF file    : best_pf/All3Algs100dev.pf
Computed PF file: mls-ref-seed/mls-ref-seed.0
Min. coverage   : 5.0

Best PF [count=61]
[(87.7155, 18.9, 4.5), (12.0335, 5.3, 5.0), (141.633, 22.0, 9.0), (139.993, 21.8, 8.4), (153.541, 22.8, 9.2), (52.9845, 14.4, 2.4), (35.7652, 11.4, 1.3), (159.41, 22.9, 9.6), (134.311, 21.5, 7.8), (149.543, 22.5, 9.4), (151.697, 22.6, 9.8), (146.922, 22.3, 9.4), (169.749, 23.9, 10.8), (48.0067, 13.6, 2.1), (101.222, 19.8, 5.7), (80.2414, 18.2, 4.1), (148.181, 22.4, 8.9), (91.9742, 19.6, 4.8), (159.645, 23.0, 10.0), (109.324, 20.4, 6.1), (179.387, 24.0, 11.3), (120.012, 21.1, 6.8), (166.511, 23.7, 10.6), (112.075, 20.5, 6.3), (170.549, 23.5, 10.4), (71.492, 16.6, 3.5), (108.601, 20.3, 6.0), (157.019, 23.4, 10.2), (35.1166, 11.1, 1.5), (113.818, 20.6, 6.4), (31.3932, 10.8, 1.0), (142.302, 22.2, 8.7), (117.283, 20.9, 6.7), (11.66, 5.1, 4.7), (138.99, 21.6, 8.7), (15.5783, 5.0, 4.6), (71.2087, 16.4, 3.6), (77.0249, 18.1, 3.9), (33.1498, 11.0, 1.1), (27.1678, 9.8, 0.7), (123.198, 21.2, 7.0), (62.8771, 15.8, 3.0), (60.8674, 15.1, 2.9), (59.5472, 14.6, 2.9), (60.7157, 14.8, 2.9), (76.5929, 17.7, 3.9), (107.915, 20.0, 5.9), (52.79, 14.2, 2.3), (40.0401, 12.1, 1.6), (74.635, 17.4, 3.8), (48.019, 13.0, 2.0), (46.2023, 12.6, 1.9), (84.7338, 18.3, 4.3), (23.4683, 8.3, 0.5), (24.5851, 9.1, 0.6), (66.3305, 16.0, 3.3), (23.2436, 7.9, 0.5), (26.7514, 9.3, 0.7), (18.0661, 7.6, 0.2), (22.098, 8.1, 0.7), (45.7461, 12.2, 1.9)]

Computed PF [count=45]
[(92.0753, 18.4, 5.0), (63.2423, 14.4, 3.2), (34.4152, 11.0, 1.2), (81.2419, 17.0, 4.2), (155.43, 22.8, 10.6), (52.1656, 12.2, 2.3), (21.2361, 8.0, 0.4), (71.4108, 16.4, 3.6), (136.002, 20.2, 8.8), (59.5475, 13.8, 3.0), (62.9271, 14.2, 3.0), (186.717, 24.0, 12.2), (59.0947, 13.6, 2.8), (146.198, 20.1, 8.6), (147.702, 22.2, 9.8), (67.1855, 15.4, 3.3), (175.52, 23.8, 11.8), (33.403, 9.8, 1.2), (112.565, 19.8, 6.4), (136.091, 20.8, 9.2), (102.212, 18.8, 5.6), (18.0319, 7.2, 0.2), (65.594, 15.2, 3.4), (24.4138, 8.4, 0.6), (44.0062, 11.2, 1.8), (70.2075, 15.6, 3.8), (61.0359, 14.0, 3.0), (82.5446, 17.2, 4.6), (53.385, 12.8, 2.4), (74.2351, 16.8, 3.8), (145.01, 21.8, 9.8), (102.696, 19.6, 5.6), (125.208, 20.2, 9.2), (155.76, 23.0, 10.8), (29.8027, 9.4, 1.0), (151.58, 22.4, 10.4), (140.72, 21.6, 9.4), (58.1443, 13.4, 2.8), (114.966, 20.0, 6.6), (84.6948, 17.4, 4.8), (90.1679, 17.8, 4.8), (55.9225, 13.2, 2.6), (46.9798, 11.8, 2.0), (134.682, 20.6, 9.0), (91.8003, 18.6, 5.2)]

INDEX=0 COUNT=18
INDEX=1 COUNT=37
INDEX=2 COUNT=42
INDEX=3 COUNT=39
INDEX=4 COUNT=39
INDEX=5 COUNT=39
INDEX=6 COUNT=41
INDEX=7 COUNT=41
INDEX=8 COUNT=41
INDEX=9 COUNT=41
INDEX=10 COUNT=41
INDEX=11 COUNT=42
INDEX=12 COUNT=41
INDEX=13 COUNT=41
INDEX=14 COUNT=41
INDEX=15 COUNT=41
INDEX=16 COUNT=44
INDEX=17 COUNT=45
INDEX=18 COUNT=47
INDEX=19 COUNT=47
INDEX=20 COUNT=48
INDEX=21 COUNT=48
INDEX=22 COUNT=47
INDEX=23 COUNT=47
INDEX=24 COUNT=46
INDEX=25 COUNT=46
INDEX=26 COUNT=45

[0] Epsilon = 16.45
[1] Epsilon = 9.09
[2] Epsilon = 9.09
[3] Epsilon = 9.09
[4] Epsilon = 9.09
[5] Epsilon = 9.09
[6] Epsilon = 9.09
[7] Epsilon = 9.09
[8] Epsilon = 9.09
[9] Epsilon = 9.09
[10] Epsilon = 9.09
[11] Epsilon = 9.09
[12] Epsilon = 9.09
[13] Epsilon = 9.09
[14] Epsilon = 9.09
[15] Epsilon = 9.09
[16] Epsilon = 9.09
[17] Epsilon = 9.09
[18] Epsilon = 9.09
[19] Epsilon = 9.09
[20] Epsilon = 9.09
[21] Epsilon = 9.09
[22] Epsilon = 9.09
[23] Epsilon = 9.09
[24] Epsilon = 9.09
[25] Epsilon = 9.09
[26] Epsilon = 9.09
Final Epsilon = 9.09
Best PF file    : best_pf/All3Algs100dev.pf
Computed PF file: mls-ref-seed/mls-ref-seed.1
Min. coverage   : 5.0

Best PF [count=61]
[(87.7155, 18.9, 4.5), (12.0335, 5.3, 5.0), (141.633, 22.0, 9.0), (139.993, 21.8, 8.4), (153.541, 22.8, 9.2), (52.9845, 14.4, 2.4), (35.7652, 11.4, 1.3), (159.41, 22.9, 9.6), (134.311, 21.5, 7.8), (149.543, 22.5, 9.4), (151.697, 22.6, 9.8), (146.922, 22.3, 9.4), (169.749, 23.9, 10.8), (48.0067, 13.6, 2.1), (101.222, 19.8, 5.7), (80.2414, 18.2, 4.1), (148.181, 22.4, 8.9), (91.9742, 19.6, 4.8), (159.645, 23.0, 10.0), (109.324, 20.4, 6.1), (179.387, 24.0, 11.3), (120.012, 21.1, 6.8), (166.511, 23.7, 10.6), (112.075, 20.5, 6.3), (170.549, 23.5, 10.4), (71.492, 16.6, 3.5), (108.601, 20.3, 6.0), (157.019, 23.4, 10.2), (35.1166, 11.1, 1.5), (113.818, 20.6, 6.4), (31.3932, 10.8, 1.0), (142.302, 22.2, 8.7), (117.283, 20.9, 6.7), (11.66, 5.1, 4.7), (138.99, 21.6, 8.7), (15.5783, 5.0, 4.6), (71.2087, 16.4, 3.6), (77.0249, 18.1, 3.9), (33.1498, 11.0, 1.1), (27.1678, 9.8, 0.7), (123.198, 21.2, 7.0), (62.8771, 15.8, 3.0), (60.8674, 15.1, 2.9), (59.5472, 14.6, 2.9), (60.7157, 14.8, 2.9), (76.5929, 17.7, 3.9), (107.915, 20.0, 5.9), (52.79, 14.2, 2.3), (40.0401, 12.1, 1.6), (74.635, 17.4, 3.8), (48.019, 13.0, 2.0), (46.2023, 12.6, 1.9), (84.7338, 18.3, 4.3), (23.4683, 8.3, 0.5), (24.5851, 9.1, 0.6), (66.3305, 16.0, 3.3), (23.2436, 7.9, 0.5), (26.7514, 9.3, 0.7), (18.0661, 7.6, 0.2), (22.098, 8.1, 0.7), (45.7461, 12.2, 1.9)]

Computed PF [count=41]
[(89.9321, 17.8, 4.8), (52.8375, 12.8, 2.4), (146.198, 20.1, 8.6), (111.534, 20.0, 6.4), (46.9584, 11.8, 2.0), (66.5831, 14.8, 3.2), (52.1656, 12.2, 2.3), (56.003, 13.2, 2.6), (59.1583, 13.6, 2.8), (71.4231, 16.4, 3.6), (139.633, 21.6, 9.4), (173.587, 24.0, 12.2), (99.741, 18.6, 5.6), (161.629, 23.8, 10.8), (70.1221, 15.6, 3.6), (67.1855, 15.4, 3.3), (43.9816, 11.6, 1.8), (50.3885, 12.6, 2.4), (34.4152, 11.0, 1.2), (63.2004, 14.4, 3.2), (18.0319, 7.2, 0.2), (149.463, 22.8, 10.0), (91.9527, 18.2, 5.0), (147.222, 21.8, 9.8), (47.1522, 12.0, 2.0), (62.9271, 14.2, 3.0), (76.0117, 17.2, 4.0), (104.658, 19.8, 5.8), (102.222, 18.8, 5.6), (151.21, 20.2, 8.8), (74.2378, 16.8, 3.8), (92.2236, 18.4, 5.0), (29.8027, 9.4, 1.0), (33.414, 9.8, 1.2), (84.6883, 17.4, 4.8), (24.4138, 8.4, 0.6), (58.3046, 13.4, 2.8), (62.8649, 14.0, 3.0), (135.863, 20.6, 9.2), (53.8504, 13.0, 2.4), (21.2361, 8.0, 0.4)]

INDEX=0 COUNT=18
INDEX=1 COUNT=35
INDEX=2 COUNT=34
INDEX=3 COUNT=36
INDEX=4 COUNT=37
INDEX=5 COUNT=37
INDEX=6 COUNT=38
INDEX=7 COUNT=39
INDEX=8 COUNT=40
INDEX=9 COUNT=40
INDEX=10 COUNT=40
INDEX=11 COUNT=42
INDEX=12 COUNT=42
INDEX=13 COUNT=42
INDEX=14 COUNT=42
INDEX=15 COUNT=42
INDEX=16 COUNT=40
INDEX=17 COUNT=40
INDEX=18 COUNT=40
INDEX=19 COUNT=40
INDEX=20 COUNT=40
INDEX=21 COUNT=40
INDEX=22 COUNT=41
INDEX=23 COUNT=41
INDEX=24 COUNT=41
INDEX=25 COUNT=41
INDEX=26 COUNT=41

[0] Epsilon = 16.45
[1] Epsilon = 11.20
[2] Epsilon = 11.20
[3] Epsilon = 11.20
[4] Epsilon = 11.20
[5] Epsilon = 11.20
[6] Epsilon = 11.20
[7] Epsilon = 11.20
[8] Epsilon = 11.20
[9] Epsilon = 11.20
[10] Epsilon = 11.20
[11] Epsilon = 11.20
[12] Epsilon = 11.20
[13] Epsilon = 11.20
[14] Epsilon = 11.20
[15] Epsilon = 11.20
[16] Epsilon = 11.20
[17] Epsilon = 11.74
[18] Epsilon = 11.74
[19] Epsilon = 11.74
[20] Epsilon = 11.74
[21] Epsilon = 11.74
[22] Epsilon = 11.74
[23] Epsilon = 11.74
[24] Epsilon = 11.74
[25] Epsilon = 11.74
[26] Epsilon = 11.74
Final Epsilon = 11.74
Best PF file    : best_pf/All3Algs100dev.pf
Computed PF file: mls-ref-seed/mls-ref-seed.2
Min. coverage   : 5.0

Best PF [count=61]
[(87.7155, 18.9, 4.5), (12.0335, 5.3, 5.0), (141.633, 22.0, 9.0), (139.993, 21.8, 8.4), (153.541, 22.8, 9.2), (52.9845, 14.4, 2.4), (35.7652, 11.4, 1.3), (159.41, 22.9, 9.6), (134.311, 21.5, 7.8), (149.543, 22.5, 9.4), (151.697, 22.6, 9.8), (146.922, 22.3, 9.4), (169.749, 23.9, 10.8), (48.0067, 13.6, 2.1), (101.222, 19.8, 5.7), (80.2414, 18.2, 4.1), (148.181, 22.4, 8.9), (91.9742, 19.6, 4.8), (159.645, 23.0, 10.0), (109.324, 20.4, 6.1), (179.387, 24.0, 11.3), (120.012, 21.1, 6.8), (166.511, 23.7, 10.6), (112.075, 20.5, 6.3), (170.549, 23.5, 10.4), (71.492, 16.6, 3.5), (108.601, 20.3, 6.0), (157.019, 23.4, 10.2), (35.1166, 11.1, 1.5), (113.818, 20.6, 6.4), (31.3932, 10.8, 1.0), (142.302, 22.2, 8.7), (117.283, 20.9, 6.7), (11.66, 5.1, 4.7), (138.99, 21.6, 8.7), (15.5783, 5.0, 4.6), (71.2087, 16.4, 3.6), (77.0249, 18.1, 3.9), (33.1498, 11.0, 1.1), (27.1678, 9.8, 0.7), (123.198, 21.2, 7.0), (62.8771, 15.8, 3.0), (60.8674, 15.1, 2.9), (59.5472, 14.6, 2.9), (60.7157, 14.8, 2.9), (76.5929, 17.7, 3.9), (107.915, 20.0, 5.9), (52.79, 14.2, 2.3), (40.0401, 12.1, 1.6), (74.635, 17.4, 3.8), (48.019, 13.0, 2.0), (46.2023, 12.6, 1.9), (84.7338, 18.3, 4.3), (23.4683, 8.3, 0.5), (24.5851, 9.1, 0.6), (66.3305, 16.0, 3.3), (23.2436, 7.9, 0.5), (26.7514, 9.3, 0.7), (18.0661, 7.6, 0.2), (22.098, 8.1, 0.7), (45.7461, 12.2, 1.9)]

Computed PF [count=40]
[(18.0319, 7.2, 0.2), (136.308, 20.6, 9.2), (52.1656, 12.2, 2.3), (141.688, 22.0, 9.4), (164.187, 23.2, 11.0), (34.4221, 11.0, 1.2), (59.0951, 13.6, 2.8), (58.3471, 13.4, 2.8), (29.8279, 9.4, 1.0), (82.4039, 17.2, 4.6), (153.267, 23.0, 10.4), (55.9281, 13.2, 2.6), (63.7388, 15.0, 3.2), (105.654, 19.8, 5.8), (60.0937, 14.6, 3.0), (90.4483, 17.8, 4.8), (118.229, 20.2, 6.8), (44.0172, 11.2, 1.8), (67.1855, 15.4, 3.3), (166.234, 24.0, 11.0), (51.5314, 12.2, 2.4), (70.1504, 15.6, 3.8), (112.324, 20.0, 6.4), (24.4138, 8.4, 0.6), (97.1985, 18.6, 5.4), (66.5687, 15.4, 3.4), (105.335, 19.6, 5.8), (71.3008, 16.4, 3.6), (146.317, 22.6, 10.0), (91.7366, 18.2, 5.0), (21.2361, 8.0, 0.4), (104.799, 18.8, 5.8), (83.3877, 17.4, 4.4), (53.5704, 13.0, 2.4), (92.2617, 18.4, 5.0), (86.0182, 17.6, 4.6), (74.3428, 16.8, 3.8), (33.414, 9.8, 1.2), (46.9419, 11.8, 2.0), (144.831, 22.4, 9.6)]

INDEX=0 COUNT=18
INDEX=1 COUNT=34
INDEX=2 COUNT=33
INDEX=3 COUNT=34
INDEX=4 COUNT=35
INDEX=5 COUNT=34
INDEX=6 COUNT=37
INDEX=7 COUNT=39
INDEX=8 COUNT=39
INDEX=9 COUNT=39
INDEX=10 COUNT=39
INDEX=11 COUNT=40
INDEX=12 COUNT=40
INDEX=13 COUNT=40
INDEX=14 COUNT=40
INDEX=15 COUNT=40
INDEX=16 COUNT=41
INDEX=17 COUNT=40
INDEX=18 COUNT=40
INDEX=19 COUNT=40
INDEX=20 COUNT=40
INDEX=21 COUNT=40
INDEX=22 COUNT=40
INDEX=23 COUNT=40
INDEX=24 COUNT=40
INDEX=25 COUNT=40
INDEX=26 COUNT=40

[0] Epsilon = 16.45
[1] Epsilon = 9.76
[2] Epsilon = 9.76
[3] Epsilon = 9.76
[4] Epsilon = 9.76
[5] Epsilon = 9.76
[6] Epsilon = 9.76
[7] Epsilon = 9.76
[8] Epsilon = 9.76
[9] Epsilon = 9.76
[10] Epsilon = 9.76
[11] Epsilon = 9.76
[12] Epsilon = 8.08
[13] Epsilon = 8.08
[14] Epsilon = 8.08
[15] Epsilon = 8.08
[16] Epsilon = 8.08
[17] Epsilon = 13.16
[18] Epsilon = 13.16
[19] Epsilon = 13.16
[20] Epsilon = 13.16
[21] Epsilon = 13.16
[22] Epsilon = 13.16
[23] Epsilon = 13.16
[24] Epsilon = 13.16
[25] Epsilon = 13.16
[26] Epsilon = 13.16
Final Epsilon = 13.16
Best PF file    : best_pf/All3Algs100dev.pf
Computed PF file: mls-ref-seed/mls-ref-seed.3
Min. coverage   : 5.0

Best PF [count=61]
[(87.7155, 18.9, 4.5), (12.0335, 5.3, 5.0), (141.633, 22.0, 9.0), (139.993, 21.8, 8.4), (153.541, 22.8, 9.2), (52.9845, 14.4, 2.4), (35.7652, 11.4, 1.3), (159.41, 22.9, 9.6), (134.311, 21.5, 7.8), (149.543, 22.5, 9.4), (151.697, 22.6, 9.8), (146.922, 22.3, 9.4), (169.749, 23.9, 10.8), (48.0067, 13.6, 2.1), (101.222, 19.8, 5.7), (80.2414, 18.2, 4.1), (148.181, 22.4, 8.9), (91.9742, 19.6, 4.8), (159.645, 23.0, 10.0), (109.324, 20.4, 6.1), (179.387, 24.0, 11.3), (120.012, 21.1, 6.8), (166.511, 23.7, 10.6), (112.075, 20.5, 6.3), (170.549, 23.5, 10.4), (71.492, 16.6, 3.5), (108.601, 20.3, 6.0), (157.019, 23.4, 10.2), (35.1166, 11.1, 1.5), (113.818, 20.6, 6.4), (31.3932, 10.8, 1.0), (142.302, 22.2, 8.7), (117.283, 20.9, 6.7), (11.66, 5.1, 4.7), (138.99, 21.6, 8.7), (15.5783, 5.0, 4.6), (71.2087, 16.4, 3.6), (77.0249, 18.1, 3.9), (33.1498, 11.0, 1.1), (27.1678, 9.8, 0.7), (123.198, 21.2, 7.0), (62.8771, 15.8, 3.0), (60.8674, 15.1, 2.9), (59.5472, 14.6, 2.9), (60.7157, 14.8, 2.9), (76.5929, 17.7, 3.9), (107.915, 20.0, 5.9), (52.79, 14.2, 2.3), (40.0401, 12.1, 1.6), (74.635, 17.4, 3.8), (48.019, 13.0, 2.0), (46.2023, 12.6, 1.9), (84.7338, 18.3, 4.3), (23.4683, 8.3, 0.5), (24.5851, 9.1, 0.6), (66.3305, 16.0, 3.3), (23.2436, 7.9, 0.5), (26.7514, 9.3, 0.7), (18.0661, 7.6, 0.2), (22.098, 8.1, 0.7), (45.7461, 12.2, 1.9)]

Computed PF [count=44]
[(70.1001, 15.6, 3.8), (152.155, 23.0, 10.0), (34.4221, 11.0, 1.2), (176.767, 24.0, 12.0), (102.237, 19.0, 5.6), (24.4193, 8.4, 0.6), (50.3601, 12.2, 2.2), (142.025, 22.6, 9.4), (61.4202, 14.2, 3.0), (81.2197, 17.0, 4.2), (18.0361, 7.2, 0.2), (53.9275, 12.8, 2.4), (71.9459, 15.8, 3.8), (139.476, 21.2, 9.4), (60.9811, 14.0, 3.0), (29.8137, 9.4, 1.0), (146.198, 20.1, 8.6), (92.5647, 18.2, 5.2), (67.1855, 15.4, 3.3), (104.52, 19.4, 5.8), (63.7306, 14.4, 3.2), (59.5653, 13.8, 3.0), (139.807, 20.2, 9.2), (151.21, 20.2, 8.8), (112.382, 20.0, 6.4), (92.8765, 18.4, 5.0), (105.624, 19.6, 5.8), (55.9696, 13.2, 2.6), (33.414, 9.8, 1.2), (97.3182, 18.6, 5.4), (58.2352, 13.6, 2.8), (168.367, 23.8, 11.2), (108.832, 19.8, 6.2), (63.7431, 15.0, 3.2), (88.5577, 17.8, 4.8), (46.9596, 11.8, 2.0), (90.4085, 18.0, 4.8), (44.0337, 11.2, 1.8), (21.2402, 8.0, 0.4), (50.4347, 12.6, 2.4), (159.683, 23.2, 10.6), (83.1838, 17.6, 4.4), (82.4505, 17.2, 4.6), (74.2021, 16.8, 3.8)]

INDEX=0 COUNT=18
INDEX=1 COUNT=29
INDEX=2 COUNT=35
INDEX=3 COUNT=37
INDEX=4 COUNT=37
INDEX=5 COUNT=37
INDEX=6 COUNT=41
INDEX=7 COUNT=44
INDEX=8 COUNT=44
INDEX=9 COUNT=44
INDEX=10 COUNT=44
INDEX=11 COUNT=45
INDEX=12 COUNT=44
INDEX=13 COUNT=44
INDEX=14 COUNT=44
INDEX=15 COUNT=44
INDEX=16 COUNT=45
INDEX=17 COUNT=46
INDEX=18 COUNT=42
INDEX=19 COUNT=42
INDEX=20 COUNT=42
INDEX=21 COUNT=42
INDEX=22 COUNT=44
INDEX=23 COUNT=44
INDEX=24 COUNT=44
INDEX=25 COUNT=44
INDEX=26 COUNT=44

[0] Epsilon = 16.45
[1] Epsilon = 10.54
[2] Epsilon = 10.54
[3] Epsilon = 10.54
[4] Epsilon = 10.54
[5] Epsilon = 10.54
[6] Epsilon = 8.08
[7] Epsilon = 8.08
[8] Epsilon = 8.08
[9] Epsilon = 8.08
[10] Epsilon = 8.08
[11] Epsilon = 8.08
[12] Epsilon = 8.08
[13] Epsilon = 8.08
[14] Epsilon = 8.08
[15] Epsilon = 8.08
[16] Epsilon = 8.08
[17] Epsilon = 8.08
[18] Epsilon = 8.08
[19] Epsilon = 8.08
[20] Epsilon = 8.08
[21] Epsilon = 8.08
[22] Epsilon = 10.90
[23] Epsilon = 10.90
[24] Epsilon = 10.90
[25] Epsilon = 10.90
[26] Epsilon = 10.90
Final Epsilon = 10.90
Best PF file    : best_pf/All3Algs100dev.pf
Computed PF file: mls-ref-seed/mls-ref-seed.4
Min. coverage   : 5.0

Best PF [count=61]
[(87.7155, 18.9, 4.5), (12.0335, 5.3, 5.0), (141.633, 22.0, 9.0), (139.993, 21.8, 8.4), (153.541, 22.8, 9.2), (52.9845, 14.4, 2.4), (35.7652, 11.4, 1.3), (159.41, 22.9, 9.6), (134.311, 21.5, 7.8), (149.543, 22.5, 9.4), (151.697, 22.6, 9.8), (146.922, 22.3, 9.4), (169.749, 23.9, 10.8), (48.0067, 13.6, 2.1), (101.222, 19.8, 5.7), (80.2414, 18.2, 4.1), (148.181, 22.4, 8.9), (91.9742, 19.6, 4.8), (159.645, 23.0, 10.0), (109.324, 20.4, 6.1), (179.387, 24.0, 11.3), (120.012, 21.1, 6.8), (166.511, 23.7, 10.6), (112.075, 20.5, 6.3), (170.549, 23.5, 10.4), (71.492, 16.6, 3.5), (108.601, 20.3, 6.0), (157.019, 23.4, 10.2), (35.1166, 11.1, 1.5), (113.818, 20.6, 6.4), (31.3932, 10.8, 1.0), (142.302, 22.2, 8.7), (117.283, 20.9, 6.7), (11.66, 5.1, 4.7), (138.99, 21.6, 8.7), (15.5783, 5.0, 4.6), (71.2087, 16.4, 3.6), (77.0249, 18.1, 3.9), (33.1498, 11.0, 1.1), (27.1678, 9.8, 0.7), (123.198, 21.2, 7.0), (62.8771, 15.8, 3.0), (60.8674, 15.1, 2.9), (59.5472, 14.6, 2.9), (60.7157, 14.8, 2.9), (76.5929, 17.7, 3.9), (107.915, 20.0, 5.9), (52.79, 14.2, 2.3), (40.0401, 12.1, 1.6), (74.635, 17.4, 3.8), (48.019, 13.0, 2.0), (46.2023, 12.6, 1.9), (84.7338, 18.3, 4.3), (23.4683, 8.3, 0.5), (24.5851, 9.1, 0.6), (66.3305, 16.0, 3.3), (23.2436, 7.9, 0.5), (26.7514, 9.3, 0.7), (18.0661, 7.6, 0.2), (22.098, 8.1, 0.7), (45.7461, 12.2, 1.9)]

Computed PF [count=47]
[(63.1543, 14.2, 3.0), (59.5214, 13.8, 3.0), (61.0359, 14.0, 3.0), (52.1656, 12.2, 2.3), (24.4138, 8.4, 0.6), (47.0393, 12.0, 2.0), (142.519, 20.0, 8.4), (145.264, 21.4, 10.4), (175.086, 24.0, 11.8), (55.9696, 13.2, 2.6), (74.3421, 16.8, 3.8), (83.1452, 17.2, 4.6), (152.351, 22.8, 10.2), (148.519, 22.4, 10.0), (109.373, 19.8, 6.2), (146.198, 20.1, 8.6), (130.47, 19.9, 8.2), (80.9195, 17.0, 4.2), (67.1855, 15.4, 3.3), (34.4152, 11.0, 1.2), (43.8892, 11.6, 1.8), (55.9597, 13.0, 2.6), (29.8027, 9.4, 1.0), (59.2139, 13.6, 2.8), (159.586, 23.2, 10.6), (63.1798, 14.4, 3.2), (66.6761, 14.6, 3.2), (46.9419, 11.8, 2.0), (68.3277, 16.4, 3.4), (92.2403, 18.4, 5.0), (98.6485, 18.6, 5.4), (18.0319, 7.2, 0.2), (143.858, 21.2, 9.6), (163.608, 23.4, 10.8), (53.2658, 12.8, 2.4), (104.329, 19.6, 5.8), (133.02, 20.2, 8.8), (145.681, 21.8, 9.8), (84.7443, 17.4, 4.8), (88.4993, 17.8, 4.8), (65.6156, 15.2, 3.4), (90.8615, 18.2, 5.0), (50.3995, 12.6, 2.4), (33.4337, 9.8, 1.2), (139.44, 20.8, 9.4), (58.2619, 13.4, 2.8), (21.2361, 8.0, 0.4)]

INDEX=0 COUNT=18
INDEX=1 COUNT=36
INDEX=2 COUNT=42
INDEX=3 COUNT=44
INDEX=4 COUNT=44
INDEX=5 COUNT=44
INDEX=6 COUNT=46
INDEX=7 COUNT=48
INDEX=8 COUNT=48
INDEX=9 COUNT=48
INDEX=10 COUNT=48
INDEX=11 COUNT=45
INDEX=12 COUNT=44
INDEX=13 COUNT=44
INDEX=14 COUNT=44
INDEX=15 COUNT=44
INDEX=16 COUNT=46
INDEX=17 COUNT=44
INDEX=18 COUNT=44
INDEX=19 COUNT=44
INDEX=20 COUNT=44
INDEX=21 COUNT=45
INDEX=22 COUNT=46
INDEX=23 COUNT=46
INDEX=24 COUNT=47
INDEX=25 COUNT=47
INDEX=26 COUNT=47

[0] Epsilon = 16.45
[1] Epsilon = 8.15
[2] Epsilon = 8.15
[3] Epsilon = 8.15
[4] Epsilon = 8.15
[5] Epsilon = 8.15
[6] Epsilon = 8.08
[7] Epsilon = 8.08
[8] Epsilon = 8.08
[9] Epsilon = 8.08
[10] Epsilon = 8.08
[11] Epsilon = 8.08
[12] Epsilon = 10.62
[13] Epsilon = 10.62
[14] Epsilon = 10.62
[15] Epsilon = 10.62
[16] Epsilon = 10.62
[17] Epsilon = 10.62
[18] Epsilon = 10.62
[19] Epsilon = 10.62
[20] Epsilon = 10.62
[21] Epsilon = 10.62
[22] Epsilon = 10.62
[23] Epsilon = 10.62
[24] Epsilon = 10.62
[25] Epsilon = 10.62
[26] Epsilon = 10.62
Final Epsilon = 10.62
