Best PF file    : best_pf/All3Algs100dev.pf
Computed PF file: mls-sub-space/mls-sub-space.0
Min. coverage   : 5.0

Best PF [count=61]
[(87.7155, 18.9, 4.5), (12.0335, 5.3, 5.0), (141.633, 22.0, 9.0), (139.993, 21.8, 8.4), (153.541, 22.8, 9.2), (52.9845, 14.4, 2.4), (35.7652, 11.4, 1.3), (159.41, 22.9, 9.6), (134.311, 21.5, 7.8), (149.543, 22.5, 9.4), (151.697, 22.6, 9.8), (146.922, 22.3, 9.4), (169.749, 23.9, 10.8), (48.0067, 13.6, 2.1), (101.222, 19.8, 5.7), (80.2414, 18.2, 4.1), (148.181, 22.4, 8.9), (91.9742, 19.6, 4.8), (159.645, 23.0, 10.0), (109.324, 20.4, 6.1), (179.387, 24.0, 11.3), (120.012, 21.1, 6.8), (166.511, 23.7, 10.6), (112.075, 20.5, 6.3), (170.549, 23.5, 10.4), (71.492, 16.6, 3.5), (108.601, 20.3, 6.0), (157.019, 23.4, 10.2), (35.1166, 11.1, 1.5), (113.818, 20.6, 6.4), (31.3932, 10.8, 1.0), (142.302, 22.2, 8.7), (117.283, 20.9, 6.7), (11.66, 5.1, 4.7), (138.99, 21.6, 8.7), (15.5783, 5.0, 4.6), (71.2087, 16.4, 3.6), (77.0249, 18.1, 3.9), (33.1498, 11.0, 1.1), (27.1678, 9.8, 0.7), (123.198, 21.2, 7.0), (62.8771, 15.8, 3.0), (60.8674, 15.1, 2.9), (59.5472, 14.6, 2.9), (60.7157, 14.8, 2.9), (76.5929, 17.7, 3.9), (107.915, 20.0, 5.9), (52.79, 14.2, 2.3), (40.0401, 12.1, 1.6), (74.635, 17.4, 3.8), (48.019, 13.0, 2.0), (46.2023, 12.6, 1.9), (84.7338, 18.3, 4.3), (23.4683, 8.3, 0.5), (24.5851, 9.1, 0.6), (66.3305, 16.0, 3.3), (23.2436, 7.9, 0.5), (26.7514, 9.3, 0.7), (18.0661, 7.6, 0.2), (22.098, 8.1, 0.7), (45.7461, 12.2, 1.9)]

Computed PF [count=43]
[(131.221, 20.8, 8.8), (16.4484, 5.3, 0.1), (43.7294, 12.2, 1.9), (29.7223, 10.8, 1.0), (75.7792, 17.2, 3.9), (238.907, 24.0, 20.8), (89.119, 18.0, 4.8), (153.954, 22.8, 10.4), (62.8847, 14.4, 3.0), (186.172, 23.6, 12.8), (21.3905, 8.0, 0.4), (187.807, 23.8, 12.8), (107.505, 19.8, 6.0), (103.664, 19.6, 5.8), (20.7751, 7.6, 0.4), (90.7326, 18.2, 5.0), (17.6382, 7.2, 0.2), (29.0584, 9.4, 1.0), (65.581, 14.6, 3.2), (43.0, 11.2, 1.8), (62.1634, 14.2, 3.0), (68.7935, 15.6, 3.6), (67.4917, 14.8, 3.4), (88.3745, 17.6, 4.8), (34.635, 11.0, 1.2), (43.3588, 11.6, 1.8), (186.777, 23.6, 12.6), (81.887, 17.4, 4.4), (189.309, 23.8, 12.6), (68.6606, 15.4, 3.4), (110.73, 20.0, 6.4), (49.6606, 12.6, 2.2), (66.4453, 15.0, 3.6), (244.592, 24.0, 19.0), (143.951, 21.8, 9.8), (184.337, 23.2, 13.0), (24.5946, 8.2, 0.6), (58.0458, 13.6, 2.8), (90.9912, 18.4, 5.0), (53.6994, 13.2, 2.6), (164.262, 23.0, 11.2), (97.4257, 18.6, 5.6), (87.7907, 17.6, 5.0)]

INDEX=0 COUNT=7
INDEX=1 COUNT=22
INDEX=2 COUNT=27
INDEX=3 COUNT=26
INDEX=4 COUNT=25
INDEX=5 COUNT=25
INDEX=6 COUNT=26
INDEX=7 COUNT=28
INDEX=8 COUNT=29
INDEX=9 COUNT=31
INDEX=10 COUNT=31
INDEX=11 COUNT=33
INDEX=12 COUNT=32
INDEX=13 COUNT=32
INDEX=14 COUNT=32
INDEX=15 COUNT=31
INDEX=16 COUNT=34
INDEX=17 COUNT=36
INDEX=18 COUNT=38
INDEX=19 COUNT=38
INDEX=20 COUNT=38
INDEX=21 COUNT=38
INDEX=22 COUNT=42
INDEX=23 COUNT=42
INDEX=24 COUNT=43
INDEX=25 COUNT=43
INDEX=26 COUNT=43

[0] Epsilon = 97.55
[1] Epsilon = 23.84
[2] Epsilon = 27.48
[3] Epsilon = 27.48
[4] Epsilon = 27.48
[5] Epsilon = 27.48
[6] Epsilon = 16.61
[7] Epsilon = 16.61
[8] Epsilon = 16.61
[9] Epsilon = 16.61
[10] Epsilon = 16.61
[11] Epsilon = 16.61
[12] Epsilon = 16.61
[13] Epsilon = 16.61
[14] Epsilon = 16.61
[15] Epsilon = 16.61
[16] Epsilon = 12.59
[17] Epsilon = 12.59
[18] Epsilon = 12.59
[19] Epsilon = 12.59
[20] Epsilon = 12.59
[21] Epsilon = 12.59
[22] Epsilon = 9.36
[23] Epsilon = 9.36
[24] Epsilon = 9.36
[25] Epsilon = 9.36
[26] Epsilon = 9.36
Final Epsilon = 9.36
Best PF file    : best_pf/All3Algs100dev.pf
Computed PF file: mls-sub-space/mls-sub-space.1
Min. coverage   : 5.0

Best PF [count=61]
[(87.7155, 18.9, 4.5), (12.0335, 5.3, 5.0), (141.633, 22.0, 9.0), (139.993, 21.8, 8.4), (153.541, 22.8, 9.2), (52.9845, 14.4, 2.4), (35.7652, 11.4, 1.3), (159.41, 22.9, 9.6), (134.311, 21.5, 7.8), (149.543, 22.5, 9.4), (151.697, 22.6, 9.8), (146.922, 22.3, 9.4), (169.749, 23.9, 10.8), (48.0067, 13.6, 2.1), (101.222, 19.8, 5.7), (80.2414, 18.2, 4.1), (148.181, 22.4, 8.9), (91.9742, 19.6, 4.8), (159.645, 23.0, 10.0), (109.324, 20.4, 6.1), (179.387, 24.0, 11.3), (120.012, 21.1, 6.8), (166.511, 23.7, 10.6), (112.075, 20.5, 6.3), (170.549, 23.5, 10.4), (71.492, 16.6, 3.5), (108.601, 20.3, 6.0), (157.019, 23.4, 10.2), (35.1166, 11.1, 1.5), (113.818, 20.6, 6.4), (31.3932, 10.8, 1.0), (142.302, 22.2, 8.7), (117.283, 20.9, 6.7), (11.66, 5.1, 4.7), (138.99, 21.6, 8.7), (15.5783, 5.0, 4.6), (71.2087, 16.4, 3.6), (77.0249, 18.1, 3.9), (33.1498, 11.0, 1.1), (27.1678, 9.8, 0.7), (123.198, 21.2, 7.0), (62.8771, 15.8, 3.0), (60.8674, 15.1, 2.9), (59.5472, 14.6, 2.9), (60.7157, 14.8, 2.9), (76.5929, 17.7, 3.9), (107.915, 20.0, 5.9), (52.79, 14.2, 2.3), (40.0401, 12.1, 1.6), (74.635, 17.4, 3.8), (48.019, 13.0, 2.0), (46.2023, 12.6, 1.9), (84.7338, 18.3, 4.3), (23.4683, 8.3, 0.5), (24.5851, 9.1, 0.6), (66.3305, 16.0, 3.3), (23.2436, 7.9, 0.5), (26.7514, 9.3, 0.7), (18.0661, 7.6, 0.2), (22.098, 8.1, 0.7), (45.7461, 12.2, 1.9)]

Computed PF [count=48]
[(135.6, 20.8, 9.0), (16.4484, 5.3, 0.1), (43.7294, 12.2, 1.9), (29.6406, 10.8, 1.0), (88.8741, 18.0, 4.8), (75.7792, 17.2, 3.9), (89.4821, 18.2, 4.8), (137.187, 21.0, 10.2), (61.7988, 13.8, 3.0), (62.8847, 14.4, 3.0), (148.923, 22.8, 9.8), (134.887, 20.2, 9.0), (29.0584, 9.4, 1.0), (20.7751, 7.6, 0.4), (156.671, 23.0, 10.2), (85.7486, 17.4, 4.8), (62.1672, 14.2, 3.0), (108.147, 19.6, 6.0), (148.405, 20.2, 8.8), (62.689, 15.0, 3.2), (58.0458, 13.6, 2.8), (21.3905, 8.0, 0.4), (146.346, 22.6, 9.8), (17.6382, 7.2, 0.2), (143.047, 21.0, 9.2), (49.5485, 12.6, 2.2), (68.6407, 15.4, 3.4), (108.009, 19.4, 6.0), (88.3745, 17.6, 4.8), (181.864, 24.0, 11.8), (101.162, 18.8, 5.6), (75.6924, 16.4, 4.0), (97.409, 18.6, 5.6), (55.4969, 12.8, 2.6), (152.627, 23.0, 10.6), (73.5683, 16.2, 4.0), (34.635, 11.0, 1.2), (94.359, 18.4, 5.2), (42.904, 11.2, 1.8), (105.979, 19.2, 6.0), (55.6662, 13.2, 2.6), (111.86, 20.0, 6.4), (139.432, 21.6, 9.4), (24.5946, 8.2, 0.6), (74.2076, 15.6, 3.8), (107.906, 19.8, 6.2), (134.639, 20.6, 9.8), (154.968, 23.8, 10.4)]

INDEX=0 COUNT=7
INDEX=1 COUNT=22
INDEX=2 COUNT=25
INDEX=3 COUNT=26
INDEX=4 COUNT=24
INDEX=5 COUNT=25
INDEX=6 COUNT=33
INDEX=7 COUNT=34
INDEX=8 COUNT=38
INDEX=9 COUNT=39
INDEX=10 COUNT=39
INDEX=11 COUNT=43
INDEX=12 COUNT=45
INDEX=13 COUNT=46
INDEX=14 COUNT=47
INDEX=15 COUNT=48
INDEX=16 COUNT=49
INDEX=17 COUNT=53
INDEX=18 COUNT=53
INDEX=19 COUNT=53
INDEX=20 COUNT=53
INDEX=21 COUNT=51
INDEX=22 COUNT=47
INDEX=23 COUNT=48
INDEX=24 COUNT=48
INDEX=25 COUNT=48
INDEX=26 COUNT=48

[0] Epsilon = 97.55
[1] Epsilon = 15.84
[2] Epsilon = 13.89
[3] Epsilon = 13.89
[4] Epsilon = 13.89
[5] Epsilon = 13.89
[6] Epsilon = 12.16
[7] Epsilon = 11.62
[8] Epsilon = 11.62
[9] Epsilon = 11.62
[10] Epsilon = 11.62
[11] Epsilon = 10.83
[12] Epsilon = 11.42
[13] Epsilon = 11.42
[14] Epsilon = 11.42
[15] Epsilon = 11.42
[16] Epsilon = 11.42
[17] Epsilon = 11.42
[18] Epsilon = 11.42
[19] Epsilon = 11.42
[20] Epsilon = 11.42
[21] Epsilon = 12.16
[22] Epsilon = 12.16
[23] Epsilon = 12.16
[24] Epsilon = 12.16
[25] Epsilon = 12.16
[26] Epsilon = 12.16
Final Epsilon = 12.16
Best PF file    : best_pf/All3Algs100dev.pf
Computed PF file: mls-sub-space/mls-sub-space.2
Min. coverage   : 5.0

Best PF [count=61]
[(87.7155, 18.9, 4.5), (12.0335, 5.3, 5.0), (141.633, 22.0, 9.0), (139.993, 21.8, 8.4), (153.541, 22.8, 9.2), (52.9845, 14.4, 2.4), (35.7652, 11.4, 1.3), (159.41, 22.9, 9.6), (134.311, 21.5, 7.8), (149.543, 22.5, 9.4), (151.697, 22.6, 9.8), (146.922, 22.3, 9.4), (169.749, 23.9, 10.8), (48.0067, 13.6, 2.1), (101.222, 19.8, 5.7), (80.2414, 18.2, 4.1), (148.181, 22.4, 8.9), (91.9742, 19.6, 4.8), (159.645, 23.0, 10.0), (109.324, 20.4, 6.1), (179.387, 24.0, 11.3), (120.012, 21.1, 6.8), (166.511, 23.7, 10.6), (112.075, 20.5, 6.3), (170.549, 23.5, 10.4), (71.492, 16.6, 3.5), (108.601, 20.3, 6.0), (157.019, 23.4, 10.2), (35.1166, 11.1, 1.5), (113.818, 20.6, 6.4), (31.3932, 10.8, 1.0), (142.302, 22.2, 8.7), (117.283, 20.9, 6.7), (11.66, 5.1, 4.7), (138.99, 21.6, 8.7), (15.5783, 5.0, 4.6), (71.2087, 16.4, 3.6), (77.0249, 18.1, 3.9), (33.1498, 11.0, 1.1), (27.1678, 9.8, 0.7), (123.198, 21.2, 7.0), (62.8771, 15.8, 3.0), (60.8674, 15.1, 2.9), (59.5472, 14.6, 2.9), (60.7157, 14.8, 2.9), (76.5929, 17.7, 3.9), (107.915, 20.0, 5.9), (52.79, 14.2, 2.3), (40.0401, 12.1, 1.6), (74.635, 17.4, 3.8), (48.019, 13.0, 2.0), (46.2023, 12.6, 1.9), (84.7338, 18.3, 4.3), (23.4683, 8.3, 0.5), (24.5851, 9.1, 0.6), (66.3305, 16.0, 3.3), (23.2436, 7.9, 0.5), (26.7514, 9.3, 0.7), (18.0661, 7.6, 0.2), (22.098, 8.1, 0.7), (45.7461, 12.2, 1.9)]

Computed PF [count=46]
[(16.4484, 5.3, 0.1), (24.5946, 8.2, 0.6), (43.7294, 12.2, 1.9), (95.0074, 17.8, 5.0), (43.3588, 11.6, 1.8), (75.7792, 17.2, 3.9), (173.361, 23.8, 11.6), (111.922, 19.8, 6.4), (95.1299, 18.0, 5.2), (140.598, 20.0, 8.4), (21.3905, 8.0, 0.4), (51.8401, 13.0, 2.4), (34.635, 11.0, 1.2), (152.27, 21.2, 10.0), (17.6382, 7.2, 0.2), (20.7751, 7.6, 0.4), (149.913, 21.0, 10.6), (177.62, 24.0, 11.8), (152.437, 22.0, 10.0), (68.5702, 15.4, 3.4), (90.7174, 17.6, 5.0), (138.333, 20.4, 9.8), (60.1892, 14.0, 3.0), (62.8827, 14.4, 3.0), (26.7256, 9.0, 0.8), (42.4372, 11.2, 1.8), (133.816, 20.2, 9.0), (55.2266, 13.2, 2.6), (49.558, 12.6, 2.2), (71.8554, 16.4, 3.6), (29.7223, 10.8, 1.0), (159.521, 22.8, 10.4), (146.408, 20.8, 9.6), (71.7037, 15.6, 3.8), (58.2196, 13.6, 2.8), (99.8156, 18.6, 5.4), (167.749, 23.0, 11.0), (85.7486, 17.4, 4.8), (63.7616, 15.0, 3.2), (43.0481, 11.4, 1.8), (97.4685, 18.2, 5.2), (135.056, 20.2, 8.8), (74.9348, 16.8, 3.8), (143.338, 20.6, 9.4), (150.627, 21.2, 10.6), (29.0883, 9.4, 1.0)]

INDEX=0 COUNT=7
INDEX=1 COUNT=26
INDEX=2 COUNT=29
INDEX=3 COUNT=29
INDEX=4 COUNT=28
INDEX=5 COUNT=28
INDEX=6 COUNT=30
INDEX=7 COUNT=32
INDEX=8 COUNT=34
INDEX=9 COUNT=34
INDEX=10 COUNT=35
INDEX=11 COUNT=38
INDEX=12 COUNT=42
INDEX=13 COUNT=42
INDEX=14 COUNT=43
INDEX=15 COUNT=45
INDEX=16 COUNT=45
INDEX=17 COUNT=46
INDEX=18 COUNT=46
INDEX=19 COUNT=46
INDEX=20 COUNT=46
INDEX=21 COUNT=46
INDEX=22 COUNT=45
INDEX=23 COUNT=45
INDEX=24 COUNT=46
INDEX=25 COUNT=46
INDEX=26 COUNT=46

[0] Epsilon = 97.55
[1] Epsilon = 16.77
[2] Epsilon = 13.93
[3] Epsilon = 13.93
[4] Epsilon = 10.85
[5] Epsilon = 10.85
[6] Epsilon = 10.85
[7] Epsilon = 10.85
[8] Epsilon = 10.85
[9] Epsilon = 10.85
[10] Epsilon = 10.85
[11] Epsilon = 10.85
[12] Epsilon = 10.85
[13] Epsilon = 10.85
[14] Epsilon = 10.85
[15] Epsilon = 10.85
[16] Epsilon = 10.85
[17] Epsilon = 10.85
[18] Epsilon = 10.85
[19] Epsilon = 10.85
[20] Epsilon = 10.85
[21] Epsilon = 10.85
[22] Epsilon = 10.85
[23] Epsilon = 10.85
[24] Epsilon = 10.85
[25] Epsilon = 10.85
[26] Epsilon = 10.85
Final Epsilon = 10.85
Best PF file    : best_pf/All3Algs100dev.pf
Computed PF file: mls-sub-space/mls-sub-space.3
Min. coverage   : 5.0

Best PF [count=61]
[(87.7155, 18.9, 4.5), (12.0335, 5.3, 5.0), (141.633, 22.0, 9.0), (139.993, 21.8, 8.4), (153.541, 22.8, 9.2), (52.9845, 14.4, 2.4), (35.7652, 11.4, 1.3), (159.41, 22.9, 9.6), (134.311, 21.5, 7.8), (149.543, 22.5, 9.4), (151.697, 22.6, 9.8), (146.922, 22.3, 9.4), (169.749, 23.9, 10.8), (48.0067, 13.6, 2.1), (101.222, 19.8, 5.7), (80.2414, 18.2, 4.1), (148.181, 22.4, 8.9), (91.9742, 19.6, 4.8), (159.645, 23.0, 10.0), (109.324, 20.4, 6.1), (179.387, 24.0, 11.3), (120.012, 21.1, 6.8), (166.511, 23.7, 10.6), (112.075, 20.5, 6.3), (170.549, 23.5, 10.4), (71.492, 16.6, 3.5), (108.601, 20.3, 6.0), (157.019, 23.4, 10.2), (35.1166, 11.1, 1.5), (113.818, 20.6, 6.4), (31.3932, 10.8, 1.0), (142.302, 22.2, 8.7), (117.283, 20.9, 6.7), (11.66, 5.1, 4.7), (138.99, 21.6, 8.7), (15.5783, 5.0, 4.6), (71.2087, 16.4, 3.6), (77.0249, 18.1, 3.9), (33.1498, 11.0, 1.1), (27.1678, 9.8, 0.7), (123.198, 21.2, 7.0), (62.8771, 15.8, 3.0), (60.8674, 15.1, 2.9), (59.5472, 14.6, 2.9), (60.7157, 14.8, 2.9), (76.5929, 17.7, 3.9), (107.915, 20.0, 5.9), (52.79, 14.2, 2.3), (40.0401, 12.1, 1.6), (74.635, 17.4, 3.8), (48.019, 13.0, 2.0), (46.2023, 12.6, 1.9), (84.7338, 18.3, 4.3), (23.4683, 8.3, 0.5), (24.5851, 9.1, 0.6), (66.3305, 16.0, 3.3), (23.2436, 7.9, 0.5), (26.7514, 9.3, 0.7), (18.0661, 7.6, 0.2), (22.098, 8.1, 0.7), (45.7461, 12.2, 1.9)]

Computed PF [count=46]
[(21.3905, 8.0, 0.4), (16.4484, 5.3, 0.1), (181.35, 24.0, 11.8), (144.545, 22.6, 10.0), (75.7792, 17.2, 3.9), (43.7294, 12.2, 1.9), (178.247, 24.0, 12.0), (17.6382, 7.2, 0.2), (20.7751, 7.6, 0.4), (177.763, 23.6, 11.8), (89.4814, 18.2, 4.8), (49.5221, 12.6, 2.2), (55.1636, 13.2, 2.6), (29.0883, 9.4, 1.0), (136.049, 21.0, 9.0), (24.5946, 8.2, 0.6), (42.4801, 11.2, 1.8), (117.371, 20.2, 7.0), (167.709, 23.4, 11.2), (34.635, 11.0, 1.2), (68.5233, 15.6, 3.6), (163.319, 23.4, 12.2), (174.203, 23.6, 13.0), (29.7223, 10.8, 1.0), (66.6644, 15.4, 3.4), (62.7121, 14.4, 3.0), (160.281, 23.0, 10.6), (101.305, 19.0, 5.6), (54.0412, 12.8, 2.4), (86.5521, 17.6, 4.6), (58.0608, 13.6, 2.8), (110.757, 20.0, 6.4), (143.683, 21.6, 9.6), (63.5796, 15.0, 3.2), (108.721, 19.8, 6.2), (167.16, 23.2, 12.0), (98.5409, 18.8, 5.4), (105.181, 19.4, 6.0), (107.319, 19.6, 6.0), (157.118, 22.8, 10.6), (89.0429, 17.8, 4.8), (55.0657, 13.0, 2.6), (89.1597, 18.0, 4.8), (82.6176, 17.4, 4.6), (155.811, 23.0, 10.8), (90.9487, 18.4, 5.0)]

INDEX=0 COUNT=7
INDEX=1 COUNT=20
INDEX=2 COUNT=22
INDEX=3 COUNT=24
INDEX=4 COUNT=23
INDEX=5 COUNT=24
INDEX=6 COUNT=28
INDEX=7 COUNT=29
INDEX=8 COUNT=30
INDEX=9 COUNT=30
INDEX=10 COUNT=31
INDEX=11 COUNT=36
INDEX=12 COUNT=37
INDEX=13 COUNT=37
INDEX=14 COUNT=37
INDEX=15 COUNT=38
INDEX=16 COUNT=38
INDEX=17 COUNT=40
INDEX=18 COUNT=44
INDEX=19 COUNT=44
INDEX=20 COUNT=44
INDEX=21 COUNT=44
INDEX=22 COUNT=46
INDEX=23 COUNT=46
INDEX=24 COUNT=46
INDEX=25 COUNT=46
INDEX=26 COUNT=46

[0] Epsilon = 97.55
[1] Epsilon = 17.33
[2] Epsilon = 10.36
[3] Epsilon = 9.69
[4] Epsilon = 9.69
[5] Epsilon = 9.69
[6] Epsilon = 9.67
[7] Epsilon = 9.67
[8] Epsilon = 9.67
[9] Epsilon = 9.67
[10] Epsilon = 9.67
[11] Epsilon = 6.64
[12] Epsilon = 6.64
[13] Epsilon = 6.64
[14] Epsilon = 6.64
[15] Epsilon = 6.64
[16] Epsilon = 6.64
[17] Epsilon = 6.64
[18] Epsilon = 6.64
[19] Epsilon = 6.64
[20] Epsilon = 6.64
[21] Epsilon = 6.64
[22] Epsilon = 6.64
[23] Epsilon = 6.64
[24] Epsilon = 6.64
[25] Epsilon = 6.64
[26] Epsilon = 6.64
Final Epsilon = 6.64
Best PF file    : best_pf/All3Algs100dev.pf
Computed PF file: mls-sub-space/mls-sub-space.4
Min. coverage   : 5.0

Best PF [count=61]
[(87.7155, 18.9, 4.5), (12.0335, 5.3, 5.0), (141.633, 22.0, 9.0), (139.993, 21.8, 8.4), (153.541, 22.8, 9.2), (52.9845, 14.4, 2.4), (35.7652, 11.4, 1.3), (159.41, 22.9, 9.6), (134.311, 21.5, 7.8), (149.543, 22.5, 9.4), (151.697, 22.6, 9.8), (146.922, 22.3, 9.4), (169.749, 23.9, 10.8), (48.0067, 13.6, 2.1), (101.222, 19.8, 5.7), (80.2414, 18.2, 4.1), (148.181, 22.4, 8.9), (91.9742, 19.6, 4.8), (159.645, 23.0, 10.0), (109.324, 20.4, 6.1), (179.387, 24.0, 11.3), (120.012, 21.1, 6.8), (166.511, 23.7, 10.6), (112.075, 20.5, 6.3), (170.549, 23.5, 10.4), (71.492, 16.6, 3.5), (108.601, 20.3, 6.0), (157.019, 23.4, 10.2), (35.1166, 11.1, 1.5), (113.818, 20.6, 6.4), (31.3932, 10.8, 1.0), (142.302, 22.2, 8.7), (117.283, 20.9, 6.7), (11.66, 5.1, 4.7), (138.99, 21.6, 8.7), (15.5783, 5.0, 4.6), (71.2087, 16.4, 3.6), (77.0249, 18.1, 3.9), (33.1498, 11.0, 1.1), (27.1678, 9.8, 0.7), (123.198, 21.2, 7.0), (62.8771, 15.8, 3.0), (60.8674, 15.1, 2.9), (59.5472, 14.6, 2.9), (60.7157, 14.8, 2.9), (76.5929, 17.7, 3.9), (107.915, 20.0, 5.9), (52.79, 14.2, 2.3), (40.0401, 12.1, 1.6), (74.635, 17.4, 3.8), (48.019, 13.0, 2.0), (46.2023, 12.6, 1.9), (84.7338, 18.3, 4.3), (23.4683, 8.3, 0.5), (24.5851, 9.1, 0.6), (66.3305, 16.0, 3.3), (23.2436, 7.9, 0.5), (26.7514, 9.3, 0.7), (18.0661, 7.6, 0.2), (22.098, 8.1, 0.7), (45.7461, 12.2, 1.9)]

Computed PF [count=44]
[(16.4484, 5.3, 0.1), (29.0584, 9.4, 1.0), (43.7294, 12.2, 1.9), (17.6382, 7.2, 0.2), (68.5702, 15.4, 3.4), (75.7792, 17.2, 3.9), (42.4252, 11.2, 1.8), (20.7751, 7.6, 0.4), (58.725, 13.6, 2.8), (67.5476, 14.8, 3.6), (34.635, 11.0, 1.2), (88.5828, 17.6, 4.8), (55.4969, 12.8, 2.6), (135.377, 20.2, 8.8), (100.353, 18.6, 5.4), (85.7486, 17.4, 4.8), (49.6247, 12.6, 2.2), (91.6865, 18.0, 5.0), (96.8286, 18.2, 5.2), (65.581, 14.6, 3.2), (55.7639, 13.0, 2.6), (62.8661, 14.4, 3.0), (156.349, 23.0, 10.2), (29.6406, 10.8, 1.0), (24.5946, 8.2, 0.6), (121.14, 20.0, 7.0), (111.922, 19.8, 6.4), (140.164, 20.6, 9.2), (68.4659, 15.0, 3.6), (21.3905, 8.0, 0.4), (26.7256, 9.0, 0.8), (140.542, 21.4, 9.2), (156.078, 22.2, 10.2), (108.005, 19.4, 6.0), (98.7941, 18.4, 5.4), (58.2526, 13.4, 2.8), (133.816, 20.2, 9.0), (68.5042, 14.8, 3.4), (74.1033, 15.6, 3.8), (62.1554, 14.2, 3.0), (74.9835, 16.8, 3.8), (170.977, 24.0, 11.2), (143.159, 21.6, 9.4), (56.4967, 13.2, 2.6)]

INDEX=0 COUNT=7
INDEX=1 COUNT=25
INDEX=2 COUNT=29
INDEX=3 COUNT=29
INDEX=4 COUNT=28
INDEX=5 COUNT=31
INDEX=6 COUNT=38
INDEX=7 COUNT=39
INDEX=8 COUNT=39
INDEX=9 COUNT=39
INDEX=10 COUNT=39
INDEX=11 COUNT=39
INDEX=12 COUNT=39
INDEX=13 COUNT=39
INDEX=14 COUNT=39
INDEX=15 COUNT=39
INDEX=16 COUNT=39
INDEX=17 COUNT=39
INDEX=18 COUNT=39
INDEX=19 COUNT=39
INDEX=20 COUNT=39
INDEX=21 COUNT=39
INDEX=22 COUNT=39
INDEX=23 COUNT=39
INDEX=24 COUNT=39
INDEX=25 COUNT=39
INDEX=26 COUNT=39
INDEX=27 COUNT=39
INDEX=28 COUNT=39
INDEX=29 COUNT=39
INDEX=30 COUNT=39
INDEX=31 COUNT=39
INDEX=32 COUNT=39
INDEX=33 COUNT=38
INDEX=34 COUNT=38
INDEX=35 COUNT=35
INDEX=36 COUNT=36
INDEX=37 COUNT=36
INDEX=38 COUNT=37
INDEX=39 COUNT=37
INDEX=40 COUNT=38
INDEX=41 COUNT=41
INDEX=42 COUNT=41
INDEX=43 COUNT=41
INDEX=44 COUNT=41
INDEX=45 COUNT=41
INDEX=46 COUNT=44
INDEX=47 COUNT=44
INDEX=48 COUNT=44
INDEX=49 COUNT=44
INDEX=50 COUNT=44

[0] Epsilon = 97.55
[1] Epsilon = 16.77
[2] Epsilon = 13.93
[3] Epsilon = 13.93
[4] Epsilon = 13.93
[5] Epsilon = 13.93
[6] Epsilon = 10.85
[7] Epsilon = 10.85
[8] Epsilon = 10.85
[9] Epsilon = 10.85
[10] Epsilon = 10.85
[11] Epsilon = 10.85
[12] Epsilon = 10.85
[13] Epsilon = 10.85
[14] Epsilon = 10.85
[15] Epsilon = 10.85
[16] Epsilon = 10.85
[17] Epsilon = 10.85
[18] Epsilon = 10.85
[19] Epsilon = 10.85
[20] Epsilon = 10.85
[21] Epsilon = 10.85
[22] Epsilon = 10.85
[23] Epsilon = 10.85
[24] Epsilon = 10.85
[25] Epsilon = 10.85
[26] Epsilon = 10.85
[27] Epsilon = 10.85
[28] Epsilon = 10.85
[29] Epsilon = 10.85
[30] Epsilon = 10.85
[31] Epsilon = 10.85
[32] Epsilon = 10.85
[33] Epsilon = 10.85
[34] Epsilon = 10.85
[35] Epsilon = 10.85
[36] Epsilon = 10.85
[37] Epsilon = 10.85
[38] Epsilon = 10.85
[39] Epsilon = 10.85
[40] Epsilon = 8.41
[41] Epsilon = 8.41
[42] Epsilon = 8.41
[43] Epsilon = 8.41
[44] Epsilon = 8.41
[45] Epsilon = 8.41
[46] Epsilon = 8.41
[47] Epsilon = 8.41
[48] Epsilon = 8.41
[49] Epsilon = 8.41
[50] Epsilon = 8.41
Final Epsilon = 8.41
