89.91733323447708
99.93246704149759
100.59377257564209
3.5911459173918363
5.029915406843349
109.02627125606008
102.45241514478809
110.36258754215577
82.14799650021902
85.11280571100919
85.41268772846341
97.30646581291501
95.6230412871291
82.85476751521304
97.47757293347021
4.410074375790042
3.6903772164915467
4.642503041463721
88.88988248951622
3.916154012548534
88.00701644755377
87.1695176997097
79.9467175623865
103.95463926636462
93.14739639947004
69.49822227942236
2.3249808601362725
80.97964438054788
94.56071239685113
96.7642269901434
