0.4931394261730222
0.5065915758419783
0.5170090377193468
0.5091625558103678
0.5150323112799481
0.5131223333434535
0.5121238593773889
0.5179147225584058
0.518477235165678
0.5152102135996126
0.5122781525697488
0.5098918188159872
0.5269292254286176
0.5054549064617696
0.5159316641758054
0.5170796300445485
0.5182369869951373
0.5100012249813085
0.5171437402509933
0.5070569828541354
0.517381517923864
0.5145024608860793
0.5044087857417482
0.5225787048229232
0.5090413389381038
0.5261715561671954
0.5184068550439739
0.5148128285710818
0.5014719087285945
0.5059141328407416
