0.6044595941636624
0.4434111723702218
0.44356303807048664
0.5544734788106003
0.33706225653684463
0.3640416872950179
0.4127076088047425
0.588746949897881
0.5103373662552175
0.44488344800445156
0.4960806424495736
0.5529108069535292
0.3978299015028175
0.4112888500261036
0.45239370230706755
0.3372162622205269
0.49630543469632893
0.48052167406072327
0.3237241398809715
0.5669526058764177
0.48642120052333904
0.490856121364987
0.4519484246826759
0.5504184894585722
0.557383229932093
0.4807274888681018
0.37581422543829945
0.704639974406614
0.542697433918832
0.41586064520074456
