41.948612679801464
41.948262274377946
41.94870028129596
58.372819025638975
41.8949129705505
41.94870028129596
47.83636313059867
41.94870028129596
51.681164112275944
43.01963522497605
44.07629447321995
41.94870028129596
41.94870028129596
65.27467429256157
41.947824268846176
41.948612679801464
44.34047039094195
41.94870028129596
41.81364426547871
41.94870028129596
51.29454771220815
55.84271125223058
41.94852507836241
43.51353927227708
41.94870028129596
41.74461665424657
46.52713539817383
41.94852507836241
41.94870028129596
41.94870028129596
