0.3626299762945438
0.30808394255982396
0.30183654826075906
0.3629181736600261
0.30461162732350205
0.3231441164841909
0.3461245143777756
0.34827513658158665
0.32828550323564054
0.31598813403795606
0.31245863776515986
0.3387868870098645
0.3460652500381668
0.31234011959136904
0.3199413627281817
0.3235779775661154
0.32057371671185797
0.362092277510037
0.3169370226713963
0.36556639918731065
0.35299156540448046
0.3674020539477652
0.36362489096781636
0.3223090213696431
0.35242929527891753
0.33786981249914816
0.33876836262185267
0.29172047788473143
0.3552241843076732
0.3070093056483437
