0.697125181886952
0.6986627699969172
0.6972920773975855
0.6966405594082715
0.7052707764147977
0.7083336607133865
0.6974843619473867
0.7048824616351097
0.6915805030025712
0.6941973685038603
0.6926176179376654
0.6996648261282488
0.6969205084981935
0.6988655127683516
0.6955748191631197
0.6987249945415684
0.6993999337079438
0.7038177101157079
0.7084252650003738
0.7090633675617611
0.6979012696912937
0.6955237212583044
0.7033215130515656
0.6979360391679162
0.7052046410420578
0.7033427832869258
0.6991303139659609
0.6875688030592861
0.7063491500587629
0.6945366922134225
