0.5656243803121579
0.5694863335916281
0.5728604119619949
0.5660033124247895
0.5780187425434494
0.5730393880806327
0.5679320095694381
0.5806943170295396
0.5714396285126724
0.5755550348342334
0.571294370482542
0.5704978013485312
0.5779831203213793
0.568315648398868
0.5771686645000791
0.577821255124489
0.5751896187750803
0.5701617199944379
0.5733181461557375
0.5750639247703216
0.5812450521700988
0.5815872732868459
0.5722747909583978
0.5802714466413232
0.5706216409177678
0.5762785395363519
0.5681470515863413
0.5663235527604529
0.5628236093925622
0.5712232037919852
