0.35415917260720303
0.29622267128712126
0.3416748282251449
0.35238417878293493
0.24518501361609504
0.3244806500655922
0.3324215145172023
0.39054284708606185
0.30821388348778705
0.4114987948447581
0.3314069777889118
0.4379769042429461
0.3731375266554889
0.25801075340572566
0.33411468623307244
0.2848975904823723
0.3912768730403568
0.3392701870342162
0.25873538657204836
0.3324585778661125
0.2876123494316323
0.3227911006877807
0.26599327611211177
0.380408637574711
0.32798885610759243
0.36830304802095365
0.26616265844123177
0.42684927556608077
0.33208861554923025
0.29758341917775655
