89.91733323447708
99.93246704149759
100.59377257564209
3.5911459173918363
4.891531559746892
109.02627125606008
102.45241514478809
110.36258754215577
82.14799650021902
85.11280571100919
85.41268772846341
97.30646581291501
95.6230412871291
82.85476751521304
97.47757293347021
3.293793557586754
2.3201172384170756
4.474150757406378
88.88988248951622
2.3902052213146754
88.00701644755377
87.1695176997097
79.9467175623865
103.95463926636462
93.14739639947004
69.49822227942236
2.8969102505946007
80.97964438054788
94.56071239685113
96.7642269901434
