0.26903411971505775
0.24970088815345598
0.2646201077737966
0.28938524799693727
0.24689036674556378
0.17362028900549678
0.24995331014570996
0.25067522925482816
0.19811482742119513
0.18048966635726663
0.21319703492943673
0.2223070488225349
0.2761849610040084
0.360198584251068
0.24057908865693894
0.25938914912788047
0.25781829023235614
0.31801332302216956
0.2038233160087001
0.30278758218909446
0.27409725504331517
0.2346093227608302
0.27525652135781586
0.2517696061456184
0.191964835621669
0.28350231763884576
0.4376909128661004
0.19547610581412964
0.2230198026703976
0.22719359597018793
