0.6391756295620722
0.6435051297596491
0.6311154662731456
0.6227325783828423
0.6408068048546922
0.6303919777275006
0.6367495810152893
0.6314194836907129
0.6241952616793253
0.6157958531266777
0.6215255575050497
0.6197989110990118
0.6599578874063484
0.6346870778136549
0.6286864464930922
0.649448462699119
0.6288682854468235
0.6402145660174604
0.633063707630284
0.6420287856737988
0.6334915877103321
0.6316738792158605
0.6311043746711013
0.6439771713539927
0.6177516982158243
0.6279409756652333
0.6771395763885548
0.6191156015547767
0.22331690781913696
0.20375293573040654
