111.6680 68.4000 6.0000
66.7321 53.2000 3.2000
63.3144 50.8000 3.0000
145.2380 72.6000 8.4000
104.3090 67.0000 5.6000
97.9503 66.0000 5.2000
160.3130 73.6000 9.2000
145.1360 72.2000 8.2000
82.5522 59.6000 4.2000
97.8946 65.8000 5.2000
69.9013 57.0000 3.4000
127.7010 71.2000 7.0000
82.5886 60.2000 4.2000
81.9219 58.8000 4.2000
60.5327 46.4000 2.8000
117.9890 70.8000 6.4000
61.6559 49.4000 3.0000
151.2930 73.4000 9.2000
65.2851 52.2000 3.2000
107.5150 68.0000 5.8000
61.4975 49.0000 3.0000
144.3720 72.2000 8.6000
150.3060 72.8000 9.0000
114.8250 70.4000 6.2000
65.2757 51.0000 3.2000
166.5370 74.0000 9.6000
127.7090 71.4000 7.0000
94.6618 65.0000 5.0000
107.3810 67.8000 5.8000
88.8566 62.4000 4.6000
107.7630 68.2000 5.8000
104.2620 66.8000 5.6000
85.6939 61.8000 4.4000
59.6334 46.2000 2.8000
124.5050 71.0000 6.8000
58.2224 46.0000 2.8000
111.7500 68.8000 6.0000
101.9670 66.4000 5.4000
104.1610 66.6000 5.6000
104.5290 67.6000 5.6000
79.8001 58.0000 4.0000
92.0848 62.8000 4.8000
82.6095 60.6000 4.2000
82.5712 60.0000 4.2000
98.9849 66.2000 5.2000
95.6449 65.2000 5.0000
82.4937 59.0000 4.2000
104.3360 67.4000 5.6000
79.7987 57.2000 4.0000
143.3330 71.8000 8.6000
92.5554 64.4000 4.8000
