Computed PF file: mls-eval-d200-c15/mls-eval-d200-c15
Num. executions : 20
Min. coverage   : 15.0

Computed PF [count=910]
23.5716 17.2000 0.5000
51.7690 30.8000 2.3000
72.2490 35.0000 3.6000
21.7361 16.6000 0.4000
18.5805 15.2000 0.2000
50.0418 27.6000 2.2000
135.2360 46.6000 7.6000
116.3540 45.4000 6.4000
59.5825 34.2000 2.8000
77.8929 37.2000 4.0000
100.4280 44.0000 5.4000
140.8270 47.8000 8.0000
72.6065 35.8000 3.6000
28.4063 19.0000 0.8000
72.2523 35.4000 3.6000
40.4834 24.6000 1.6000
122.7010 46.0000 6.8000
137.9590 47.6000 7.8000
146.7810 48.4000 8.4000
69.1358 34.6000 3.4000
31.3096 20.8000 1.0000
59.9384 34.4000 2.8000
141.5140 48.0000 8.0000
37.2390 21.6000 1.4000
37.5259 23.0000 1.4000
56.1476 32.4000 2.6000
84.5902 38.2000 4.4000
110.0520 44.8000 6.0000
69.6065 34.8000 3.4000
37.2606 22.0000 1.4000
28.0911 18.2000 0.8000
50.8073 28.2000 2.2000
56.1115 31.0000 2.6000
44.2022 26.6000 1.8000
91.3974 39.8000 4.8000
43.6441 25.8000 1.8000
94.3508 41.8000 5.0000
34.7760 21.4000 1.2000
167.6390 49.0000 9.8000
87.8499 38.8000 4.6000
50.9002 28.4000 2.2000
43.5243 25.2000 1.8000
100.3250 42.0000 5.4000
100.3570 43.8000 5.4000
110.1620 45.0000 6.0000
110.2470 45.0000 6.0000
23.5716 17.2000 0.5000
51.7690 30.8000 2.3000
21.7361 16.6000 0.4000
97.1194 43.2000 5.2000
100.3390 43.8000 5.4000
137.0070 46.6000 7.8000
40.4560 23.2000 1.6000
113.7030 46.2000 6.2000
84.6918 38.0000 4.4000
59.3370 32.6000 2.8000
76.0115 37.0000 3.8000
56.1115 31.0000 2.6000
59.5825 34.2000 2.8000
94.3343 41.2000 5.0000
28.0911 18.2000 0.8000
46.7704 27.2000 2.0000
18.5805 15.2000 0.2000
156.2430 48.8000 9.0000
91.4733 40.0000 4.8000
72.3016 35.4000 3.6000
37.5259 23.0000 1.4000
100.4280 44.0000 5.4000
50.9002 28.4000 2.2000
44.1885 26.6000 1.8000
34.7760 21.4000 1.2000
69.1358 34.6000 3.4000
40.4834 24.6000 1.6000
56.1444 32.4000 2.6000
43.6532 25.8000 1.8000
141.5140 48.0000 8.0000
28.4063 19.0000 0.8000
47.4403 27.8000 2.0000
77.8929 37.6000 4.0000
84.7847 38.2000 4.4000
37.2390 21.6000 1.4000
72.2490 35.0000 3.6000
50.8073 28.2000 2.2000
69.6065 34.8000 3.4000
59.9246 34.4000 2.8000
138.4920 47.8000 7.8000
43.5871 24.8000 1.8000
84.9780 38.6000 4.4000
75.9186 36.8000 3.8000
107.0020 44.8000 5.8000
177.0070 49.0000 10.4000
147.6850 48.4000 8.4000
31.3096 20.8000 1.0000
23.5716 17.2000 0.5000
128.4220 46.6000 7.2000
51.7690 30.8000 2.3000
21.7361 16.6000 0.4000
103.9620 44.6000 5.6000
18.5805 15.2000 0.2000
50.0471 27.6000 2.2000
50.0446 26.8000 2.2000
59.5825 34.2000 2.8000
69.1358 34.6000 3.4000
94.3725 41.6000 5.0000
50.5803 27.8000 2.2000
56.1562 32.4000 2.6000
40.4924 24.6000 1.6000
91.5188 39.8000 4.8000
148.1050 48.8000 8.4000
40.2933 23.6000 1.6000
31.3096 20.8000 1.0000
119.9580 46.4000 6.6000
137.4470 46.8000 7.8000
85.0591 38.6000 4.4000
91.7172 40.0000 4.8000
167.9930 49.0000 9.8000
34.7339 21.4000 1.2000
37.5259 23.0000 1.4000
28.0911 18.2000 0.8000
56.1115 31.0000 2.6000
43.6532 25.8000 1.8000
69.7759 36.4000 3.4000
94.4336 41.8000 5.0000
37.1752 21.6000 1.4000
62.8864 34.4000 3.0000
144.5810 47.8000 8.2000
44.2022 26.6000 1.8000
50.8073 28.2000 2.2000
28.4063 19.0000 0.8000
110.6460 45.8000 6.0000
147.8710 48.4000 8.4000
40.3295 24.4000 1.6000
97.7287 43.2000 5.2000
100.3870 43.8000 5.4000
143.9760 47.4000 8.2000
107.0860 45.0000 5.8000
78.4626 38.4000 4.0000
77.8945 37.6000 4.0000
50.8948 28.4000 2.2000
43.5871 24.8000 1.8000
138.3820 47.2000 7.8000
23.5716 17.2000 0.5000
51.7690 30.8000 2.3000
40.3902 24.0000 1.6000
21.7361 16.6000 0.4000
18.5805 15.2000 0.2000
135.0450 46.6000 7.6000
43.6441 25.8000 1.8000
59.5825 34.2000 2.8000
50.0471 27.6000 2.2000
37.5259 23.0000 1.4000
28.4063 19.0000 0.8000
116.4740 46.2000 6.4000
91.3974 39.8000 4.8000
94.4739 40.2000 5.0000
84.9138 38.6000 4.4000
113.7600 44.6000 6.2000
83.7868 37.4000 4.4000
37.2390 21.6000 1.4000
97.1044 40.6000 5.2000
28.0911 18.2000 0.8000
40.4834 24.6000 1.6000
50.8683 28.4000 2.2000
91.0578 38.8000 4.8000
163.5000 49.0000 9.4000
75.9965 37.0000 3.8000
56.1000 31.0000 2.6000
60.3701 34.4000 2.8000
50.9641 28.6000 2.2000
56.1292 31.8000 2.6000
84.7847 38.2000 4.4000
31.3096 20.8000 1.0000
59.3217 32.0000 2.8000
141.7520 48.4000 8.0000
69.2782 36.2000 3.4000
43.5510 25.2000 1.8000
66.6588 34.6000 3.2000
34.7760 21.4000 1.2000
141.5140 48.0000 8.0000
97.5381 42.4000 5.2000
138.2030 47.4000 7.8000
75.9186 36.8000 3.8000
138.5480 47.6000 7.8000
44.2022 26.6000 1.8000
50.7565 28.2000 2.2000
141.0590 47.8000 8.0000
100.3020 44.0000 5.4000
97.4452 42.2000 5.2000
105.6920 44.2000 5.8000
23.5716 17.2000 0.5000
51.7690 30.8000 2.3000
43.6457 25.8000 1.8000
18.5805 15.2000 0.2000
21.7361 16.6000 0.4000
135.0450 46.6000 7.6000
172.2330 49.0000 10.0000
59.5825 34.2000 2.8000
46.7251 26.0000 2.0000
69.2097 34.6000 3.4000
28.4063 19.0000 0.8000
37.5259 23.0000 1.4000
40.3651 24.0000 1.6000
143.7530 47.6000 8.2000
160.2460 48.6000 9.2000
75.6770 37.0000 3.8000
56.0984 31.0000 2.6000
112.6210 45.4000 6.2000
91.3974 39.8000 4.8000
66.0468 34.4000 3.2000
115.7010 46.2000 6.4000
50.9877 28.6000 2.2000
69.3232 35.6000 3.4000
138.2320 47.4000 7.8000
37.2390 21.6000 1.4000
43.5510 25.2000 1.8000
69.7806 36.0000 3.4000
50.7291 28.2000 2.2000
97.4343 42.2000 5.2000
40.4834 24.6000 1.6000
109.7360 45.2000 6.0000
34.7760 21.4000 1.2000
31.3096 20.8000 1.0000
162.6280 48.8000 9.4000
153.8860 48.4000 8.8000
94.4309 41.8000 5.0000
79.3760 38.6000 4.0000
28.0911 18.2000 0.8000
47.4403 27.8000 2.0000
46.7520 26.6000 2.0000
100.6450 42.6000 5.4000
137.9360 46.8000 7.8000
104.1010 43.4000 5.6000
94.3069 41.2000 5.0000
144.2380 48.2000 8.2000
103.7440 42.8000 5.6000
56.1444 32.4000 2.6000
59.3370 32.6000 2.8000
50.8948 28.4000 2.2000
106.9940 44.8000 5.8000
23.5716 17.2000 0.5000
51.7690 30.8000 2.3000
21.7361 16.6000 0.4000
18.5805 15.2000 0.2000
43.5733 24.8000 1.8000
84.8225 38.2000 4.4000
107.0070 44.8000 5.8000
47.4403 27.8000 2.0000
100.3760 42.8000 5.4000
50.7565 28.2000 2.2000
28.0911 18.2000 0.8000
143.9550 48.6000 8.2000
56.1444 32.4000 2.6000
81.8585 37.8000 4.2000
113.6380 45.2000 6.2000
140.1720 47.8000 8.0000
138.2320 47.4000 7.8000
159.1010 48.8000 9.2000
97.6351 41.8000 5.2000
78.7233 37.4000 4.0000
122.7030 46.6000 6.8000
100.5360 43.0000 5.4000
37.2390 21.6000 1.4000
106.9660 44.0000 5.8000
31.3096 20.8000 1.0000
40.4834 24.6000 1.6000
43.6441 25.8000 1.8000
63.0917 36.0000 3.0000
50.9002 28.4000 2.2000
44.1885 26.6000 1.8000
56.7458 34.2000 2.6000
141.7520 48.4000 8.0000
37.5259 23.0000 1.4000
59.9246 34.4000 2.8000
28.4063 19.0000 0.8000
91.4733 40.0000 4.8000
162.9470 49.0000 9.4000
94.4799 40.8000 5.0000
103.7410 43.6000 5.6000
40.3902 24.0000 1.6000
34.7760 21.4000 1.2000
138.0250 47.0000 7.8000
53.7375 32.0000 2.4000
75.4588 37.0000 3.8000
62.8864 34.4000 3.0000
23.5716 17.2000 0.5000
51.7690 30.8000 2.3000
21.7361 16.6000 0.4000
113.7030 46.2000 6.2000
137.0070 46.6000 7.8000
50.9002 28.4000 2.2000
18.5805 15.2000 0.2000
46.7704 27.2000 2.0000
69.5104 34.8000 3.4000
110.1600 44.8000 6.0000
74.4858 35.4000 3.8000
56.1115 31.0000 2.6000
50.0418 27.6000 2.2000
100.3830 42.8000 5.4000
59.5825 34.2000 2.8000
43.6441 25.8000 1.8000
59.3370 32.6000 2.8000
56.1444 32.4000 2.6000
91.4733 40.0000 4.8000
34.7760 21.4000 1.2000
37.5259 23.0000 1.4000
94.3069 41.2000 5.0000
40.4834 24.6000 1.6000
97.8671 42.0000 5.2000
56.1292 31.8000 2.6000
46.7251 26.0000 2.0000
94.3508 41.8000 5.0000
28.4063 19.0000 0.8000
138.2880 48.2000 7.8000
72.2490 35.0000 3.6000
28.0911 18.2000 0.8000
161.6140 48.8000 9.4000
50.8073 28.2000 2.2000
37.2606 22.0000 1.4000
141.4020 48.4000 8.0000
170.9220 49.0000 10.0000
69.1280 34.6000 3.4000
31.3096 20.8000 1.0000
100.4280 44.0000 5.4000
40.3726 24.0000 1.6000
50.9877 28.6000 2.2000
77.8929 37.2000 4.0000
43.5510 25.2000 1.8000
110.1690 45.2000 6.0000
79.3760 38.6000 4.0000
84.9138 38.6000 4.4000
51.7690 30.8000 2.3000
23.5716 17.2000 0.5000
74.6637 35.6000 3.8000
21.7361 16.6000 0.4000
37.3603 21.6000 1.4000
94.4445 41.8000 5.0000
59.5825 34.2000 2.8000
151.3610 48.8000 8.6000
66.0543 34.8000 3.2000
18.5805 15.2000 0.2000
31.3096 20.8000 1.0000
41.2151 26.4000 1.6000
75.6715 37.4000 3.8000
134.2290 47.0000 7.6000
34.7760 21.4000 1.2000
141.5140 48.0000 8.0000
150.0210 48.2000 8.6000
37.5259 23.0000 1.4000
110.2040 44.6000 6.0000
113.7030 46.2000 6.2000
110.2470 45.0000 6.0000
56.1115 31.0000 2.6000
71.4899 35.2000 3.6000
28.0911 18.2000 0.8000
138.2320 47.4000 7.8000
100.4230 43.6000 5.4000
91.4733 40.0000 4.8000
40.4834 24.6000 1.6000
72.3228 35.4000 3.6000
87.8464 38.8000 4.6000
40.1959 23.8000 1.6000
137.4330 47.2000 7.8000
78.4626 38.4000 4.0000
100.3760 42.8000 5.4000
106.7640 44.0000 5.8000
28.4063 19.0000 0.8000
113.3170 45.6000 6.2000
75.5520 37.0000 3.8000
50.7798 28.4000 2.2000
77.8929 37.6000 4.0000
50.0418 27.6000 2.2000
62.8864 34.4000 3.0000
166.8880 49.0000 9.8000
50.9309 28.6000 2.2000
23.5716 17.2000 0.5000
51.7690 30.8000 2.3000
167.8460 49.0000 9.8000
21.7361 16.6000 0.4000
97.5848 41.2000 5.2000
100.3250 42.0000 5.4000
18.5805 15.2000 0.2000
94.4144 40.6000 5.0000
59.5825 34.2000 2.8000
37.5259 23.0000 1.4000
28.4063 19.0000 0.8000
69.7759 36.4000 3.4000
43.5871 24.8000 1.8000
113.6640 45.8000 6.2000
100.3760 42.8000 5.4000
40.3651 24.0000 1.6000
34.7760 21.4000 1.2000
56.1115 31.0000 2.6000
141.7520 48.4000 8.0000
37.2390 21.6000 1.4000
75.9186 36.8000 3.8000
135.0450 46.6000 7.6000
152.3980 48.6000 8.8000
50.7739 28.4000 2.2000
40.4834 24.6000 1.6000
97.5079 41.0000 5.2000
31.3096 20.8000 1.0000
43.6441 25.8000 1.8000
59.3401 32.6000 2.8000
159.3090 48.8000 9.2000
75.9965 37.0000 3.8000
97.6095 41.8000 5.2000
76.3094 38.2000 3.8000
47.4403 27.8000 2.0000
28.0911 18.2000 0.8000
44.2022 26.6000 1.8000
106.9940 44.8000 5.8000
59.9384 34.4000 2.8000
100.4800 44.0000 5.4000
110.7020 45.0000 6.0000
93.9290 39.4000 5.0000
79.6121 38.6000 4.0000
131.4590 46.0000 7.4000
100.3870 43.8000 5.4000
138.2640 47.8000 7.8000
63.0917 36.0000 3.0000
23.5716 17.2000 0.5000
51.7690 30.8000 2.3000
37.2390 21.6000 1.4000
21.7361 16.6000 0.4000
50.8683 28.4000 2.2000
90.8939 39.4000 4.8000
31.3096 20.8000 1.0000
18.5805 15.2000 0.2000
69.2972 36.2000 3.4000
147.5300 48.2000 8.4000
149.9640 48.4000 8.6000
100.4450 44.0000 5.4000
59.5825 34.2000 2.8000
137.5700 46.2000 7.8000
109.7360 45.2000 6.0000
69.7759 36.4000 3.4000
100.3360 43.8000 5.4000
46.7251 26.0000 2.0000
62.8977 34.6000 3.0000
97.0478 43.2000 5.2000
43.6441 25.8000 1.8000
37.5259 23.0000 1.4000
50.7291 28.2000 2.2000
75.9036 36.8000 3.8000
94.3486 40.2000 5.0000
168.3230 49.0000 9.8000
137.9590 47.6000 7.8000
43.5871 24.8000 1.8000
94.0890 40.0000 5.0000
40.4834 24.6000 1.6000
47.1352 26.4000 2.0000
28.4063 19.0000 0.8000
141.5140 48.0000 8.0000
79.3760 38.6000 4.0000
50.0418 27.6000 2.2000
116.1440 46.0000 6.4000
56.0984 31.0000 2.6000
103.8530 44.6000 5.6000
28.0911 18.2000 0.8000
75.9965 37.0000 3.8000
78.5361 37.2000 4.0000
34.7339 21.4000 1.2000
56.1562 32.4000 2.6000
94.0543 39.8000 5.0000
153.3350 48.6000 8.8000
159.6230 48.8000 9.2000
23.5716 17.2000 0.5000
131.8160 47.2000 7.4000
51.7690 30.8000 2.3000
21.7361 16.6000 0.4000
37.5259 23.0000 1.4000
31.3096 20.8000 1.0000
40.4004 24.4000 1.6000
50.9877 28.6000 2.2000
34.7339 21.4000 1.2000
47.3733 27.8000 2.0000
18.5805 15.2000 0.2000
75.2243 36.8000 3.8000
107.0070 44.8000 5.8000
148.1050 48.8000 8.4000
34.6185 21.0000 1.2000
94.5525 41.8000 5.0000
56.7458 34.2000 2.6000
43.5988 24.8000 1.8000
137.6410 47.8000 7.8000
100.4280 44.0000 5.4000
28.0911 18.2000 0.8000
40.4834 24.6000 1.6000
37.2390 21.6000 1.4000
113.7030 46.2000 6.2000
143.9550 48.6000 8.2000
167.9930 49.0000 9.8000
94.0890 40.0000 5.0000
50.8073 28.2000 2.2000
59.9246 34.4000 2.8000
56.1115 31.0000 2.6000
28.4063 19.0000 0.8000
84.9138 38.6000 4.4000
78.4626 38.4000 4.0000
123.0310 46.8000 6.8000
69.5007 34.8000 3.4000
50.8948 28.4000 2.2000
72.2981 35.0000 3.6000
43.6457 25.8000 1.8000
75.2988 37.0000 3.8000
91.5188 39.8000 4.8000
44.1898 26.6000 1.8000
40.3902 24.0000 1.6000
66.6777 34.6000 3.2000
23.5716 17.2000 0.5000
51.7690 30.8000 2.3000
94.3069 41.2000 5.0000
21.7361 16.6000 0.4000
78.4626 38.4000 4.0000
18.5805 15.2000 0.2000
69.3045 34.8000 3.4000
40.3902 24.0000 1.6000
56.7458 34.2000 2.6000
43.6441 25.8000 1.8000
50.7739 28.4000 2.2000
43.5733 24.8000 1.8000
159.5880 48.8000 9.2000
135.0450 46.6000 7.6000
140.7800 47.8000 8.0000
34.7553 21.4000 1.2000
59.9246 34.4000 2.8000
141.4570 48.0000 8.0000
56.1292 31.8000 2.6000
138.2320 47.4000 7.8000
153.9790 48.4000 8.8000
75.7370 37.6000 3.8000
69.7806 36.0000 3.4000
150.0210 48.2000 8.6000
37.2390 21.6000 1.4000
28.0911 18.2000 0.8000
40.4834 24.6000 1.6000
98.1474 41.8000 5.2000
56.1115 31.0000 2.6000
28.4063 19.0000 0.8000
37.5259 23.0000 1.4000
50.0418 27.6000 2.2000
50.7291 28.2000 2.2000
69.1883 34.6000 3.4000
50.9877 28.6000 2.2000
100.3720 42.8000 5.4000
94.0434 39.8000 5.0000
129.3310 46.2000 7.2000
160.5950 49.0000 9.2000
113.0210 45.0000 6.2000
31.3096 20.8000 1.0000
94.1285 40.2000 5.0000
103.7660 44.4000 5.6000
91.6476 38.6000 4.8000
100.4270 43.8000 5.4000
113.3750 45.8000 6.2000
107.0020 44.8000 5.8000
44.2022 26.6000 1.8000
23.5716 17.2000 0.5000
51.7690 30.8000 2.3000
173.1490 49.0000 10.2000
21.7361 16.6000 0.4000
59.9384 34.4000 2.8000
59.5825 34.2000 2.8000
97.1090 43.2000 5.2000
56.1115 31.0000 2.6000
46.7251 26.0000 2.0000
18.5805 15.2000 0.2000
40.4834 24.6000 1.6000
31.3096 20.8000 1.0000
37.2390 21.6000 1.4000
43.6441 25.8000 1.8000
79.1603 38.4000 4.0000
91.3974 39.8000 4.8000
79.0948 38.2000 4.0000
94.0435 40.0000 5.0000
37.5259 23.0000 1.4000
106.9540 44.4000 5.8000
84.9138 38.6000 4.4000
110.7010 45.0000 6.0000
50.9877 28.6000 2.2000
77.8929 37.2000 4.0000
94.3250 41.2000 5.0000
69.7759 36.4000 3.4000
106.8030 44.0000 5.8000
135.0110 47.8000 7.6000
47.1794 26.4000 2.0000
43.5871 24.8000 1.8000
28.4063 19.0000 0.8000
159.1020 48.8000 9.2000
115.2920 45.8000 6.4000
106.6680 43.8000 5.8000
147.6840 48.4000 8.4000
133.2440 46.2000 7.6000
112.6150 45.4000 6.2000
34.7339 21.4000 1.2000
28.0911 18.2000 0.8000
63.0917 36.0000 3.0000
40.4159 24.0000 1.6000
110.1130 44.8000 6.0000
56.1562 32.4000 2.6000
50.7739 28.4000 2.2000
75.6635 37.0000 3.8000
47.4403 27.8000 2.0000
23.5716 17.2000 0.5000
51.7690 30.8000 2.3000
56.1444 32.4000 2.6000
21.7361 16.6000 0.4000
169.6040 48.6000 9.8000
37.5259 23.0000 1.4000
43.6441 25.8000 1.8000
50.8536 28.4000 2.2000
110.4960 45.8000 6.0000
34.7339 21.4000 1.2000
44.1885 26.6000 1.8000
172.2330 49.0000 10.0000
59.3370 32.6000 2.8000
59.5825 34.2000 2.8000
75.5791 37.0000 3.8000
56.0984 31.0000 2.6000
18.5805 15.2000 0.2000
66.6588 34.6000 3.2000
97.8671 42.0000 5.2000
40.4834 24.6000 1.6000
84.9138 38.6000 4.4000
43.5988 24.8000 1.8000
50.7291 28.2000 2.2000
107.2210 44.6000 5.8000
144.1220 48.4000 8.2000
31.3096 20.8000 1.0000
87.8464 38.8000 4.6000
28.0911 18.2000 0.8000
50.9641 28.6000 2.2000
60.3701 34.4000 2.8000
28.4063 19.0000 0.8000
40.4560 23.2000 1.6000
123.0310 46.8000 6.8000
138.3980 47.8000 7.8000
69.2782 36.2000 3.4000
91.4585 39.8000 4.8000
100.3580 43.8000 5.4000
94.3508 41.8000 5.0000
91.4733 40.0000 4.8000
50.0418 27.6000 2.2000
37.2390 21.6000 1.4000
78.6299 37.4000 4.0000
51.7690 30.8000 2.3000
23.5716 17.2000 0.5000
173.1490 49.0000 10.2000
18.5805 15.2000 0.2000
21.7361 16.6000 0.4000
28.0911 18.2000 0.8000
110.7010 45.0000 6.0000
56.1292 31.8000 2.6000
90.4752 38.6000 4.8000
138.2840 48.2000 7.8000
66.5613 37.2000 3.2000
115.7630 45.6000 6.4000
91.3974 39.8000 4.8000
66.0543 34.8000 3.2000
59.9384 34.4000 2.8000
50.5656 28.8000 2.2000
28.4063 19.0000 0.8000
125.5980 46.8000 7.0000
43.6457 25.8000 1.8000
56.7458 34.2000 2.6000
31.3096 20.8000 1.0000
151.4510 48.8000 8.6000
138.2030 47.4000 7.8000
37.5259 23.0000 1.4000
40.4834 24.6000 1.6000
50.0471 27.6000 2.2000
103.5640 43.6000 5.6000
78.4626 38.4000 4.0000
106.2100 44.2000 5.8000
141.4020 48.4000 8.0000
94.1824 41.2000 5.0000
100.3250 42.0000 5.4000
94.3508 41.8000 5.0000
100.3590 43.0000 5.4000
34.7760 21.4000 1.2000
43.5510 25.2000 1.8000
40.1959 23.8000 1.6000
40.3902 24.0000 1.6000
122.6560 46.6000 6.8000
37.3603 21.6000 1.4000
44.2904 26.6000 1.8000
113.4930 45.4000 6.2000
23.5716 17.2000 0.5000
147.2280 48.2000 8.4000
51.7690 30.8000 2.3000
21.7361 16.6000 0.4000
18.5805 15.2000 0.2000
78.4626 38.4000 4.0000
44.2389 26.6000 1.8000
31.3096 20.8000 1.0000
28.4063 19.0000 0.8000
59.5825 34.2000 2.8000
85.0591 38.6000 4.4000
94.2121 41.8000 5.0000
148.1050 48.8000 8.4000
40.4560 23.2000 1.6000
40.4924 24.6000 1.6000
58.6565 32.8000 2.8000
53.7512 32.0000 2.4000
69.1358 34.6000 3.4000
97.8634 42.0000 5.2000
43.5988 24.8000 1.8000
71.4399 38.2000 3.6000
50.8536 28.4000 2.2000
69.2972 36.2000 3.4000
94.1824 41.2000 5.0000
37.5259 23.0000 1.4000
131.8160 47.2000 7.4000
50.0418 27.6000 2.2000
37.2390 21.6000 1.4000
62.8864 34.4000 3.0000
107.1000 45.0000 5.8000
119.9650 46.4000 6.6000
50.8073 28.2000 2.2000
100.3120 44.0000 5.4000
138.2600 48.0000 7.8000
28.0911 18.2000 0.8000
43.6441 25.8000 1.8000
34.7760 21.4000 1.2000
51.7690 30.8000 2.3000
23.5716 17.2000 0.5000
88.0893 38.4000 4.6000
18.5805 15.2000 0.2000
21.7361 16.6000 0.4000
110.2060 44.6000 6.0000
56.1444 32.4000 2.6000
59.5825 34.2000 2.8000
91.4922 39.8000 4.8000
131.1050 46.0000 7.4000
56.1115 31.0000 2.6000
28.0911 18.2000 0.8000
153.9130 49.0000 8.8000
128.8840 45.8000 7.2000
125.5180 45.6000 7.0000
37.2390 21.6000 1.4000
59.3316 32.6000 2.8000
34.7760 21.4000 1.2000
40.3902 24.0000 1.6000
66.0468 34.4000 3.2000
50.7739 28.4000 2.2000
50.7291 28.2000 2.2000
94.1824 41.2000 5.0000
40.4834 24.6000 1.6000
99.9572 42.0000 5.4000
100.4280 44.0000 5.4000
103.0750 44.2000 5.6000
43.6441 25.8000 1.8000
141.5140 48.0000 8.0000
77.6913 37.0000 4.0000
138.4680 47.8000 7.8000
37.5259 23.0000 1.4000
85.1075 38.0000 4.4000
69.1358 34.6000 3.4000
47.4403 27.8000 2.0000
28.4063 19.0000 0.8000
43.5515 25.2000 1.8000
31.3096 20.8000 1.0000
98.1150 41.8000 5.2000
77.8929 37.2000 4.0000
107.5860 44.4000 5.8000
137.9590 47.6000 7.8000
85.0146 37.8000 4.4000
119.8130 45.4000 6.6000
69.3564 36.2000 3.4000
134.2290 47.0000 7.6000
44.1885 26.6000 1.8000
100.3590 43.0000 5.4000
144.4630 48.6000 8.2000
100.3870 43.8000 5.4000
97.6234 41.6000 5.2000
23.5716 17.2000 0.5000
51.7690 30.8000 2.3000
59.3080 32.0000 2.8000
21.7361 16.6000 0.4000
18.5805 15.2000 0.2000
40.3902 24.0000 1.6000
59.3370 32.6000 2.8000
94.4891 41.8000 5.0000
62.8864 34.4000 3.0000
138.2320 47.4000 7.8000
59.5825 34.2000 2.8000
50.7739 28.4000 2.2000
150.0210 48.2000 8.6000
37.5259 23.0000 1.4000
50.9877 28.6000 2.2000
56.1292 31.8000 2.6000
46.7704 27.2000 2.0000
31.3096 20.8000 1.0000
76.3094 38.2000 3.8000
37.3603 21.6000 1.4000
75.9965 37.0000 3.8000
56.1115 31.0000 2.6000
100.3350 43.8000 5.4000
40.4834 24.6000 1.6000
94.3065 40.6000 5.0000
94.1907 39.0000 5.0000
41.1821 26.4000 1.6000
47.3842 27.8000 2.0000
150.8180 48.4000 8.6000
44.2006 26.6000 1.8000
28.0911 18.2000 0.8000
28.4063 19.0000 0.8000
113.4780 46.2000 6.2000
34.7760 21.4000 1.2000
66.6588 34.6000 3.2000
144.5050 47.8000 8.2000
79.3760 38.6000 4.0000
69.2972 36.2000 3.4000
103.7660 44.4000 5.6000
23.5716 17.2000 0.5000
51.7690 30.8000 2.3000
37.5259 23.0000 1.4000
21.7361 16.6000 0.4000
18.5805 15.2000 0.2000
100.3250 42.0000 5.4000
98.1474 41.8000 5.2000
59.5825 34.2000 2.8000
100.4800 44.0000 5.4000
28.4063 19.0000 0.8000
69.7806 36.0000 3.4000
141.7520 48.4000 8.0000
50.0471 27.6000 2.2000
172.2330 49.0000 10.0000
56.1115 31.0000 2.6000
91.5188 39.8000 4.8000
37.3603 21.6000 1.4000
59.3080 32.0000 2.8000
79.1737 38.4000 4.0000
131.0890 46.2000 7.4000
50.8347 28.2000 2.2000
69.1358 34.6000 3.4000
134.6440 47.6000 7.6000
59.3264 32.6000 2.8000
141.5140 48.0000 8.0000
40.4834 24.6000 1.6000
43.6441 25.8000 1.8000
75.9965 37.0000 3.8000
160.3850 48.6000 9.2000
31.3096 20.8000 1.0000
50.9877 28.6000 2.2000
43.5733 24.8000 1.8000
107.0740 45.0000 5.8000
88.1088 39.0000 4.6000
44.2022 26.6000 1.8000
28.0911 18.2000 0.8000
168.7750 48.8000 9.8000
50.8948 28.4000 2.2000
40.4560 23.2000 1.6000
100.3390 43.8000 5.4000
59.9384 34.4000 2.8000
106.9940 44.8000 5.8000
34.7760 21.4000 1.2000
56.1292 31.8000 2.6000
69.3084 34.8000 3.4000
46.7704 27.2000 2.0000
125.9040 45.4000 7.0000
51.7690 30.8000 2.3000
23.5716 17.2000 0.5000
168.3090 49.0000 9.8000
18.5805 15.2000 0.2000
21.7361 16.6000 0.4000
78.5650 37.2000 4.0000
56.1115 31.0000 2.6000
93.9290 39.4000 5.0000
91.6572 38.6000 4.8000
59.5825 34.2000 2.8000
37.2390 21.6000 1.4000
34.7760 21.4000 1.2000
115.5850 45.6000 6.4000
91.7437 38.8000 4.8000
44.1885 26.6000 1.8000
141.1900 47.8000 8.0000
72.4189 35.4000 3.6000
150.0210 48.2000 8.6000
40.4834 24.6000 1.6000
37.5259 23.0000 1.4000
94.5525 41.8000 5.0000
37.2606 22.0000 1.4000
28.0911 18.2000 0.8000
110.0280 44.6000 6.0000
50.0418 27.6000 2.2000
94.3065 40.6000 5.0000
97.4452 42.2000 5.2000
141.5140 48.0000 8.0000
132.0580 46.8000 7.4000
100.4280 44.0000 5.4000
40.3902 24.0000 1.6000
43.5510 25.2000 1.8000
97.5381 42.4000 5.2000
72.2981 35.0000 3.6000
56.1292 31.8000 2.6000
28.4063 19.0000 0.8000
138.2320 47.4000 7.8000
31.3096 20.8000 1.0000
46.7704 27.2000 2.0000
43.6441 25.8000 1.8000
50.7798 28.4000 2.2000
59.3080 32.0000 2.8000
69.0916 34.6000 3.4000
84.5247 38.0000 4.4000
75.5520 37.0000 3.8000
150.9180 48.4000 8.6000
72.5287 36.0000 3.6000
72.7205 36.4000 3.6000
69.5994 34.8000 3.4000

Computed PF [count=60]
23.5716 17.2000 0.5000
51.7690 30.8000 2.3000
21.7361 16.6000 0.4000
18.5805 15.2000 0.2000
28.4063 19.0000 0.8000
40.4834 24.6000 1.6000
31.3096 20.8000 1.0000
37.5259 23.0000 1.4000
37.2606 22.0000 1.4000
28.0911 18.2000 0.8000
91.3974 39.8000 4.8000
46.7704 27.2000 2.0000
91.4733 40.0000 4.8000
44.1885 26.6000 1.8000
56.1444 32.4000 2.6000
59.9246 34.4000 2.8000
148.1050 48.8000 8.4000
119.9580 46.4000 6.6000
34.7339 21.4000 1.2000
37.1752 21.6000 1.4000
40.3295 24.4000 1.6000
78.4626 38.4000 4.0000
100.3020 44.0000 5.4000
109.7360 45.2000 6.0000
79.3760 38.6000 4.0000
106.9940 44.8000 5.8000
143.9550 48.6000 8.2000
63.0917 36.0000 3.0000
56.7458 34.2000 2.6000
53.7375 32.0000 2.4000
141.4020 48.4000 8.0000
87.8464 38.8000 4.6000
40.1959 23.8000 1.6000
90.8939 39.4000 4.8000
62.8977 34.6000 3.0000
97.0478 43.2000 5.2000
103.8530 44.6000 5.6000
131.8160 47.2000 7.4000
47.3733 27.8000 2.0000
34.6185 21.0000 1.2000
123.0310 46.8000 6.8000
94.1285 40.2000 5.0000
103.7660 44.4000 5.6000
135.0110 47.8000 7.6000
110.4960 45.8000 6.0000
138.2840 48.2000 7.8000
66.5613 37.2000 3.2000
50.5656 28.8000 2.2000
94.1824 41.2000 5.0000
122.6560 46.6000 6.8000
94.2121 41.8000 5.0000
71.4399 38.2000 3.6000
138.2600 48.0000 7.8000
153.9130 49.0000 8.8000
103.0750 44.2000 5.6000
41.1821 26.4000 1.6000
113.4780 46.2000 6.2000
134.6440 47.6000 7.6000
107.0740 45.0000 5.8000
88.1088 39.0000 4.6000

Number of solutions:
[45, 48, 48, 48, 50, 44, 46, 45, 46, 46, 43, 48, 46, 42, 42, 37, 51, 39, 47, 49]
Average=45.5

