43.7294 12.2000 1.9000
75.7792 17.2000 3.9000
138.5260 22.0000 9.2000
34.6350 11.0000 1.2000
71.9971 16.8000 3.6000
110.2320 20.0000 6.4000
62.6749 15.0000 3.2000
131.8730 21.2000 8.8000
167.9530 24.0000 11.0000
68.8689 16.4000 3.4000
133.0030 21.4000 8.8000
143.7680 23.0000 9.6000
156.2330 23.8000 10.6000
68.6407 15.4000 3.4000
53.4544 12.8000 2.4000
84.0583 17.6000 4.6000
130.6120 21.0000 10.0000
66.9007 15.2000 3.4000
152.3700 23.2000 10.0000
53.7035 13.2000 2.6000
58.5149 14.8000 2.8000
55.5167 14.0000 2.6000
131.1410 20.4000 8.8000
49.6082 12.6000 2.2000
142.3930 22.4000 9.4000
90.9487 18.4000 5.0000
116.8630 20.2000 6.8000
100.7950 19.2000 5.8000
104.4510 19.8000 5.8000
101.4100 19.6000 5.6000
54.6764 13.8000 2.6000
82.2782 17.4000 4.4000
88.8741 18.0000 4.8000
92.8788 18.8000 5.0000
89.4814 18.2000 4.8000
94.9263 19.0000 5.2000
167.3650 24.0000 11.2000
42.9476 11.2000 1.8000
68.3106 15.6000 3.6000
29.7084 10.8000 1.0000
