
--- Job wqt_run_2_16x3.gms Start 04/22/13 17:22:06 WEX-WEI 23.7.3 x86_64/MS Windows     
GAMS Rev 237  Copyright (C) 1987-2011 GAMS Development. All rights reserved
Licensee: Gary Goldstein                                 G010614:2121CA-WIN
          Decision Ware, Inc.                                        DC2807
--- Starting compilation
--- wqt_run_2_16x3.gms(3) 2 Mb
--- .wqt_params_2_16x3.gms(163) 3 Mb
--- wqt_run_2_16x3.gms(4) 3 Mb
--- .wqt_model_2.gms(92) 3 Mb
--- wqt_run_2_16x3.gms(14) 3 Mb
--- Starting execution: elapsed 0:00:00.009
--- wqt_run_2_16x3.gms(250) 4 Mb
--- Generating MIP model min_wqt
--- wqt_run_2_16x3.gms(251) 5 Mb
---   5,585 rows  2,035 columns  13,865 non-zeroes
---   1,998 discrete-columns
***
***   972 Integer +INF Bounds have been reset to 100
***
--- Executing CPLEX: elapsed 0:00:00.030

IBM ILOG CPLEX   Jul 14, 2011 23.7.3 WEX 27723.27726 WEI x86_64/MS Windows
--- GAMS/Cplex licensed for continuous and discrete problems.
Cplex 12.3.0.0

Reading data...
Starting Cplex...
Tried aggregator 2 times.
MIP Presolve eliminated 3505 rows and 430 columns.
MIP Presolve modified 762 coefficients.
Aggregator did 684 substitutions.
Reduced MIP has 1396 rows, 921 columns, and 5514 nonzeros.
Reduced MIP has 840 binaries, 63 generals, 0 SOSs, and 0 indicators.
Probing time =    0.02 sec.
Tried aggregator 2 times.
Aggregator did 1 substitutions.
Reduced MIP has 1395 rows, 920 columns, and 5513 nonzeros.
Reduced MIP has 839 binaries, 63 generals, 0 SOSs, and 0 indicators.
Presolve time =    0.05 sec.
Found feasible solution after 0.06 sec.  Objective = 2689558.7338
Probing time =    0.00 sec.
Clique table members: 6604.
MIP emphasis: balance optimality and feasibility.
MIP search method: dynamic search.
Parallel mode: none, using 1 thread.
Tried aggregator 1 time.
Aggregator did 36 substitutions.
Reduced LP has 1359 rows, 884 columns, and 5441 nonzeros.
Presolve time =    0.00 sec.
Initializing dual steep norms . . .

Iteration log . . .
Iteration:     1   Dual objective     =         74006.030100
Initializing dual steep norms . . .
Root relaxation solution time =    0.01 sec.

        Nodes                                         Cuts/
   Node  Left     Objective  IInf  Best Integer    Best Bound    ItCnt     Gap

*     0+    0                      2689558.7338                     58     --- 
      0     0   607186.9078    42  2689558.7338   607186.9078       58   77.42%
      0     0   607186.9078    44  2689558.7338      Cuts: 26      106   77.42%
      0     0   607186.9078    55  2689558.7338      Cuts: 41      169   77.42%
*     0+    0                      2626161.0494   607186.9078      169   76.88%
*     0+    0                      2235094.3455   607186.9078      169   72.83%
      0     2   607186.9078    44  2235094.3455   607186.9078      169   72.83%
Elapsed real time =   0.27 sec. (tree size =  0.00 MB, solutions = 3)
*    70+   70                      2217484.8641   607186.9078      738   72.62%
*   180+  180                      2118584.4844   607186.9078     1648   71.34%
    240   242   607186.9078    40  2118584.4844   607186.9078     2173   71.34%
*   330+  327                      1844856.4071   607224.1421     2912   67.09%
*   340   336      integral     0  1661344.4711   607224.1421     2963   63.45%
*   345   335      integral     0  1581684.1837   607224.1421     2975   61.61%
*   346   334      integral     0  1530111.8163   607224.1421     2977   60.32%
*   350+  336                      1524292.9491   607296.1267     3074   60.16%
                                                      Cuts: 9                  
*   400+  378                      1435673.1464   607296.1267     3441   57.70%
*   420+  398                      1397029.2395   607296.1267     3560   56.53%
*   430+  402                      1364379.4186   607296.1267     3602   55.49%
*   440+  410                      1273242.1814   607296.1267     3631   52.30%
*   446   410      integral     0  1156649.9939   607296.1267     3648   47.50%
*   460+  411                      1055876.5366   607417.9645     4151   42.47%
                                                     Cuts: 27                  
*   560+  500                      1053711.3517   608893.7263     5643   42.21%
                                                 Impl Bds: 20                  
*   560+  499                      1007793.2143   608893.7263     5643   39.58%
*   560+  495                       987140.5198   608893.7263     5643   38.32%
    635   558   613496.2326    46   987140.5198   608893.7263     6883   38.32%
                                                  Impl Bds: 9                  
*   650+  551                       869449.9619   608893.7263     7023   29.97%
*   750+  634                       856428.7813   608893.7263     8250   28.90%
                                                     Cuts: 10                  
*   750+  626                       841159.0913   608893.7263     8250   27.61%
*   860+  484                       821798.7282   609002.9452    10851   25.89%
*   860+  322                       808319.6647   609002.9452    10851   24.66%
*   860+  214                       806990.3568   609002.9452    10851   24.53%
*   860+  142                       798045.3185   609002.9452    10851   23.69%
*   860+   94                       796828.9880   609002.9452    10851   23.57%
    860    95   607206.4572    54   796828.9880   609002.9452    10851   23.57%
    902   117   612401.1980    58   796828.9880   609002.9452    11429   23.57%
    944   143   614467.1982    63   796828.9880   609002.9452    11722   23.57%
   1439   553   765680.7107    33   796828.9880   610608.8043    15572   23.37%
                                                 Impl Bds: 10                  
Elapsed real time =   5.20 sec. (tree size =  0.55 MB, solutions = 27)
*  1860+  955                       770921.4017   611155.1696    18620   20.72%
                                                 Impl Bds: 43                  
   2502  1563   646931.9585   100   770921.4017   612362.1589    27745   20.57%
                                                     Cuts: 73                  
*  2860+ 1740                       734399.5355   613331.8315    32055   16.49%
                                                  Impl Bds: 6                  
*  3240+ 2012                       720547.7841   613435.7490    37481   14.87%
                                                 Impl Bds: 48                  
*  3280+ 2048                       720163.7841   613435.7490    37686   14.82%
   3518  2272   630656.4299   222   720163.7841   613624.3809    41561   14.79%
                                                 Impl Bds: 39                  
*  3860+ 2577                       719322.6013   613649.8315    49181   14.69%
                                                  Impl Bds: 5                  
*  3860+ 2334                       713586.2575   613649.8315    49181   14.00%
   4043  2502   660956.1603   114   713586.2575   614268.5898    53995   13.92%
                                                 Impl Bds: 13                  
   4606  3005   641649.3004   124   713586.2575   615024.4944    70096   13.81%
                                                 Impl Bds: 19                  
   5098  3425   661744.4235   135   713586.2575   616128.2903    86288   13.66%
                                                  Impl Bds: 4                  
   5502  3758   662637.5664    86   713586.2575   619239.3538   101284   13.22%
                                                  Impl Bds: 4                  
   5977  4173   677276.6173    71   713586.2575   619564.6847   115807   13.18%
                                                  Impl Bds: 5                  
   6445  4561   712735.8386    67   713586.2575   620721.4545   131020   13.01%
                                                      Cuts: 4                  
   6990  5030   704654.8725    63   713586.2575   622271.0105   146355   12.80%
   7600  5558   666062.8771   101   713586.2575   622480.2703   163406   12.77%
Elapsed real time =  24.43 sec. (tree size =  4.79 MB, solutions = 33)
   8132  6001   646764.2604   155   713586.2575   622715.8705   178279   12.73%
   8545  6354   689893.2267    91   713586.2575   624954.2839   195194   12.42%
   9009  6733   668435.5938    99   713586.2575   625394.6701   210122   12.36%
   9478  7126   664507.0060   115   713586.2575   625835.6701   225287   12.30%
   9987  7553   656509.2893   161   713586.2575   626620.7723   240144   12.19%
  10500  7987   636509.1071   241   713586.2575   626972.9788   255996   12.14%
  11010  8414   705652.4364    78   713586.2575   627477.4214   270874   12.07%
  11566  8849   661719.7576   147   713586.2575   628564.3960   288178   11.91%
                                                  Impl Bds: 2                  
  12057  9250   671614.7426   122   713586.2575   629521.2256   305475   11.78%
  12571  9666   695279.9129    78   713586.2575   630377.9957   321407   11.66%
Elapsed real time =  43.99 sec. (tree size =  8.21 MB, solutions = 33)
  12966 10006   660111.1583    84   713586.2575   631413.9189   335802   11.52%
  13392 10375   641274.7580   135   713586.2575   631895.1605   350034   11.45%
  13860 10785   664708.8500   108   713586.2575   632661.3430   364849   11.34%
  14324 11188   690065.3311    92   713586.2575   633520.4634   380264   11.22%
  14673 11469   634272.2419   174   713586.2575   633782.0341   395131   11.18%
  15090 11824   693286.6273   121   713586.2575   633893.1098   411283   11.17%
  15512 12158   670342.8451    92   713586.2575   634250.0341   429696   11.12%
  16055 12622   667055.7090    87   713586.2575   634460.2964   447104   11.09%
  16576 13076   684084.6368    81   713586.2575   635066.4130   466262   11.00%
  16937 13399   687586.1095    77   713586.2575   635201.6752   479441   10.98%
Elapsed real time =  65.05 sec. (tree size = 10.99 MB, solutions = 33)
  17362 13765   685170.8341    72   713586.2575   635486.7945   494392   10.94%
  17865 14187   649399.7990   157   713586.2575   635643.1134   511066   10.92%
* 18060+14288                       712708.5953   635748.1153   519750   10.80%
* 18060+14131                       711558.1522   635748.1153   519750   10.65%
* 18060+14127                       711464.1227   635748.1153   519750   10.64%
* 18060+13638                       710007.1679   635748.1153   519750   10.46%
* 18061+13456                       709543.0669   635748.1153   520237   10.40%
  18061 13458   657105.9043   190   709543.0669   635748.1153   520237   10.40%
  18062 13459   624905.6140   242   709543.0669   635748.1153   521775   10.40%
  18069 13465   625806.6291   191   709543.0669   635748.1153   522290   10.40%
  18082 13471   626932.6975   227   709543.0669   635748.1153   522721   10.40%
  18092 13475   627339.2517   267   709543.0669   635748.1153   523040   10.40%
  18112 13485   632164.6475   148   709543.0669   635748.1153   524002   10.40%
  18136 13293   681126.0751    86   709543.0669   635748.1153   525392   10.40%
  18159 12921   626157.6218   243   709543.0669   635748.1153   526193   10.40%
Elapsed real time =  89.51 sec. (tree size = 10.92 MB, solutions = 44)
  18175 12931   627425.7698   247   709543.0669   635748.1153   527003   10.40%
  18195 12944   628327.4154   205   709543.0669   635748.1153   527932   10.40%
  18221 12957   629519.4271   187   709543.0669   635748.1153   529006   10.40%
  18252 12968   630271.1787   200   709543.0669   635748.1153   529676   10.40%
  18327 13001   682464.4877    77   709543.0669   635748.1153   531509   10.40%
  18374 12796   627336.2699   205   709543.0669   635748.1153   534238   10.40%
                                                 Impl Bds: 25                  
  18443 12832   650805.0585   134   709543.0669   635748.1153   536563   10.40%
  18544 12657   696353.3191   210   709543.0669   635748.1153   541546   10.40%
                                                  Impl Bds: 6                  
  18669 12655   682946.7856   177   709543.0669   635748.1153   544022   10.40%
                                                  Impl Bds: 7                  
  18795 12669   695384.4172   137   709543.0669   635748.1153   547579   10.40%
                                                  Impl Bds: 2                  
Elapsed real time = 110.40 sec. (tree size = 11.71 MB, solutions = 44)
  18947 12686   692912.3155    75   709543.0669   635748.1153   553016   10.40%
  19036 12616   701656.0913   156   709543.0669   635748.1153   558986   10.40%
  19196 12600   696649.4486   182   709543.0669   635748.1153   565389   10.40%
                                                  Impl Bds: 4                  
  19362 12586   675371.7718   179   709543.0669   635748.1153   571166   10.40%
                                                  Impl Bds: 4                  
  19512 12570   662111.8946   227   709543.0669   635748.1153   577201   10.40%
                                                     Fract: 3                  
  19708 12647   697965.4984   116   709543.0669   635748.1153   583398   10.40%
                                                   MIRcuts: 3                  
  19875 12672   664119.7986   191   709543.0669   635748.1153   590360   10.40%
                                                      Cuts: 2                  
  20051 12738   657329.9069   199   709543.0669   635748.1153   597001   10.40%
  20212 12807   668621.3696   219   709543.0669   635748.1153   603917   10.40%
  20355 12847   681390.0065   223   709543.0669   635748.1153   612006   10.40%
Elapsed real time = 130.79 sec. (tree size = 11.47 MB, solutions = 44)
  20530 12850   677781.8098   181   709543.0669   635748.1153   619273   10.40%
                                                  Impl Bds: 8                  
  20682 12912   707537.7187   122   709543.0669   635748.1153   629098   10.40%
                                                  Impl Bds: 1                  
  20823 12948   705880.7617    72   709543.0669   635748.1153   639332   10.40%
                                                  Impl Bds: 4                  
  20976 12990   684745.9699   160   709543.0669   635748.1153   648280   10.40%
                                                  Impl Bds: 3                  
  21157 13015   674538.4702   115   709543.0669   635748.1153   656096   10.40%
  21289 13033   638074.8163   157   709543.0669   635748.1153   664758   10.40%
  21474 13090   696578.6499   200   709543.0669   635748.1153   675190   10.40%
  21569 13089   695631.9916   113   709543.0669   635748.1153   683476   10.40%
  21644 13087   703390.0555   115   709543.0669   635748.1153   690402   10.40%
  21747 13079   687506.8969   175   709543.0669   635748.1153   699687   10.40%
                                                      Cuts: 3                  
Elapsed real time = 150.90 sec. (tree size = 11.28 MB, solutions = 44)
  21925 13129   704385.5072   174   709543.0669   635748.1153   707733   10.40%
  22042 13143   688075.4338   128   709543.0669   635748.1153   718047   10.40%
  22203 13176   689160.1930   138   709543.0669   635748.1153   729009   10.40%
  22344 13189   676520.7207   121   709543.0669   635748.1153   739977   10.40%
  22484 13213   700839.6726   140   709543.0669   635748.1153   751206   10.40%
  22641 13237   694740.8332    96   709543.0669   635748.1153   761744   10.40%
  22763 13268        cutoff         709543.0669   635748.1153   773113   10.40%
  22885 13251   687234.2882   201   709543.0669   635748.1153   784744   10.40%
  23031 13299   684569.1229   160   709543.0669   635748.1153   793954   10.40%
  23179 13326   639637.4362   167   709543.0669   635748.1153   804102   10.40%
Elapsed real time = 171.12 sec. (tree size = 10.78 MB, solutions = 44)
  23348 13372   690965.6458   130   709543.0669   635748.1153   814424   10.40%
  23506 13447   658288.8047   121   709543.0669   635748.1153   821857   10.40%
  23706 13490   704135.5477   105   709543.0669   635748.1153   831569   10.40%
                                                  Impl Bds: 2                  
  23894 13583   697922.5275   107   709543.0669   635748.1153   839932   10.40%
                                                   MIRcuts: 1                  
  24034 13590   699267.4509   124   709543.0669   635748.1153   850328   10.40%
  24243 13675   647076.0297   120   709543.0669   635748.1153   858628   10.40%
  24412 13750   674404.1560   105   709543.0669   635748.1153   867807   10.40%
  24587 13799   688304.1691   171   709543.0669   635748.1153   878731   10.40%
  24741 13844   682992.9646   120   709543.0669   635748.1153   886670   10.40%
                                                      Cuts: 5                  
  25410 14095   663214.6521   101   709543.0669   635748.1153   914435   10.40%
                                                      Cuts: 3                  
Elapsed real time = 197.89 sec. (tree size = 10.81 MB, solutions = 44)
  26128 14243   702073.2221   114   709543.0669   635748.1153   950770   10.40%
  26762 14455   692770.4677   128   709543.0669   635748.1153   980845   10.40%
  27488 14680   687710.8749    90   709543.0669   636811.4312  1016045   10.25%
  28204 14838   677809.1783   151   709543.0669   637948.6969  1051466   10.09%
                                                  Impl Bds: 1                  

Clique cuts applied:  8
Implied bound cuts applied:  331
Mixed integer rounding cuts applied:  69
Zero-half cuts applied:  3
Gomory fractional cuts applied:  29

Root node processing (before b&c):
  Real time             =    0.22
Sequential b&c:
  Real time             =  236.65
                          -------
Total (root+branch&cut) =  236.87 sec.
MIP status(102): integer optimal, tolerance
Fixing integer variables, and solving final LP...
Tried aggregator 1 time.
LP Presolve eliminated 5279 rows and 2017 columns.
Reduced LP has 306 rows, 18 columns, and 612 nonzeros.
Presolve time =    0.00 sec.

Iteration log . . .
Iteration:     1   Dual objective     =        687913.658600
Fixed MIP status(1): optimal

Solution satisfies tolerances.

MIP Solution:       709543.066900    (1076039 iterations, 28654 nodes)
Final Solve:        709543.066900    (6 iterations)

Best possible:      638592.702084
Absolute gap:        70950.364816
Relative gap:            0.099994

--- Restarting execution
--- wqt_run_2_16x3.gms(251) 2 Mb
--- Reading solution for model min_wqt
--- wqt_run_2_16x3.gms(251) 3 Mb
--- Executing after solve: elapsed 0:03:57.249
--- wqt_run_2_16x3.gms(269) 3 Mb
--- Putfile salida_starting_time C:\Users\Santiago\Desktop\gams-opi\m2_starting_time_16x3.txt
--- Putfile salida_assignment C:\Users\Santiago\Desktop\gams-opi\m2_assignment_16x3.txt
*** Status: Normal completion
--- Job wqt_run_2_16x3.gms Stop 04/22/13 17:26:03 elapsed 0:03:57.251
