INSTANCIA | NT | NM | MAKESPAN | WRR
/home/santiago/eclipse/c-c++-workspace/AE/ProblemInstances/HCSP/Braun_et_al.CPrio//u_c_hihi.0|512|16|10249174.000000|31827.923828
/home/santiago/eclipse/c-c++-workspace/AE/ProblemInstances/HCSP/Braun_et_al.CPrio//u_c_hilo.0|512|16|168982.609375|33121.593750
/home/santiago/eclipse/c-c++-workspace/AE/ProblemInstances/HCSP/Braun_et_al.CPrio//u_c_lohi.0|512|16|337121.437500|32861.160156
/home/santiago/eclipse/c-c++-workspace/AE/ProblemInstances/HCSP/Braun_et_al.CPrio//u_c_lolo.0|512|16|5658.538574|32321.150391
/home/santiago/eclipse/c-c++-workspace/AE/ProblemInstances/HCSP/Braun_et_al.CPrio//u_i_hihi.0|512|16|3306819.250000|19836.685547
/home/santiago/eclipse/c-c++-workspace/AE/ProblemInstances/HCSP/Braun_et_al.CPrio//u_i_hilo.0|512|16|77589.093750|24544.417969
/home/santiago/eclipse/c-c++-workspace/AE/ProblemInstances/HCSP/Braun_et_al.CPrio//u_i_lohi.0|512|16|114578.914062|19749.224609
/home/santiago/eclipse/c-c++-workspace/AE/ProblemInstances/HCSP/Braun_et_al.CPrio//u_i_lolo.0|512|16|2639.317871|25704.298828
/home/santiago/eclipse/c-c++-workspace/AE/ProblemInstances/HCSP/Braun_et_al.CPrio//u_s_hihi.0|512|16|5121953.500000|22684.623047
/home/santiago/eclipse/c-c++-workspace/AE/ProblemInstances/HCSP/Braun_et_al.CPrio//u_s_hilo.0|512|16|102499.882812|29878.910156
/home/santiago/eclipse/c-c++-workspace/AE/ProblemInstances/HCSP/Braun_et_al.CPrio//u_s_lohi.0|512|16|150297.109375|23278.341797
/home/santiago/eclipse/c-c++-workspace/AE/ProblemInstances/HCSP/Braun_et_al.CPrio//u_s_lolo.0|512|16|3846.468262|30558.806641



INSTANCIA | NT | NM | MAKESPAN | WRR
/home/santiago/eclipse/c-c++-workspace/AE/ProblemInstances/HCSP/1024x32.CPrio//A.u_c_hihi|1024|32|30004648.000000|74599.171875
/home/santiago/eclipse/c-c++-workspace/AE/ProblemInstances/HCSP/1024x32.CPrio//A.u_c_hilo|1024|32|2816620.500000|76667.851562
/home/santiago/eclipse/c-c++-workspace/AE/ProblemInstances/HCSP/1024x32.CPrio//A.u_c_lohi|1024|32|2716.029785|75136.187500
/home/santiago/eclipse/c-c++-workspace/AE/ProblemInstances/HCSP/1024x32.CPrio//A.u_c_lolo|1024|32|288.460052|78331.226562
/home/santiago/eclipse/c-c++-workspace/AE/ProblemInstances/HCSP/1024x32.CPrio//A.u_i_hihi|1024|32|5601367.000000|38040.195312
/home/santiago/eclipse/c-c++-workspace/AE/ProblemInstances/HCSP/1024x32.CPrio//A.u_i_hilo|1024|32|533545.187500|37290.902344
/home/santiago/eclipse/c-c++-workspace/AE/ProblemInstances/HCSP/1024x32.CPrio//A.u_i_lohi|1024|32|551.709961|38862.507812
/home/santiago/eclipse/c-c++-workspace/AE/ProblemInstances/HCSP/1024x32.CPrio//A.u_i_lolo|1024|32|55.380005|37605.843750
/home/santiago/eclipse/c-c++-workspace/AE/ProblemInstances/HCSP/1024x32.CPrio//A.u_s_hihi|1024|32|16939632.000000|46905.582031
/home/santiago/eclipse/c-c++-workspace/AE/ProblemInstances/HCSP/1024x32.CPrio//A.u_s_hilo|1024|32|1603158.500000|46162.214844
/home/santiago/eclipse/c-c++-workspace/AE/ProblemInstances/HCSP/1024x32.CPrio//A.u_s_lohi|1024|32|1681.350220|44158.863281
/home/santiago/eclipse/c-c++-workspace/AE/ProblemInstances/HCSP/1024x32.CPrio//A.u_s_lolo|1024|32|167.189972|48982.507812
/home/santiago/eclipse/c-c++-workspace/AE/ProblemInstances/HCSP/1024x32.CPrio//B.u_c_hihi|1024|32|8514663.000000|79344.226562
/home/santiago/eclipse/c-c++-workspace/AE/ProblemInstances/HCSP/1024x32.CPrio//B.u_c_hilo|1024|32|84876.757812|79379.148438
/home/santiago/eclipse/c-c++-workspace/AE/ProblemInstances/HCSP/1024x32.CPrio//B.u_c_lohi|1024|32|296032.875000|79338.367188
/home/santiago/eclipse/c-c++-workspace/AE/ProblemInstances/HCSP/1024x32.CPrio//B.u_c_lolo|1024|32|3105.700195|74806.484375
/home/santiago/eclipse/c-c++-workspace/AE/ProblemInstances/HCSP/1024x32.CPrio//B.u_i_hihi|1024|32|1847652.500000|38875.546875
/home/santiago/eclipse/c-c++-workspace/AE/ProblemInstances/HCSP/1024x32.CPrio//B.u_i_hilo|1024|32|16366.160156|38371.257812
/home/santiago/eclipse/c-c++-workspace/AE/ProblemInstances/HCSP/1024x32.CPrio//B.u_i_lohi|1024|32|55083.160156|37572.960938
/home/santiago/eclipse/c-c++-workspace/AE/ProblemInstances/HCSP/1024x32.CPrio//B.u_i_lolo|1024|32|537.140015|38576.316406
/home/santiago/eclipse/c-c++-workspace/AE/ProblemInstances/HCSP/1024x32.CPrio//B.u_s_hihi|1024|32|4714483.500000|45798.417969
/home/santiago/eclipse/c-c++-workspace/AE/ProblemInstances/HCSP/1024x32.CPrio//B.u_s_hilo|1024|32|50884.257812|41430.824219
/home/santiago/eclipse/c-c++-workspace/AE/ProblemInstances/HCSP/1024x32.CPrio//B.u_s_lohi|1024|32|155599.859375|45731.324219
/home/santiago/eclipse/c-c++-workspace/AE/ProblemInstances/HCSP/1024x32.CPrio//B.u_s_lolo|1024|32|1646.610474|43632.851562



INSTANCIA | NT | NM | MAKESPAN | WRR
/home/santiago/eclipse/c-c++-workspace/AE/ProblemInstances/HCSP/2048x64.CPrio//A.u_c_hihi|2048|64|25579850.000000|204885.875000
/home/santiago/eclipse/c-c++-workspace/AE/ProblemInstances/HCSP/2048x64.CPrio//A.u_c_hilo|2048|64|2478699.250000|202181.515625
/home/santiago/eclipse/c-c++-workspace/AE/ProblemInstances/HCSP/2048x64.CPrio//A.u_c_lohi|2048|64|2539.229980|203904.531250
/home/santiago/eclipse/c-c++-workspace/AE/ProblemInstances/HCSP/2048x64.CPrio//A.u_c_lolo|2048|64|249.799973|201160.968750
/home/santiago/eclipse/c-c++-workspace/AE/ProblemInstances/HCSP/2048x64.CPrio//A.u_i_hihi|2048|64|3218272.500000|74849.242188
/home/santiago/eclipse/c-c++-workspace/AE/ProblemInstances/HCSP/2048x64.CPrio//A.u_i_hilo|2048|64|315267.500000|75053.070312
/home/santiago/eclipse/c-c++-workspace/AE/ProblemInstances/HCSP/2048x64.CPrio//A.u_i_lohi|2048|64|312.549988|72337.257812
/home/santiago/eclipse/c-c++-workspace/AE/ProblemInstances/HCSP/2048x64.CPrio//A.u_i_lolo|2048|64|29.490002|74810.414062
/home/santiago/eclipse/c-c++-workspace/AE/ProblemInstances/HCSP/2048x64.CPrio//A.u_s_hihi|2048|64|13890956.000000|98696.750000
/home/santiago/eclipse/c-c++-workspace/AE/ProblemInstances/HCSP/2048x64.CPrio//A.u_s_hilo|2048|64|1307394.250000|99043.867188
/home/santiago/eclipse/c-c++-workspace/AE/ProblemInstances/HCSP/2048x64.CPrio//A.u_s_lohi|2048|64|1354.100098|100929.835938
/home/santiago/eclipse/c-c++-workspace/AE/ProblemInstances/HCSP/2048x64.CPrio//A.u_s_lolo|2048|64|142.330017|98687.343750
/home/santiago/eclipse/c-c++-workspace/AE/ProblemInstances/HCSP/2048x64.CPrio//B.u_c_hihi|2048|64|7560320.500000|195709.171875
/home/santiago/eclipse/c-c++-workspace/AE/ProblemInstances/HCSP/2048x64.CPrio//B.u_c_hilo|2048|64|79079.218750|206282.781250
/home/santiago/eclipse/c-c++-workspace/AE/ProblemInstances/HCSP/2048x64.CPrio//B.u_c_lohi|2048|64|254098.375000|197438.015625
/home/santiago/eclipse/c-c++-workspace/AE/ProblemInstances/HCSP/2048x64.CPrio//B.u_c_lolo|2048|64|2613.829346|204237.343750
/home/santiago/eclipse/c-c++-workspace/AE/ProblemInstances/HCSP/2048x64.CPrio//B.u_i_hihi|2048|64|879421.312500|74229.195312
/home/santiago/eclipse/c-c++-workspace/AE/ProblemInstances/HCSP/2048x64.CPrio//B.u_i_hilo|2048|64|9047.649414|74642.367188
/home/santiago/eclipse/c-c++-workspace/AE/ProblemInstances/HCSP/2048x64.CPrio//B.u_i_lohi|2048|64|32073.607422|75889.296875
/home/santiago/eclipse/c-c++-workspace/AE/ProblemInstances/HCSP/2048x64.CPrio//B.u_i_lolo|2048|64|299.440002|74009.914062
/home/santiago/eclipse/c-c++-workspace/AE/ProblemInstances/HCSP/2048x64.CPrio//B.u_s_hihi|2048|64|4121618.500000|96604.906250
/home/santiago/eclipse/c-c++-workspace/AE/ProblemInstances/HCSP/2048x64.CPrio//B.u_s_hilo|2048|64|41777.527344|99405.281250
/home/santiago/eclipse/c-c++-workspace/AE/ProblemInstances/HCSP/2048x64.CPrio//B.u_s_lohi|2048|64|142534.687500|99562.843750
/home/santiago/eclipse/c-c++-workspace/AE/ProblemInstances/HCSP/2048x64.CPrio//B.u_s_lolo|2048|64|1473.959961|98479.125000



INSTANCIA | NT | NM | MAKESPAN | WRR
/home/santiago/eclipse/c-c++-workspace/AE/ProblemInstances/HCSP/4096x128.CPrio//A.u_c_hihi|4096|128|23173816.000000|577759.937500
/home/santiago/eclipse/c-c++-workspace/AE/ProblemInstances/HCSP/4096x128.CPrio//A.u_c_hilo|4096|128|2240514.000000|580488.750000
/home/santiago/eclipse/c-c++-workspace/AE/ProblemInstances/HCSP/4096x128.CPrio//A.u_c_lohi|4096|128|2248.580322|557039.812500
/home/santiago/eclipse/c-c++-workspace/AE/ProblemInstances/HCSP/4096x128.CPrio//A.u_c_lolo|4096|128|223.900009|595666.750000
/home/santiago/eclipse/c-c++-workspace/AE/ProblemInstances/HCSP/4096x128.CPrio//A.u_i_hihi|4096|128|1499947.875000|151952.875000
/home/santiago/eclipse/c-c++-workspace/AE/ProblemInstances/HCSP/4096x128.CPrio//A.u_i_hilo|4096|128|151964.703125|152498.281250
/home/santiago/eclipse/c-c++-workspace/AE/ProblemInstances/HCSP/4096x128.CPrio//A.u_i_lohi|4096|128|148.160004|152038.031250
/home/santiago/eclipse/c-c++-workspace/AE/ProblemInstances/HCSP/4096x128.CPrio//A.u_i_lolo|4096|128|16.440001|152211.406250
/home/santiago/eclipse/c-c++-workspace/AE/ProblemInstances/HCSP/4096x128.CPrio//A.u_s_hihi|4096|128|11886549.000000|233013.125000
/home/santiago/eclipse/c-c++-workspace/AE/ProblemInstances/HCSP/4096x128.CPrio//A.u_s_hilo|4096|128|1183544.500000|232877.484375
/home/santiago/eclipse/c-c++-workspace/AE/ProblemInstances/HCSP/4096x128.CPrio//A.u_s_lohi|4096|128|1201.500000|229652.515625
/home/santiago/eclipse/c-c++-workspace/AE/ProblemInstances/HCSP/4096x128.CPrio//A.u_s_lolo|4096|128|122.579987|232436.156250
/home/santiago/eclipse/c-c++-workspace/AE/ProblemInstances/HCSP/4096x128.CPrio//B.u_c_hihi|4096|128|6912596.500000|563300.125000
/home/santiago/eclipse/c-c++-workspace/AE/ProblemInstances/HCSP/4096x128.CPrio//B.u_c_hilo|4096|128|66003.539062|590244.687500
/home/santiago/eclipse/c-c++-workspace/AE/ProblemInstances/HCSP/4096x128.CPrio//B.u_c_lohi|4096|128|230424.156250|562475.812500
/home/santiago/eclipse/c-c++-workspace/AE/ProblemInstances/HCSP/4096x128.CPrio//B.u_c_lolo|4096|128|2263.619873|556209.187500
/home/santiago/eclipse/c-c++-workspace/AE/ProblemInstances/HCSP/4096x128.CPrio//B.u_i_hihi|4096|128|482051.250000|151032.109375
/home/santiago/eclipse/c-c++-workspace/AE/ProblemInstances/HCSP/4096x128.CPrio//B.u_i_hilo|4096|128|5500.730469|154216.875000
/home/santiago/eclipse/c-c++-workspace/AE/ProblemInstances/HCSP/4096x128.CPrio//B.u_i_lohi|4096|128|14728.859375|149383.625000
/home/santiago/eclipse/c-c++-workspace/AE/ProblemInstances/HCSP/4096x128.CPrio//B.u_i_lolo|4096|128|169.520004|154859.265625
/home/santiago/eclipse/c-c++-workspace/AE/ProblemInstances/HCSP/4096x128.CPrio//B.u_s_hihi|4096|128|3520566.500000|240823.000000
/home/santiago/eclipse/c-c++-workspace/AE/ProblemInstances/HCSP/4096x128.CPrio//B.u_s_hilo|4096|128|37251.449219|228896.421875
/home/santiago/eclipse/c-c++-workspace/AE/ProblemInstances/HCSP/4096x128.CPrio//B.u_s_lohi|4096|128|120234.929688|231752.968750
/home/santiago/eclipse/c-c++-workspace/AE/ProblemInstances/HCSP/4096x128.CPrio//B.u_s_lolo|4096|128|1244.709961|224509.281250
