[INFO][6] Cantidad de iteraciones: 3000
[INFO][2] Cantidad de iteraciones: 3000
[INFO][8] Cantidad de iteraciones: 3000
[INFO][7] Cantidad de iteraciones: 3000
[INFO][1] Cantidad de iteraciones: 3000
[INFO][3] Cantidad de iteraciones: 3000
[INFO][5] Cantidad de iteraciones: 3000
[INFO][4] Cantidad de iteraciones: 3000

id,borders_threshold,margin_forwarding,min_delay,max_delay,neighbors_threshold,energy,coverage,nforwardings,time
0,-94.034388,2.401558,0.006989,0.749945,28,86.511200,53.700000,4.400000,1.144380
1,-94.740523,0.093018,0.000000,0.000000,0,37.933500,31.900000,1.400000,0.001713
2,-77.221845,0.114662,0.000000,0.579602,0,11.718600,10.600000,9.600000,1.171760
3,-93.955402,2.401558,0.000000,0.381307,38,99.327700,59.400000,5.200000,0.466850
4,-94.788662,0.093018,0.000000,1.688774,0,50.846400,41.100000,2.200000,1.341760
5,-94.829217,0.093018,0.077825,1.949940,0,34.663400,31.300000,1.200000,1.350260
6,-94.691064,0.449065,0.607984,2.045481,8,23.764700,27.400000,0.500000,0.713847
7,-93.353328,1.352482,0.097106,0.566488,0,138.558000,70.200000,7.700000,1.271310
8,-93.349317,1.352482,0.000000,0.289495,0,151.092000,72.500000,8.500000,0.535326
9,-76.582246,0.114662,0.000000,1.019085,5,0.144343,7.600000,7.000000,1.689420
10,-94.886660,0.093018,0.077825,0.982973,0,26.801900,27.600000,0.700000,0.376126
11,-93.669727,1.352482,0.000000,0.687592,0,89.632500,54.400000,4.600000,0.754881
12,-93.568479,2.401558,0.006989,0.749945,27,105.736000,61.400000,5.600000,1.092840
13,-94.001974,1.352482,0.030671,0.687592,0,75.211000,49.600000,3.700000,0.788072
14,-74.620409,0.114662,0.134111,1.019085,9,1.631170,8.300000,7.700000,1.480780
15,-94.672702,2.459245,0.803670,4.633780,9,25.633000,27.500000,0.600000,1.891570
16,-93.540767,1.352482,0.000000,0.529082,0,100.781000,60.200000,5.300000,0.630121
17,-72.626496,2.063693,0.637416,1.247547,0,0.336199,5.900000,5.600000,1.883320
18,-77.213920,0.114662,0.000000,1.019085,0,10.111300,9.500000,8.400000,1.400690
19,-75.786277,0.114662,0.000000,1.233943,10,2.490840,8.200000,7.500000,1.944220
20,-94.977726,0.449065,0.843444,3.623351,26,17.383600,19.300000,0.100000,0.342245
21,-94.225563,0.093018,0.000000,0.983112,1,79.307800,52.300000,4.100000,1.562940
22,-93.568150,1.352482,0.097106,0.566488,1,124.782000,67.500000,6.800000,1.079070
23,-92.568579,1.352482,0.431998,0.000000,12,158.422000,73.000000,8.900000,0.575495
24,-93.480514,1.352482,0.000000,0.529082,4,113.431000,66.100000,6.100000,0.844409
25,-76.549154,0.114662,0.000000,1.019085,0,3.587680,9.200000,8.400000,1.830930
26,-94.857444,0.093018,0.077825,0.983112,0,34.354600,31.100000,1.200000,0.745759
27,-94.170420,1.352482,0.156868,0.566488,0,62.397500,43.700000,2.900000,0.798963
28,-74.118004,2.063693,0.637416,1.082186,1,2.630570,7.800000,7.300000,1.717890
29,-94.824055,0.093018,0.000000,1.603146,0,50.550900,40.200000,2.200000,1.700430
30,-93.598714,1.352482,0.000000,0.289495,0,107.071000,62.800000,5.700000,0.423887
31,-94.154396,1.352482,0.112390,1.107327,0,65.601600,45.800000,3.100000,1.367060
32,-95.000000,0.093018,0.000000,2.446431,0,15.739800,17.800000,0.000000,0.000787
33,-76.527865,0.114662,0.000000,1.019085,7,4.787040,8.100000,7.300000,1.514870
34,-75.183847,0.114662,0.000000,0.736136,8,3.253870,7.100000,6.100000,0.959775
35,-93.446862,1.352482,0.000000,0.529082,7,124.725000,66.400000,6.800000,0.788051
36,-91.873942,2.401558,0.000000,1.511325,26,168.159000,73.600000,9.500000,1.856200
37,-94.154589,1.352482,0.014356,0.372307,7,63.999500,45.400000,3.000000,0.411806
38,-94.930756,0.449065,0.843444,3.623351,29,18.985700,21.100000,0.200000,0.629894
39,-94.711777,0.093018,0.077825,1.949940,0,40.904100,35.800000,1.600000,1.665690
40,-93.369830,2.770147,0.000000,1.081603,0,104.134000,61.300000,5.500000,1.554310
41,-75.475082,0.114662,0.134111,1.019085,8,2.829410,5.500000,4.700000,1.238070
42,-94.204329,1.352482,0.618913,1.167093,18,57.591300,41.600000,2.600000,1.561450
43,-93.437785,1.352482,0.014356,0.289495,0,140.495000,71.900000,7.800000,0.568784
44,-93.880884,2.401558,0.001776,1.019670,25,83.307100,53.200000,4.200000,1.303120
45,-76.353235,0.114662,0.134111,1.019085,8,0.221761,7.100000,6.800000,1.583640
46,-91.816326,2.770147,0.000000,1.081603,0,173.306000,73.800000,9.900000,1.303050
47,-94.556743,0.093018,0.077825,1.949940,0,50.253600,39.200000,2.200000,1.874500
48,-93.575991,1.352482,0.000000,0.529082,7,92.832000,57.700000,4.800000,0.686459
49,-94.944981,0.093018,0.054182,2.554467,0,18.861100,21.000000,0.200000,0.425745
50,-76.618363,0.114662,0.000000,1.019085,8,10.401600,9.200000,7.900000,1.762270
51,-94.689619,0.593754,0.504834,3.359391,30,22.202700,26.800000,0.400000,0.751036
52,-91.522403,2.401558,0.002872,0.749945,32,185.814000,73.900000,10.600000,0.870338
53,-94.803035,0.449065,0.843444,3.623351,42,20.587700,22.800000,0.300000,0.791191
54,-72.027443,2.770147,0.000000,1.569548,4,1.146700,7.200000,6.600000,1.461590
55,-94.910109,0.093018,0.139728,2.397446,2,28.218300,28.400000,0.800000,1.215880
56,-94.685297,0.093018,0.000000,1.036179,0,38.043100,32.800000,1.400000,0.686870
57,-75.035440,0.114662,0.000000,0.703293,9,3.600890,7.300000,6.200000,0.823578
58,-94.612761,1.352482,0.187041,1.107327,0,28.754200,28.600000,0.800000,0.623396
59,-76.741808,0.114662,0.000000,0.736136,7,4.845130,8.700000,8.100000,0.941116
60,-94.614893,0.093018,0.140087,2.397446,0,39.403700,34.100000,1.500000,1.827880
61,-94.034262,1.352482,0.039374,0.289495,0,72.009800,49.000000,3.500000,0.344500
62,-94.278079,0.093018,0.000000,0.983112,0,66.834100,48.500000,3.300000,1.347000
63,-74.489061,0.114662,0.134111,1.019085,9,1.657700,8.600000,8.000000,1.705090
64,-94.500851,1.352482,0.266255,1.107327,0,46.376900,38.500000,1.900000,0.905137
65,-75.035832,0.114662,0.134111,1.019085,0,0.218654,5.200000,4.400000,1.314760
66,-92.395960,2.401558,0.000000,0.495700,25,164.939000,73.300000,9.300000,0.763199
67,-72.076509,2.063693,0.637416,1.302505,2,0.276284,5.600000,5.300000,1.951100
68,-93.430058,1.352482,0.000000,0.529082,5,129.429000,68.600000,7.100000,0.788401
69,-76.585365,0.114662,0.000000,1.019085,10,4.227530,13.100000,11.900000,1.535850
70,-74.993291,0.114662,0.134111,1.019085,2,0.309515,5.000000,4.200000,1.265590
71,-76.561519,0.114662,0.134111,1.019085,9,11.786000,11.100000,9.900000,1.960170
72,-94.014132,1.352482,0.097106,0.566488,1,75.214000,50.100000,3.700000,0.969681
73,-94.010307,1.352482,0.097106,0.566488,0,91.224600,56.700000,4.700000,1.072450
74,-92.252241,2.401558,0.000000,0.495700,32,161.750000,73.100000,9.100000,0.666923
75,-75.506252,0.114662,0.134111,1.019085,8,1.975890,5.600000,4.800000,1.145710
76,-76.345808,0.114662,0.000000,1.019085,5,0.080120,6.500000,5.900000,1.235090
77,-93.367550,1.352482,0.000000,1.124910,15,132.725000,69.100000,7.300000,1.973360
78,-94.983315,0.093018,0.054182,2.554467,0,17.267700,19.200000,0.100000,0.237464
79,-94.695234,0.093018,0.077825,1.949940,0,40.866800,34.500000,1.600000,1.456570
80,-76.379984,0.114662,0.134111,1.019085,6,1.649200,6.600000,5.700000,1.021760
82,-94.678684,0.093018,0.077825,1.949940,0,44.257400,37.600000,1.800000,1.576220
83,-94.211630,1.352482,0.097106,0.566488,0,80.020100,52.000000,4.000000,0.709525
84,-91.031691,2.401558,0.000000,1.019670,28,188.958000,74.000000,10.800000,1.301480
85,-94.544886,1.352482,1.000000,0.687592,5,31.958300,30.200000,1.000000,0.654110
86,-94.526641,1.352482,0.014417,0.529082,2,43.172800,36.200000,1.700000,0.402393
87,-75.776728,0.114662,0.000000,1.019085,9,9.844630,7.500000,6.900000,1.261500
88,-76.652774,0.114662,0.134111,1.019085,1,0.211301,5.800000,5.400000,1.122430
89,-94.745454,0.449065,0.843444,3.615206,50,22.178300,25.300000,0.400000,0.940876
90,-93.934264,0.093018,0.219594,1.212841,5,90.816700,55.300000,4.800000,1.895850
91,-76.949459,0.114662,0.000000,1.019085,6,6.288710,8.200000,7.400000,1.533710
92,-76.293162,0.114662,0.000000,1.019085,8,1.628700,6.700000,6.000000,1.191620
93,-93.489666,1.352482,0.000000,0.529082,9,110.436000,63.500000,5.900000,0.815140
94,-77.466291,0.114662,0.000000,1.019085,7,11.510600,11.300000,10.200000,1.827480
95,-72.170068,2.770147,0.000000,1.081603,0,0.307875,6.000000,5.700000,1.186500
96,-94.321358,1.352482,0.783729,1.139854,0,59.193400,42.400000,2.700000,1.825270
97,-77.677663,0.114662,0.000000,0.703293,1,14.778000,11.900000,10.600000,1.394480
98,-93.524502,1.352482,0.014356,0.289495,0,103.943000,60.500000,5.500000,0.449404
99,-76.545595,0.114662,0.000000,0.736136,7,4.952640,9.800000,8.600000,1.282560
