[INFO][8] Cantidad de iteraciones: 3000
[INFO][4] Cantidad de iteraciones: 3000
[INFO][2] Cantidad de iteraciones: 3000
[INFO][6] Cantidad de iteraciones: 3000
[INFO][1] Cantidad de iteraciones: 3000
[INFO][5] Cantidad de iteraciones: 3000
[INFO][7] Cantidad de iteraciones: 3000
[INFO][3] Cantidad de iteraciones: 3000

id,borders_threshold,margin_forwarding,min_delay,max_delay,neighbors_threshold,energy,coverage,nforwardings,time
0,-74.641934,0.028202,1.000000,0.852908,6,5.309680,5.500000,5.300000,1.957240
2,-94.568044,0.699935,0.343283,1.072187,5,23.624400,16.000000,0.500000,0.268548
3,-93.682862,2.992411,0.044042,0.971545,33,91.317400,39.500000,4.700000,1.358820
4,-75.825817,0.028202,0.000000,1.761353,5,5.829770,4.200000,3.700000,1.304760
5,-75.689149,0.028202,0.249203,1.806077,3,1.115540,3.700000,3.400000,1.236580
6,-78.409542,0.028202,1.000000,1.490654,0,10.007000,4.200000,3.400000,1.714210
7,-76.321896,0.028202,1.000000,1.785686,7,2.671400,4.600000,4.200000,1.664700
8,-77.921713,0.028202,0.956003,1.761353,0,14.265400,6.300000,5.500000,3.642250
9,-94.906058,0.277501,0.000000,0.000000,48,16.709500,11.400000,0.100000,0.000814
10,-93.860178,2.142206,0.101799,0.559444,2,46.459700,25.500000,1.900000,0.510461
11,-76.036614,0.028202,0.476427,1.761353,0,4.626440,3.700000,3.300000,1.442880
12,-94.627514,2.442550,0.250636,4.735111,24,35.245300,20.900000,1.200000,3.287540
13,-92.687728,2.992411,0.044042,0.971545,28,136.175000,46.900000,7.500000,1.841320
14,-93.103167,0.277501,0.102862,0.355813,23,118.387000,43.300000,6.500000,0.757976
15,-92.863529,0.277501,0.102862,0.340883,16,117.915000,42.700000,6.500000,0.770159
16,-94.296827,0.699935,0.000000,1.678850,0,38.232800,23.000000,1.400000,0.513563
17,-94.978832,0.028202,0.045613,1.795519,11,17.143500,12.700000,0.100000,0.166844
18,-91.460479,0.277501,0.305199,0.340883,39,174.134000,48.900000,10.100000,1.179080
19,-74.612938,0.028202,1.000000,1.993334,1,0.069180,3.600000,3.200000,1.608490
20,-94.641840,0.277501,0.102862,0.355813,26,41.159300,25.000000,1.600000,0.320278
21,-75.772973,0.028202,0.000000,1.761353,5,7.675950,4.500000,3.800000,1.375080
22,-76.850886,0.028202,0.956003,1.761353,7,6.088510,5.600000,5.100000,1.812530
23,-94.487401,0.699935,0.343283,1.072187,3,26.771600,16.600000,0.700000,0.343664
24,-77.611422,0.028202,1.000000,1.912171,0,5.874420,3.100000,2.500000,1.178550
26,-75.970506,0.028202,0.123849,1.761353,4,7.905550,4.900000,4.200000,1.065510
27,-74.736410,0.028202,1.000000,1.993334,0,0.144279,3.600000,3.100000,1.579700
28,-74.887105,0.028202,0.000000,1.777712,3,0.631802,3.300000,3.000000,1.165820
29,-92.538799,0.028202,0.000000,0.571686,16,141.908000,47.600000,8.100000,0.910901
30,-73.267392,1.115420,0.099631,0.167480,5,8.896020,6.900000,6.300000,0.309920
31,-77.074856,0.028202,0.123849,1.128007,0,4.193880,3.200000,2.700000,0.644509
32,-78.971968,0.028202,0.977065,1.369608,0,11.132500,3.800000,3.100000,1.346300
33,-77.191632,0.028202,1.000000,1.761353,3,11.150600,3.900000,3.200000,1.580830
34,-73.331695,1.115420,0.099631,0.167480,6,6.171740,6.800000,6.600000,0.375733
35,-73.086214,0.028202,0.249203,1.761353,7,6.073460,4.300000,3.800000,1.057670
36,-94.673340,0.277501,0.102862,0.000000,14,28.401200,17.300000,0.800000,0.023125
37,-94.829240,0.028202,0.045613,1.795519,12,31.490000,20.500000,1.000000,0.753827
38,-94.383413,0.277501,0.000000,0.355813,24,60.100100,29.700000,2.800000,0.386337
39,-74.412557,0.028202,0.956003,1.761353,0,0.074822,2.500000,2.200000,0.917070
40,-93.842865,2.142206,0.322272,0.757059,0,51.265900,26.900000,2.200000,0.984137
41,-71.792968,1.115420,0.099631,0.167480,5,3.528530,5.200000,4.700000,0.241168
42,-77.537620,0.028202,0.000000,1.719941,0,5.570570,3.000000,2.300000,0.581556
44,-95.000000,0.277501,0.215200,0.355813,31,15.247100,11.000000,0.000000,0.000737
45,-94.284654,0.277501,0.470802,0.355813,19,63.066200,32.100000,3.000000,0.940082
46,-94.332586,0.699935,0.343283,1.072187,2,29.975700,17.800000,0.900000,0.403817
47,-72.408871,1.115420,0.099631,0.167480,5,9.002380,5.600000,4.700000,0.257919
48,-93.084735,0.277501,0.000000,0.157244,16,134.303000,46.000000,7.500000,0.245276
49,-72.044006,1.115420,0.099631,0.167480,7,8.784080,6.300000,6.100000,0.263640
50,-94.742693,0.277501,0.000000,0.355813,23,21.809800,15.200000,0.400000,0.092082
51,-75.885725,0.028202,0.249203,1.761353,5,6.681940,4.500000,3.900000,1.516440
52,-90.800239,0.277501,0.215200,0.355813,25,192.363000,49.000000,11.400000,0.911428
53,-75.378432,0.028202,0.183579,1.449287,0,1.578120,2.600000,2.300000,1.044300
54,-94.610744,0.277501,0.000000,0.355813,13,42.763300,25.200000,1.700000,0.254588
55,-77.059637,0.028202,0.335706,1.482304,0,4.983920,3.400000,2.800000,0.913016
56,-93.593228,2.142206,0.322272,0.757059,3,84.909200,35.300000,4.300000,1.194180
57,-72.975196,1.115420,0.099631,0.226037,5,11.028100,6.100000,5.600000,0.297019
58,-75.568380,0.028202,0.000000,2.080306,0,2.046710,3.100000,2.900000,0.885531
59,-91.491962,0.277501,0.404058,0.679599,24,162.061000,48.200000,9.300000,1.735680
60,-94.642462,0.277501,0.102862,0.307372,16,36.443600,21.800000,1.300000,0.231091
61,-94.779699,0.277501,0.000000,3.113480,12,20.412100,15.000000,0.300000,0.711783
62,-93.670767,2.992411,0.044042,0.971545,31,92.919500,40.200000,4.800000,1.361100
63,-72.215528,1.115420,0.000000,0.167480,6,0.664557,3.900000,3.700000,0.147511
65,-77.149974,0.028202,0.977065,1.801035,0,9.593020,4.200000,3.600000,1.833980
66,-92.455085,0.277501,0.102862,0.355813,25,132.108000,44.800000,7.400000,0.844233
67,-94.719770,0.277501,0.305199,0.340883,40,24.910600,16.100000,0.600000,0.197013
68,-93.769725,0.277501,0.215200,0.355813,39,101.142000,42.300000,5.400000,0.978586
69,-94.349513,0.277501,0.356411,0.000000,41,53.687900,29.100000,2.400000,0.342094
70,-75.886451,0.028202,1.000000,1.761353,4,4.043100,4.100000,3.700000,1.812760
71,-93.693175,2.992411,0.044042,0.971545,34,86.511200,37.500000,4.400000,1.261600
72,-74.655370,0.028202,1.000000,1.802417,0,0.047520,3.000000,2.700000,1.393480
73,-75.765730,0.028202,0.000000,1.777712,5,7.584350,4.400000,3.700000,1.371370
74,-73.775118,1.115420,0.099631,0.167480,6,8.002090,7.100000,6.600000,0.377994
75,-91.675259,2.992411,0.044042,0.973483,37,158.598000,48.000000,8.900000,1.434090
76,-93.157482,0.277501,0.000000,0.157244,18,127.804000,44.600000,7.100000,0.286723
77,-94.946998,0.028202,0.000000,1.795519,14,19.821500,14.200000,0.300000,0.229567
78,-79.014579,0.028202,0.726659,1.535335,1,14.290800,4.400000,3.600000,1.801840
79,-74.499552,0.028202,1.000000,1.761353,4,0.200355,2.800000,2.400000,0.819196
80,-94.794210,0.277501,0.000000,0.355813,17,18.678400,13.700000,0.200000,0.044884
81,-74.290455,0.028202,0.000000,1.100080,0,0.079564,2.600000,2.600000,0.569175
82,-94.599601,0.028202,0.000000,1.795519,16,40.788300,23.700000,1.600000,1.297640
83,-94.434246,0.277501,0.000000,0.394932,43,55.436000,29.200000,2.500000,0.385677
84,-94.158970,0.277501,1.000000,0.340883,34,71.210800,33.800000,3.500000,1.773250
85,-94.810832,0.277501,0.102862,0.679599,20,18.447600,13.400000,0.200000,0.057179
86,-93.963231,0.028202,0.000000,1.795519,13,78.071500,34.100000,4.000000,1.864960
87,-75.707688,0.028202,1.000000,1.842454,4,6.494070,3.700000,3.200000,1.203610
88,-76.291570,0.028202,0.956003,0.000000,3,6.321440,4.900000,4.400000,0.956991
89,-76.216698,0.028202,0.956003,1.204933,5,9.698420,4.600000,4.000000,1.551740
90,-94.509513,0.699935,0.343283,1.242613,0,25.169500,16.200000,0.600000,0.325670
91,-93.032658,2.442550,0.240637,0.782070,25,121.757000,44.200000,6.600000,1.578400
92,-91.814154,0.277501,0.000000,0.394932,47,162.045000,48.500000,9.400000,0.518785
93,-72.639758,1.115420,0.064627,0.167480,4,4.893490,4.700000,4.500000,0.195037
94,-95.000000,0.028202,0.000000,1.795519,15,15.062900,10.900000,0.000000,0.000736
95,-74.970580,0.028202,0.000000,1.761353,6,5.512030,3.800000,3.300000,0.970073
96,-94.340802,0.277501,0.000000,0.335887,32,64.972000,32.900000,3.100000,0.403761
97,-75.637717,0.028202,0.249203,1.806077,4,0.814167,4.000000,3.500000,1.259280
98,-77.245041,0.028202,0.000000,1.761353,6,7.961150,5.800000,5.400000,1.654010
99,-79.207440,0.028202,0.726659,1.535335,1,14.982300,4.600000,3.700000,1.855580
