++ cd /home/clusterusers/siturriaga/itu-maestria/trunk/aedb-mls
++ ITERATIONS=250
++ THREADS=12
++ INSTANCE=25
++ SIMULS=10
++ export LD_LIBRARY_PATH=:/home/clusterusers/siturriaga/ns3Files
++ LD_LIBRARY_PATH=:/home/clusterusers/siturriaga/ns3Files
++ /home/users/siturriaga/bin/mpich2-1.4.1p1/bin/mpiexec -launcher ssh -launcher-exec oarsh -f /var/lib/oar/2644144 -np 9 -ppn 1 bin/mls.rand 5610 250 12 10 25
[DEBUG] argc = 6
===========================================================
Configuración
===========================================================
   Random seed        = 5610
   MPI size           = 9
   MLS.count_threads  = 12
   MLS.max_iterations = 250
   MLS.number_devices = 25
   MLS.simul_runs     = 10
   MLS.init           = MLS__RANDOM
===========================================================
[DEBUG] argc = 6
[DEBUG] argc = 6
[DEBUG] argc = 6
[DEBUG] argc = 6
[DEBUG] argc = 6
[DEBUG] argc = 6
[DEBUG] argc = 6
[DEBUG] argc = 6
[DEBUG][5] Thread 0 starting solution:
-> borders_threshold   : -93.5980
   margin_forwarding   : 1.2295
   min_delay           : 0.7747
   max_delay           : 3.0248
   neighbors_threshold : 7
   energy              : 56.9923
   coverage            : 13.6000
   nforwardings        : 2.6000
   time                : 3.2780
[DEBUG][2] Thread 0 starting solution:
-> borders_threshold   : -74.2781
   margin_forwarding   : 2.0120
   min_delay           : 0.3269
   max_delay           : 4.3936
   neighbors_threshold : 13
   energy              : 292.8350
   coverage            : 21.3000
   nforwardings        : 17.7000
   time                : 7.7214
[DEBUG][3] Thread 0 starting solution:
-> borders_threshold   : -88.7428
   margin_forwarding   : 2.0020
   min_delay           : 0.2807
   max_delay           : 0.4638
   neighbors_threshold : 32
   energy              : 126.5130
   coverage            : 17.3000
   nforwardings        : 7.0000
   time                : 0.8986
[DEBUG][1] Thread 0 starting solution:
-> borders_threshold   : -70.3349
   margin_forwarding   : 2.6944
   min_delay           : 0.7802
   max_delay           : 2.6967
   neighbors_threshold : 43
   energy              : 282.7540
   coverage            : 20.0000
   nforwardings        : 18.6000
   time                : 5.0973
[DEBUG][4] Thread 0 starting solution:
-> borders_threshold   : -74.4817
   margin_forwarding   : 0.7412
   min_delay           : 0.6299
   max_delay           : 0.4831
   neighbors_threshold : 17
   energy              : 303.0160
   coverage            : 23.6000
   nforwardings        : 21.0000
   time                : 2.0713
[INFO][AGA] Kaput!
[INFO] AGA information ============================================ 
[INFO] Population count: 99
[INFO] Population:
(0) borders_threshold   = -93.83
     margin_forwarding   = 0.52
     min_delay           = 0.00
     max_delay           = 1.48
     neighbors_threshold = 23
     energy              = 50.75
     coverage            = 13.20 (0.08)
     nforwardings        = 2.20
     time                = 1.23
0,-93.826649,0.524687,0.000000,1.481797,23,50.745600,13.200000,2.200000,1.233330
(1) borders_threshold   = -70.37
     margin_forwarding   = 1.63
     min_delay           = 0.49
     max_delay           = 2.10
     neighbors_threshold = 2
     energy              = 6.24
     coverage            = 2.50 (0.40)
     nforwardings        = 2.40
     time                = 1.11
1,-70.368312,1.628082,0.493464,2.100735,2,6.236010,2.500000,2.400000,1.105320
(2) borders_threshold   = -93.02
     margin_forwarding   = 1.88
     min_delay           = 0.25
     max_delay           = 0.95
     neighbors_threshold = 1
     energy              = 64.85
     coverage            = 15.50 (0.06)
     nforwardings        = 3.10
     time                = 1.24
2,-93.018918,1.877658,0.254507,0.948943,1,64.854700,15.500000,3.100000,1.243620
(3) borders_threshold   = -94.59
     margin_forwarding   = 0.52
     min_delay           = 0.35
     max_delay           = 0.46
     neighbors_threshold = 0
     energy              = 16.23
     coverage            = 6.80 (0.15)
     nforwardings        = 0.10
     time                = 0.04
3,-94.587854,0.524687,0.354463,0.464148,0,16.232800,6.800000,0.100000,0.040830
(4) borders_threshold   = -90.94
     margin_forwarding   = 1.25
     min_delay           = 0.43
     max_delay           = 0.87
     neighbors_threshold = 27
     energy              = 128.67
     coverage            = 20.50 (0.05)
     nforwardings        = 7.20
     time                = 1.83
4,-90.937239,1.254933,0.430021,0.870851,27,128.668000,20.500000,7.200000,1.833280
(5) borders_threshold   = -93.21
     margin_forwarding   = 1.88
     min_delay           = 0.00
     max_delay           = 0.95
     neighbors_threshold = 16
     energy              = 58.98
     coverage            = 14.00 (0.07)
     nforwardings        = 2.70
     time                = 0.72
5,-93.213205,1.877658,0.000000,0.948943,16,58.976800,14.000000,2.700000,0.718809
(6) borders_threshold   = -92.93
     margin_forwarding   = 0.52
     min_delay           = 0.35
     max_delay           = 0.72
     neighbors_threshold = 11
     energy              = 76.70
     coverage            = 16.80 (0.06)
     nforwardings        = 4.00
     time                = 1.46
6,-92.932518,0.524687,0.347973,0.722723,11,76.703600,16.800000,4.000000,1.462620
(7) borders_threshold   = -75.41
     margin_forwarding   = 0.06
     min_delay           = 0.00
     max_delay           = 2.35
     neighbors_threshold = 2
     energy              = 9.47
     coverage            = 2.50 (0.40)
     nforwardings        = 2.20
     time                = 0.73
7,-75.412380,0.060788,0.000000,2.350890,2,9.473760,2.500000,2.200000,0.730709
(8) borders_threshold   = -95.00
     margin_forwarding   = 0.06
     min_delay           = 0.88
     max_delay           = 4.52
     neighbors_threshold = 3
     energy              = 14.81
     coverage            = 4.80 (0.21)
     nforwardings        = 0.00
     time                = 0.00
8,-95.000000,0.059180,0.877168,4.515035,3,14.815000,4.800000,0.000000,0.000736
(9) borders_threshold   = -94.41
     margin_forwarding   = 1.19
     min_delay           = 0.53
     max_delay           = 1.03
     neighbors_threshold = 35
     energy              = 18.30
     coverage            = 7.60 (0.13)
     nforwardings        = 0.20
     time                = 0.13
9,-94.412962,1.188804,0.529684,1.032937,35,18.300400,7.600000,0.200000,0.133289
(10) borders_threshold   = -77.90
     margin_forwarding   = 0.06
     min_delay           = 1.00
     max_delay           = 3.82
     neighbors_threshold = 0
     energy              = 6.98
     coverage            = 1.80 (0.56)
     nforwardings        = 1.40
     time                = 1.09
10,-77.895802,0.060788,1.000000,3.819171,0,6.978280,1.800000,1.400000,1.085680
(11) borders_threshold   = -94.56
     margin_forwarding   = 0.52
     min_delay           = 0.02
     max_delay           = 1.21
     neighbors_threshold = 11
     energy              = 17.67
     coverage            = 6.90 (0.14)
     nforwardings        = 0.20
     time                = 0.10
11,-94.559333,0.524687,0.018132,1.205253,11,17.673600,6.900000,0.200000,0.100731
(12) borders_threshold   = -92.38
     margin_forwarding   = 1.66
     min_delay           = 0.26
     max_delay           = 3.11
     neighbors_threshold = 40
     energy              = 81.45
     coverage            = 17.70 (0.06)
     nforwardings        = 4.10
     time                = 4.16
12,-92.384856,1.662476,0.258536,3.112056,40,81.451400,17.700000,4.100000,4.160460
(13) borders_threshold   = -93.60
     margin_forwarding   = 1.23
     min_delay           = 0.77
     max_delay           = 3.02
     neighbors_threshold = 7
     energy              = 56.99
     coverage            = 13.60 (0.07)
     nforwardings        = 2.60
     time                = 3.28
13,-93.598001,1.229515,0.774661,3.024775,7,56.992300,13.600000,2.600000,3.277970
(14) borders_threshold   = -94.14
     margin_forwarding   = 0.52
     min_delay           = 0.35
     max_delay           = 0.49
     neighbors_threshold = 0
     energy              = 41.05
     coverage            = 11.60 (0.09)
     nforwardings        = 1.60
     time                = 0.60
14,-94.139426,0.524687,0.354463,0.492213,0,41.049700,11.600000,1.600000,0.597717
(15) borders_threshold   = -94.58
     margin_forwarding   = 1.27
     min_delay           = 0.64
     max_delay           = 4.80
     neighbors_threshold = 47
     energy              = 27.23
     coverage            = 9.80 (0.10)
     nforwardings        = 0.70
     time                = 1.63
15,-94.583424,1.268622,0.641378,4.800380,47,27.232400,9.800000,0.700000,1.628240
(16) borders_threshold   = -91.41
     margin_forwarding   = 1.88
     min_delay           = 0.18
     max_delay           = 0.95
     neighbors_threshold = 10
     energy              = 106.22
     coverage            = 19.00 (0.05)
     nforwardings        = 5.70
     time                = 1.91
16,-91.411872,1.877658,0.184674,0.948943,10,106.223000,19.000000,5.700000,1.908090
(17) borders_threshold   = -93.93
     margin_forwarding   = 1.27
     min_delay           = 0.58
     max_delay           = 1.52
     neighbors_threshold = 46
     energy              = 38.07
     coverage            = 10.90 (0.09)
     nforwardings        = 1.40
     time                = 1.23
17,-93.926508,1.268622,0.577228,1.522612,46,38.070000,10.900000,1.400000,1.227100
(18) borders_threshold   = -94.57
     margin_forwarding   = 0.65
     min_delay           = 1.00
     max_delay           = 3.28
     neighbors_threshold = 29
     energy              = 23.42
     coverage            = 8.30 (0.12)
     nforwardings        = 0.50
     time                = 0.87
18,-94.572380,0.652462,1.000000,3.279517,29,23.415500,8.300000,0.500000,0.870486
(19) borders_threshold   = -75.39
     margin_forwarding   = 2.59
     min_delay           = 0.32
     max_delay           = 2.34
     neighbors_threshold = 43
     energy              = 328.31
     coverage            = 24.00 (0.04)
     nforwardings        = 21.20
     time                = 4.52
19,-75.386550,2.593589,0.319608,2.343674,43,328.308000,24.000000,21.200000,4.521140
(20) borders_threshold   = -92.72
     margin_forwarding   = 0.52
     min_delay           = 0.00
     max_delay           = 1.21
     neighbors_threshold = 17
     energy              = 60.89
     coverage            = 14.80 (0.07)
     nforwardings        = 2.90
     time                = 1.02
20,-92.721409,0.524687,0.000000,1.205253,17,60.892800,14.800000,2.900000,1.018580
(21) borders_threshold   = -91.01
     margin_forwarding   = 1.27
     min_delay           = 0.00
     max_delay           = 0.67
     neighbors_threshold = 43
     energy              = 107.28
     coverage            = 19.90 (0.05)
     nforwardings        = 5.80
     time                = 0.91
21,-91.006038,1.268622,0.000000,0.666397,43,107.284000,19.900000,5.800000,0.906735
(22) borders_threshold   = -74.15
     margin_forwarding   = 1.63
     min_delay           = 0.00
     max_delay           = 1.99
     neighbors_threshold = 0
     energy              = 9.51
     coverage            = 3.10 (0.32)
     nforwardings        = 3.10
     time                = 1.12
22,-74.154334,1.628082,0.000000,1.994295,0,9.507610,3.100000,3.100000,1.121350
(23) borders_threshold   = -91.43
     margin_forwarding   = 1.27
     min_delay           = 0.43
     max_delay           = 0.59
     neighbors_threshold = 39
     energy              = 97.74
     coverage            = 18.50 (0.05)
     nforwardings        = 5.20
     time                = 1.76
23,-91.432135,1.268622,0.428543,0.588502,39,97.739300,18.500000,5.200000,1.758900
(24) borders_threshold   = -87.84
     margin_forwarding   = 0.52
     min_delay           = 0.00
     max_delay           = 0.38
     neighbors_threshold = 35
     energy              = 179.20
     coverage            = 23.90 (0.04)
     nforwardings        = 11.50
     time                = 0.63
24,-87.842606,0.524687,0.000000,0.382638,35,179.197000,23.900000,11.500000,0.634416
(25) borders_threshold   = -92.74
     margin_forwarding   = 1.25
     min_delay           = 0.43
     max_delay           = 0.77
     neighbors_threshold = 32
     energy              = 82.29
     coverage            = 17.80 (0.06)
     nforwardings        = 4.20
     time                = 1.73
25,-92.739844,1.254933,0.430021,0.768901,32,82.291400,17.800000,4.200000,1.725810
(26) borders_threshold   = -88.85
     margin_forwarding   = 0.52
     min_delay           = 0.00
     max_delay           = 0.38
     neighbors_threshold = 9
     energy              = 150.95
     coverage            = 20.90 (0.05)
     nforwardings        = 9.00
     time                = 0.45
26,-88.846612,0.524687,0.000000,0.382638,9,150.949000,20.900000,9.000000,0.445229
(27) borders_threshold   = -90.75
     margin_forwarding   = 1.27
     min_delay           = 0.00
     max_delay           = 0.67
     neighbors_threshold = 46
     energy              = 132.68
     coverage            = 20.70 (0.05)
     nforwardings        = 7.60
     time                = 0.96
27,-90.745171,1.268622,0.000000,0.666397,46,132.677000,20.700000,7.600000,0.959887
(28) borders_threshold   = -74.49
     margin_forwarding   = 1.63
     min_delay           = 0.32
     max_delay           = 3.03
     neighbors_threshold = 0
     energy              = 4.06
     coverage            = 2.60 (0.38)
     nforwardings        = 2.50
     time                = 0.99
28,-74.486055,1.628082,0.317651,3.029174,0,4.062630,2.600000,2.500000,0.986941
(29) borders_threshold   = -70.00
     margin_forwarding   = 1.63
     min_delay           = 0.00
     max_delay           = 1.90
     neighbors_threshold = 0
     energy              = 3.22
     coverage            = 2.10 (0.48)
     nforwardings        = 2.00
     time                = 0.48
29,-70.000000,1.628082,0.000000,1.898551,0,3.220080,2.100000,2.000000,0.477109
(30) borders_threshold   = -73.73
     margin_forwarding   = 1.63
     min_delay           = 0.49
     max_delay           = 1.90
     neighbors_threshold = 2
     energy              = 6.02
     coverage            = 1.90 (0.53)
     nforwardings        = 1.80
     time                = 0.64
30,-73.733200,1.628082,0.493464,1.898551,2,6.020660,1.900000,1.800000,0.636813
(31) borders_threshold   = -91.45
     margin_forwarding   = 1.63
     min_delay           = 0.00
     max_delay           = 1.00
     neighbors_threshold = 5
     energy              = 99.38
     coverage            = 18.80 (0.05)
     nforwardings        = 5.30
     time                = 1.51
31,-91.454594,1.628082,0.000000,0.999980,5,99.384400,18.800000,5.300000,1.505680
(32) borders_threshold   = -73.48
     margin_forwarding   = 0.06
     min_delay           = 1.00
     max_delay           = 1.62
     neighbors_threshold = 1
     energy              = 2.72
     coverage            = 0.80 (1.25)
     nforwardings        = 0.80
     time                = 0.23
32,-73.479593,0.060788,1.000000,1.617124,1,2.723220,0.800000,0.800000,0.234180
(34) borders_threshold   = -72.20
     margin_forwarding   = 1.63
     min_delay           = 1.00
     max_delay           = 3.10
     neighbors_threshold = 0
     energy              = 11.91
     coverage            = 3.40 (0.29)
     nforwardings        = 3.00
     time                = 1.89
34,-72.203169,1.628082,1.000000,3.097686,0,11.906900,3.400000,3.000000,1.894220
(35) borders_threshold   = -71.41
     margin_forwarding   = 1.63
     min_delay           = 0.37
     max_delay           = 3.39
     neighbors_threshold = 0
     energy              = 11.65
     coverage            = 3.10 (0.32)
     nforwardings        = 2.90
     time                = 1.41
35,-71.407221,1.628082,0.366289,3.386810,0,11.651600,3.100000,2.900000,1.407580
(36) borders_threshold   = -94.28
     margin_forwarding   = 0.52
     min_delay           = 0.35
     max_delay           = 0.44
     neighbors_threshold = 0
     energy              = 41.14
     coverage            = 11.90 (0.08)
     nforwardings        = 1.60
     time                = 0.56
36,-94.282569,0.524687,0.354463,0.441698,0,41.138400,11.900000,1.600000,0.563495
(37) borders_threshold   = -87.72
     margin_forwarding   = 0.52
     min_delay           = 0.00
     max_delay           = 0.38
     neighbors_threshold = 12
     energy              = 175.76
     coverage            = 23.60 (0.04)
     nforwardings        = 11.20
     time                = 0.66
37,-87.721156,0.524687,0.000000,0.382638,12,175.762000,23.600000,11.200000,0.655145
(38) borders_threshold   = -94.36
     margin_forwarding   = 1.23
     min_delay           = 0.34
     max_delay           = 3.02
     neighbors_threshold = 0
     energy              = 22.30
     coverage            = 8.10 (0.12)
     nforwardings        = 0.70
     time                = 1.16
38,-94.361956,1.229515,0.338508,3.024775,0,22.296800,8.100000,0.700000,1.162230
(39) borders_threshold   = -74.03
     margin_forwarding   = 1.63
     min_delay           = 0.32
     max_delay           = 3.03
     neighbors_threshold = 2
     energy              = 8.78
     coverage            = 2.20 (0.45)
     nforwardings        = 1.90
     time                = 0.82
39,-74.034860,1.628082,0.317651,3.029174,2,8.780490,2.200000,1.900000,0.818310
(40) borders_threshold   = -94.62
     margin_forwarding   = 1.27
     min_delay           = 0.64
     max_delay           = 4.30
     neighbors_threshold = 48
     energy              = 23.63
     coverage            = 9.00 (0.11)
     nforwardings        = 0.50
     time                = 0.88
40,-94.622187,1.268622,0.641378,4.300896,48,23.632000,9.000000,0.500000,0.878245
(41) borders_threshold   = -93.18
     margin_forwarding   = 0.52
     min_delay           = 0.13
     max_delay           = 0.00
     neighbors_threshold = 8
     energy              = 68.82
     coverage            = 15.70 (0.06)
     nforwardings        = 3.40
     time                = 0.16
41,-93.178288,0.524687,0.132727,0.000000,8,68.815400,15.700000,3.400000,0.158509
(42) borders_threshold   = -72.44
     margin_forwarding   = 1.63
     min_delay           = 0.89
     max_delay           = 2.10
     neighbors_threshold = 0
     energy              = 9.19
     coverage            = 3.00 (0.33)
     nforwardings        = 2.70
     time                = 1.48
42,-72.438900,1.628082,0.886329,2.100735,0,9.188670,3.000000,2.700000,1.481320
(43) borders_threshold   = -91.86
     margin_forwarding   = 0.52
     min_delay           = 0.35
     max_delay           = 0.38
     neighbors_threshold = 3
     energy              = 94.74
     coverage            = 18.50 (0.05)
     nforwardings        = 5.30
     time                = 1.07
43,-91.861652,0.524687,0.354463,0.382638,3,94.736100,18.500000,5.300000,1.068850
(44) borders_threshold   = -94.20
     margin_forwarding   = 0.52
     min_delay           = 0.35
     max_delay           = 0.44
     neighbors_threshold = 0
     energy              = 41.08
     coverage            = 11.80 (0.08)
     nforwardings        = 1.60
     time                = 0.56
44,-94.196615,0.524687,0.354463,0.441698,0,41.075200,11.800000,1.600000,0.563495
(45) borders_threshold   = -92.08
     margin_forwarding   = 1.88
     min_delay           = 0.00
     max_delay           = 0.95
     neighbors_threshold = 17
     energy              = 98.34
     coverage            = 18.60 (0.05)
     nforwardings        = 5.20
     time                = 1.46
45,-92.080426,1.877658,0.000000,0.948943,17,98.338500,18.600000,5.200000,1.464140
(46) borders_threshold   = -92.98
     margin_forwarding   = 1.25
     min_delay           = 0.43
     max_delay           = 0.77
     neighbors_threshold = 32
     energy              = 64.85
     coverage            = 14.90 (0.07)
     nforwardings        = 3.10
     time                = 1.12
46,-92.983728,1.254933,0.430021,0.768901,32,64.846000,14.900000,3.100000,1.115120
(47) borders_threshold   = -94.06
     margin_forwarding   = 0.52
     min_delay           = 0.09
     max_delay           = 0.44
     neighbors_threshold = 6
     energy              = 38.01
     coverage            = 10.90 (0.09)
     nforwardings        = 1.50
     time                = 0.34
47,-94.060534,0.524687,0.086024,0.441698,6,38.013400,10.900000,1.500000,0.336615
(48) borders_threshold   = -92.05
     margin_forwarding   = 0.52
     min_delay           = 0.00
     max_delay           = 0.30
     neighbors_threshold = 10
     energy              = 97.67
     coverage            = 18.70 (0.05)
     nforwardings        = 5.30
     time                = 0.45
48,-92.052787,0.524687,0.000000,0.304065,10,97.672700,18.700000,5.300000,0.454053
(49) borders_threshold   = -94.20
     margin_forwarding   = 1.27
     min_delay           = 0.81
     max_delay           = 1.52
     neighbors_threshold = 48
     energy              = 35.10
     coverage            = 10.20 (0.10)
     nforwardings        = 1.20
     time                = 1.20
49,-94.198628,1.268622,0.806044,1.522612,48,35.104700,10.200000,1.200000,1.202870
(50) borders_threshold   = -73.31
     margin_forwarding   = 1.63
     min_delay           = 0.49
     max_delay           = 2.51
     neighbors_threshold = 1
     energy              = 10.77
     coverage            = 3.00 (0.33)
     nforwardings        = 2.60
     time                = 1.29
50,-73.314747,1.628082,0.493464,2.513318,1,10.774600,3.000000,2.600000,1.289700
(51) borders_threshold   = -92.48
     margin_forwarding   = 0.52
     min_delay           = 0.20
     max_delay           = 0.38
     neighbors_threshold = 15
     energy              = 89.90
     coverage            = 18.00 (0.06)
     nforwardings        = 4.80
     time                = 0.82
51,-92.479460,0.524687,0.196380,0.382638,15,89.899600,18.000000,4.800000,0.815622
(52) borders_threshold   = -74.45
     margin_forwarding   = 1.63
     min_delay           = 0.00
     max_delay           = 3.39
     neighbors_threshold = 0
     energy              = 8.49
     coverage            = 2.70 (0.37)
     nforwardings        = 2.60
     time                = 1.20
52,-74.449772,1.628082,0.000000,3.386810,0,8.490980,2.700000,2.600000,1.197060
(53) borders_threshold   = -74.78
     margin_forwarding   = 0.06
     min_delay           = 0.00
     max_delay           = 2.95
     neighbors_threshold = 0
     energy              = 9.35
     coverage            = 2.00 (0.50)
     nforwardings        = 1.60
     time                = 1.46
53,-74.778055,0.060788,0.000000,2.954833,0,9.348210,2.000000,1.600000,1.459180
(54) borders_threshold   = -94.42
     margin_forwarding   = 0.52
     min_delay           = 0.35
     max_delay           = 0.46
     neighbors_threshold = 0
     energy              = 34.52
     coverage            = 10.70 (0.09)
     nforwardings        = 1.30
     time                = 0.41
54,-94.421295,0.524687,0.354463,0.464148,0,34.518100,10.700000,1.300000,0.408506
(55) borders_threshold   = -77.95
     margin_forwarding   = 0.06
     min_delay           = 0.00
     max_delay           = 2.76
     neighbors_threshold = 0
     energy              = 12.25
     coverage            = 3.20 (0.31)
     nforwardings        = 2.50
     time                = 1.48
55,-77.954957,0.060788,0.000000,2.764445,0,12.253900,3.200000,2.500000,1.483390
(56) borders_threshold   = -94.09
     margin_forwarding   = 1.88
     min_delay           = 0.01
     max_delay           = 1.97
     neighbors_threshold = 26
     energy              = 28.59
     coverage            = 9.90 (0.10)
     nforwardings        = 0.80
     time                = 0.61
56,-94.091379,1.877658,0.010838,1.971169,26,28.587900,9.900000,0.800000,0.609143
(57) borders_threshold   = -72.87
     margin_forwarding   = 1.63
     min_delay           = 0.49
     max_delay           = 3.03
     neighbors_threshold = 0
     energy              = 12.55
     coverage            = 3.30 (0.30)
     nforwardings        = 2.90
     time                = 2.00
57,-72.865857,1.628082,0.493464,3.029174,0,12.546900,3.300000,2.900000,1.995130
(58) borders_threshold   = -92.57
     margin_forwarding   = 0.52
     min_delay           = 0.00
     max_delay           = 0.38
     neighbors_threshold = 10
     energy              = 74.25
     coverage            = 16.40 (0.06)
     nforwardings        = 3.80
     time                = 0.52
58,-92.570463,0.524687,0.000000,0.382638,10,74.252800,16.400000,3.800000,0.523273
(59) borders_threshold   = -94.05
     margin_forwarding   = 0.52
     min_delay           = 0.35
     max_delay           = 0.49
     neighbors_threshold = 0
     energy              = 43.85
     coverage            = 12.20 (0.08)
     nforwardings        = 1.80
     time                = 0.67
59,-94.046465,0.524687,0.354463,0.492213,0,43.848700,12.200000,1.800000,0.671433
(60) borders_threshold   = -94.38
     margin_forwarding   = 0.52
     min_delay           = 0.34
     max_delay           = 0.00
     neighbors_threshold = 0
     energy              = 45.54
     coverage            = 13.00 (0.08)
     nforwardings        = 1.90
     time                = 0.34
60,-94.384311,0.524687,0.344471,0.000000,0,45.542600,13.000000,1.900000,0.335682
(61) borders_threshold   = -78.43
     margin_forwarding   = 0.06
     min_delay           = 0.00
     max_delay           = 2.95
     neighbors_threshold = 1
     energy              = 10.74
     coverage            = 2.70 (0.37)
     nforwardings        = 2.10
     time                = 1.36
61,-78.432478,0.060788,0.000000,2.954833,1,10.740900,2.700000,2.100000,1.355350
(62) borders_threshold   = -70.00
     margin_forwarding   = 1.63
     min_delay           = 0.37
     max_delay           = 4.04
     neighbors_threshold = 0
     energy              = 3.51
     coverage            = 2.60 (0.38)
     nforwardings        = 2.60
     time                = 1.22
62,-70.000000,1.628082,0.366289,4.040661,0,3.509540,2.600000,2.600000,1.215480
(63) borders_threshold   = -88.96
     margin_forwarding   = 0.52
     min_delay           = 0.20
     max_delay           = 0.38
     neighbors_threshold = 8
     energy              = 141.82
     coverage            = 20.80 (0.05)
     nforwardings        = 8.50
     time                = 0.76
63,-88.964777,0.524687,0.196380,0.382638,8,141.823000,20.800000,8.500000,0.763283
(64) borders_threshold   = -89.50
     margin_forwarding   = 1.27
     min_delay           = 0.34
     max_delay           = 0.67
     neighbors_threshold = 48
     energy              = 151.05
     coverage            = 21.00 (0.05)
     nforwardings        = 8.70
     time                = 1.53
64,-89.499256,1.268622,0.335983,0.666397,48,151.049000,21.000000,8.700000,1.529330
(65) borders_threshold   = -75.79
     margin_forwarding   = 0.06
     min_delay           = 0.00
     max_delay           = 2.35
     neighbors_threshold = 0
     energy              = 6.16
     coverage            = 2.00 (0.50)
     nforwardings        = 1.80
     time                = 1.34
65,-75.788493,0.060788,0.000000,2.350890,0,6.158700,2.000000,1.800000,1.342350
(66) borders_threshold   = -71.74
     margin_forwarding   = 1.63
     min_delay           = 0.00
     max_delay           = 1.90
     neighbors_threshold = 0
     energy              = 4.70
     coverage            = 2.10 (0.48)
     nforwardings        = 1.90
     time                = 0.48
66,-71.739317,1.628082,0.000000,1.898551,0,4.698890,2.100000,1.900000,0.477109
(67) borders_threshold   = -73.74
     margin_forwarding   = 1.63
     min_delay           = 0.83
     max_delay           = 1.99
     neighbors_threshold = 0
     energy              = 5.18
     coverage            = 2.80 (0.36)
     nforwardings        = 2.80
     time                = 1.08
67,-73.741860,1.628082,0.830342,1.994295,0,5.182920,2.800000,2.800000,1.083440
(68) borders_threshold   = -74.50
     margin_forwarding   = 0.06
     min_delay           = 0.07
     max_delay           = 2.76
     neighbors_threshold = 2
     energy              = 0.30
     coverage            = 1.90 (0.53)
     nforwardings        = 1.90
     time                = 0.88
68,-74.499304,0.060788,0.067401,2.764445,2,0.302912,1.900000,1.900000,0.879332
(69) borders_threshold   = -92.78
     margin_forwarding   = 0.52
     min_delay           = 0.00
     max_delay           = 1.21
     neighbors_threshold = 17
     energy              = 60.83
     coverage            = 14.60 (0.07)
     nforwardings        = 2.90
     time                = 1.02
69,-92.775465,0.524687,0.000000,1.205253,17,60.830700,14.600000,2.900000,1.018680
(70) borders_threshold   = -92.36
     margin_forwarding   = 0.52
     min_delay           = 0.38
     max_delay           = 0.39
     neighbors_threshold = 8
     energy              = 92.07
     coverage            = 18.30 (0.05)
     nforwardings        = 4.90
     time                = 1.17
70,-92.355030,0.524687,0.380019,0.394079,8,92.070200,18.300000,4.900000,1.165700
(71) borders_threshold   = -94.42
     margin_forwarding   = 1.27
     min_delay           = 0.64
     max_delay           = 4.80
     neighbors_threshold = 49
     energy              = 30.44
     coverage            = 10.00 (0.10)
     nforwardings        = 0.90
     time                = 1.55
71,-94.417976,1.268622,0.641378,4.800380,49,30.439100,10.000000,0.900000,1.550820
(72) borders_threshold   = -92.91
     margin_forwarding   = 0.52
     min_delay           = 0.00
     max_delay           = 0.34
     neighbors_threshold = 5
     energy              = 81.34
     coverage            = 17.50 (0.06)
     nforwardings        = 4.20
     time                = 0.33
72,-92.907435,0.524687,0.000000,0.339918,5,81.335600,17.500000,4.200000,0.328348
(73) borders_threshold   = -74.47
     margin_forwarding   = 1.63
     min_delay           = 0.32
     max_delay           = 2.78
     neighbors_threshold = 1
     energy              = 8.38
     coverage            = 2.80 (0.36)
     nforwardings        = 2.70
     time                = 1.09
73,-74.468399,1.628082,0.317651,2.783621,1,8.376060,2.800000,2.700000,1.094320
(74) borders_threshold   = -94.62
     margin_forwarding   = 1.27
     min_delay           = 0.64
     max_delay           = 4.80
     neighbors_threshold = 48
     energy              = 25.33
     coverage            = 9.60 (0.10)
     nforwardings        = 0.60
     time                = 1.40
74,-94.618032,1.268622,0.641378,4.800380,48,25.334700,9.600000,0.600000,1.402710
(75) borders_threshold   = -78.41
     margin_forwarding   = 0.06
     min_delay           = 1.00
     max_delay           = 3.82
     neighbors_threshold = 0
     energy              = 14.61
     coverage            = 2.90 (0.34)
     nforwardings        = 2.10
     time                = 1.85
75,-78.413963,0.060788,1.000000,3.819171,0,14.614400,2.900000,2.100000,1.853650
(76) borders_threshold   = -73.44
     margin_forwarding   = 1.63
     min_delay           = 0.00
     max_delay           = 3.78
     neighbors_threshold = 2
     energy              = 8.06
     coverage            = 2.60 (0.38)
     nforwardings        = 2.40
     time                = 1.68
76,-73.444975,1.628082,0.000000,3.779738,2,8.058070,2.600000,2.400000,1.682780
(77) borders_threshold   = -70.00
     margin_forwarding   = 1.63
     min_delay           = 0.00
     max_delay           = 3.78
     neighbors_threshold = 0
     energy              = 1.03
     coverage            = 2.30 (0.43)
     nforwardings        = 2.20
     time                = 1.42
77,-70.000000,1.628082,0.000000,3.779738,0,1.029150,2.300000,2.200000,1.418250
(78) borders_threshold   = -91.42
     margin_forwarding   = 1.88
     min_delay           = 0.18
     max_delay           = 0.95
     neighbors_threshold = 22
     energy              = 104.69
     coverage            = 18.90 (0.05)
     nforwardings        = 5.60
     time                = 1.84
78,-91.415915,1.877658,0.184674,0.948943,22,104.693000,18.900000,5.600000,1.844840
(79) borders_threshold   = -70.00
     margin_forwarding   = 1.63
     min_delay           = 0.49
     max_delay           = 3.39
     neighbors_threshold = 0
     energy              = 3.06
     coverage            = 2.90 (0.34)
     nforwardings        = 2.90
     time                = 1.84
79,-70.000000,1.628082,0.493464,3.386810,0,3.064000,2.900000,2.900000,1.842360
(80) borders_threshold   = -92.48
     margin_forwarding   = 0.52
     min_delay           = 0.15
     max_delay           = 0.51
     neighbors_threshold = 16
     energy              = 76.23
     coverage            = 16.50 (0.06)
     nforwardings        = 3.90
     time                = 0.93
80,-92.482091,0.524687,0.146441,0.505804,16,76.230900,16.500000,3.900000,0.927161
(81) borders_threshold   = -87.83
     margin_forwarding   = 0.52
     min_delay           = 0.20
     max_delay           = 0.00
     neighbors_threshold = 20
     energy              = 147.65
     coverage            = 21.30 (0.05)
     nforwardings        = 9.20
     time                = 0.38
81,-87.832902,0.524687,0.196380,0.000000,20,147.647000,21.300000,9.200000,0.384401
(82) borders_threshold   = -75.98
     margin_forwarding   = 1.35
     min_delay           = 0.31
     max_delay           = 0.00
     neighbors_threshold = 30
     energy              = 320.21
     coverage            = 24.00 (0.04)
     nforwardings        = 21.40
     time                = 0.43
82,-75.981914,1.352154,0.306727,0.000000,30,320.212000,24.000000,21.400000,0.431560
(83) borders_threshold   = -71.69
     margin_forwarding   = 1.63
     min_delay           = 0.32
     max_delay           = 3.03
     neighbors_threshold = 0
     energy              = 2.43
     coverage            = 1.80 (0.56)
     nforwardings        = 1.80
     time                = 0.93
83,-71.687729,1.628082,0.317651,3.029174,0,2.432510,1.800000,1.800000,0.931625
(84) borders_threshold   = -78.26
     margin_forwarding   = 0.06
     min_delay           = 0.07
     max_delay           = 2.57
     neighbors_threshold = 0
     energy              = 9.93
     coverage            = 2.10 (0.48)
     nforwardings        = 1.80
     time                = 1.02
84,-78.261247,0.060788,0.067401,2.571802,0,9.928250,2.100000,1.800000,1.024540
(85) borders_threshold   = -87.99
     margin_forwarding   = 1.63
     min_delay           = 0.00
     max_delay           = 0.68
     neighbors_threshold = 19
     energy              = 152.29
     coverage            = 21.90 (0.05)
     nforwardings        = 9.30
     time                = 1.08
85,-87.989829,1.628082,0.000000,0.684227,19,152.289000,21.900000,9.300000,1.076980
(86) borders_threshold   = -94.94
     margin_forwarding   = 0.06
     min_delay           = 1.00
     max_delay           = 5.00
     neighbors_threshold = 0
     energy              = 19.08
     coverage            = 7.70 (0.13)
     nforwardings        = 0.30
     time                = 0.71
86,-94.943232,0.059180,1.000000,5.000000,0,19.077000,7.700000,0.300000,0.706572
(87) borders_threshold   = -92.51
     margin_forwarding   = 0.52
     min_delay           = 0.34
     max_delay           = 0.38
     neighbors_threshold = 6
     energy              = 76.87
     coverage            = 17.00 (0.06)
     nforwardings        = 4.00
     time                = 1.05
87,-92.513947,0.524687,0.344471,0.382638,6,76.872900,17.000000,4.000000,1.053200
(88) borders_threshold   = -92.52
     margin_forwarding   = 0.52
     min_delay           = 0.34
     max_delay           = 0.38
     neighbors_threshold = 7
     energy              = 71.19
     coverage            = 16.10 (0.06)
     nforwardings        = 3.60
     time                = 0.91
88,-92.520477,0.524687,0.344471,0.382638,7,71.188200,16.100000,3.600000,0.910224
(89) borders_threshold   = -90.89
     margin_forwarding   = 1.27
     min_delay           = 0.00
     max_delay           = 0.67
     neighbors_threshold = 46
     energy              = 110.08
     coverage            = 20.30 (0.05)
     nforwardings        = 6.00
     time                = 0.96
89,-90.888109,1.268622,0.000000,0.666397,46,110.080000,20.300000,6.000000,0.957780
(90) borders_threshold   = -74.18
     margin_forwarding   = 0.06
     min_delay           = 1.00
     max_delay           = 3.69
     neighbors_threshold = 1
     energy              = 0.83
     coverage            = 1.50 (0.67)
     nforwardings        = 1.50
     time                = 1.01
90,-74.175082,0.060788,1.000000,3.691155,1,0.828374,1.500000,1.500000,1.009490
(91) borders_threshold   = -94.12
     margin_forwarding   = 0.52
     min_delay           = 0.35
     max_delay           = 0.00
     neighbors_threshold = 0
     energy              = 39.07
     coverage            = 11.50 (0.09)
     nforwardings        = 1.50
     time                = 0.27
91,-94.123266,0.524687,0.354463,0.000000,0,39.065600,11.500000,1.500000,0.273516
(92) borders_threshold   = -70.00
     margin_forwarding   = 1.63
     min_delay           = 1.00
     max_delay           = 2.78
     neighbors_threshold = 0
     energy              = 0.21
     coverage            = 2.70 (0.37)
     nforwardings        = 2.70
     time                = 1.61
92,-70.000000,1.628082,1.000000,2.783621,0,0.212528,2.700000,2.700000,1.605700
(93) borders_threshold   = -76.02
     margin_forwarding   = 0.06
     min_delay           = 0.00
     max_delay           = 3.71
     neighbors_threshold = 0
     energy              = 5.60
     coverage            = 1.50 (0.67)
     nforwardings        = 1.30
     time                = 1.29
93,-76.019320,0.060788,0.000000,3.709270,0,5.602550,1.500000,1.300000,1.293710
(94) borders_threshold   = -94.08
     margin_forwarding   = 0.52
     min_delay           = 0.19
     max_delay           = 0.90
     neighbors_threshold = 2
     energy              = 38.68
     coverage            = 11.00 (0.09)
     nforwardings        = 1.50
     time                = 0.70
94,-94.075315,0.524687,0.191024,0.897651,2,38.681000,11.000000,1.500000,0.697427
(95) borders_threshold   = -94.09
     margin_forwarding   = 0.52
     min_delay           = 0.34
     max_delay           = 0.38
     neighbors_threshold = 1
     energy              = 43.95
     coverage            = 12.50 (0.08)
     nforwardings        = 1.80
     time                = 0.62
95,-94.089788,0.524687,0.344471,0.382638,1,43.945900,12.500000,1.800000,0.620376
(96) borders_threshold   = -70.46
     margin_forwarding   = 0.06
     min_delay           = 0.41
     max_delay           = 3.82
     neighbors_threshold = 0
     energy              = 1.39
     coverage            = 1.30 (0.77)
     nforwardings        = 1.30
     time                = 0.35
96,-70.462473,0.060788,0.412005,3.819171,0,1.389490,1.300000,1.300000,0.349441
(97) borders_threshold   = -71.18
     margin_forwarding   = 1.63
     min_delay           = 0.49
     max_delay           = 2.51
     neighbors_threshold = 0
     energy              = 6.02
     coverage            = 3.00 (0.33)
     nforwardings        = 2.80
     time                = 1.36
97,-71.180061,1.628082,0.493464,2.513318,0,6.022930,3.000000,2.800000,1.363690
(98) borders_threshold   = -74.08
     margin_forwarding   = 0.06
     min_delay           = 1.00
     max_delay           = 3.69
     neighbors_threshold = 1
     energy              = 0.16
     coverage            = 1.40 (0.71)
     nforwardings        = 1.40
     time                = 0.70
98,-74.079099,0.060788,1.000000,3.691155,1,0.155307,1.400000,1.400000,0.701834
(99) borders_threshold   = -87.87
     margin_forwarding   = 0.52
     min_delay           = 0.20
     max_delay           = 0.38
     neighbors_threshold = 20
     energy              = 168.78
     coverage            = 23.00 (0.04)
     nforwardings        = 10.50
     time                = 1.17
99,-87.867805,0.524687,0.196380,0.382638,20,168.777000,23.000000,10.500000,1.168580

real	49m38.557s
user	41m45.125s
sys	7m48.453s
