[INFO][5] Cantidad de iteraciones: 3000
[INFO][8] Cantidad de iteraciones: 3000
[INFO][3] Cantidad de iteraciones: 3000
[INFO][1] Cantidad de iteraciones: 3000
[INFO][7] Cantidad de iteraciones: 3000
[INFO][6] Cantidad de iteraciones: 3000
[INFO][4] Cantidad de iteraciones: 3000
[INFO][2] Cantidad de iteraciones: 3000

id,borders_threshold,margin_forwarding,min_delay,max_delay,neighbors_threshold,energy,coverage,nforwardings,time
0,-92.509257,1.484947,0.000000,0.516983,15,156.859000,73.000000,8.800000,0.784492
1,-76.978317,0.209747,0.346398,0.566779,6,9.651580,9.900000,8.600000,1.663550
2,-76.344025,0.040587,0.041688,1.927207,0,0.040583,6.000000,5.500000,1.576540
3,-76.722521,0.040587,0.050148,2.288644,5,3.848030,6.200000,5.300000,1.681350
4,-76.618058,0.040587,0.399034,0.957504,7,3.934420,8.000000,7.100000,1.896930
5,-76.034942,0.040587,0.041688,0.000000,10,4.703370,7.700000,6.400000,0.042980
6,-93.837418,0.393076,0.000000,0.985188,50,116.179000,65.900000,6.300000,1.708520
7,-77.578175,0.209747,0.346398,2.355921,5,12.205100,12.900000,11.200000,5.297810
8,-77.615517,0.040587,0.000000,1.113651,0,6.473120,8.100000,6.800000,1.511700
9,-77.278631,0.040587,0.039722,1.025150,0,7.011100,9.600000,8.600000,1.832280
10,-76.896730,0.040587,0.000000,1.113651,1,5.001330,5.900000,5.000000,1.096490
11,-93.794021,0.393076,0.000000,0.231581,49,103.518000,61.700000,5.500000,0.335218
12,-95.000000,0.209747,0.346398,2.355921,7,15.763400,17.800000,0.000000,0.000787
13,-75.654682,0.040587,0.000000,1.490322,6,0.564104,2.600000,2.400000,0.852755
14,-75.262312,0.040587,0.039722,1.348522,8,0.209773,3.900000,3.200000,0.948045
15,-76.985903,0.040587,0.000000,1.490322,3,0.116156,6.900000,6.300000,1.719990
16,-94.490138,0.393076,0.000000,0.168343,26,78.230200,50.800000,3.900000,0.206386
17,-94.725648,0.040587,0.000000,1.038474,14,36.294600,32.500000,1.300000,0.750288
18,-76.516164,0.040587,0.041688,1.490322,6,4.652430,6.100000,5.100000,1.403200
19,-93.838063,0.040587,0.000000,1.106648,20,105.517000,62.200000,5.700000,1.215790
20,-94.964236,0.040587,0.000000,0.000000,17,17.277600,18.600000,0.100000,0.000864
21,-75.104106,0.040587,0.000000,1.348522,2,0.505728,4.000000,3.300000,1.195900
22,-77.954543,0.040587,0.399034,1.025150,5,11.100000,8.300000,6.300000,1.827310
23,-94.227570,2.770217,0.000000,2.290583,13,41.653600,34.600000,1.600000,1.286220
24,-92.700999,2.275269,0.000000,0.743795,14,150.594000,72.500000,8.400000,1.173590
25,-94.172933,0.393076,0.036848,1.014022,44,95.464000,60.400000,5.000000,1.493800
26,-94.601451,0.393076,0.036848,2.315573,20,43.069800,35.800000,1.700000,1.687410
27,-76.759976,0.209747,0.346398,0.566779,4,7.196590,11.500000,10.000000,1.974130
28,-75.932103,0.209747,0.346398,0.000000,5,3.358870,10.000000,9.000000,0.674331
29,-94.626330,0.040587,0.000000,1.106648,20,56.826600,44.300000,2.600000,1.133380
30,-75.852533,0.040587,0.000000,1.106648,7,0.535621,6.800000,6.100000,1.747850
31,-92.134642,1.484947,0.000000,0.738654,50,161.601000,73.300000,9.100000,1.356260
32,-77.599170,0.040587,0.387413,1.025150,0,6.651410,7.500000,6.100000,1.381230
33,-74.718326,0.040587,0.000000,1.490322,11,2.626330,7.500000,6.500000,1.792280
34,-77.264215,0.209747,0.346398,0.566779,6,13.095500,12.200000,10.700000,1.777870
35,-93.653012,0.209747,0.190368,0.566779,12,90.430100,58.100000,4.700000,0.831527
36,-91.924432,1.484947,0.472971,0.594680,38,171.279000,73.700000,9.700000,1.927330
37,-77.067142,0.040587,0.041688,1.415137,3,3.297120,6.400000,5.600000,1.643300
38,-76.629908,0.040587,0.000000,1.106648,9,7.576140,9.500000,8.500000,1.881360
39,-94.198885,1.484947,0.000000,1.264075,23,68.819000,47.400000,3.300000,1.165150
40,-75.783725,0.040587,0.041688,1.567214,0,0.208826,5.500000,4.700000,1.693100
41,-93.251447,1.484947,0.185664,0.702977,39,129.694000,68.900000,7.100000,1.480140
42,-94.984572,0.209747,0.346398,2.529639,6,17.322200,19.300000,0.100000,0.237370
43,-93.230520,1.484947,0.472971,0.502467,34,142.514000,71.400000,7.900000,1.799610
44,-74.693999,0.040587,0.039722,1.348522,8,0.966537,3.800000,3.100000,0.861789
45,-93.939714,0.393076,0.036848,1.014022,37,108.290000,63.200000,5.800000,1.464530
46,-76.495771,0.040587,0.000000,1.106648,7,7.389120,4.800000,4.100000,0.917571
47,-94.427247,0.393076,0.000000,0.168343,26,79.640200,54.000000,4.000000,0.232141
48,-94.729768,0.393076,0.000000,3.084103,41,23.670800,27.300000,0.500000,0.898512
49,-77.671889,0.040587,0.399034,1.025150,5,10.539200,9.700000,7.800000,1.818950
50,-94.311259,0.393076,1.000000,0.304088,50,61.982800,45.500000,2.900000,1.312890
51,-94.499699,0.804680,0.709727,0.920393,21,44.720000,36.600000,1.800000,1.062350
52,-93.307666,1.484947,0.472971,0.502467,33,134.503000,70.000000,7.400000,1.986530
53,-77.543235,0.040587,0.399034,1.025150,5,8.180230,8.600000,7.100000,1.995390
54,-76.712997,0.040587,0.029405,2.288644,4,4.752370,6.500000,5.600000,1.966110
55,-75.812863,0.040587,0.039722,1.348522,8,0.233937,5.400000,4.500000,1.425900
56,-94.511552,0.676998,1.000000,1.093442,45,36.637800,33.000000,1.300000,0.953068
57,-94.580996,0.393076,0.000000,2.396101,23,41.467700,34.400000,1.600000,1.668230
58,-94.229346,0.393076,0.036848,0.945203,29,71.703500,48.600000,3.500000,0.982358
59,-77.747206,0.040587,0.399034,1.025150,5,8.937880,8.000000,6.300000,1.690380
60,-76.802962,0.209747,0.434670,0.566779,6,14.419400,11.700000,10.300000,1.789220
61,-94.529923,0.393076,0.036848,2.315573,21,54.081400,41.100000,2.400000,1.811630
62,-75.166737,0.040587,1.000000,1.655400,7,0.260033,4.700000,3.900000,1.774690
63,-94.584925,0.393076,0.545904,3.084103,40,33.162600,31.300000,1.100000,1.757220
64,-95.000000,0.040587,0.000000,1.106648,14,15.712100,17.700000,0.000000,0.000787
65,-94.293910,0.393076,0.036848,1.014022,20,82.797400,54.300000,4.200000,1.443470
66,-75.912688,0.040587,0.000000,1.949054,4,0.048118,3.400000,3.100000,0.890291
68,-76.523903,0.040587,0.041688,1.497787,5,0.070721,5.800000,5.000000,1.139520
69,-94.621927,0.804680,0.709727,1.453145,32,39.913900,33.400000,1.500000,1.447280
70,-76.782237,0.040587,0.041688,1.490322,1,1.868920,7.000000,6.200000,1.865180
71,-91.584594,0.393076,0.036848,1.014022,23,185.604000,73.900000,10.700000,1.374260
72,-78.508710,0.040587,0.000000,1.106648,2,7.468690,8.800000,7.800000,1.229930
73,-77.158230,0.209747,0.171620,0.566779,1,8.905830,9.000000,8.100000,1.195200
74,-94.545305,1.484947,0.000000,0.785270,33,31.971600,30.500000,1.000000,0.358106
75,-94.692605,0.393076,0.414295,2.396101,20,23.742300,27.400000,0.500000,0.653349
76,-77.913237,0.040587,0.039722,1.025150,9,12.380000,10.900000,9.200000,1.941520
77,-91.699809,0.393076,0.036848,1.014022,33,178.607000,73.800000,10.300000,1.110000
78,-75.691323,0.040587,0.000000,1.106648,4,1.310420,8.100000,7.500000,1.976600
79,-71.612189,0.040587,0.000000,0.000000,13,14.319800,14.000000,13.200000,0.002951
80,-76.295694,0.040587,0.000000,1.544855,0,0.044439,4.600000,4.200000,1.403310
81,-77.577183,0.040587,0.399034,1.025150,2,6.821510,7.200000,5.800000,1.302730
82,-94.899764,0.040587,0.000000,1.106648,15,28.107100,29.000000,0.800000,0.455919
83,-94.491564,0.676998,1.000000,1.093442,44,52.663000,39.000000,2.300000,1.792270
84,-75.431568,0.040587,0.039722,1.348522,8,0.035531,4.500000,3.800000,1.138980
85,-77.512093,0.040587,0.039722,1.113651,2,6.154700,9.300000,8.300000,1.898340
86,-75.967253,0.040587,0.039722,1.025150,2,1.310950,7.300000,6.500000,1.180280
87,-94.708297,1.484947,1.000000,3.291123,48,22.359200,25.300000,0.400000,0.899036
88,-94.776405,0.393076,0.000000,3.084103,41,20.576500,22.800000,0.300000,0.596936
89,-94.528942,1.484947,0.000000,0.630458,43,43.186000,36.200000,1.700000,0.471744
90,-76.941242,0.209747,0.453478,0.566779,2,4.008710,8.600000,7.800000,1.460490
91,-77.334960,0.209747,0.453478,0.566779,2,13.175400,12.100000,10.600000,1.831920
92,-91.180839,0.040587,0.000000,1.348522,23,190.278000,74.000000,11.100000,1.574260
93,-77.322226,0.040587,0.039722,1.025150,2,6.916020,10.500000,9.600000,1.933380
94,-94.927222,0.209747,0.346398,2.529639,5,18.924300,21.100000,0.200000,0.431695
95,-76.465012,0.209747,0.434496,0.566779,4,0.873367,7.800000,7.200000,1.449120
96,-76.425826,0.040587,0.041688,1.415137,2,0.277393,6.100000,5.500000,1.466060
97,-94.913986,0.040587,0.000000,0.000000,18,28.228900,30.400000,0.800000,0.001339
98,-78.252115,0.040587,0.000000,1.106648,5,7.685920,8.700000,7.700000,1.284650
99,-94.534711,0.393076,0.000000,0.168343,25,47.848000,38.200000,2.000000,0.129777
