[INFO][3] Cantidad de iteraciones: 3000
[INFO][7] Cantidad de iteraciones: 3000
[INFO][5] Cantidad de iteraciones: 3000
[INFO][4] Cantidad de iteraciones: 3000
[INFO][2] Cantidad de iteraciones: 3000
[INFO][8] Cantidad de iteraciones: 3000
[INFO][1] Cantidad de iteraciones: 3000
[INFO][6] Cantidad de iteraciones: 3000

id,borders_threshold,margin_forwarding,min_delay,max_delay,neighbors_threshold,energy,coverage,nforwardings,time
0,-92.894926,1.897889,0.168872,0.000000,0,162.810000,73.500000,9.200000,0.275992
1,-94.058677,0.489846,1.000000,0.000000,3,74.189600,52.100000,3.700000,1.239550
2,-74.972653,1.897889,0.168872,4.097454,1,6.378420,11.300000,9.300000,6.429800
3,-94.411636,0.489846,0.077769,0.833021,0,70.233200,49.700000,3.400000,1.053620
4,-94.750287,0.053900,0.768320,0.000000,38,49.083400,39.800000,2.100000,0.718539
5,-93.901209,0.827310,0.240497,0.411585,31,100.524000,63.800000,5.300000,0.969954
6,-94.962171,0.489846,0.128589,4.968236,1,18.932000,20.000000,0.200000,0.653506
7,-73.746975,1.897889,0.175511,1.731678,8,0.046934,5.500000,5.200000,1.540160
8,-94.427258,0.489846,0.827578,0.009830,0,52.642000,41.300000,2.300000,0.694499
9,-94.436066,0.489846,0.827578,0.087676,0,65.407100,47.300000,3.100000,0.843861
10,-94.688914,0.489846,0.086013,0.006449,0,28.584100,29.100000,0.800000,0.046062
11,-94.286921,0.489846,0.231094,0.833021,0,84.391700,56.400000,4.300000,1.009130
12,-94.688575,0.489846,0.613192,1.561523,3,23.777900,27.400000,0.500000,0.501235
13,-94.505645,0.489846,0.000000,0.082510,0,41.484300,35.200000,1.600000,0.050325
14,-94.506549,1.258901,0.275568,1.467164,0,36.754200,32.800000,1.300000,0.947141
15,-72.236163,2.876970,0.546772,4.825449,10,8.104210,9.800000,7.700000,4.677940
16,-75.207078,1.897889,0.000000,0.445411,0,13.424600,12.800000,11.700000,1.038450
17,-73.145201,1.897889,0.168872,1.731678,6,2.678040,6.500000,5.800000,1.981410
18,-73.706861,1.897889,0.168872,0.445411,0,2.121610,12.000000,11.000000,1.287440
19,-94.036414,0.827310,0.240497,0.411585,30,73.558500,50.400000,3.600000,0.758121
20,-73.673286,1.897889,0.000000,0.445411,6,0.919390,10.500000,10.200000,0.804412
21,-95.000000,0.053900,0.800064,2.542488,44,15.720100,17.700000,0.000000,0.000787
22,-94.953512,0.053900,0.800064,2.542488,36,17.286900,18.600000,0.100000,0.168750
23,-74.274744,1.897889,0.168872,1.731678,0,5.850470,7.600000,7.100000,1.870170
24,-73.453679,1.897889,0.168872,1.731678,5,0.979492,6.200000,5.700000,1.991490
25,-94.689878,0.489846,0.921507,2.756254,8,22.168400,26.800000,0.400000,0.721921
26,-94.331155,0.489846,0.827578,0.009830,0,61.847300,45.900000,2.900000,0.933253
27,-94.333561,0.489846,0.699816,0.031059,11,76.599700,53.000000,3.800000,0.898676
28,-95.000000,0.489846,0.699816,0.031059,11,15.819400,17.800000,0.000000,0.000787
29,-74.623015,1.897889,0.429728,0.361537,8,0.699563,12.500000,11.400000,1.712840
30,-94.034738,0.053900,0.819952,0.000000,46,93.343500,62.700000,4.900000,0.866157
31,-93.878510,0.827310,0.194431,0.563586,23,98.962300,63.100000,5.200000,1.084510
32,-73.882281,1.897889,0.429728,0.361537,5,0.920127,9.300000,9.100000,1.268060
33,-74.026060,1.897889,0.000000,0.445411,0,5.278750,9.200000,8.200000,0.678771
34,-73.233516,1.897889,0.123624,1.731678,5,4.058530,6.800000,6.500000,1.867500
35,-94.448633,0.489846,0.000000,0.082510,0,60.050700,45.400000,2.800000,0.094761
36,-93.874769,0.827310,0.240497,0.411585,31,102.126000,64.000000,5.400000,0.995085
37,-93.028451,0.827310,0.429108,0.338187,29,151.505000,71.700000,8.500000,1.790640
38,-74.632974,1.897889,0.079229,0.100650,7,10.325200,17.000000,16.000000,0.500661
39,-94.479071,0.489846,0.091192,0.878419,0,39.842200,33.600000,1.500000,0.691299
40,-73.256232,1.897889,0.168872,1.731678,1,2.505490,4.800000,4.700000,1.469560
41,-93.676424,0.053900,1.000000,0.000000,45,119.767000,67.000000,6.600000,1.441740
42,-94.505009,0.827310,0.044091,0.486958,16,43.110200,36.200000,1.700000,0.360461
43,-94.215403,0.489846,0.827578,0.003982,0,87.251700,57.900000,4.500000,1.245490
44,-94.516169,0.489846,0.000000,0.106591,0,44.688600,38.500000,1.800000,0.093605
45,-94.541210,0.883112,0.405323,0.780076,12,28.549800,28.100000,0.800000,0.411454
46,-94.856416,0.489846,0.128589,4.968236,0,18.925900,19.900000,0.200000,0.797724
47,-94.886297,0.053900,0.800064,2.542488,41,32.724700,30.400000,1.100000,1.926050
48,-74.639568,1.897889,0.168872,0.445411,8,10.229000,15.500000,14.400000,1.644020
49,-71.900277,1.897889,0.168872,1.589772,8,1.165500,6.400000,5.900000,1.388750
50,-93.314430,1.441369,0.011935,0.155483,4,137.294000,70.100000,7.600000,0.256003
51,-74.503330,1.897889,0.079229,0.100650,6,4.726630,8.100000,7.500000,0.246241
52,-94.635103,0.053900,0.781932,0.140150,35,58.681900,44.700000,2.700000,0.969603
53,-94.379667,0.489846,0.823236,0.031059,0,50.853300,40.200000,2.200000,0.826440
54,-73.724389,1.897889,0.168872,1.731678,9,0.499234,7.300000,6.900000,1.559760
55,-94.383090,1.258901,0.275568,1.467164,0,47.969600,38.600000,2.000000,1.273950
56,-74.759421,1.897889,0.168872,0.445411,3,12.343100,15.000000,13.900000,1.560880
57,-73.668977,1.897889,0.168872,1.731678,6,0.124053,4.800000,4.800000,1.729290
58,-94.469701,0.883112,0.000000,2.124772,3,43.087300,35.800000,1.700000,1.177780
59,-94.620550,1.258901,0.116226,1.519780,0,27.142800,27.500000,0.700000,0.668163
60,-94.024401,0.053900,0.819952,0.000000,43,88.493800,60.400000,4.600000,0.817853
61,-94.071975,0.489846,0.091192,0.878419,0,58.308400,42.400000,2.700000,0.781197
62,-94.336433,0.489846,0.086013,0.006449,0,68.430000,47.900000,3.300000,0.122387
63,-94.360074,0.489846,0.681768,0.000000,0,73.181900,49.800000,3.600000,0.735877
64,-74.182537,1.897889,0.429728,0.361537,4,3.490170,10.600000,10.300000,1.507460
65,-74.341482,1.897889,0.168872,1.589772,3,2.296250,7.900000,7.300000,1.975990
66,-73.973514,1.897889,0.168872,0.445411,0,5.219430,10.000000,9.100000,0.795090
67,-94.777007,0.489846,0.128589,4.968236,0,18.980000,22.000000,0.200000,0.797724
68,-94.448364,0.489846,0.086013,0.006449,0,62.197800,46.500000,2.900000,0.108638
69,-92.812048,1.897889,0.168872,0.000000,0,149.592000,71.500000,8.400000,0.244300
70,-94.293625,0.489846,0.231094,0.833021,0,82.758400,56.200000,4.200000,1.083660
71,-74.070928,1.897889,0.168872,1.731678,7,0.962750,7.800000,7.300000,1.923320
72,-94.704895,0.489846,0.131946,4.968236,0,20.582100,24.000000,0.300000,0.889930
73,-72.646422,1.897889,0.079229,0.100650,11,3.224910,15.100000,14.300000,0.397699
74,-93.695513,0.053900,1.000000,0.000000,42,118.181000,66.800000,6.500000,1.425180
75,-93.366198,0.053900,0.819952,0.254909,44,131.830000,69.100000,7.400000,1.669220
76,-73.744955,1.897889,0.079229,0.445411,9,7.264540,13.300000,12.200000,1.312050
77,-94.501081,0.489846,0.231094,0.265810,7,51.096800,40.600000,2.200000,0.390954
78,-94.966419,0.489846,0.537331,2.756254,11,17.391700,19.300000,0.100000,0.259763
79,-94.888196,0.053900,1.000000,0.000000,38,32.799400,31.800000,1.100000,0.364732
80,-91.681967,0.489846,0.699816,0.202798,15,193.023000,74.000000,11.200000,1.398890
81,-93.240422,0.489846,0.613238,0.092517,17,141.597000,70.700000,7.900000,1.239780
83,-92.523038,0.489846,0.613238,0.202798,13,162.757000,73.800000,9.300000,1.451810
84,-91.694881,0.489846,0.000000,0.236504,17,179.055000,73.900000,10.300000,0.334143
85,-94.886958,0.053900,0.846370,2.593919,45,31.175600,30.200000,1.000000,1.694110
86,-93.635792,1.156634,0.245705,0.653972,3,123.004000,67.900000,6.700000,1.530140
87,-73.213384,1.897889,0.168872,0.000000,2,0.057204,13.000000,12.200000,0.487123
88,-94.181773,0.489846,0.865597,0.003982,0,80.618100,55.500000,4.100000,1.066180
89,-92.576498,1.897889,0.000244,0.331969,3,156.856000,72.500000,8.900000,0.525586
90,-70.000000,1.897889,0.079229,0.100650,9,0.545343,8.700000,8.200000,0.236456
91,-73.707779,1.897889,0.429728,0.361537,4,0.099783,8.800000,8.500000,1.151470
92,-74.595486,1.897889,0.168872,0.445411,0,12.031000,13.100000,12.100000,1.580640
93,-94.435737,0.053900,0.768320,0.000000,35,79.211600,53.500000,4.000000,1.080130
94,-92.666885,0.489846,0.436248,0.202798,14,160.460000,72.800000,9.100000,1.225130
95,-73.803207,1.897889,0.168872,1.540072,5,0.759825,7.100000,6.700000,1.961740
96,-94.326981,0.489846,0.231094,0.833021,0,84.392500,57.500000,4.300000,1.236010
97,-94.318791,0.489846,0.827578,0.009830,0,53.976800,42.200000,2.400000,0.824451
98,-93.946462,0.053900,0.819952,0.000000,47,110.556000,66.000000,6.000000,1.075120
99,-92.484446,0.827310,1.000000,0.270614,35,151.596000,72.400000,8.500000,1.971430
