[INFO][5] Cantidad de iteraciones: 3000
[INFO][3] Cantidad de iteraciones: 3000
[INFO][2] Cantidad de iteraciones: 3000
[INFO][4] Cantidad de iteraciones: 3000
[INFO][1] Cantidad de iteraciones: 3000
[INFO][7] Cantidad de iteraciones: 3000
[INFO][8] Cantidad de iteraciones: 3000
[INFO][6] Cantidad de iteraciones: 3000

id,borders_threshold,margin_forwarding,min_delay,max_delay,neighbors_threshold,energy,coverage,nforwardings,time
0,-92.326940,0.450869,0.052671,0.000000,26,63.870400,15.300000,3.100000,0.064434
1,-74.519391,2.698269,0.000000,1.815303,0,14.747500,2.700000,2.400000,1.178110
2,-86.549781,2.698269,1.000000,0.003208,13,166.528000,22.200000,10.300000,1.942240
3,-94.575383,0.450869,1.000000,0.000000,11,21.716200,8.500000,0.400000,0.165111
4,-94.547744,0.204070,0.199358,0.000000,42,45.152400,13.200000,1.900000,0.151192
5,-94.141565,0.899463,0.098253,0.678072,35,26.754700,9.300000,0.700000,0.222795
6,-87.829457,0.450869,0.521835,0.199585,21,165.037000,23.000000,10.500000,1.308220
7,-87.919557,1.975733,0.625722,0.053847,16,167.912000,21.900000,10.200000,1.287860
8,-90.832771,0.450869,0.257031,0.741179,15,125.276000,20.600000,7.300000,1.642980
9,-94.355236,0.204070,0.447914,0.256738,47,39.617100,11.800000,1.600000,0.524054
10,-94.113544,0.751355,0.502226,0.513272,19,44.233800,12.100000,1.800000,0.762142
11,-93.018442,0.450869,0.000000,1.526927,7,75.457300,16.700000,3.900000,1.569950
12,-95.000000,0.204070,0.199358,0.256738,48,14.943800,4.800000,0.000000,0.000736
13,-93.568697,1.898774,0.245275,0.000000,0,39.979100,11.700000,1.500000,0.182470
14,-92.640092,0.572370,0.000000,0.984795,4,72.197100,16.500000,3.700000,0.959078
15,-90.933442,0.450869,0.383126,0.648680,14,104.667000,19.400000,5.900000,1.981840
16,-87.342154,0.809575,0.254949,2.278051,48,158.857000,21.700000,9.700000,3.987690
17,-94.015921,0.450869,0.700263,0.659072,0,38.796300,11.500000,1.500000,0.951995
18,-88.103423,1.975733,0.117712,0.206370,18,150.784000,21.600000,9.000000,0.525552
19,-94.632154,0.450869,0.257031,0.741179,27,17.614500,6.900000,0.200000,0.091532
20,-94.648525,0.204070,0.199358,0.256738,42,37.524300,11.400000,1.400000,0.275845
21,-72.694148,2.698269,0.588074,0.003208,0,12.511500,4.200000,4.000000,0.446152
22,-94.212838,0.751355,0.000000,0.147880,40,34.828000,10.800000,1.200000,0.092189
23,-73.169005,2.147131,0.361914,3.131209,38,317.602000,24.000000,21.300000,5.567930
24,-94.495309,0.450869,1.000000,0.000000,0,34.413100,10.700000,1.300000,0.591638
25,-92.462652,0.450869,0.000000,0.199585,14,79.813000,17.800000,4.100000,0.245782
26,-83.160759,0.450869,0.257031,0.000000,35,232.776000,23.900000,15.500000,0.345909
27,-94.562901,0.450869,0.000000,0.747160,19,23.131500,8.800000,0.500000,0.147532
28,-94.608946,0.204070,0.199358,0.000000,36,34.456300,10.600000,1.200000,0.137516
29,-92.768328,0.450869,0.000000,0.898663,13,63.320600,15.100000,3.100000,0.791143
30,-89.723407,0.450869,0.257031,0.561076,24,140.384000,20.700000,8.300000,0.943705
31,-89.449931,0.450869,0.000000,0.450492,18,145.566000,21.500000,8.800000,0.589810
32,-70.735016,2.698269,0.981010,0.003208,0,10.128700,3.000000,2.800000,0.573272
33,-94.528714,0.572370,0.000000,0.984795,4,17.923400,7.600000,0.200000,0.052678
34,-93.034904,0.450869,0.280870,0.561076,14,67.173600,15.800000,3.300000,1.016580
35,-71.536289,2.698269,1.000000,0.003208,0,14.684800,4.000000,3.700000,0.638612
36,-71.793409,2.698269,0.588074,1.815303,1,11.328400,3.800000,3.500000,1.074740
38,-92.884377,0.751355,0.379418,0.612613,33,75.819200,16.900000,3.800000,1.255880
39,-94.500724,0.450869,0.000000,0.000000,24,31.501700,9.800000,1.000000,0.001419
40,-94.354533,0.450869,1.000000,1.142952,20,40.922900,12.000000,1.600000,1.499900
41,-92.856538,0.751355,0.379418,0.612613,27,89.294400,17.900000,4.700000,1.343870
42,-93.794195,2.892208,0.630857,3.135309,9,29.345300,9.700000,0.900000,1.264300
43,-87.348692,0.450869,0.257031,0.000000,31,169.886000,23.100000,10.700000,0.371929
45,-70.000000,2.698269,0.981010,0.003208,0,5.903210,2.500000,2.300000,0.434793
46,-94.808440,0.204070,0.711441,0.695331,41,19.158400,7.700000,0.300000,0.211690
47,-70.000000,2.698269,0.588074,0.003208,0,3.330160,2.200000,2.000000,0.146494
48,-74.572770,2.698269,0.588074,0.003208,0,11.598800,2.800000,2.700000,0.295413
49,-92.420387,1.975733,0.625722,0.052240,1,55.517700,13.900000,2.500000,0.450142
50,-94.528613,0.450869,1.000000,0.037741,15,37.286900,11.200000,1.400000,0.612510
51,-92.996603,0.751355,0.379418,0.600917,23,98.274300,18.800000,5.300000,1.502920
52,-92.752085,0.450869,0.000000,1.208131,23,60.715700,14.800000,2.900000,1.021010
53,-89.544900,0.450869,0.000000,0.450492,17,141.684000,21.200000,8.500000,0.582913
54,-86.066560,2.698269,1.000000,0.003208,12,192.824000,23.800000,11.900000,1.729150
55,-92.998412,1.975733,1.000000,0.855036,8,68.888600,16.100000,3.300000,1.852810
56,-92.597610,0.751355,0.379418,0.551339,29,75.218500,16.600000,3.800000,1.143910
57,-94.560120,0.450869,0.813361,0.000000,29,24.880500,9.200000,0.600000,0.227565
58,-92.295805,0.450869,0.052671,0.000000,26,64.021400,15.400000,3.100000,0.060094
59,-74.366098,2.698269,0.588074,0.003208,0,12.203400,3.100000,2.900000,0.341503
60,-92.538144,0.751355,0.591665,0.765837,38,76.592900,17.700000,3.900000,1.791570
61,-94.636763,0.450869,0.730603,0.006597,0,16.181100,6.800000,0.100000,0.043680
62,-94.113141,0.899463,0.041405,0.678072,28,28.342900,9.400000,0.800000,0.224073
63,-92.397526,0.450869,0.280870,0.561076,15,90.521300,18.600000,4.800000,1.193980
64,-93.974392,0.450869,0.730603,0.000000,1,51.683200,13.400000,2.300000,0.574326
65,-94.538621,0.450869,1.000000,0.037741,14,32.709000,9.900000,1.200000,0.594363
66,-91.069105,0.751355,0.000000,0.647840,26,107.915000,20.000000,5.900000,0.875093
67,-91.024404,0.450869,0.052671,0.000000,24,116.779000,20.300000,6.600000,0.063892
68,-90.730072,0.450869,0.383126,0.430886,8,113.856000,20.100000,6.400000,1.376500
69,-94.559110,0.450869,0.000000,0.533384,10,22.436900,8.600000,0.500000,0.102691
70,-94.803594,0.204070,0.447914,0.347317,42,20.758900,8.000000,0.400000,0.160855
71,-87.944630,0.450869,0.000000,0.199585,17,172.137000,23.600000,11.000000,0.303307
73,-72.717592,2.698269,0.284188,0.000000,2,12.956400,2.700000,2.600000,0.173522
74,-90.631506,0.450869,0.052671,0.000000,29,115.595000,20.200000,6.500000,0.069836
75,-93.031177,0.450869,0.052671,0.000000,25,71.174900,16.200000,3.500000,0.057483
76,-71.880977,2.698269,0.588074,0.003208,0,12.536600,3.600000,3.300000,0.401863
77,-92.626347,0.572370,0.000000,0.984795,4,75.576600,17.400000,3.900000,1.001590
79,-70.000000,2.698269,0.000000,0.003208,0,8.592660,3.400000,3.200000,0.002272
80,-90.895876,0.450869,0.383126,0.648680,11,102.711000,19.000000,5.800000,1.931820
81,-89.790939,0.450869,1.000000,0.000000,24,141.142000,20.800000,8.300000,1.424410
82,-92.406568,0.450869,0.000000,0.561076,11,94.828400,18.700000,5.100000,0.925063
