[INFO][5] Cantidad de iteraciones: 3000
[INFO][1] Cantidad de iteraciones: 3000
[INFO][3] Cantidad de iteraciones: 3000
[INFO][4] Cantidad de iteraciones: 3000
[INFO][2] Cantidad de iteraciones: 3000
[INFO][8] Cantidad de iteraciones: 3000
[INFO][7] Cantidad de iteraciones: 3000
[INFO][6] Cantidad de iteraciones: 3000

id,borders_threshold,margin_forwarding,min_delay,max_delay,neighbors_threshold,energy,coverage,nforwardings,time
0,-90.379946,2.409283,0.332945,0.519261,45,117.642000,20.400000,6.400000,1.418110
1,-94.080023,0.360033,0.046737,0.882838,19,34.049500,10.200000,1.200000,0.513997
2,-70.660263,0.135029,0.259388,4.999143,1,0.363600,1.300000,1.200000,0.923141
3,-93.552584,2.208253,1.000000,2.385685,0,38.246600,10.900000,1.400000,1.899290
4,-70.036805,0.135029,0.965209,4.355467,0,1.286770,1.000000,1.000000,0.561904
5,-73.930397,1.196850,0.750077,1.536248,0,2.521430,2.100000,2.100000,0.814560
6,-70.000000,0.135029,0.426982,4.355467,0,0.066843,1.200000,1.200000,0.765325
7,-93.024055,1.470809,0.000000,0.350120,0,69.255700,15.300000,3.400000,0.295586
8,-71.302716,1.196850,0.747882,2.471238,0,4.464510,3.000000,2.800000,1.493250
9,-94.587467,0.360033,0.766482,1.036519,38,34.337000,10.700000,1.300000,0.869969
10,-93.737627,0.360033,0.131110,1.004669,23,44.297300,12.200000,1.900000,0.916397
11,-94.606833,0.987460,0.002811,0.327529,23,23.518700,9.000000,0.500000,0.047090
12,-92.957920,0.987460,0.363381,0.580902,19,64.618100,14.900000,3.100000,0.881928
13,-94.256415,2.208253,1.000000,2.385685,0,33.636600,10.000000,1.100000,1.585630
14,-93.144785,0.360033,0.168663,1.004669,40,63.666100,14.500000,3.100000,1.105530
15,-73.407223,0.135029,1.000000,5.000000,0,0.923959,2.000000,1.800000,1.074630
16,-92.601884,0.360033,0.384812,0.518438,34,72.154500,16.000000,3.700000,1.169460
17,-95.000000,0.135029,0.259388,2.475852,13,14.885200,4.800000,0.000000,0.000736
18,-92.686719,0.360033,0.481232,0.518438,38,72.735600,16.300000,3.700000,1.354830
19,-72.502070,0.135029,0.259388,5.000000,0,1.246370,1.900000,1.500000,1.531680
20,-94.619706,0.589763,0.000000,1.629577,6,16.278300,6.800000,0.100000,0.068762
21,-94.514268,0.360033,0.000000,0.000000,42,45.366100,13.000000,1.900000,0.002046
22,-73.945180,0.135029,0.965209,4.355467,0,4.662710,1.200000,1.100000,1.271350
23,-73.543889,1.196850,0.000000,5.000000,0,7.917780,2.400000,2.100000,1.738310
24,-83.665283,1.740107,0.293779,1.653365,32,223.698000,23.800000,14.200000,3.840780
25,-91.948388,0.360033,0.481232,0.538932,30,98.801800,18.900000,5.500000,1.940410
26,-93.621218,2.409283,0.332945,0.000000,23,40.030100,11.700000,1.500000,0.254674
27,-95.000000,0.001608,0.720459,3.326821,14,14.757500,4.300000,0.000000,0.000663
28,-94.095545,0.987460,0.351870,0.384381,2,26.789900,9.300000,0.700000,0.221421
29,-73.073392,1.470809,0.284994,0.350120,2,12.132800,3.700000,3.500000,0.418994
30,-72.565308,1.196850,0.750077,2.471238,2,7.947250,3.000000,2.700000,1.324130
31,-94.620495,0.802016,1.000000,4.028329,5,23.475300,8.300000,0.500000,0.991826
32,-94.321846,0.360033,1.000000,1.036519,42,39.668500,11.800000,1.600000,1.523250
33,-92.859126,0.987460,0.002811,0.327529,29,71.082600,15.800000,3.500000,0.317304
34,-72.607453,1.470809,0.284994,0.000000,2,5.733150,3.100000,3.100000,0.201016
35,-73.193639,0.135029,0.000000,4.355467,2,5.289580,2.500000,2.300000,1.995050
36,-71.488411,1.196850,0.739660,2.451314,0,6.881090,3.200000,3.000000,1.359550
37,-70.000000,1.196850,0.203355,2.471238,0,1.297090,2.700000,2.700000,1.118160
38,-70.000000,0.135029,0.965209,4.531184,0,1.868390,0.900000,0.900000,0.387807
39,-92.563728,0.360033,0.168663,1.004669,25,74.701900,16.700000,3.800000,1.498790
40,-90.867309,0.360033,0.481232,0.538932,42,105.419000,19.200000,5.900000,1.874060
41,-87.438687,0.987460,0.002811,0.545402,23,192.406000,23.500000,12.000000,1.091460
42,-93.941402,0.360033,0.089283,1.004669,23,42.674600,11.900000,1.800000,0.772598
43,-92.582960,2.167891,0.015345,1.363305,29,64.081900,14.800000,3.000000,1.228190
44,-76.741384,0.135029,0.299954,4.155202,0,9.279130,2.400000,2.000000,1.882200
45,-92.921317,0.987460,0.363381,0.467115,15,70.634600,15.400000,3.500000,0.863199
46,-87.685782,0.360033,0.383798,0.518438,49,167.094000,23.400000,10.700000,1.925140
47,-88.212399,2.383854,0.000000,1.560545,27,144.111000,21.200000,8.100000,1.800240
48,-93.519860,2.409283,0.332945,0.496391,46,51.244500,13.100000,2.200000,0.620364
49,-94.095091,0.360033,0.000000,1.004669,20,37.843200,10.900000,1.500000,0.651709
50,-74.768505,0.135029,0.000000,2.676989,0,8.953010,3.000000,2.600000,1.656100
51,-93.959666,0.589763,0.714497,0.000000,0,39.110300,11.500000,1.500000,0.496292
52,-94.039127,0.987460,0.363381,0.467115,16,28.387000,9.400000,0.800000,0.287201
53,-87.864731,2.409283,0.332945,0.476122,44,152.484000,21.500000,9.100000,1.560530
54,-72.874420,0.135029,0.000000,4.875333,0,0.091178,1.400000,1.400000,0.797550
55,-94.572007,0.987460,0.002811,0.327529,31,25.428900,9.200000,0.600000,0.068819
56,-72.702529,0.135029,0.303280,5.000000,0,2.559330,2.100000,1.700000,1.771180
57,-74.561318,0.135029,0.161337,5.000000,0,3.519890,2.200000,1.700000,1.542700
58,-73.246146,0.135029,0.716781,3.885317,0,0.322919,1.700000,1.700000,1.138750
59,-92.436408,2.409283,0.332945,0.924218,44,89.714400,18.600000,4.600000,1.604840
60,-71.384671,1.196850,0.509775,2.471238,1,7.200800,3.600000,3.300000,1.997040
61,-70.000000,1.196850,0.628117,2.471238,0,1.452810,2.900000,2.900000,1.135170
62,-90.423749,0.360033,0.000000,0.167605,46,124.815000,21.000000,7.300000,0.296753
63,-94.463589,0.589763,0.000000,1.629577,7,19.384300,7.700000,0.300000,0.150794
64,-77.487994,2.167891,0.000000,1.101757,34,298.354000,23.900000,19.200000,1.995820
65,-73.604552,0.135029,0.000000,4.390263,2,6.035580,2.900000,2.600000,1.511440
66,-72.040778,0.135029,0.895266,4.035066,0,0.148541,1.500000,1.500000,1.079790
67,-92.737136,0.360033,0.168663,1.004669,30,74.523700,16.400000,3.800000,1.585850
68,-92.903377,1.470809,0.000000,0.350120,6,82.659700,18.100000,4.200000,0.386606
69,-87.932302,0.987460,0.002811,0.545402,19,170.693000,22.500000,10.500000,1.058440
70,-87.882838,2.409283,0.000000,0.476122,43,159.163000,21.800000,9.600000,0.809683
71,-74.227272,0.135029,0.259388,5.000000,0,3.951620,2.200000,1.600000,1.525840
72,-92.628463,0.360033,0.168663,1.004669,33,77.707600,17.300000,4.000000,1.479720
73,-78.347317,0.135029,0.259388,5.000000,0,11.282400,2.500000,1.900000,1.780780
74,-73.981542,1.196850,0.000000,2.471238,0,4.147490,2.300000,2.300000,0.883764
75,-93.011184,0.987460,0.002811,0.000000,40,65.119900,15.200000,3.100000,0.005532
76,-87.649316,2.409283,0.332945,0.476122,43,159.386000,22.100000,9.600000,1.597890
77,-90.719938,2.409283,0.332945,0.476122,49,111.878000,20.000000,6.100000,1.396880
78,-90.780628,2.409283,0.332945,0.771507,46,107.604000,19.000000,5.800000,1.574490
79,-73.276642,0.135029,0.000000,4.355467,2,4.841130,2.600000,2.400000,1.430770
80,-94.637835,0.360033,0.000000,0.000000,37,29.113300,9.900000,0.900000,0.001430
81,-77.985855,0.135029,0.000000,1.940708,0,13.903900,3.600000,3.100000,1.331260
82,-74.468492,1.196850,0.703385,2.471238,0,12.574300,3.100000,2.700000,1.734130
83,-72.588812,1.196850,0.509775,2.471238,0,10.367100,3.600000,3.200000,1.997040
84,-72.720651,1.196850,0.739660,2.451314,0,10.978800,3.200000,2.900000,1.278260
85,-75.806666,0.135029,0.000000,4.031507,0,6.420480,2.300000,1.900000,1.875960
86,-92.541477,0.987460,0.363381,0.580902,21,77.507800,16.800000,3.900000,1.260480
87,-73.596397,1.196850,0.739660,2.451314,0,11.680600,3.200000,2.800000,1.278260
88,-72.319968,0.135029,0.161337,5.000000,0,0.325921,1.700000,1.400000,1.191430
89,-74.525101,1.196850,0.668613,2.471238,0,13.557700,3.400000,3.000000,1.934380
90,-94.526607,0.589763,0.000000,1.629577,6,17.935500,7.600000,0.200000,0.086590
91,-93.525763,2.409283,0.332945,0.854482,48,52.846600,14.200000,2.300000,1.020500
92,-72.288895,0.135029,0.142761,5.000000,0,1.267660,1.700000,1.300000,1.184500
94,-75.266060,0.135029,0.072961,5.000000,0,6.552570,2.300000,1.800000,1.877370
