[INFO][2] Cantidad de iteraciones: 3000
[INFO][4] Cantidad de iteraciones: 3000
[INFO][5] Cantidad de iteraciones: 3000
[INFO][1] Cantidad de iteraciones: 3000
[INFO][7] Cantidad de iteraciones: 3000
[INFO][8] Cantidad de iteraciones: 3000
[INFO][3] Cantidad de iteraciones: 3000
[INFO][6] Cantidad de iteraciones: 3000

id,borders_threshold,margin_forwarding,min_delay,max_delay,neighbors_threshold,energy,coverage,nforwardings,time
0,-74.165818,1.537151,0.091585,4.838034,8,14.396900,11.800000,9.300000,6.860020
1,-75.665903,0.482771,0.292842,0.199796,9,11.618400,15.100000,13.800000,1.150000
2,-76.790392,0.482771,0.292842,0.199796,9,6.604800,11.600000,10.500000,1.034070
3,-75.849944,1.236759,0.533351,0.248667,0,6.104880,11.800000,10.700000,1.484190
4,-75.768959,1.236759,0.533351,0.248667,0,4.519230,12.300000,11.200000,1.605390
5,-76.759980,0.482771,0.292842,0.182505,9,9.506070,11.700000,10.300000,0.875748
6,-76.396663,0.482771,0.334048,0.182505,2,1.626000,10.800000,10.100000,1.109910
7,-92.997036,0.482771,0.588118,0.182505,12,155.981000,73.100000,8.800000,1.449170
8,-92.963998,0.482771,0.607415,0.275832,22,146.017000,72.000000,8.200000,1.443230
9,-94.412662,0.482771,1.000000,0.260426,27,74.772800,51.900000,3.700000,1.468500
10,-75.976646,0.482771,0.000000,0.477774,8,15.070500,17.100000,15.700000,1.322340
11,-75.136575,1.619937,0.097523,3.536567,7,6.856390,10.600000,9.100000,6.224430
12,-75.298289,0.482771,0.292842,0.182505,9,10.566800,6.700000,5.900000,0.518736
13,-93.162808,0.482771,0.292842,0.199796,8,146.540000,72.400000,8.300000,1.069870
14,-93.330684,0.482771,0.588118,0.182505,13,133.675000,70.000000,7.400000,1.377040
15,-94.519962,0.482771,0.000000,0.285384,9,44.643400,36.500000,1.800000,0.159808
16,-76.184953,0.586558,0.201314,3.445208,9,10.029800,10.100000,8.400000,6.038990
17,-93.820393,0.482771,0.745846,0.000000,15,108.282000,63.000000,5.800000,0.974560
18,-94.132716,0.482771,0.292842,0.083698,0,86.701600,58.400000,4.500000,0.551813
19,-94.252368,0.482771,0.021766,0.000000,17,68.479600,46.800000,3.300000,0.023841
20,-95.000000,0.136288,0.000000,3.848345,33,15.748700,17.800000,0.000000,0.000787
21,-94.287461,0.482771,0.917837,0.000000,14,91.118100,59.000000,4.700000,1.247440
22,-73.614542,0.482771,0.292842,0.199796,9,0.231056,8.600000,7.700000,0.561244
23,-93.619098,1.273629,0.239451,0.140334,1,102.362000,61.700000,5.400000,0.563915
24,-92.233594,0.482771,1.000000,0.000000,18,166.713000,73.800000,9.500000,1.412350
25,-93.281442,0.482771,0.588118,0.182505,15,139.989000,71.700000,7.800000,1.319210
26,-75.954564,0.482771,0.000000,0.199796,0,0.677356,8.000000,7.300000,0.313314
27,-94.690791,0.482771,0.000000,0.249694,0,28.581900,28.400000,0.800000,0.087380
28,-94.225794,0.482771,0.859337,0.267290,3,79.584200,54.400000,4.000000,1.719720
29,-94.687949,1.549325,0.657462,3.165099,0,22.365700,26.800000,0.400000,0.745485
30,-76.523675,0.482771,0.334048,0.182505,1,3.006690,11.600000,10.700000,1.040090
31,-76.533939,0.482771,0.292842,0.182505,5,10.544700,14.800000,13.600000,1.388720
32,-76.031381,0.482771,0.383951,0.000000,2,0.270987,6.600000,6.200000,0.391567
33,-75.913663,0.482771,0.292842,0.182505,9,10.247000,14.000000,13.100000,1.035950
34,-94.321651,0.482771,0.917837,0.000000,14,50.929700,40.900000,2.200000,0.689514
35,-93.896906,0.482771,0.292842,0.000000,1,110.861000,64.400000,6.100000,0.486050
36,-94.337452,0.482771,0.917837,0.000000,11,52.531700,41.200000,2.300000,0.811957
37,-94.880945,0.136288,1.000000,3.399022,24,21.902600,25.400000,0.400000,0.967873
38,-74.598209,0.482771,0.292842,0.182505,10,0.065123,10.600000,9.700000,0.952796
39,-76.114956,0.482771,0.292842,0.182505,6,4.595890,10.900000,9.700000,0.884652
41,-94.450282,0.482771,0.021766,0.000000,20,49.428500,39.800000,2.100000,0.016635
42,-94.802036,0.482771,0.347563,2.909848,36,20.594400,22.800000,0.300000,0.600377
43,-76.267461,0.482771,0.334048,0.476598,3,9.512740,9.000000,8.000000,1.482310
44,-73.167460,0.482771,0.292842,0.199796,11,5.505280,7.100000,6.400000,0.325091
45,-94.568169,1.549325,0.657462,3.282237,4,30.376000,30.400000,0.900000,1.725290
46,-94.538487,0.482771,0.000000,0.072337,0,41.483700,35.500000,1.600000,0.054287
47,-75.067442,1.236759,0.676713,0.113782,0,0.708405,9.000000,8.600000,1.358230
48,-94.989156,0.136288,0.000000,2.726325,31,18.676800,22.000000,0.200000,0.374823
49,-94.539227,0.482771,0.000000,0.199796,0,41.463000,34.300000,1.600000,0.131412
50,-75.586460,0.482771,0.292842,0.198806,0,0.711915,8.700000,7.800000,0.887970
51,-93.462360,1.236759,0.611120,0.000000,7,116.766000,66.400000,6.300000,0.716842
52,-94.533617,0.482771,0.036980,2.909848,27,39.796400,34.000000,1.500000,1.894780
53,-70.000000,0.482771,1.000000,0.199796,14,12.875000,15.800000,14.600000,1.800770
54,-77.259132,0.482771,0.488163,0.182505,7,13.497800,12.600000,11.600000,1.187840
55,-76.052682,1.236759,0.611120,0.248667,4,12.340200,12.400000,10.900000,1.735620
56,-94.238564,0.482771,1.000000,0.000000,5,97.284500,61.100000,5.100000,1.596540
57,-94.969454,0.136288,0.747975,3.120056,45,20.278800,22.700000,0.300000,0.638611
58,-76.063019,1.236759,0.676713,0.113782,0,6.607990,9.200000,8.300000,1.134530
59,-92.776374,0.482771,1.000000,0.000000,23,144.804000,71.800000,8.100000,1.466100
60,-76.953233,0.482771,0.292842,0.199796,9,12.166800,13.100000,12.200000,1.199280
61,-73.587210,0.482771,1.000000,0.182505,10,11.168400,8.700000,7.600000,1.466010
62,-94.320916,0.482771,1.000000,0.000000,11,58.891700,45.700000,2.700000,0.952406
63,-94.816857,0.136288,0.009850,3.120056,28,33.172400,31.900000,1.100000,1.865110
64,-93.286450,0.482771,0.588118,0.182505,12,133.742000,71.400000,7.400000,1.333880
65,-94.432301,0.482771,0.021766,0.000725,17,70.254400,51.400000,3.400000,0.021901
66,-94.813579,0.136288,0.896501,0.000000,28,35.895100,32.600000,1.300000,0.341273
67,-94.452450,0.482771,1.000000,0.199796,8,70.240100,50.600000,3.400000,1.275800
68,-75.973726,1.236759,0.533351,0.248667,0,6.737040,12.400000,11.200000,1.491870
69,-72.620655,0.482771,0.292842,0.199796,11,4.795280,7.100000,6.500000,0.325091
70,-94.251017,0.482771,1.000000,0.000000,9,92.588200,59.700000,4.800000,1.597450
71,-94.459592,0.482771,1.000000,0.235539,9,49.433800,40.000000,2.100000,1.049060
72,-73.553467,0.482771,0.292842,0.199796,10,4.302520,8.600000,7.500000,0.496752
73,-94.475747,0.482771,0.052482,0.000000,14,47.826500,37.600000,2.000000,0.037234
74,-91.720083,0.482771,0.917837,0.000000,17,180.889000,73.900000,10.400000,0.841205
75,-94.993896,0.136288,0.944503,3.399100,20,17.289300,19.300000,0.100000,0.322271
76,-90.693008,0.482771,0.000000,0.182505,24,190.209000,74.000000,11.000000,0.198885
77,-93.658850,1.273629,0.239451,0.140334,0,103.983000,62.200000,5.500000,0.562337
78,-94.217000,0.482771,1.000000,0.275832,21,82.891000,56.100000,4.200000,1.967030
79,-92.088138,2.311011,0.579961,0.000000,21,166.614000,73.600000,9.400000,0.738579
80,-76.058797,1.236759,0.611120,0.248667,5,10.791500,12.800000,11.700000,1.592410
81,-93.472049,0.482771,1.000000,0.000000,12,127.546000,66.800000,7.000000,1.319680
82,-77.262960,0.482771,0.292842,0.199796,8,15.460300,13.700000,12.500000,1.252880
83,-74.793211,1.236759,0.676713,0.113782,0,0.535082,8.800000,8.500000,1.364360
84,-93.904711,0.482771,0.334048,0.476598,13,109.950000,63.600000,5.900000,1.288150
85,-94.506088,0.482771,0.099681,0.121808,5,43.041300,36.200000,1.700000,0.143685
86,-76.236747,0.482771,0.000000,0.199796,2,6.953120,11.200000,10.000000,0.442986
87,-75.914073,0.482771,0.334048,0.477774,1,4.160140,9.000000,8.100000,1.417350
88,-94.687973,0.482771,0.021766,2.961110,29,23.775800,27.400000,0.500000,0.770139
89,-76.589603,0.482771,0.292842,0.182505,4,12.380300,14.900000,13.700000,1.392790
90,-94.441679,0.482771,0.000000,0.285384,10,55.812900,42.700000,2.500000,0.353793
91,-93.258913,0.482771,0.588118,0.182505,12,130.546000,69.200000,7.200000,1.260410
92,-93.542730,0.482771,0.000000,0.249694,7,114.245000,64.800000,6.200000,0.414006
93,-76.968449,0.482771,0.334048,0.182505,0,12.767600,12.500000,11.400000,1.234550
94,-92.743597,2.311011,0.243441,0.798813,14,158.604000,73.400000,8.900000,1.695810
95,-94.350813,0.482771,1.000000,0.000000,20,60.493700,46.000000,2.800000,0.978368
96,-93.100693,0.482771,0.000000,0.182505,8,128.797000,68.000000,7.100000,0.297566
97,-94.312059,0.482771,0.099681,0.182505,9,78.115700,53.400000,3.900000,0.327111
98,-94.352397,0.482771,1.000000,0.275832,20,68.593000,48.500000,3.300000,1.498230
99,-94.923036,0.136288,0.321089,3.317263,28,21.852300,23.600000,0.400000,0.837392
