[INFO][6] Cantidad de iteraciones: 3000
[INFO][2] Cantidad de iteraciones: 3000
[INFO][8] Cantidad de iteraciones: 3000
[INFO][4] Cantidad de iteraciones: 3000
[INFO][5] Cantidad de iteraciones: 3000
[INFO][3] Cantidad de iteraciones: 3000
[INFO][1] Cantidad de iteraciones: 3000
[INFO][7] Cantidad de iteraciones: 3000

id,borders_threshold,margin_forwarding,min_delay,max_delay,neighbors_threshold,energy,coverage,nforwardings,time
0,-91.646697,1.495991,0.240937,0.289553,21,156.561000,47.500000,8.800000,0.972560
1,-73.006915,1.329210,1.000000,1.637340,0,1.431870,4.400000,4.000000,1.774680
2,-94.791405,0.194048,1.000000,0.174120,0,31.739400,20.600000,1.000000,0.584027
3,-92.016232,0.194048,0.491296,0.000000,50,159.818000,48.100000,9.200000,0.712620
4,-71.639723,1.329210,0.045009,1.305738,5,5.597190,5.100000,4.700000,1.401750
5,-91.590846,1.329210,0.000000,0.997666,17,159.908000,48.400000,9.000000,1.573520
6,-73.511145,0.489584,0.000000,3.453713,6,4.425440,4.200000,3.900000,1.982910
7,-94.718787,0.194048,0.493961,0.174120,3,41.420300,25.000000,1.600000,0.452532
8,-76.692242,0.489584,0.000000,0.529328,0,14.383600,7.800000,7.400000,0.951941
9,-91.979235,2.744764,0.750451,0.123540,27,146.983000,47.300000,8.200000,1.521890
10,-94.795078,0.194048,0.969038,0.000000,0,26.720300,17.600000,0.700000,0.284224
11,-92.819435,0.336527,0.920340,1.912927,27,132.654000,46.000000,7.400000,5.288750
12,-73.961620,0.489584,0.000000,4.003986,4,1.542040,2.500000,2.400000,1.812710
13,-73.639657,1.329210,0.451013,0.396872,0,3.501080,7.000000,6.600000,1.307360
14,-73.976028,1.329210,0.000000,0.839239,0,4.886240,6.100000,5.600000,1.196800
15,-95.000000,0.194048,0.490828,0.972716,6,15.197100,11.000000,0.000000,0.000737
16,-70.237300,1.329210,0.451013,0.384092,7,4.770680,5.900000,5.600000,0.960130
17,-73.605901,1.329210,1.000000,2.091936,0,2.244190,4.500000,4.200000,1.825510
18,-94.111991,0.336527,0.865629,0.131150,21,74.909300,36.400000,3.700000,1.261380
19,-72.857165,1.329210,0.451013,0.384092,5,7.068890,5.200000,4.700000,0.631191
20,-73.833974,1.329210,0.451013,0.396872,0,3.536250,7.100000,6.700000,1.315180
21,-73.738639,0.489584,0.000000,3.453713,6,4.712510,4.100000,3.800000,1.416330
22,-92.418298,2.744764,0.575089,0.000000,27,131.369000,45.300000,7.200000,0.907018
23,-73.164128,0.489584,0.358989,3.453713,0,1.256570,2.400000,2.300000,1.872120
24,-70.719132,1.329210,1.000000,2.091936,4,1.346110,3.300000,3.100000,1.586930
25,-93.626910,1.495991,0.502790,0.000000,13,89.696600,39.400000,4.600000,0.570879
26,-74.501255,1.329210,0.286165,0.719339,2,11.126800,8.700000,8.200000,1.926470
27,-94.415153,0.336527,0.920340,1.912927,18,39.581400,23.400000,1.500000,1.883850
28,-73.578338,1.329210,0.000000,0.319374,1,6.436380,4.200000,3.800000,0.267809
29,-92.636272,0.674744,1.000000,0.073391,44,141.470000,47.100000,7.900000,1.668400
30,-72.856644,1.329210,1.000000,1.637340,0,0.616787,4.400000,4.100000,1.774680
31,-74.744571,0.489584,0.000000,0.529328,1,2.576520,5.500000,5.500000,0.684280
32,-71.385431,1.329210,1.000000,2.091936,4,0.065023,3.100000,3.000000,1.767240
33,-72.219595,0.489584,0.358989,3.439406,4,0.264357,2.300000,2.300000,1.707880
34,-93.704523,2.744764,0.767883,0.000000,23,88.113300,36.500000,4.500000,0.742253
35,-71.538611,1.329210,0.000000,1.305738,7,5.991140,6.400000,5.900000,1.406980
36,-94.506643,0.194048,0.570307,0.000000,25,64.498200,31.800000,3.100000,0.591896
38,-94.555118,0.489584,0.372335,0.000000,40,28.324900,18.000000,0.800000,0.089970
39,-74.684036,1.329210,0.451013,0.000000,0,8.770090,3.700000,3.300000,0.320624
40,-94.579941,0.674744,0.219058,0.000000,42,30.074300,18.900000,0.900000,0.080513
41,-93.660295,2.744764,0.767883,0.123593,21,97.725700,42.200000,5.100000,1.217040
42,-71.761283,0.489584,0.759797,3.453713,5,1.742710,3.400000,3.200000,1.952590
43,-94.805276,0.194048,0.490828,2.660100,0,24.904700,17.300000,0.600000,1.197200
44,-72.653398,1.329210,0.451013,2.091936,0,2.874960,3.900000,3.600000,1.980590
45,-71.314587,1.329210,0.000000,2.091936,3,0.492843,4.600000,4.500000,1.661300
46,-94.498985,1.495991,0.752458,0.000000,26,30.263800,19.200000,0.900000,0.347441
47,-71.084192,0.489584,0.024557,3.453713,2,3.240760,2.600000,2.500000,1.559280
48,-94.553566,0.194048,0.505766,1.105374,2,50.487600,30.400000,2.200000,1.429470
49,-94.776706,0.194048,0.968687,0.000000,2,33.332500,22.300000,1.100000,0.513990
50,-93.459164,1.495991,0.502790,0.000000,4,91.294200,39.500000,4.700000,0.570879
51,-70.000000,1.329210,0.451013,0.000000,6,0.901644,5.300000,4.900000,0.368879
52,-91.285372,0.674744,0.087781,0.788192,39,178.601000,49.000000,10.300000,1.388730
53,-94.558783,0.336527,0.920340,0.000000,22,30.014300,18.500000,0.900000,0.254154
54,-70.997014,1.329210,0.451013,1.305738,5,7.320220,5.900000,5.300000,1.483670
55,-74.824551,0.489584,0.151105,0.221327,1,4.303830,5.600000,5.600000,0.480909
56,-71.948578,1.329210,0.451013,1.637340,5,10.196100,5.100000,4.600000,1.979470
57,-94.890181,0.194048,0.000000,0.000000,8,16.651100,11.400000,0.100000,0.000814
58,-73.677960,0.489584,0.000000,3.453713,10,11.389800,7.400000,6.700000,1.923030
59,-94.131685,0.336527,0.865629,0.131150,20,69.733200,34.100000,3.400000,1.338670
60,-70.890147,1.329210,0.451013,1.637340,5,3.894780,5.400000,4.900000,1.526110
61,-70.000000,1.329210,0.000000,1.305738,6,12.069900,6.600000,6.100000,1.727430
62,-74.586136,0.489584,0.151105,0.221327,5,5.629940,5.800000,5.400000,0.427800
63,-94.868693,0.194048,0.490828,0.972716,11,20.451600,15.900000,0.300000,0.232301
64,-70.432114,0.489584,0.000000,3.337572,7,0.104413,4.000000,3.900000,1.990460
65,-92.763924,0.674744,0.219058,0.491209,38,132.011000,45.600000,7.300000,1.179850
66,-94.876245,0.194048,1.000000,0.000000,2,18.336400,14.000000,0.200000,0.029210
67,-71.510577,1.329210,1.000000,0.991390,6,1.258800,5.100000,4.800000,1.991840
68,-94.858931,0.194048,1.000000,0.000000,0,19.686500,14.300000,0.300000,0.040250
69,-94.684255,0.194048,1.000000,0.000000,10,39.815300,24.600000,1.500000,0.704741
70,-94.561841,1.331176,0.947104,0.000000,10,28.645200,18.300000,0.800000,0.318065
71,-76.738084,1.329210,0.000000,0.415514,4,12.953000,7.300000,6.300000,0.453341
72,-74.809741,1.329210,0.451013,0.384092,0,6.935660,7.200000,6.900000,1.336810
73,-93.711703,0.194048,1.000000,0.000000,5,95.825000,40.200000,5.100000,1.266410
74,-70.000000,1.329210,0.451013,1.305738,5,0.629237,4.800000,4.600000,0.995720
75,-70.323482,1.329210,0.000000,1.305738,6,8.696120,6.500000,6.000000,1.643950
76,-94.874875,0.194048,0.972930,1.105374,0,20.300400,15.200000,0.300000,0.315528
77,-70.456209,1.329210,0.451013,1.726329,6,4.991900,4.700000,4.300000,1.313840
78,-74.928732,0.489584,0.151105,0.221327,5,9.140710,6.200000,5.800000,0.485486
79,-73.918391,1.329210,0.451013,0.719339,0,3.764200,3.900000,3.500000,0.929938
80,-93.736446,0.674744,1.000000,0.073391,45,89.006400,37.100000,4.600000,1.354810
81,-94.165851,0.336527,0.925265,0.131150,21,60.084600,31.200000,2.800000,1.112170
82,-92.636154,1.331176,0.947104,0.000000,10,139.003000,46.700000,7.700000,1.259770
83,-70.761417,1.329210,0.451013,2.312224,4,0.026341,3.200000,3.100000,1.470220
84,-94.270986,0.194048,0.491296,0.000000,26,66.163000,33.000000,3.200000,0.503984
85,-91.776683,0.336527,0.000000,0.134175,38,166.474000,48.600000,9.600000,0.201277
86,-93.061657,0.489584,0.000000,0.692382,10,124.407000,44.700000,6.900000,1.065000
87,-94.864977,0.194048,0.213485,0.146990,27,22.031100,16.500000,0.400000,0.074128
88,-94.495218,0.194048,1.000000,0.000000,17,47.372900,27.200000,2.000000,0.852821
89,-94.393873,0.194048,1.000000,0.000000,8,47.340200,26.800000,2.000000,0.760775
90,-71.855311,0.489584,0.192731,0.344831,5,2.012800,4.900000,4.600000,0.490116
91,-71.196064,1.329210,1.000000,2.091936,5,0.875515,3.500000,3.300000,1.750660
92,-70.000000,1.329210,0.451013,1.305738,6,7.404480,6.800000,6.200000,1.941980
93,-91.875221,2.744764,0.575089,0.000000,28,174.622000,48.800000,9.900000,0.601086
94,-93.283055,1.495991,0.502790,0.000000,1,116.581000,43.700000,6.300000,0.759809
95,-70.679671,1.329210,0.451013,0.000000,6,5.881920,5.600000,4.800000,0.443160
96,-72.614981,1.329210,0.451013,1.637340,0,0.216231,3.700000,3.600000,1.385970
97,-70.000000,1.329210,0.000000,1.200968,6,5.737150,4.900000,4.300000,0.854743
98,-72.811236,1.329210,0.451013,0.665686,5,10.335900,5.400000,4.600000,0.989691
99,-92.910246,1.331176,0.712531,0.000000,10,126.330000,45.000000,6.900000,1.022160
