[INFO][1] Cantidad de iteraciones: 3000
[INFO][7] Cantidad de iteraciones: 3000
[INFO][8] Cantidad de iteraciones: 3000
[INFO][6] Cantidad de iteraciones: 3000
[INFO][3] Cantidad de iteraciones: 3000
[INFO][2] Cantidad de iteraciones: 3000
[INFO][5] Cantidad de iteraciones: 3000
[INFO][4] Cantidad de iteraciones: 3000

id,borders_threshold,margin_forwarding,min_delay,max_delay,neighbors_threshold,energy,coverage,nforwardings,time
0,-93.517615,1.527371,0.073672,1.222913,16,96.058200,57.900000,5.000000,1.489460
1,-94.594305,1.527371,0.101205,1.222913,10,28.771700,28.600000,0.800000,0.710073
2,-93.323951,1.618384,0.185191,0.994458,40,113.573000,65.400000,6.100000,1.869300
3,-94.981998,0.241358,0.127184,2.967116,17,17.334900,19.300000,0.100000,0.276169
4,-94.186237,0.521036,0.408304,1.264683,49,76.587600,51.100000,3.800000,2.155890
5,-94.155704,1.737558,0.609019,2.093338,14,59.231900,43.100000,2.700000,2.755810
6,-94.545262,1.712943,0.263665,2.203476,35,31.994400,30.500000,1.000000,1.128180
7,-94.774622,0.241358,0.078477,2.772818,0,23.589300,25.500000,0.500000,0.676812
8,-94.531765,1.618384,0.209994,0.463850,21,44.801400,37.200000,1.800000,0.582132
9,-93.562143,0.241358,0.127184,2.967116,19,111.054000,63.600000,6.000000,4.066460
10,-75.690284,0.237843,0.367947,1.759636,12,11.608400,14.500000,12.500000,4.498340
11,-74.649242,1.527371,0.943514,1.186869,10,7.831430,13.300000,12.300000,4.693080
12,-93.215644,1.618384,0.185191,0.994458,28,128.109000,69.200000,7.000000,1.986400
13,-77.243990,0.231480,0.806439,4.247471,7,12.166800,9.500000,8.000000,6.388020
14,-94.515302,1.618384,0.000000,0.574976,31,43.199400,36.200000,1.700000,0.423843
15,-74.867241,1.448436,0.018744,3.093843,0,5.436330,8.800000,7.500000,5.668800
16,-73.483025,0.237843,0.367947,1.759636,10,6.372620,7.100000,6.300000,1.569560
17,-94.730263,0.241358,0.078477,2.854307,0,28.188400,28.000000,0.800000,1.176030
18,-93.229180,1.618384,0.185191,1.432002,37,134.517000,69.900000,7.400000,2.096270
19,-72.968286,0.237843,0.367947,1.759636,10,5.770570,7.000000,6.200000,1.516150
20,-92.353789,1.618384,0.000000,0.417068,43,161.611000,73.300000,9.100000,0.614274
21,-94.579588,1.618384,0.185191,1.455841,32,33.587000,30.800000,1.100000,0.902096
22,-94.756673,0.241358,0.074458,2.772818,0,28.194000,28.100000,0.800000,1.084250
23,-94.359230,1.618384,0.185191,1.455841,34,49.607600,38.600000,2.100000,1.338550
24,-74.821415,0.237843,0.367947,1.759636,8,8.694130,6.900000,6.100000,1.941950
25,-94.317870,0.521036,0.408304,1.264683,48,81.513400,52.300000,4.100000,1.755070
26,-75.659394,0.237843,0.254519,1.848676,7,1.826280,6.300000,5.500000,1.969290
27,-73.640634,0.237843,0.458430,0.000000,12,0.233326,12.600000,11.800000,0.641524
28,-91.346410,1.618384,0.185191,0.994458,35,190.436000,74.000000,10.900000,1.741400
29,-93.746038,1.527371,0.000000,1.222913,14,104.069000,61.200000,5.500000,1.549040
30,-94.379183,1.618384,0.185191,1.507733,13,48.005500,38.000000,2.000000,1.410600
31,-94.691310,1.527371,0.000000,1.186869,11,23.965500,27.400000,0.500000,0.323126
32,-93.217279,1.618384,0.185191,0.994458,26,123.302000,67.900000,6.700000,1.966590
33,-94.150796,1.618384,0.148188,1.522692,29,62.424100,46.600000,2.900000,1.884080
34,-93.929805,1.618384,0.185191,1.522692,34,70.434400,49.200000,3.400000,1.818800
35,-94.515948,1.618384,0.446644,1.636574,36,36.791100,33.200000,1.300000,0.994707
36,-93.398869,1.527371,0.000000,1.506043,20,108.875000,62.200000,5.800000,1.892570
37,-94.836639,0.241358,0.772719,2.982691,10,20.326100,22.900000,0.300000,0.683638
38,-93.811840,1.618384,0.185191,0.939449,24,57.617900,42.000000,2.600000,0.941117
39,-93.289499,1.618384,0.185191,0.417068,34,136.109000,70.000000,7.500000,0.862117
41,-94.918850,0.241358,1.000000,3.127835,16,18.931200,21.100000,0.200000,0.553307
42,-92.549057,1.527371,0.000000,1.222913,15,171.348000,73.600000,9.700000,1.681810
43,-75.376402,0.237843,0.254519,1.759636,8,0.224070,6.600000,5.600000,1.799570
44,-94.827095,0.241358,0.078477,2.772818,2,21.992900,25.300000,0.400000,0.832143
45,-93.521624,1.618384,0.185191,1.420739,35,100.874000,59.700000,5.300000,1.982700
46,-93.310445,1.618384,0.185191,0.994458,26,116.777000,65.500000,6.300000,1.880890
47,-94.715933,0.241358,0.206496,1.755522,18,36.421000,31.400000,1.300000,1.411040
48,-94.760376,0.241358,0.061580,2.772818,0,28.212400,28.400000,0.800000,1.106320
49,-92.589253,1.527371,0.000000,1.222913,18,172.950000,73.900000,9.800000,1.931930
50,-93.639554,1.618384,0.035470,0.994458,32,91.195100,56.700000,4.700000,1.210050
51,-94.508764,1.618384,0.148188,1.522692,29,41.597300,36.100000,1.600000,0.919017
52,-94.521434,1.618384,0.185191,0.211743,27,51.209700,40.600000,2.200000,0.318637
53,-93.254361,1.618384,0.337465,0.417068,13,147.333000,71.800000,8.200000,1.439350
54,-93.983931,1.618384,0.185191,0.417068,31,83.250900,52.400000,4.200000,0.880761
55,-93.185182,1.618384,0.000000,0.417068,19,150.447000,72.500000,8.400000,0.702504
56,-93.211261,1.618384,0.337465,0.417068,12,148.935000,71.900000,8.300000,1.265200
57,-75.949328,0.237843,0.059212,1.759636,0,0.405246,5.800000,5.100000,1.730050
58,-75.733600,0.237843,0.367947,1.759636,6,3.576620,5.600000,4.800000,1.629960
59,-94.836756,0.241358,1.000000,2.967116,21,20.380300,24.700000,0.300000,0.702282
60,-93.208487,1.618384,0.023080,0.994458,38,120.018000,66.500000,6.500000,1.246660
61,-94.757677,0.241358,0.002537,2.772818,0,29.791800,29.700000,0.900000,1.152590
62,-93.938419,1.527371,0.000000,1.295526,19,89.650000,54.500000,4.600000,1.737360
63,-73.540850,0.237843,0.367947,1.759636,10,9.973430,7.500000,6.600000,1.679230
64,-77.386666,0.237843,0.059212,0.785653,0,12.800500,9.700000,9.000000,1.709180
65,-94.503783,1.527371,0.000000,1.367895,15,36.782000,32.900000,1.300000,0.764879
66,-92.777128,1.527371,0.000000,1.222913,15,158.340000,72.700000,8.900000,1.436800
67,-93.844084,1.618384,0.185191,1.455841,26,75.240600,49.800000,3.700000,1.879770
68,-75.816910,0.237843,0.367947,1.759636,5,2.564670,4.000000,3.400000,1.691240
69,-94.615964,1.527371,0.073672,1.222913,18,38.384100,33.900000,1.400000,1.112340
70,-94.355203,1.618384,0.167908,1.628354,28,59.220000,42.400000,2.700000,1.792510
71,-94.002807,1.618384,0.324546,0.578775,26,80.046700,51.500000,4.000000,1.211870
72,-94.279093,1.618384,0.185191,1.582570,34,56.015800,41.300000,2.500000,1.418170
73,-93.904090,1.618384,0.185191,1.522692,36,73.638500,49.500000,3.600000,1.906340
74,-76.179173,1.527371,0.943514,0.000000,9,13.950200,11.400000,10.500000,1.786330
75,-94.314260,1.618384,0.185191,1.582570,32,54.413800,41.000000,2.400000,1.418170
76,-94.158531,1.618384,0.185191,1.457610,33,64.026100,46.700000,3.000000,1.770540
77,-75.595126,0.237843,0.254519,1.761035,7,0.922008,5.700000,4.900000,1.788130
78,-76.353011,0.237843,0.367947,1.759636,8,1.158660,6.100000,5.300000,1.854240
79,-93.448994,1.527371,0.073672,1.222913,19,94.456100,56.900000,4.900000,1.451220
80,-94.568665,1.527371,0.101205,1.222913,11,31.975800,29.800000,1.000000,0.761907
81,-93.535592,1.618384,0.944161,0.000000,30,107.282000,61.500000,5.700000,1.369330
82,-75.226754,0.237843,0.367947,1.759636,8,9.419030,7.000000,6.000000,1.994390
83,-95.000000,0.237843,0.367947,1.759636,13,15.769000,17.800000,0.000000,0.000787
84,-93.191258,1.618384,0.185191,0.417068,32,136.112000,70.400000,7.500000,0.909711
85,-75.717030,0.237843,0.254519,1.848676,6,1.514910,5.900000,5.100000,1.888590
86,-74.557114,0.237843,0.367947,1.759636,1,0.898942,4.400000,3.900000,1.788740
87,-94.158612,1.527371,0.073672,1.222913,18,62.415000,45.800000,2.900000,1.275370
88,-93.266286,1.618384,0.185191,0.417068,31,137.721000,71.500000,7.600000,0.921442
89,-93.954332,1.618384,0.000000,1.086152,21,86.455000,52.600000,4.400000,1.365160
90,-92.343519,1.618384,0.000000,0.417068,47,158.407000,73.100000,8.900000,0.595787
