[INFO][8] Cantidad de iteraciones: 3000
[INFO][6] Cantidad de iteraciones: 3000
[INFO][2] Cantidad de iteraciones: 3000
[INFO][4] Cantidad de iteraciones: 3000
[INFO][5] Cantidad de iteraciones: 3000
[INFO][3] Cantidad de iteraciones: 3000
[INFO][1] Cantidad de iteraciones: 3000
[INFO][7] Cantidad de iteraciones: 3000

id,borders_threshold,margin_forwarding,min_delay,max_delay,neighbors_threshold,energy,coverage,nforwardings,time
0,-75.231906,0.695995,0.000000,0.779342,6,4.960830,9.200000,8.300000,1.246740
1,-73.482277,2.325643,0.408522,0.683633,1,0.036762,5.000000,4.700000,0.865549
2,-94.618331,0.738166,0.000000,3.613934,44,27.037700,29.200000,0.700000,1.361500
3,-72.578441,0.695995,0.000000,0.646207,12,4.483970,13.200000,12.500000,1.183600
4,-74.228396,0.695995,0.530909,0.646207,13,0.965983,11.800000,10.800000,1.586760
5,-73.169404,2.325643,0.408522,0.709041,4,2.372850,6.500000,6.100000,1.327580
6,-74.068845,0.695995,0.000000,0.646207,11,2.155280,10.800000,9.800000,0.780676
7,-75.637725,0.695995,0.166844,0.646207,8,2.938260,9.600000,8.800000,1.843180
8,-73.726609,2.923298,0.328015,4.535406,6,6.361100,7.800000,6.100000,6.886430
9,-71.737347,0.695995,0.530909,0.646207,12,6.064000,15.200000,14.100000,1.706940
10,-72.170514,2.325643,0.000000,0.667599,9,0.908131,5.500000,5.400000,0.374744
11,-72.940828,2.325643,0.224224,0.954434,4,0.886905,7.000000,6.600000,1.347370
12,-93.124218,0.172883,0.292435,0.000000,31,128.087000,70.000000,7.100000,0.467777
13,-75.270511,0.695995,0.000000,0.646207,2,0.671658,7.800000,7.300000,1.019410
14,-93.752427,0.695995,0.165688,0.614312,19,116.727000,65.500000,6.300000,1.279110
15,-75.330642,0.695995,0.166844,0.508037,8,7.184970,9.300000,8.100000,1.173080
16,-94.060756,0.172883,0.514326,0.583569,8,72.360700,51.000000,3.600000,1.257210
17,-76.144287,0.695995,0.000000,0.646207,5,8.460730,10.200000,9.100000,1.226760
18,-94.668471,0.172883,0.514326,1.016694,7,48.713500,40.800000,2.100000,1.575400
19,-93.531680,0.172883,0.203233,0.000000,12,126.295000,67.100000,7.000000,0.282145
20,-92.522205,2.325643,0.408522,0.000000,16,157.002000,73.200000,8.800000,0.469477
21,-76.024371,0.695995,0.166844,0.646207,1,8.238920,12.300000,11.400000,1.856770
22,-94.183192,0.695995,0.000000,1.158630,0,95.826200,59.500000,5.000000,1.505860
23,-75.951876,0.695995,0.166844,0.508037,5,3.927650,8.900000,8.000000,1.224950
24,-92.541289,0.695995,0.461684,0.440202,11,149.096000,71.700000,8.400000,1.620870
25,-94.581811,0.172883,0.514326,0.853239,15,57.105100,46.500000,2.600000,1.228770
26,-74.516451,0.695995,0.000000,0.646207,7,0.446830,6.200000,5.500000,0.628880
27,-94.740944,0.304755,0.769207,3.429989,17,25.228700,27.500000,0.600000,1.065430
28,-77.304216,0.695995,0.310896,0.606343,0,13.022000,10.200000,9.000000,1.723040
29,-73.833021,0.695995,0.000000,0.646207,12,3.164970,10.500000,9.700000,0.843771
30,-95.000000,0.172883,0.514326,0.853239,13,15.756000,17.800000,0.000000,0.000787
31,-94.834974,0.304755,0.769207,3.429989,17,18.956800,21.100000,0.200000,0.595323
32,-70.504104,2.325643,0.408522,0.667599,10,8.182940,6.500000,5.900000,1.076970
33,-74.689016,0.695995,0.000000,0.632490,11,7.134590,14.100000,12.800000,1.285980
34,-76.288241,0.695995,0.166844,0.000000,1,6.614900,10.000000,8.900000,0.266269
35,-94.611083,0.304755,1.000000,0.000000,12,54.126300,44.300000,2.400000,0.970279
36,-70.526993,2.325643,0.408522,0.667599,11,2.304380,11.900000,11.200000,1.370600
37,-71.953001,0.695995,0.000000,0.646207,13,18.117500,19.500000,17.500000,1.028990
38,-74.854507,0.695995,0.000000,0.606343,7,0.915221,5.600000,5.000000,0.514978
39,-73.062424,2.325643,0.408522,0.234695,8,4.277470,7.200000,6.800000,0.836673
40,-75.999574,0.695995,0.000000,0.646207,5,0.409354,7.700000,7.200000,0.759638
41,-94.532154,0.695995,0.000000,1.683516,12,38.243700,33.500000,1.400000,1.106780
42,-94.925942,0.172883,0.514326,0.583569,7,18.947800,20.700000,0.200000,0.115264
43,-75.815682,0.695995,0.000000,0.779342,6,8.060940,12.200000,10.900000,1.582910
44,-94.976063,0.172883,0.514326,0.583569,6,17.345700,18.900000,0.100000,0.058695
45,-94.982102,0.304755,0.769207,3.429989,15,17.354700,19.300000,0.100000,0.323806
46,-70.601128,2.325643,0.408522,0.667599,7,0.290410,6.300000,5.800000,1.128780
47,-76.041891,0.695995,0.166844,0.517415,0,2.782270,9.100000,8.600000,1.503440
48,-70.860490,2.325643,0.408522,0.667599,7,1.741180,6.800000,6.300000,0.921927
49,-75.846020,0.695995,0.166844,0.646207,5,7.477810,12.300000,11.500000,1.869180
50,-75.555498,0.695995,0.166844,0.646207,9,8.846410,12.500000,11.300000,1.745720
51,-74.820933,0.695995,0.000000,0.632490,8,3.422560,10.100000,9.200000,1.044650
52,-70.928487,2.325643,0.408522,0.667599,0,0.036528,6.700000,6.200000,1.027950
53,-94.747259,0.172883,0.514326,0.853239,39,50.275800,43.500000,2.200000,1.293170
54,-75.918874,0.695995,0.166844,0.606343,3,4.032750,11.300000,10.300000,1.433510
55,-74.637004,0.695995,0.461684,0.646207,6,0.280178,10.200000,9.300000,1.861650
56,-92.460419,0.738166,0.667889,0.304335,33,161.201000,73.700000,9.100000,1.675490
57,-73.685598,2.325643,0.408522,0.234695,1,14.758000,18.500000,17.900000,1.623060
58,-93.144302,0.738166,0.088701,1.017028,38,127.569000,68.500000,7.000000,1.564440
59,-94.561753,0.172883,0.514326,0.853239,15,61.904200,48.200000,2.900000,1.302970
60,-75.107362,0.695995,0.166844,0.508037,4,0.126112,8.100000,7.400000,1.081090
61,-76.672685,0.695995,0.310896,0.606343,0,10.722600,11.700000,10.400000,1.842010
62,-76.875032,0.695995,0.166844,0.128813,0,10.055500,9.800000,8.800000,0.521553
63,-91.437367,2.325643,0.408522,0.000000,17,185.750000,74.000000,10.600000,0.531855
64,-94.906938,0.172883,1.000000,2.536135,2,20.298000,22.700000,0.300000,0.568608
65,-94.158913,0.172883,0.292435,0.000000,29,82.399500,53.900000,4.200000,0.349164
66,-76.647496,0.695995,0.000000,0.470992,6,8.833760,12.900000,11.500000,1.208270
67,-70.406666,2.325643,0.408522,0.667599,7,2.543210,9.800000,9.100000,1.610520
68,-94.767508,0.172883,0.203233,0.061402,9,33.266500,32.000000,1.100000,0.133957
69,-94.681809,0.172883,0.037315,0.000000,20,41.306800,37.700000,1.600000,0.035625
70,-94.692460,0.664015,0.660826,3.215137,31,22.216700,26.800000,0.400000,0.755791
71,-94.800660,0.304755,0.769207,3.429989,16,20.412000,24.700000,0.300000,0.774545
72,-94.030686,0.695995,0.000000,0.557514,0,98.362600,63.600000,5.200000,0.797636
73,-75.709415,0.695995,0.166844,0.606343,1,3.972380,11.100000,10.100000,1.612830
74,-72.876202,2.325643,0.408522,0.339029,9,2.351770,8.500000,7.700000,0.876038
75,-75.871289,0.695995,0.166844,0.606343,3,5.210720,11.100000,10.000000,1.591820
76,-94.120025,0.738166,0.088823,0.581032,37,78.266300,52.800000,3.900000,0.841409
77,-76.295486,0.695995,0.000000,0.646207,7,5.440020,9.600000,8.600000,1.342420
78,-76.056030,0.695995,0.166844,0.646207,6,5.396340,10.600000,9.700000,1.708860
79,-93.152536,0.695995,0.994635,0.000000,15,138.790000,70.500000,7.700000,1.282820
80,-94.540304,0.738166,0.000000,3.613934,33,30.241800,30.400000,0.900000,1.918990
81,-70.186882,2.325643,0.408522,0.667599,7,0.651808,9.700000,9.000000,1.716550
82,-73.930001,2.325643,0.408522,0.709041,3,4.246360,5.700000,5.300000,1.054160
83,-73.836154,0.695995,0.000000,0.646207,10,10.582900,16.200000,15.000000,1.687580
84,-71.886081,0.695995,0.530909,0.646207,12,7.577040,15.500000,14.400000,1.878430
85,-75.961761,0.695995,0.000000,0.779342,6,12.754500,13.300000,11.700000,1.892930
86,-75.180337,0.695995,0.166844,0.677726,4,0.254027,8.500000,7.900000,1.796550
87,-73.357093,2.325643,0.408522,0.709041,1,4.570650,6.600000,6.100000,1.310970
88,-75.049164,0.695995,0.166844,0.606343,0,0.461239,8.400000,7.800000,1.401330
89,-94.070495,0.695995,0.000000,1.158630,0,84.303400,59.000000,4.300000,1.348160
90,-76.011820,0.695995,0.166844,0.606343,0,1.576620,7.600000,7.000000,1.048370
92,-93.724931,0.738166,0.088701,1.017028,39,113.202000,64.400000,6.100000,1.688910
93,-94.565142,0.172883,0.238852,1.299344,13,57.171800,47.900000,2.600000,1.496310
94,-94.433065,0.304755,0.769207,0.000000,16,74.962700,51.700000,3.700000,0.852098
95,-76.696878,0.695995,0.000000,0.646207,5,12.932700,10.300000,9.100000,1.445090
96,-94.784095,0.172883,1.000000,0.061402,0,34.667600,33.000000,1.200000,0.520998
97,-75.346704,0.695995,0.166844,0.508037,3,1.645350,8.700000,7.900000,1.277220
98,-94.692739,0.738166,0.088701,1.017028,36,23.833600,27.400000,0.500000,0.286856
99,-92.117427,0.738166,0.667889,0.304335,33,168.936000,73.900000,9.600000,1.700210
