++ cd /home/clusterusers/siturriaga/itu-maestria/trunk/aedb-mls
++ ITERATIONS=250
++ THREADS=12
++ INSTANCE=75
++ SIMULS=10
++ export LD_LIBRARY_PATH=:/home/clusterusers/siturriaga/ns3Files
++ LD_LIBRARY_PATH=:/home/clusterusers/siturriaga/ns3Files
++ /home/users/siturriaga/bin/mpich2-1.4.1p1/bin/mpiexec -launcher ssh -launcher-exec oarsh -f /var/lib/oar/2644286 -np 9 -ppn 1 bin/mls.rand 9745 250 12 10 75
[DEBUG] argc = 6
===========================================================
Configuración
===========================================================
   Random seed        = 9745
   MPI size           = 9
[DEBUG] argc = 6
   MLS.count_threads  = 12
   MLS.max_iterations = 250
   MLS.number_devices = 75
   MLS.simul_runs     = 10
   MLS.init           = MLS__RANDOM
===========================================================
[DEBUG] argc = 6
[DEBUG] argc = 6
[DEBUG] argc = 6
[DEBUG] argc = 6
[DEBUG] argc = 6
[DEBUG] argc = 6
[DEBUG] argc = 6
[DEBUG][1] Thread 0 starting solution:
-> borders_threshold   : -93.7047
   margin_forwarding   : 1.3719
   min_delay           : 0.5556
   max_delay           : 3.7924
   neighbors_threshold : 41
   energy              : 86.2226
   coverage            : 49.1000
   nforwardings        : 4.4000
   time                : 4.4638
[DEBUG][3] Thread 0 starting solution:
-> borders_threshold   : -71.2597
   margin_forwarding   : 2.7701
   min_delay           : 0.9958
   max_delay           : 1.5695
   neighbors_threshold : 7
   energy              : 2.5716
   coverage            : 8.3000
   nforwardings        : 8.0000
   time                : 3.4685
[DEBUG][5] Thread 0 starting solution:
-> borders_threshold   : -88.9928
   margin_forwarding   : 0.6965
   min_delay           : 0.6241
   max_delay           : 4.4967
   neighbors_threshold : 4
   energy              : 206.9980
   coverage            : 62.3000
   nforwardings        : 16.9000
   time                : 8.4459
[DEBUG][2] Thread 0 starting solution:
-> borders_threshold   : -88.0991
   margin_forwarding   : 0.6843
   min_delay           : 0.9274
   max_delay           : 0.3482
   neighbors_threshold : 30
   energy              : 263.9050
   coverage            : 74.0000
   nforwardings        : 15.6000
   time                : 1.6748
[DEBUG][4] Thread 0 starting solution:
-> borders_threshold   : -75.8272
   margin_forwarding   : 2.5662
   min_delay           : 0.7013
   max_delay           : 4.6441
   neighbors_threshold : 48
   energy              : 729.7380
   coverage            : 74.0000
   nforwardings        : 44.6000
   time                : 5.0436
[INFO][AGA] Kaput!
[INFO] AGA information ============================================ 
[INFO] Population count: 99
[INFO] Population:
(0) borders_threshold   = -94.03
     margin_forwarding   = 2.40
     min_delay           = 0.01
     max_delay           = 0.75
     neighbors_threshold = 28
     energy              = 86.51
     coverage            = 53.70 (0.02)
     nforwardings        = 4.40
     time                = 1.14
0,-94.034388,2.401558,0.006989,0.749945,28,86.511200,53.700000,4.400000,1.144380
(1) borders_threshold   = -94.74
     margin_forwarding   = 0.09
     min_delay           = 0.00
     max_delay           = 0.00
     neighbors_threshold = 0
     energy              = 37.93
     coverage            = 31.90 (0.03)
     nforwardings        = 1.40
     time                = 0.00
1,-94.740523,0.093018,0.000000,0.000000,0,37.933500,31.900000,1.400000,0.001713
(2) borders_threshold   = -77.22
     margin_forwarding   = 0.11
     min_delay           = 0.00
     max_delay           = 0.58
     neighbors_threshold = 0
     energy              = 11.72
     coverage            = 10.60 (0.09)
     nforwardings        = 9.60
     time                = 1.17
2,-77.221845,0.114662,0.000000,0.579602,0,11.718600,10.600000,9.600000,1.171760
(3) borders_threshold   = -93.96
     margin_forwarding   = 2.40
     min_delay           = 0.00
     max_delay           = 0.38
     neighbors_threshold = 38
     energy              = 99.33
     coverage            = 59.40 (0.02)
     nforwardings        = 5.20
     time                = 0.47
3,-93.955402,2.401558,0.000000,0.381307,38,99.327700,59.400000,5.200000,0.466850
(4) borders_threshold   = -94.79
     margin_forwarding   = 0.09
     min_delay           = 0.00
     max_delay           = 1.69
     neighbors_threshold = 0
     energy              = 50.85
     coverage            = 41.10 (0.02)
     nforwardings        = 2.20
     time                = 1.34
4,-94.788662,0.093018,0.000000,1.688774,0,50.846400,41.100000,2.200000,1.341760
(5) borders_threshold   = -94.83
     margin_forwarding   = 0.09
     min_delay           = 0.08
     max_delay           = 1.95
     neighbors_threshold = 0
     energy              = 34.66
     coverage            = 31.30 (0.03)
     nforwardings        = 1.20
     time                = 1.35
5,-94.829217,0.093018,0.077825,1.949940,0,34.663400,31.300000,1.200000,1.350260
(6) borders_threshold   = -94.69
     margin_forwarding   = 0.45
     min_delay           = 0.61
     max_delay           = 2.05
     neighbors_threshold = 8
     energy              = 23.76
     coverage            = 27.40 (0.04)
     nforwardings        = 0.50
     time                = 0.71
6,-94.691064,0.449065,0.607984,2.045481,8,23.764700,27.400000,0.500000,0.713847
(7) borders_threshold   = -93.35
     margin_forwarding   = 1.35
     min_delay           = 0.10
     max_delay           = 0.57
     neighbors_threshold = 0
     energy              = 138.56
     coverage            = 70.20 (0.01)
     nforwardings        = 7.70
     time                = 1.27
7,-93.353328,1.352482,0.097106,0.566488,0,138.558000,70.200000,7.700000,1.271310
(8) borders_threshold   = -93.35
     margin_forwarding   = 1.35
     min_delay           = 0.00
     max_delay           = 0.29
     neighbors_threshold = 0
     energy              = 151.09
     coverage            = 72.50 (0.01)
     nforwardings        = 8.50
     time                = 0.54
8,-93.349317,1.352482,0.000000,0.289495,0,151.092000,72.500000,8.500000,0.535326
(9) borders_threshold   = -76.58
     margin_forwarding   = 0.11
     min_delay           = 0.00
     max_delay           = 1.02
     neighbors_threshold = 5
     energy              = 0.14
     coverage            = 7.60 (0.13)
     nforwardings        = 7.00
     time                = 1.69
9,-76.582246,0.114662,0.000000,1.019085,5,0.144343,7.600000,7.000000,1.689420
(10) borders_threshold   = -94.89
     margin_forwarding   = 0.09
     min_delay           = 0.08
     max_delay           = 0.98
     neighbors_threshold = 0
     energy              = 26.80
     coverage            = 27.60 (0.04)
     nforwardings        = 0.70
     time                = 0.38
10,-94.886660,0.093018,0.077825,0.982973,0,26.801900,27.600000,0.700000,0.376126
(11) borders_threshold   = -93.67
     margin_forwarding   = 1.35
     min_delay           = 0.00
     max_delay           = 0.69
     neighbors_threshold = 0
     energy              = 89.63
     coverage            = 54.40 (0.02)
     nforwardings        = 4.60
     time                = 0.75
11,-93.669727,1.352482,0.000000,0.687592,0,89.632500,54.400000,4.600000,0.754881
(12) borders_threshold   = -93.57
     margin_forwarding   = 2.40
     min_delay           = 0.01
     max_delay           = 0.75
     neighbors_threshold = 27
     energy              = 105.74
     coverage            = 61.40 (0.02)
     nforwardings        = 5.60
     time                = 1.09
12,-93.568479,2.401558,0.006989,0.749945,27,105.736000,61.400000,5.600000,1.092840
(13) borders_threshold   = -94.00
     margin_forwarding   = 1.35
     min_delay           = 0.03
     max_delay           = 0.69
     neighbors_threshold = 0
     energy              = 75.21
     coverage            = 49.60 (0.02)
     nforwardings        = 3.70
     time                = 0.79
13,-94.001974,1.352482,0.030671,0.687592,0,75.211000,49.600000,3.700000,0.788072
(14) borders_threshold   = -74.62
     margin_forwarding   = 0.11
     min_delay           = 0.13
     max_delay           = 1.02
     neighbors_threshold = 9
     energy              = 1.63
     coverage            = 8.30 (0.12)
     nforwardings        = 7.70
     time                = 1.48
14,-74.620409,0.114662,0.134111,1.019085,9,1.631170,8.300000,7.700000,1.480780
(15) borders_threshold   = -94.67
     margin_forwarding   = 2.46
     min_delay           = 0.80
     max_delay           = 4.63
     neighbors_threshold = 9
     energy              = 25.63
     coverage            = 27.50 (0.04)
     nforwardings        = 0.60
     time                = 1.89
15,-94.672702,2.459245,0.803670,4.633780,9,25.633000,27.500000,0.600000,1.891570
(16) borders_threshold   = -93.54
     margin_forwarding   = 1.35
     min_delay           = 0.00
     max_delay           = 0.53
     neighbors_threshold = 0
     energy              = 100.78
     coverage            = 60.20 (0.02)
     nforwardings        = 5.30
     time                = 0.63
16,-93.540767,1.352482,0.000000,0.529082,0,100.781000,60.200000,5.300000,0.630121
(17) borders_threshold   = -72.63
     margin_forwarding   = 2.06
     min_delay           = 0.64
     max_delay           = 1.25
     neighbors_threshold = 0
     energy              = 0.34
     coverage            = 5.90 (0.17)
     nforwardings        = 5.60
     time                = 1.88
17,-72.626496,2.063693,0.637416,1.247547,0,0.336199,5.900000,5.600000,1.883320
(18) borders_threshold   = -77.21
     margin_forwarding   = 0.11
     min_delay           = 0.00
     max_delay           = 1.02
     neighbors_threshold = 0
     energy              = 10.11
     coverage            = 9.50 (0.11)
     nforwardings        = 8.40
     time                = 1.40
18,-77.213920,0.114662,0.000000,1.019085,0,10.111300,9.500000,8.400000,1.400690
(19) borders_threshold   = -75.79
     margin_forwarding   = 0.11
     min_delay           = 0.00
     max_delay           = 1.23
     neighbors_threshold = 10
     energy              = 2.49
     coverage            = 8.20 (0.12)
     nforwardings        = 7.50
     time                = 1.94
19,-75.786277,0.114662,0.000000,1.233943,10,2.490840,8.200000,7.500000,1.944220
(20) borders_threshold   = -94.98
     margin_forwarding   = 0.45
     min_delay           = 0.84
     max_delay           = 3.62
     neighbors_threshold = 26
     energy              = 17.38
     coverage            = 19.30 (0.05)
     nforwardings        = 0.10
     time                = 0.34
20,-94.977726,0.449065,0.843444,3.623351,26,17.383600,19.300000,0.100000,0.342245
(21) borders_threshold   = -94.23
     margin_forwarding   = 0.09
     min_delay           = 0.00
     max_delay           = 0.98
     neighbors_threshold = 1
     energy              = 79.31
     coverage            = 52.30 (0.02)
     nforwardings        = 4.10
     time                = 1.56
21,-94.225563,0.093018,0.000000,0.983112,1,79.307800,52.300000,4.100000,1.562940
(22) borders_threshold   = -93.57
     margin_forwarding   = 1.35
     min_delay           = 0.10
     max_delay           = 0.57
     neighbors_threshold = 1
     energy              = 124.78
     coverage            = 67.50 (0.01)
     nforwardings        = 6.80
     time                = 1.08
22,-93.568150,1.352482,0.097106,0.566488,1,124.782000,67.500000,6.800000,1.079070
(23) borders_threshold   = -92.57
     margin_forwarding   = 1.35
     min_delay           = 0.43
     max_delay           = 0.00
     neighbors_threshold = 12
     energy              = 158.42
     coverage            = 73.00 (0.01)
     nforwardings        = 8.90
     time                = 0.58
23,-92.568579,1.352482,0.431998,0.000000,12,158.422000,73.000000,8.900000,0.575495
(24) borders_threshold   = -93.48
     margin_forwarding   = 1.35
     min_delay           = 0.00
     max_delay           = 0.53
     neighbors_threshold = 4
     energy              = 113.43
     coverage            = 66.10 (0.02)
     nforwardings        = 6.10
     time                = 0.84
24,-93.480514,1.352482,0.000000,0.529082,4,113.431000,66.100000,6.100000,0.844409
(25) borders_threshold   = -76.55
     margin_forwarding   = 0.11
     min_delay           = 0.00
     max_delay           = 1.02
     neighbors_threshold = 0
     energy              = 3.59
     coverage            = 9.20 (0.11)
     nforwardings        = 8.40
     time                = 1.83
25,-76.549154,0.114662,0.000000,1.019085,0,3.587680,9.200000,8.400000,1.830930
(26) borders_threshold   = -94.86
     margin_forwarding   = 0.09
     min_delay           = 0.08
     max_delay           = 0.98
     neighbors_threshold = 0
     energy              = 34.35
     coverage            = 31.10 (0.03)
     nforwardings        = 1.20
     time                = 0.75
26,-94.857444,0.093018,0.077825,0.983112,0,34.354600,31.100000,1.200000,0.745759
(27) borders_threshold   = -94.17
     margin_forwarding   = 1.35
     min_delay           = 0.16
     max_delay           = 0.57
     neighbors_threshold = 0
     energy              = 62.40
     coverage            = 43.70 (0.02)
     nforwardings        = 2.90
     time                = 0.80
27,-94.170420,1.352482,0.156868,0.566488,0,62.397500,43.700000,2.900000,0.798963
(28) borders_threshold   = -74.12
     margin_forwarding   = 2.06
     min_delay           = 0.64
     max_delay           = 1.08
     neighbors_threshold = 1
     energy              = 2.63
     coverage            = 7.80 (0.13)
     nforwardings        = 7.30
     time                = 1.72
28,-74.118004,2.063693,0.637416,1.082186,1,2.630570,7.800000,7.300000,1.717890
(29) borders_threshold   = -94.82
     margin_forwarding   = 0.09
     min_delay           = 0.00
     max_delay           = 1.60
     neighbors_threshold = 0
     energy              = 50.55
     coverage            = 40.20 (0.02)
     nforwardings        = 2.20
     time                = 1.70
29,-94.824055,0.093018,0.000000,1.603146,0,50.550900,40.200000,2.200000,1.700430
(30) borders_threshold   = -93.60
     margin_forwarding   = 1.35
     min_delay           = 0.00
     max_delay           = 0.29
     neighbors_threshold = 0
     energy              = 107.07
     coverage            = 62.80 (0.02)
     nforwardings        = 5.70
     time                = 0.42
30,-93.598714,1.352482,0.000000,0.289495,0,107.071000,62.800000,5.700000,0.423887
(31) borders_threshold   = -94.15
     margin_forwarding   = 1.35
     min_delay           = 0.11
     max_delay           = 1.11
     neighbors_threshold = 0
     energy              = 65.60
     coverage            = 45.80 (0.02)
     nforwardings        = 3.10
     time                = 1.37
31,-94.154396,1.352482,0.112390,1.107327,0,65.601600,45.800000,3.100000,1.367060
(32) borders_threshold   = -95.00
     margin_forwarding   = 0.09
     min_delay           = 0.00
     max_delay           = 2.45
     neighbors_threshold = 0
     energy              = 15.74
     coverage            = 17.80 (0.06)
     nforwardings        = 0.00
     time                = 0.00
32,-95.000000,0.093018,0.000000,2.446431,0,15.739800,17.800000,0.000000,0.000787
(33) borders_threshold   = -76.53
     margin_forwarding   = 0.11
     min_delay           = 0.00
     max_delay           = 1.02
     neighbors_threshold = 7
     energy              = 4.79
     coverage            = 8.10 (0.12)
     nforwardings        = 7.30
     time                = 1.51
33,-76.527865,0.114662,0.000000,1.019085,7,4.787040,8.100000,7.300000,1.514870
(34) borders_threshold   = -75.18
     margin_forwarding   = 0.11
     min_delay           = 0.00
     max_delay           = 0.74
     neighbors_threshold = 8
     energy              = 3.25
     coverage            = 7.10 (0.14)
     nforwardings        = 6.10
     time                = 0.96
34,-75.183847,0.114662,0.000000,0.736136,8,3.253870,7.100000,6.100000,0.959775
(35) borders_threshold   = -93.45
     margin_forwarding   = 1.35
     min_delay           = 0.00
     max_delay           = 0.53
     neighbors_threshold = 7
     energy              = 124.72
     coverage            = 66.40 (0.02)
     nforwardings        = 6.80
     time                = 0.79
35,-93.446862,1.352482,0.000000,0.529082,7,124.725000,66.400000,6.800000,0.788051
(36) borders_threshold   = -91.87
     margin_forwarding   = 2.40
     min_delay           = 0.00
     max_delay           = 1.51
     neighbors_threshold = 26
     energy              = 168.16
     coverage            = 73.60 (0.01)
     nforwardings        = 9.50
     time                = 1.86
36,-91.873942,2.401558,0.000000,1.511325,26,168.159000,73.600000,9.500000,1.856200
(37) borders_threshold   = -94.15
     margin_forwarding   = 1.35
     min_delay           = 0.01
     max_delay           = 0.37
     neighbors_threshold = 7
     energy              = 64.00
     coverage            = 45.40 (0.02)
     nforwardings        = 3.00
     time                = 0.41
37,-94.154589,1.352482,0.014356,0.372307,7,63.999500,45.400000,3.000000,0.411806
(38) borders_threshold   = -94.93
     margin_forwarding   = 0.45
     min_delay           = 0.84
     max_delay           = 3.62
     neighbors_threshold = 29
     energy              = 18.99
     coverage            = 21.10 (0.05)
     nforwardings        = 0.20
     time                = 0.63
38,-94.930756,0.449065,0.843444,3.623351,29,18.985700,21.100000,0.200000,0.629894
(39) borders_threshold   = -94.71
     margin_forwarding   = 0.09
     min_delay           = 0.08
     max_delay           = 1.95
     neighbors_threshold = 0
     energy              = 40.90
     coverage            = 35.80 (0.03)
     nforwardings        = 1.60
     time                = 1.67
39,-94.711777,0.093018,0.077825,1.949940,0,40.904100,35.800000,1.600000,1.665690
(40) borders_threshold   = -93.37
     margin_forwarding   = 2.77
     min_delay           = 0.00
     max_delay           = 1.08
     neighbors_threshold = 0
     energy              = 104.13
     coverage            = 61.30 (0.02)
     nforwardings        = 5.50
     time                = 1.55
40,-93.369830,2.770147,0.000000,1.081603,0,104.134000,61.300000,5.500000,1.554310
(41) borders_threshold   = -75.48
     margin_forwarding   = 0.11
     min_delay           = 0.13
     max_delay           = 1.02
     neighbors_threshold = 8
     energy              = 2.83
     coverage            = 5.50 (0.18)
     nforwardings        = 4.70
     time                = 1.24
41,-75.475082,0.114662,0.134111,1.019085,8,2.829410,5.500000,4.700000,1.238070
(42) borders_threshold   = -94.20
     margin_forwarding   = 1.35
     min_delay           = 0.62
     max_delay           = 1.17
     neighbors_threshold = 18
     energy              = 57.59
     coverage            = 41.60 (0.02)
     nforwardings        = 2.60
     time                = 1.56
42,-94.204329,1.352482,0.618913,1.167093,18,57.591300,41.600000,2.600000,1.561450
(43) borders_threshold   = -93.44
     margin_forwarding   = 1.35
     min_delay           = 0.01
     max_delay           = 0.29
     neighbors_threshold = 0
     energy              = 140.50
     coverage            = 71.90 (0.01)
     nforwardings        = 7.80
     time                = 0.57
43,-93.437785,1.352482,0.014356,0.289495,0,140.495000,71.900000,7.800000,0.568784
(44) borders_threshold   = -93.88
     margin_forwarding   = 2.40
     min_delay           = 0.00
     max_delay           = 1.02
     neighbors_threshold = 25
     energy              = 83.31
     coverage            = 53.20 (0.02)
     nforwardings        = 4.20
     time                = 1.30
44,-93.880884,2.401558,0.001776,1.019670,25,83.307100,53.200000,4.200000,1.303120
(45) borders_threshold   = -76.35
     margin_forwarding   = 0.11
     min_delay           = 0.13
     max_delay           = 1.02
     neighbors_threshold = 8
     energy              = 0.22
     coverage            = 7.10 (0.14)
     nforwardings        = 6.80
     time                = 1.58
45,-76.353235,0.114662,0.134111,1.019085,8,0.221761,7.100000,6.800000,1.583640
(46) borders_threshold   = -91.82
     margin_forwarding   = 2.77
     min_delay           = 0.00
     max_delay           = 1.08
     neighbors_threshold = 0
     energy              = 173.31
     coverage            = 73.80 (0.01)
     nforwardings        = 9.90
     time                = 1.30
46,-91.816326,2.770147,0.000000,1.081603,0,173.306000,73.800000,9.900000,1.303050
(47) borders_threshold   = -94.56
     margin_forwarding   = 0.09
     min_delay           = 0.08
     max_delay           = 1.95
     neighbors_threshold = 0
     energy              = 50.25
     coverage            = 39.20 (0.03)
     nforwardings        = 2.20
     time                = 1.87
47,-94.556743,0.093018,0.077825,1.949940,0,50.253600,39.200000,2.200000,1.874500
(48) borders_threshold   = -93.58
     margin_forwarding   = 1.35
     min_delay           = 0.00
     max_delay           = 0.53
     neighbors_threshold = 7
     energy              = 92.83
     coverage            = 57.70 (0.02)
     nforwardings        = 4.80
     time                = 0.69
48,-93.575991,1.352482,0.000000,0.529082,7,92.832000,57.700000,4.800000,0.686459
(49) borders_threshold   = -94.94
     margin_forwarding   = 0.09
     min_delay           = 0.05
     max_delay           = 2.55
     neighbors_threshold = 0
     energy              = 18.86
     coverage            = 21.00 (0.05)
     nforwardings        = 0.20
     time                = 0.43
49,-94.944981,0.093018,0.054182,2.554467,0,18.861100,21.000000,0.200000,0.425745
(50) borders_threshold   = -76.62
     margin_forwarding   = 0.11
     min_delay           = 0.00
     max_delay           = 1.02
     neighbors_threshold = 8
     energy              = 10.40
     coverage            = 9.20 (0.11)
     nforwardings        = 7.90
     time                = 1.76
50,-76.618363,0.114662,0.000000,1.019085,8,10.401600,9.200000,7.900000,1.762270
(51) borders_threshold   = -94.69
     margin_forwarding   = 0.59
     min_delay           = 0.50
     max_delay           = 3.36
     neighbors_threshold = 30
     energy              = 22.20
     coverage            = 26.80 (0.04)
     nforwardings        = 0.40
     time                = 0.75
51,-94.689619,0.593754,0.504834,3.359391,30,22.202700,26.800000,0.400000,0.751036
(52) borders_threshold   = -91.52
     margin_forwarding   = 2.40
     min_delay           = 0.00
     max_delay           = 0.75
     neighbors_threshold = 32
     energy              = 185.81
     coverage            = 73.90 (0.01)
     nforwardings        = 10.60
     time                = 0.87
52,-91.522403,2.401558,0.002872,0.749945,32,185.814000,73.900000,10.600000,0.870338
(53) borders_threshold   = -94.80
     margin_forwarding   = 0.45
     min_delay           = 0.84
     max_delay           = 3.62
     neighbors_threshold = 42
     energy              = 20.59
     coverage            = 22.80 (0.04)
     nforwardings        = 0.30
     time                = 0.79
53,-94.803035,0.449065,0.843444,3.623351,42,20.587700,22.800000,0.300000,0.791191
(54) borders_threshold   = -72.03
     margin_forwarding   = 2.77
     min_delay           = 0.00
     max_delay           = 1.57
     neighbors_threshold = 4
     energy              = 1.15
     coverage            = 7.20 (0.14)
     nforwardings        = 6.60
     time                = 1.46
54,-72.027443,2.770147,0.000000,1.569548,4,1.146700,7.200000,6.600000,1.461590
(55) borders_threshold   = -94.91
     margin_forwarding   = 0.09
     min_delay           = 0.14
     max_delay           = 2.40
     neighbors_threshold = 2
     energy              = 28.22
     coverage            = 28.40 (0.04)
     nforwardings        = 0.80
     time                = 1.22
55,-94.910109,0.093018,0.139728,2.397446,2,28.218300,28.400000,0.800000,1.215880
(56) borders_threshold   = -94.69
     margin_forwarding   = 0.09
     min_delay           = 0.00
     max_delay           = 1.04
     neighbors_threshold = 0
     energy              = 38.04
     coverage            = 32.80 (0.03)
     nforwardings        = 1.40
     time                = 0.69
56,-94.685297,0.093018,0.000000,1.036179,0,38.043100,32.800000,1.400000,0.686870
(57) borders_threshold   = -75.04
     margin_forwarding   = 0.11
     min_delay           = 0.00
     max_delay           = 0.70
     neighbors_threshold = 9
     energy              = 3.60
     coverage            = 7.30 (0.14)
     nforwardings        = 6.20
     time                = 0.82
57,-75.035440,0.114662,0.000000,0.703293,9,3.600890,7.300000,6.200000,0.823578
(58) borders_threshold   = -94.61
     margin_forwarding   = 1.35
     min_delay           = 0.19
     max_delay           = 1.11
     neighbors_threshold = 0
     energy              = 28.75
     coverage            = 28.60 (0.03)
     nforwardings        = 0.80
     time                = 0.62
58,-94.612761,1.352482,0.187041,1.107327,0,28.754200,28.600000,0.800000,0.623396
(59) borders_threshold   = -76.74
     margin_forwarding   = 0.11
     min_delay           = 0.00
     max_delay           = 0.74
     neighbors_threshold = 7
     energy              = 4.85
     coverage            = 8.70 (0.11)
     nforwardings        = 8.10
     time                = 0.94
59,-76.741808,0.114662,0.000000,0.736136,7,4.845130,8.700000,8.100000,0.941116
(60) borders_threshold   = -94.61
     margin_forwarding   = 0.09
     min_delay           = 0.14
     max_delay           = 2.40
     neighbors_threshold = 0
     energy              = 39.40
     coverage            = 34.10 (0.03)
     nforwardings        = 1.50
     time                = 1.83
60,-94.614893,0.093018,0.140087,2.397446,0,39.403700,34.100000,1.500000,1.827880
(61) borders_threshold   = -94.03
     margin_forwarding   = 1.35
     min_delay           = 0.04
     max_delay           = 0.29
     neighbors_threshold = 0
     energy              = 72.01
     coverage            = 49.00 (0.02)
     nforwardings        = 3.50
     time                = 0.34
61,-94.034262,1.352482,0.039374,0.289495,0,72.009800,49.000000,3.500000,0.344500
(62) borders_threshold   = -94.28
     margin_forwarding   = 0.09
     min_delay           = 0.00
     max_delay           = 0.98
     neighbors_threshold = 0
     energy              = 66.83
     coverage            = 48.50 (0.02)
     nforwardings        = 3.30
     time                = 1.35
62,-94.278079,0.093018,0.000000,0.983112,0,66.834100,48.500000,3.300000,1.347000
(63) borders_threshold   = -74.49
     margin_forwarding   = 0.11
     min_delay           = 0.13
     max_delay           = 1.02
     neighbors_threshold = 9
     energy              = 1.66
     coverage            = 8.60 (0.12)
     nforwardings        = 8.00
     time                = 1.71
63,-74.489061,0.114662,0.134111,1.019085,9,1.657700,8.600000,8.000000,1.705090
(64) borders_threshold   = -94.50
     margin_forwarding   = 1.35
     min_delay           = 0.27
     max_delay           = 1.11
     neighbors_threshold = 0
     energy              = 46.38
     coverage            = 38.50 (0.03)
     nforwardings        = 1.90
     time                = 0.91
64,-94.500851,1.352482,0.266255,1.107327,0,46.376900,38.500000,1.900000,0.905137
(65) borders_threshold   = -75.04
     margin_forwarding   = 0.11
     min_delay           = 0.13
     max_delay           = 1.02
     neighbors_threshold = 0
     energy              = 0.22
     coverage            = 5.20 (0.19)
     nforwardings        = 4.40
     time                = 1.31
65,-75.035832,0.114662,0.134111,1.019085,0,0.218654,5.200000,4.400000,1.314760
(66) borders_threshold   = -92.40
     margin_forwarding   = 2.40
     min_delay           = 0.00
     max_delay           = 0.50
     neighbors_threshold = 25
     energy              = 164.94
     coverage            = 73.30 (0.01)
     nforwardings        = 9.30
     time                = 0.76
66,-92.395960,2.401558,0.000000,0.495700,25,164.939000,73.300000,9.300000,0.763199
(67) borders_threshold   = -72.08
     margin_forwarding   = 2.06
     min_delay           = 0.64
     max_delay           = 1.30
     neighbors_threshold = 2
     energy              = 0.28
     coverage            = 5.60 (0.18)
     nforwardings        = 5.30
     time                = 1.95
67,-72.076509,2.063693,0.637416,1.302505,2,0.276284,5.600000,5.300000,1.951100
(68) borders_threshold   = -93.43
     margin_forwarding   = 1.35
     min_delay           = 0.00
     max_delay           = 0.53
     neighbors_threshold = 5
     energy              = 129.43
     coverage            = 68.60 (0.01)
     nforwardings        = 7.10
     time                = 0.79
68,-93.430058,1.352482,0.000000,0.529082,5,129.429000,68.600000,7.100000,0.788401
(69) borders_threshold   = -76.59
     margin_forwarding   = 0.11
     min_delay           = 0.00
     max_delay           = 1.02
     neighbors_threshold = 10
     energy              = 4.23
     coverage            = 13.10 (0.08)
     nforwardings        = 11.90
     time                = 1.54
69,-76.585365,0.114662,0.000000,1.019085,10,4.227530,13.100000,11.900000,1.535850
(70) borders_threshold   = -74.99
     margin_forwarding   = 0.11
     min_delay           = 0.13
     max_delay           = 1.02
     neighbors_threshold = 2
     energy              = 0.31
     coverage            = 5.00 (0.20)
     nforwardings        = 4.20
     time                = 1.27
70,-74.993291,0.114662,0.134111,1.019085,2,0.309515,5.000000,4.200000,1.265590
(71) borders_threshold   = -76.56
     margin_forwarding   = 0.11
     min_delay           = 0.13
     max_delay           = 1.02
     neighbors_threshold = 9
     energy              = 11.79
     coverage            = 11.10 (0.09)
     nforwardings        = 9.90
     time                = 1.96
71,-76.561519,0.114662,0.134111,1.019085,9,11.786000,11.100000,9.900000,1.960170
(72) borders_threshold   = -94.01
     margin_forwarding   = 1.35
     min_delay           = 0.10
     max_delay           = 0.57
     neighbors_threshold = 1
     energy              = 75.21
     coverage            = 50.10 (0.02)
     nforwardings        = 3.70
     time                = 0.97
72,-94.014132,1.352482,0.097106,0.566488,1,75.214000,50.100000,3.700000,0.969681
(73) borders_threshold   = -94.01
     margin_forwarding   = 1.35
     min_delay           = 0.10
     max_delay           = 0.57
     neighbors_threshold = 0
     energy              = 91.22
     coverage            = 56.70 (0.02)
     nforwardings        = 4.70
     time                = 1.07
73,-94.010307,1.352482,0.097106,0.566488,0,91.224600,56.700000,4.700000,1.072450
(74) borders_threshold   = -92.25
     margin_forwarding   = 2.40
     min_delay           = 0.00
     max_delay           = 0.50
     neighbors_threshold = 32
     energy              = 161.75
     coverage            = 73.10 (0.01)
     nforwardings        = 9.10
     time                = 0.67
74,-92.252241,2.401558,0.000000,0.495700,32,161.750000,73.100000,9.100000,0.666923
(75) borders_threshold   = -75.51
     margin_forwarding   = 0.11
     min_delay           = 0.13
     max_delay           = 1.02
     neighbors_threshold = 8
     energy              = 1.98
     coverage            = 5.60 (0.18)
     nforwardings        = 4.80
     time                = 1.15
75,-75.506252,0.114662,0.134111,1.019085,8,1.975890,5.600000,4.800000,1.145710
(76) borders_threshold   = -76.35
     margin_forwarding   = 0.11
     min_delay           = 0.00
     max_delay           = 1.02
     neighbors_threshold = 5
     energy              = 0.08
     coverage            = 6.50 (0.15)
     nforwardings        = 5.90
     time                = 1.24
76,-76.345808,0.114662,0.000000,1.019085,5,0.080120,6.500000,5.900000,1.235090
(77) borders_threshold   = -93.37
     margin_forwarding   = 1.35
     min_delay           = 0.00
     max_delay           = 1.12
     neighbors_threshold = 15
     energy              = 132.72
     coverage            = 69.10 (0.01)
     nforwardings        = 7.30
     time                = 1.97
77,-93.367550,1.352482,0.000000,1.124910,15,132.725000,69.100000,7.300000,1.973360
(78) borders_threshold   = -94.98
     margin_forwarding   = 0.09
     min_delay           = 0.05
     max_delay           = 2.55
     neighbors_threshold = 0
     energy              = 17.27
     coverage            = 19.20 (0.05)
     nforwardings        = 0.10
     time                = 0.24
78,-94.983315,0.093018,0.054182,2.554467,0,17.267700,19.200000,0.100000,0.237464
(79) borders_threshold   = -94.70
     margin_forwarding   = 0.09
     min_delay           = 0.08
     max_delay           = 1.95
     neighbors_threshold = 0
     energy              = 40.87
     coverage            = 34.50 (0.03)
     nforwardings        = 1.60
     time                = 1.46
79,-94.695234,0.093018,0.077825,1.949940,0,40.866800,34.500000,1.600000,1.456570
(80) borders_threshold   = -76.38
     margin_forwarding   = 0.11
     min_delay           = 0.13
     max_delay           = 1.02
     neighbors_threshold = 6
     energy              = 1.65
     coverage            = 6.60 (0.15)
     nforwardings        = 5.70
     time                = 1.02
80,-76.379984,0.114662,0.134111,1.019085,6,1.649200,6.600000,5.700000,1.021760
(82) borders_threshold   = -94.68
     margin_forwarding   = 0.09
     min_delay           = 0.08
     max_delay           = 1.95
     neighbors_threshold = 0
     energy              = 44.26
     coverage            = 37.60 (0.03)
     nforwardings        = 1.80
     time                = 1.58
82,-94.678684,0.093018,0.077825,1.949940,0,44.257400,37.600000,1.800000,1.576220
(83) borders_threshold   = -94.21
     margin_forwarding   = 1.35
     min_delay           = 0.10
     max_delay           = 0.57
     neighbors_threshold = 0
     energy              = 80.02
     coverage            = 52.00 (0.02)
     nforwardings        = 4.00
     time                = 0.71
83,-94.211630,1.352482,0.097106,0.566488,0,80.020100,52.000000,4.000000,0.709525
(84) borders_threshold   = -91.03
     margin_forwarding   = 2.40
     min_delay           = 0.00
     max_delay           = 1.02
     neighbors_threshold = 28
     energy              = 188.96
     coverage            = 74.00 (0.01)
     nforwardings        = 10.80
     time                = 1.30
84,-91.031691,2.401558,0.000000,1.019670,28,188.958000,74.000000,10.800000,1.301480
(85) borders_threshold   = -94.54
     margin_forwarding   = 1.35
     min_delay           = 1.00
     max_delay           = 0.69
     neighbors_threshold = 5
     energy              = 31.96
     coverage            = 30.20 (0.03)
     nforwardings        = 1.00
     time                = 0.65
85,-94.544886,1.352482,1.000000,0.687592,5,31.958300,30.200000,1.000000,0.654110
(86) borders_threshold   = -94.53
     margin_forwarding   = 1.35
     min_delay           = 0.01
     max_delay           = 0.53
     neighbors_threshold = 2
     energy              = 43.17
     coverage            = 36.20 (0.03)
     nforwardings        = 1.70
     time                = 0.40
86,-94.526641,1.352482,0.014417,0.529082,2,43.172800,36.200000,1.700000,0.402393
(87) borders_threshold   = -75.78
     margin_forwarding   = 0.11
     min_delay           = 0.00
     max_delay           = 1.02
     neighbors_threshold = 9
     energy              = 9.84
     coverage            = 7.50 (0.13)
     nforwardings        = 6.90
     time                = 1.26
87,-75.776728,0.114662,0.000000,1.019085,9,9.844630,7.500000,6.900000,1.261500
(88) borders_threshold   = -76.65
     margin_forwarding   = 0.11
     min_delay           = 0.13
     max_delay           = 1.02
     neighbors_threshold = 1
     energy              = 0.21
     coverage            = 5.80 (0.17)
     nforwardings        = 5.40
     time                = 1.12
88,-76.652774,0.114662,0.134111,1.019085,1,0.211301,5.800000,5.400000,1.122430
(89) borders_threshold   = -94.75
     margin_forwarding   = 0.45
     min_delay           = 0.84
     max_delay           = 3.62
     neighbors_threshold = 50
     energy              = 22.18
     coverage            = 25.30 (0.04)
     nforwardings        = 0.40
     time                = 0.94
89,-94.745454,0.449065,0.843444,3.615206,50,22.178300,25.300000,0.400000,0.940876
(90) borders_threshold   = -93.93
     margin_forwarding   = 0.09
     min_delay           = 0.22
     max_delay           = 1.21
     neighbors_threshold = 5
     energy              = 90.82
     coverage            = 55.30 (0.02)
     nforwardings        = 4.80
     time                = 1.90
90,-93.934264,0.093018,0.219594,1.212841,5,90.816700,55.300000,4.800000,1.895850
(91) borders_threshold   = -76.95
     margin_forwarding   = 0.11
     min_delay           = 0.00
     max_delay           = 1.02
     neighbors_threshold = 6
     energy              = 6.29
     coverage            = 8.20 (0.12)
     nforwardings        = 7.40
     time                = 1.53
91,-76.949459,0.114662,0.000000,1.019085,6,6.288710,8.200000,7.400000,1.533710
(92) borders_threshold   = -76.29
     margin_forwarding   = 0.11
     min_delay           = 0.00
     max_delay           = 1.02
     neighbors_threshold = 8
     energy              = 1.63
     coverage            = 6.70 (0.15)
     nforwardings        = 6.00
     time                = 1.19
92,-76.293162,0.114662,0.000000,1.019085,8,1.628700,6.700000,6.000000,1.191620
(93) borders_threshold   = -93.49
     margin_forwarding   = 1.35
     min_delay           = 0.00
     max_delay           = 0.53
     neighbors_threshold = 9
     energy              = 110.44
     coverage            = 63.50 (0.02)
     nforwardings        = 5.90
     time                = 0.82
93,-93.489666,1.352482,0.000000,0.529082,9,110.436000,63.500000,5.900000,0.815140
(94) borders_threshold   = -77.47
     margin_forwarding   = 0.11
     min_delay           = 0.00
     max_delay           = 1.02
     neighbors_threshold = 7
     energy              = 11.51
     coverage            = 11.30 (0.09)
     nforwardings        = 10.20
     time                = 1.83
94,-77.466291,0.114662,0.000000,1.019085,7,11.510600,11.300000,10.200000,1.827480
(95) borders_threshold   = -72.17
     margin_forwarding   = 2.77
     min_delay           = 0.00
     max_delay           = 1.08
     neighbors_threshold = 0
     energy              = 0.31
     coverage            = 6.00 (0.17)
     nforwardings        = 5.70
     time                = 1.19
95,-72.170068,2.770147,0.000000,1.081603,0,0.307875,6.000000,5.700000,1.186500
(96) borders_threshold   = -94.32
     margin_forwarding   = 1.35
     min_delay           = 0.78
     max_delay           = 1.14
     neighbors_threshold = 0
     energy              = 59.19
     coverage            = 42.40 (0.02)
     nforwardings        = 2.70
     time                = 1.83
96,-94.321358,1.352482,0.783729,1.139854,0,59.193400,42.400000,2.700000,1.825270
(97) borders_threshold   = -77.68
     margin_forwarding   = 0.11
     min_delay           = 0.00
     max_delay           = 0.70
     neighbors_threshold = 1
     energy              = 14.78
     coverage            = 11.90 (0.08)
     nforwardings        = 10.60
     time                = 1.39
97,-77.677663,0.114662,0.000000,0.703293,1,14.778000,11.900000,10.600000,1.394480
(98) borders_threshold   = -93.52
     margin_forwarding   = 1.35
     min_delay           = 0.01
     max_delay           = 0.29
     neighbors_threshold = 0
     energy              = 103.94
     coverage            = 60.50 (0.02)
     nforwardings        = 5.50
     time                = 0.45
98,-93.524502,1.352482,0.014356,0.289495,0,103.943000,60.500000,5.500000,0.449404
(99) borders_threshold   = -76.55
     margin_forwarding   = 0.11
     min_delay           = 0.00
     max_delay           = 0.74
     neighbors_threshold = 7
     energy              = 4.95
     coverage            = 9.80 (0.10)
     nforwardings        = 8.60
     time                = 1.28
99,-76.545595,0.114662,0.000000,0.736136,7,4.952640,9.800000,8.600000,1.282560

real	417m6.941s
user	351m17.705s
sys	65m7.892s
