++ cd /home/clusterusers/siturriaga/itu-maestria/trunk/aedb-mls
++ ITERATIONS=250
++ THREADS=12
++ INSTANCE=50
++ SIMULS=10
++ export LD_LIBRARY_PATH=:/home/clusterusers/siturriaga/ns3Files
++ LD_LIBRARY_PATH=:/home/clusterusers/siturriaga/ns3Files
++ /home/users/siturriaga/bin/mpich2-1.4.1p1/bin/mpiexec -launcher ssh -launcher-exec oarsh -f /var/lib/oar/2644157 -np 9 -ppn 1 bin/mls.rand 22575 250 12 10 50
[DEBUG] argc = 6
===========================================================
Configuración
===========================================================
   Random seed        = 22575
   MPI size           = 9
   MLS.count_threads  = 12
   MLS.max_iterations = 250
   MLS.number_devices = 50
   MLS.simul_runs     = 10
   MLS.init           = MLS__RANDOM
===========================================================
[DEBUG] argc = 6
[DEBUG] argc = 6
[DEBUG] argc = 6
[DEBUG] argc = 6
[DEBUG] argc = 6
[DEBUG] argc = 6
[DEBUG] argc = 6
[DEBUG] argc = 6
[DEBUG][5] Thread 0 starting solution:
-> borders_threshold   : -85.4550
   margin_forwarding   : 0.5210
   min_delay           : 0.0431
   max_delay           : 3.1560
   neighbors_threshold : 21
   energy              : 296.1410
   coverage            : 48.9000
   nforwardings        : 18.1000
   time                : 3.1954
[DEBUG][3] Thread 0 starting solution:
-> borders_threshold   : -84.7619
   margin_forwarding   : 1.6177
   min_delay           : 0.0228
   max_delay           : 4.6438
   neighbors_threshold : 4
   energy              : 143.1530
   coverage            : 27.0000
   nforwardings        : 14.5000
   time                : 9.3442
[DEBUG][1] Thread 0 starting solution:
-> borders_threshold   : -76.7560
   margin_forwarding   : 0.2828
   min_delay           : 0.4105
   max_delay           : 0.6201
   neighbors_threshold : 38
   energy              : 548.7090
   coverage            : 49.0000
   nforwardings        : 34.6000
   time                : 1.6333
[DEBUG][2] Thread 0 starting solution:
-> borders_threshold   : -79.3099
   margin_forwarding   : 1.0244
   min_delay           : 0.2903
   max_delay           : 3.3462
   neighbors_threshold : 45
   energy              : 455.7390
   coverage            : 49.0000
   nforwardings        : 28.2000
   time                : 4.0257
[DEBUG][4] Thread 0 starting solution:
-> borders_threshold   : -71.3477
   margin_forwarding   : 1.5143
   min_delay           : 0.2471
   max_delay           : 1.2773
   neighbors_threshold : 12
   energy              : 306.1680
   coverage            : 40.5000
   nforwardings        : 35.6000
   time                : 3.0156
[INFO][AGA] Kaput!
[INFO] AGA information ============================================ 
[INFO] Population count: 66
[INFO] Population:
(0) borders_threshold   = -72.48
     margin_forwarding   = 1.96
     min_delay           = 0.56
     max_delay           = 4.60
     neighbors_threshold = 7
     energy              = 13.28
     coverage            = 7.60 (0.13)
     nforwardings        = 6.10
     time                = 5.52
0,-72.484991,1.955996,0.558115,4.596172,7,13.282400,7.600000,6.100000,5.516250
(1) borders_threshold   = -94.11
     margin_forwarding   = 1.31
     min_delay           = 0.15
     max_delay           = 0.33
     neighbors_threshold = 0
     energy              = 36.81
     coverage            = 24.10 (0.04)
     nforwardings        = 1.30
     time                = 0.21
1,-94.110851,1.314728,0.145346,0.328134,0,36.812100,24.100000,1.300000,0.214414
(2) borders_threshold   = -94.16
     margin_forwarding   = 0.76
     min_delay           = 0.58
     max_delay           = 0.65
     neighbors_threshold = 33
     energy              = 57.05
     coverage            = 28.30 (0.04)
     nforwardings        = 2.60
     time                = 1.18
2,-94.163262,0.760341,0.584450,0.647335,33,57.049900,28.300000,2.600000,1.178920
(3) borders_threshold   = -89.82
     margin_forwarding   = 1.31
     min_delay           = 0.15
     max_delay           = 0.33
     neighbors_threshold = 14
     energy              = 207.48
     coverage            = 49.00 (0.02)
     nforwardings        = 12.10
     time                = 0.88
3,-89.823542,1.314728,0.145346,0.328134,14,207.476000,49.000000,12.100000,0.881844
(4) borders_threshold   = -93.89
     margin_forwarding   = 2.94
     min_delay           = 0.51
     max_delay           = 2.08
     neighbors_threshold = 21
     energy              = 48.06
     coverage            = 26.20 (0.04)
     nforwardings        = 2.00
     time                = 1.88
4,-93.887771,2.942181,0.510728,2.076523,21,48.061800,26.200000,2.000000,1.877540
(5) borders_threshold   = -92.76
     margin_forwarding   = 1.31
     min_delay           = 0.00
     max_delay           = 0.19
     neighbors_threshold = 8
     energy              = 146.50
     coverage            = 47.20 (0.02)
     nforwardings        = 8.20
     time                = 0.38
5,-92.755963,1.314728,0.000000,0.194030,8,146.496000,47.200000,8.200000,0.380709
(6) borders_threshold   = -94.17
     margin_forwarding   = 0.76
     min_delay           = 0.40
     max_delay           = 0.81
     neighbors_threshold = 25
     energy              = 75.25
     coverage            = 35.00 (0.03)
     nforwardings        = 3.70
     time                = 1.53
6,-94.174102,0.760341,0.397024,0.810730,25,75.250600,35.000000,3.700000,1.529110
(7) borders_threshold   = -93.65
     margin_forwarding   = 1.31
     min_delay           = 0.41
     max_delay           = 0.83
     neighbors_threshold = 25
     energy              = 104.08
     coverage            = 42.80 (0.02)
     nforwardings        = 5.50
     time                = 1.83
7,-93.653971,1.314728,0.408894,0.827997,25,104.084000,42.800000,5.500000,1.828660
(8) borders_threshold   = -93.56
     margin_forwarding   = 0.76
     min_delay           = 0.52
     max_delay           = 0.57
     neighbors_threshold = 42
     energy              = 85.61
     coverage            = 36.00 (0.03)
     nforwardings        = 4.40
     time                = 1.45
8,-93.557826,0.760341,0.517280,0.565507,42,85.608300,36.000000,4.400000,1.453000
(9) borders_threshold   = -92.28
     margin_forwarding   = 1.31
     min_delay           = 0.00
     max_delay           = 0.25
     neighbors_threshold = 27
     energy              = 138.22
     coverage            = 46.60 (0.02)
     nforwardings        = 7.70
     time                = 0.40
9,-92.276020,1.314728,0.000000,0.248974,27,138.219000,46.600000,7.700000,0.396202
(10) borders_threshold   = -93.41
     margin_forwarding   = 1.31
     min_delay           = 0.00
     max_delay           = 0.30
     neighbors_threshold = 7
     energy              = 95.84
     coverage            = 38.30 (0.03)
     nforwardings        = 5.00
     time                = 0.47
10,-93.407750,1.314728,0.000000,0.300331,7,95.839800,38.300000,5.000000,0.466323
(11) borders_threshold   = -93.54
     margin_forwarding   = 1.31
     min_delay           = 0.33
     max_delay           = 0.40
     neighbors_threshold = 20
     energy              = 96.01
     coverage            = 39.60 (0.03)
     nforwardings        = 5.00
     time                = 1.01
11,-93.536811,1.314728,0.330410,0.396085,20,96.013300,39.600000,5.000000,1.014910
(14) borders_threshold   = -94.07
     margin_forwarding   = 0.76
     min_delay           = 0.52
     max_delay           = 0.69
     neighbors_threshold = 33
     energy              = 62.17
     coverage            = 29.80 (0.03)
     nforwardings        = 2.90
     time                = 1.33
14,-94.066696,0.760341,0.517280,0.694006,33,62.166900,29.800000,2.900000,1.329670
(15) borders_threshold   = -93.71
     margin_forwarding   = 1.31
     min_delay           = 0.00
     max_delay           = 0.39
     neighbors_threshold = 6
     energy              = 84.86
     coverage            = 35.50 (0.03)
     nforwardings        = 4.30
     time                = 0.50
15,-93.707563,1.314728,0.000000,0.387485,6,84.860200,35.500000,4.300000,0.501725
(16) borders_threshold   = -93.45
     margin_forwarding   = 1.31
     min_delay           = 0.44
     max_delay           = 1.25
     neighbors_threshold = 23
     energy              = 86.01
     coverage            = 36.20 (0.03)
     nforwardings        = 4.40
     time                = 1.89
16,-93.449195,1.314728,0.439195,1.245085,23,86.012200,36.200000,4.400000,1.886900
(17) borders_threshold   = -74.62
     margin_forwarding   = 1.36
     min_delay           = 0.10
     max_delay           = 3.93
     neighbors_threshold = 5
     energy              = 7.19
     coverage            = 6.20 (0.16)
     nforwardings        = 5.40
     time                = 5.54
17,-74.619562,1.356882,0.103498,3.931447,5,7.189390,6.200000,5.400000,5.535200
(18) borders_threshold   = -94.48
     margin_forwarding   = 0.58
     min_delay           = 0.69
     max_delay           = 5.00
     neighbors_threshold = 24
     energy              = 23.55
     coverage            = 16.00 (0.06)
     nforwardings        = 0.50
     time                = 1.03
18,-94.483730,0.581282,0.689552,5.000000,24,23.546100,16.000000,0.500000,1.033760
(19) borders_threshold   = -94.10
     margin_forwarding   = 1.31
     min_delay           = 0.07
     max_delay           = 1.21
     neighbors_threshold = 21
     energy              = 40.02
     coverage            = 25.30 (0.04)
     nforwardings        = 1.50
     time                = 0.64
19,-94.096512,1.314728,0.073805,1.207906,21,40.016200,25.300000,1.500000,0.642960
(20) borders_threshold   = -92.81
     margin_forwarding   = 1.31
     min_delay           = 0.00
     max_delay           = 0.19
     neighbors_threshold = 9
     energy              = 122.72
     coverage            = 44.60 (0.02)
     nforwardings        = 6.70
     time                = 0.30
20,-92.814710,1.314728,0.000000,0.194030,9,122.715000,44.600000,6.700000,0.299286
(21) borders_threshold   = -94.07
     margin_forwarding   = 1.31
     min_delay           = 0.22
     max_delay           = 0.33
     neighbors_threshold = 6
     energy              = 65.68
     coverage            = 32.40 (0.03)
     nforwardings        = 3.10
     time                = 0.57
21,-94.067705,1.314728,0.223644,0.328134,6,65.684500,32.400000,3.100000,0.571150
(22) borders_threshold   = -93.15
     margin_forwarding   = 1.31
     min_delay           = 0.00
     max_delay           = 0.54
     neighbors_threshold = 13
     energy              = 122.97
     coverage            = 44.90 (0.02)
     nforwardings        = 6.70
     time                = 1.03
22,-93.147753,1.314728,0.000000,0.537995,13,122.970000,44.900000,6.700000,1.025670
(23) borders_threshold   = -94.41
     margin_forwarding   = 0.76
     min_delay           = 0.84
     max_delay           = 1.04
     neighbors_threshold = 43
     energy              = 26.80
     coverage            = 16.60 (0.06)
     nforwardings        = 0.70
     time                = 0.55
23,-94.405587,0.760341,0.843229,1.037738,43,26.801800,16.600000,0.700000,0.551841
(24) borders_threshold   = -94.25
     margin_forwarding   = 0.76
     min_delay           = 0.52
     max_delay           = 0.69
     neighbors_threshold = 40
     energy              = 33.21
     coverage            = 19.70 (0.05)
     nforwardings        = 1.10
     time                = 0.55
24,-94.248068,0.760341,0.517280,0.686684,40,33.210000,19.700000,1.100000,0.546545
(25) borders_threshold   = -94.70
     margin_forwarding   = 0.33
     min_delay           = 0.86
     max_delay           = 4.24
     neighbors_threshold = 33
     energy              = 21.85
     coverage            = 15.20 (0.07)
     nforwardings        = 0.40
     time                = 1.15
25,-94.703515,0.331216,0.855232,4.244105,33,21.851100,15.200000,0.400000,1.147480
(26) borders_threshold   = -94.45
     margin_forwarding   = 0.58
     min_delay           = 0.74
     max_delay           = 5.00
     neighbors_threshold = 22
     energy              = 25.15
     coverage            = 16.40 (0.06)
     nforwardings        = 0.60
     time                = 1.16
26,-94.450545,0.581282,0.741297,5.000000,22,25.146900,16.400000,0.600000,1.161500
(27) borders_threshold   = -73.60
     margin_forwarding   = 1.36
     min_delay           = 0.10
     max_delay           = 3.93
     neighbors_threshold = 3
     energy              = 2.79
     coverage            = 3.70 (0.27)
     nforwardings        = 3.70
     time                = 1.73
27,-73.597159,1.356882,0.103498,3.931447,3,2.786950,3.700000,3.700000,1.731120
(28) borders_threshold   = -95.00
     margin_forwarding   = 0.33
     min_delay           = 0.85
     max_delay           = 4.44
     neighbors_threshold = 27
     energy              = 15.28
     coverage            = 11.00 (0.09)
     nforwardings        = 0.00
     time                = 0.00
28,-95.000000,0.331216,0.850316,4.437361,27,15.279400,11.000000,0.000000,0.000737
(30) borders_threshold   = -93.87
     margin_forwarding   = 1.31
     min_delay           = 0.00
     max_delay           = 0.59
     neighbors_threshold = 17
     energy              = 48.05
     coverage            = 26.00 (0.04)
     nforwardings        = 2.00
     time                = 0.52
30,-93.866466,1.314728,0.000000,0.588821,17,48.045900,26.000000,2.000000,0.523398
(31) borders_threshold   = -94.01
     margin_forwarding   = 1.31
     min_delay           = 0.00
     max_delay           = 1.62
     neighbors_threshold = 19
     energy              = 46.46
     coverage            = 25.90 (0.04)
     nforwardings        = 1.90
     time                = 1.28
31,-94.006893,1.314728,0.000000,1.618714,19,46.459700,25.900000,1.900000,1.284900
(32) borders_threshold   = -93.43
     margin_forwarding   = 1.31
     min_delay           = 0.33
     max_delay           = 0.40
     neighbors_threshold = 21
     energy              = 99.22
     coverage            = 41.60 (0.02)
     nforwardings        = 5.20
     time                = 1.13
32,-93.427597,1.314728,0.330410,0.396085,21,99.217400,41.600000,5.200000,1.127220
(33) borders_threshold   = -92.94
     margin_forwarding   = 1.31
     min_delay           = 0.33
     max_delay           = 0.59
     neighbors_threshold = 23
     energy              = 127.97
     coverage            = 45.40 (0.02)
     nforwardings        = 7.00
     time                = 1.66
33,-92.937203,1.314728,0.330410,0.587309,23,127.970000,45.400000,7.000000,1.662320
(34) borders_threshold   = -94.04
     margin_forwarding   = 0.76
     min_delay           = 0.40
     max_delay           = 0.79
     neighbors_threshold = 35
     energy              = 63.87
     coverage            = 30.20 (0.03)
     nforwardings        = 3.00
     time                = 1.41
34,-94.040064,0.760341,0.397024,0.786456,35,63.869500,30.200000,3.000000,1.405960
(35) borders_threshold   = -94.78
     margin_forwarding   = 0.33
     min_delay           = 0.86
     max_delay           = 4.24
     neighbors_threshold = 36
     energy              = 18.48
     coverage            = 13.40 (0.07)
     nforwardings        = 0.20
     time                = 0.38
35,-94.783706,0.331216,0.855232,4.244105,36,18.483500,13.400000,0.200000,0.377532
(36) borders_threshold   = -92.39
     margin_forwarding   = 1.31
     min_delay           = 0.33
     max_delay           = 0.59
     neighbors_threshold = 30
     energy              = 132.81
     coverage            = 45.60 (0.02)
     nforwardings        = 7.30
     time                = 1.55
36,-92.391963,1.314728,0.330410,0.588821,30,132.807000,45.600000,7.300000,1.548030
(37) borders_threshold   = -94.06
     margin_forwarding   = 1.31
     min_delay           = 0.00
     max_delay           = 0.45
     neighbors_threshold = 7
     energy              = 59.28
     coverage            = 29.40 (0.03)
     nforwardings        = 2.70
     time                = 0.40
37,-94.060391,1.314728,0.000000,0.452069,7,59.276200,29.400000,2.700000,0.398153
(38) borders_threshold   = -93.29
     margin_forwarding   = 1.31
     min_delay           = 0.00
     max_delay           = 0.19
     neighbors_threshold = 9
     energy              = 84.79
     coverage            = 35.30 (0.03)
     nforwardings        = 4.30
     time                = 0.27
38,-93.294552,1.314728,0.000000,0.194030,9,84.794200,35.300000,4.300000,0.265786
(39) borders_threshold   = -93.46
     margin_forwarding   = 1.31
     min_delay           = 0.15
     max_delay           = 1.25
     neighbors_threshold = 25
     energy              = 89.54
     coverage            = 37.50 (0.03)
     nforwardings        = 4.60
     time                = 1.71
39,-93.461925,1.314728,0.151321,1.245085,25,89.542000,37.500000,4.600000,1.714030
(40) borders_threshold   = -92.79
     margin_forwarding   = 1.31
     min_delay           = 0.46
     max_delay           = 0.59
     neighbors_threshold = 17
     energy              = 137.31
     coverage            = 46.20 (0.02)
     nforwardings        = 7.60
     time                = 1.91
40,-92.791334,1.314728,0.455670,0.588821,17,137.307000,46.200000,7.600000,1.906230
(41) borders_threshold   = -93.69
     margin_forwarding   = 1.31
     min_delay           = 0.31
     max_delay           = 0.40
     neighbors_threshold = 16
     energy              = 91.28
     coverage            = 38.20 (0.03)
     nforwardings        = 4.70
     time                = 0.95
41,-93.690819,1.314728,0.311419,0.396085,16,91.280500,38.200000,4.700000,0.953280
(42) borders_threshold   = -94.50
     margin_forwarding   = 1.31
     min_delay           = 0.33
     max_delay           = 0.00
     neighbors_threshold = 17
     energy              = 28.64
     coverage            = 18.30 (0.05)
     nforwardings        = 0.80
     time                = 0.08
42,-94.495397,1.314728,0.330410,0.000000,17,28.643600,18.300000,0.800000,0.079989
(43) borders_threshold   = -94.41
     margin_forwarding   = 1.31
     min_delay           = 0.00
     max_delay           = 0.14
     neighbors_threshold = 8
     energy              = 35.24
     coverage            = 20.10 (0.05)
     nforwardings        = 1.20
     time                = 0.08
43,-94.406133,1.314728,0.000000,0.143831,8,35.236100,20.100000,1.200000,0.078965
(44) borders_threshold   = -91.76
     margin_forwarding   = 1.31
     min_delay           = 0.00
     max_delay           = 0.25
     neighbors_threshold = 28
     energy              = 165.25
     coverage            = 48.60 (0.02)
     nforwardings        = 9.40
     time                = 0.41
44,-91.756606,1.314728,0.000000,0.248974,28,165.252000,48.600000,9.400000,0.411452
(45) borders_threshold   = -94.65
     margin_forwarding   = 0.58
     min_delay           = 0.69
     max_delay           = 5.00
     neighbors_threshold = 22
     energy              = 20.20
     coverage            = 13.80 (0.07)
     nforwardings        = 0.30
     time                = 0.43
45,-94.649788,0.581282,0.689552,5.000000,22,20.204500,13.800000,0.300000,0.431840
(46) borders_threshold   = -93.54
     margin_forwarding   = 1.31
     min_delay           = 0.46
     max_delay           = 0.59
     neighbors_threshold = 12
     energy              = 84.35
     coverage            = 35.10 (0.03)
     nforwardings        = 4.30
     time                = 1.56
46,-93.536918,1.314728,0.455670,0.588821,12,84.354900,35.100000,4.300000,1.561920
(47) borders_threshold   = -93.10
     margin_forwarding   = 1.31
     min_delay           = 0.00
     max_delay           = 0.54
     neighbors_threshold = 13
     energy              = 119.84
     coverage            = 43.70 (0.02)
     nforwardings        = 6.50
     time                = 1.03
47,-93.095238,1.314728,0.000000,0.537995,13,119.842000,43.700000,6.500000,1.032760
(48) borders_threshold   = -92.88
     margin_forwarding   = 1.31
     min_delay           = 0.00
     max_delay           = 0.19
     neighbors_threshold = 10
     energy              = 121.14
     coverage            = 43.80 (0.02)
     nforwardings        = 6.60
     time                = 0.38
48,-92.884669,1.314728,0.000000,0.194030,10,121.142000,43.800000,6.600000,0.375659
(49) borders_threshold   = -93.39
     margin_forwarding   = 1.31
     min_delay           = 0.33
     max_delay           = 0.40
     neighbors_threshold = 21
     energy              = 100.79
     coverage            = 42.40 (0.02)
     nforwardings        = 5.30
     time                = 1.13
49,-93.387750,1.314728,0.330410,0.396085,21,100.792000,42.400000,5.300000,1.130460
(50) borders_threshold   = -93.66
     margin_forwarding   = 1.31
     min_delay           = 0.33
     max_delay           = 0.40
     neighbors_threshold = 19
     energy              = 97.69
     coverage            = 40.30 (0.02)
     nforwardings        = 5.10
     time                = 1.01
50,-93.662922,1.314728,0.330410,0.396085,19,97.688700,40.300000,5.100000,1.013180
(51) borders_threshold   = -93.04
     margin_forwarding   = 1.31
     min_delay           = 0.00
     max_delay           = 0.54
     neighbors_threshold = 11
     energy              = 115.07
     coverage            = 42.90 (0.02)
     nforwardings        = 6.20
     time                = 0.90
51,-93.035646,1.314728,0.000000,0.537995,11,115.073000,42.900000,6.200000,0.898225
(52) borders_threshold   = -94.57
     margin_forwarding   = 1.31
     min_delay           = 0.61
     max_delay           = 0.59
     neighbors_threshold = 15
     energy              = 24.03
     coverage            = 16.10 (0.06)
     nforwardings        = 0.50
     time                = 0.24
52,-94.572771,1.314728,0.605080,0.588821,15,24.030900,16.100000,0.500000,0.238344
(53) borders_threshold   = -93.86
     margin_forwarding   = 1.31
     min_delay           = 0.09
     max_delay           = 0.54
     neighbors_threshold = 19
     energy              = 49.65
     coverage            = 27.10 (0.04)
     nforwardings        = 2.10
     time                = 0.66
53,-93.860511,1.314728,0.092221,0.543486,19,49.647900,27.100000,2.100000,0.660790
(54) borders_threshold   = -94.58
     margin_forwarding   = 1.31
     min_delay           = 0.48
     max_delay           = 0.40
     neighbors_threshold = 16
     energy              = 30.25
     coverage            = 19.20 (0.05)
     nforwardings        = 0.90
     time                = 0.39
54,-94.582830,1.314728,0.480494,0.396085,16,30.245600,19.200000,0.900000,0.394306
(55) borders_threshold   = -91.71
     margin_forwarding   = 1.31
     min_delay           = 0.00
     max_delay           = 0.33
     neighbors_threshold = 16
     energy              = 172.31
     coverage            = 48.90 (0.02)
     nforwardings        = 9.80
     time                = 0.47
55,-91.709510,1.314728,0.000000,0.328134,16,172.314000,48.900000,9.800000,0.466267
(56) borders_threshold   = -94.02
     margin_forwarding   = 0.76
     min_delay           = 0.36
     max_delay           = 0.75
     neighbors_threshold = 33
     energy              = 74.64
     coverage            = 32.90 (0.03)
     nforwardings        = 3.70
     time                = 1.36
56,-94.018489,0.760341,0.364624,0.749223,33,74.644600,32.900000,3.700000,1.357470
(57) borders_threshold   = -94.82
     margin_forwarding   = 0.76
     min_delay           = 0.80
     max_delay           = 0.69
     neighbors_threshold = 37
     energy              = 17.07
     coverage            = 11.40 (0.09)
     nforwardings        = 0.10
     time                = 0.08
57,-94.821759,0.760341,0.804484,0.690597,37,17.072000,11.400000,0.100000,0.076021
(58) borders_threshold   = -93.54
     margin_forwarding   = 1.31
     min_delay           = 0.00
     max_delay           = 1.18
     neighbors_threshold = 23
     energy              = 87.52
     coverage            = 36.70 (0.03)
     nforwardings        = 4.50
     time                = 1.30
58,-93.536320,1.314728,0.000000,1.179340,23,87.517900,36.700000,4.500000,1.300650
(59) borders_threshold   = -92.61
     margin_forwarding   = 1.31
     min_delay           = 0.00
     max_delay           = 0.32
     neighbors_threshold = 13
     energy              = 135.85
     coverage            = 46.10 (0.02)
     nforwardings        = 7.50
     time                = 0.48
59,-92.607567,1.314728,0.000000,0.319294,13,135.849000,46.100000,7.500000,0.484153
(61) borders_threshold   = -94.91
     margin_forwarding   = 0.33
     min_delay           = 0.70
     max_delay           = 3.38
     neighbors_threshold = 35
     energy              = 18.48
     coverage            = 12.40 (0.08)
     nforwardings        = 0.20
     time                = 0.43
61,-94.908035,0.331216,0.703510,3.378160,35,18.477800,12.400000,0.200000,0.430048
(62) borders_threshold   = -94.16
     margin_forwarding   = 0.76
     min_delay           = 0.52
     max_delay           = 0.69
     neighbors_threshold = 37
     energy              = 63.93
     coverage            = 30.40 (0.03)
     nforwardings        = 3.00
     time                = 1.33
62,-94.155161,0.760341,0.517280,0.694006,37,63.931800,30.400000,3.000000,1.330120
(63) borders_threshold   = -92.66
     margin_forwarding   = 1.31
     min_delay           = 0.00
     max_delay           = 0.59
     neighbors_threshold = 18
     energy              = 137.56
     coverage            = 46.40 (0.02)
     nforwardings        = 7.60
     time                = 0.91
63,-92.659559,1.314728,0.000000,0.588821,18,137.557000,46.400000,7.600000,0.908807
(64) borders_threshold   = -94.34
     margin_forwarding   = 1.31
     min_delay           = 0.00
     max_delay           = 0.14
     neighbors_threshold = 9
     energy              = 36.81
     coverage            = 20.20 (0.05)
     nforwardings        = 1.30
     time                = 0.08
64,-94.338433,1.314728,0.000000,0.143831,9,36.809200,20.200000,1.300000,0.082141
(66) borders_threshold   = -94.01
     margin_forwarding   = 1.31
     min_delay           = 0.13
     max_delay           = 1.11
     neighbors_threshold = 18
     energy              = 52.87
     coverage            = 28.10 (0.04)
     nforwardings        = 2.30
     time                = 1.29
66,-94.010934,1.314728,0.127594,1.110483,18,52.868000,28.100000,2.300000,1.290890
(68) borders_threshold   = -93.87
     margin_forwarding   = 1.31
     min_delay           = 0.10
     max_delay           = 0.33
     neighbors_threshold = 7
     energy              = 46.44
     coverage            = 25.50 (0.04)
     nforwardings        = 1.90
     time                = 0.31
68,-93.871988,1.314728,0.097249,0.328134,7,46.443800,25.500000,1.900000,0.310762
(69) borders_threshold   = -92.28
     margin_forwarding   = 1.31
     min_delay           = 0.41
     max_delay           = 0.59
     neighbors_threshold = 21
     energy              = 150.47
     coverage            = 47.90 (0.02)
     nforwardings        = 8.40
     time                = 1.83
69,-92.279502,1.314728,0.409451,0.588821,21,150.469000,47.900000,8.400000,1.825120
(70) borders_threshold   = -93.19
     margin_forwarding   = 1.31
     min_delay           = 0.00
     max_delay           = 0.19
     neighbors_threshold = 8
     energy              = 84.73
     coverage            = 35.20 (0.03)
     nforwardings        = 4.30
     time                = 0.28
70,-93.194296,1.314728,0.000000,0.194030,8,84.729400,35.200000,4.300000,0.275442
(71) borders_threshold   = -94.11
     margin_forwarding   = 1.31
     min_delay           = 0.25
     max_delay           = 1.53
     neighbors_threshold = 17
     energy              = 57.67
     coverage            = 28.60 (0.03)
     nforwardings        = 2.60
     time                = 1.69
71,-94.107221,1.314728,0.252324,1.530520,17,57.674200,28.600000,2.600000,1.692020

real	189m4.488s
user	159m9.201s
sys	29m36.799s
