++ cd /home/clusterusers/siturriaga/itu-maestria/trunk/aedb-mls
++ ITERATIONS=250
++ THREADS=12
++ INSTANCE=50
++ SIMULS=10
++ export LD_LIBRARY_PATH=:/home/clusterusers/siturriaga/ns3Files
++ LD_LIBRARY_PATH=:/home/clusterusers/siturriaga/ns3Files
++ /home/users/siturriaga/bin/mpich2-1.4.1p1/bin/mpiexec -launcher ssh -launcher-exec oarsh -f /var/lib/oar/2644161 -np 9 -ppn 1 bin/mls.rand 26256 250 12 10 50
[DEBUG] argc = 6
===========================================================
Configuración
===========================================================
   Random seed        = 26256
   MPI size           = 9
   MLS.count_threads  = 12
   MLS.max_iterations = 250
   MLS.number_devices = 50
   MLS.simul_runs     = 10
   MLS.init           = MLS__RANDOM
===========================================================
[DEBUG] argc = 6
[DEBUG] argc = 6
[DEBUG] argc = 6
[DEBUG] argc = 6
[DEBUG] argc = 6
[DEBUG] argc = 6
[DEBUG] argc = 6
[DEBUG] argc = 6
[DEBUG][2] Thread 0 starting solution:
-> borders_threshold   : -81.4703
   margin_forwarding   : 0.1292
   min_delay           : 0.0885
   max_delay           : 2.6435
   neighbors_threshold : 1
   energy              : 38.8666
   coverage            : 8.2000
   nforwardings        : 6.6000
   time                : 2.8876
[DEBUG][5] Thread 0 starting solution:
-> borders_threshold   : -92.9296
   margin_forwarding   : 1.7069
   min_delay           : 0.1565
   max_delay           : 2.2612
   neighbors_threshold : 3
   energy              : 110.2020
   coverage            : 39.3000
   nforwardings        : 5.9000
   time                : 3.1233
[DEBUG][3] Thread 0 starting solution:
-> borders_threshold   : -89.3630
   margin_forwarding   : 0.6394
   min_delay           : 0.4371
   max_delay           : 3.8945
   neighbors_threshold : 21
   energy              : 208.5630
   coverage            : 48.2000
   nforwardings        : 12.2000
   time                : 5.5952
[DEBUG][1] Thread 0 starting solution:
-> borders_threshold   : -76.3669
   margin_forwarding   : 1.6873
   min_delay           : 0.3261
   max_delay           : 3.4161
   neighbors_threshold : 41
   energy              : 547.3840
   coverage            : 49.0000
   nforwardings        : 33.8000
   time                : 4.2167
[DEBUG][4] Thread 0 starting solution:
-> borders_threshold   : -71.5346
   margin_forwarding   : 0.9757
   min_delay           : 0.4014
   max_delay           : 1.9821
   neighbors_threshold : 46
   energy              : 655.2180
   coverage            : 49.0000
   nforwardings        : 40.5000
   time                : 3.0527
[INFO][AGA] Kaput!
[INFO] AGA information ============================================ 
[INFO] Population count: 99
[INFO] Population:
(0) borders_threshold   = -94.66
     margin_forwarding   = 0.70
     min_delay           = 0.70
     max_delay           = 0.93
     neighbors_threshold = 21
     energy              = 20.25
     coverage            = 13.80 (0.07)
     nforwardings        = 0.30
     time                = 0.23
0,-94.657929,0.697991,0.696703,0.929782,21,20.251200,13.800000,0.300000,0.231618
(1) borders_threshold   = -94.55
     margin_forwarding   = 0.70
     min_delay           = 0.70
     max_delay           = 0.93
     neighbors_threshold = 20
     energy              = 23.62
     coverage            = 16.00 (0.06)
     nforwardings        = 0.50
     time                = 0.33
1,-94.550387,0.697991,0.696703,0.929782,20,23.623200,16.000000,0.500000,0.328788
(2) borders_threshold   = -70.00
     margin_forwarding   = 2.91
     min_delay           = 0.55
     max_delay           = 2.37
     neighbors_threshold = 0
     energy              = 4.95
     coverage            = 3.60 (0.28)
     nforwardings        = 3.30
     time                = 1.85
2,-70.000000,2.906659,0.549466,2.368251,0,4.953310,3.600000,3.300000,1.850700
(3) borders_threshold   = -92.46
     margin_forwarding   = 2.52
     min_delay           = 0.00
     max_delay           = 0.60
     neighbors_threshold = 30
     energy              = 145.68
     coverage            = 47.20 (0.02)
     nforwardings        = 8.10
     time                = 0.86
3,-92.464046,2.516043,0.000000,0.601841,30,145.682000,47.200000,8.100000,0.861713
(4) borders_threshold   = -70.00
     margin_forwarding   = 2.91
     min_delay           = 0.55
     max_delay           = 1.22
     neighbors_threshold = 7
     energy              = 14.49
     coverage            = 5.00 (0.20)
     nforwardings        = 4.40
     time                = 1.29
4,-70.000000,2.906659,0.549466,1.216390,7,14.491600,5.000000,4.400000,1.290070
(5) borders_threshold   = -94.89
     margin_forwarding   = 0.16
     min_delay           = 1.00
     max_delay           = 5.00
     neighbors_threshold = 22
     energy              = 18.57
     coverage            = 13.20 (0.08)
     nforwardings        = 0.20
     time                = 0.63
5,-94.886603,0.161305,1.000000,5.000000,22,18.572200,13.200000,0.200000,0.631870
(6) borders_threshold   = -93.81
     margin_forwarding   = 0.86
     min_delay           = 0.06
     max_delay           = 1.00
     neighbors_threshold = 16
     energy              = 63.80
     coverage            = 30.20 (0.03)
     nforwardings        = 3.00
     time                = 1.05
6,-93.806716,0.863144,0.056166,0.999129,16,63.798500,30.200000,3.000000,1.045480
(7) borders_threshold   = -70.65
     margin_forwarding   = 2.91
     min_delay           = 0.55
     max_delay           = 1.35
     neighbors_threshold = 4
     energy              = 8.63
     coverage            = 5.90 (0.17)
     nforwardings        = 5.30
     time                = 1.29
7,-70.648327,2.906659,0.549466,1.350929,4,8.634770,5.900000,5.300000,1.288870
(8) borders_threshold   = -93.01
     margin_forwarding   = 0.86
     min_delay           = 0.21
     max_delay           = 1.21
     neighbors_threshold = 17
     energy              = 114.24
     coverage            = 43.00 (0.02)
     nforwardings        = 6.20
     time                = 2.65
8,-93.006610,0.863144,0.213961,1.207346,17,114.238000,43.000000,6.200000,2.651810
(9) borders_threshold   = -70.00
     margin_forwarding   = 2.91
     min_delay           = 0.55
     max_delay           = 1.14
     neighbors_threshold = 6
     energy              = 7.78
     coverage            = 6.50 (0.15)
     nforwardings        = 6.10
     time                = 1.80
9,-70.000000,2.906659,0.549466,1.139137,6,7.782760,6.500000,6.100000,1.801450
(10) borders_threshold   = -70.43
     margin_forwarding   = 1.37
     min_delay           = 0.81
     max_delay           = 4.32
     neighbors_threshold = 5
     energy              = 5.42
     coverage            = 4.90 (0.20)
     nforwardings        = 4.30
     time                = 3.51
10,-70.433594,1.371443,0.805483,4.317974,5,5.418840,4.900000,4.300000,3.507690
(11) borders_threshold   = -70.00
     margin_forwarding   = 2.91
     min_delay           = 0.49
     max_delay           = 0.99
     neighbors_threshold = 8
     energy              = 9.52
     coverage            = 6.20 (0.16)
     nforwardings        = 5.90
     time                = 1.17
11,-70.000000,2.906659,0.488083,0.985996,8,9.516730,6.200000,5.900000,1.165510
(12) borders_threshold   = -70.00
     margin_forwarding   = 2.91
     min_delay           = 0.00
     max_delay           = 0.90
     neighbors_threshold = 7
     energy              = 1.84
     coverage            = 6.30 (0.16)
     nforwardings        = 6.10
     time                = 0.68
12,-70.000000,2.906659,0.000000,0.898298,7,1.840060,6.300000,6.100000,0.676518
(13) borders_threshold   = -91.89
     margin_forwarding   = 0.16
     min_delay           = 0.02
     max_delay           = 4.46
     neighbors_threshold = 11
     energy              = 160.21
     coverage            = 48.20 (0.02)
     nforwardings        = 9.30
     time                = 7.11
13,-91.893312,0.161305,0.017332,4.458958,11,160.208000,48.200000,9.300000,7.112120
(14) borders_threshold   = -70.00
     margin_forwarding   = 2.91
     min_delay           = 0.55
     max_delay           = 1.58
     neighbors_threshold = 3
     energy              = 2.22
     coverage            = 5.20 (0.19)
     nforwardings        = 5.10
     time                = 1.76
14,-70.000000,2.906659,0.549466,1.583946,3,2.219030,5.200000,5.100000,1.759060
(15) borders_threshold   = -70.35
     margin_forwarding   = 2.91
     min_delay           = 0.49
     max_delay           = 0.99
     neighbors_threshold = 7
     energy              = 11.45
     coverage            = 7.30 (0.14)
     nforwardings        = 6.90
     time                = 1.47
15,-70.349193,2.906659,0.488083,0.985996,7,11.445100,7.300000,6.900000,1.468590
(16) borders_threshold   = -94.01
     margin_forwarding   = 1.71
     min_delay           = 0.16
     max_delay           = 0.92
     neighbors_threshold = 2
     energy              = 54.47
     coverage            = 27.70 (0.04)
     nforwardings        = 2.40
     time                = 1.09
16,-94.013455,1.706918,0.156504,0.923513,2,54.470000,27.700000,2.400000,1.089500
(17) borders_threshold   = -70.00
     margin_forwarding   = 2.91
     min_delay           = 0.55
     max_delay           = 1.21
     neighbors_threshold = 2
     energy              = 2.79
     coverage            = 6.00 (0.17)
     nforwardings        = 6.00
     time                = 1.77
17,-70.000000,2.906659,0.549466,1.210495,2,2.788480,6.000000,6.000000,1.774640
(18) borders_threshold   = -95.00
     margin_forwarding   = 0.16
     min_delay           = 0.02
     max_delay           = 5.00
     neighbors_threshold = 19
     energy              = 15.18
     coverage            = 11.00 (0.09)
     nforwardings        = 0.00
     time                = 0.00
18,-95.000000,0.161305,0.017332,5.000000,19,15.175800,11.000000,0.000000,0.000737
(19) borders_threshold   = -92.93
     margin_forwarding   = 2.52
     min_delay           = 0.35
     max_delay           = 0.60
     neighbors_threshold = 24
     energy              = 129.77
     coverage            = 45.40 (0.02)
     nforwardings        = 7.10
     time                = 1.84
19,-92.927645,2.516043,0.346242,0.601841,24,129.767000,45.400000,7.100000,1.836660
(20) borders_threshold   = -70.00
     margin_forwarding   = 2.91
     min_delay           = 0.64
     max_delay           = 1.35
     neighbors_threshold = 4
     energy              = 3.41
     coverage            = 4.00 (0.25)
     nforwardings        = 3.70
     time                = 1.13
20,-70.000000,2.906659,0.637950,1.350929,4,3.409770,4.000000,3.700000,1.127430
(21) borders_threshold   = -92.93
     margin_forwarding   = 0.86
     min_delay           = 0.00
     max_delay           = 0.98
     neighbors_threshold = 23
     energy              = 113.19
     coverage            = 42.20 (0.02)
     nforwardings        = 6.10
     time                = 1.35
21,-92.925055,0.863144,0.000000,0.982976,23,113.191000,42.200000,6.100000,1.354880
(22) borders_threshold   = -71.38
     margin_forwarding   = 2.91
     min_delay           = 0.92
     max_delay           = 1.22
     neighbors_threshold = 0
     energy              = 4.17
     coverage            = 3.60 (0.28)
     nforwardings        = 3.40
     time                = 1.35
22,-71.383708,2.906659,0.919509,1.216390,0,4.172380,3.600000,3.400000,1.353440
(23) borders_threshold   = -70.00
     margin_forwarding   = 2.91
     min_delay           = 0.37
     max_delay           = 1.22
     neighbors_threshold = 6
     energy              = 9.19
     coverage            = 5.50 (0.18)
     nforwardings        = 4.90
     time                = 1.05
23,-70.000000,2.906659,0.374289,1.216390,6,9.188490,5.500000,4.900000,1.049860
(24) borders_threshold   = -94.88
     margin_forwarding   = 0.86
     min_delay           = 0.00
     max_delay           = 0.00
     neighbors_threshold = 35
     energy              = 17.03
     coverage            = 11.40 (0.09)
     nforwardings        = 0.10
     time                = 0.00
24,-94.882518,0.863144,0.000000,0.000000,35,17.031200,11.400000,0.100000,0.000814
(25) borders_threshold   = -94.06
     margin_forwarding   = 0.86
     min_delay           = 0.06
     max_delay           = 1.00
     neighbors_threshold = 14
     energy              = 70.37
     coverage            = 34.40 (0.03)
     nforwardings        = 3.40
     time                = 1.15
25,-94.055766,0.863144,0.056166,0.999129,14,70.370300,34.400000,3.400000,1.151460
(26) borders_threshold   = -94.01
     margin_forwarding   = 0.86
     min_delay           = 0.21
     max_delay           = 1.03
     neighbors_threshold = 25
     energy              = 68.31
     coverage            = 31.60 (0.03)
     nforwardings        = 3.30
     time                = 1.21
26,-94.009498,0.863144,0.213961,1.034009,25,68.309500,31.600000,3.300000,1.213570
(27) borders_threshold   = -93.85
     margin_forwarding   = 0.86
     min_delay           = 0.00
     max_delay           = 1.48
     neighbors_threshold = 12
     energy              = 65.27
     coverage            = 30.40 (0.03)
     nforwardings        = 3.10
     time                = 1.57
27,-93.853857,0.863144,0.000000,1.480168,12,65.274100,30.400000,3.100000,1.567020
(28) borders_threshold   = -92.52
     margin_forwarding   = 2.52
     min_delay           = 0.00
     max_delay           = 0.60
     neighbors_threshold = 17
     energy              = 148.89
     coverage            = 47.30 (0.02)
     nforwardings        = 8.30
     time                = 0.80
28,-92.520144,2.516043,0.000000,0.601841,17,148.886000,47.300000,8.300000,0.804751
(29) borders_threshold   = -70.06
     margin_forwarding   = 2.91
     min_delay           = 0.55
     max_delay           = 1.35
     neighbors_threshold = 6
     energy              = 3.51
     coverage            = 4.90 (0.20)
     nforwardings        = 4.60
     time                = 1.70
29,-70.061122,2.906659,0.549466,1.350929,6,3.510040,4.900000,4.600000,1.696660
(30) borders_threshold   = -93.11
     margin_forwarding   = 0.70
     min_delay           = 0.00
     max_delay           = 1.05
     neighbors_threshold = 0
     energy              = 117.66
     coverage            = 44.50 (0.02)
     nforwardings        = 6.70
     time                = 1.89
30,-93.106278,0.697991,0.000000,1.049755,0,117.663000,44.500000,6.700000,1.888870
(31) borders_threshold   = -91.57
     margin_forwarding   = 2.52
     min_delay           = 0.00
     max_delay           = 1.22
     neighbors_threshold = 18
     energy              = 161.72
     coverage            = 47.90 (0.02)
     nforwardings        = 9.10
     time                = 1.73
31,-91.574839,2.516043,0.000000,1.216959,18,161.722000,47.900000,9.100000,1.733920
(32) borders_threshold   = -71.21
     margin_forwarding   = 2.91
     min_delay           = 0.74
     max_delay           = 1.46
     neighbors_threshold = 0
     energy              = 6.06
     coverage            = 4.50 (0.22)
     nforwardings        = 4.20
     time                = 1.33
32,-71.206753,2.906659,0.738735,1.461332,0,6.063940,4.500000,4.200000,1.331000
(33) borders_threshold   = -71.16
     margin_forwarding   = 2.91
     min_delay           = 0.55
     max_delay           = 1.22
     neighbors_threshold = 1
     energy              = 6.68
     coverage            = 5.80 (0.17)
     nforwardings        = 5.70
     time                = 1.17
33,-71.162577,2.906659,0.549466,1.216390,1,6.684250,5.800000,5.700000,1.168040
(34) borders_threshold   = -72.05
     margin_forwarding   = 2.91
     min_delay           = 0.55
     max_delay           = 1.22
     neighbors_threshold = 0
     energy              = 3.28
     coverage            = 4.20 (0.24)
     nforwardings        = 4.10
     time                = 1.39
34,-72.046717,2.906659,0.550572,1.216390,0,3.283680,4.200000,4.100000,1.385510
(36) borders_threshold   = -93.90
     margin_forwarding   = 2.52
     min_delay           = 0.35
     max_delay           = 1.29
     neighbors_threshold = 9
     energy              = 51.27
     coverage            = 27.10 (0.04)
     nforwardings        = 2.20
     time                = 1.52
36,-93.903816,2.516043,0.346242,1.293953,9,51.265900,27.100000,2.200000,1.521430
(37) borders_threshold   = -92.36
     margin_forwarding   = 0.86
     min_delay           = 0.21
     max_delay           = 1.00
     neighbors_threshold = 16
     energy              = 143.42
     coverage            = 46.40 (0.02)
     nforwardings        = 8.00
     time                = 1.94
37,-92.361681,0.863144,0.213961,0.999129,16,143.422000,46.400000,8.000000,1.943780
(38) borders_threshold   = -92.20
     margin_forwarding   = 0.86
     min_delay           = 0.21
     max_delay           = 0.32
     neighbors_threshold = 12
     energy              = 135.49
     coverage            = 46.20 (0.02)
     nforwardings        = 7.50
     time                = 0.95
38,-92.204345,0.863144,0.213961,0.324736,12,135.494000,46.200000,7.500000,0.949778
(39) borders_threshold   = -70.00
     margin_forwarding   = 2.91
     min_delay           = 0.00
     max_delay           = 1.35
     neighbors_threshold = 9
     energy              = 14.48
     coverage            = 7.60 (0.13)
     nforwardings        = 7.30
     time                = 1.36
39,-70.000000,2.906659,0.000000,1.350929,9,14.476500,7.600000,7.300000,1.363040
(40) borders_threshold   = -94.03
     margin_forwarding   = 0.86
     min_delay           = 0.15
     max_delay           = 1.21
     neighbors_threshold = 18
     energy              = 66.95
     coverage            = 31.30 (0.03)
     nforwardings        = 3.20
     time                = 1.43
40,-94.028259,0.863144,0.154772,1.207346,18,66.954900,31.300000,3.200000,1.430410
(41) borders_threshold   = -71.99
     margin_forwarding   = 2.91
     min_delay           = 0.60
     max_delay           = 1.22
     neighbors_threshold = 0
     energy              = 5.97
     coverage            = 5.80 (0.17)
     nforwardings        = 5.80
     time                = 0.95
41,-71.992249,2.906659,0.598074,1.216390,0,5.965180,5.800000,5.800000,0.946879
(42) borders_threshold   = -93.84
     margin_forwarding   = 0.86
     min_delay           = 0.00
     max_delay           = 1.25
     neighbors_threshold = 17
     energy              = 65.37
     coverage            = 31.00 (0.03)
     nforwardings        = 3.10
     time                = 1.31
42,-93.840979,0.863144,0.000000,1.253825,17,65.374200,31.000000,3.100000,1.308730
(43) borders_threshold   = -93.23
     margin_forwarding   = 2.52
     min_delay           = 0.00
     max_delay           = 0.60
     neighbors_threshold = 21
     energy              = 104.09
     coverage            = 40.50 (0.02)
     nforwardings        = 5.50
     time                = 0.69
43,-93.226488,2.516043,0.000000,0.601841,21,104.088000,40.500000,5.500000,0.688744
(44) borders_threshold   = -70.29
     margin_forwarding   = 2.91
     min_delay           = 0.40
     max_delay           = 1.24
     neighbors_threshold = 7
     energy              = 14.57
     coverage            = 5.20 (0.19)
     nforwardings        = 4.60
     time                = 1.31
44,-70.290797,2.906659,0.403684,1.243879,7,14.565900,5.200000,4.600000,1.309540
(45) borders_threshold   = -94.11
     margin_forwarding   = 1.71
     min_delay           = 0.01
     max_delay           = 2.26
     neighbors_threshold = 0
     energy              = 36.85
     coverage            = 20.50 (0.05)
     nforwardings        = 1.30
     time                = 0.77
45,-94.110626,1.706918,0.006883,2.260830,0,36.847400,20.500000,1.300000,0.767495
(46) borders_threshold   = -93.82
     margin_forwarding   = 2.52
     min_delay           = 0.35
     max_delay           = 1.29
     neighbors_threshold = 9
     energy              = 49.66
     coverage            = 26.90 (0.04)
     nforwardings        = 2.10
     time                = 1.38
46,-93.821010,2.516043,0.346242,1.293953,9,49.663900,26.900000,2.100000,1.380700
(47) borders_threshold   = -70.00
     margin_forwarding   = 2.91
     min_delay           = 0.55
     max_delay           = 1.22
     neighbors_threshold = 5
     energy              = 0.66
     coverage            = 5.40 (0.19)
     nforwardings        = 5.40
     time                = 1.97
47,-70.000000,2.906659,0.549466,1.216390,5,0.660865,5.400000,5.400000,1.969800
(48) borders_threshold   = -94.01
     margin_forwarding   = 2.52
     min_delay           = 0.35
     max_delay           = 1.29
     neighbors_threshold = 9
     energy              = 59.28
     coverage            = 29.40 (0.03)
     nforwardings        = 2.70
     time                = 1.39
48,-94.010565,2.516043,0.346242,1.293953,9,59.276200,29.400000,2.700000,1.387260
(49) borders_threshold   = -94.45
     margin_forwarding   = 0.70
     min_delay           = 0.70
     max_delay           = 0.93
     neighbors_threshold = 20
     energy              = 26.77
     coverage            = 16.60 (0.06)
     nforwardings        = 0.70
     time                = 0.48
49,-94.454916,0.697991,0.696703,0.929782,20,26.770600,16.600000,0.700000,0.475474
(50) borders_threshold   = -70.04
     margin_forwarding   = 2.91
     min_delay           = 0.55
     max_delay           = 1.58
     neighbors_threshold = 6
     energy              = 9.60
     coverage            = 6.00 (0.17)
     nforwardings        = 5.40
     time                = 1.55
50,-70.044663,2.906659,0.549466,1.583946,6,9.597680,6.000000,5.400000,1.551350
(51) borders_threshold   = -93.06
     margin_forwarding   = 0.86
     min_delay           = 0.00
     max_delay           = 0.92
     neighbors_threshold = 11
     energy              = 119.60
     coverage            = 43.40 (0.02)
     nforwardings        = 6.50
     time                = 1.51
51,-93.061003,0.863144,0.000000,0.921060,11,119.602000,43.400000,6.500000,1.514480
(52) borders_threshold   = -93.86
     margin_forwarding   = 2.52
     min_delay           = 0.35
     max_delay           = 1.29
     neighbors_threshold = 9
     energy              = 46.46
     coverage            = 26.00 (0.04)
     nforwardings        = 1.90
     time                = 1.33
52,-93.855470,2.516043,0.346242,1.293953,9,46.459700,26.000000,1.900000,1.326030
(53) borders_threshold   = -94.11
     margin_forwarding   = 2.91
     min_delay           = 0.00
     max_delay           = 0.99
     neighbors_threshold = 27
     energy              = 40.05
     coverage            = 25.30 (0.04)
     nforwardings        = 1.50
     time                = 0.43
53,-94.105381,2.906659,0.000000,0.990111,27,40.051500,25.300000,1.500000,0.426822
(54) borders_threshold   = -70.80
     margin_forwarding   = 2.91
     min_delay           = 0.00
     max_delay           = 0.90
     neighbors_threshold = 1
     energy              = 7.17
     coverage            = 5.60 (0.18)
     nforwardings        = 5.20
     time                = 0.82
54,-70.798114,2.906659,0.000000,0.898298,1,7.167270,5.600000,5.200000,0.818017
(55) borders_threshold   = -93.12
     margin_forwarding   = 2.52
     min_delay           = 0.41
     max_delay           = 0.83
     neighbors_threshold = 8
     energy              = 107.34
     coverage            = 41.70 (0.02)
     nforwardings        = 5.70
     time                = 1.67
55,-93.123129,2.516043,0.411955,0.834560,8,107.338000,41.700000,5.700000,1.670590
(56) borders_threshold   = -70.00
     margin_forwarding   = 2.91
     min_delay           = 0.55
     max_delay           = 1.58
     neighbors_threshold = 7
     energy              = 14.04
     coverage            = 5.20 (0.19)
     nforwardings        = 4.70
     time                = 1.41
56,-70.000000,2.906659,0.549466,1.583946,7,14.036400,5.200000,4.700000,1.413030
(57) borders_threshold   = -93.19
     margin_forwarding   = 2.52
     min_delay           = 0.00
     max_delay           = 0.60
     neighbors_threshold = 19
     energy              = 105.69
     coverage            = 40.90 (0.02)
     nforwardings        = 5.60
     time                = 0.78
57,-93.192501,2.516043,0.000000,0.601841,19,105.690000,40.900000,5.600000,0.780343
(58) borders_threshold   = -70.00
     margin_forwarding   = 2.91
     min_delay           = 0.55
     max_delay           = 1.14
     neighbors_threshold = 4
     energy              = 3.17
     coverage            = 4.90 (0.20)
     nforwardings        = 4.90
     time                = 1.59
58,-70.000000,2.906659,0.549466,1.139137,4,3.174490,4.900000,4.900000,1.590260
(59) borders_threshold   = -70.00
     margin_forwarding   = 2.91
     min_delay           = 0.64
     max_delay           = 1.35
     neighbors_threshold = 3
     energy              = 1.64
     coverage            = 5.40 (0.19)
     nforwardings        = 5.20
     time                = 1.87
59,-70.000000,2.906659,0.637950,1.350929,3,1.644690,5.400000,5.200000,1.866260
(60) borders_threshold   = -92.00
     margin_forwarding   = 0.86
     min_delay           = 0.21
     max_delay           = 0.99
     neighbors_threshold = 38
     energy              = 152.43
     coverage            = 47.80 (0.02)
     nforwardings        = 8.60
     time                = 1.63
60,-91.996073,0.863144,0.213961,0.992066,38,152.426000,47.800000,8.600000,1.631780
(61) borders_threshold   = -70.00
     margin_forwarding   = 2.91
     min_delay           = 0.82
     max_delay           = 1.22
     neighbors_threshold = 6
     energy              = 2.30
     coverage            = 5.10 (0.20)
     nforwardings        = 5.00
     time                = 1.90
61,-70.000000,2.906659,0.818396,1.216390,6,2.296460,5.100000,5.000000,1.898890
(62) borders_threshold   = -70.00
     margin_forwarding   = 2.91
     min_delay           = 0.00
     max_delay           = 0.90
     neighbors_threshold = 6
     energy              = 1.65
     coverage            = 5.70 (0.18)
     nforwardings        = 5.50
     time                = 0.68
62,-70.000000,2.906659,0.000000,0.898298,6,1.645370,5.700000,5.500000,0.676518
(63) borders_threshold   = -94.04
     margin_forwarding   = 1.71
     min_delay           = 0.08
     max_delay           = 0.32
     neighbors_threshold = 24
     energy              = 38.27
     coverage            = 21.90 (0.05)
     nforwardings        = 1.40
     time                = 0.22
63,-94.042874,1.706918,0.080141,0.315891,24,38.266100,21.900000,1.400000,0.222238
(64) borders_threshold   = -70.00
     margin_forwarding   = 2.91
     min_delay           = 0.55
     max_delay           = 1.14
     neighbors_threshold = 8
     energy              = 14.60
     coverage            = 6.80 (0.15)
     nforwardings        = 6.40
     time                = 1.59
64,-70.000000,2.906659,0.549466,1.139137,8,14.603700,6.800000,6.400000,1.594130
(65) borders_threshold   = -94.56
     margin_forwarding   = 0.86
     min_delay           = 1.00
     max_delay           = 0.00
     neighbors_threshold = 30
     energy              = 28.51
     coverage            = 18.00 (0.06)
     nforwardings        = 0.80
     time                = 0.29
65,-94.556735,0.863144,1.000000,0.000000,30,28.510900,18.000000,0.800000,0.291490
(66) borders_threshold   = -71.75
     margin_forwarding   = 2.91
     min_delay           = 0.30
     max_delay           = 1.22
     neighbors_threshold = 0
     energy              = 8.82
     coverage            = 6.20 (0.16)
     nforwardings        = 6.00
     time                = 1.54
66,-71.754762,2.906659,0.297709,1.216390,0,8.823600,6.200000,6.000000,1.539270
(67) borders_threshold   = -70.00
     margin_forwarding   = 2.91
     min_delay           = 0.40
     max_delay           = 1.22
     neighbors_threshold = 4
     energy              = 5.97
     coverage            = 5.40 (0.19)
     nforwardings        = 4.80
     time                = 1.05
67,-70.000000,2.906659,0.403684,1.216390,4,5.972580,5.400000,4.800000,1.053820
(68) borders_threshold   = -91.65
     margin_forwarding   = 2.52
     min_delay           = 0.00
     max_delay           = 0.60
     neighbors_threshold = 32
     energy              = 174.25
     coverage            = 48.80 (0.02)
     nforwardings        = 9.90
     time                = 0.90
68,-91.646793,2.516043,0.000000,0.601841,32,174.251000,48.800000,9.900000,0.897544
(69) borders_threshold   = -94.15
     margin_forwarding   = 0.86
     min_delay           = 0.15
     max_delay           = 1.21
     neighbors_threshold = 10
     energy              = 35.19
     coverage            = 19.10 (0.05)
     nforwardings        = 1.20
     time                = 0.45
69,-94.150829,0.863144,0.152736,1.207346,10,35.186500,19.100000,1.200000,0.452249
(70) borders_threshold   = -70.00
     margin_forwarding   = 2.91
     min_delay           = 0.55
     max_delay           = 1.35
     neighbors_threshold = 4
     energy              = 6.40
     coverage            = 5.10 (0.20)
     nforwardings        = 4.50
     time                = 1.18
70,-70.000000,2.906659,0.549466,1.350929,4,6.401350,5.100000,4.500000,1.181810
(71) borders_threshold   = -91.76
     margin_forwarding   = 2.52
     min_delay           = 0.00
     max_delay           = 1.22
     neighbors_threshold = 35
     energy              = 163.37
     coverage            = 48.50 (0.02)
     nforwardings        = 9.20
     time                = 1.50
71,-91.755215,2.516043,0.000000,1.216959,35,163.369000,48.500000,9.200000,1.499880
(72) borders_threshold   = -94.54
     margin_forwarding   = 0.70
     min_delay           = 0.00
     max_delay           = 0.98
     neighbors_threshold = 0
     energy              = 25.17
     coverage            = 16.20 (0.06)
     nforwardings        = 0.60
     time                = 0.21
72,-94.539549,0.697991,0.000000,0.983920,0,25.168600,16.200000,0.600000,0.208201
(73) borders_threshold   = -94.84
     margin_forwarding   = 0.16
     min_delay           = 0.02
     max_delay           = 1.97
     neighbors_threshold = 0
     energy              = 21.71
     coverage            = 15.20 (0.07)
     nforwardings        = 0.40
     time                = 0.62
73,-94.841828,0.161305,0.017332,1.971547,0,21.708000,15.200000,0.400000,0.620688
(74) borders_threshold   = -71.69
     margin_forwarding   = 2.91
     min_delay           = 0.55
     max_delay           = 1.29
     neighbors_threshold = 0
     energy              = 11.33
     coverage            = 7.00 (0.14)
     nforwardings        = 6.80
     time                = 1.88
74,-71.694658,2.906659,0.549466,1.292697,0,11.328300,7.000000,6.800000,1.883690
(75) borders_threshold   = -71.08
     margin_forwarding   = 2.91
     min_delay           = 0.00
     max_delay           = 1.18
     neighbors_threshold = 4
     energy              = 1.44
     coverage            = 4.70 (0.21)
     nforwardings        = 4.30
     time                = 0.91
75,-71.077530,2.906659,0.000000,1.178097,4,1.444780,4.700000,4.300000,0.912007
(76) borders_threshold   = -94.86
     margin_forwarding   = 0.16
     min_delay           = 0.02
     max_delay           = 5.00
     neighbors_threshold = 15
     energy              = 18.59
     coverage            = 13.70 (0.07)
     nforwardings        = 0.20
     time                = 0.49
76,-94.862221,0.161305,0.017332,5.000000,15,18.588200,13.700000,0.200000,0.494918
(77) borders_threshold   = -91.99
     margin_forwarding   = 0.86
     min_delay           = 0.21
     max_delay           = 1.00
     neighbors_threshold = 14
     energy              = 149.20
     coverage            = 47.60 (0.02)
     nforwardings        = 8.40
     time                = 1.60
77,-91.985061,0.863144,0.213961,0.999129,14,149.199000,47.600000,8.400000,1.601830
(78) borders_threshold   = -70.58
     margin_forwarding   = 2.91
     min_delay           = 0.68
     max_delay           = 1.55
     neighbors_threshold = 0
     energy              = 1.14
     coverage            = 3.50 (0.29)
     nforwardings        = 3.30
     time                = 1.05
78,-70.576895,2.906659,0.678798,1.546882,0,1.141820,3.500000,3.300000,1.045550
(79) borders_threshold   = -93.51
     margin_forwarding   = 0.86
     min_delay           = 0.15
     max_delay           = 1.21
     neighbors_threshold = 12
     energy              = 92.14
     coverage            = 37.50 (0.03)
     nforwardings        = 4.80
     time                = 1.90
79,-93.513739,0.863144,0.152736,1.207346,12,92.137000,37.500000,4.800000,1.903850
(80) borders_threshold   = -71.67
     margin_forwarding   = 2.91
     min_delay           = 0.52
     max_delay           = 1.09
     neighbors_threshold = 2
     energy              = 7.15
     coverage            = 5.90 (0.17)
     nforwardings        = 5.80
     time                = 1.14
80,-71.672111,2.906659,0.518691,1.089239,2,7.153240,5.900000,5.800000,1.138730
(81) borders_threshold   = -93.62
     margin_forwarding   = 2.52
     min_delay           = 0.35
     max_delay           = 0.92
     neighbors_threshold = 15
     energy              = 94.52
     coverage            = 40.10 (0.02)
     nforwardings        = 4.90
     time                = 1.70
81,-93.619062,2.516043,0.346242,0.917314,15,94.521500,40.100000,4.900000,1.702070
(82) borders_threshold   = -94.80
     margin_forwarding   = 0.16
     min_delay           = 0.02
     max_delay           = 4.98
     neighbors_threshold = 13
     energy              = 23.16
     coverage            = 15.50 (0.06)
     nforwardings        = 0.50
     time                = 1.32
82,-94.797951,0.161305,0.017332,4.980220,13,23.158700,15.500000,0.500000,1.318060
(83) borders_threshold   = -70.00
     margin_forwarding   = 2.91
     min_delay           = 0.55
     max_delay           = 0.00
     neighbors_threshold = 1
     energy              = 0.87
     coverage            = 4.10 (0.24)
     nforwardings        = 4.00
     time                = 0.40
83,-70.000000,2.906659,0.549466,0.000000,1,0.872250,4.100000,4.000000,0.396041
(84) borders_threshold   = -94.07
     margin_forwarding   = 0.86
     min_delay           = 0.22
     max_delay           = 1.21
     neighbors_threshold = 6
     energy              = 75.17
     coverage            = 35.80 (0.03)
     nforwardings        = 3.70
     time                = 1.85
84,-94.066819,0.863144,0.216136,1.207346,6,75.172300,35.800000,3.700000,1.852840
(85) borders_threshold   = -94.16
     margin_forwarding   = 0.86
     min_delay           = 0.00
     max_delay           = 1.49
     neighbors_threshold = 12
     energy              = 35.19
     coverage            = 19.30 (0.05)
     nforwardings        = 1.20
     time                = 0.52
85,-94.158245,0.863144,0.000000,1.493367,12,35.191300,19.300000,1.200000,0.519822
(86) borders_threshold   = -91.54
     margin_forwarding   = 0.86
     min_delay           = 0.21
     max_delay           = 1.00
     neighbors_threshold = 21
     energy              = 162.47
     coverage            = 48.10 (0.02)
     nforwardings        = 9.20
     time                = 1.87
86,-91.544444,0.863144,0.213961,0.999129,21,162.469000,48.100000,9.200000,1.869820
(87) borders_threshold   = -72.57
     margin_forwarding   = 2.91
     min_delay           = 0.55
     max_delay           = 1.58
     neighbors_threshold = 0
     energy              = 14.44
     coverage            = 7.60 (0.13)
     nforwardings        = 7.40
     time                = 1.87
87,-72.574997,2.906659,0.549466,1.583946,0,14.436700,7.600000,7.400000,1.867090
(88) borders_threshold   = -91.40
     margin_forwarding   = 0.86
     min_delay           = 0.21
     max_delay           = 1.00
     neighbors_threshold = 20
     energy              = 176.62
     coverage            = 49.00 (0.02)
     nforwardings        = 10.10
     time                = 1.90
88,-91.401208,0.863144,0.213961,0.999129,20,176.616000,49.000000,10.100000,1.895240
(89) borders_threshold   = -92.90
     margin_forwarding   = 2.52
     min_delay           = 0.00
     max_delay           = 0.18
     neighbors_threshold = 38
     energy              = 132.97
     coverage            = 45.80 (0.02)
     nforwardings        = 7.30
     time                = 0.32
89,-92.895310,2.516043,0.000000,0.184911,38,132.971000,45.800000,7.300000,0.319854
(90) borders_threshold   = -70.00
     margin_forwarding   = 2.91
     min_delay           = 0.30
     max_delay           = 1.22
     neighbors_threshold = 6
     energy              = 10.32
     coverage            = 5.70 (0.18)
     nforwardings        = 4.90
     time                = 0.87
90,-70.000000,2.906659,0.297709,1.216390,6,10.319600,5.700000,4.900000,0.870156
(91) borders_threshold   = -94.13
     margin_forwarding   = 0.86
     min_delay           = 0.30
     max_delay           = 1.03
     neighbors_threshold = 16
     energy              = 57.60
     coverage            = 28.40 (0.04)
     nforwardings        = 2.60
     time                = 1.22
91,-94.130224,0.863144,0.302845,1.034112,16,57.597500,28.400000,2.600000,1.218400
(92) borders_threshold   = -93.86
     margin_forwarding   = 0.70
     min_delay           = 0.55
     max_delay           = 0.00
     neighbors_threshold = 13
     energy              = 87.92
     coverage            = 36.50 (0.03)
     nforwardings        = 4.50
     time                = 0.56
92,-93.861209,0.697991,0.554666,0.000000,13,87.919800,36.500000,4.500000,0.559022
(93) borders_threshold   = -94.07
     margin_forwarding   = 0.86
     min_delay           = 0.21
     max_delay           = 1.02
     neighbors_threshold = 30
     energy              = 58.87
     coverage            = 28.50 (0.04)
     nforwardings        = 2.70
     time                = 1.25
93,-94.067734,0.863144,0.213961,1.024131,30,58.871600,28.500000,2.700000,1.251350
(94) borders_threshold   = -94.11
     margin_forwarding   = 0.86
     min_delay           = 0.15
     max_delay           = 1.21
     neighbors_threshold = 17
     energy              = 68.82
     coverage            = 32.30 (0.03)
     nforwardings        = 3.30
     time                = 1.41
94,-94.114366,0.863144,0.154772,1.207346,17,68.821900,32.300000,3.300000,1.413460
(95) borders_threshold   = -71.05
     margin_forwarding   = 2.91
     min_delay           = 0.00
     max_delay           = 1.58
     neighbors_threshold = 4
     energy              = 6.95
     coverage            = 4.40 (0.23)
     nforwardings        = 4.10
     time                = 1.36
95,-71.050777,2.906659,0.000000,1.583946,4,6.954220,4.400000,4.100000,1.357410
(96) borders_threshold   = -70.00
     margin_forwarding   = 2.91
     min_delay           = 0.60
     max_delay           = 1.14
     neighbors_threshold = 5
     energy              = 5.06
     coverage            = 5.10 (0.20)
     nforwardings        = 4.90
     time                = 1.73
96,-70.000000,2.906659,0.598917,1.139137,5,5.055080,5.100000,4.900000,1.725430
(97) borders_threshold   = -94.80
     margin_forwarding   = 0.16
     min_delay           = 0.02
     max_delay           = 5.00
     neighbors_threshold = 19
     energy              = 21.50
     coverage            = 14.40 (0.07)
     nforwardings        = 0.40
     time                = 1.03
97,-94.804846,0.161305,0.017332,5.000000,19,21.504200,14.400000,0.400000,1.026830
(98) borders_threshold   = -70.00
     margin_forwarding   = 2.91
     min_delay           = 0.49
     max_delay           = 0.99
     neighbors_threshold = 7
     energy              = 0.02
     coverage            = 4.40 (0.23)
     nforwardings        = 4.20
     time                = 1.05
98,-70.000000,2.906659,0.488083,0.985996,7,0.022114,4.400000,4.200000,1.054780
(99) borders_threshold   = -93.35
     margin_forwarding   = 0.86
     min_delay           = 0.21
     max_delay           = 1.00
     neighbors_threshold = 16
     energy              = 94.13
     coverage            = 39.00 (0.03)
     nforwardings        = 4.90
     time                = 1.78
99,-93.346557,0.863144,0.213961,0.999129,16,94.132400,39.000000,4.900000,1.781960

real	188m40.961s
user	159m25.990s
sys	28m56.024s
