++ cd /home/clusterusers/siturriaga/itu-maestria/trunk/aedb-mls
++ ITERATIONS=250
++ THREADS=12
++ INSTANCE=25
++ SIMULS=10
++ export LD_LIBRARY_PATH=:/home/clusterusers/siturriaga/ns3Files
++ LD_LIBRARY_PATH=:/home/clusterusers/siturriaga/ns3Files
++ /home/users/siturriaga/bin/mpich2-1.4.1p1/bin/mpiexec -launcher ssh -launcher-exec oarsh -f /var/lib/oar/2644136 -np 9 -ppn 1 bin/mls.rand 27147 250 12 10 25
Warning: Permanently added '[gaia-35]:6667,[10.226.1.35]:6667' (RSA) to the list of known hosts.
[DEBUG] argc = 6
===========================================================
Configuración
===========================================================
   Random seed        = 27147
   MPI size           = 9
   MLS.count_threads  = 12
   MLS.max_iterations = 250
   MLS.number_devices = 25
   MLS.simul_runs     = 10
   MLS.init           = MLS__RANDOM
===========================================================
[DEBUG] argc = 6
[DEBUG] argc = 6
[DEBUG] argc = 6
[DEBUG] argc = 6
[DEBUG] argc = 6
[DEBUG] argc = 6
[DEBUG] argc = 6
[DEBUG] argc = 6
[DEBUG][2] Thread 0 starting solution:
-> borders_threshold   : -86.1914
   margin_forwarding   : 1.2184
   min_delay           : 0.4074
   max_delay           : 0.8513
   neighbors_threshold : 31
   energy              : 182.2310
   coverage            : 21.7000
   nforwardings        : 11.6000
   time                : 2.2809
[DEBUG][5] Thread 0 starting solution:
-> borders_threshold   : -76.9004
   margin_forwarding   : 1.3764
   min_delay           : 0.4126
   max_delay           : 2.0381
   neighbors_threshold : 0
   energy              : 15.7367
   coverage            : 3.5000
   nforwardings        : 3.0000
   time                : 1.5059
[DEBUG][4] Thread 0 starting solution:
-> borders_threshold   : -88.8806
   margin_forwarding   : 2.9900
   min_delay           : 0.1033
   max_delay           : 0.0366
   neighbors_threshold : 12
   energy              : 128.0580
   coverage            : 17.8000
   nforwardings        : 7.0000
   time                : 0.1784
[DEBUG][3] Thread 0 starting solution:
-> borders_threshold   : -76.5415
   margin_forwarding   : 1.9973
   min_delay           : 0.7121
   max_delay           : 4.4786
   neighbors_threshold : 47
   energy              : 216.3040
   coverage            : 18.1000
   nforwardings        : 13.1000
   time                : 7.9348
[DEBUG][1] Thread 0 starting solution:
-> borders_threshold   : -71.0106
   margin_forwarding   : 2.9307
   min_delay           : 0.3319
   max_delay           : 1.3030
   neighbors_threshold : 16
   energy              : 328.0460
   coverage            : 23.4000
   nforwardings        : 21.4000
   time                : 2.9398
[INFO][AGA] Kaput!
[INFO] AGA information ============================================ 
[INFO] Population count: 96
[INFO] Population:
(0) borders_threshold   = -71.32
     margin_forwarding   = 0.76
     min_delay           = 0.00
     max_delay           = 2.19
     neighbors_threshold = 0
     energy              = 2.69
     coverage            = 2.10 (0.48)
     nforwardings        = 2.10
     time                = 0.93
0,-71.321346,0.759602,0.000000,2.193495,0,2.693260,2.100000,2.100000,0.926512
(1) borders_threshold   = -87.71
     margin_forwarding   = 1.11
     min_delay           = 1.00
     max_delay           = 2.43
     neighbors_threshold = 28
     energy              = 160.47
     coverage            = 21.90 (0.05)
     nforwardings        = 9.80
     time                = 5.71
1,-87.713576,1.109602,0.995919,2.425838,28,160.466000,21.900000,9.800000,5.708500
(2) borders_threshold   = -73.22
     margin_forwarding   = 1.27
     min_delay           = 0.70
     max_delay           = 2.75
     neighbors_threshold = 2
     energy              = 10.91
     coverage            = 3.10 (0.32)
     nforwardings        = 2.80
     time                = 1.59
2,-73.224421,1.273546,0.695110,2.754685,2,10.914800,3.100000,2.800000,1.591420
(3) borders_threshold   = -90.74
     margin_forwarding   = 0.76
     min_delay           = 0.07
     max_delay           = 1.04
     neighbors_threshold = 39
     energy              = 108.38
     coverage            = 19.00 (0.05)
     nforwardings        = 6.00
     time                = 1.45
3,-90.736442,0.764816,0.065429,1.043751,39,108.380000,19.000000,6.000000,1.452970
(4) borders_threshold   = -92.50
     margin_forwarding   = 0.30
     min_delay           = 0.00
     max_delay           = 0.32
     neighbors_threshold = 33
     energy              = 70.80
     coverage            = 16.10 (0.06)
     nforwardings        = 3.60
     time                = 0.37
4,-92.495045,0.299096,0.000000,0.316503,33,70.797000,16.100000,3.600000,0.371641
(5) borders_threshold   = -92.80
     margin_forwarding   = 1.09
     min_delay           = 0.10
     max_delay           = 0.04
     neighbors_threshold = 27
     energy              = 65.17
     coverage            = 15.30 (0.07)
     nforwardings        = 3.10
     time                = 0.16
5,-92.804592,1.085802,0.103689,0.040563,27,65.173900,15.300000,3.100000,0.160292
(6) borders_threshold   = -73.63
     margin_forwarding   = 0.76
     min_delay           = 0.36
     max_delay           = 2.38
     neighbors_threshold = 0
     energy              = 2.53
     coverage            = 2.00 (0.50)
     nforwardings        = 2.00
     time                = 0.80
6,-73.631652,0.759602,0.364237,2.381755,0,2.529350,2.000000,2.000000,0.803464
(7) borders_threshold   = -93.00
     margin_forwarding   = 0.76
     min_delay           = 0.07
     max_delay           = 1.16
     neighbors_threshold = 44
     energy              = 85.42
     coverage            = 17.80 (0.06)
     nforwardings        = 4.50
     time                = 1.86
7,-93.003528,0.764816,0.065429,1.161134,44,85.423200,17.800000,4.500000,1.861390
(8) borders_threshold   = -88.02
     margin_forwarding   = 0.76
     min_delay           = 0.08
     max_delay           = 2.48
     neighbors_threshold = 46
     energy              = 143.96
     coverage            = 20.70 (0.05)
     nforwardings        = 8.90
     time                = 3.38
8,-88.023785,0.764816,0.081913,2.475029,46,143.959000,20.700000,8.900000,3.376950
(9) borders_threshold   = -93.20
     margin_forwarding   = 0.30
     min_delay           = 0.11
     max_delay           = 2.02
     neighbors_threshold = 2
     energy              = 56.55
     coverage            = 13.90 (0.07)
     nforwardings        = 2.70
     time                = 1.50
9,-93.195783,0.299096,0.106235,2.023333,2,56.548600,13.900000,2.700000,1.495680
(10) borders_threshold   = -87.95
     margin_forwarding   = 2.16
     min_delay           = 0.87
     max_delay           = 3.06
     neighbors_threshold = 28
     energy              = 144.97
     coverage            = 21.30 (0.05)
     nforwardings        = 8.50
     time                = 5.99
10,-87.947551,2.159844,0.865469,3.058948,28,144.971000,21.300000,8.500000,5.988080
(11) borders_threshold   = -74.96
     margin_forwarding   = 0.76
     min_delay           = 0.00
     max_delay           = 1.44
     neighbors_threshold = 0
     energy              = 6.87
     coverage            = 2.70 (0.37)
     nforwardings        = 2.30
     time                = 0.55
11,-74.959916,0.759602,0.000000,1.437405,0,6.871960,2.700000,2.300000,0.547706
(12) borders_threshold   = -94.37
     margin_forwarding   = 0.76
     min_delay           = 0.08
     max_delay           = 2.55
     neighbors_threshold = 46
     energy              = 22.09
     coverage            = 8.10 (0.12)
     nforwardings        = 0.70
     time                = 0.80
12,-94.367054,0.764816,0.081913,2.553606,46,22.088200,8.100000,0.700000,0.799661
(13) borders_threshold   = -94.22
     margin_forwarding   = 0.30
     min_delay           = 0.00
     max_delay           = 0.55
     neighbors_threshold = 25
     energy              = 39.34
     coverage            = 11.20 (0.09)
     nforwardings        = 1.60
     time                = 0.43
13,-94.224265,0.299096,0.000000,0.546829,25,39.337900,11.200000,1.600000,0.431144
(14) borders_threshold   = -85.64
     margin_forwarding   = 0.76
     min_delay           = 0.07
     max_delay           = 1.04
     neighbors_threshold = 36
     energy              = 195.56
     coverage            = 23.60 (0.04)
     nforwardings        = 13.00
     time                = 1.85
14,-85.644827,0.764816,0.065429,1.043751,36,195.557000,23.600000,13.000000,1.852470
(15) borders_threshold   = -92.75
     margin_forwarding   = 0.30
     min_delay           = 0.00
     max_delay           = 0.32
     neighbors_threshold = 35
     energy              = 77.58
     coverage            = 17.00 (0.06)
     nforwardings        = 4.00
     time                = 0.40
15,-92.750149,0.299096,0.000000,0.316503,35,77.583900,17.000000,4.000000,0.395161
(16) borders_threshold   = -87.85
     margin_forwarding   = 0.30
     min_delay           = 0.11
     max_delay           = 2.39
     neighbors_threshold = 13
     energy              = 176.53
     coverage            = 23.30 (0.04)
     nforwardings        = 11.30
     time                = 4.14
16,-87.852857,0.299096,0.106235,2.389181,13,176.533000,23.300000,11.300000,4.141300
(17) borders_threshold   = -94.35
     margin_forwarding   = 0.76
     min_delay           = 0.44
     max_delay           = 1.74
     neighbors_threshold = 13
     energy              = 29.64
     coverage            = 9.80 (0.10)
     nforwardings        = 0.90
     time                = 0.79
17,-94.351870,0.759602,0.435360,1.741579,13,29.642300,9.800000,0.900000,0.791548
(18) borders_threshold   = -75.62
     margin_forwarding   = 0.89
     min_delay           = 0.25
     max_delay           = 1.86
     neighbors_threshold = 18
     energy              = 310.21
     coverage            = 24.00 (0.04)
     nforwardings        = 21.10
     time                = 3.69
18,-75.621803,0.889657,0.251101,1.856161,18,310.209000,24.000000,21.100000,3.687720
(19) borders_threshold   = -94.48
     margin_forwarding   = 0.76
     min_delay           = 0.00
     max_delay           = 2.55
     neighbors_threshold = 45
     energy              = 25.36
     coverage            = 9.20 (0.11)
     nforwardings        = 0.60
     time                = 0.54
19,-94.479682,0.764816,0.000000,2.553606,45,25.355500,9.200000,0.600000,0.537807
(20) borders_threshold   = -74.53
     margin_forwarding   = 0.76
     min_delay           = 0.66
     max_delay           = 2.47
     neighbors_threshold = 1
     energy              = 7.71
     coverage            = 2.10 (0.48)
     nforwardings        = 1.60
     time                = 0.78
20,-74.534791,0.759602,0.663774,2.472122,1,7.707030,2.100000,1.600000,0.775351
(22) borders_threshold   = -71.09
     margin_forwarding   = 0.76
     min_delay           = 0.36
     max_delay           = 2.89
     neighbors_threshold = 0
     energy              = 0.02
     coverage            = 1.80 (0.56)
     nforwardings        = 1.80
     time                = 0.85
22,-71.094630,0.759602,0.364237,2.885702,0,0.024238,1.800000,1.800000,0.854656
(24) borders_threshold   = -94.38
     margin_forwarding   = 0.30
     min_delay           = 0.11
     max_delay           = 2.09
     neighbors_threshold = 1
     energy              = 39.36
     coverage            = 11.80 (0.08)
     nforwardings        = 1.60
     time                = 1.73
24,-94.384938,0.299096,0.106235,2.092561,1,39.355200,11.800000,1.600000,1.733120
(25) borders_threshold   = -94.34
     margin_forwarding   = 2.23
     min_delay           = 0.64
     max_delay           = 1.46
     neighbors_threshold = 39
     energy              = 38.21
     coverage            = 10.90 (0.09)
     nforwardings        = 1.40
     time                = 1.23
25,-94.335520,2.232371,0.636073,1.464527,39,38.206300,10.900000,1.400000,1.231820
(26) borders_threshold   = -72.51
     margin_forwarding   = 0.76
     min_delay           = 0.00
     max_delay           = 2.28
     neighbors_threshold = 1
     energy              = 5.61
     coverage            = 2.20 (0.45)
     nforwardings        = 1.70
     time                = 0.66
26,-72.512585,0.759602,0.000000,2.281128,1,5.613030,2.200000,1.700000,0.658439
(27) borders_threshold   = -75.12
     margin_forwarding   = 0.76
     min_delay           = 0.00
     max_delay           = 2.56
     neighbors_threshold = 0
     energy              = 8.68
     coverage            = 2.30 (0.43)
     nforwardings        = 1.80
     time                = 0.90
27,-75.119978,0.759602,0.000000,2.560195,0,8.679060,2.300000,1.800000,0.896643
(28) borders_threshold   = -93.72
     margin_forwarding   = 1.16
     min_delay           = 0.00
     max_delay           = 0.36
     neighbors_threshold = 9
     energy              = 52.36
     coverage            = 13.40 (0.07)
     nforwardings        = 2.30
     time                = 0.29
28,-93.715887,1.162841,0.000434,0.355669,9,52.358200,13.400000,2.300000,0.289918
(29) borders_threshold   = -91.86
     margin_forwarding   = 1.09
     min_delay           = 1.00
     max_delay           = 0.00
     neighbors_threshold = 18
     energy              = 88.35
     coverage            = 18.00 (0.06)
     nforwardings        = 4.60
     time                = 1.11
29,-91.855188,1.085802,1.000000,0.000000,18,88.354400,18.000000,4.600000,1.109960
(30) borders_threshold   = -72.49
     margin_forwarding   = 0.76
     min_delay           = 1.00
     max_delay           = 4.68
     neighbors_threshold = 1
     energy              = 3.76
     coverage            = 2.50 (0.40)
     nforwardings        = 2.20
     time                = 1.93
30,-72.493628,0.759602,1.000000,4.682767,1,3.760110,2.500000,2.200000,1.930900
(31) borders_threshold   = -94.27
     margin_forwarding   = 0.76
     min_delay           = 0.00
     max_delay           = 1.14
     neighbors_threshold = 3
     energy              = 19.52
     coverage            = 7.70 (0.13)
     nforwardings        = 0.30
     time                = 0.11
31,-94.272926,0.759602,0.000000,1.143440,3,19.515500,7.700000,0.300000,0.106095
(32) borders_threshold   = -95.00
     margin_forwarding   = 0.30
     min_delay           = 0.11
     max_delay           = 2.39
     neighbors_threshold = 3
     energy              = 15.02
     coverage            = 4.80 (0.21)
     nforwardings        = 0.00
     time                = 0.00
32,-95.000000,0.299096,0.106235,2.389181,3,15.019900,4.800000,0.000000,0.000736
(33) borders_threshold   = -73.83
     margin_forwarding   = 0.76
     min_delay           = 0.36
     max_delay           = 2.89
     neighbors_threshold = 2
     energy              = 12.12
     coverage            = 3.60 (0.28)
     nforwardings        = 3.30
     time                = 1.94
33,-73.832988,0.759602,0.364237,2.885702,2,12.121900,3.600000,3.300000,1.938020
(34) borders_threshold   = -86.45
     margin_forwarding   = 0.30
     min_delay           = 0.11
     max_delay           = 0.08
     neighbors_threshold = 15
     energy              = 195.16
     coverage            = 23.50 (0.04)
     nforwardings        = 12.90
     time                = 0.34
34,-86.451327,0.299096,0.106235,0.079745,15,195.161000,23.500000,12.900000,0.337973
(35) borders_threshold   = -87.30
     margin_forwarding   = 0.76
     min_delay           = 0.00
     max_delay           = 0.16
     neighbors_threshold = 10
     energy              = 172.16
     coverage            = 22.20 (0.05)
     nforwardings        = 10.70
     time                = 0.24
35,-87.299759,0.759602,0.000000,0.156285,10,172.156000,22.200000,10.700000,0.237976
(36) borders_threshold   = -89.44
     margin_forwarding   = 0.76
     min_delay           = 0.00
     max_delay           = 0.16
     neighbors_threshold = 8
     energy              = 142.78
     coverage            = 20.60 (0.05)
     nforwardings        = 8.40
     time                = 0.21
36,-89.438410,0.759602,0.000000,0.156285,8,142.780000,20.600000,8.400000,0.207293
(37) borders_threshold   = -86.66
     margin_forwarding   = 0.76
     min_delay           = 0.00
     max_delay           = 0.16
     neighbors_threshold = 11
     energy              = 174.76
     coverage            = 22.50 (0.04)
     nforwardings        = 10.90
     time                = 0.23
37,-86.664776,0.759602,0.000000,0.156285,11,174.760000,22.500000,10.900000,0.231201
(38) borders_threshold   = -71.73
     margin_forwarding   = 0.76
     min_delay           = 0.66
     max_delay           = 2.47
     neighbors_threshold = 0
     energy              = 8.13
     coverage            = 2.30 (0.43)
     nforwardings        = 2.00
     time                = 1.13
38,-71.733988,0.759602,0.663774,2.472122,0,8.128930,2.300000,2.000000,1.134290
(39) borders_threshold   = -92.97
     margin_forwarding   = 1.22
     min_delay           = 0.20
     max_delay           = 0.85
     neighbors_threshold = 24
     energy              = 64.82
     coverage            = 14.90 (0.07)
     nforwardings        = 3.10
     time                = 0.91
39,-92.967816,1.218389,0.202670,0.851306,24,64.820400,14.900000,3.100000,0.914713
(40) borders_threshold   = -94.16
     margin_forwarding   = 0.89
     min_delay           = 0.00
     max_delay           = 1.44
     neighbors_threshold = 17
     energy              = 26.75
     coverage            = 9.30 (0.11)
     nforwardings        = 0.70
     time                = 0.41
40,-94.157573,0.889657,0.000000,1.440014,17,26.750800,9.300000,0.700000,0.405167
(41) borders_threshold   = -93.80
     margin_forwarding   = 1.09
     min_delay           = 0.00
     max_delay           = 1.03
     neighbors_threshold = 17
     energy              = 51.26
     coverage            = 13.10 (0.08)
     nforwardings        = 2.20
     time                = 0.92
41,-93.800667,1.085802,0.000000,1.029392,17,51.262200,13.100000,2.200000,0.921841
(42) borders_threshold   = -72.60
     margin_forwarding   = 1.27
     min_delay           = 0.96
     max_delay           = 2.75
     neighbors_threshold = 0
     energy              = 8.67
     coverage            = 3.00 (0.33)
     nforwardings        = 2.70
     time                = 1.48
42,-72.600116,1.273546,0.961571,2.754685,0,8.670460,3.000000,2.700000,1.477600
(43) borders_threshold   = -93.83
     margin_forwarding   = 0.30
     min_delay           = 0.00
     max_delay           = 2.39
     neighbors_threshold = 23
     energy              = 59.30
     coverage            = 14.10 (0.07)
     nforwardings        = 2.80
     time                = 1.67
43,-93.831860,0.299096,0.000000,2.389181,23,59.303300,14.100000,2.800000,1.667470
(44) borders_threshold   = -93.77
     margin_forwarding   = 1.16
     min_delay           = 0.00
     max_delay           = 1.04
     neighbors_threshold = 1
     energy              = 57.20
     coverage            = 13.80 (0.07)
     nforwardings        = 2.60
     time                = 0.81
44,-93.765815,1.162841,0.000434,1.041903,1,57.201800,13.800000,2.600000,0.812906
(45) borders_threshold   = -70.56
     margin_forwarding   = 0.76
     min_delay           = 0.00
     max_delay           = 2.28
     neighbors_threshold = 0
     energy              = 0.30
     coverage            = 1.90 (0.53)
     nforwardings        = 1.90
     time                = 0.61
45,-70.555697,0.759602,0.000000,2.281128,0,0.303101,1.900000,1.900000,0.606601
(46) borders_threshold   = -85.97
     margin_forwarding   = 0.76
     min_delay           = 0.07
     max_delay           = 1.04
     neighbors_threshold = 37
     energy              = 196.76
     coverage            = 23.60 (0.04)
     nforwardings        = 12.80
     time                = 1.80
46,-85.965642,0.764816,0.065429,1.043751,37,196.762000,23.600000,12.800000,1.799690
(47) borders_threshold   = -75.12
     margin_forwarding   = 0.76
     min_delay           = 0.00
     max_delay           = 2.05
     neighbors_threshold = 0
     energy              = 9.34
     coverage            = 2.90 (0.34)
     nforwardings        = 2.30
     time                = 1.08
47,-75.116703,0.759602,0.000000,2.046106,0,9.336910,2.900000,2.300000,1.079360
(48) borders_threshold   = -74.45
     margin_forwarding   = 0.76
     min_delay           = 0.00
     max_delay           = 1.74
     neighbors_threshold = 2
     energy              = 3.64
     coverage            = 2.10 (0.48)
     nforwardings        = 2.00
     time                = 0.37
48,-74.449817,0.759602,0.000000,1.744321,2,3.642880,2.100000,2.000000,0.366892
(49) borders_threshold   = -72.36
     margin_forwarding   = 0.76
     min_delay           = 0.20
     max_delay           = 3.64
     neighbors_threshold = 0
     energy              = 1.15
     coverage            = 1.80 (0.56)
     nforwardings        = 1.70
     time                = 0.48
49,-72.355756,0.759602,0.198116,3.642942,0,1.153520,1.800000,1.700000,0.483804
(50) borders_threshold   = -93.48
     margin_forwarding   = 1.93
     min_delay           = 0.66
     max_delay           = 0.69
     neighbors_threshold = 5
     energy              = 49.59
     coverage            = 13.00 (0.08)
     nforwardings        = 2.10
     time                = 1.09
50,-93.475159,1.927752,0.658326,0.690142,5,49.594300,13.000000,2.100000,1.086480
(51) borders_threshold   = -88.13
     margin_forwarding   = 0.76
     min_delay           = 0.00
     max_delay           = 0.16
     neighbors_threshold = 18
     energy              = 146.35
     coverage            = 21.50 (0.05)
     nforwardings        = 8.50
     time                = 0.23
51,-88.130626,0.759602,0.000000,0.156285,18,146.349000,21.500000,8.500000,0.230849
(52) borders_threshold   = -93.29
     margin_forwarding   = 1.16
     min_delay           = 0.00
     max_delay           = 1.04
     neighbors_threshold = 19
     energy              = 71.75
     coverage            = 15.70 (0.06)
     nforwardings        = 3.50
     time                = 0.87
52,-93.291094,1.162841,0.000000,1.041903,19,71.749700,15.700000,3.500000,0.874004
(53) borders_threshold   = -86.98
     margin_forwarding   = 0.76
     min_delay           = 0.00
     max_delay           = 1.33
     neighbors_threshold = 10
     energy              = 159.67
     coverage            = 21.70 (0.05)
     nforwardings        = 10.00
     time                = 1.94
53,-86.977918,0.759602,0.000000,1.326946,10,159.672000,21.700000,10.000000,1.941640
(54) borders_threshold   = -76.34
     margin_forwarding   = 0.89
     min_delay           = 0.25
     max_delay           = 0.83
     neighbors_threshold = 14
     energy              = 313.72
     coverage            = 24.00 (0.04)
     nforwardings        = 20.90
     time                = 1.83
54,-76.342330,0.889657,0.251101,0.825596,14,313.722000,24.000000,20.900000,1.831170
(55) borders_threshold   = -94.61
     margin_forwarding   = 0.76
     min_delay           = 0.00
     max_delay           = 2.55
     neighbors_threshold = 44
     energy              = 23.41
     coverage            = 9.00 (0.11)
     nforwardings        = 0.50
     time                = 0.35
55,-94.609458,0.764816,0.000000,2.553606,44,23.407400,9.000000,0.500000,0.351684
(56) borders_threshold   = -73.16
     margin_forwarding   = 0.76
     min_delay           = 0.36
     max_delay           = 2.89
     neighbors_threshold = 2
     energy              = 5.60
     coverage            = 3.10 (0.32)
     nforwardings        = 3.00
     time                = 1.86
56,-73.157785,0.759602,0.364237,2.885702,2,5.601250,3.100000,3.000000,1.857350
(57) borders_threshold   = -93.77
     margin_forwarding   = 0.30
     min_delay           = 0.11
     max_delay           = 0.80
     neighbors_threshold = 5
     energy              = 38.75
     coverage            = 11.00 (0.09)
     nforwardings        = 1.50
     time                = 0.61
57,-93.771060,0.299096,0.106235,0.799604,5,38.753800,11.000000,1.500000,0.605322
(58) borders_threshold   = -93.71
     margin_forwarding   = 2.23
     min_delay           = 0.64
     max_delay           = 2.62
     neighbors_threshold = 36
     energy              = 39.85
     coverage            = 11.10 (0.09)
     nforwardings        = 1.50
     time                = 1.94
58,-93.714737,2.232371,0.636073,2.617177,36,39.851000,11.100000,1.500000,1.942210
(59) borders_threshold   = -73.29
     margin_forwarding   = 0.76
     min_delay           = 1.00
     max_delay           = 5.00
     neighbors_threshold = 2
     energy              = 4.83
     coverage            = 2.30 (0.43)
     nforwardings        = 2.10
     time                = 1.50
59,-73.286874,0.759602,1.000000,5.000000,2,4.833680,2.300000,2.100000,1.501760
(60) borders_threshold   = -93.37
     margin_forwarding   = 1.16
     min_delay           = 0.00
     max_delay           = 1.04
     neighbors_threshold = 20
     energy              = 63.86
     coverage            = 14.60 (0.07)
     nforwardings        = 3.00
     time                = 0.80
60,-93.371492,1.162841,0.000000,1.041903,20,63.863600,14.600000,3.000000,0.797321
(61) borders_threshold   = -70.00
     margin_forwarding   = 0.76
     min_delay           = 1.00
     max_delay           = 5.00
     neighbors_threshold = 0
     energy              = 1.63
     coverage            = 1.70 (0.59)
     nforwardings        = 1.60
     time                = 1.78
61,-70.000000,0.759602,1.000000,5.000000,0,1.625900,1.700000,1.600000,1.782750
(62) borders_threshold   = -73.15
     margin_forwarding   = 1.27
     min_delay           = 0.96
     max_delay           = 1.74
     neighbors_threshold = 0
     energy              = 12.10
     coverage            = 3.40 (0.29)
     nforwardings        = 3.00
     time                = 1.75
62,-73.151826,1.273546,0.961571,1.735533,0,12.104600,3.400000,3.000000,1.748290
(63) borders_threshold   = -94.07
     margin_forwarding   = 0.30
     min_delay           = 0.11
     max_delay           = 2.39
     neighbors_threshold = 7
     energy              = 43.45
     coverage            = 12.50 (0.08)
     nforwardings        = 1.80
     time                = 1.90
63,-94.073108,0.299096,0.106235,2.389181,7,43.445500,12.500000,1.800000,1.901550
(64) borders_threshold   = -73.39
     margin_forwarding   = 0.76
     min_delay           = 0.36
     max_delay           = 2.78
     neighbors_threshold = 1
     energy              = 3.00
     coverage            = 2.00 (0.50)
     nforwardings        = 1.80
     time                = 0.98
64,-73.389957,0.759602,0.364237,2.781028,1,2.995020,2.000000,1.800000,0.979302
(65) borders_threshold   = -74.43
     margin_forwarding   = 0.76
     min_delay           = 0.00
     max_delay           = 1.44
     neighbors_threshold = 2
     energy              = 2.66
     coverage            = 1.90 (0.53)
     nforwardings        = 1.80
     time                = 0.28
65,-74.430286,0.759602,0.000000,1.437405,2,2.658690,1.900000,1.800000,0.282242
(66) borders_threshold   = -94.71
     margin_forwarding   = 0.30
     min_delay           = 0.09
     max_delay           = 0.65
     neighbors_threshold = 0
     energy              = 22.68
     coverage            = 8.70 (0.11)
     nforwardings        = 0.50
     time                = 0.17
66,-94.712317,0.299096,0.092345,0.651243,0,22.684800,8.700000,0.500000,0.169251
(67) borders_threshold   = -94.65
     margin_forwarding   = 0.30
     min_delay           = 0.11
     max_delay           = 1.00
     neighbors_threshold = 10
     energy              = 34.27
     coverage            = 10.70 (0.09)
     nforwardings        = 1.30
     time                = 0.56
67,-94.650507,0.299096,0.106235,0.996853,10,34.265200,10.700000,1.300000,0.560041
(68) borders_threshold   = -92.92
     margin_forwarding   = 1.09
     min_delay           = 0.00
     max_delay           = 1.52
     neighbors_threshold = 10
     energy              = 63.16
     coverage            = 14.30 (0.07)
     nforwardings        = 3.00
     time                = 1.13
68,-92.922301,1.085802,0.000000,1.522348,10,63.157100,14.300000,3.000000,1.129230
(69) borders_threshold   = -94.13
     margin_forwarding   = 0.89
     min_delay           = 0.00
     max_delay           = 1.66
     neighbors_threshold = 13
     energy              = 28.34
     coverage            = 9.40 (0.11)
     nforwardings        = 0.80
     time                = 0.51
69,-94.133492,0.889657,0.000000,1.657087,13,28.338000,9.400000,0.800000,0.505764
(70) borders_threshold   = -94.64
     margin_forwarding   = 0.76
     min_delay           = 0.00
     max_delay           = 1.74
     neighbors_threshold = 4
     energy              = 16.40
     coverage            = 6.80 (0.15)
     nforwardings        = 0.10
     time                = 0.07
70,-94.636116,0.759602,0.000000,1.741579,4,16.397200,6.800000,0.100000,0.073433
(71) borders_threshold   = -72.71
     margin_forwarding   = 0.76
     min_delay           = 0.00
     max_delay           = 2.09
     neighbors_threshold = 2
     energy              = 14.81
     coverage            = 3.50 (0.29)
     nforwardings        = 3.20
     time                = 1.34
71,-72.711462,0.759602,0.000000,2.088077,2,14.811200,3.500000,3.200000,1.339430
(72) borders_threshold   = -79.25
     margin_forwarding   = 0.76
     min_delay           = 0.20
     max_delay           = 2.56
     neighbors_threshold = 0
     energy              = 12.51
     coverage            = 2.40 (0.42)
     nforwardings        = 1.90
     time                = 1.49
72,-79.253103,0.759602,0.198116,2.560195,0,12.513500,2.400000,1.900000,1.485010
(73) borders_threshold   = -71.64
     margin_forwarding   = 0.76
     min_delay           = 0.20
     max_delay           = 2.56
     neighbors_threshold = 0
     energy              = 9.05
     coverage            = 3.30 (0.30)
     nforwardings        = 3.10
     time                = 1.98
73,-71.641616,0.759602,0.198116,2.560195,0,9.050890,3.300000,3.100000,1.983740
(74) borders_threshold   = -75.03
     margin_forwarding   = 0.76
     min_delay           = 0.00
     max_delay           = 2.05
     neighbors_threshold = 0
     energy              = 7.09
     coverage            = 2.80 (0.36)
     nforwardings        = 2.30
     time                = 1.22
74,-75.027412,0.759602,0.000000,2.046106,0,7.088860,2.800000,2.300000,1.224950
(75) borders_threshold   = -92.00
     margin_forwarding   = 1.16
     min_delay           = 0.27
     max_delay           = 0.62
     neighbors_threshold = 11
     energy              = 85.43
     coverage            = 17.70 (0.06)
     nforwardings        = 4.40
     time                = 1.24
75,-91.998932,1.162841,0.272147,0.616105,11,85.434700,17.700000,4.400000,1.238870
(76) borders_threshold   = -77.17
     margin_forwarding   = 0.89
     min_delay           = 0.00
     max_delay           = 0.83
     neighbors_threshold = 17
     energy              = 287.06
     coverage            = 23.90 (0.04)
     nforwardings        = 19.30
     time                = 1.31
76,-77.166243,0.889657,0.000000,0.825596,17,287.061000,23.900000,19.300000,1.310330
(77) borders_threshold   = -71.99
     margin_forwarding   = 0.76
     min_delay           = 0.20
     max_delay           = 2.56
     neighbors_threshold = 2
     energy              = 5.49
     coverage            = 2.80 (0.36)
     nforwardings        = 2.60
     time                = 1.21
77,-71.990478,0.759602,0.198116,2.560195,2,5.491270,2.800000,2.600000,1.212620
(78) borders_threshold   = -75.02
     margin_forwarding   = 0.76
     min_delay           = 0.12
     max_delay           = 1.44
     neighbors_threshold = 0
     energy              = 13.06
     coverage            = 3.10 (0.32)
     nforwardings        = 2.60
     time                = 1.06
78,-75.024682,0.759602,0.118474,1.437405,0,13.062900,3.100000,2.600000,1.064860
(79) borders_threshold   = -70.00
     margin_forwarding   = 0.76
     min_delay           = 0.00
     max_delay           = 2.00
     neighbors_threshold = 4
     energy              = 14.29
     coverage            = 4.10 (0.24)
     nforwardings        = 3.50
     time                = 0.80
79,-70.000000,0.759602,0.000000,2.000960,4,14.288800,4.100000,3.500000,0.801501
(80) borders_threshold   = -94.44
     margin_forwarding   = 0.76
     min_delay           = 1.00
     max_delay           = 0.45
     neighbors_threshold = 16
     energy              = 18.05
     coverage            = 7.60 (0.13)
     nforwardings        = 0.20
     time                = 0.17
80,-94.442790,0.759602,1.000000,0.449656,16,18.051200,7.600000,0.200000,0.171939
(81) borders_threshold   = -70.00
     margin_forwarding   = 1.27
     min_delay           = 0.96
     max_delay           = 1.74
     neighbors_threshold = 2
     energy              = 3.67
     coverage            = 3.40 (0.29)
     nforwardings        = 3.40
     time                = 1.89
81,-70.000000,1.273546,0.961571,1.735533,2,3.671290,3.400000,3.400000,1.885920
(82) borders_threshold   = -82.79
     margin_forwarding   = 0.89
     min_delay           = 0.25
     max_delay           = 0.83
     neighbors_threshold = 22
     energy              = 232.60
     coverage            = 23.80 (0.04)
     nforwardings        = 15.30
     time                = 1.85
82,-82.787983,0.889657,0.251101,0.825596,22,232.599000,23.800000,15.300000,1.845850
(83) borders_threshold   = -75.20
     margin_forwarding   = 0.76
     min_delay           = 0.66
     max_delay           = 2.47
     neighbors_threshold = 2
     energy              = 14.45
     coverage            = 3.30 (0.30)
     nforwardings        = 2.90
     time                = 1.90
83,-75.196327,0.759602,0.663774,2.472122,2,14.452300,3.300000,2.900000,1.895510
(84) borders_threshold   = -94.21
     margin_forwarding   = 0.76
     min_delay           = 0.00
     max_delay           = 0.10
     neighbors_threshold = 0
     energy              = 34.83
     coverage            = 10.80 (0.09)
     nforwardings        = 1.20
     time                = 0.06
84,-94.211237,0.759602,0.000000,0.096148,0,34.833000,10.800000,1.200000,0.059699
(85) borders_threshold   = -73.78
     margin_forwarding   = 1.27
     min_delay           = 1.00
     max_delay           = 2.75
     neighbors_threshold = 0
     energy              = 9.46
     coverage            = 3.00 (0.33)
     nforwardings        = 2.60
     time                = 1.50
85,-73.778984,1.273546,1.000000,2.754685,0,9.459980,3.000000,2.600000,1.499090
(86) borders_threshold   = -93.74
     margin_forwarding   = 1.09
     min_delay           = 1.00
     max_delay           = 1.03
     neighbors_threshold = 14
     energy              = 55.71
     coverage            = 13.50 (0.07)
     nforwardings        = 2.50
     time                = 1.93
86,-93.735288,1.085802,1.000000,1.029392,14,55.709200,13.500000,2.500000,1.929930
(87) borders_threshold   = -92.59
     margin_forwarding   = 0.76
     min_delay           = 0.00
     max_delay           = 0.16
     neighbors_threshold = 10
     energy              = 74.86
     coverage            = 16.90 (0.06)
     nforwardings        = 3.80
     time                = 0.20
87,-92.588147,0.759602,0.000000,0.156285,10,74.857800,16.900000,3.800000,0.202639
(88) borders_threshold   = -91.43
     margin_forwarding   = 1.22
     min_delay           = 0.00
     max_delay           = 0.80
     neighbors_threshold = 27
     energy              = 110.59
     coverage            = 19.80 (0.05)
     nforwardings        = 6.00
     time                = 1.44
88,-91.425034,1.218389,0.000000,0.797466,27,110.591000,19.800000,6.000000,1.438290
(89) borders_threshold   = -89.77
     margin_forwarding   = 1.22
     min_delay           = 0.18
     max_delay           = 0.80
     neighbors_threshold = 25
     energy              = 135.73
     coverage            = 20.40 (0.05)
     nforwardings        = 7.70
     time                = 1.50
89,-89.765373,1.218389,0.178845,0.797466,25,135.727000,20.400000,7.700000,1.498560
(90) borders_threshold   = -75.19
     margin_forwarding   = 0.76
     min_delay           = 0.20
     max_delay           = 2.56
     neighbors_threshold = 1
     energy              = 11.25
     coverage            = 3.10 (0.32)
     nforwardings        = 2.70
     time                = 1.84
90,-75.194441,0.759602,0.198116,2.560195,1,11.248600,3.100000,2.700000,1.842230
(91) borders_threshold   = -75.24
     margin_forwarding   = 0.76
     min_delay           = 0.00
     max_delay           = 2.84
     neighbors_threshold = 1
     energy              = 11.85
     coverage            = 3.20 (0.31)
     nforwardings        = 2.80
     time                = 1.94
91,-75.239576,0.759602,0.000000,2.840726,1,11.846400,3.200000,2.800000,1.944660
(92) borders_threshold   = -92.56
     margin_forwarding   = 0.30
     min_delay           = 0.00
     max_delay           = 0.32
     neighbors_threshold = 35
     energy              = 72.42
     coverage            = 16.40 (0.06)
     nforwardings        = 3.70
     time                = 0.44
92,-92.561060,0.299096,0.000000,0.316503,35,72.416600,16.400000,3.700000,0.440191
(93) borders_threshold   = -73.31
     margin_forwarding   = 0.76
     min_delay           = 0.36
     max_delay           = 2.89
     neighbors_threshold = 2
     energy              = 5.48
     coverage            = 3.20 (0.31)
     nforwardings        = 3.10
     time                = 1.55
93,-73.313517,0.759602,0.364237,2.885702,2,5.483480,3.200000,3.100000,1.547080
(94) borders_threshold   = -72.53
     margin_forwarding   = 0.76
     min_delay           = 1.00
     max_delay           = 5.00
     neighbors_threshold = 0
     energy              = 0.49
     coverage            = 2.40 (0.42)
     nforwardings        = 2.20
     time                = 1.95
94,-72.526286,0.759602,1.000000,5.000000,0,0.486264,2.400000,2.200000,1.949880
(95) borders_threshold   = -84.68
     margin_forwarding   = 0.76
     min_delay           = 0.07
     max_delay           = 1.04
     neighbors_threshold = 39
     energy              = 211.35
     coverage            = 23.70 (0.04)
     nforwardings        = 13.80
     time                = 1.94
95,-84.684290,0.764816,0.065429,1.043751,39,211.350000,23.700000,13.800000,1.941250
(96) borders_threshold   = -92.21
     margin_forwarding   = 1.22
     min_delay           = 0.20
     max_delay           = 0.00
     neighbors_threshold = 36
     energy              = 91.72
     coverage            = 18.90 (0.05)
     nforwardings        = 4.80
     time                = 0.26
96,-92.207758,1.218389,0.202670,0.000000,36,91.719000,18.900000,4.800000,0.262632
(97) borders_threshold   = -71.22
     margin_forwarding   = 1.27
     min_delay           = 0.96
     max_delay           = 2.75
     neighbors_threshold = 2
     energy              = 4.45
     coverage            = 3.00 (0.33)
     nforwardings        = 2.80
     time                = 1.64
97,-71.218075,1.273546,0.961571,2.754685,2,4.446300,3.000000,2.800000,1.639700

real	49m36.091s
user	41m48.673s
sys	7m42.577s
