[INFO][8] Cantidad de iteraciones: 3000
[INFO][1] Cantidad de iteraciones: 3000
[INFO][7] Cantidad de iteraciones: 3000
[INFO][6] Cantidad de iteraciones: 3000
[INFO][2] Cantidad de iteraciones: 3000
[INFO][3] Cantidad de iteraciones: 3000
[INFO][5] Cantidad de iteraciones: 3000
[INFO][4] Cantidad de iteraciones: 3000

id,borders_threshold,margin_forwarding,min_delay,max_delay,neighbors_threshold,energy,coverage,nforwardings,time
0,-75.543247,0.136590,0.000000,0.972773,0,4.497490,4.100000,3.800000,0.912050
1,-94.123065,2.067952,0.000000,1.098485,14,38.449400,24.000000,1.400000,0.424735
2,-74.730218,0.136590,0.000000,1.942815,6,5.580850,5.700000,5.600000,1.430850
3,-94.539603,1.059793,0.000000,0.823061,50,25.329000,16.200000,0.600000,0.183703
4,-94.395751,0.887409,0.989985,4.132845,30,26.862100,16.600000,0.700000,1.359070
5,-93.243120,1.059793,0.063734,0.867965,28,94.259100,39.300000,4.900000,1.326430
6,-75.389301,0.136590,0.274926,1.621137,5,5.978940,4.300000,3.600000,1.453880
7,-75.892705,0.136590,0.000000,2.533660,6,3.182000,3.000000,2.700000,1.614370
8,-93.850968,1.505663,0.000000,1.134511,38,46.459700,26.000000,1.900000,0.946475
9,-76.692238,0.136590,0.000000,1.808256,0,7.914840,4.100000,3.500000,1.790110
10,-74.543724,0.136590,1.000000,1.942815,0,1.999620,2.600000,2.400000,1.050900
11,-94.470221,0.887409,0.989985,4.132845,29,23.632200,15.400000,0.500000,1.209510
12,-75.072199,0.136590,0.000000,1.621137,6,8.490650,4.500000,3.800000,1.237830
13,-94.026266,1.059793,0.000000,1.016668,37,43.182700,25.000000,1.700000,0.475410
14,-94.046443,1.059793,0.063734,0.296796,28,38.124600,21.900000,1.400000,0.196699
15,-70.000000,0.136590,0.000000,0.925316,8,2.742200,4.400000,4.200000,0.730390
16,-93.791020,1.059793,0.063734,0.860641,30,81.482600,34.100000,4.100000,1.258450
17,-93.683053,1.505663,0.011693,1.321452,35,67.268700,30.400000,3.200000,1.453040
18,-94.584768,1.505663,0.011693,0.000000,50,27.235000,17.100000,0.700000,0.004310
19,-93.588913,1.059793,0.063734,1.253742,22,68.542600,30.500000,3.300000,1.346220
20,-94.689290,0.136590,0.000000,1.166948,1,32.980000,19.500000,1.100000,0.549524
21,-93.746426,1.059793,0.000000,0.572265,25,82.980400,34.600000,4.200000,0.749341
22,-93.880716,1.505663,0.124571,1.321452,28,49.663900,26.900000,2.100000,1.225090
23,-72.897879,0.136590,0.000000,0.972773,8,9.867980,7.100000,6.500000,0.753486
24,-93.567049,2.067952,0.000000,0.414776,28,68.846800,31.100000,3.300000,0.440401
25,-94.500989,0.136590,0.000000,0.791110,14,53.336200,28.300000,2.400000,0.771127
26,-75.464273,0.136590,0.000000,0.546470,2,9.037880,4.400000,3.700000,0.510279
27,-94.097716,1.059793,0.000000,1.016668,37,38.360100,23.700000,1.400000,0.470898
28,-93.612495,1.059793,0.000000,0.970380,25,103.987000,41.600000,5.500000,1.564620
29,-92.836677,1.059793,0.000000,0.613760,41,136.007000,46.000000,7.500000,1.059640
30,-94.023921,1.059793,0.396705,0.794236,24,52.855900,28.100000,2.300000,1.047380
31,-77.515917,0.136590,0.000000,0.925316,5,9.873910,5.200000,4.700000,1.104290
32,-89.684857,1.505663,0.011693,1.241114,42,192.481000,49.000000,11.100000,1.580400
33,-70.000000,0.136590,0.000000,1.942815,6,1.198590,4.200000,4.200000,1.774340
34,-74.876488,0.136590,0.000000,0.472654,2,0.558432,4.500000,4.300000,0.370099
35,-93.283742,1.059793,0.063734,0.572265,31,116.429000,43.200000,6.300000,1.160970
36,-94.916023,1.059793,0.000000,0.000000,29,17.109900,11.400000,0.100000,0.000814
37,-74.544776,0.136590,0.000000,1.621137,7,6.008620,5.500000,5.100000,1.583920
38,-93.774027,1.505663,0.000000,1.134511,38,76.868200,33.400000,3.800000,1.244560
39,-94.516110,0.887409,1.000000,4.375092,28,23.710400,16.000000,0.500000,1.166890
40,-93.519622,1.059793,0.000000,0.972235,21,100.678000,40.700000,5.300000,1.496540
41,-94.816650,0.136590,1.000000,0.000000,13,28.250800,17.900000,0.800000,0.244777
42,-73.299186,0.136590,0.000000,1.942815,5,7.704040,4.600000,4.100000,1.144600
43,-95.000000,0.136590,0.000000,0.890375,26,15.158300,11.000000,0.000000,0.000737
44,-93.822771,1.059793,0.000000,0.613174,47,90.974100,38.300000,4.700000,1.030310
45,-93.800566,1.059793,0.000000,0.698346,21,63.874200,30.200000,3.000000,0.708927
46,-94.737421,0.136590,0.182824,0.791110,0,32.986200,19.600000,1.100000,0.431437
47,-75.394956,0.136590,0.274926,2.734516,4,3.170960,2.900000,2.500000,1.496320
48,-93.590590,2.067952,0.000000,0.076664,32,86.511200,36.700000,4.400000,0.112681
49,-93.536217,1.505663,0.000000,1.321452,30,83.247400,35.300000,4.200000,1.440530
50,-92.600386,0.136590,0.000000,0.890375,22,148.833000,48.000000,8.500000,1.425970
51,-94.798087,0.136590,0.059664,0.020609,9,29.912900,18.500000,0.900000,0.038194
52,-74.486405,0.136590,0.842437,1.455721,2,1.916790,2.900000,2.800000,1.116680
53,-93.077927,2.067952,0.000000,1.091359,13,131.369000,45.700000,7.200000,1.329070
54,-73.714166,0.136590,0.000000,1.621137,5,0.807672,3.800000,3.200000,1.237790
55,-94.868136,0.136590,0.055051,1.186423,10,21.684000,15.200000,0.400000,0.328335
56,-73.768637,0.136590,0.000000,1.942815,7,9.526320,6.300000,5.700000,1.571540
57,-93.162197,1.059793,0.063734,0.572265,29,124.542000,44.700000,6.800000,1.279890
58,-92.887552,1.059793,0.000000,0.177455,24,126.279000,45.000000,6.900000,0.302434
59,-92.794047,2.067952,0.000000,0.923326,26,142.578000,46.900000,7.900000,1.612780
60,-94.565095,0.136590,0.000000,0.791110,13,53.737000,29.500000,2.400000,0.944908
61,-77.524729,0.136590,0.000000,0.972773,0,12.816600,7.000000,6.400000,1.320470
62,-93.681540,2.067952,0.000000,1.103985,8,88.113300,36.800000,4.500000,1.665380
63,-76.239823,0.136590,0.002254,1.808256,0,4.207220,5.300000,4.800000,1.778770
64,-94.097846,1.059793,0.000000,0.972235,18,39.978600,24.900000,1.500000,0.409936
65,-91.844596,1.059793,0.063734,0.607473,31,154.220000,48.800000,8.700000,1.041630
66,-76.896837,0.136590,0.000000,0.546470,5,10.789700,4.800000,4.200000,0.682461
67,-73.542314,0.136590,0.000000,0.972773,7,7.163110,6.600000,6.100000,1.098370
68,-93.375958,1.059793,0.000000,0.720080,29,84.346200,35.600000,4.300000,0.843109
69,-92.418182,2.067952,0.000000,1.103985,11,139.363000,46.500000,7.700000,1.669660
70,-93.036857,2.067952,0.180582,0.524319,14,110.542000,41.700000,5.900000,1.132800
71,-93.174839,1.059793,0.000000,0.509507,40,113.407000,42.100000,6.100000,0.798404
72,-94.251107,0.136590,0.000000,0.791110,16,69.425600,32.900000,3.400000,0.966127
73,-93.861542,1.059793,0.000000,0.177455,21,78.177700,34.000000,3.900000,0.208721
74,-93.178642,0.136590,0.000000,1.125017,24,127.998000,45.400000,7.200000,1.891430
75,-75.730149,0.136590,0.000000,1.942815,4,11.533900,4.100000,3.300000,1.524130
76,-71.326993,0.136590,0.000000,2.533660,6,1.730270,2.100000,2.000000,1.455500
77,-94.694128,0.136590,0.182824,0.791110,0,34.550000,20.500000,1.200000,0.460317
78,-75.589073,0.136590,0.000000,1.942815,6,13.824000,6.400000,6.000000,1.410640
79,-94.918294,0.136590,0.000000,0.000000,11,18.276300,14.000000,0.200000,0.000956
80,-94.804968,0.136590,0.252018,0.468353,33,34.623600,21.700000,1.200000,0.399732
81,-74.525057,0.136590,1.000000,1.435702,3,0.560983,2.800000,2.600000,0.969579
82,-94.027971,0.136590,0.445100,0.765609,0,63.598100,29.700000,3.100000,1.363570
83,-70.258476,0.136590,0.000000,0.925316,6,5.099460,2.300000,2.200000,0.281447
84,-76.094425,0.136590,0.371414,0.308968,0,3.216420,4.400000,3.900000,0.574992
85,-94.898629,0.136590,0.000000,0.000000,26,19.620600,14.300000,0.300000,0.001033
86,-71.322843,0.136590,0.000000,1.942815,6,0.980471,4.000000,3.700000,1.867060
87,-73.626325,0.136590,1.000000,1.435702,6,1.265450,5.100000,4.700000,1.605800
88,-74.595140,0.136590,1.000000,1.435702,7,10.334600,5.600000,5.100000,1.672880
89,-91.000303,1.059793,0.063734,1.008824,50,179.606000,48.900000,10.300000,1.547560
90,-75.676110,0.136590,0.000000,1.621137,6,14.269300,4.900000,4.300000,1.988260
91,-73.279647,0.136590,0.000000,1.942815,6,3.700160,4.000000,3.500000,1.373350
92,-72.278335,0.136590,0.274926,1.623356,5,2.849650,3.600000,3.100000,0.906140
93,-94.207887,0.136590,0.055051,1.336596,10,65.860700,30.300000,3.200000,1.445260
94,-73.053819,0.136590,0.274926,1.621137,7,9.565140,6.100000,5.300000,1.912500
95,-70.000000,0.136590,0.000000,2.533660,5,0.074016,3.100000,2.900000,0.819104
96,-92.727969,1.505663,0.000000,1.321452,34,119.917000,43.900000,6.500000,1.841650
97,-72.167939,0.136590,0.000000,1.942815,6,1.487490,3.900000,3.400000,1.373350
99,-94.884891,0.136590,0.000000,1.942815,1,20.438400,15.000000,0.300000,0.279342
