++ cd /home/clusterusers/siturriaga/itu-maestria/trunk/aedb-mls
++ ITERATIONS=250
++ THREADS=12
++ INSTANCE=75
++ SIMULS=10
++ export LD_LIBRARY_PATH=:/home/clusterusers/siturriaga/ns3Files
++ LD_LIBRARY_PATH=:/home/clusterusers/siturriaga/ns3Files
++ /home/users/siturriaga/bin/mpich2-1.4.1p1/bin/mpiexec -launcher ssh -launcher-exec oarsh -f /var/lib/oar/2644176 -np 9 -ppn 1 bin/mls.rand 25544 250 12 10 75
[DEBUG] argc = 6
===========================================================
Configuración
===========================================================
   Random seed        = 25544
   MPI size           = 9
   MLS.count_threads  = 12
   MLS.max_iterations = 250
   MLS.number_devices = 75
   MLS.simul_runs     = 10
   MLS.init           = MLS__RANDOM
===========================================================
[DEBUG] argc = 6
[DEBUG] argc = 6
[DEBUG] argc = 6
[DEBUG] argc = 6
[DEBUG] argc = 6
[DEBUG] argc = 6
[DEBUG] argc = 6
[DEBUG] argc = 6
[DEBUG][4] Thread 0 starting solution:
-> borders_threshold   : -92.7023
   margin_forwarding   : 1.1434
   min_delay           : 0.6497
   max_delay           : 1.9336
   neighbors_threshold : 39
   energy              : 153.4420
   coverage            : 68.2000
   nforwardings        : 8.6000
   time                : 4.3568
[DEBUG][2] Thread 0 starting solution:
-> borders_threshold   : -91.3658
   margin_forwarding   : 1.6614
   min_delay           : 0.7410
   max_delay           : 2.6190
   neighbors_threshold : 3
   energy              : 200.0720
   coverage            : 70.5000
   nforwardings        : 12.6000
   time                : 5.9913
[DEBUG][3] Thread 0 starting solution:
-> borders_threshold   : -81.4492
   margin_forwarding   : 2.8552
   min_delay           : 0.1181
   max_delay           : 1.8974
   neighbors_threshold : 17
   energy              : 446.0350
   coverage            : 74.0000
   nforwardings        : 37.2000
   time                : 3.5034
[DEBUG][5] Thread 0 starting solution:
-> borders_threshold   : -82.7872
   margin_forwarding   : 0.3834
   min_delay           : 0.6070
   max_delay           : 1.4873
   neighbors_threshold : 38
   energy              : 438.8050
   coverage            : 74.0000
   nforwardings        : 26.9000
   time                : 2.6971
[DEBUG][1] Thread 0 starting solution:
-> borders_threshold   : -78.7702
   margin_forwarding   : 0.7069
   min_delay           : 0.6452
   max_delay           : 3.7583
   neighbors_threshold : 38
   energy              : 641.6000
   coverage            : 74.0000
   nforwardings        : 39.4000
   time                : 3.9563
[INFO][AGA] Kaput!
[INFO] AGA information ============================================ 
[INFO] Population count: 99
[INFO] Population:
(0) borders_threshold   = -71.89
     margin_forwarding   = 2.97
     min_delay           = 0.76
     max_delay           = 2.20
     neighbors_threshold = 1
     energy              = 0.40
     coverage            = 13.00 (0.08)
     nforwardings        = 12.10
     time                = 5.22
0,-71.890643,2.965781,0.761403,2.202024,1,0.395571,13.000000,12.100000,5.223380
(1) borders_threshold   = -93.80
     margin_forwarding   = 0.10
     min_delay           = 0.11
     max_delay           = 0.97
     neighbors_threshold = 37
     energy              = 115.35
     coverage            = 65.30 (0.02)
     nforwardings        = 6.30
     time                = 1.51
1,-93.802185,0.099230,0.109398,0.969900,37,115.347000,65.300000,6.300000,1.514670
(2) borders_threshold   = -92.27
     margin_forwarding   = 0.10
     min_delay           = 0.02
     max_delay           = 0.97
     neighbors_threshold = 27
     energy              = 168.21
     coverage            = 73.80 (0.01)
     nforwardings        = 9.70
     time                = 1.45
2,-92.271805,0.099230,0.020550,0.969900,27,168.206000,73.800000,9.700000,1.445090
(3) borders_threshold   = -92.85
     margin_forwarding   = 0.10
     min_delay           = 0.02
     max_delay           = 0.99
     neighbors_threshold = 27
     energy              = 153.09
     coverage            = 72.50 (0.01)
     nforwardings        = 8.70
     time                = 1.56
3,-92.854798,0.099230,0.020550,0.991613,27,153.095000,72.500000,8.700000,1.556590
(4) borders_threshold   = -92.53
     margin_forwarding   = 1.71
     min_delay           = 0.00
     max_delay           = 0.52
     neighbors_threshold = 17
     energy              = 156.91
     coverage            = 73.00 (0.01)
     nforwardings        = 8.80
     time                = 0.75
4,-92.531808,1.713229,0.000000,0.517902,17,156.908000,73.000000,8.800000,0.752696
(5) borders_threshold   = -71.60
     margin_forwarding   = 2.70
     min_delay           = 0.71
     max_delay           = 0.88
     neighbors_threshold = 0
     energy              = 0.08
     coverage            = 5.90 (0.17)
     nforwardings        = 5.60
     time                = 1.50
5,-71.604913,2.696597,0.710459,0.876439,0,0.083113,5.900000,5.600000,1.504210
(6) borders_threshold   = -95.00
     margin_forwarding   = 0.10
     min_delay           = 0.22
     max_delay           = 0.97
     neighbors_threshold = 21
     energy              = 15.74
     coverage            = 17.80 (0.06)
     nforwardings        = 0.00
     time                = 0.00
6,-95.000000,0.099230,0.220829,0.969900,21,15.741300,17.800000,0.000000,0.000787
(7) borders_threshold   = -70.60
     margin_forwarding   = 2.70
     min_delay           = 0.04
     max_delay           = 0.88
     neighbors_threshold = 6
     energy              = 4.23
     coverage            = 11.80 (0.08)
     nforwardings        = 11.20
     time                = 1.44
7,-70.601955,2.696597,0.038012,0.876439,6,4.234940,11.800000,11.200000,1.436980
(8) borders_threshold   = -93.24
     margin_forwarding   = 1.71
     min_delay           = 0.46
     max_delay           = 0.61
     neighbors_threshold = 5
     energy              = 128.12
     coverage            = 68.40 (0.01)
     nforwardings        = 7.00
     time                = 1.70
8,-93.242431,1.713229,0.460477,0.607177,5,128.116000,68.400000,7.000000,1.702030
(9) borders_threshold   = -72.34
     margin_forwarding   = 2.70
     min_delay           = 0.03
     max_delay           = 0.88
     neighbors_threshold = 4
     energy              = 4.03
     coverage            = 9.00 (0.11)
     nforwardings        = 8.50
     time                = 1.55
9,-72.340757,2.696597,0.030262,0.883643,4,4.032580,9.000000,8.500000,1.549040
(10) borders_threshold   = -94.56
     margin_forwarding   = 0.10
     min_delay           = 0.02
     max_delay           = 0.99
     neighbors_threshold = 20
     energy              = 55.38
     coverage            = 43.80 (0.02)
     nforwardings        = 2.50
     time                = 0.99
10,-94.560582,0.099230,0.020550,0.991483,20,55.376200,43.800000,2.500000,0.987945
(11) borders_threshold   = -70.79
     margin_forwarding   = 2.70
     min_delay           = 0.48
     max_delay           = 0.88
     neighbors_threshold = 5
     energy              = 0.02
     coverage            = 7.40 (0.14)
     nforwardings        = 7.30
     time                = 1.54
11,-70.789943,2.696597,0.475835,0.876439,5,0.016170,7.400000,7.300000,1.541990
(12) borders_threshold   = -71.51
     margin_forwarding   = 2.70
     min_delay           = 0.00
     max_delay           = 0.00
     neighbors_threshold = 6
     energy              = 4.53
     coverage            = 9.20 (0.11)
     nforwardings        = 8.90
     time                = 0.00
12,-71.506649,2.696597,0.000000,0.000000,6,4.529370,9.200000,8.900000,0.002547
(13) borders_threshold   = -94.28
     margin_forwarding   = 0.10
     min_delay           = 0.00
     max_delay           = 0.97
     neighbors_threshold = 6
     energy              = 80.56
     coverage            = 55.70 (0.02)
     nforwardings        = 4.10
     time                = 1.53
13,-94.284146,0.099230,0.000000,0.969900,6,80.564700,55.700000,4.100000,1.531800
(14) borders_threshold   = -94.03
     margin_forwarding   = 0.10
     min_delay           = 0.02
     max_delay           = 1.19
     neighbors_threshold = 21
     energy              = 94.53
     coverage            = 62.30 (0.02)
     nforwardings        = 5.00
     time                = 1.53
14,-94.029289,0.099230,0.020550,1.185921,21,94.525700,62.300000,5.000000,1.533650
(15) borders_threshold   = -94.65
     margin_forwarding   = 2.67
     min_delay           = 1.00
     max_delay           = 2.78
     neighbors_threshold = 0
     energy              = 28.84
     coverage            = 30.50 (0.03)
     nforwardings        = 0.80
     time                = 1.25
15,-94.649036,2.666419,1.000000,2.776247,0,28.837100,30.500000,0.800000,1.246530
(16) borders_threshold   = -94.27
     margin_forwarding   = 0.10
     min_delay           = 0.02
     max_delay           = 1.13
     neighbors_threshold = 15
     energy              = 78.98
     coverage            = 52.60 (0.02)
     nforwardings        = 4.00
     time                = 1.44
16,-94.266833,0.099230,0.020550,1.128248,15,78.979600,52.600000,4.000000,1.435330
(17) borders_threshold   = -70.68
     margin_forwarding   = 2.70
     min_delay           = 0.16
     max_delay           = 0.88
     neighbors_threshold = 0
     energy              = 0.06
     coverage            = 5.60 (0.18)
     nforwardings        = 5.10
     time                = 1.08
17,-70.681913,2.696597,0.157664,0.876439,0,0.055767,5.600000,5.100000,1.079930
(18) borders_threshold   = -93.44
     margin_forwarding   = 0.10
     min_delay           = 0.02
     max_delay           = 0.95
     neighbors_threshold = 21
     energy              = 126.06
     coverage            = 67.50 (0.01)
     nforwardings        = 7.00
     time                = 1.23
18,-93.438972,0.099230,0.020550,0.954098,21,126.063000,67.500000,7.000000,1.227460
(19) borders_threshold   = -94.84
     margin_forwarding   = 0.10
     min_delay           = 0.00
     max_delay           = 0.97
     neighbors_threshold = 2
     energy              = 36.20
     coverage            = 32.40 (0.03)
     nforwardings        = 1.30
     time                = 0.68
19,-94.841451,0.099230,0.000000,0.969900,2,36.201900,32.400000,1.300000,0.681909
(20) borders_threshold   = -93.99
     margin_forwarding   = 0.10
     min_delay           = 0.02
     max_delay           = 0.99
     neighbors_threshold = 9
     energy              = 93.32
     coverage            = 59.00 (0.02)
     nforwardings        = 4.90
     time                = 1.57
20,-93.994826,0.099230,0.020550,0.991483,9,93.323000,59.000000,4.900000,1.571310
(21) borders_threshold   = -94.98
     margin_forwarding   = 0.10
     min_delay           = 0.30
     max_delay           = 3.65
     neighbors_threshold = 35
     energy              = 17.27
     coverage            = 19.20 (0.05)
     nforwardings        = 0.10
     time                = 0.34
21,-94.978102,0.099230,0.300631,3.652596,35,17.270800,19.200000,0.100000,0.340858
(22) borders_threshold   = -72.82
     margin_forwarding   = 2.70
     min_delay           = 0.16
     max_delay           = 0.88
     neighbors_threshold = 0
     energy              = 1.86
     coverage            = 9.50 (0.11)
     nforwardings        = 9.00
     time                = 1.94
22,-72.819908,2.696597,0.157664,0.876439,0,1.857840,9.500000,9.000000,1.936560
(23) borders_threshold   = -73.34
     margin_forwarding   = 2.70
     min_delay           = 0.71
     max_delay           = 0.88
     neighbors_threshold = 0
     energy              = 0.52
     coverage            = 7.40 (0.14)
     nforwardings        = 6.80
     time                = 1.97
23,-73.339916,2.696597,0.710459,0.876439,0,0.516733,7.400000,6.800000,1.969620
(24) borders_threshold   = -94.76
     margin_forwarding   = 1.01
     min_delay           = 1.00
     max_delay           = 2.96
     neighbors_threshold = 41
     energy              = 20.70
     coverage            = 22.80 (0.04)
     nforwardings        = 0.30
     time                = 0.68
24,-94.759888,1.008895,1.000000,2.955130,41,20.699700,22.800000,0.300000,0.678790
(25) borders_threshold   = -94.76
     margin_forwarding   = 0.10
     min_delay           = 0.64
     max_delay           = 0.97
     neighbors_threshold = 41
     energy              = 52.11
     coverage            = 43.40 (0.02)
     nforwardings        = 2.30
     time                = 1.63
25,-94.762396,0.099230,0.640588,0.969900,41,52.111100,43.400000,2.300000,1.634680
(26) borders_threshold   = -72.46
     margin_forwarding   = 2.70
     min_delay           = 0.71
     max_delay           = 0.44
     neighbors_threshold = 0
     energy              = 3.16
     coverage            = 6.60 (0.15)
     nforwardings        = 6.30
     time                = 1.14
26,-72.456499,2.696597,0.710967,0.438049,0,3.155270,6.600000,6.300000,1.139960
(27) borders_threshold   = -72.74
     margin_forwarding   = 2.70
     min_delay           = 0.29
     max_delay           = 0.88
     neighbors_threshold = 1
     energy              = 6.55
     coverage            = 8.80 (0.11)
     nforwardings        = 8.20
     time                = 1.39
27,-72.736581,2.696597,0.288161,0.876439,1,6.550930,8.800000,8.200000,1.388080
(28) borders_threshold   = -74.28
     margin_forwarding   = 2.70
     min_delay           = 0.00
     max_delay           = 0.88
     neighbors_threshold = 0
     energy              = 11.39
     coverage            = 7.60 (0.13)
     nforwardings        = 7.10
     time                = 1.00
28,-74.275415,2.696597,0.000000,0.876439,0,11.392000,7.600000,7.100000,0.999920
(29) borders_threshold   = -92.22
     margin_forwarding   = 0.10
     min_delay           = 0.00
     max_delay           = 1.17
     neighbors_threshold = 33
     energy              = 158.96
     coverage            = 73.30 (0.01)
     nforwardings        = 9.10
     time                = 1.53
29,-92.218380,0.099230,0.000000,1.173600,33,158.960000,73.300000,9.100000,1.532610
(30) borders_threshold   = -94.74
     margin_forwarding   = 1.01
     min_delay           = 1.00
     max_delay           = 2.96
     neighbors_threshold = 40
     energy              = 22.30
     coverage            = 25.30 (0.04)
     nforwardings        = 0.40
     time                = 0.83
30,-94.737821,1.008895,1.000000,2.955130,40,22.301700,25.300000,0.400000,0.826011
(31) borders_threshold   = -94.86
     margin_forwarding   = 0.22
     min_delay           = 0.45
     max_delay           = 2.75
     neighbors_threshold = 6
     energy              = 20.31
     coverage            = 22.60 (0.04)
     nforwardings        = 0.30
     time                = 0.60
31,-94.861049,0.215844,0.448173,2.749151,6,20.313400,22.600000,0.300000,0.604838
(32) borders_threshold   = -72.46
     margin_forwarding   = 2.70
     min_delay           = 0.03
     max_delay           = 0.88
     neighbors_threshold = 10
     energy              = 1.95
     coverage            = 8.20 (0.12)
     nforwardings        = 7.70
     time                = 1.32
32,-72.463655,2.696597,0.030262,0.883643,10,1.946040,8.200000,7.700000,1.316460
(33) borders_threshold   = -71.39
     margin_forwarding   = 2.70
     min_delay           = 0.71
     max_delay           = 0.93
     neighbors_threshold = 0
     energy              = 0.84
     coverage            = 6.00 (0.17)
     nforwardings        = 5.70
     time                = 1.61
33,-71.388971,2.696597,0.710459,0.933312,0,0.840015,6.000000,5.700000,1.607680
(34) borders_threshold   = -94.79
     margin_forwarding   = 0.22
     min_delay           = 0.45
     max_delay           = 3.17
     neighbors_threshold = 14
     energy              = 23.57
     coverage            = 26.50 (0.04)
     nforwardings        = 0.50
     time                = 1.10
34,-94.794687,0.215844,0.448173,3.165858,14,23.571800,26.500000,0.500000,1.102840
(35) borders_threshold   = -94.51
     margin_forwarding   = 0.10
     min_delay           = 0.22
     max_delay           = 0.97
     neighbors_threshold = 22
     energy              = 75.99
     coverage            = 51.50 (0.02)
     nforwardings        = 3.80
     time                = 1.80
35,-94.513486,0.099230,0.220829,0.969900,22,75.992600,51.500000,3.800000,1.795060
(36) borders_threshold   = -72.51
     margin_forwarding   = 2.70
     min_delay           = 0.16
     max_delay           = 0.00
     neighbors_threshold = 1
     energy              = 0.35
     coverage            = 8.40 (0.12)
     nforwardings        = 8.30
     time                = 0.21
36,-72.510720,2.696597,0.157664,0.000000,1,0.354180,8.400000,8.300000,0.209344
(37) borders_threshold   = -94.51
     margin_forwarding   = 0.10
     min_delay           = 0.23
     max_delay           = 1.08
     neighbors_threshold = 18
     energy              = 78.96
     coverage            = 52.50 (0.02)
     nforwardings        = 4.00
     time                = 1.86
37,-94.512106,0.099230,0.231169,1.077082,18,78.958900,52.500000,4.000000,1.864670
(38) borders_threshold   = -72.26
     margin_forwarding   = 2.70
     min_delay           = 0.71
     max_delay           = 0.97
     neighbors_threshold = 4
     energy              = 1.41
     coverage            = 7.50 (0.13)
     nforwardings        = 7.00
     time                = 1.97
38,-72.263929,2.696597,0.710967,0.969345,4,1.409590,7.500000,7.000000,1.969830
(39) borders_threshold   = -94.24
     margin_forwarding   = 0.10
     min_delay           = 0.02
     max_delay           = 0.97
     neighbors_threshold = 9
     energy              = 85.41
     coverage            = 56.60 (0.02)
     nforwardings        = 4.40
     time                = 1.38
39,-94.238639,0.099230,0.020550,0.969900,9,85.406100,56.600000,4.400000,1.383640
(40) borders_threshold   = -94.92
     margin_forwarding   = 0.22
     min_delay           = 0.45
     max_delay           = 3.17
     neighbors_threshold = 13
     energy              = 18.92
     coverage            = 21.10 (0.05)
     nforwardings        = 0.20
     time                = 0.54
40,-94.922476,0.215844,0.448173,3.165858,13,18.918400,21.100000,0.200000,0.540538
(41) borders_threshold   = -94.48
     margin_forwarding   = 0.85
     min_delay           = 0.37
     max_delay           = 1.74
     neighbors_threshold = 6
     energy              = 43.08
     coverage            = 35.80 (0.03)
     nforwardings        = 1.70
     time                = 1.11
41,-94.482786,0.850651,0.367693,1.741157,6,43.080800,35.800000,1.700000,1.110330
(42) borders_threshold   = -73.22
     margin_forwarding   = 2.70
     min_delay           = 0.39
     max_delay           = 0.00
     neighbors_threshold = 6
     energy              = 5.95
     coverage            = 9.90 (0.10)
     nforwardings        = 9.40
     time                = 0.67
42,-73.216161,2.696597,0.393320,0.000000,6,5.953490,9.900000,9.400000,0.670673
(43) borders_threshold   = -72.63
     margin_forwarding   = 2.70
     min_delay           = 0.17
     max_delay           = 0.88
     neighbors_threshold = 7
     energy              = 4.80
     coverage            = 9.50 (0.11)
     nforwardings        = 8.80
     time                = 1.72
43,-72.633930,2.696597,0.173906,0.876439,7,4.802390,9.500000,8.800000,1.722550
(44) borders_threshold   = -94.91
     margin_forwarding   = 0.22
     min_delay           = 0.47
     max_delay           = 3.17
     neighbors_threshold = 12
     energy              = 20.32
     coverage            = 22.70 (0.04)
     nforwardings        = 0.30
     time                = 0.61
44,-94.905680,0.215844,0.470456,3.165858,12,20.319500,22.700000,0.300000,0.611673
(45) borders_threshold   = -94.76
     margin_forwarding   = 0.10
     min_delay           = 0.86
     max_delay           = 0.96
     neighbors_threshold = 29
     energy              = 48.94
     coverage            = 42.30 (0.02)
     nforwardings        = 2.10
     time                = 1.65
45,-94.759768,0.099230,0.860875,0.962269,29,48.938800,42.300000,2.100000,1.648830
(46) borders_threshold   = -94.69
     margin_forwarding   = 2.67
     min_delay           = 1.00
     max_delay           = 2.78
     neighbors_threshold = 0
     energy              = 25.63
     coverage            = 29.30 (0.03)
     nforwardings        = 0.60
     time                = 0.96
46,-94.686310,2.666419,1.000000,2.776247,0,25.633000,29.300000,0.600000,0.955981
(47) borders_threshold   = -94.85
     margin_forwarding   = 0.22
     min_delay           = 0.45
     max_delay           = 3.17
     neighbors_threshold = 12
     energy              = 22.00
     coverage            = 24.20 (0.04)
     nforwardings        = 0.40
     time                = 0.87
47,-94.853306,0.215844,0.448173,3.165858,12,22.004400,24.200000,0.400000,0.869615
(48) borders_threshold   = -94.57
     margin_forwarding   = 0.10
     min_delay           = 0.22
     max_delay           = 0.97
     neighbors_threshold = 21
     energy              = 56.94
     coverage            = 45.40 (0.02)
     nforwardings        = 2.60
     time                = 1.15
48,-94.569358,0.099230,0.220829,0.969900,21,56.937300,45.400000,2.600000,1.147010
(49) borders_threshold   = -94.53
     margin_forwarding   = 0.85
     min_delay           = 0.26
     max_delay           = 1.74
     neighbors_threshold = 10
     energy              = 38.27
     coverage            = 33.50 (0.03)
     nforwardings        = 1.40
     time                = 1.04
49,-94.534012,0.850651,0.260652,1.741157,10,38.274600,33.500000,1.400000,1.039140
(50) borders_threshold   = -94.99
     margin_forwarding   = 0.22
     min_delay           = 1.00
     max_delay           = 3.17
     neighbors_threshold = 10
     energy              = 17.32
     coverage            = 19.30 (0.05)
     nforwardings        = 0.10
     time                = 0.30
50,-94.988934,0.215844,1.000000,3.165858,10,17.324700,19.300000,0.100000,0.301123
(51) borders_threshold   = -94.71
     margin_forwarding   = 0.10
     min_delay           = 0.64
     max_delay           = 0.97
     neighbors_threshold = 39
     energy              = 46.97
     coverage            = 40.10 (0.02)
     nforwardings        = 2.00
     time                = 1.57
51,-94.706542,0.099230,0.640588,0.969900,39,46.967400,40.100000,2.000000,1.567770
(52) borders_threshold   = -91.22
     margin_forwarding   = 0.10
     min_delay           = 0.00
     max_delay           = 0.71
     neighbors_threshold = 43
     energy              = 187.02
     coverage            = 74.00 (0.01)
     nforwardings        = 10.90
     time                = 0.91
52,-91.219891,0.099230,0.000000,0.714841,43,187.019000,74.000000,10.900000,0.907309
(53) borders_threshold   = -94.68
     margin_forwarding   = 0.10
     min_delay           = 0.22
     max_delay           = 1.22
     neighbors_threshold = 13
     energy              = 61.72
     coverage            = 48.90 (0.02)
     nforwardings        = 2.90
     time                = 1.52
53,-94.682197,0.099230,0.220829,1.220349,13,61.724500,48.900000,2.900000,1.516110
(54) borders_threshold   = -94.61
     margin_forwarding   = 0.10
     min_delay           = 0.64
     max_delay           = 0.97
     neighbors_threshold = 40
     energy              = 60.24
     coverage            = 47.20 (0.02)
     nforwardings        = 2.80
     time                = 1.54
54,-94.610564,0.099230,0.640588,0.969900,40,60.244800,47.200000,2.800000,1.543840
(55) borders_threshold   = -72.08
     margin_forwarding   = 2.70
     min_delay           = 0.71
     max_delay           = 0.94
     neighbors_threshold = 0
     energy              = 0.98
     coverage            = 5.70 (0.18)
     nforwardings        = 5.30
     time                = 1.55
55,-72.083678,2.696597,0.710459,0.938426,0,0.977621,5.700000,5.300000,1.551150
(56) borders_threshold   = -94.02
     margin_forwarding   = 0.10
     min_delay           = 0.00
     max_delay           = 1.25
     neighbors_threshold = 25
     energy              = 111.88
     coverage            = 65.10 (0.02)
     nforwardings        = 6.10
     time                = 1.61
56,-94.022446,0.099230,0.000000,1.252617,25,111.883000,65.100000,6.100000,1.609110
(57) borders_threshold   = -94.84
     margin_forwarding   = 0.10
     min_delay           = 0.07
     max_delay           = 0.97
     neighbors_threshold = 0
     energy              = 34.37
     coverage            = 31.10 (0.03)
     nforwardings        = 1.20
     time                = 0.73
57,-94.839671,0.099230,0.068014,0.973314,0,34.366500,31.100000,1.200000,0.729450
(58) borders_threshold   = -72.09
     margin_forwarding   = 2.70
     min_delay           = 0.71
     max_delay           = 0.94
     neighbors_threshold = 0
     energy              = 0.81
     coverage            = 5.80 (0.17)
     nforwardings        = 5.40
     time                = 1.62
58,-72.085792,2.696597,0.710967,0.938426,0,0.814478,5.800000,5.400000,1.616870
(59) borders_threshold   = -71.07
     margin_forwarding   = 2.70
     min_delay           = 0.04
     max_delay           = 0.88
     neighbors_threshold = 5
     energy              = 1.41
     coverage            = 8.40 (0.12)
     nforwardings        = 8.20
     time                = 1.67
59,-71.069225,2.696597,0.038012,0.876439,5,1.406040,8.400000,8.200000,1.665070
(60) borders_threshold   = -94.70
     margin_forwarding   = 0.10
     min_delay           = 0.02
     max_delay           = 0.97
     neighbors_threshold = 1
     energy              = 44.33
     coverage            = 36.60 (0.03)
     nforwardings        = 1.80
     time                = 0.85
60,-94.697118,0.099230,0.020550,0.969900,1,44.332700,36.600000,1.800000,0.847536
(61) borders_threshold   = -94.66
     margin_forwarding   = 0.10
     min_delay           = 0.28
     max_delay           = 1.02
     neighbors_threshold = 21
     energy              = 63.36
     coverage            = 50.40 (0.02)
     nforwardings        = 3.00
     time                = 1.46
61,-94.658506,0.099230,0.282013,1.017581,21,63.364700,50.400000,3.000000,1.459320
(62) borders_threshold   = -94.55
     margin_forwarding   = 0.10
     min_delay           = 0.22
     max_delay           = 0.97
     neighbors_threshold = 21
     energy              = 58.56
     coverage            = 46.90 (0.02)
     nforwardings        = 2.70
     time                = 1.21
62,-94.553038,0.099230,0.220829,0.969900,21,58.558400,46.900000,2.700000,1.213310
(63) borders_threshold   = -73.86
     margin_forwarding   = 2.70
     min_delay           = 0.00
     max_delay           = 0.00
     neighbors_threshold = 0
     energy              = 15.47
     coverage            = 19.50 (0.05)
     nforwardings        = 18.70
     time                = 0.01
63,-73.863048,2.696597,0.000000,0.000000,0,15.468700,19.500000,18.700000,0.006717
(64) borders_threshold   = -92.80
     margin_forwarding   = 0.10
     min_delay           = 0.02
     max_delay           = 0.97
     neighbors_threshold = 26
     energy              = 152.29
     coverage            = 72.10 (0.01)
     nforwardings        = 8.70
     time                = 1.51
64,-92.803992,0.099230,0.020550,0.969900,26,152.295000,72.100000,8.700000,1.508190
(65) borders_threshold   = -71.93
     margin_forwarding   = 2.70
     min_delay           = 0.71
     max_delay           = 0.82
     neighbors_threshold = 5
     energy              = 4.79
     coverage            = 8.90 (0.11)
     nforwardings        = 8.40
     time                = 1.84
65,-71.931318,2.696597,0.710459,0.816283,5,4.792480,8.900000,8.400000,1.836290
(66) borders_threshold   = -73.27
     margin_forwarding   = 2.70
     min_delay           = 0.27
     max_delay           = 1.12
     neighbors_threshold = 0
     energy              = 0.04
     coverage            = 7.70 (0.13)
     nforwardings        = 7.40
     time                = 1.71
66,-73.271368,2.696597,0.265695,1.124021,0,0.041792,7.700000,7.400000,1.709650
(67) borders_threshold   = -72.68
     margin_forwarding   = 2.70
     min_delay           = 0.17
     max_delay           = 0.88
     neighbors_threshold = 7
     energy              = 4.04
     coverage            = 8.30 (0.12)
     nforwardings        = 7.90
     time                = 1.66
67,-72.677821,2.696597,0.173906,0.876439,7,4.039210,8.300000,7.900000,1.661910
(68) borders_threshold   = -94.68
     margin_forwarding   = 0.10
     min_delay           = 0.22
     max_delay           = 0.78
     neighbors_threshold = 16
     energy              = 43.76
     coverage            = 36.30 (0.03)
     nforwardings        = 1.80
     time                = 0.86
68,-94.682458,0.099230,0.220829,0.779375,16,43.757000,36.300000,1.800000,0.861836
(69) borders_threshold   = -70.39
     margin_forwarding   = 2.70
     min_delay           = 0.16
     max_delay           = 0.88
     neighbors_threshold = 7
     energy              = 1.40
     coverage            = 6.30 (0.16)
     nforwardings        = 5.70
     time                = 1.00
69,-70.389179,2.696597,0.157664,0.876439,7,1.395070,6.300000,5.700000,1.001190
(70) borders_threshold   = -94.24
     margin_forwarding   = 0.10
     min_delay           = 0.17
     max_delay           = 0.97
     neighbors_threshold = 4
     energy              = 78.69
     coverage            = 52.10 (0.02)
     nforwardings        = 4.00
     time                = 1.49
70,-94.239757,0.099230,0.166757,0.969900,4,78.688900,52.100000,4.000000,1.490190
(71) borders_threshold   = -70.26
     margin_forwarding   = 2.70
     min_delay           = 0.16
     max_delay           = 0.88
     neighbors_threshold = 6
     energy              = 0.07
     coverage            = 5.00 (0.20)
     nforwardings        = 4.50
     time                = 0.90
71,-70.258612,2.696597,0.157664,0.876439,6,0.073494,5.000000,4.500000,0.897074
(72) borders_threshold   = -94.20
     margin_forwarding   = 0.10
     min_delay           = 0.00
     max_delay           = 1.03
     neighbors_threshold = 18
     energy              = 93.35
     coverage            = 60.00 (0.02)
     nforwardings        = 4.90
     time                = 1.53
72,-94.201034,0.099230,0.000000,1.028504,18,93.345200,60.000000,4.900000,1.531670
(73) borders_threshold   = -94.75
     margin_forwarding   = 0.10
     min_delay           = 0.64
     max_delay           = 0.97
     neighbors_threshold = 40
     energy              = 51.79
     coverage            = 42.80 (0.02)
     nforwardings        = 2.30
     time                = 1.73
73,-94.750761,0.099230,0.640588,0.969900,40,51.794500,42.800000,2.300000,1.732970
(74) borders_threshold   = -93.17
     margin_forwarding   = 1.71
     min_delay           = 0.00
     max_delay           = 0.52
     neighbors_threshold = 2
     energy              = 134.16
     coverage            = 69.70 (0.01)
     nforwardings        = 7.40
     time                = 0.82
74,-93.170668,1.713229,0.000000,0.517902,2,134.157000,69.700000,7.400000,0.823952
(75) borders_threshold   = -93.40
     margin_forwarding   = 0.10
     min_delay           = 0.02
     max_delay           = 0.95
     neighbors_threshold = 22
     energy              = 130.88
     coverage            = 69.40 (0.01)
     nforwardings        = 7.30
     time                = 1.41
75,-93.396137,0.099230,0.020550,0.954098,22,130.877000,69.400000,7.300000,1.408560
(76) borders_threshold   = -94.62
     margin_forwarding   = 0.10
     min_delay           = 0.28
     max_delay           = 1.02
     neighbors_threshold = 22
     energy              = 63.38
     coverage            = 50.60 (0.02)
     nforwardings        = 3.00
     time                = 1.37
76,-94.619428,0.099230,0.282013,1.017581,22,63.382400,50.600000,3.000000,1.366370
(77) borders_threshold   = -73.90
     margin_forwarding   = 2.70
     min_delay           = 0.71
     max_delay           = 0.82
     neighbors_threshold = 0
     energy              = 11.57
     coverage            = 8.10 (0.12)
     nforwardings        = 7.50
     time                = 1.74
77,-73.901140,2.696597,0.710459,0.816283,0,11.572300,8.100000,7.500000,1.741860
(78) borders_threshold   = -92.52
     margin_forwarding   = 1.71
     min_delay           = 0.00
     max_delay           = 0.52
     neighbors_threshold = 16
     energy              = 160.16
     coverage            = 73.40 (0.01)
     nforwardings        = 9.00
     time                = 0.93
78,-92.522965,1.713229,0.000000,0.517902,16,160.159000,73.400000,9.000000,0.926049
(79) borders_threshold   = -92.06
     margin_forwarding   = 1.71
     min_delay           = 0.46
     max_delay           = 0.61
     neighbors_threshold = 7
     energy              = 177.23
     coverage            = 73.90 (0.01)
     nforwardings        = 10.30
     time                = 1.99
79,-92.062476,1.713229,0.460477,0.607177,7,177.233000,73.900000,10.300000,1.988280
(80) borders_threshold   = -94.76
     margin_forwarding   = 0.10
     min_delay           = 0.64
     max_delay           = 0.50
     neighbors_threshold = 41
     energy              = 32.99
     coverage            = 31.00 (0.03)
     nforwardings        = 1.10
     time                = 0.60
80,-94.758867,0.099230,0.640588,0.501054,41,32.991300,31.000000,1.100000,0.602918
(81) borders_threshold   = -73.68
     margin_forwarding   = 2.70
     min_delay           = 0.71
     max_delay           = 0.88
     neighbors_threshold = 0
     energy              = 4.92
     coverage            = 5.70 (0.18)
     nforwardings        = 5.20
     time                = 1.27
81,-73.675333,2.696597,0.710459,0.876439,0,4.918000,5.700000,5.200000,1.268590
(82) borders_threshold   = -94.02
     margin_forwarding   = 0.10
     min_delay           = 0.02
     max_delay           = 0.99
     neighbors_threshold = 13
     energy              = 101.31
     coverage            = 64.90 (0.02)
     nforwardings        = 5.40
     time                = 1.15
82,-94.022982,0.099230,0.020550,0.991483,13,101.306000,64.900000,5.400000,1.152530
(84) borders_threshold   = -92.75
     margin_forwarding   = 0.10
     min_delay           = 0.00
     max_delay           = 1.43
     neighbors_threshold = 16
     energy              = 141.69
     coverage            = 70.80 (0.01)
     nforwardings        = 8.00
     time                = 1.85
84,-92.750101,0.099230,0.000000,1.434537,16,141.689000,70.800000,8.000000,1.846800
(85) borders_threshold   = -70.82
     margin_forwarding   = 2.70
     min_delay           = 0.00
     max_delay           = 0.88
     neighbors_threshold = 11
     energy              = 2.37
     coverage            = 11.20 (0.09)
     nforwardings        = 10.30
     time                = 1.73
85,-70.815825,2.696597,0.000000,0.876439,11,2.367580,11.200000,10.300000,1.727230
(86) borders_threshold   = -70.08
     margin_forwarding   = 2.70
     min_delay           = 0.16
     max_delay           = 0.88
     neighbors_threshold = 7
     energy              = 10.35
     coverage            = 11.80 (0.08)
     nforwardings        = 10.90
     time                = 1.66
86,-70.079952,2.696597,0.157664,0.876439,7,10.353200,11.800000,10.900000,1.663820
(87) borders_threshold   = -93.13
     margin_forwarding   = 0.10
     min_delay           = 0.00
     max_delay           = 1.06
     neighbors_threshold = 23
     energy              = 144.67
     coverage            = 71.90 (0.01)
     nforwardings        = 8.20
     time                = 1.84
87,-93.134357,0.099230,0.000000,1.062682,23,144.669000,71.900000,8.200000,1.839660
(88) borders_threshold   = -71.47
     margin_forwarding   = 2.70
     min_delay           = 0.16
     max_delay           = 0.00
     neighbors_threshold = 6
     energy              = 2.97
     coverage            = 8.80 (0.11)
     nforwardings        = 8.40
     time                = 0.19
88,-71.471711,2.696597,0.157664,0.000000,6,2.972270,8.800000,8.400000,0.190305
(89) borders_threshold   = -94.30
     margin_forwarding   = 0.10
     min_delay           = 0.00
     max_delay           = 0.97
     neighbors_threshold = 5
     energy              = 79.00
     coverage            = 54.40 (0.02)
     nforwardings        = 4.00
     time                = 1.49
89,-94.304647,0.099230,0.000000,0.969900,5,78.998400,54.400000,4.000000,1.490690
(90) borders_threshold   = -70.98
     margin_forwarding   = 2.70
     min_delay           = 0.29
     max_delay           = 0.88
     neighbors_threshold = 0
     energy              = 2.05
     coverage            = 8.70 (0.11)
     nforwardings        = 8.10
     time                = 1.48
90,-70.982494,2.696597,0.288161,0.876439,0,2.047340,8.700000,8.100000,1.480800
(91) borders_threshold   = -70.00
     margin_forwarding   = 2.70
     min_delay           = 0.71
     max_delay           = 0.82
     neighbors_threshold = 7
     energy              = 0.77
     coverage            = 10.20 (0.10)
     nforwardings        = 9.70
     time                = 1.90
91,-70.000000,2.696597,0.710459,0.816283,7,0.774709,10.200000,9.700000,1.897680
(92) borders_threshold   = -94.71
     margin_forwarding   = 0.10
     min_delay           = 0.00
     max_delay           = 1.37
     neighbors_threshold = 24
     energy              = 48.76
     coverage            = 41.10 (0.02)
     nforwardings        = 2.10
     time                = 1.53
92,-94.711056,0.099230,0.000000,1.374785,24,48.759500,41.100000,2.100000,1.525080
(93) borders_threshold   = -93.42
     margin_forwarding   = 0.10
     min_delay           = 0.02
     max_delay           = 0.95
     neighbors_threshold = 25
     energy              = 119.69
     coverage            = 67.00 (0.01)
     nforwardings        = 6.60
     time                = 1.29
93,-93.419748,0.099230,0.020550,0.954098,25,119.688000,67.000000,6.600000,1.291910
(94) borders_threshold   = -94.08
     margin_forwarding   = 0.10
     min_delay           = 0.00
     max_delay           = 0.97
     neighbors_threshold = 35
     energy              = 91.52
     coverage            = 58.70 (0.02)
     nforwardings        = 4.80
     time                = 1.22
94,-94.081738,0.099230,0.000000,0.969900,35,91.519000,58.700000,4.800000,1.221920
(95) borders_threshold   = -94.66
     margin_forwarding   = 0.10
     min_delay           = 0.02
     max_delay           = 1.00
     neighbors_threshold = 30
     energy              = 60.41
     coverage            = 47.30 (0.02)
     nforwardings        = 2.80
     time                = 1.08
95,-94.656317,0.099230,0.023886,1.004002,30,60.405700,47.300000,2.800000,1.075090
(96) borders_threshold   = -73.51
     margin_forwarding   = 2.70
     min_delay           = 0.00
     max_delay           = 0.82
     neighbors_threshold = 5
     energy              = 11.31
     coverage            = 12.30 (0.08)
     nforwardings        = 12.00
     time                = 1.59
96,-73.512848,2.696597,0.000000,0.816283,5,11.311000,12.300000,12.000000,1.592380
(97) borders_threshold   = -94.71
     margin_forwarding   = 0.10
     min_delay           = 0.55
     max_delay           = 0.97
     neighbors_threshold = 2
     energy              = 42.48
     coverage            = 35.70 (0.03)
     nforwardings        = 1.70
     time                = 1.13
97,-94.713876,0.099230,0.545546,0.969900,2,42.478400,35.700000,1.700000,1.134570
(98) borders_threshold   = -73.00
     margin_forwarding   = 2.70
     min_delay           = 0.16
     max_delay           = 0.88
     neighbors_threshold = 2
     energy              = 2.35
     coverage            = 7.00 (0.14)
     nforwardings        = 6.50
     time                = 1.47
98,-73.002322,2.696597,0.157664,0.876439,2,2.347820,7.000000,6.500000,1.469340
(99) borders_threshold   = -72.54
     margin_forwarding   = 2.70
     min_delay           = 0.00
     max_delay           = 0.88
     neighbors_threshold = 5
     energy              = 3.25
     coverage            = 7.20 (0.14)
     nforwardings        = 6.70
     time                = 0.91
99,-72.544082,2.696597,0.000000,0.883643,5,3.248240,7.200000,6.700000,0.914955

real	418m40.784s
user	351m31.690s
sys	66m28.865s
