[INFO][5] Cantidad de iteraciones: 3000
[INFO][1] Cantidad de iteraciones: 3000
[INFO][4] Cantidad de iteraciones: 3000
[INFO][3] Cantidad de iteraciones: 3000
[INFO][8] Cantidad de iteraciones: 3000
[INFO][7] Cantidad de iteraciones: 3000
[INFO][2] Cantidad de iteraciones: 3000
[INFO][6] Cantidad de iteraciones: 3000

id,borders_threshold,margin_forwarding,min_delay,max_delay,neighbors_threshold,energy,coverage,nforwardings,time
1,-94.154931,0.743735,0.133891,0.880814,0,82.844400,36.900000,4.200000,1.563610
2,-94.652500,0.263165,0.166066,1.044374,7,39.530900,23.400000,1.500000,0.796645
3,-94.555767,0.263165,0.355858,1.581303,1,38.020700,21.800000,1.400000,1.068130
4,-92.222153,0.743735,0.133891,0.687094,12,155.057000,47.300000,8.800000,1.577190
5,-93.670176,0.743735,0.000000,0.965775,6,105.242000,41.500000,5.600000,1.615940
6,-94.068680,1.493312,0.943994,2.018213,27,43.255600,24.700000,1.700000,1.947950
7,-91.951918,0.743735,0.133891,0.965775,11,159.182000,48.100000,9.000000,1.688790
8,-74.689947,1.225720,0.974891,4.926139,1,11.059700,4.600000,4.100000,4.783500
9,-94.739330,0.263165,0.267183,1.927915,16,21.798300,15.200000,0.400000,0.642480
10,-93.099770,0.743735,0.133891,0.173457,11,128.505000,45.500000,7.100000,0.580983
11,-94.275120,0.725537,0.586253,0.949573,40,33.192600,19.500000,1.100000,0.694365
12,-93.387146,0.743735,0.149936,0.812336,0,91.805200,38.200000,4.900000,1.010940
13,-94.643303,0.263165,0.267183,0.971382,16,29.875400,17.300000,0.900000,0.654207
14,-93.333442,0.743735,0.000000,0.278317,8,106.708000,42.600000,5.700000,0.548805
15,-93.986239,0.743735,0.037164,0.350811,0,74.726200,34.200000,3.700000,0.513219
16,-94.109563,0.743735,0.147357,0.474927,5,55.990500,29.800000,2.500000,0.559765
17,-94.319121,0.725537,0.731497,0.940895,44,29.988500,17.800000,0.900000,0.561751
18,-94.452913,0.263165,0.331741,1.927915,13,39.450600,22.500000,1.500000,1.288040
19,-94.701846,0.263165,0.499292,1.816686,3,34.736600,20.000000,1.200000,1.111460
20,-94.862613,0.263165,0.427456,1.825042,24,18.430200,12.400000,0.200000,0.215670
21,-94.796842,0.263165,0.267183,1.927915,16,18.668300,13.700000,0.200000,0.369289
22,-92.966463,0.743735,0.000000,0.234912,9,119.388000,42.700000,6.500000,0.362388
23,-94.674316,0.725537,0.562920,0.940895,45,20.262200,13.800000,0.300000,0.192517
24,-94.246113,0.725537,0.015205,0.290173,3,49.314100,26.300000,2.100000,0.210931
25,-94.517430,0.725537,0.263314,0.940895,41,25.182300,16.200000,0.600000,0.268076
26,-93.795593,0.743735,0.291228,0.984103,0,77.194300,36.100000,3.900000,1.674140
27,-94.562187,0.725537,0.586253,0.949573,40,23.639800,16.000000,0.500000,0.304496
28,-94.459633,0.263165,0.276708,1.928800,12,45.658700,25.700000,1.900000,1.742310
29,-94.261622,0.743735,0.133891,0.800762,3,36.652600,21.700000,1.300000,0.380820
30,-94.114589,0.725537,0.000000,0.679149,13,63.755000,32.200000,3.000000,0.810917
31,-94.779665,0.263165,0.267183,1.927915,14,20.400700,15.000000,0.300000,0.542803
32,-95.000000,0.263165,0.427456,1.825042,27,15.238600,11.000000,0.000000,0.000737
33,-94.642998,0.263165,0.429392,1.825042,28,36.336400,20.900000,1.300000,1.260740
34,-94.735499,0.263165,0.394708,1.837293,10,23.243800,15.700000,0.500000,0.660333
35,-94.433771,0.725537,0.562920,0.940895,41,26.784400,16.600000,0.700000,0.413408
36,-94.531913,2.173389,0.477096,0.400486,0,30.331500,19.200000,0.900000,0.394901
37,-94.074921,0.725537,0.015205,0.290173,5,66.968500,33.400000,3.200000,0.321202
38,-91.988863,0.743735,0.133891,0.350811,11,154.701000,47.200000,8.800000,0.821711
39,-93.361960,0.743735,0.133891,0.685148,5,98.174300,41.400000,5.200000,1.239060
40,-93.610361,2.173389,0.467555,0.599352,0,94.521500,40.900000,4.900000,1.795960
41,-93.373115,0.743735,0.133891,0.479823,6,122.220000,44.000000,6.700000,1.101950
42,-94.095144,0.725537,0.015205,0.290173,0,58.892500,30.400000,2.700000,0.273569
43,-94.833068,0.263165,0.267183,1.927915,15,18.437500,13.400000,0.200000,0.189939
44,-92.274267,0.743735,0.133891,0.350811,9,142.262000,47.100000,8.000000,0.858279
45,-94.087851,0.725537,0.015205,0.290173,4,62.154800,31.300000,2.900000,0.270134
46,-93.108664,0.743735,0.133891,0.685148,8,136.812000,46.900000,7.600000,1.568690
47,-94.218015,0.743735,0.000000,0.890961,0,52.565800,29.400000,2.300000,0.779066
48,-93.552988,0.743735,0.133891,0.320752,13,93.530400,38.500000,4.900000,0.684000
49,-93.112923,0.743735,0.000000,0.965775,10,124.198000,44.600000,6.800000,1.506630
50,-94.269296,0.743735,0.133891,0.800762,2,38.347000,22.400000,1.400000,0.458382
51,-94.102001,0.725537,0.015205,0.290173,4,60.552700,31.000000,2.800000,0.266251
52,-91.426286,1.854090,0.000000,1.680591,30,161.341000,48.200000,9.100000,1.711600
53,-94.015894,2.173389,0.477096,0.487768,4,49.663900,26.800000,2.100000,0.728133
54,-94.766329,0.263165,0.267183,1.851485,21,20.386000,14.500000,0.300000,0.375328
55,-94.062777,0.743735,0.648209,0.353339,5,78.115900,36.600000,3.900000,1.490320
56,-91.611842,0.725537,0.000000,0.447323,11,177.258000,48.700000,10.200000,0.655498
57,-93.948057,0.743735,0.000000,1.091886,0,76.206700,35.200000,3.800000,1.513530
58,-94.407923,0.743735,0.000000,0.143630,4,35.092400,20.100000,1.200000,0.078856
59,-94.128661,0.725537,0.171648,0.503794,0,52.334500,28.200000,2.300000,0.533463
60,-94.138386,0.725537,0.015205,0.290173,4,66.986300,33.500000,3.200000,0.305093
61,-91.490910,0.725537,0.257292,0.172259,9,156.336000,47.400000,8.900000,0.811547
62,-94.646982,0.263165,0.267183,1.927915,14,39.518900,22.800000,1.500000,1.356600
63,-94.894776,0.263165,0.267183,1.975027,5,18.434700,12.500000,0.200000,0.212318
65,-94.733025,0.263165,0.243740,1.030894,1,28.155300,17.200000,0.800000,0.569189
66,-90.692059,0.725537,0.000000,0.940895,30,201.780000,49.000000,11.800000,1.736410
67,-94.253354,0.743735,0.168371,0.800685,0,33.201700,19.700000,1.100000,0.437046
68,-94.666005,0.263165,0.398335,1.825042,18,41.353500,24.600000,1.600000,1.729450
69,-94.163677,0.725537,0.015205,0.290173,4,65.384200,32.600000,3.100000,0.319797
70,-93.040135,0.725537,0.000000,0.447323,11,130.504000,46.000000,7.200000,0.801323
71,-93.609591,0.725537,0.000000,0.313401,2,90.990800,37.600000,4.800000,0.468036
72,-91.619101,0.725537,0.000000,0.778957,25,162.884000,48.400000,9.300000,1.122340
73,-94.202132,0.725537,0.015205,0.290173,4,50.901200,27.700000,2.200000,0.247366
74,-94.128245,0.743735,0.133891,0.479823,6,54.388400,29.500000,2.400000,0.536291
75,-94.072273,1.493312,0.943994,2.324760,22,38.176600,22.100000,1.400000,1.789980
76,-93.623670,0.743735,0.147357,0.474927,10,86.105400,37.400000,4.400000,0.835267
77,-94.912205,0.263165,0.494626,1.874241,17,16.699500,11.400000,0.100000,0.113716
78,-94.100125,0.725537,0.015205,0.290173,0,57.290500,30.100000,2.600000,0.269686
79,-93.803823,0.743735,0.299251,0.984103,0,74.408700,34.100000,3.700000,1.728610
80,-90.788981,0.725537,0.000000,0.940895,31,186.735000,48.900000,10.800000,1.515210
81,-90.859002,0.743735,0.133891,0.965775,16,182.940000,48.800000,10.600000,1.849430
82,-94.078051,0.743735,0.147357,0.474927,6,67.185000,34.000000,3.200000,0.780907
83,-94.560503,0.743735,0.000000,0.009365,0,35.152400,20.600000,1.200000,0.006742
