[INFO][6] Cantidad de iteraciones: 3000
[INFO][2] Cantidad de iteraciones: 3000
[INFO][4] Cantidad de iteraciones: 3000
[INFO][5] Cantidad de iteraciones: 3000
[INFO][1] Cantidad de iteraciones: 3000
[INFO][8] Cantidad de iteraciones: 3000
[INFO][3] Cantidad de iteraciones: 3000
[INFO][7] Cantidad de iteraciones: 3000

id,borders_threshold,margin_forwarding,min_delay,max_delay,neighbors_threshold,energy,coverage,nforwardings,time
0,-93.583349,2.083667,0.167547,0.690254,45,121.747000,65.000000,6.600000,1.513870
1,-93.992400,1.839435,0.000000,0.136809,0,94.487400,58.800000,4.900000,0.201813
2,-91.375951,2.083667,0.000000,1.719789,34,189.033000,73.900000,10.800000,1.980990
3,-92.816830,2.083667,0.000000,0.806484,32,139.369000,69.800000,7.700000,1.164560
4,-94.569287,2.083667,0.000000,1.219398,22,36.837600,32.400000,1.300000,1.000350
5,-93.976151,1.839435,0.234002,0.674401,9,88.079100,54.600000,4.500000,1.394070
6,-93.899042,2.083667,0.000000,0.806484,25,91.203300,57.300000,4.700000,1.007960
7,-94.504052,2.741005,0.175150,1.369279,13,41.653600,36.100000,1.600000,0.870798
8,-94.621353,2.083667,0.041624,1.402856,11,27.225300,27.500000,0.700000,0.668918
9,-94.375151,2.083667,0.174892,1.684061,36,52.858200,40.700000,2.300000,1.446940
10,-94.807342,0.469709,0.120532,3.020845,34,20.591800,22.800000,0.300000,0.597583
11,-74.459212,0.531120,0.994669,3.669809,12,9.130320,13.600000,11.200000,7.022180
12,-93.023588,1.839435,0.000000,0.399751,0,126.346000,65.700000,6.900000,0.600137
13,-94.008705,2.083667,0.167547,0.787877,37,86.501500,53.400000,4.400000,1.289930
14,-95.000000,0.469709,0.120532,3.020845,42,15.815400,17.800000,0.000000,0.000787
15,-94.581061,1.839435,0.920469,1.040408,5,33.609100,30.800000,1.100000,0.978885
16,-92.738574,2.083667,0.000000,0.672887,27,137.745000,69.700000,7.600000,0.964026
17,-94.523864,1.839435,1.000000,1.024440,14,28.779600,28.100000,0.800000,0.609489
18,-94.212371,1.839435,0.234002,0.674401,6,75.262700,50.700000,3.700000,0.953241
19,-91.636985,1.839435,0.328716,1.024440,12,173.390000,73.700000,9.900000,1.955990
20,-94.313676,1.839435,0.134479,1.792743,0,51.231800,38.900000,2.200000,1.606850
21,-93.914705,2.083667,0.167547,1.215593,44,73.685000,50.100000,3.600000,1.998100
23,-92.984683,1.839435,0.048275,0.436329,11,137.739000,69.400000,7.600000,0.799674
25,-92.775157,2.083667,0.000000,0.672887,27,144.176000,72.400000,8.000000,1.066270
26,-94.690536,1.004213,0.462451,4.793922,36,22.284800,26.800000,0.400000,1.017620
27,-92.000883,2.083667,0.000000,1.583366,35,177.752000,73.800000,10.100000,1.879160
28,-93.566786,2.083667,0.020984,0.806484,34,100.920000,60.300000,5.300000,1.038600
29,-93.061295,1.839435,0.000000,1.161517,0,129.634000,69.100000,7.100000,1.568690
30,-94.937327,0.469709,0.120532,3.020845,42,18.989800,21.100000,0.200000,0.505247
32,-93.551450,2.083667,0.167547,0.787877,38,104.124000,62.400000,5.500000,1.192000
33,-94.600891,1.839435,1.000000,1.024440,20,36.813200,32.000000,1.300000,1.118310
34,-94.195217,2.083667,0.213879,0.732099,45,84.899400,53.200000,4.300000,1.190290
35,-94.596786,2.083667,0.103800,1.402856,21,28.827300,28.600000,0.800000,0.731964
36,-93.329335,1.839435,0.000000,1.024440,14,129.622000,65.900000,7.100000,1.538340
37,-93.513265,2.083667,0.000000,0.807763,26,88.103600,56.400000,4.500000,0.891123
38,-94.532292,2.083667,0.000000,0.779188,23,44.847900,38.800000,1.800000,0.669108
39,-94.614357,2.083667,0.077594,1.436483,20,30.429400,29.600000,0.900000,0.670847
40,-93.187364,1.839435,0.048275,0.428027,4,120.120000,64.200000,6.500000,0.654346
41,-94.145527,2.741005,0.428830,1.035489,14,64.082400,47.000000,3.000000,1.602840
42,-94.742913,0.469709,0.881609,3.020845,38,22.184400,25.300000,0.400000,0.818668
43,-92.839796,2.083667,0.000000,0.806484,33,150.584000,73.200000,8.400000,1.374760
44,-93.934497,2.083667,0.020984,0.806484,30,59.266500,44.800000,2.700000,0.717549
45,-93.021624,2.083667,0.000000,0.672887,24,118.543000,63.800000,6.400000,0.749787
46,-94.968213,0.469709,0.120532,3.020845,39,17.387700,19.300000,0.100000,0.281087
47,-91.200468,2.083667,0.000000,1.719789,36,201.761000,74.000000,11.600000,1.916160
48,-94.494313,1.839435,0.000000,0.637134,0,44.823500,38.100000,1.800000,0.449939
49,-94.539075,1.839435,0.158486,0.377937,1,52.833800,39.500000,2.300000,0.426302
50,-94.607169,2.083667,0.000000,1.404380,8,38.439700,34.600000,1.400000,1.081520
51,-93.986899,1.839435,0.000000,0.133407,0,96.089400,59.600000,5.000000,0.202058
53,-94.514401,1.839435,0.134479,1.731807,0,38.415300,33.500000,1.400000,1.097190
54,-94.508487,1.839435,0.134479,1.720015,0,41.619400,36.000000,1.600000,1.025190
55,-94.694159,1.839435,0.000000,1.024522,2,28.802900,28.200000,0.800000,0.359669
56,-93.165627,1.839435,0.048275,0.436329,10,123.324000,65.300000,6.700000,0.659543
57,-93.509804,1.839435,0.234002,0.595521,10,116.916000,63.000000,6.300000,1.110800
58,-94.086522,1.839435,0.234002,0.369892,0,80.068800,52.900000,4.000000,0.704862
59,-94.515941,2.118887,0.735990,1.534344,0,36.841200,33.200000,1.300000,1.086380
60,-93.898276,1.839435,0.039946,0.782661,1,68.854400,47.800000,3.300000,0.890403
61,-94.211668,1.839435,0.000000,0.842075,1,73.660600,48.700000,3.600000,0.711886
62,-94.549177,2.741005,0.330915,1.135930,0,35.245300,31.300000,1.200000,0.777767
63,-92.837288,2.083667,0.000000,0.656481,27,156.992000,73.400000,8.800000,1.097500
64,-92.830063,2.083667,0.020984,0.806484,36,142.569000,71.800000,7.900000,1.188190
65,-94.188452,2.118887,0.755193,1.534344,0,51.259700,39.200000,2.200000,1.964200
66,-94.545334,1.839435,1.000000,1.024440,15,32.007000,30.500000,1.000000,0.812649
67,-94.687376,0.469709,0.000000,3.020845,26,23.771800,27.400000,0.500000,0.820235
68,-94.135965,2.741005,0.419488,1.035489,15,65.684500,47.100000,3.100000,1.635510
69,-92.809224,2.083667,0.020984,0.806484,37,145.773000,73.000000,8.100000,1.212050
71,-93.513866,2.083667,0.000000,0.807763,27,89.705600,56.600000,4.600000,0.902953
72,-94.160548,2.083667,0.000000,1.000141,20,64.072700,45.700000,3.000000,1.369290
73,-94.301648,1.839435,0.134479,1.720015,1,70.456500,48.600000,3.400000,1.977060
78,-94.504097,1.839435,0.124441,0.436238,0,43.221500,37.600000,1.700000,0.407649
79,-94.172820,2.741005,0.483310,1.135930,18,56.072100,43.200000,2.500000,1.587060
