[INFO][1] Cantidad de iteraciones: 3000
[INFO][4] Cantidad de iteraciones: 3000
[INFO][3] Cantidad de iteraciones: 3000
[INFO][8] Cantidad de iteraciones: 3000
[INFO][2] Cantidad de iteraciones: 3000
[INFO][6] Cantidad de iteraciones: 3000
[INFO][5] Cantidad de iteraciones: 3000
[INFO][7] Cantidad de iteraciones: 3000

id,borders_threshold,margin_forwarding,min_delay,max_delay,neighbors_threshold,energy,coverage,nforwardings,time
0,-94.180923,0.545467,0.156785,0.000000,25,87.800700,58.400000,4.500000,0.195901
1,-73.408886,2.150483,0.439653,1.160398,0,6.328920,8.100000,7.700000,1.960930
2,-94.736607,0.338452,1.000000,3.413281,34,22.030900,26.700000,0.400000,0.932690
3,-92.179618,0.545467,0.163597,0.000000,37,166.799000,73.900000,9.500000,0.216457
4,-73.396667,2.150483,0.829838,0.000000,6,0.073922,6.900000,6.600000,0.909884
5,-93.255192,0.601848,0.520908,0.313768,36,141.771000,72.100000,7.900000,1.330820
6,-73.373544,2.150483,0.460428,0.000000,10,1.989160,8.300000,7.900000,0.759923
7,-73.993217,2.150483,0.460428,1.246415,10,2.255580,7.200000,6.300000,1.783850
8,-92.948385,0.601848,0.520908,0.313768,39,153.083000,72.900000,8.600000,1.752680
9,-73.619098,2.150483,0.460428,0.169483,9,2.406530,10.300000,9.700000,0.961844
10,-94.828316,0.338452,0.997080,4.881859,41,18.877000,20.200000,0.200000,0.819288
11,-74.384993,2.150483,0.798114,0.000000,2,10.216800,8.500000,7.500000,0.991684
12,-75.794466,0.579427,0.935242,4.151010,5,3.036890,6.300000,5.000000,5.513300
13,-73.162443,2.150483,0.460428,1.372183,3,0.549222,5.800000,5.500000,1.692180
14,-73.971819,2.150483,0.460428,1.246415,0,1.833440,4.900000,4.600000,1.035000
15,-94.342971,0.545467,1.000000,0.332432,46,75.038300,52.000000,3.700000,1.625980
16,-73.596418,2.150483,0.460428,0.000000,2,7.546970,11.700000,10.800000,0.894389
17,-94.702973,0.338452,1.000000,3.432655,32,25.245600,27.500000,0.600000,1.122610
18,-92.306114,0.601848,0.695197,0.313768,48,160.924000,73.600000,9.100000,1.659670
19,-94.183098,0.545467,0.163597,0.111393,31,92.534800,59.200000,4.800000,0.394328
20,-94.508213,0.545467,0.000000,0.058980,43,43.092100,37.700000,1.700000,0.040290
21,-74.749601,2.150483,0.460428,0.000000,2,15.108600,15.200000,13.600000,1.121740
22,-95.000000,0.300285,0.730738,1.462673,47,15.781500,17.800000,0.000000,0.000787
23,-93.287934,0.545467,1.000000,0.000000,47,133.814000,70.000000,7.400000,1.549940
24,-94.430849,0.409660,0.169854,0.859182,20,57.441600,46.000000,2.600000,1.068530
25,-94.524922,1.108348,0.158364,0.191856,14,44.750400,38.100000,1.800000,0.250109
26,-72.698717,2.150483,0.000000,0.019233,9,8.315640,12.100000,11.100000,0.028148
27,-72.659257,2.150483,0.460428,0.169483,4,0.824989,8.700000,8.000000,0.876037
28,-72.689934,2.150483,0.000000,0.019233,7,6.160140,9.700000,9.100000,0.026517
29,-74.350013,2.150483,0.460428,0.169483,2,8.426130,11.200000,10.500000,0.893247
30,-94.459853,0.409660,0.136094,0.000000,11,71.885100,50.200000,3.500000,0.131973
31,-94.386119,0.545467,0.276981,0.058980,33,52.401300,44.200000,2.300000,0.326981
32,-94.248042,0.545467,1.000000,0.000000,41,92.635800,59.700000,4.800000,1.597450
33,-94.178238,0.545467,0.163597,0.000000,41,86.198600,57.800000,4.400000,0.200329
34,-73.796441,2.150483,0.460428,1.372183,0,1.620880,6.600000,6.100000,1.851130
35,-94.117171,0.545467,0.313855,0.000000,44,77.962700,53.600000,3.900000,0.364363
36,-75.622512,0.579427,0.000000,0.670168,9,0.194193,8.500000,8.100000,1.214650
37,-75.598199,0.579427,0.141093,0.670168,9,7.446660,11.600000,10.600000,1.727480
38,-72.223116,2.150483,0.829838,0.000000,9,9.227340,8.200000,7.700000,0.849678
39,-94.618938,0.409660,0.770630,0.859182,27,31.859200,29.800000,1.000000,0.822595
40,-92.943639,0.545467,0.163597,0.000000,43,139.861000,70.900000,7.800000,0.182001
41,-94.382258,0.545467,0.457212,0.058980,40,51.102400,43.300000,2.200000,0.398606
42,-94.609634,1.836204,1.000000,0.972819,11,33.608800,30.800000,1.100000,0.988445
43,-93.332657,0.545467,0.163597,0.000000,42,119.367000,66.400000,6.500000,0.202369
44,-94.520415,0.409660,0.440548,0.784747,4,68.434300,48.200000,3.300000,1.750100
45,-93.153791,0.409660,1.000000,0.000000,29,130.343000,69.900000,7.200000,1.490980
46,-74.606296,2.150483,0.460428,0.062425,5,14.971500,13.400000,12.500000,0.853049
47,-73.759524,2.150483,0.460428,0.062425,5,3.550000,9.000000,8.200000,0.719568
48,-94.542451,1.836204,0.953041,1.125884,17,38.415000,33.500000,1.400000,0.965825
49,-94.398412,0.545467,0.276981,0.058980,31,50.799200,42.900000,2.200000,0.326981
50,-94.628988,0.521244,0.000000,0.022292,0,27.061800,28.400000,0.700000,0.009073
51,-94.691116,0.409660,0.690688,0.784747,6,23.748900,27.400000,0.500000,0.371027
52,-73.972588,2.150483,0.460428,0.000000,9,9.380620,10.000000,9.300000,0.669474
53,-94.990025,0.338452,0.997080,4.881859,44,17.281000,19.300000,0.100000,0.459796
54,-94.486307,0.521244,0.086001,0.055027,0,41.487600,34.800000,1.600000,0.090552
55,-72.833260,2.150483,0.460428,0.169483,6,0.548188,8.200000,7.800000,0.933427
56,-92.983569,0.601848,0.520908,0.313768,36,138.610000,70.400000,7.700000,1.508180
57,-93.700328,1.108348,0.214129,0.000000,16,107.028000,63.500000,5.700000,0.299509
58,-73.504196,2.150483,0.460428,0.000000,10,11.396800,9.500000,9.000000,0.583470
59,-93.773522,0.409660,0.169854,0.859182,21,108.249000,64.900000,5.800000,1.142300
60,-92.848908,0.601848,0.520908,0.313768,39,151.481000,72.800000,8.500000,1.748590
61,-72.185307,2.150483,0.460428,0.000000,5,0.438412,7.300000,6.800000,0.532592
62,-94.674486,0.300285,0.730738,0.843001,50,33.412400,30.000000,1.100000,0.717670
63,-93.813133,0.409660,0.169854,0.859182,21,105.110000,63.100000,5.600000,1.194880
64,-94.314711,0.409660,0.487788,0.784747,14,76.493000,52.200000,3.800000,1.543380
65,-94.830853,0.338452,0.997080,4.962896,41,18.954100,21.100000,0.200000,0.856973
66,-73.858956,2.150483,0.460428,0.000000,2,7.126420,9.900000,9.200000,0.705793
67,-94.546883,0.409660,0.487788,0.784747,8,38.031400,32.700000,1.400000,0.866867
68,-73.890521,2.150483,0.000000,0.169483,9,5.700920,11.300000,10.800000,0.342350
69,-72.974136,2.150483,0.829838,0.000000,10,1.656260,9.800000,9.300000,1.288730
70,-94.435295,0.409660,0.486763,0.790257,3,58.972200,48.100000,2.700000,1.325200
71,-94.196885,0.545467,1.000000,0.332432,45,85.857100,57.600000,4.400000,1.989860
72,-70.000000,2.150483,0.000000,0.019233,12,12.730100,15.300000,14.700000,0.033181
73,-94.170657,0.545467,1.000000,0.407954,41,89.264200,58.500000,4.600000,1.956400
74,-76.327493,0.579427,0.000000,0.670168,8,10.415800,12.200000,10.800000,1.460820
75,-93.996583,0.409660,0.185334,0.859182,20,95.722300,62.500000,5.000000,1.410700
76,-94.068898,0.545467,0.312412,0.000000,23,94.064200,59.800000,4.900000,0.433221
77,-93.911753,0.545467,0.457212,0.058980,42,114.922000,65.700000,6.200000,0.856780
78,-74.595937,2.150483,0.798114,0.000000,2,12.322400,11.000000,9.700000,1.264890
79,-93.423342,0.545467,0.000000,0.058980,34,119.637000,67.700000,6.500000,0.089511
80,-94.757074,0.338452,1.000000,3.413281,35,20.428800,24.700000,0.300000,0.793295
81,-91.848749,0.545467,0.312412,0.000000,49,185.699000,74.000000,10.700000,0.391594
82,-92.974543,0.545467,0.962347,0.000000,44,138.707000,70.500000,7.700000,1.480450
83,-74.207447,2.150483,0.829838,0.000000,0,11.335800,10.500000,9.400000,1.481940
84,-94.388999,0.545467,0.457212,0.058980,39,49.500300,42.000000,2.100000,0.398606
85,-73.990578,2.150483,0.460428,1.372183,2,1.844790,7.800000,7.300000,1.789140
86,-94.322907,0.545467,0.457212,0.171058,25,70.140700,50.000000,3.400000,0.677666
87,-72.980768,2.150483,0.829838,0.000000,11,11.741700,12.900000,12.000000,1.827700
89,-93.609274,0.545467,0.994638,0.000000,32,122.537000,69.000000,6.700000,1.173860
90,-73.939678,2.150483,0.475402,0.169483,0,5.586300,12.000000,11.100000,1.345390
91,-75.757348,0.579427,0.141093,0.670168,8,8.732220,11.100000,9.800000,1.559460
92,-72.820946,2.150483,0.000000,1.372183,5,0.339276,6.700000,6.300000,1.609080
93,-74.901771,2.150483,0.460428,0.000000,0,14.529700,13.600000,12.900000,1.016480
94,-94.284413,0.409660,0.989592,0.000000,4,81.236600,56.900000,4.100000,1.269460
95,-94.689501,0.545467,0.108238,0.045674,36,28.600700,29.100000,0.800000,0.068783
96,-74.373313,2.150483,0.460428,0.000000,6,10.473300,12.700000,11.900000,0.810555
97,-94.485543,0.409660,0.169854,0.895150,19,57.417700,45.700000,2.600000,1.090700
98,-94.212001,0.545467,0.457212,0.171058,26,100.625000,62.700000,5.300000,0.932219
99,-93.222650,0.601848,0.695197,0.313768,50,145.232000,72.400000,8.100000,1.614070
