++ cd /home/clusterusers/siturriaga/itu-maestria/trunk/aedb-mls
++ ITERATIONS=250
++ THREADS=12
++ INSTANCE=50
++ SIMULS=10
++ export LD_LIBRARY_PATH=:/home/clusterusers/siturriaga/ns3Files
++ LD_LIBRARY_PATH=:/home/clusterusers/siturriaga/ns3Files
++ /home/users/siturriaga/bin/mpich2-1.4.1p1/bin/mpiexec -launcher ssh -launcher-exec oarsh -f /var/lib/oar/2644171 -np 9 -ppn 1 bin/mls.rand 10560 250 12 10 50
[DEBUG] argc = 6
[DEBUG] argc = 6
[DEBUG] argc = 6
===========================================================
Configuración
===========================================================
   Random seed        = 10560
   MPI size           = 9
   MLS.count_threads  = 12
   MLS.max_iterations = 250
   MLS.number_devices = 50
[DEBUG] argc = 6
[DEBUG] argc = 6
   MLS.simul_runs     = 10
   MLS.init           = MLS__RANDOM
===========================================================
[DEBUG] argc = 6
[DEBUG] argc = 6
[DEBUG] argc = 6
[DEBUG] argc = 6
[DEBUG][1] Thread 0 starting solution:
-> borders_threshold   : -90.0258
   margin_forwarding   : 2.3965
   min_delay           : 0.4340
   max_delay           : 4.7630
   neighbors_threshold : 1
   energy              : 151.3970
   coverage            : 40.2000
   nforwardings        : 9.5000
   time                : 7.3907
[DEBUG][3] Thread 0 starting solution:
-> borders_threshold   : -78.0781
   margin_forwarding   : 0.8990
   min_delay           : 0.8086
   max_delay           : 3.7492
   neighbors_threshold : 7
   energy              : 27.6730
   coverage            : 9.5000
   nforwardings        : 7.9000
   time                : 5.3562
[DEBUG][5] Thread 0 starting solution:
-> borders_threshold   : -87.8861
   margin_forwarding   : 2.8232
   min_delay           : 0.6779
   max_delay           : 3.7766
   neighbors_threshold : 18
   energy              : 250.0630
   coverage            : 48.6000
   nforwardings        : 14.7000
   time                : 5.9380
[DEBUG][4] Thread 0 starting solution:
-> borders_threshold   : -74.6846
   margin_forwarding   : 1.1612
   min_delay           : 0.0765
   max_delay           : 3.9263
   neighbors_threshold : 17
   energy              : 525.4100
   coverage            : 49.0000
   nforwardings        : 37.4000
   time                : 5.9147
[DEBUG][2] Thread 0 starting solution:
-> borders_threshold   : -72.9504
   margin_forwarding   : 1.8967
   min_delay           : 0.7334
   max_delay           : 3.4778
   neighbors_threshold : 38
   energy              : 622.2420
   coverage            : 49.0000
   nforwardings        : 38.4000
   time                : 5.1002
[INFO][AGA] Kaput!
[INFO] AGA information ============================================ 
[INFO] Population count: 99
[INFO] Population:
(0) borders_threshold   = -75.54
     margin_forwarding   = 0.14
     min_delay           = 0.00
     max_delay           = 0.97
     neighbors_threshold = 0
     energy              = 4.50
     coverage            = 4.10 (0.24)
     nforwardings        = 3.80
     time                = 0.91
0,-75.543247,0.136590,0.000000,0.972773,0,4.497490,4.100000,3.800000,0.912050
(1) borders_threshold   = -94.12
     margin_forwarding   = 2.07
     min_delay           = 0.00
     max_delay           = 1.10
     neighbors_threshold = 14
     energy              = 38.45
     coverage            = 24.00 (0.04)
     nforwardings        = 1.40
     time                = 0.42
1,-94.123065,2.067952,0.000000,1.098485,14,38.449400,24.000000,1.400000,0.424735
(2) borders_threshold   = -74.73
     margin_forwarding   = 0.14
     min_delay           = 0.00
     max_delay           = 1.94
     neighbors_threshold = 6
     energy              = 5.58
     coverage            = 5.70 (0.18)
     nforwardings        = 5.60
     time                = 1.43
2,-74.730218,0.136590,0.000000,1.942815,6,5.580850,5.700000,5.600000,1.430850
(3) borders_threshold   = -94.54
     margin_forwarding   = 1.06
     min_delay           = 0.00
     max_delay           = 0.82
     neighbors_threshold = 50
     energy              = 25.33
     coverage            = 16.20 (0.06)
     nforwardings        = 0.60
     time                = 0.18
3,-94.539603,1.059793,0.000000,0.823061,50,25.329000,16.200000,0.600000,0.183703
(4) borders_threshold   = -94.40
     margin_forwarding   = 0.89
     min_delay           = 0.99
     max_delay           = 4.13
     neighbors_threshold = 30
     energy              = 26.86
     coverage            = 16.60 (0.06)
     nforwardings        = 0.70
     time                = 1.36
4,-94.395751,0.887409,0.989985,4.132845,30,26.862100,16.600000,0.700000,1.359070
(5) borders_threshold   = -93.24
     margin_forwarding   = 1.06
     min_delay           = 0.06
     max_delay           = 0.87
     neighbors_threshold = 28
     energy              = 94.26
     coverage            = 39.30 (0.03)
     nforwardings        = 4.90
     time                = 1.33
5,-93.243120,1.059793,0.063734,0.867965,28,94.259100,39.300000,4.900000,1.326430
(6) borders_threshold   = -75.39
     margin_forwarding   = 0.14
     min_delay           = 0.27
     max_delay           = 1.62
     neighbors_threshold = 5
     energy              = 5.98
     coverage            = 4.30 (0.23)
     nforwardings        = 3.60
     time                = 1.45
6,-75.389301,0.136590,0.274926,1.621137,5,5.978940,4.300000,3.600000,1.453880
(7) borders_threshold   = -75.89
     margin_forwarding   = 0.14
     min_delay           = 0.00
     max_delay           = 2.53
     neighbors_threshold = 6
     energy              = 3.18
     coverage            = 3.00 (0.33)
     nforwardings        = 2.70
     time                = 1.61
7,-75.892705,0.136590,0.000000,2.533660,6,3.182000,3.000000,2.700000,1.614370
(8) borders_threshold   = -93.85
     margin_forwarding   = 1.51
     min_delay           = 0.00
     max_delay           = 1.13
     neighbors_threshold = 38
     energy              = 46.46
     coverage            = 26.00 (0.04)
     nforwardings        = 1.90
     time                = 0.95
8,-93.850968,1.505663,0.000000,1.134511,38,46.459700,26.000000,1.900000,0.946475
(9) borders_threshold   = -76.69
     margin_forwarding   = 0.14
     min_delay           = 0.00
     max_delay           = 1.81
     neighbors_threshold = 0
     energy              = 7.91
     coverage            = 4.10 (0.24)
     nforwardings        = 3.50
     time                = 1.79
9,-76.692238,0.136590,0.000000,1.808256,0,7.914840,4.100000,3.500000,1.790110
(10) borders_threshold   = -74.54
     margin_forwarding   = 0.14
     min_delay           = 1.00
     max_delay           = 1.94
     neighbors_threshold = 0
     energy              = 2.00
     coverage            = 2.60 (0.38)
     nforwardings        = 2.40
     time                = 1.05
10,-74.543724,0.136590,1.000000,1.942815,0,1.999620,2.600000,2.400000,1.050900
(11) borders_threshold   = -94.47
     margin_forwarding   = 0.89
     min_delay           = 0.99
     max_delay           = 4.13
     neighbors_threshold = 29
     energy              = 23.63
     coverage            = 15.40 (0.06)
     nforwardings        = 0.50
     time                = 1.21
11,-94.470221,0.887409,0.989985,4.132845,29,23.632200,15.400000,0.500000,1.209510
(12) borders_threshold   = -75.07
     margin_forwarding   = 0.14
     min_delay           = 0.00
     max_delay           = 1.62
     neighbors_threshold = 6
     energy              = 8.49
     coverage            = 4.50 (0.22)
     nforwardings        = 3.80
     time                = 1.24
12,-75.072199,0.136590,0.000000,1.621137,6,8.490650,4.500000,3.800000,1.237830
(13) borders_threshold   = -94.03
     margin_forwarding   = 1.06
     min_delay           = 0.00
     max_delay           = 1.02
     neighbors_threshold = 37
     energy              = 43.18
     coverage            = 25.00 (0.04)
     nforwardings        = 1.70
     time                = 0.48
13,-94.026266,1.059793,0.000000,1.016668,37,43.182700,25.000000,1.700000,0.475410
(14) borders_threshold   = -94.05
     margin_forwarding   = 1.06
     min_delay           = 0.06
     max_delay           = 0.30
     neighbors_threshold = 28
     energy              = 38.12
     coverage            = 21.90 (0.05)
     nforwardings        = 1.40
     time                = 0.20
14,-94.046443,1.059793,0.063734,0.296796,28,38.124600,21.900000,1.400000,0.196699
(15) borders_threshold   = -70.00
     margin_forwarding   = 0.14
     min_delay           = 0.00
     max_delay           = 0.93
     neighbors_threshold = 8
     energy              = 2.74
     coverage            = 4.40 (0.23)
     nforwardings        = 4.20
     time                = 0.73
15,-70.000000,0.136590,0.000000,0.925316,8,2.742200,4.400000,4.200000,0.730390
(16) borders_threshold   = -93.79
     margin_forwarding   = 1.06
     min_delay           = 0.06
     max_delay           = 0.86
     neighbors_threshold = 30
     energy              = 81.48
     coverage            = 34.10 (0.03)
     nforwardings        = 4.10
     time                = 1.26
16,-93.791020,1.059793,0.063734,0.860641,30,81.482600,34.100000,4.100000,1.258450
(17) borders_threshold   = -93.68
     margin_forwarding   = 1.51
     min_delay           = 0.01
     max_delay           = 1.32
     neighbors_threshold = 35
     energy              = 67.27
     coverage            = 30.40 (0.03)
     nforwardings        = 3.20
     time                = 1.45
17,-93.683053,1.505663,0.011693,1.321452,35,67.268700,30.400000,3.200000,1.453040
(18) borders_threshold   = -94.58
     margin_forwarding   = 1.51
     min_delay           = 0.01
     max_delay           = 0.00
     neighbors_threshold = 50
     energy              = 27.23
     coverage            = 17.10 (0.06)
     nforwardings        = 0.70
     time                = 0.00
18,-94.584768,1.505663,0.011693,0.000000,50,27.235000,17.100000,0.700000,0.004310
(19) borders_threshold   = -93.59
     margin_forwarding   = 1.06
     min_delay           = 0.06
     max_delay           = 1.25
     neighbors_threshold = 22
     energy              = 68.54
     coverage            = 30.50 (0.03)
     nforwardings        = 3.30
     time                = 1.35
19,-93.588913,1.059793,0.063734,1.253742,22,68.542600,30.500000,3.300000,1.346220
(20) borders_threshold   = -94.69
     margin_forwarding   = 0.14
     min_delay           = 0.00
     max_delay           = 1.17
     neighbors_threshold = 1
     energy              = 32.98
     coverage            = 19.50 (0.05)
     nforwardings        = 1.10
     time                = 0.55
20,-94.689290,0.136590,0.000000,1.166948,1,32.980000,19.500000,1.100000,0.549524
(21) borders_threshold   = -93.75
     margin_forwarding   = 1.06
     min_delay           = 0.00
     max_delay           = 0.57
     neighbors_threshold = 25
     energy              = 82.98
     coverage            = 34.60 (0.03)
     nforwardings        = 4.20
     time                = 0.75
21,-93.746426,1.059793,0.000000,0.572265,25,82.980400,34.600000,4.200000,0.749341
(22) borders_threshold   = -93.88
     margin_forwarding   = 1.51
     min_delay           = 0.12
     max_delay           = 1.32
     neighbors_threshold = 28
     energy              = 49.66
     coverage            = 26.90 (0.04)
     nforwardings        = 2.10
     time                = 1.23
22,-93.880716,1.505663,0.124571,1.321452,28,49.663900,26.900000,2.100000,1.225090
(23) borders_threshold   = -72.90
     margin_forwarding   = 0.14
     min_delay           = 0.00
     max_delay           = 0.97
     neighbors_threshold = 8
     energy              = 9.87
     coverage            = 7.10 (0.14)
     nforwardings        = 6.50
     time                = 0.75
23,-72.897879,0.136590,0.000000,0.972773,8,9.867980,7.100000,6.500000,0.753486
(24) borders_threshold   = -93.57
     margin_forwarding   = 2.07
     min_delay           = 0.00
     max_delay           = 0.41
     neighbors_threshold = 28
     energy              = 68.85
     coverage            = 31.10 (0.03)
     nforwardings        = 3.30
     time                = 0.44
24,-93.567049,2.067952,0.000000,0.414776,28,68.846800,31.100000,3.300000,0.440401
(25) borders_threshold   = -94.50
     margin_forwarding   = 0.14
     min_delay           = 0.00
     max_delay           = 0.79
     neighbors_threshold = 14
     energy              = 53.34
     coverage            = 28.30 (0.04)
     nforwardings        = 2.40
     time                = 0.77
25,-94.500989,0.136590,0.000000,0.791110,14,53.336200,28.300000,2.400000,0.771127
(26) borders_threshold   = -75.46
     margin_forwarding   = 0.14
     min_delay           = 0.00
     max_delay           = 0.55
     neighbors_threshold = 2
     energy              = 9.04
     coverage            = 4.40 (0.23)
     nforwardings        = 3.70
     time                = 0.51
26,-75.464273,0.136590,0.000000,0.546470,2,9.037880,4.400000,3.700000,0.510279
(27) borders_threshold   = -94.10
     margin_forwarding   = 1.06
     min_delay           = 0.00
     max_delay           = 1.02
     neighbors_threshold = 37
     energy              = 38.36
     coverage            = 23.70 (0.04)
     nforwardings        = 1.40
     time                = 0.47
27,-94.097716,1.059793,0.000000,1.016668,37,38.360100,23.700000,1.400000,0.470898
(28) borders_threshold   = -93.61
     margin_forwarding   = 1.06
     min_delay           = 0.00
     max_delay           = 0.97
     neighbors_threshold = 25
     energy              = 103.99
     coverage            = 41.60 (0.02)
     nforwardings        = 5.50
     time                = 1.56
28,-93.612495,1.059793,0.000000,0.970380,25,103.987000,41.600000,5.500000,1.564620
(29) borders_threshold   = -92.84
     margin_forwarding   = 1.06
     min_delay           = 0.00
     max_delay           = 0.61
     neighbors_threshold = 41
     energy              = 136.01
     coverage            = 46.00 (0.02)
     nforwardings        = 7.50
     time                = 1.06
29,-92.836677,1.059793,0.000000,0.613760,41,136.007000,46.000000,7.500000,1.059640
(30) borders_threshold   = -94.02
     margin_forwarding   = 1.06
     min_delay           = 0.40
     max_delay           = 0.79
     neighbors_threshold = 24
     energy              = 52.86
     coverage            = 28.10 (0.04)
     nforwardings        = 2.30
     time                = 1.05
30,-94.023921,1.059793,0.396705,0.794236,24,52.855900,28.100000,2.300000,1.047380
(31) borders_threshold   = -77.52
     margin_forwarding   = 0.14
     min_delay           = 0.00
     max_delay           = 0.93
     neighbors_threshold = 5
     energy              = 9.87
     coverage            = 5.20 (0.19)
     nforwardings        = 4.70
     time                = 1.10
31,-77.515917,0.136590,0.000000,0.925316,5,9.873910,5.200000,4.700000,1.104290
(32) borders_threshold   = -89.68
     margin_forwarding   = 1.51
     min_delay           = 0.01
     max_delay           = 1.24
     neighbors_threshold = 42
     energy              = 192.48
     coverage            = 49.00 (0.02)
     nforwardings        = 11.10
     time                = 1.58
32,-89.684857,1.505663,0.011693,1.241114,42,192.481000,49.000000,11.100000,1.580400
(33) borders_threshold   = -70.00
     margin_forwarding   = 0.14
     min_delay           = 0.00
     max_delay           = 1.94
     neighbors_threshold = 6
     energy              = 1.20
     coverage            = 4.20 (0.24)
     nforwardings        = 4.20
     time                = 1.77
33,-70.000000,0.136590,0.000000,1.942815,6,1.198590,4.200000,4.200000,1.774340
(34) borders_threshold   = -74.88
     margin_forwarding   = 0.14
     min_delay           = 0.00
     max_delay           = 0.47
     neighbors_threshold = 2
     energy              = 0.56
     coverage            = 4.50 (0.22)
     nforwardings        = 4.30
     time                = 0.37
34,-74.876488,0.136590,0.000000,0.472654,2,0.558432,4.500000,4.300000,0.370099
(35) borders_threshold   = -93.28
     margin_forwarding   = 1.06
     min_delay           = 0.06
     max_delay           = 0.57
     neighbors_threshold = 31
     energy              = 116.43
     coverage            = 43.20 (0.02)
     nforwardings        = 6.30
     time                = 1.16
35,-93.283742,1.059793,0.063734,0.572265,31,116.429000,43.200000,6.300000,1.160970
(36) borders_threshold   = -94.92
     margin_forwarding   = 1.06
     min_delay           = 0.00
     max_delay           = 0.00
     neighbors_threshold = 29
     energy              = 17.11
     coverage            = 11.40 (0.09)
     nforwardings        = 0.10
     time                = 0.00
36,-94.916023,1.059793,0.000000,0.000000,29,17.109900,11.400000,0.100000,0.000814
(37) borders_threshold   = -74.54
     margin_forwarding   = 0.14
     min_delay           = 0.00
     max_delay           = 1.62
     neighbors_threshold = 7
     energy              = 6.01
     coverage            = 5.50 (0.18)
     nforwardings        = 5.10
     time                = 1.58
37,-74.544776,0.136590,0.000000,1.621137,7,6.008620,5.500000,5.100000,1.583920
(38) borders_threshold   = -93.77
     margin_forwarding   = 1.51
     min_delay           = 0.00
     max_delay           = 1.13
     neighbors_threshold = 38
     energy              = 76.87
     coverage            = 33.40 (0.03)
     nforwardings        = 3.80
     time                = 1.24
38,-93.774027,1.505663,0.000000,1.134511,38,76.868200,33.400000,3.800000,1.244560
(39) borders_threshold   = -94.52
     margin_forwarding   = 0.89
     min_delay           = 1.00
     max_delay           = 4.38
     neighbors_threshold = 28
     energy              = 23.71
     coverage            = 16.00 (0.06)
     nforwardings        = 0.50
     time                = 1.17
39,-94.516110,0.887409,1.000000,4.375092,28,23.710400,16.000000,0.500000,1.166890
(40) borders_threshold   = -93.52
     margin_forwarding   = 1.06
     min_delay           = 0.00
     max_delay           = 0.97
     neighbors_threshold = 21
     energy              = 100.68
     coverage            = 40.70 (0.02)
     nforwardings        = 5.30
     time                = 1.50
40,-93.519622,1.059793,0.000000,0.972235,21,100.678000,40.700000,5.300000,1.496540
(41) borders_threshold   = -94.82
     margin_forwarding   = 0.14
     min_delay           = 1.00
     max_delay           = 0.00
     neighbors_threshold = 13
     energy              = 28.25
     coverage            = 17.90 (0.06)
     nforwardings        = 0.80
     time                = 0.24
41,-94.816650,0.136590,1.000000,0.000000,13,28.250800,17.900000,0.800000,0.244777
(42) borders_threshold   = -73.30
     margin_forwarding   = 0.14
     min_delay           = 0.00
     max_delay           = 1.94
     neighbors_threshold = 5
     energy              = 7.70
     coverage            = 4.60 (0.22)
     nforwardings        = 4.10
     time                = 1.14
42,-73.299186,0.136590,0.000000,1.942815,5,7.704040,4.600000,4.100000,1.144600
(43) borders_threshold   = -95.00
     margin_forwarding   = 0.14
     min_delay           = 0.00
     max_delay           = 0.89
     neighbors_threshold = 26
     energy              = 15.16
     coverage            = 11.00 (0.09)
     nforwardings        = 0.00
     time                = 0.00
43,-95.000000,0.136590,0.000000,0.890375,26,15.158300,11.000000,0.000000,0.000737
(44) borders_threshold   = -93.82
     margin_forwarding   = 1.06
     min_delay           = 0.00
     max_delay           = 0.61
     neighbors_threshold = 47
     energy              = 90.97
     coverage            = 38.30 (0.03)
     nforwardings        = 4.70
     time                = 1.03
44,-93.822771,1.059793,0.000000,0.613174,47,90.974100,38.300000,4.700000,1.030310
(45) borders_threshold   = -93.80
     margin_forwarding   = 1.06
     min_delay           = 0.00
     max_delay           = 0.70
     neighbors_threshold = 21
     energy              = 63.87
     coverage            = 30.20 (0.03)
     nforwardings        = 3.00
     time                = 0.71
45,-93.800566,1.059793,0.000000,0.698346,21,63.874200,30.200000,3.000000,0.708927
(46) borders_threshold   = -94.74
     margin_forwarding   = 0.14
     min_delay           = 0.18
     max_delay           = 0.79
     neighbors_threshold = 0
     energy              = 32.99
     coverage            = 19.60 (0.05)
     nforwardings        = 1.10
     time                = 0.43
46,-94.737421,0.136590,0.182824,0.791110,0,32.986200,19.600000,1.100000,0.431437
(47) borders_threshold   = -75.39
     margin_forwarding   = 0.14
     min_delay           = 0.27
     max_delay           = 2.73
     neighbors_threshold = 4
     energy              = 3.17
     coverage            = 2.90 (0.34)
     nforwardings        = 2.50
     time                = 1.50
47,-75.394956,0.136590,0.274926,2.734516,4,3.170960,2.900000,2.500000,1.496320
(48) borders_threshold   = -93.59
     margin_forwarding   = 2.07
     min_delay           = 0.00
     max_delay           = 0.08
     neighbors_threshold = 32
     energy              = 86.51
     coverage            = 36.70 (0.03)
     nforwardings        = 4.40
     time                = 0.11
48,-93.590590,2.067952,0.000000,0.076664,32,86.511200,36.700000,4.400000,0.112681
(49) borders_threshold   = -93.54
     margin_forwarding   = 1.51
     min_delay           = 0.00
     max_delay           = 1.32
     neighbors_threshold = 30
     energy              = 83.25
     coverage            = 35.30 (0.03)
     nforwardings        = 4.20
     time                = 1.44
49,-93.536217,1.505663,0.000000,1.321452,30,83.247400,35.300000,4.200000,1.440530
(50) borders_threshold   = -92.60
     margin_forwarding   = 0.14
     min_delay           = 0.00
     max_delay           = 0.89
     neighbors_threshold = 22
     energy              = 148.83
     coverage            = 48.00 (0.02)
     nforwardings        = 8.50
     time                = 1.43
50,-92.600386,0.136590,0.000000,0.890375,22,148.833000,48.000000,8.500000,1.425970
(51) borders_threshold   = -94.80
     margin_forwarding   = 0.14
     min_delay           = 0.06
     max_delay           = 0.02
     neighbors_threshold = 9
     energy              = 29.91
     coverage            = 18.50 (0.05)
     nforwardings        = 0.90
     time                = 0.04
51,-94.798087,0.136590,0.059664,0.020609,9,29.912900,18.500000,0.900000,0.038194
(52) borders_threshold   = -74.49
     margin_forwarding   = 0.14
     min_delay           = 0.84
     max_delay           = 1.46
     neighbors_threshold = 2
     energy              = 1.92
     coverage            = 2.90 (0.34)
     nforwardings        = 2.80
     time                = 1.12
52,-74.486405,0.136590,0.842437,1.455721,2,1.916790,2.900000,2.800000,1.116680
(53) borders_threshold   = -93.08
     margin_forwarding   = 2.07
     min_delay           = 0.00
     max_delay           = 1.09
     neighbors_threshold = 13
     energy              = 131.37
     coverage            = 45.70 (0.02)
     nforwardings        = 7.20
     time                = 1.33
53,-93.077927,2.067952,0.000000,1.091359,13,131.369000,45.700000,7.200000,1.329070
(54) borders_threshold   = -73.71
     margin_forwarding   = 0.14
     min_delay           = 0.00
     max_delay           = 1.62
     neighbors_threshold = 5
     energy              = 0.81
     coverage            = 3.80 (0.26)
     nforwardings        = 3.20
     time                = 1.24
54,-73.714166,0.136590,0.000000,1.621137,5,0.807672,3.800000,3.200000,1.237790
(55) borders_threshold   = -94.87
     margin_forwarding   = 0.14
     min_delay           = 0.06
     max_delay           = 1.19
     neighbors_threshold = 10
     energy              = 21.68
     coverage            = 15.20 (0.07)
     nforwardings        = 0.40
     time                = 0.33
55,-94.868136,0.136590,0.055051,1.186423,10,21.684000,15.200000,0.400000,0.328335
(56) borders_threshold   = -73.77
     margin_forwarding   = 0.14
     min_delay           = 0.00
     max_delay           = 1.94
     neighbors_threshold = 7
     energy              = 9.53
     coverage            = 6.30 (0.16)
     nforwardings        = 5.70
     time                = 1.57
56,-73.768637,0.136590,0.000000,1.942815,7,9.526320,6.300000,5.700000,1.571540
(57) borders_threshold   = -93.16
     margin_forwarding   = 1.06
     min_delay           = 0.06
     max_delay           = 0.57
     neighbors_threshold = 29
     energy              = 124.54
     coverage            = 44.70 (0.02)
     nforwardings        = 6.80
     time                = 1.28
57,-93.162197,1.059793,0.063734,0.572265,29,124.542000,44.700000,6.800000,1.279890
(58) borders_threshold   = -92.89
     margin_forwarding   = 1.06
     min_delay           = 0.00
     max_delay           = 0.18
     neighbors_threshold = 24
     energy              = 126.28
     coverage            = 45.00 (0.02)
     nforwardings        = 6.90
     time                = 0.30
58,-92.887552,1.059793,0.000000,0.177455,24,126.279000,45.000000,6.900000,0.302434
(59) borders_threshold   = -92.79
     margin_forwarding   = 2.07
     min_delay           = 0.00
     max_delay           = 0.92
     neighbors_threshold = 26
     energy              = 142.58
     coverage            = 46.90 (0.02)
     nforwardings        = 7.90
     time                = 1.61
59,-92.794047,2.067952,0.000000,0.923326,26,142.578000,46.900000,7.900000,1.612780
(60) borders_threshold   = -94.57
     margin_forwarding   = 0.14
     min_delay           = 0.00
     max_delay           = 0.79
     neighbors_threshold = 13
     energy              = 53.74
     coverage            = 29.50 (0.03)
     nforwardings        = 2.40
     time                = 0.94
60,-94.565095,0.136590,0.000000,0.791110,13,53.737000,29.500000,2.400000,0.944908
(61) borders_threshold   = -77.52
     margin_forwarding   = 0.14
     min_delay           = 0.00
     max_delay           = 0.97
     neighbors_threshold = 0
     energy              = 12.82
     coverage            = 7.00 (0.14)
     nforwardings        = 6.40
     time                = 1.32
61,-77.524729,0.136590,0.000000,0.972773,0,12.816600,7.000000,6.400000,1.320470
(62) borders_threshold   = -93.68
     margin_forwarding   = 2.07
     min_delay           = 0.00
     max_delay           = 1.10
     neighbors_threshold = 8
     energy              = 88.11
     coverage            = 36.80 (0.03)
     nforwardings        = 4.50
     time                = 1.67
62,-93.681540,2.067952,0.000000,1.103985,8,88.113300,36.800000,4.500000,1.665380
(63) borders_threshold   = -76.24
     margin_forwarding   = 0.14
     min_delay           = 0.00
     max_delay           = 1.81
     neighbors_threshold = 0
     energy              = 4.21
     coverage            = 5.30 (0.19)
     nforwardings        = 4.80
     time                = 1.78
63,-76.239823,0.136590,0.002254,1.808256,0,4.207220,5.300000,4.800000,1.778770
(64) borders_threshold   = -94.10
     margin_forwarding   = 1.06
     min_delay           = 0.00
     max_delay           = 0.97
     neighbors_threshold = 18
     energy              = 39.98
     coverage            = 24.90 (0.04)
     nforwardings        = 1.50
     time                = 0.41
64,-94.097846,1.059793,0.000000,0.972235,18,39.978600,24.900000,1.500000,0.409936
(65) borders_threshold   = -91.84
     margin_forwarding   = 1.06
     min_delay           = 0.06
     max_delay           = 0.61
     neighbors_threshold = 31
     energy              = 154.22
     coverage            = 48.80 (0.02)
     nforwardings        = 8.70
     time                = 1.04
65,-91.844596,1.059793,0.063734,0.607473,31,154.220000,48.800000,8.700000,1.041630
(66) borders_threshold   = -76.90
     margin_forwarding   = 0.14
     min_delay           = 0.00
     max_delay           = 0.55
     neighbors_threshold = 5
     energy              = 10.79
     coverage            = 4.80 (0.21)
     nforwardings        = 4.20
     time                = 0.68
66,-76.896837,0.136590,0.000000,0.546470,5,10.789700,4.800000,4.200000,0.682461
(67) borders_threshold   = -73.54
     margin_forwarding   = 0.14
     min_delay           = 0.00
     max_delay           = 0.97
     neighbors_threshold = 7
     energy              = 7.16
     coverage            = 6.60 (0.15)
     nforwardings        = 6.10
     time                = 1.10
67,-73.542314,0.136590,0.000000,0.972773,7,7.163110,6.600000,6.100000,1.098370
(68) borders_threshold   = -93.38
     margin_forwarding   = 1.06
     min_delay           = 0.00
     max_delay           = 0.72
     neighbors_threshold = 29
     energy              = 84.35
     coverage            = 35.60 (0.03)
     nforwardings        = 4.30
     time                = 0.84
68,-93.375958,1.059793,0.000000,0.720080,29,84.346200,35.600000,4.300000,0.843109
(69) borders_threshold   = -92.42
     margin_forwarding   = 2.07
     min_delay           = 0.00
     max_delay           = 1.10
     neighbors_threshold = 11
     energy              = 139.36
     coverage            = 46.50 (0.02)
     nforwardings        = 7.70
     time                = 1.67
69,-92.418182,2.067952,0.000000,1.103985,11,139.363000,46.500000,7.700000,1.669660
(70) borders_threshold   = -93.04
     margin_forwarding   = 2.07
     min_delay           = 0.18
     max_delay           = 0.52
     neighbors_threshold = 14
     energy              = 110.54
     coverage            = 41.70 (0.02)
     nforwardings        = 5.90
     time                = 1.13
70,-93.036857,2.067952,0.180582,0.524319,14,110.542000,41.700000,5.900000,1.132800
(71) borders_threshold   = -93.17
     margin_forwarding   = 1.06
     min_delay           = 0.00
     max_delay           = 0.51
     neighbors_threshold = 40
     energy              = 113.41
     coverage            = 42.10 (0.02)
     nforwardings        = 6.10
     time                = 0.80
71,-93.174839,1.059793,0.000000,0.509507,40,113.407000,42.100000,6.100000,0.798404
(72) borders_threshold   = -94.25
     margin_forwarding   = 0.14
     min_delay           = 0.00
     max_delay           = 0.79
     neighbors_threshold = 16
     energy              = 69.43
     coverage            = 32.90 (0.03)
     nforwardings        = 3.40
     time                = 0.97
72,-94.251107,0.136590,0.000000,0.791110,16,69.425600,32.900000,3.400000,0.966127
(73) borders_threshold   = -93.86
     margin_forwarding   = 1.06
     min_delay           = 0.00
     max_delay           = 0.18
     neighbors_threshold = 21
     energy              = 78.18
     coverage            = 34.00 (0.03)
     nforwardings        = 3.90
     time                = 0.21
73,-93.861542,1.059793,0.000000,0.177455,21,78.177700,34.000000,3.900000,0.208721
(74) borders_threshold   = -93.18
     margin_forwarding   = 0.14
     min_delay           = 0.00
     max_delay           = 1.13
     neighbors_threshold = 24
     energy              = 128.00
     coverage            = 45.40 (0.02)
     nforwardings        = 7.20
     time                = 1.89
74,-93.178642,0.136590,0.000000,1.125017,24,127.998000,45.400000,7.200000,1.891430
(75) borders_threshold   = -75.73
     margin_forwarding   = 0.14
     min_delay           = 0.00
     max_delay           = 1.94
     neighbors_threshold = 4
     energy              = 11.53
     coverage            = 4.10 (0.24)
     nforwardings        = 3.30
     time                = 1.52
75,-75.730149,0.136590,0.000000,1.942815,4,11.533900,4.100000,3.300000,1.524130
(76) borders_threshold   = -71.33
     margin_forwarding   = 0.14
     min_delay           = 0.00
     max_delay           = 2.53
     neighbors_threshold = 6
     energy              = 1.73
     coverage            = 2.10 (0.48)
     nforwardings        = 2.00
     time                = 1.46
76,-71.326993,0.136590,0.000000,2.533660,6,1.730270,2.100000,2.000000,1.455500
(77) borders_threshold   = -94.69
     margin_forwarding   = 0.14
     min_delay           = 0.18
     max_delay           = 0.79
     neighbors_threshold = 0
     energy              = 34.55
     coverage            = 20.50 (0.05)
     nforwardings        = 1.20
     time                = 0.46
77,-94.694128,0.136590,0.182824,0.791110,0,34.550000,20.500000,1.200000,0.460317
(78) borders_threshold   = -75.59
     margin_forwarding   = 0.14
     min_delay           = 0.00
     max_delay           = 1.94
     neighbors_threshold = 6
     energy              = 13.82
     coverage            = 6.40 (0.16)
     nforwardings        = 6.00
     time                = 1.41
78,-75.589073,0.136590,0.000000,1.942815,6,13.824000,6.400000,6.000000,1.410640
(79) borders_threshold   = -94.92
     margin_forwarding   = 0.14
     min_delay           = 0.00
     max_delay           = 0.00
     neighbors_threshold = 11
     energy              = 18.28
     coverage            = 14.00 (0.07)
     nforwardings        = 0.20
     time                = 0.00
79,-94.918294,0.136590,0.000000,0.000000,11,18.276300,14.000000,0.200000,0.000956
(80) borders_threshold   = -94.80
     margin_forwarding   = 0.14
     min_delay           = 0.25
     max_delay           = 0.47
     neighbors_threshold = 33
     energy              = 34.62
     coverage            = 21.70 (0.05)
     nforwardings        = 1.20
     time                = 0.40
80,-94.804968,0.136590,0.252018,0.468353,33,34.623600,21.700000,1.200000,0.399732
(81) borders_threshold   = -74.53
     margin_forwarding   = 0.14
     min_delay           = 1.00
     max_delay           = 1.44
     neighbors_threshold = 3
     energy              = 0.56
     coverage            = 2.80 (0.36)
     nforwardings        = 2.60
     time                = 0.97
81,-74.525057,0.136590,1.000000,1.435702,3,0.560983,2.800000,2.600000,0.969579
(82) borders_threshold   = -94.03
     margin_forwarding   = 0.14
     min_delay           = 0.45
     max_delay           = 0.77
     neighbors_threshold = 0
     energy              = 63.60
     coverage            = 29.70 (0.03)
     nforwardings        = 3.10
     time                = 1.36
82,-94.027971,0.136590,0.445100,0.765609,0,63.598100,29.700000,3.100000,1.363570
(83) borders_threshold   = -70.26
     margin_forwarding   = 0.14
     min_delay           = 0.00
     max_delay           = 0.93
     neighbors_threshold = 6
     energy              = 5.10
     coverage            = 2.30 (0.43)
     nforwardings        = 2.20
     time                = 0.28
83,-70.258476,0.136590,0.000000,0.925316,6,5.099460,2.300000,2.200000,0.281447
(84) borders_threshold   = -76.09
     margin_forwarding   = 0.14
     min_delay           = 0.37
     max_delay           = 0.31
     neighbors_threshold = 0
     energy              = 3.22
     coverage            = 4.40 (0.23)
     nforwardings        = 3.90
     time                = 0.57
84,-76.094425,0.136590,0.371414,0.308968,0,3.216420,4.400000,3.900000,0.574992
(85) borders_threshold   = -94.90
     margin_forwarding   = 0.14
     min_delay           = 0.00
     max_delay           = 0.00
     neighbors_threshold = 26
     energy              = 19.62
     coverage            = 14.30 (0.07)
     nforwardings        = 0.30
     time                = 0.00
85,-94.898629,0.136590,0.000000,0.000000,26,19.620600,14.300000,0.300000,0.001033
(86) borders_threshold   = -71.32
     margin_forwarding   = 0.14
     min_delay           = 0.00
     max_delay           = 1.94
     neighbors_threshold = 6
     energy              = 0.98
     coverage            = 4.00 (0.25)
     nforwardings        = 3.70
     time                = 1.87
86,-71.322843,0.136590,0.000000,1.942815,6,0.980471,4.000000,3.700000,1.867060
(87) borders_threshold   = -73.63
     margin_forwarding   = 0.14
     min_delay           = 1.00
     max_delay           = 1.44
     neighbors_threshold = 6
     energy              = 1.27
     coverage            = 5.10 (0.20)
     nforwardings        = 4.70
     time                = 1.61
87,-73.626325,0.136590,1.000000,1.435702,6,1.265450,5.100000,4.700000,1.605800
(88) borders_threshold   = -74.60
     margin_forwarding   = 0.14
     min_delay           = 1.00
     max_delay           = 1.44
     neighbors_threshold = 7
     energy              = 10.33
     coverage            = 5.60 (0.18)
     nforwardings        = 5.10
     time                = 1.67
88,-74.595140,0.136590,1.000000,1.435702,7,10.334600,5.600000,5.100000,1.672880
(89) borders_threshold   = -91.00
     margin_forwarding   = 1.06
     min_delay           = 0.06
     max_delay           = 1.01
     neighbors_threshold = 50
     energy              = 179.61
     coverage            = 48.90 (0.02)
     nforwardings        = 10.30
     time                = 1.55
89,-91.000303,1.059793,0.063734,1.008824,50,179.606000,48.900000,10.300000,1.547560
(90) borders_threshold   = -75.68
     margin_forwarding   = 0.14
     min_delay           = 0.00
     max_delay           = 1.62
     neighbors_threshold = 6
     energy              = 14.27
     coverage            = 4.90 (0.20)
     nforwardings        = 4.30
     time                = 1.99
90,-75.676110,0.136590,0.000000,1.621137,6,14.269300,4.900000,4.300000,1.988260
(91) borders_threshold   = -73.28
     margin_forwarding   = 0.14
     min_delay           = 0.00
     max_delay           = 1.94
     neighbors_threshold = 6
     energy              = 3.70
     coverage            = 4.00 (0.25)
     nforwardings        = 3.50
     time                = 1.37
91,-73.279647,0.136590,0.000000,1.942815,6,3.700160,4.000000,3.500000,1.373350
(92) borders_threshold   = -72.28
     margin_forwarding   = 0.14
     min_delay           = 0.27
     max_delay           = 1.62
     neighbors_threshold = 5
     energy              = 2.85
     coverage            = 3.60 (0.28)
     nforwardings        = 3.10
     time                = 0.91
92,-72.278335,0.136590,0.274926,1.623356,5,2.849650,3.600000,3.100000,0.906140
(93) borders_threshold   = -94.21
     margin_forwarding   = 0.14
     min_delay           = 0.06
     max_delay           = 1.34
     neighbors_threshold = 10
     energy              = 65.86
     coverage            = 30.30 (0.03)
     nforwardings        = 3.20
     time                = 1.45
93,-94.207887,0.136590,0.055051,1.336596,10,65.860700,30.300000,3.200000,1.445260
(94) borders_threshold   = -73.05
     margin_forwarding   = 0.14
     min_delay           = 0.27
     max_delay           = 1.62
     neighbors_threshold = 7
     energy              = 9.57
     coverage            = 6.10 (0.16)
     nforwardings        = 5.30
     time                = 1.91
94,-73.053819,0.136590,0.274926,1.621137,7,9.565140,6.100000,5.300000,1.912500
(95) borders_threshold   = -70.00
     margin_forwarding   = 0.14
     min_delay           = 0.00
     max_delay           = 2.53
     neighbors_threshold = 5
     energy              = 0.07
     coverage            = 3.10 (0.32)
     nforwardings        = 2.90
     time                = 0.82
95,-70.000000,0.136590,0.000000,2.533660,5,0.074016,3.100000,2.900000,0.819104
(96) borders_threshold   = -92.73
     margin_forwarding   = 1.51
     min_delay           = 0.00
     max_delay           = 1.32
     neighbors_threshold = 34
     energy              = 119.92
     coverage            = 43.90 (0.02)
     nforwardings        = 6.50
     time                = 1.84
96,-92.727969,1.505663,0.000000,1.321452,34,119.917000,43.900000,6.500000,1.841650
(97) borders_threshold   = -72.17
     margin_forwarding   = 0.14
     min_delay           = 0.00
     max_delay           = 1.94
     neighbors_threshold = 6
     energy              = 1.49
     coverage            = 3.90 (0.26)
     nforwardings        = 3.40
     time                = 1.37
97,-72.167939,0.136590,0.000000,1.942815,6,1.487490,3.900000,3.400000,1.373350
(99) borders_threshold   = -94.88
     margin_forwarding   = 0.14
     min_delay           = 0.00
     max_delay           = 1.94
     neighbors_threshold = 1
     energy              = 20.44
     coverage            = 15.00 (0.07)
     nforwardings        = 0.30
     time                = 0.28
99,-94.884891,0.136590,0.000000,1.942815,1,20.438400,15.000000,0.300000,0.279342

real	189m1.193s
user	158m59.864s
sys	29m42.931s
