[INFO][6] Cantidad de iteraciones: 3000
[INFO][1] Cantidad de iteraciones: 3000
[INFO][4] Cantidad de iteraciones: 3000
[INFO][5] Cantidad de iteraciones: 3000
[INFO][7] Cantidad de iteraciones: 3000
[INFO][3] Cantidad de iteraciones: 3000
[INFO][8] Cantidad de iteraciones: 3000
[INFO][2] Cantidad de iteraciones: 3000

id,borders_threshold,margin_forwarding,min_delay,max_delay,neighbors_threshold,energy,coverage,nforwardings,time
0,-78.029468,0.983409,0.000000,0.176938,9,269.687000,24.000000,19.400000,0.367870
1,-85.870612,0.501098,0.795258,0.000000,50,204.333000,23.800000,13.300000,1.669550
2,-91.753537,0.983409,0.075243,0.000000,11,72.374100,16.000000,3.600000,0.098142
3,-74.516087,0.983409,1.000000,2.691146,1,9.651100,2.700000,2.400000,1.976650
4,-91.406772,0.157242,0.482964,0.439595,22,127.362000,20.300000,7.400000,1.884830
5,-94.820886,0.157242,0.798824,0.029548,11,30.515400,10.000000,1.000000,0.417060
6,-94.980048,0.091873,0.000000,0.029646,13,14.846400,4.800000,0.000000,0.000736
7,-92.266942,0.983409,0.075243,0.000000,10,61.522700,14.700000,2.900000,0.078457
8,-87.977365,0.983409,0.075243,0.378081,8,179.871000,23.100000,11.100000,0.864059
9,-92.209231,0.983409,0.075243,0.000000,10,61.473600,14.600000,2.900000,0.076878
10,-90.489776,0.777802,0.168829,0.188448,19,124.902000,20.200000,7.100000,0.572898
11,-89.483770,0.983409,0.000000,0.176938,8,157.079000,21.900000,9.100000,0.294794
12,-74.330168,0.983409,0.348360,1.891557,2,6.865340,2.400000,2.300000,1.041250
13,-91.668922,0.983409,0.913028,0.000000,50,75.280400,16.800000,3.800000,1.015010
14,-89.175626,1.228492,0.000000,1.612316,14,151.762000,21.600000,8.600000,1.888180
15,-94.921280,0.091873,0.000000,0.029646,12,16.383000,5.300000,0.100000,0.001432
16,-94.711175,0.091873,0.000000,0.029646,15,40.522300,12.000000,1.600000,0.020431
17,-94.899490,0.091873,0.000000,0.000000,16,27.231000,9.700000,0.800000,0.001353
18,-87.353396,0.983409,0.075243,0.464771,15,160.394000,22.500000,9.900000,0.996082
19,-72.048769,0.983409,1.000000,2.691146,1,6.830080,2.200000,2.000000,1.085360
20,-89.111320,1.228492,0.000000,1.612316,15,153.365000,21.800000,8.700000,1.900260
21,-94.355957,0.154498,0.733125,0.638243,30,35.714400,11.100000,1.300000,0.826073
22,-88.825725,1.228492,0.000000,1.612316,15,152.970000,21.700000,8.700000,1.861130
23,-90.296607,0.983409,0.000000,0.176938,10,118.843000,20.100000,6.600000,0.228287
24,-72.197741,0.983409,0.075243,0.182859,0,8.937730,3.600000,3.400000,0.177607
25,-94.900221,0.091873,0.000000,0.000000,10,25.629400,9.500000,0.700000,0.001276
26,-70.000000,0.983409,0.075243,0.176938,0,6.171060,3.500000,3.400000,0.157255
27,-94.612685,0.091873,1.000000,0.029646,31,34.303400,10.500000,1.200000,0.691032
28,-91.934743,0.777802,1.000000,0.000000,24,87.986700,18.000000,4.600000,1.202000
29,-90.743641,0.154498,0.243738,0.622417,25,135.173000,21.200000,8.100000,1.605820
30,-92.197914,0.777802,0.091776,0.000000,17,65.906400,15.400000,3.200000,0.114652
31,-94.218134,0.943747,0.077871,2.140271,40,29.735700,9.800000,0.900000,0.851168
32,-94.367303,0.777802,1.000000,0.000000,18,18.062200,7.600000,0.200000,0.148290
33,-91.933741,1.457734,0.713155,0.029197,6,85.430800,17.900000,4.400000,0.819689
34,-70.000000,0.983409,0.000000,2.691146,4,7.072130,3.900000,3.600000,1.776730
35,-94.629076,0.943747,0.457902,3.404354,41,23.496900,9.000000,0.500000,0.755479
36,-94.584483,0.091873,1.000000,1.544032,21,39.155400,11.500000,1.600000,1.960970
37,-90.999947,0.983409,0.000000,0.881020,9,111.272000,19.800000,6.100000,1.277340
38,-93.115112,0.983409,0.051475,0.000000,0,68.887800,15.600000,3.400000,0.054685
39,-73.395131,0.983409,0.075243,3.270908,0,3.648200,2.000000,1.800000,0.880175
40,-94.447937,0.943747,0.457902,3.404354,38,25.427100,9.200000,0.600000,0.970234
41,-89.968529,0.943747,0.457902,0.000000,46,138.555000,20.900000,7.900000,0.638358
42,-91.512243,0.157242,0.482964,0.439595,23,118.110000,19.900000,6.800000,1.655450
43,-94.108919,0.157242,0.000000,0.782882,16,51.825500,13.700000,2.300000,0.710516
44,-73.497364,0.983409,0.000000,2.691146,0,4.457040,3.000000,3.000000,1.737590
45,-94.298978,0.157242,0.367574,0.461350,14,53.112500,14.100000,2.400000,0.800380
47,-94.278375,0.943747,0.457902,3.069165,40,22.177700,8.100000,0.700000,1.041270
48,-92.837869,0.983409,0.075243,0.176938,17,63.199000,15.100000,3.000000,0.230177
49,-92.042990,0.154498,0.243738,0.624359,34,102.982000,19.500000,5.800000,1.445150
50,-71.785467,0.983409,0.429406,2.492646,1,0.621363,1.800000,1.800000,0.851711
51,-94.584089,0.091873,1.000000,1.204572,23,39.201500,11.800000,1.600000,1.660020
52,-94.562046,0.777802,1.000000,0.000000,17,16.410000,6.800000,0.100000,0.059111
53,-94.919754,0.091873,0.020777,0.389186,0,19.033400,7.700000,0.300000,0.068925
55,-94.213437,0.777802,0.000000,0.000000,47,34.843900,10.800000,1.200000,0.001584
56,-87.635637,0.501098,0.185909,0.661498,40,176.236000,23.500000,11.200000,1.622150
57,-73.920656,0.983409,0.040562,2.691146,0,3.785160,2.300000,2.300000,1.041910
58,-92.803457,0.154498,0.243738,0.624359,34,77.035400,17.000000,4.000000,1.211980
59,-70.000000,0.983409,0.224263,5.000000,0,1.767630,1.800000,1.700000,1.520670
60,-94.910794,0.091873,1.000000,1.204572,23,22.205600,8.200000,0.500000,0.547214
61,-91.958046,0.777802,1.000000,0.081418,33,104.910000,19.300000,5.700000,1.476420
62,-86.573850,0.157242,0.592264,0.000000,28,190.217000,23.700000,13.000000,1.212610
63,-88.038981,0.983409,0.075243,0.000000,11,159.411000,22.000000,9.800000,0.132398
64,-93.394840,0.154498,0.243738,0.801810,21,83.150700,17.900000,4.500000,1.538790
65,-74.443446,0.983409,0.000000,2.691146,2,7.385430,3.100000,2.900000,1.549050
66,-87.794309,0.983409,0.075243,0.000000,14,174.689000,23.000000,10.900000,0.163908
67,-94.557211,0.777802,0.091776,4.048491,33,23.465600,8.300000,0.500000,0.951283
68,-91.783570,0.983409,1.000000,0.000000,6,89.239100,18.100000,4.700000,1.251280
69,-90.906154,0.983409,0.000000,0.182859,10,130.154000,20.600000,7.400000,0.220981
70,-74.103277,0.983409,0.000000,2.691146,0,5.647280,3.000000,2.900000,1.737590
71,-75.422992,0.983409,0.075243,5.000000,1,12.500800,3.400000,2.900000,1.791500
72,-73.196069,0.983409,1.000000,2.691146,0,8.822070,2.200000,1.900000,0.923155
74,-70.000000,0.983409,0.288645,2.691146,4,11.765400,3.900000,3.400000,1.983250
75,-93.741258,0.943747,0.251797,2.140271,42,44.171800,12.300000,1.800000,1.972230
76,-94.753795,0.091873,0.020777,0.389186,0,35.830600,11.400000,1.300000,0.230588
77,-72.236926,0.983409,0.288645,2.691146,2,4.855530,2.800000,2.600000,1.015350
78,-73.578777,0.983409,0.224263,2.691146,0,8.335900,3.000000,2.600000,1.514430
79,-94.317688,0.154498,0.000000,0.000000,4,49.610200,13.300000,2.200000,0.001969
80,-86.522798,0.157242,0.592264,0.000000,29,185.469000,23.600000,12.500000,1.122830
81,-92.684182,0.154498,0.000000,0.624359,28,71.579400,16.400000,3.700000,0.790490
82,-94.854319,0.157242,0.482964,0.439595,27,20.705500,8.000000,0.400000,0.184159
83,-72.599497,0.983409,0.000000,0.950235,0,3.560130,1.900000,1.900000,0.236936
84,-72.893191,0.983409,0.075243,0.182859,0,13.122200,3.100000,2.800000,0.182700
85,-70.780614,0.983409,0.075243,0.182859,0,6.323330,2.900000,2.800000,0.169411
87,-92.843492,0.943747,0.000000,0.153382,42,71.005000,15.800000,3.500000,0.112455
88,-79.295458,0.983409,0.348360,1.504249,0,12.292600,2.600000,2.100000,0.957833
89,-92.397726,0.157242,1.000000,0.029548,14,82.820000,17.600000,4.400000,1.207300
90,-92.324561,0.983409,0.733563,0.000000,14,72.853300,16.700000,3.600000,0.811218
91,-83.004863,1.228492,0.373783,0.582436,20,240.908000,23.900000,15.300000,1.769950
92,-74.136953,0.983409,0.075243,3.270908,2,5.130620,2.100000,1.800000,0.880175
93,-92.311825,0.983409,0.075243,0.031941,10,77.685800,17.500000,3.900000,0.127053
94,-87.918587,0.943747,0.457902,0.000000,47,165.219000,22.800000,10.200000,0.926952
95,-73.760615,0.983409,0.000000,3.645138,0,4.956440,2.400000,2.400000,1.406990
96,-73.889152,0.983409,0.000000,2.756368,0,4.719860,2.500000,2.500000,1.492200
97,-94.583413,0.154498,0.000000,0.000000,5,45.062000,13.000000,1.900000,0.002046
98,-92.485802,0.777802,1.000000,0.081418,30,77.057300,17.200000,3.900000,1.377610
99,-92.042390,0.983409,0.899594,0.182859,15,91.005000,18.900000,4.800000,1.568360
