[INFO][8] Cantidad de iteraciones: 3000
[INFO][2] Cantidad de iteraciones: 3000
[INFO][3] Cantidad de iteraciones: 3000
[INFO][7] Cantidad de iteraciones: 3000
[INFO][5] Cantidad de iteraciones: 3000
[INFO][6] Cantidad de iteraciones: 3000
[INFO][1] Cantidad de iteraciones: 3000
[INFO][4] Cantidad de iteraciones: 3000

id,borders_threshold,margin_forwarding,min_delay,max_delay,neighbors_threshold,energy,coverage,nforwardings,time
0,-93.958831,0.837604,0.000000,0.673481,16,89.352000,58.200000,4.600000,0.866026
1,-94.566482,0.191151,0.223462,1.141632,6,57.139500,46.500000,2.600000,1.365220
2,-75.442636,0.353338,0.383132,3.920788,9,8.523810,9.100000,6.900000,6.057860
3,-93.141064,0.837604,0.004080,0.867667,24,137.158000,69.900000,7.600000,1.442930
4,-94.938564,0.038648,0.523165,3.321982,0,20.531100,23.300000,0.300000,0.534037
5,-92.594099,0.837604,0.004080,0.867667,29,153.102000,71.800000,8.600000,1.350560
6,-95.000000,0.191151,0.797250,1.736161,27,15.759700,17.800000,0.000000,0.000787
7,-94.582549,0.191151,0.223462,1.141632,3,71.272000,52.100000,3.500000,1.974410
8,-94.925769,0.038648,0.593620,3.065564,0,20.425100,23.000000,0.300000,0.511248
9,-94.179036,0.446383,0.089745,0.524164,0,80.392900,56.000000,4.100000,0.956946
10,-94.046387,0.837604,0.099563,0.673481,16,104.000000,63.400000,5.500000,1.174970
11,-93.205534,0.837604,0.000000,0.587657,18,130.926000,69.000000,7.200000,0.785347
12,-94.433736,0.446383,0.057544,0.104914,0,70.219900,51.000000,3.400000,0.215741
13,-92.585561,0.837604,0.004080,0.867667,32,153.117000,71.900000,8.600000,1.350560
14,-92.778310,0.837604,0.000000,0.587657,21,156.320000,72.400000,8.800000,1.012800
15,-94.007310,0.837604,0.000000,1.382066,15,94.375100,60.900000,4.900000,1.500470
16,-94.545310,0.837604,0.000000,0.912048,11,31.863800,30.500000,1.000000,0.459269
17,-94.593806,0.191151,0.223462,1.141632,0,55.493600,44.400000,2.500000,1.474370
18,-94.555692,0.837604,0.000000,1.410474,13,38.315100,34.600000,1.400000,1.086260
19,-91.818171,0.191151,0.000000,1.736161,15,180.772000,74.000000,10.400000,1.808550
20,-94.728164,1.175039,0.952933,2.744240,24,22.328200,25.300000,0.400000,0.771579
21,-94.361753,0.446383,0.050646,0.524164,0,49.351100,40.200000,2.100000,0.568083
22,-93.947209,0.837604,0.190326,0.867667,14,119.959000,67.200000,6.500000,1.540830
23,-94.744675,0.191151,0.000000,0.956510,0,34.668900,32.400000,1.200000,0.817198
24,-94.986417,0.191151,0.223462,1.193730,5,17.353000,18.900000,0.100000,0.112921
25,-95.000000,0.038648,0.448016,3.251396,6,15.710900,17.700000,0.000000,0.000787
26,-93.135576,0.837604,0.004080,0.729338,23,153.168000,72.300000,8.600000,1.126440
27,-94.546768,0.191151,0.223462,1.141632,5,60.316300,50.700000,2.800000,1.421540
28,-94.308664,0.191151,0.019441,0.977311,0,76.903800,54.400000,3.900000,1.524140
29,-94.019637,0.837604,0.004080,0.870563,19,105.599000,65.100000,5.600000,1.175730
30,-93.970086,0.837604,0.099563,0.673481,16,91.182500,60.100000,4.700000,1.006130
31,-94.692133,0.446383,0.054314,0.089009,0,22.162800,25.100000,0.400000,0.030624
32,-94.959724,0.038648,0.600364,3.069208,0,18.826500,21.000000,0.200000,0.215525
33,-94.350241,0.446383,0.054314,0.089009,0,90.485600,58.500000,4.700000,0.218332
34,-93.961586,0.837604,0.000000,0.729338,5,92.710900,60.200000,4.800000,1.070330
35,-94.682412,0.191151,0.000000,0.030491,1,52.291800,41.600000,2.300000,0.034545
37,-94.753303,0.191151,0.000000,0.956510,0,33.066800,31.800000,1.100000,0.811446
38,-94.730899,0.191151,0.223462,1.193730,4,58.496100,47.100000,2.700000,1.591530
39,-94.974573,0.038648,0.448016,3.251396,4,17.276300,18.600000,0.100000,0.187057
40,-94.642613,0.191151,0.208666,1.684787,3,46.043300,38.900000,1.900000,1.979750
41,-94.535874,0.446383,0.000000,0.103999,0,41.459900,36.000000,1.600000,0.062790
42,-94.516768,0.837604,0.497054,1.301300,12,36.670000,33.200000,1.300000,0.890661
43,-94.944700,0.837604,0.004080,2.793388,24,19.063300,21.100000,0.200000,0.463578
44,-94.534037,0.837604,0.000000,1.409719,16,44.723300,38.800000,1.800000,1.115270
45,-94.525393,0.446383,0.000000,0.104683,0,43.079400,37.400000,1.700000,0.086015
46,-94.689983,0.837604,0.000000,1.382066,12,23.853500,27.400000,0.500000,0.382489
47,-94.211082,0.446383,0.089745,0.524164,0,83.627300,57.700000,4.300000,1.013170
48,-94.562463,0.191151,0.065383,1.301317,6,54.126800,44.000000,2.400000,1.109860
49,-94.726806,0.191151,0.048117,1.122380,1,53.732700,42.500000,2.400000,1.575310
50,-92.360915,0.837604,0.004080,0.867667,29,152.866000,71.600000,8.600000,1.034380
51,-93.670278,0.191151,0.000000,1.088549,12,120.394000,67.600000,6.600000,1.789760
52,-94.532939,0.837604,0.004080,0.867667,21,28.536100,28.100000,0.800000,0.355185
53,-94.518697,0.446383,0.092262,0.524164,0,43.025500,36.200000,1.700000,0.408774
54,-93.075625,0.837604,0.004080,0.870524,24,149.854000,71.200000,8.400000,1.694300
55,-93.781768,0.837604,0.083181,0.729338,15,126.372000,67.800000,6.900000,1.383590
56,-94.504054,0.837604,0.099563,0.673481,13,43.121300,37.600000,1.700000,0.521889
57,-93.970295,0.837604,0.000000,0.673481,19,100.780000,62.600000,5.300000,0.965769
58,-94.491904,0.446383,0.043062,0.235365,0,51.079300,41.100000,2.200000,0.271788
59,-94.562343,0.191151,0.065383,1.290800,5,58.691300,49.000000,2.700000,1.288470
62,-93.696302,0.837604,0.004080,0.749035,25,100.703000,61.500000,5.300000,1.163650
63,-94.959779,0.837604,0.004080,2.793388,24,17.461300,19.300000,0.100000,0.259178
64,-94.562457,0.191151,0.065368,1.301317,5,55.707300,45.900000,2.500000,1.208050
65,-93.122557,0.837604,0.004080,0.870524,27,145.153000,71.100000,8.100000,1.610130
66,-94.786665,0.191151,0.520733,0.923661,19,31.490800,29.500000,1.000000,0.750831
67,-94.687326,0.446383,0.000000,0.104914,0,26.969000,28.000000,0.700000,0.035271
68,-93.896438,0.837604,0.083181,0.729338,14,105.222000,64.700000,5.600000,1.101090
69,-94.337524,0.191151,0.000000,1.290800,0,83.119000,56.500000,4.300000,1.957560
70,-94.689001,0.446383,0.077858,0.000000,0,28.569800,29.100000,0.800000,0.036983
75,-94.024544,0.191151,0.048117,1.120383,9,101.388000,63.300000,5.400000,1.480630
77,-92.633720,2.746864,0.472178,0.918238,11,157.002000,73.300000,8.800000,1.968820
