[INFO][7] Cantidad de iteraciones: 3000
[INFO][8] Cantidad de iteraciones: 3000
[INFO][2] Cantidad de iteraciones: 3000
[INFO][1] Cantidad de iteraciones: 3000
[INFO][6] Cantidad de iteraciones: 3000
[INFO][4] Cantidad de iteraciones: 3000
[INFO][5] Cantidad de iteraciones: 3000
[INFO][3] Cantidad de iteraciones: 3000

id,borders_threshold,margin_forwarding,min_delay,max_delay,neighbors_threshold,energy,coverage,nforwardings,time
0,-74.166050,0.870031,0.151602,0.000000,5,6.261530,5.000000,4.700000,0.178905
1,-74.823549,1.769330,0.531033,0.000000,0,12.058000,6.800000,6.400000,0.736379
2,-72.188088,1.769330,0.000000,2.321019,0,2.915360,4.500000,4.400000,1.865400
3,-93.495781,0.189584,0.046528,0.155993,9,101.977000,41.500000,5.500000,0.322240
4,-71.245976,1.769330,1.000000,1.076551,3,3.867720,3.800000,3.600000,1.248190
5,-70.000000,1.769330,0.000000,0.428976,0,0.553172,5.000000,4.900000,0.356817
6,-91.680261,0.680049,0.072974,4.719959,20,150.955000,48.000000,8.500000,6.804460
7,-70.000000,1.769330,0.549493,1.076551,7,10.266200,7.300000,6.800000,1.890580
8,-74.075987,1.769330,0.193978,1.860543,0,3.973540,4.900000,4.400000,1.744710
9,-94.250705,0.189584,0.023534,0.154873,39,55.403500,30.200000,2.500000,0.138292
10,-71.284653,1.769330,0.230676,1.140028,0,0.075243,4.600000,4.500000,0.982248
11,-70.000000,1.769330,0.081905,1.076551,8,7.657780,6.900000,6.600000,1.350470
12,-94.270909,0.189584,0.003690,0.166611,13,50.469200,28.100000,2.200000,0.119539
13,-92.977371,1.769330,0.000000,0.403402,38,112.144000,42.600000,6.000000,0.580139
14,-70.969417,1.769330,0.468682,1.076551,5,10.105900,5.900000,5.300000,1.322110
15,-93.591125,0.189584,0.321123,0.862184,33,84.494300,35.800000,4.400000,1.486100
16,-93.162752,0.189584,0.000000,0.166611,17,127.549000,45.800000,7.100000,0.335672
17,-72.555754,1.769330,0.065480,1.069648,6,7.691010,7.700000,7.400000,1.368370
18,-70.000000,1.769330,0.000000,1.076551,5,3.918480,5.600000,5.200000,1.195860
19,-73.085605,0.870031,0.151602,3.957680,0,2.225150,2.300000,2.200000,1.403130
20,-71.186120,1.769330,0.306394,1.076551,5,1.639680,4.200000,4.100000,1.067890
21,-75.009508,1.769330,0.000000,0.909819,3,8.825100,5.900000,5.500000,1.216840
22,-94.875878,0.189584,0.321123,0.862184,29,20.448000,15.900000,0.300000,0.191738
23,-70.740652,1.769330,1.000000,1.155056,6,7.971420,4.300000,3.900000,1.422240
24,-94.473938,0.189584,1.000000,0.000000,32,47.366700,27.200000,2.000000,0.852821
25,-70.000000,1.769330,1.000000,1.076551,6,9.786590,5.700000,5.000000,1.451110
26,-94.535398,0.189584,0.000000,2.118875,46,40.717700,25.100000,1.600000,1.587220
27,-71.140282,1.769330,1.000000,1.155056,4,4.997850,3.800000,3.500000,1.177540
28,-71.517882,1.769330,0.513295,1.198247,0,0.142210,3.700000,3.600000,0.946111
29,-94.916749,0.189584,0.031128,0.167910,20,16.648000,11.400000,0.100000,0.010249
30,-70.000000,1.769330,0.513295,1.198247,2,4.898000,4.100000,3.900000,1.223270
31,-72.307466,1.769330,0.000000,2.321019,0,3.094060,4.500000,4.300000,1.837310
32,-95.000000,0.189584,0.031128,0.155993,32,15.194400,11.000000,0.000000,0.000737
33,-94.261057,0.189584,0.026900,0.155993,30,52.129500,28.500000,2.300000,0.136651
34,-70.000000,1.769330,1.000000,1.076551,3,1.537010,3.700000,3.500000,1.248190
35,-72.648981,1.769330,0.081905,1.076551,6,13.533800,6.600000,6.000000,1.243270
37,-74.780310,1.769330,0.000000,1.165842,0,14.397500,8.100000,7.700000,1.784240
38,-94.453795,0.189584,0.579764,0.155993,29,69.785900,34.100000,3.400000,0.847686
39,-94.663222,0.189584,0.031128,0.155993,21,39.614400,24.300000,1.500000,0.128429
40,-71.989790,1.769330,0.081905,1.076551,2,0.233235,3.800000,3.700000,0.841999
41,-70.859266,1.769330,0.454443,0.972814,4,0.978809,3.500000,3.200000,0.648478
42,-93.157380,0.189584,0.078554,0.864241,50,122.714000,44.900000,6.800000,1.796690
43,-93.522695,0.189584,0.078554,0.864241,31,117.832000,43.600000,6.500000,1.747210
44,-94.851094,0.189584,0.362995,0.188301,27,25.159400,18.100000,0.600000,0.104132
45,-94.526918,1.411333,0.209889,0.000000,5,30.255300,18.900000,0.900000,0.077202
46,-92.820124,0.189584,0.000000,0.112378,18,139.523000,47.800000,7.900000,0.186481
47,-91.903848,0.189584,0.023534,0.154873,44,154.297000,48.200000,8.900000,0.287059
48,-93.887300,0.189584,0.074045,0.166611,17,81.747200,34.700000,4.200000,0.322003
49,-94.503437,0.189584,0.000000,0.689770,11,63.063900,32.100000,3.000000,0.904956
50,-70.000000,1.769330,0.306394,0.972814,6,0.264727,4.800000,4.500000,1.309120
51,-94.761931,0.189584,0.000000,0.096999,31,28.107700,18.200000,0.800000,0.037856
52,-93.825468,0.189584,0.321123,0.864241,47,88.251900,37.600000,4.600000,1.473340
53,-94.504914,0.189584,0.000000,0.155993,21,58.248800,30.500000,2.700000,0.149815
54,-91.704607,0.189584,0.078554,0.864241,44,175.835000,48.900000,10.200000,1.318090
55,-89.999687,1.769330,0.000000,1.076551,13,194.468000,49.000000,11.200000,1.400220
56,-70.600743,1.769330,0.124066,2.321019,2,0.022740,3.400000,3.300000,1.200020
57,-70.000000,1.769330,0.081905,1.076551,3,1.652040,3.900000,3.800000,0.759847
58,-72.307085,1.769330,0.683842,1.076551,0,0.571105,3.900000,3.900000,1.694530
59,-71.080932,1.769330,0.081905,3.210372,5,0.137125,3.300000,3.200000,1.779190
60,-94.840863,0.189584,0.000000,0.572362,42,18.610900,13.700000,0.200000,0.088600
61,-94.862436,0.189584,0.000000,0.112378,30,18.373800,13.600000,0.200000,0.020176
62,-93.317183,0.189584,0.302237,0.677286,34,133.501000,46.700000,7.500000,1.765680
63,-94.513450,0.189584,0.000000,0.714997,12,52.202800,29.800000,2.300000,0.732636
64,-73.733307,1.769330,0.416486,0.925491,1,0.470993,6.600000,6.300000,1.836210
65,-70.000000,1.769330,0.306394,1.076551,8,1.171000,5.400000,4.800000,1.310830
66,-94.792404,0.189584,0.118135,0.864241,24,31.247700,19.400000,1.000000,0.419191
67,-71.362732,1.769330,0.513295,1.076551,0,0.408272,4.000000,4.000000,1.169670
68,-75.671733,1.769330,0.000000,2.231480,0,5.753930,4.800000,4.200000,1.933800
69,-93.075695,0.189584,0.031128,0.155993,31,118.102000,44.300000,6.500000,0.300213
70,-70.406551,1.769330,0.103029,1.058269,1,0.376310,4.300000,4.300000,0.774525
71,-72.548040,1.769330,1.000000,1.155056,0,1.987480,4.000000,3.800000,1.528540
72,-94.757842,0.189584,0.031128,0.343890,16,33.329900,22.300000,1.100000,0.183368
73,-71.627676,1.769330,0.081905,1.076551,7,7.617990,6.500000,6.000000,1.241530
74,-92.013291,0.189584,0.023534,0.154873,21,157.460000,48.700000,9.100000,0.287316
75,-94.739548,0.189584,0.000000,0.155993,32,31.654900,19.500000,1.000000,0.075177
76,-72.386105,1.769330,0.000000,2.032088,0,3.030470,4.400000,4.200000,1.452150
77,-71.800619,1.769330,0.081905,1.076551,8,12.734600,7.000000,6.300000,1.061430
78,-72.364506,1.769330,0.081905,3.210372,1,3.541070,4.500000,4.200000,1.994710
79,-70.000000,1.769330,0.306394,1.076551,4,0.356473,2.900000,2.900000,0.720566
80,-74.303276,1.769330,0.000000,1.140028,2,11.448500,8.000000,7.100000,1.663060
81,-70.000000,1.769330,0.000000,1.076551,6,3.800910,6.100000,5.700000,1.402510
82,-94.746636,0.189584,0.031128,0.110264,19,30.052400,18.800000,0.900000,0.066750
83,-94.755399,0.189584,0.000000,2.646501,46,33.061200,19.600000,1.100000,1.145680
84,-71.097716,1.769330,0.513295,1.198247,0,2.000440,4.100000,4.000000,1.192790
85,-70.000000,1.769330,0.081905,1.076551,6,2.398300,6.300000,6.000000,1.919700
86,-94.875413,0.189584,0.000000,0.166611,13,18.671400,15.500000,0.200000,0.026155
87,-93.013283,0.189584,0.078554,0.864241,48,117.791000,43.500000,6.500000,1.602510
88,-94.879526,0.189584,0.031128,0.155993,5,22.026700,16.500000,0.400000,0.041482
89,-70.802944,1.769330,0.205033,1.466183,4,0.200633,3.300000,3.000000,0.900767
90,-71.104155,1.769330,0.081905,0.873974,7,7.315740,4.600000,4.100000,0.692229
91,-75.633988,1.769330,0.000000,3.210372,6,7.354870,4.900000,4.300000,1.926930
92,-70.773636,1.769330,0.967744,1.155056,6,8.505760,5.400000,4.700000,1.722660
93,-70.886824,1.769330,0.081905,1.036814,6,7.078700,5.500000,5.000000,1.028450
94,-93.914182,0.189584,0.214058,0.864241,42,84.949900,36.500000,4.400000,1.338180
95,-94.257207,0.189584,0.026900,0.000000,30,71.144300,34.500000,3.500000,0.034694
96,-94.497446,0.189584,0.078554,0.864241,27,61.441400,31.900000,2.900000,1.069000
97,-93.520158,0.189584,0.023534,0.154873,37,94.047900,38.700000,5.000000,0.284144
98,-94.499901,0.189584,0.000000,0.714997,12,43.980600,26.700000,1.800000,0.507936
99,-73.752084,1.769330,0.193978,1.076551,0,12.169400,7.500000,6.800000,1.973590
