[INFO][8] Cantidad de iteraciones: 3000
[INFO][5] Cantidad de iteraciones: 3000
[INFO][7] Cantidad de iteraciones: 3000
[INFO][3] Cantidad de iteraciones: 3000
[INFO][1] Cantidad de iteraciones: 3000
[INFO][6] Cantidad de iteraciones: 3000
[INFO][4] Cantidad de iteraciones: 3000
[INFO][2] Cantidad de iteraciones: 3000

id,borders_threshold,margin_forwarding,min_delay,max_delay,neighbors_threshold,energy,coverage,nforwardings,time
0,-90.385989,2.195450,0.200467,1.003927,41,119.122000,20.600000,6.500000,1.414990
1,-94.693013,0.052738,1.000000,1.165086,0,37.158200,11.200000,1.400000,1.299030
2,-93.476761,0.604547,0.000000,1.040277,22,63.184600,14.600000,3.000000,0.796094
3,-94.944620,0.052738,0.929189,4.811969,23,22.494300,8.500000,0.500000,1.241660
4,-85.671270,1.663616,0.000000,0.768916,30,210.931000,23.600000,12.900000,1.533800
5,-87.811806,1.843574,0.094167,0.833362,49,165.967000,22.900000,10.100000,1.654870
6,-94.954947,0.052738,0.973107,1.165086,0,17.876500,7.600000,0.200000,0.203674
7,-88.041690,1.663616,0.000000,0.768916,30,163.107000,22.300000,9.900000,1.034210
8,-94.956992,0.052738,0.945778,1.160418,0,17.596800,7.500000,0.200000,0.217560
9,-94.369266,0.604547,0.402273,0.661233,17,32.562500,10.300000,1.400000,0.694841
10,-91.898490,2.195450,0.000000,1.003927,38,99.778400,19.300000,5.300000,1.699480
11,-94.477434,2.195450,0.000000,2.118718,23,25.625000,9.200000,0.600000,0.446405
12,-92.715747,2.195450,0.166794,1.193861,34,79.862400,17.700000,4.000000,1.831310
13,-78.921720,1.663616,0.372896,0.768916,36,275.454000,24.000000,18.500000,1.914000
14,-94.660306,0.052738,0.771929,1.032376,0,35.613500,11.000000,1.300000,1.068440
15,-88.059038,1.663616,0.000000,0.168416,22,147.143000,21.300000,8.700000,0.225047
16,-94.147744,0.604547,0.396009,1.245545,23,45.170300,12.400000,1.900000,1.328560
17,-93.450090,1.843574,0.400116,0.833362,22,52.790000,14.200000,2.300000,1.066530
18,-94.340018,0.604547,0.402273,0.000000,28,34.739900,10.800000,1.200000,0.260659
19,-94.356770,0.604547,0.396009,0.628344,17,34.605000,10.700000,1.300000,0.495056
20,-92.777745,0.604547,0.575202,0.684670,34,76.937100,17.500000,3.900000,1.611900
21,-95.000000,0.052738,0.681197,4.905603,31,14.808600,4.800000,0.000000,0.000736
22,-87.154199,2.195450,0.200467,1.018560,32,181.426000,23.400000,11.000000,1.977500
23,-93.518555,2.195450,0.160002,0.924653,28,46.417000,12.700000,1.900000,0.885277
24,-94.425301,0.052738,0.945778,1.160418,0,40.040100,12.100000,1.600000,1.563750
25,-94.764320,0.052738,0.959758,1.165086,0,34.095300,10.500000,1.200000,1.156670
26,-87.759188,1.663616,0.000000,0.168416,22,153.480000,21.700000,9.100000,0.265568
27,-94.255304,1.319118,1.000000,2.029572,25,22.307500,8.100000,0.700000,0.971730
28,-92.991627,0.604547,0.396009,0.684670,32,97.819500,19.000000,5.300000,1.682940
29,-93.825575,0.604547,0.000000,1.019212,28,50.996800,13.100000,2.200000,0.912778
30,-92.490920,0.604547,0.575202,0.684670,33,72.106000,15.900000,3.600000,1.263410
31,-92.951289,0.604547,0.544238,0.684670,18,65.433100,14.900000,3.200000,1.174700
32,-80.227295,1.663616,0.372896,0.263498,35,259.582000,23.700000,17.300000,1.265740
33,-90.516734,2.195450,0.200467,1.003927,33,114.422000,20.300000,6.200000,1.522770
34,-92.454332,2.195450,0.166794,1.003927,34,89.682100,18.700000,4.600000,1.450280
35,-93.513364,0.604547,0.402273,0.743709,24,44.566000,12.200000,1.900000,0.958826
36,-94.155363,1.663616,0.000000,0.768916,22,26.943100,9.300000,0.700000,0.216894
37,-94.228178,2.195450,0.000000,2.118718,24,27.227100,9.500000,0.700000,0.462643
38,-92.645018,0.604547,0.000000,1.019212,15,74.635000,17.400000,3.800000,1.133900
39,-93.007239,0.604547,0.106798,0.819228,25,67.375300,15.600000,3.300000,0.700042
40,-94.551946,2.738464,0.000000,2.145762,0,30.439100,10.200000,0.900000,0.642530
41,-94.378952,0.604547,0.000000,0.915217,16,37.488500,11.300000,1.400000,0.698198
42,-94.594643,0.604547,0.106798,1.049149,23,16.288700,6.800000,0.100000,0.050785
44,-87.964038,2.195450,0.000000,1.018560,27,160.951000,21.800000,9.700000,1.671350
45,-88.861596,1.663616,0.000000,0.168416,22,149.811000,21.400000,8.600000,0.262464
46,-90.330279,2.195450,0.200467,1.003927,40,123.884000,21.000000,6.800000,1.677310
47,-93.537158,2.195450,0.160002,0.713269,30,48.019000,13.000000,2.000000,0.699282
48,-94.949570,0.052738,0.981799,1.831498,6,19.182100,7.700000,0.300000,0.381660
49,-92.587753,0.604547,0.000000,1.019212,21,73.440900,17.200000,3.700000,1.009830
50,-92.998815,1.843574,0.094167,0.833362,33,65.487900,15.000000,3.100000,0.907437
51,-94.652475,0.052738,0.959758,1.156877,0,38.657800,11.500000,1.500000,1.370250
52,-88.983754,1.843574,0.094167,0.833362,48,154.704000,21.700000,8.800000,1.254380
53,-93.045183,1.843574,0.000000,0.498298,40,70.223600,15.800000,3.400000,0.443380
54,-94.197207,2.738464,0.013362,2.145762,0,28.837100,9.700000,0.800000,0.529814
55,-93.533300,1.843574,0.094167,0.833362,35,46.202300,12.600000,1.900000,0.750310
56,-92.793277,2.195450,0.166794,1.193861,33,65.676600,15.200000,3.100000,1.328170
57,-92.429652,1.843574,0.094167,0.804821,41,84.733800,18.300000,4.300000,0.980655
58,-94.442139,0.052738,1.000000,1.165086,0,39.003200,11.800000,1.600000,1.622910
59,-94.643318,2.195450,0.000000,2.118718,23,23.820000,9.000000,0.500000,0.291979
