[INFO][6] Cantidad de iteraciones: 3000
[INFO][1] Cantidad de iteraciones: 3000
[INFO][5] Cantidad de iteraciones: 3000
[INFO][7] Cantidad de iteraciones: 3000
[INFO][2] Cantidad de iteraciones: 3000
[INFO][8] Cantidad de iteraciones: 3000
[INFO][4] Cantidad de iteraciones: 3000
[INFO][3] Cantidad de iteraciones: 3000

id,borders_threshold,margin_forwarding,min_delay,max_delay,neighbors_threshold,energy,coverage,nforwardings,time
0,-70.960470,2.244186,0.710704,3.499776,10,4.793500,8.600000,7.900000,4.846910
1,-94.579052,0.293114,0.000000,1.834982,11,53.518500,44.500000,2.400000,1.798010
2,-94.489883,0.293114,0.000000,1.853659,14,60.358100,48.000000,2.800000,1.729500
3,-94.624456,0.912358,0.000000,1.083022,27,27.108200,27.500000,0.700000,0.444720
4,-70.530764,2.422752,0.207007,4.740532,10,3.573650,7.000000,5.900000,4.377420
5,-94.691498,0.912358,0.000000,1.259948,24,23.868400,27.400000,0.500000,0.318415
6,-93.139986,0.912358,0.000000,0.426557,28,142.378000,70.300000,7.900000,0.535549
7,-94.490157,0.293114,0.000000,1.866222,12,68.395800,50.900000,3.300000,1.872200
8,-94.635813,0.293114,0.000000,1.863256,15,62.218300,48.600000,2.900000,1.961170
9,-93.936471,0.912358,0.171089,0.363987,15,86.115000,55.600000,4.400000,0.892229
10,-93.947886,0.912358,0.207338,0.276744,34,100.749000,63.900000,5.300000,0.724769
11,-94.687076,0.912358,0.087150,0.000000,15,28.674600,29.100000,0.800000,0.040337
12,-73.504865,1.906621,0.542901,1.821243,10,14.282300,10.300000,9.300000,3.263140
13,-94.627861,0.293114,0.000000,1.701604,8,49.187000,41.000000,2.100000,1.727780
14,-93.856809,0.912358,0.000000,1.148854,17,111.975000,67.500000,6.000000,1.462680
15,-93.948136,0.912358,0.000000,0.452414,30,87.986400,58.800000,4.500000,0.551506
16,-92.103988,0.912358,0.057209,1.145672,22,158.108000,71.800000,8.900000,1.531300
17,-94.818995,0.495248,0.349849,4.947673,0,18.927500,20.200000,0.200000,0.803447
18,-94.001016,0.912358,0.000000,0.551769,27,97.598800,63.700000,5.100000,0.726957
19,-94.568760,0.293114,0.000000,1.834982,11,53.496000,43.200000,2.400000,1.795640
20,-93.039172,0.912358,0.207338,0.363987,31,148.591000,71.100000,8.300000,1.020410
21,-94.591999,0.293114,0.237022,1.183951,0,33.095200,30.600000,1.100000,0.809496
22,-94.510539,2.718499,0.747877,1.228089,40,38.449400,33.500000,1.400000,0.955151
23,-93.095892,0.912358,0.000000,0.452414,25,150.153000,71.600000,8.400000,0.693828
24,-93.921103,0.912358,0.059872,0.407208,28,84.523500,53.100000,4.300000,0.510857
25,-95.000000,0.293114,0.310844,1.727000,33,15.780100,17.800000,0.000000,0.000787
26,-94.589993,0.912358,0.567875,1.209824,5,33.516400,30.800000,1.100000,0.984206
27,-94.512204,0.912358,0.115190,0.441951,16,43.128800,37.600000,1.700000,0.405813
28,-94.560001,0.293114,0.105201,1.834982,7,56.927800,47.000000,2.600000,1.982520
29,-91.728423,0.912358,0.000000,0.452414,32,171.696000,73.600000,9.800000,0.448549
30,-94.558370,1.943328,0.279005,3.391947,0,28.813300,29.400000,0.800000,1.839730
31,-94.491615,0.293114,0.000000,1.853659,16,60.346000,47.200000,2.800000,1.645380
32,-91.834751,0.912358,0.000000,0.363987,37,167.266000,73.500000,9.500000,0.498984
33,-94.574491,1.943328,0.359027,3.391947,0,30.415400,30.400000,0.900000,1.985530
34,-94.551241,0.293114,0.237022,1.183951,0,73.115200,52.600000,3.600000,1.904680
35,-94.519415,0.912358,0.000000,0.962874,32,28.558600,28.100000,0.800000,0.376617
36,-93.791068,0.912358,0.000000,1.153469,29,105.542000,65.600000,5.600000,1.343060
37,-93.914036,0.912358,0.207338,0.363987,29,101.949000,64.500000,5.400000,0.927889
38,-93.885372,0.912358,0.000000,0.753917,21,84.766300,54.200000,4.300000,0.969183
39,-71.339803,1.906621,0.000000,1.821243,8,0.064888,6.200000,5.700000,1.557290
40,-71.347003,2.422752,0.207007,0.637085,9,6.839830,8.200000,7.800000,0.736798
41,-94.544863,2.718499,0.740532,1.404777,42,32.041200,30.500000,1.000000,0.948690
42,-94.533427,0.293114,0.000000,1.696966,6,37.886900,32.900000,1.400000,1.267610
43,-94.656082,0.293114,0.000000,1.701604,7,41.310600,35.500000,1.600000,1.437610
44,-94.501390,0.293114,0.000000,1.834982,13,65.243200,49.800000,3.100000,1.617950
45,-94.830672,0.495248,0.349849,4.932204,0,18.981600,22.000000,0.200000,0.800983
46,-94.472425,0.293114,0.000000,1.853659,16,61.950200,48.100000,2.900000,1.979060
47,-93.842558,0.912358,0.207338,0.363987,32,109.911000,67.000000,5.900000,0.978258
48,-93.794589,0.912358,0.204862,0.747666,21,123.109000,68.200000,6.700000,1.487500
49,-94.494548,0.293114,0.000000,1.834982,13,74.819200,53.000000,3.700000,1.945740
50,-94.607535,0.293114,0.237022,1.183951,0,34.708800,31.800000,1.200000,0.858440
51,-94.730033,0.495248,0.349849,4.932204,0,20.583700,24.000000,0.300000,0.910705
52,-94.992681,0.495248,0.349849,4.932204,0,17.331500,19.300000,0.100000,0.459573
53,-94.579674,0.293114,0.008824,1.696966,16,55.356400,45.800000,2.500000,1.516090
54,-72.317394,2.422752,0.207007,0.637085,5,2.582530,5.500000,5.400000,0.625784
55,-94.699638,0.293114,0.254994,1.205450,0,34.979600,32.800000,1.200000,0.670287
56,-94.692781,0.495248,0.349849,4.853201,0,22.170500,26.800000,0.400000,1.005580
57,-94.637866,0.293114,0.000000,1.888358,2,44.501400,38.300000,1.800000,1.619380
58,-94.010479,0.912358,0.207338,0.452358,28,92.792600,61.300000,4.800000,0.941728
59,-91.679668,0.293114,0.000000,1.732338,20,177.381000,73.800000,10.200000,1.909540
60,-93.851178,0.912358,0.207338,0.363987,23,105.121000,65.000000,5.600000,0.965816
61,-91.576211,0.293114,0.000000,1.732338,20,183.353000,73.900000,10.600000,1.800740
62,-91.521541,0.293114,0.000000,1.732338,24,184.807000,74.000000,10.700000,1.817150
63,-93.823230,0.912358,0.079812,0.566017,27,127.997000,69.600000,7.000000,0.922969
64,-94.569824,0.912358,0.472970,1.209824,0,38.322600,33.000000,1.400000,1.015340
65,-94.690621,0.293114,0.237022,1.205450,0,28.463400,27.600000,0.800000,0.524163
66,-94.671214,0.293114,0.237022,1.183951,0,50.993900,41.300000,2.200000,1.157510
67,-93.871303,0.912358,0.207338,0.363987,26,103.519000,64.700000,5.500000,0.942663
68,-94.527300,0.912358,0.115190,0.441951,14,44.730800,38.700000,1.800000,0.428587
69,-93.363060,0.912358,0.000000,0.665544,19,127.797000,68.500000,7.000000,1.046920
70,-94.649065,0.293114,0.000000,1.696966,9,42.912600,36.300000,1.700000,1.371150
71,-92.127037,0.912358,0.000000,0.452414,28,158.240000,73.000000,8.900000,0.611644
72,-94.580023,0.293114,0.000000,1.678476,7,55.092500,45.500000,2.500000,1.563270
73,-73.903107,2.422752,0.207007,0.637085,7,8.064490,10.300000,9.800000,1.359910
74,-72.344436,2.422752,0.207007,0.637085,10,9.729230,8.900000,8.500000,1.085980
75,-94.661331,0.293114,0.000000,1.701604,9,39.708500,34.200000,1.500000,1.437610
76,-70.000000,2.422752,0.207007,0.637085,11,1.552820,10.600000,9.900000,0.841740
