++ cd /home/clusterusers/siturriaga/itu-maestria/trunk/aedb-mls
++ ITERATIONS=250
++ THREADS=12
++ INSTANCE=75
++ SIMULS=10
++ export LD_LIBRARY_PATH=:/home/clusterusers/siturriaga/ns3Files
++ LD_LIBRARY_PATH=:/home/clusterusers/siturriaga/ns3Files
++ /home/users/siturriaga/bin/mpich2-1.4.1p1/bin/mpiexec -launcher ssh -launcher-exec oarsh -f /var/lib/oar/2644177 -np 9 -ppn 1 bin/mls.rand 4990 250 12 10 75
[DEBUG] argc = 6
[DEBUG] argc = 6
===========================================================
Configuración
===========================================================
   Random seed        = 4990
   MPI size           = 9
   MLS.count_threads  = 12
   MLS.max_iterations = 250
   MLS.number_devices = 75
   MLS.simul_runs     = 10
   MLS.init           = MLS__RANDOM
===========================================================
[DEBUG] argc = 6
[DEBUG] argc = 6
[DEBUG] argc = 6
[DEBUG] argc = 6
[DEBUG] argc = 6
[DEBUG] argc = 6
[DEBUG] argc = 6
[DEBUG][1] Thread 0 starting solution:
-> borders_threshold   : -92.1915
   margin_forwarding   : 0.5369
   min_delay           : 0.2852
   max_delay           : 4.7790
   neighbors_threshold : 7
   energy              : 138.3990
   coverage            : 64.9000
   nforwardings        : 8.0000
   time                : 7.0750
[DEBUG][4] Thread 0 starting solution:
-> borders_threshold   : -92.6042
   margin_forwarding   : 0.5174
   min_delay           : 0.5481
   max_delay           : 4.8943
   neighbors_threshold : 10
   energy              : 146.9120
   coverage            : 67.1000
   nforwardings        : 8.3000
   time                : 7.8785
[DEBUG][2] Thread 0 starting solution:
-> borders_threshold   : -93.4332
   margin_forwarding   : 2.4843
   min_delay           : 0.5300
   max_delay           : 0.6271
   neighbors_threshold : 36
   energy              : 116.9500
   coverage            : 59.3000
   nforwardings        : 6.3000
   time                : 1.9421
[DEBUG][5] Thread 0 starting solution:
-> borders_threshold   : -75.8111
   margin_forwarding   : 0.6089
   min_delay           : 0.1583
   max_delay           : 3.4451
   neighbors_threshold : 19
   energy              : 447.9750
   coverage            : 67.1000
   nforwardings        : 48.7000
   time                : 5.5138
[DEBUG][3] Thread 0 starting solution:
-> borders_threshold   : -78.8679
   margin_forwarding   : 0.4325
   min_delay           : 0.5478
   max_delay           : 3.6684
   neighbors_threshold : 20
   energy              : 471.5140
   coverage            : 73.9000
   nforwardings        : 43.9000
   time                : 6.3821
[INFO][AGA] Kaput!
[INFO] AGA information ============================================ 
[INFO] Population count: 99
[INFO] Population:
(0) borders_threshold   = -94.52
     margin_forwarding   = 0.28
     min_delay           = 0.00
     max_delay           = 1.07
     neighbors_threshold = 7
     energy              = 66.85
     coverage            = 49.30 (0.02)
     nforwardings        = 3.20
     time                = 1.42
0,-94.524869,0.277635,0.000000,1.074251,7,66.852300,49.300000,3.200000,1.416210
(1) borders_threshold   = -94.03
     margin_forwarding   = 0.28
     min_delay           = 0.00
     max_delay           = 1.17
     neighbors_threshold = 8
     energy              = 90.42
     coverage            = 57.00 (0.02)
     nforwardings        = 4.70
     time                = 1.36
1,-94.033146,0.277635,0.000000,1.167605,8,90.419200,57.000000,4.700000,1.355440
(2) borders_threshold   = -95.00
     margin_forwarding   = 0.14
     min_delay           = 0.63
     max_delay           = 3.85
     neighbors_threshold = 33
     energy              = 15.75
     coverage            = 17.80 (0.06)
     nforwardings        = 0.00
     time                = 0.00
2,-95.000000,0.140211,0.634124,3.850125,33,15.749500,17.800000,0.000000,0.000787
(3) borders_threshold   = -73.86
     margin_forwarding   = 3.00
     min_delay           = 0.94
     max_delay           = 2.44
     neighbors_threshold = 4
     energy              = 15.17
     coverage            = 11.90 (0.08)
     nforwardings        = 10.00
     time                = 7.02
3,-73.863885,2.998902,0.942668,2.435935,4,15.173100,11.900000,10.000000,7.018680
(4) borders_threshold   = -94.69
     margin_forwarding   = 0.54
     min_delay           = 0.29
     max_delay           = 4.78
     neighbors_threshold = 0
     energy              = 23.79
     coverage            = 26.40 (0.04)
     nforwardings        = 0.50
     time                = 1.42
4,-94.691603,0.536942,0.285243,4.779028,0,23.789300,26.400000,0.500000,1.422050
(5) borders_threshold   = -73.48
     margin_forwarding   = 2.43
     min_delay           = 0.22
     max_delay           = 3.21
     neighbors_threshold = 0
     energy              = 6.81
     coverage            = 10.20 (0.10)
     nforwardings        = 9.30
     time                = 3.51
5,-73.477888,2.426103,0.220091,3.212513,0,6.806000,10.200000,9.300000,3.511610
(6) borders_threshold   = -94.29
     margin_forwarding   = 0.28
     min_delay           = 0.00
     max_delay           = 0.95
     neighbors_threshold = 20
     energy              = 70.04
     coverage            = 50.50 (0.02)
     nforwardings        = 3.40
     time                = 1.03
6,-94.285828,0.277635,0.000000,0.952324,20,70.040000,50.500000,3.400000,1.033030
(7) borders_threshold   = -75.81
     margin_forwarding   = 0.64
     min_delay           = 0.35
     max_delay           = 1.05
     neighbors_threshold = 5
     energy              = 4.08
     coverage            = 8.70 (0.11)
     nforwardings        = 8.20
     time                = 2.63
7,-75.806022,0.642659,0.348475,1.046980,5,4.082180,8.700000,8.200000,2.629370
(8) borders_threshold   = -93.95
     margin_forwarding   = 0.28
     min_delay           = 0.00
     max_delay           = 0.93
     neighbors_threshold = 7
     energy              = 95.19
     coverage            = 59.10 (0.02)
     nforwardings        = 5.00
     time                = 1.26
8,-93.950354,0.277635,0.000000,0.925228,7,95.189900,59.100000,5.000000,1.259010
(9) borders_threshold   = -94.99
     margin_forwarding   = 0.52
     min_delay           = 0.55
     max_delay           = 4.89
     neighbors_threshold = 8
     energy              = 17.34
     coverage            = 19.30 (0.05)
     nforwardings        = 0.10
     time                = 0.46
9,-94.991532,0.517441,0.548119,4.894349,8,17.338200,19.300000,0.100000,0.457567
(10) borders_threshold   = -92.61
     margin_forwarding   = 2.75
     min_delay           = 0.00
     max_delay           = 1.07
     neighbors_threshold = 2
     energy              = 158.55
     coverage            = 73.00 (0.01)
     nforwardings        = 8.90
     time                = 1.96
10,-92.612956,2.745462,0.000000,1.068427,2,158.554000,73.000000,8.900000,1.962010
(11) borders_threshold   = -76.88
     margin_forwarding   = 0.28
     min_delay           = 0.04
     max_delay           = 0.83
     neighbors_threshold = 6
     energy              = 2.24
     coverage            = 11.60 (0.09)
     nforwardings        = 10.50
     time                = 1.66
11,-76.882657,0.277635,0.037926,0.825155,6,2.238040,11.600000,10.500000,1.662090
(12) borders_threshold   = -94.53
     margin_forwarding   = 0.28
     min_delay           = 1.00
     max_delay           = 1.33
     neighbors_threshold = 26
     energy              = 47.81
     coverage            = 39.80 (0.03)
     nforwardings        = 2.00
     time                = 1.88
12,-94.526691,0.277635,1.000000,1.330429,26,47.812500,39.800000,2.000000,1.882800
(13) borders_threshold   = -75.37
     margin_forwarding   = 0.28
     min_delay           = 0.10
     max_delay           = 0.83
     neighbors_threshold = 5
     energy              = 0.14
     coverage            = 8.20 (0.12)
     nforwardings        = 7.90
     time                = 1.79
13,-75.372737,0.277635,0.104182,0.825155,5,0.137830,8.200000,7.900000,1.794120
(14) borders_threshold   = -73.48
     margin_forwarding   = 1.69
     min_delay           = 0.61
     max_delay           = 2.54
     neighbors_threshold = 10
     energy              = 9.95
     coverage            = 10.40 (0.10)
     nforwardings        = 8.80
     time                = 5.39
14,-73.477568,1.690374,0.611794,2.542110,10,9.945880,10.400000,8.800000,5.392490
(15) borders_threshold   = -94.54
     margin_forwarding   = 0.28
     min_delay           = 0.00
     max_delay           = 1.17
     neighbors_threshold = 7
     energy              = 73.03
     coverage            = 51.50 (0.02)
     nforwardings        = 3.60
     time                = 1.60
15,-94.539530,0.277635,0.000000,1.167605,7,73.032700,51.500000,3.600000,1.597860
(16) borders_threshold   = -76.28
     margin_forwarding   = 0.64
     min_delay           = 1.00
     max_delay           = 0.00
     neighbors_threshold = 5
     energy              = 13.25
     coverage            = 13.90 (0.07)
     nforwardings        = 13.10
     time                = 1.95
16,-76.282166,0.642659,1.000000,0.000000,5,13.247500,13.900000,13.100000,1.946360
(17) borders_threshold   = -93.92
     margin_forwarding   = 0.28
     min_delay           = 0.00
     max_delay           = 0.93
     neighbors_threshold = 8
     energy              = 101.72
     coverage            = 61.50 (0.02)
     nforwardings        = 5.40
     time                = 1.36
17,-93.919975,0.277635,0.000000,0.925228,8,101.722000,61.500000,5.400000,1.360190
(18) borders_threshold   = -94.69
     margin_forwarding   = 0.57
     min_delay           = 0.18
     max_delay           = 2.12
     neighbors_threshold = 0
     energy              = 23.80
     coverage            = 27.40 (0.04)
     nforwardings        = 0.50
     time                = 0.55
18,-94.687284,0.571796,0.184263,2.118536,0,23.800300,27.400000,0.500000,0.545694
(19) borders_threshold   = -93.69
     margin_forwarding   = 0.28
     min_delay           = 0.00
     max_delay           = 1.33
     neighbors_threshold = 23
     energy              = 92.12
     coverage            = 57.70 (0.02)
     nforwardings        = 4.80
     time                = 1.42
19,-93.691144,0.277635,0.000000,1.330429,23,92.122300,57.700000,4.800000,1.418440
(20) borders_threshold   = -93.51
     margin_forwarding   = 2.38
     min_delay           = 0.00
     max_delay           = 0.81
     neighbors_threshold = 42
     energy              = 88.11
     coverage            = 56.40 (0.02)
     nforwardings        = 4.50
     time                = 0.89
20,-93.512085,2.377582,0.000000,0.808226,42,88.113300,56.400000,4.500000,0.891633
(21) borders_threshold   = -92.62
     margin_forwarding   = 2.75
     min_delay           = 0.02
     max_delay           = 1.27
     neighbors_threshold = 0
     energy              = 150.59
     coverage            = 72.30 (0.01)
     nforwardings        = 8.40
     time                = 1.96
21,-92.622885,2.745462,0.020436,1.274146,0,150.594000,72.300000,8.400000,1.958310
(22) borders_threshold   = -94.78
     margin_forwarding   = 0.54
     min_delay           = 0.29
     max_delay           = 3.32
     neighbors_threshold = 2
     energy              = 20.61
     coverage            = 22.80 (0.04)
     nforwardings        = 0.30
     time                = 0.67
22,-94.780833,0.536942,0.285243,3.317878,2,20.605300,22.800000,0.300000,0.672597
(23) borders_threshold   = -94.60
     margin_forwarding   = 0.28
     min_delay           = 0.07
     max_delay           = 0.49
     neighbors_threshold = 3
     energy              = 52.20
     coverage            = 42.50 (0.02)
     nforwardings        = 2.30
     time                = 0.56
23,-94.596315,0.277635,0.067099,0.485422,3,52.203100,42.500000,2.300000,0.562589
(24) borders_threshold   = -93.85
     margin_forwarding   = 0.28
     min_delay           = 0.00
     max_delay           = 0.93
     neighbors_threshold = 7
     energy              = 93.56
     coverage            = 57.80 (0.02)
     nforwardings        = 4.90
     time                = 1.34
24,-93.854211,0.277635,0.000000,0.925228,7,93.561800,57.800000,4.900000,1.339310
(25) borders_threshold   = -93.71
     margin_forwarding   = 2.75
     min_delay           = 0.02
     max_delay           = 1.07
     neighbors_threshold = 0
     energy              = 113.75
     coverage            = 65.60 (0.02)
     nforwardings        = 6.10
     time                = 1.58
25,-93.710604,2.745462,0.020436,1.068427,0,113.746000,65.600000,6.100000,1.578020
(26) borders_threshold   = -94.52
     margin_forwarding   = 2.75
     min_delay           = 0.10
     max_delay           = 0.41
     neighbors_threshold = 0
     energy              = 44.86
     coverage            = 38.70 (0.03)
     nforwardings        = 1.80
     time                = 0.40
26,-94.523368,2.745462,0.101229,0.406934,0,44.857700,38.700000,1.800000,0.398334
(27) borders_threshold   = -74.87
     margin_forwarding   = 0.28
     min_delay           = 0.04
     max_delay           = 1.13
     neighbors_threshold = 9
     energy              = 0.78
     coverage            = 7.50 (0.13)
     nforwardings        = 6.80
     time                = 1.25
27,-74.870481,0.277635,0.037926,1.131409,9,0.784584,7.500000,6.800000,1.245780
(28) borders_threshold   = -94.96
     margin_forwarding   = 0.14
     min_delay           = 0.63
     max_delay           = 3.85
     neighbors_threshold = 33
     energy              = 17.33
     coverage            = 18.90 (0.05)
     nforwardings        = 0.10
     time                = 0.36
28,-94.963954,0.140211,0.634124,3.850125,33,17.329500,18.900000,0.100000,0.361636
(29) borders_threshold   = -72.00
     margin_forwarding   = 3.00
     min_delay           = 0.94
     max_delay           = 0.00
     neighbors_threshold = 7
     energy              = 3.24
     coverage            = 13.10 (0.08)
     nforwardings        = 12.00
     time                = 1.60
29,-71.999862,2.998902,0.942668,0.000000,7,3.244560,13.100000,12.000000,1.601680
(30) borders_threshold   = -93.49
     margin_forwarding   = 1.34
     min_delay           = 0.17
     max_delay           = 0.72
     neighbors_threshold = 29
     energy              = 139.29
     coverage            = 70.30 (0.01)
     nforwardings        = 7.70
     time                = 1.79
30,-93.491863,1.340810,0.174640,0.723920,29,139.295000,70.300000,7.700000,1.792790
(31) borders_threshold   = -93.89
     margin_forwarding   = 0.28
     min_delay           = 0.00
     max_delay           = 0.89
     neighbors_threshold = 15
     energy              = 101.87
     coverage            = 62.60 (0.02)
     nforwardings        = 5.40
     time                = 1.21
31,-93.892455,0.277635,0.000000,0.885214,15,101.873000,62.600000,5.400000,1.211830
(32) borders_threshold   = -94.12
     margin_forwarding   = 0.28
     min_delay           = 0.00
     max_delay           = 1.17
     neighbors_threshold = 9
     energy              = 95.45
     coverage            = 59.20 (0.02)
     nforwardings        = 5.00
     time                = 1.90
32,-94.118564,0.277635,0.000000,1.167605,9,95.448900,59.200000,5.000000,1.902920
(33) borders_threshold   = -94.91
     margin_forwarding   = 0.14
     min_delay           = 0.63
     max_delay           = 3.75
     neighbors_threshold = 31
     energy              = 21.91
     coverage            = 25.40 (0.04)
     nforwardings        = 0.40
     time                = 0.99
33,-94.908751,0.140211,0.634124,3.751060,31,21.905800,25.400000,0.400000,0.991137
(34) borders_threshold   = -94.65
     margin_forwarding   = 0.54
     min_delay           = 0.29
     max_delay           = 4.78
     neighbors_threshold = 7
     energy              = 26.99
     coverage            = 27.60 (0.04)
     nforwardings        = 0.70
     time                = 1.95
34,-94.653951,0.536942,0.285243,4.779028,7,26.993400,27.600000,0.700000,1.954320
(35) borders_threshold   = -94.65
     margin_forwarding   = 0.28
     min_delay           = 0.00
     max_delay           = 0.97
     neighbors_threshold = 0
     energy              = 41.36
     coverage            = 34.40 (0.03)
     nforwardings        = 1.60
     time                = 0.64
35,-94.650126,0.277635,0.000000,0.974582,0,41.361900,34.400000,1.600000,0.641033
(36) borders_threshold   = -94.54
     margin_forwarding   = 0.57
     min_delay           = 0.18
     max_delay           = 2.89
     neighbors_threshold = 12
     energy              = 28.46
     coverage            = 28.10 (0.04)
     nforwardings        = 0.80
     time                = 1.23
36,-94.542056,0.571796,0.184263,2.891474,12,28.456400,28.100000,0.800000,1.232670
(37) borders_threshold   = -75.97
     margin_forwarding   = 0.28
     min_delay           = 0.04
     max_delay           = 0.00
     neighbors_threshold = 2
     energy              = 1.33
     coverage            = 9.40 (0.11)
     nforwardings        = 8.70
     time                = 0.06
37,-75.971108,0.277635,0.037926,0.000000,2,1.325120,9.400000,8.700000,0.063659
(38) borders_threshold   = -94.85
     margin_forwarding   = 0.54
     min_delay           = 0.29
     max_delay           = 3.55
     neighbors_threshold = 3
     energy              = 19.00
     coverage            = 21.10 (0.05)
     nforwardings        = 0.20
     time                = 0.60
38,-94.845678,0.536942,0.285243,3.548328,3,19.003200,21.100000,0.200000,0.598254
(39) borders_threshold   = -93.64
     margin_forwarding   = 1.34
     min_delay           = 0.17
     max_delay           = 0.72
     neighbors_threshold = 32
     energy              = 99.24
     coverage            = 60.90 (0.02)
     nforwardings        = 5.20
     time                = 1.08
39,-93.636075,1.340810,0.174640,0.723920,32,99.243700,60.900000,5.200000,1.078520
(40) borders_threshold   = -94.52
     margin_forwarding   = 0.28
     min_delay           = 0.00
     max_delay           = 1.17
     neighbors_threshold = 9
     energy              = 61.87
     coverage            = 48.80 (0.02)
     nforwardings        = 2.90
     time                = 1.33
40,-94.521542,0.277635,0.000000,1.167605,9,61.870700,48.800000,2.900000,1.329710
(42) borders_threshold   = -93.65
     margin_forwarding   = 1.34
     min_delay           = 0.17
     max_delay           = 0.73
     neighbors_threshold = 29
     energy              = 94.44
     coverage            = 58.90 (0.02)
     nforwardings        = 4.90
     time                = 1.06
42,-93.651327,1.340810,0.174640,0.725840,29,94.437500,58.900000,4.900000,1.056120
(43) borders_threshold   = -76.49
     margin_forwarding   = 0.28
     min_delay           = 0.04
     max_delay           = 0.83
     neighbors_threshold = 6
     energy              = 0.48
     coverage            = 7.90 (0.13)
     nforwardings        = 7.60
     time                = 1.24
43,-76.492373,0.277635,0.037926,0.825155,6,0.484583,7.900000,7.600000,1.242950
(44) borders_threshold   = -93.66
     margin_forwarding   = 2.75
     min_delay           = 0.02
     max_delay           = 1.07
     neighbors_threshold = 0
     energy              = 121.76
     coverage            = 66.20 (0.02)
     nforwardings        = 6.60
     time                = 1.83
44,-93.659498,2.745462,0.020436,1.068427,0,121.757000,66.200000,6.600000,1.829500
(45) borders_threshold   = -94.62
     margin_forwarding   = 2.75
     min_delay           = 0.04
     max_delay           = 0.98
     neighbors_threshold = 0
     energy              = 38.45
     coverage            = 33.00 (0.03)
     nforwardings        = 1.40
     time                = 0.83
45,-94.616970,2.745462,0.042993,0.978614,0,38.449400,33.000000,1.400000,0.830867
(46) borders_threshold   = -74.40
     margin_forwarding   = 0.28
     min_delay           = 0.04
     max_delay           = 1.13
     neighbors_threshold = 11
     energy              = 12.63
     coverage            = 12.10 (0.08)
     nforwardings        = 11.10
     time                = 1.71
46,-74.395467,0.277635,0.037926,1.131409,11,12.628600,12.100000,11.100000,1.705940
(47) borders_threshold   = -73.80
     margin_forwarding   = 0.28
     min_delay           = 0.04
     max_delay           = 1.13
     neighbors_threshold = 9
     energy              = 0.86
     coverage            = 7.70 (0.13)
     nforwardings        = 6.90
     time                = 1.69
47,-73.804114,0.277635,0.037926,1.131409,9,0.859037,7.700000,6.900000,1.688230
(48) borders_threshold   = -94.58
     margin_forwarding   = 0.28
     min_delay           = 0.00
     max_delay           = 1.49
     neighbors_threshold = 16
     energy              = 54.22
     coverage            = 44.90 (0.02)
     nforwardings        = 2.40
     time                = 1.43
48,-94.576914,0.277635,0.000000,1.487130,16,54.215600,44.900000,2.400000,1.434560
(49) borders_threshold   = -76.83
     margin_forwarding   = 0.64
     min_delay           = 0.00
     max_delay           = 0.00
     neighbors_threshold = 1
     energy              = 9.44
     coverage            = 11.10 (0.09)
     nforwardings        = 10.30
     time                = 0.00
49,-76.832378,0.642659,0.000000,0.000000,1,9.441390,11.100000,10.300000,0.003999
(50) borders_threshold   = -94.49
     margin_forwarding   = 2.75
     min_delay           = 0.10
     max_delay           = 0.41
     neighbors_threshold = 0
     energy              = 43.26
     coverage            = 37.60 (0.03)
     nforwardings        = 1.70
     time                = 0.35
50,-94.494312,2.745462,0.101229,0.406934,0,43.255600,37.600000,1.700000,0.353876
(51) borders_threshold   = -94.69
     margin_forwarding   = 2.38
     min_delay           = 0.01
     max_delay           = 0.95
     neighbors_threshold = 40
     energy              = 28.84
     coverage            = 28.20 (0.04)
     nforwardings        = 0.80
     time                = 0.34
51,-94.692496,2.377582,0.011064,0.950004,40,28.837100,28.200000,0.800000,0.337478
(52) borders_threshold   = -94.70
     margin_forwarding   = 0.28
     min_delay           = 0.00
     max_delay           = 1.20
     neighbors_threshold = 0
     energy              = 34.97
     coverage            = 32.80 (0.03)
     nforwardings        = 1.20
     time                = 0.63
52,-94.695383,0.277635,0.000000,1.201155,0,34.968300,32.800000,1.200000,0.628789
(53) borders_threshold   = -92.73
     margin_forwarding   = 2.75
     min_delay           = 0.02
     max_delay           = 1.07
     neighbors_threshold = 0
     energy              = 158.60
     coverage            = 73.30 (0.01)
     nforwardings        = 8.90
     time                = 1.96
53,-92.727566,2.745462,0.020436,1.068427,0,158.604000,73.300000,8.900000,1.964550
(54) borders_threshold   = -94.56
     margin_forwarding   = 0.28
     min_delay           = 0.00
     max_delay           = 1.49
     neighbors_threshold = 16
     energy              = 55.81
     coverage            = 47.00 (0.02)
     nforwardings        = 2.50
     time                = 1.48
54,-94.559007,0.277635,0.000000,1.487130,16,55.809100,47.000000,2.500000,1.478790
(55) borders_threshold   = -94.53
     margin_forwarding   = 1.34
     min_delay           = 0.17
     max_delay           = 0.73
     neighbors_threshold = 24
     energy              = 38.37
     coverage            = 32.90 (0.03)
     nforwardings        = 1.40
     time                = 0.57
55,-94.533397,1.340810,0.174640,0.725840,24,38.365400,32.900000,1.400000,0.574465
(56) borders_threshold   = -92.61
     margin_forwarding   = 2.75
     min_delay           = 0.10
     max_delay           = 0.30
     neighbors_threshold = 8
     energy              = 148.99
     coverage            = 71.00 (0.01)
     nforwardings        = 8.30
     time                = 0.67
56,-92.609463,2.745462,0.101229,0.302380,8,148.992000,71.000000,8.300000,0.667851
(57) borders_threshold   = -75.50
     margin_forwarding   = 0.64
     min_delay           = 0.01
     max_delay           = 0.00
     neighbors_threshold = 0
     energy              = 1.02
     coverage            = 10.00 (0.10)
     nforwardings        = 9.40
     time                = 0.02
57,-75.495210,0.642659,0.014325,0.000000,0,1.020490,10.000000,9.400000,0.024943
(58) borders_threshold   = -91.78
     margin_forwarding   = 0.28
     min_delay           = 0.00
     max_delay           = 1.33
     neighbors_threshold = 25
     energy              = 173.19
     coverage            = 73.80 (0.01)
     nforwardings        = 10.00
     time                = 1.65
58,-91.782370,0.277635,0.000000,1.330429,25,173.194000,73.800000,10.000000,1.646900
(59) borders_threshold   = -94.51
     margin_forwarding   = 0.28
     min_delay           = 0.00
     max_delay           = 0.93
     neighbors_threshold = 0
     energy              = 50.42
     coverage            = 42.40 (0.02)
     nforwardings        = 2.20
     time                = 1.20
59,-94.505193,0.277635,0.000000,0.925228,0,50.422800,42.400000,2.200000,1.201340
(60) borders_threshold   = -92.67
     margin_forwarding   = 2.75
     min_delay           = 0.10
     max_delay           = 0.30
     neighbors_threshold = 6
     energy              = 165.01
     coverage            = 73.60 (0.01)
     nforwardings        = 9.30
     time                = 0.75
60,-92.666866,2.745462,0.101229,0.302380,6,165.012000,73.600000,9.300000,0.745374
(61) borders_threshold   = -75.77
     margin_forwarding   = 0.28
     min_delay           = 0.04
     max_delay           = 0.83
     neighbors_threshold = 6
     energy              = 2.21
     coverage            = 5.50 (0.18)
     nforwardings        = 4.80
     time                = 0.68
61,-75.770139,0.277635,0.037926,0.825155,6,2.212830,5.500000,4.800000,0.676417
(62) borders_threshold   = -76.31
     margin_forwarding   = 0.64
     min_delay           = 0.00
     max_delay           = 0.00
     neighbors_threshold = 0
     energy              = 11.70
     coverage            = 8.80 (0.11)
     nforwardings        = 8.20
     time                = 0.00
62,-76.314187,0.642659,0.000000,0.000000,0,11.699700,8.800000,8.200000,0.003460
(63) borders_threshold   = -94.94
     margin_forwarding   = 0.14
     min_delay           = 0.63
     max_delay           = 3.75
     neighbors_threshold = 31
     energy              = 20.28
     coverage            = 22.70 (0.04)
     nforwardings        = 0.30
     time                = 0.73
63,-94.935163,0.140211,0.634124,3.751060,31,20.281200,22.700000,0.300000,0.734199
(64) borders_threshold   = -94.53
     margin_forwarding   = 0.28
     min_delay           = 0.00
     max_delay           = 1.17
     neighbors_threshold = 2
     energy              = 44.45
     coverage            = 37.80 (0.03)
     nforwardings        = 1.80
     time                = 1.03
64,-94.530491,0.277635,0.000000,1.170291,2,44.449800,37.800000,1.800000,1.027530
(65) borders_threshold   = -93.07
     margin_forwarding   = 0.28
     min_delay           = 0.00
     max_delay           = 1.33
     neighbors_threshold = 24
     energy              = 150.34
     coverage            = 71.20 (0.01)
     nforwardings        = 8.50
     time                = 1.97
65,-93.065024,0.277635,0.000000,1.330429,24,150.338000,71.200000,8.500000,1.965620
(66) borders_threshold   = -74.30
     margin_forwarding   = 0.28
     min_delay           = 0.04
     max_delay           = 1.13
     neighbors_threshold = 9
     energy              = 1.25
     coverage            = 10.70 (0.09)
     nforwardings        = 9.60
     time                = 1.96
66,-74.299288,0.277635,0.037926,1.131409,9,1.248910,10.700000,9.600000,1.960160
(67) borders_threshold   = -92.12
     margin_forwarding   = 2.75
     min_delay           = 0.02
     max_delay           = 1.07
     neighbors_threshold = 0
     energy              = 177.68
     coverage            = 73.90 (0.01)
     nforwardings        = 10.10
     time                = 1.21
67,-92.121332,2.745462,0.020436,1.068427,0,177.683000,73.900000,10.100000,1.214920
(68) borders_threshold   = -94.29
     margin_forwarding   = 0.28
     min_delay           = 0.04
     max_delay           = 1.13
     neighbors_threshold = 32
     energy              = 74.98
     coverage            = 52.10 (0.02)
     nforwardings        = 3.70
     time                = 1.47
68,-94.286615,0.277635,0.037926,1.131409,32,74.977800,52.100000,3.700000,1.467250
(69) borders_threshold   = -94.65
     margin_forwarding   = 0.28
     min_delay           = 0.00
     max_delay           = 1.17
     neighbors_threshold = 1
     energy              = 34.74
     coverage            = 31.60 (0.03)
     nforwardings        = 1.20
     time                = 0.84
69,-94.652869,0.277635,0.000000,1.170291,1,34.742900,31.600000,1.200000,0.842054
(70) borders_threshold   = -76.99
     margin_forwarding   = 0.28
     min_delay           = 0.00
     max_delay           = 1.13
     neighbors_threshold = 5
     energy              = 7.68
     coverage            = 8.10 (0.12)
     nforwardings        = 7.60
     time                = 1.39
70,-76.986605,0.277635,0.000000,1.131409,5,7.680690,8.100000,7.600000,1.390000
(71) borders_threshold   = -94.95
     margin_forwarding   = 0.14
     min_delay           = 0.00
     max_delay           = 3.85
     neighbors_threshold = 47
     energy              = 18.92
     coverage            = 20.70 (0.05)
     nforwardings        = 0.20
     time                = 0.64
71,-94.951162,0.140211,0.000000,3.850125,47,18.915700,20.700000,0.200000,0.638402
(72) borders_threshold   = -94.17
     margin_forwarding   = 0.28
     min_delay           = 0.00
     max_delay           = 1.29
     neighbors_threshold = 0
     energy              = 85.71
     coverage            = 56.20 (0.02)
     nforwardings        = 4.50
     time                = 1.96
72,-94.170009,0.277635,0.000000,1.292801,0,85.713900,56.200000,4.500000,1.960020
(73) borders_threshold   = -94.69
     margin_forwarding   = 0.28
     min_delay           = 0.04
     max_delay           = 1.13
     neighbors_threshold = 27
     energy              = 30.08
     coverage            = 28.40 (0.04)
     nforwardings        = 0.90
     time                = 0.51
73,-94.691520,0.277635,0.037926,1.131409,27,30.077600,28.400000,0.900000,0.511387
(74) borders_threshold   = -94.32
     margin_forwarding   = 0.28
     min_delay           = 0.00
     max_delay           = 1.35
     neighbors_threshold = 23
     energy              = 85.80
     coverage            = 55.80 (0.02)
     nforwardings        = 4.40
     time                = 1.87
74,-94.320084,0.277635,0.000000,1.354318,23,85.801600,55.800000,4.400000,1.874920
(75) borders_threshold   = -75.64
     margin_forwarding   = 0.28
     min_delay           = 0.00
     max_delay           = 1.13
     neighbors_threshold = 9
     energy              = 3.37
     coverage            = 8.30 (0.12)
     nforwardings        = 7.80
     time                = 1.71
75,-75.637203,0.277635,0.000000,1.131409,9,3.367560,8.300000,7.800000,1.710350
(76) borders_threshold   = -94.34
     margin_forwarding   = 0.28
     min_delay           = 0.00
     max_delay           = 1.35
     neighbors_threshold = 24
     energy              = 85.78
     coverage            = 55.50 (0.02)
     nforwardings        = 4.40
     time                = 1.72
76,-94.336798,0.277635,0.000000,1.354318,24,85.784900,55.500000,4.400000,1.723750
(77) borders_threshold   = -93.46
     margin_forwarding   = 0.28
     min_delay           = 0.00
     max_delay           = 1.17
     neighbors_threshold = 9
     energy              = 124.64
     coverage            = 67.60 (0.01)
     nforwardings        = 6.90
     time                = 1.56
77,-93.458898,0.277635,0.000000,1.167605,9,124.640000,67.600000,6.900000,1.563620
(78) borders_threshold   = -94.66
     margin_forwarding   = 0.28
     min_delay           = 0.00
     max_delay           = 1.37
     neighbors_threshold = 3
     energy              = 42.99
     coverage            = 34.90 (0.03)
     nforwardings        = 1.70
     time                = 1.20
78,-94.663643,0.277635,0.000000,1.366782,3,42.990800,34.900000,1.700000,1.198460
(79) borders_threshold   = -94.49
     margin_forwarding   = 0.28
     min_delay           = 0.00
     max_delay           = 0.93
     neighbors_threshold = 0
     energy              = 48.80
     coverage            = 41.70 (0.02)
     nforwardings        = 2.10
     time                = 1.15
79,-94.493681,0.277635,0.000000,0.925228,0,48.799000,41.700000,2.100000,1.146530
(80) borders_threshold   = -76.01
     margin_forwarding   = 0.64
     min_delay           = 0.00
     max_delay           = 1.05
     neighbors_threshold = 3
     energy              = 8.27
     coverage            = 8.30 (0.12)
     nforwardings        = 7.40
     time                = 1.77
80,-76.008129,0.642659,0.000000,1.046980,3,8.265480,8.300000,7.400000,1.768270
(81) borders_threshold   = -94.11
     margin_forwarding   = 0.28
     min_delay           = 0.00
     max_delay           = 0.93
     neighbors_threshold = 6
     energy              = 97.10
     coverage            = 59.40 (0.02)
     nforwardings        = 5.10
     time                = 1.04
81,-94.110811,0.277635,0.000000,0.925228,6,97.103700,59.400000,5.100000,1.037250
(82) borders_threshold   = -92.06
     margin_forwarding   = 0.28
     min_delay           = 0.00
     max_delay           = 0.78
     neighbors_threshold = 14
     energy              = 178.07
     coverage            = 74.00 (0.01)
     nforwardings        = 10.30
     time                = 1.00
82,-92.058628,0.277635,0.000000,0.776129,14,178.069000,74.000000,10.300000,1.003860
(83) borders_threshold   = -92.60
     margin_forwarding   = 1.34
     min_delay           = 0.17
     max_delay           = 0.75
     neighbors_threshold = 22
     energy              = 147.15
     coverage            = 70.80 (0.01)
     nforwardings        = 8.20
     time                = 1.71
83,-92.600498,1.340810,0.174640,0.747033,22,147.152000,70.800000,8.200000,1.709320
(84) borders_threshold   = -94.50
     margin_forwarding   = 0.28
     min_delay           = 0.00
     max_delay           = 1.17
     neighbors_threshold = 6
     energy              = 79.47
     coverage            = 53.10 (0.02)
     nforwardings        = 4.00
     time                = 1.75
84,-94.502848,0.277635,0.000000,1.167605,6,79.468100,53.100000,4.000000,1.753000
(85) borders_threshold   = -74.67
     margin_forwarding   = 0.64
     min_delay           = 0.00
     max_delay           = 0.00
     neighbors_threshold = 9
     energy              = 0.36
     coverage            = 6.40 (0.16)
     nforwardings        = 5.60
     time                = 0.00
85,-74.666534,0.642659,0.000000,0.000000,9,0.358189,6.400000,5.600000,0.002239
(86) borders_threshold   = -73.70
     margin_forwarding   = 0.28
     min_delay           = 0.04
     max_delay           = 1.13
     neighbors_threshold = 10
     energy              = 2.30
     coverage            = 9.80 (0.10)
     nforwardings        = 9.00
     time                = 1.85
86,-73.703728,0.277635,0.037926,1.131409,10,2.302930,9.800000,9.000000,1.852450
(87) borders_threshold   = -77.38
     margin_forwarding   = 0.28
     min_delay           = 0.04
     max_delay           = 0.00
     neighbors_threshold = 7
     energy              = 13.36
     coverage            = 12.70 (0.08)
     nforwardings        = 11.90
     time                = 0.09
87,-77.379042,0.277635,0.037926,0.000000,7,13.355600,12.700000,11.900000,0.086046
(88) borders_threshold   = -93.58
     margin_forwarding   = 1.34
     min_delay           = 0.17
     max_delay           = 0.72
     neighbors_threshold = 28
     energy              = 129.59
     coverage            = 69.50 (0.01)
     nforwardings        = 7.10
     time                = 1.73
88,-93.577690,1.340810,0.174640,0.723920,28,129.590000,69.500000,7.100000,1.734310
(89) borders_threshold   = -94.55
     margin_forwarding   = 0.54
     min_delay           = 0.60
     max_delay           = 4.78
     neighbors_threshold = 0
     energy              = 30.20
     coverage            = 30.40 (0.03)
     nforwardings        = 0.90
     time                = 1.91
89,-94.546695,0.536942,0.602250,4.779028,0,30.197500,30.400000,0.900000,1.913500
(90) borders_threshold   = -94.64
     margin_forwarding   = 0.28
     min_delay           = 0.05
     max_delay           = 1.15
     neighbors_threshold = 0
     energy              = 60.58
     coverage            = 47.40 (0.02)
     nforwardings        = 2.80
     time                = 1.45
90,-94.644387,0.277635,0.047584,1.148139,0,60.581700,47.400000,2.800000,1.446390
(91) borders_threshold   = -94.13
     margin_forwarding   = 0.28
     min_delay           = 0.00
     max_delay           = 1.17
     neighbors_threshold = 5
     energy              = 88.83
     coverage            = 56.80 (0.02)
     nforwardings        = 4.60
     time                = 1.46
91,-94.133806,0.277635,0.000000,1.167605,5,88.825000,56.800000,4.600000,1.457820
(92) borders_threshold   = -76.42
     margin_forwarding   = 0.64
     min_delay           = 0.00
     max_delay           = 0.00
     neighbors_threshold = 2
     energy              = 12.79
     coverage            = 13.50 (0.07)
     nforwardings        = 13.00
     time                = 0.00
92,-76.416412,0.642659,0.000000,0.000000,2,12.793000,13.500000,13.000000,0.004824
(93) borders_threshold   = -74.90
     margin_forwarding   = 0.28
     min_delay           = 0.04
     max_delay           = 1.13
     neighbors_threshold = 10
     energy              = 1.31
     coverage            = 6.70 (0.15)
     nforwardings        = 6.30
     time                = 1.37
93,-74.904682,0.277635,0.037926,1.131409,10,1.312030,6.700000,6.300000,1.367750
(94) borders_threshold   = -75.22
     margin_forwarding   = 0.28
     min_delay           = 0.04
     max_delay           = 1.13
     neighbors_threshold = 7
     energy              = 0.09
     coverage            = 7.30 (0.14)
     nforwardings        = 6.60
     time                = 1.28
94,-75.215870,0.277635,0.037926,1.131409,7,0.090566,7.300000,6.600000,1.278940
(95) borders_threshold   = -75.56
     margin_forwarding   = 0.28
     min_delay           = 0.04
     max_delay           = 1.13
     neighbors_threshold = 3
     energy              = 0.08
     coverage            = 6.10 (0.16)
     nforwardings        = 5.50
     time                = 1.54
95,-75.562365,0.277635,0.037926,1.131409,3,0.077682,6.100000,5.500000,1.540060
(96) borders_threshold   = -93.91
     margin_forwarding   = 0.28
     min_delay           = 0.00
     max_delay           = 0.95
     neighbors_threshold = 22
     energy              = 103.30
     coverage            = 64.40 (0.02)
     nforwardings        = 5.50
     time                = 1.46
96,-93.912059,0.277635,0.000000,0.952324,22,103.299000,64.400000,5.500000,1.457290
(97) borders_threshold   = -94.66
     margin_forwarding   = 0.28
     min_delay           = 0.07
     max_delay           = 0.78
     neighbors_threshold = 0
     energy              = 39.77
     coverage            = 33.90 (0.03)
     nforwardings        = 1.50
     time                = 0.53
97,-94.657017,0.277635,0.070927,0.781766,0,39.765800,33.900000,1.500000,0.528538
(98) borders_threshold   = -73.82
     margin_forwarding   = 0.28
     min_delay           = 0.04
     max_delay           = 1.13
     neighbors_threshold = 10
     energy              = 1.08
     coverage            = 10.40 (0.10)
     nforwardings        = 9.60
     time                = 1.95
98,-73.824615,0.277635,0.037926,1.131409,10,1.084800,10.400000,9.600000,1.949890
(99) borders_threshold   = -75.26
     margin_forwarding   = 0.28
     min_delay           = 0.11
     max_delay           = 1.20
     neighbors_threshold = 6
     energy              = 5.41
     coverage            = 5.70 (0.18)
     nforwardings        = 4.90
     time                = 1.14
99,-75.258168,0.277635,0.108911,1.195001,6,5.413600,5.700000,4.900000,1.139430

real	419m28.549s
user	353m36.774s
sys	65m10.896s
