[INFO][8] Cantidad de iteraciones: 3000
[INFO][7] Cantidad de iteraciones: 3000
[INFO][3] Cantidad de iteraciones: 3000
[INFO][1] Cantidad de iteraciones: 3000
[INFO][6] Cantidad de iteraciones: 3000
[INFO][5] Cantidad de iteraciones: 3000
[INFO][2] Cantidad de iteraciones: 3000
[INFO][4] Cantidad de iteraciones: 3000

id,borders_threshold,margin_forwarding,min_delay,max_delay,neighbors_threshold,energy,coverage,nforwardings,time
0,-73.976931,1.094750,1.000000,0.125940,0,2.690430,6.200000,6.200000,1.638700
1,-93.297035,1.473214,0.000000,0.380657,1,102.194000,41.000000,5.400000,0.498378
2,-73.094293,1.094750,1.000000,1.126044,0,0.923703,4.500000,4.300000,1.918920
3,-73.570642,1.094750,1.000000,0.077844,0,4.954450,5.700000,5.600000,1.378250
4,-73.106916,1.094750,0.177311,0.000000,6,10.385500,5.900000,5.400000,0.196082
5,-70.000000,1.462242,0.720125,2.266437,5,0.285448,3.700000,3.500000,1.694210
6,-91.302739,0.556158,1.000000,0.136798,15,166.253000,48.300000,9.500000,1.794650
7,-72.508828,1.094750,0.000000,0.064838,7,10.902600,6.900000,6.300000,0.068507
8,-94.806779,0.096005,1.000000,0.000000,11,28.141100,17.900000,0.800000,0.262495
9,-75.210010,1.094750,1.000000,0.125940,0,9.037010,7.400000,7.100000,1.634260
10,-94.907030,0.096005,0.398521,0.000000,7,21.636500,15.200000,0.400000,0.048502
11,-94.041546,0.556158,0.997795,0.490367,11,70.063800,34.100000,3.400000,1.884630
12,-90.818467,1.094750,0.904043,0.000000,12,176.169000,48.700000,10.100000,1.102730
13,-73.821880,1.094750,0.000000,0.064838,0,3.259240,2.900000,2.600000,0.038956
14,-94.236811,0.556158,0.405341,0.000000,17,58.934300,31.200000,2.700000,0.436141
15,-76.478622,0.318849,0.973914,2.828755,5,13.519500,4.600000,4.000000,3.698650
16,-74.153113,1.094750,1.000000,0.125940,0,3.777060,6.300000,6.200000,1.461000
17,-72.387176,1.432997,0.675398,4.082895,6,4.404800,4.300000,3.800000,3.268870
18,-75.889087,1.094750,0.000000,0.077844,0,8.557630,4.900000,4.400000,0.078877
19,-93.585820,1.793739,0.174210,1.137202,37,88.082000,36.900000,4.500000,1.867570
20,-95.000000,0.096005,0.398521,4.077981,0,15.123900,11.000000,0.000000,0.000737
22,-93.623727,1.793739,0.174210,1.137202,48,86.349400,36.800000,4.400000,1.513910
23,-70.352694,1.462242,0.720125,2.266437,2,0.041304,3.600000,3.400000,1.769260
24,-72.729652,1.094750,1.000000,0.064838,6,11.242700,7.200000,6.800000,1.785270
25,-76.693266,1.094750,0.000000,0.077844,2,9.674780,3.200000,2.700000,0.045186
26,-94.599698,0.096005,1.000000,0.000000,11,47.048600,27.800000,2.000000,0.723534
27,-91.723206,2.989651,0.082865,0.033945,4,161.344000,48.200000,9.100000,0.200862
28,-74.119535,0.318849,0.979145,1.346318,5,4.160930,5.200000,4.800000,1.858900
29,-94.101399,2.989651,0.000000,1.174904,10,40.051500,24.900000,1.500000,0.480245
30,-94.459628,0.556158,0.426710,0.000000,35,28.358200,18.300000,0.800000,0.127956
31,-75.550323,1.094750,1.000000,0.011879,0,10.337300,3.700000,3.300000,0.582811
32,-70.907546,1.462242,0.720125,2.429022,0,0.311962,3.300000,3.200000,1.856160
33,-76.645367,1.462242,0.720125,0.000000,4,14.158400,5.500000,4.900000,0.510920
34,-93.736822,0.096005,0.306119,0.000000,20,92.825900,38.400000,4.900000,0.390457
35,-94.864645,0.096005,0.377201,3.741205,0,23.191300,16.200000,0.500000,0.852695
36,-94.840579,0.096005,0.377201,3.566194,2,34.656500,22.400000,1.200000,1.993500
37,-73.494391,1.094750,1.000000,0.632371,0,0.295339,4.700000,4.600000,1.321590
38,-91.740827,0.556158,0.481620,0.000000,36,178.183000,48.800000,10.300000,0.759470
39,-93.631710,1.793739,0.099088,1.137202,49,99.325800,40.500000,5.200000,1.701180
40,-70.000000,1.462242,0.000000,2.266437,6,5.587520,4.000000,3.600000,1.414010
41,-94.928198,0.096005,0.864693,1.868141,27,20.428600,15.100000,0.300000,0.404148
42,-74.206235,1.094750,1.000000,0.077844,7,7.134980,6.600000,6.500000,1.617330
43,-72.890606,2.989651,0.173717,0.033945,1,9.580190,6.200000,5.900000,0.219755
44,-75.691286,1.094750,0.000000,0.077844,0,4.316970,4.200000,3.900000,0.056923
45,-94.801408,0.096005,0.287333,0.000363,0,33.210600,22.300000,1.100000,0.156146
46,-75.585541,0.318849,0.979145,1.346318,0,6.808340,4.800000,4.200000,1.652500
47,-73.327210,1.462242,0.000000,2.266437,6,6.509420,5.400000,5.000000,1.975330
48,-75.749043,1.094750,0.000000,0.226247,0,3.501310,3.200000,2.900000,0.093931
49,-70.000000,1.462242,0.720125,0.000000,3,1.419070,4.100000,4.000000,0.560106
50,-94.948480,0.096005,0.268685,1.424152,29,18.825100,14.300000,0.200000,0.191337
51,-92.079559,0.556158,0.477373,0.000000,30,144.310000,47.300000,8.100000,0.664746
52,-70.000000,1.462242,0.720125,2.266437,1,0.751722,3.200000,3.100000,1.712480
54,-71.018921,1.094750,1.000000,0.077844,5,7.454950,5.300000,4.900000,1.045980
55,-91.200149,1.179783,0.136864,0.000000,34,180.040000,48.900000,10.300000,0.152649
56,-93.798869,0.556158,0.426710,0.460645,17,93.709100,39.300000,4.900000,1.195630
57,-94.952390,0.096005,0.398521,0.000000,2,18.231600,14.000000,0.200000,0.012172
58,-74.834704,0.318849,0.979145,1.346318,4,2.073070,4.600000,4.200000,1.402290
59,-94.425526,0.096005,0.306119,0.000000,17,62.932800,32.100000,3.000000,0.300127
60,-92.236765,1.094750,0.217374,0.000000,18,151.742000,48.000000,8.500000,0.336378
61,-94.701967,0.096005,0.197043,4.077981,0,31.420700,20.000000,1.000000,1.674980
62,-94.486809,0.556158,0.426710,0.856276,23,26.699700,16.600000,0.700000,0.352618
63,-71.201675,1.462242,0.000000,1.036680,2,0.564911,3.900000,3.700000,0.675874
64,-73.637996,1.094750,1.000000,0.077844,7,4.968730,6.400000,6.400000,1.660760
65,-92.604984,0.556158,1.000000,0.136798,18,135.690000,46.900000,7.600000,1.825680
66,-94.915507,0.556158,0.000000,0.000000,39,16.878500,11.400000,0.100000,0.000814
67,-70.175287,1.462242,1.000000,2.266437,5,0.100585,3.500000,3.300000,1.753980
68,-94.101878,0.556158,0.982660,0.021981,45,65.413300,33.200000,3.100000,1.180620
69,-94.854047,0.096005,0.398521,0.000000,1,29.869700,19.100000,0.900000,0.180251
70,-92.740642,0.556158,0.825396,0.000000,21,132.996000,46.600000,7.400000,1.300740
71,-74.118269,1.094750,1.000000,0.318268,2,8.477530,5.900000,5.800000,1.729010
72,-94.530277,0.556158,0.158201,0.000000,9,30.026900,19.200000,0.900000,0.059349
73,-94.590758,0.096005,1.000000,0.338904,3,39.400500,22.600000,1.500000,0.828448
74,-90.140919,0.556158,0.477373,0.305890,45,197.170000,49.000000,11.500000,1.247620
75,-94.249968,0.556158,0.897157,0.000000,9,73.503100,36.000000,3.600000,1.272670
76,-94.608555,0.096005,1.000000,0.252918,15,50.258300,29.100000,2.200000,0.962301
77,-94.215091,0.556158,0.897157,0.175505,19,73.188200,35.400000,3.600000,1.596810
78,-93.508238,0.556158,0.091804,0.856276,15,106.658000,41.600000,5.700000,1.407720
79,-74.404911,1.094750,1.000000,0.000000,0,2.782100,3.400000,3.200000,0.439611
80,-74.232711,1.094750,0.000000,0.077844,3,2.685850,4.200000,4.000000,0.060956
81,-92.668651,0.556158,0.825396,0.000000,21,129.784000,45.700000,7.200000,1.411110
82,-94.350497,0.096005,0.398521,0.000000,6,67.727200,33.700000,3.300000,0.480360
83,-75.121193,1.094750,1.000000,0.318268,0,7.277910,6.800000,6.800000,1.770530
84,-94.484703,0.096005,0.398521,0.000000,6,53.450800,30.000000,2.400000,0.330789
85,-92.964387,1.462242,0.720125,0.000000,16,120.024000,44.200000,6.500000,1.055720
86,-75.719830,1.094750,1.000000,0.000000,0,2.933790,4.700000,4.400000,0.708003
87,-75.287829,0.318849,0.979145,1.346318,0,4.237510,5.600000,5.200000,1.999310
88,-93.875000,0.556158,1.000000,0.079290,10,88.903800,38.000000,4.600000,1.413030
89,-93.019507,1.094750,0.217374,0.318268,9,114.831000,42.200000,6.200000,0.970172
90,-92.574995,0.556158,1.000000,0.136798,30,116.814000,42.700000,6.400000,1.800690
91,-74.187151,1.094750,0.000000,0.000005,2,2.115810,3.700000,3.400000,0.002045
92,-92.178572,0.556158,0.825396,0.000000,17,161.105000,48.100000,9.200000,1.425900
93,-93.701825,0.556158,0.158201,0.014418,7,93.994900,40.300000,4.900000,0.249083
94,-74.500051,1.094750,1.000000,0.125940,0,4.610500,6.700000,6.700000,1.630720
95,-74.994534,1.094750,0.000000,0.077844,0,3.253240,4.300000,4.000000,0.055765
96,-74.436773,0.318849,0.979145,1.346318,2,3.347660,4.600000,4.100000,1.786400
97,-94.384486,0.096005,0.439784,0.000000,5,62.939500,32.200000,3.000000,0.409227
98,-92.883010,0.096005,0.526151,0.000000,32,123.397000,44.900000,6.900000,0.803722
99,-93.889895,0.096005,0.306119,0.000000,24,92.882100,38.500000,4.900000,0.394287
