[INFO][6] Cantidad de iteraciones: 3000
[INFO][2] Cantidad de iteraciones: 3000
[INFO][4] Cantidad de iteraciones: 3000
[INFO][5] Cantidad de iteraciones: 3000
[INFO][1] Cantidad de iteraciones: 3000
[INFO][8] Cantidad de iteraciones: 3000
[INFO][3] Cantidad de iteraciones: 3000
[INFO][7] Cantidad de iteraciones: 3000

id,borders_threshold,margin_forwarding,min_delay,max_delay,neighbors_threshold,energy,coverage,nforwardings,time
0,-94.156021,0.550852,0.030380,0.895087,0,90.448700,59.600000,4.700000,1.179360
1,-92.995720,1.805959,0.441681,3.123919,18,142.473000,72.200000,7.900000,6.376140
2,-91.011463,1.716620,0.000000,1.535521,33,191.435000,74.000000,11.000000,1.907500
3,-94.370836,0.550852,0.000000,1.452605,0,76.667100,52.300000,3.800000,1.839160
4,-94.394288,0.550852,0.030380,0.775130,0,55.869900,41.200000,2.500000,0.940826
5,-94.272363,0.550852,0.030380,0.939246,0,81.261800,55.500000,4.100000,1.488630
6,-76.413741,0.803411,0.836441,0.134357,1,9.231980,8.700000,8.100000,1.339030
7,-94.499633,0.550852,0.000000,1.907619,9,46.225000,38.100000,1.900000,1.186510
8,-94.014987,0.550852,0.000000,0.948318,0,66.356900,47.800000,3.200000,0.902628
9,-94.138050,0.550852,0.138808,1.056919,0,79.109600,52.600000,4.000000,1.728260
10,-94.506298,0.550852,0.372536,1.811300,1,41.418800,36.000000,1.600000,1.159100
11,-94.691252,0.755178,0.184132,3.155061,8,22.234900,26.800000,0.400000,0.645096
12,-94.422415,0.550852,0.020098,0.926883,0,43.065000,36.400000,1.700000,0.930146
13,-93.880011,1.339634,0.186247,1.523268,24,55.981100,41.300000,2.500000,1.315040
14,-94.988793,0.109189,0.000000,3.131179,18,17.275700,19.200000,0.100000,0.290380
15,-95.000000,0.109189,0.426298,3.879586,10,15.743300,17.800000,0.000000,0.000787
16,-94.448277,0.550852,0.000000,1.452605,0,44.668600,37.300000,1.800000,1.280560
17,-94.361027,0.550852,0.000000,1.811300,7,57.475300,43.400000,2.600000,1.795940
18,-94.618141,1.805959,0.441681,3.104855,20,28.799600,30.500000,0.800000,1.142860
19,-94.690984,1.805959,0.405607,3.110633,12,25.595500,29.300000,0.600000,0.846868
20,-94.756703,0.550852,0.521467,2.605099,0,20.608100,22.800000,0.300000,0.560060
21,-94.142374,1.339634,0.186247,1.508279,28,59.192100,45.300000,2.700000,1.599840
22,-92.071851,1.339634,0.069496,1.428908,10,175.353000,73.800000,10.100000,1.864290
23,-94.898238,0.109189,0.949295,3.879586,0,22.004800,24.600000,0.400000,1.099050
24,-94.263529,0.550852,0.138808,1.152966,0,86.039000,58.800000,4.400000,1.553500
25,-94.692997,0.550852,0.138808,1.832791,9,23.796100,27.400000,0.500000,0.416069
26,-94.023746,0.550852,0.030380,0.895087,0,101.214000,62.300000,5.400000,1.360620
27,-94.599237,1.805959,0.441681,3.123919,20,33.605800,31.300000,1.100000,1.834540
28,-94.939451,0.109189,0.434894,3.765566,5,18.858800,21.000000,0.200000,0.639375
29,-92.831638,1.716620,0.000000,1.248361,22,140.896000,68.700000,7.800000,1.929920
30,-92.526588,2.413806,0.460917,0.000000,11,169.809000,73.300000,9.600000,0.599772
31,-94.893811,0.109189,0.000000,3.131179,18,20.406200,21.200000,0.300000,0.537225
32,-94.283249,0.550852,0.009107,1.452605,0,63.498600,45.500000,3.000000,1.640340
33,-94.566281,0.550852,0.102027,1.419403,0,33.480200,30.800000,1.100000,0.813341
34,-94.214899,0.550852,0.040743,1.120625,0,66.634100,48.400000,3.200000,1.103410
35,-94.500385,0.550852,0.000000,1.811300,12,47.827000,38.600000,2.000000,1.079490
36,-94.539327,0.550852,0.000000,1.907619,10,38.214700,33.500000,1.400000,1.020700
37,-94.534381,0.550852,0.000000,1.811300,11,36.612600,33.000000,1.300000,1.006050
38,-94.331052,0.550852,0.030380,0.939246,0,57.371100,43.000000,2.600000,0.775094
39,-92.850931,1.716620,0.000000,1.248361,19,137.731000,67.900000,7.600000,1.665110
40,-94.308693,0.550852,0.000000,1.452605,0,68.526800,48.700000,3.300000,1.791490
41,-92.129583,1.339634,0.069496,1.428908,10,169.559000,73.000000,9.700000,1.880610
42,-94.062459,0.550852,0.000000,0.943966,0,64.832400,47.100000,3.100000,0.857170
43,-94.182228,0.550852,0.000000,1.329912,0,71.344000,48.900000,3.500000,1.315290
44,-94.965617,0.550852,0.521467,2.642924,0,17.403900,19.300000,0.100000,0.249165
45,-94.320102,1.339634,0.186247,1.489308,20,52.783800,40.800000,2.300000,1.419930
46,-94.563034,1.805959,0.464339,3.115287,8,32.003700,30.600000,1.000000,1.278200
47,-94.257171,0.550852,0.138808,1.152966,0,84.373100,58.700000,4.300000,1.372590
48,-94.407788,0.550852,0.000000,1.329912,0,49.473600,39.400000,2.100000,1.244340
49,-94.188662,0.550852,0.020098,0.926883,0,76.206700,52.100000,3.800000,1.064220
50,-94.284008,0.550852,0.000000,1.354921,0,81.040400,54.000000,4.100000,1.882740
51,-93.832742,0.550852,0.138808,0.895087,0,107.679000,62.700000,5.900000,1.716340
52,-94.379420,0.550852,0.041388,1.120625,0,50.977500,39.900000,2.200000,1.166410
53,-94.190742,0.550852,0.030380,0.890008,0,77.789000,52.500000,3.900000,1.022340
54,-93.854914,0.550852,0.040743,1.120625,0,109.305000,64.900000,6.000000,1.898760
55,-94.830158,0.550852,0.521467,2.642924,0,19.006000,21.100000,0.200000,0.456479
56,-93.219706,0.550852,0.040743,1.120625,0,126.969000,65.100000,7.400000,1.922500
57,-94.899203,0.109189,0.578800,3.765566,0,22.009100,24.900000,0.400000,1.004530
58,-93.242076,1.716620,0.000000,1.248361,20,129.718000,67.300000,7.100000,1.945000
59,-94.376758,0.550852,0.041388,1.120625,0,81.375700,56.500000,4.100000,1.666500
60,-94.216661,0.550852,0.020098,0.926883,0,79.467400,53.300000,4.000000,1.134720
61,-94.543825,0.550852,0.002759,1.126369,0,39.888500,33.700000,1.500000,0.829792
63,-94.252399,0.550852,0.138808,1.328369,0,71.723500,51.700000,3.500000,1.686670
64,-94.263491,0.550852,0.157861,1.181999,0,79.682000,53.700000,4.000000,1.499330
66,-93.982955,0.550852,0.000000,0.943966,0,66.321700,47.600000,3.200000,1.005120
67,-91.429493,1.716620,0.000000,1.319911,24,182.428000,73.900000,10.400000,1.625500
