[INFO][2] Cantidad de iteraciones: 3000
[INFO][1] Cantidad de iteraciones: 3000
[INFO][7] Cantidad de iteraciones: 3000
[INFO][8] Cantidad de iteraciones: 3000
[INFO][6] Cantidad de iteraciones: 3000
[INFO][4] Cantidad de iteraciones: 3000
[INFO][5] Cantidad de iteraciones: 3000
[INFO][3] Cantidad de iteraciones: 3000

id,borders_threshold,margin_forwarding,min_delay,max_delay,neighbors_threshold,energy,coverage,nforwardings,time
0,-86.663954,1.901947,0.000000,0.245814,31,184.098000,23.200000,11.200000,0.445531
2,-72.035680,0.877167,0.658773,5.000000,0,0.959407,2.400000,2.000000,1.933220
3,-78.797709,1.901947,0.000000,0.667473,38,296.944000,24.000000,19.300000,1.235450
4,-94.568805,2.387033,0.000000,2.137505,50,30.439100,10.200000,0.900000,0.640062
5,-86.444866,2.222871,0.293976,0.578349,30,183.896000,23.700000,11.400000,1.387130
6,-94.314217,0.147360,0.000000,0.000000,40,49.593000,13.300000,2.200000,0.001969
7,-94.996532,0.147360,0.601682,0.876873,36,14.896300,4.800000,0.000000,0.000736
8,-92.185794,2.527015,0.000000,1.105508,17,78.484400,16.700000,3.900000,1.386080
9,-94.313648,1.387831,0.000000,2.232844,22,27.146300,9.500000,0.700000,0.487500
10,-73.044252,0.877167,0.658773,4.745458,0,10.661100,2.700000,2.300000,2.494150
11,-79.652134,0.148137,0.000000,2.255346,1,14.074900,3.300000,2.700000,1.307550
12,-87.707122,1.809082,0.155814,1.805789,24,171.025000,22.700000,10.500000,4.036070
13,-87.485134,1.901947,0.028530,0.245814,28,163.241000,22.100000,9.900000,0.502155
14,-91.992735,1.387831,0.000000,1.644732,30,84.131100,17.700000,4.300000,1.937140
15,-92.108545,2.527015,0.000000,1.105508,29,80.063400,16.800000,4.000000,1.470950
16,-88.936332,1.901947,0.036239,0.245814,28,156.455000,21.600000,8.900000,0.434251
17,-73.104926,0.877167,0.680558,5.000000,0,7.565530,2.500000,2.100000,1.844300
18,-92.443082,1.901947,0.173081,0.754888,22,71.375800,15.800000,3.500000,0.974881
19,-94.535690,0.147360,0.000000,0.000000,25,44.966000,12.700000,1.900000,0.001969
20,-94.629328,1.387831,0.000000,2.232844,22,23.506900,8.700000,0.500000,0.307648
21,-94.094134,1.387831,0.000000,1.418319,30,26.887900,9.300000,0.700000,0.321132
22,-77.233787,0.148137,0.698957,2.255346,2,12.297400,2.600000,2.100000,1.228510
23,-74.262752,0.732724,0.274920,3.265035,0,3.831260,2.500000,2.500000,1.609600
24,-90.288048,1.809082,0.234651,0.773255,15,125.079000,20.500000,6.900000,1.443110
25,-75.345781,0.148137,0.000000,2.308538,0,9.532440,2.900000,2.600000,1.015860
26,-74.278874,0.732724,0.274920,3.300939,2,5.845770,2.500000,2.400000,1.353690
27,-75.119991,0.877167,0.658773,4.745458,0,11.076300,3.400000,2.900000,1.961910
28,-94.256960,1.517469,0.355084,2.342561,43,22.327300,8.100000,0.700000,0.950777
29,-73.471365,0.732724,0.000000,4.462396,0,2.932000,2.000000,1.700000,1.476510
30,-87.897643,1.387831,1.000000,0.286903,27,150.883000,21.200000,9.100000,1.994880
31,-72.320469,0.732724,0.274920,4.462396,0,5.207980,2.800000,2.500000,1.800620
32,-90.881343,1.387831,0.000000,0.655435,22,110.309000,20.300000,6.000000,0.904013
33,-93.624410,2.222871,0.293976,0.000000,30,40.011500,11.700000,1.500000,0.215221
34,-94.875896,0.147360,0.000000,0.000000,30,16.438400,5.300000,0.100000,0.000814
35,-88.116209,0.147360,0.000000,0.876873,37,158.122000,22.600000,10.100000,1.925740
36,-90.989800,1.387831,0.000000,0.655435,24,109.005000,19.600000,5.900000,0.788139
37,-94.626049,1.387831,0.000000,1.418319,36,16.797900,6.800000,0.100000,0.059953
38,-94.837540,0.147360,0.114273,0.876873,48,32.888400,10.400000,1.200000,0.679397
39,-94.651456,0.147360,0.000000,0.000000,31,45.047100,13.000000,1.900000,0.002046
40,-92.294766,2.222871,0.293976,0.578349,23,94.405600,18.900000,4.900000,1.466610
41,-94.110031,0.147360,0.027631,0.876873,40,51.800700,13.700000,2.300000,0.816337
42,-73.327151,0.732724,0.000000,4.833398,0,6.036210,2.100000,1.600000,0.776277
43,-87.700866,2.222871,0.293976,0.578349,30,154.491000,21.700000,9.300000,1.730940
44,-72.480720,0.732724,0.274920,4.611438,0,0.721846,2.400000,2.100000,1.546560
45,-94.617807,2.387033,0.000000,2.137505,50,23.847100,9.000000,0.500000,0.294575
46,-90.369420,1.387831,0.000000,0.286903,26,132.792000,20.800000,7.500000,0.545137
47,-93.354540,0.147360,0.000000,0.664918,44,63.544300,14.800000,3.100000,0.646682
48,-94.404313,1.387831,0.000000,1.418319,35,18.399900,7.600000,0.200000,0.075479
49,-92.742528,1.387831,0.000000,1.558302,37,78.094000,16.700000,4.000000,1.819660
50,-74.766016,0.877167,0.658773,4.745458,0,10.451400,3.300000,2.800000,1.998980
51,-87.464294,1.901947,0.036239,0.245814,29,161.556000,21.900000,9.800000,0.491099
52,-93.551843,2.222871,0.293976,0.578349,31,44.817700,12.100000,1.800000,0.582971
53,-72.259534,0.732724,0.000000,4.462396,2,5.713820,2.900000,2.700000,1.638970
54,-92.258949,1.387831,0.000000,1.644732,27,84.173200,18.100000,4.300000,1.812520
55,-94.856589,0.147360,0.601682,0.876873,26,19.096000,7.700000,0.300000,0.227619
56,-93.249727,0.147360,0.011305,0.141496,47,68.572400,15.400000,3.500000,0.167320
57,-94.088846,0.147360,0.114273,0.876873,46,42.339800,11.900000,1.800000,0.778838
58,-87.789743,0.147360,0.000000,0.876873,37,177.905000,23.100000,11.300000,1.765060
59,-94.539521,0.147360,0.000000,2.323303,38,39.263500,11.500000,1.600000,1.734950
60,-94.855194,0.147360,0.601682,0.876873,38,20.681300,7.900000,0.400000,0.280482
61,-77.213664,0.148137,0.314069,2.255346,2,12.721700,2.700000,2.200000,1.134370
62,-87.446590,2.527015,0.222165,1.105508,20,150.726000,21.100000,9.000000,1.530100
63,-93.912370,0.147360,0.601682,0.876873,22,38.527800,11.000000,1.500000,0.927702
64,-92.242123,2.527015,0.000000,1.105508,16,76.494900,16.500000,3.800000,1.391690
65,-77.087306,0.148137,1.000000,2.255346,0,14.311700,3.000000,2.500000,1.770640
66,-79.540782,0.148137,0.314069,1.642316,0,12.659900,2.900000,2.400000,1.301150
67,-94.550810,0.147360,1.000000,1.209121,35,39.321000,11.800000,1.600000,1.663550
68,-72.425661,0.732724,0.274920,2.949793,2,6.301330,3.200000,3.100000,1.980790
69,-94.566173,0.147360,0.601682,0.876873,33,37.432600,10.900000,1.400000,0.856438
70,-86.586103,1.901947,0.036239,0.777607,30,180.042000,23.000000,11.100000,1.490500
71,-73.522396,0.732724,0.274920,5.000000,0,5.833000,2.300000,1.900000,1.822880
72,-74.497222,0.877167,0.000000,4.745458,1,0.571701,1.800000,1.600000,0.765680
73,-92.799403,2.527015,0.119887,1.105508,8,63.723900,14.300000,3.000000,1.414890
74,-92.753832,1.809082,0.155814,0.759811,27,72.631500,16.100000,3.600000,0.862486
75,-93.136971,0.147360,0.601682,1.111917,42,62.513000,14.400000,3.100000,1.726380
76,-93.546841,2.527015,1.000000,1.095423,28,36.205100,10.700000,1.300000,1.048010
77,-92.916230,1.639957,0.512486,0.693708,42,65.076500,14.900000,3.100000,1.155430
78,-72.455626,0.732724,1.000000,4.984382,0,4.633300,2.200000,1.800000,1.796110
79,-92.785628,1.809082,0.155814,0.759811,32,73.359000,16.400000,3.600000,1.063410
80,-91.823188,1.901947,0.036239,1.181906,24,82.697900,17.600000,4.200000,1.502590
81,-77.867083,0.148137,0.698957,2.255346,0,14.175100,2.800000,2.200000,1.595110
82,-92.930060,1.901947,0.000000,0.209260,17,81.149500,17.400000,4.100000,0.231000
83,-94.131830,0.147360,0.601682,0.793384,43,39.151900,11.300000,1.600000,0.973582
84,-94.278379,0.147360,0.753506,0.876873,35,39.052100,11.200000,1.600000,1.143410
85,-94.116391,0.147360,0.601682,0.689468,34,43.932300,12.200000,1.900000,1.031400
86,-92.435121,1.639957,0.512486,0.693708,50,81.093300,17.300000,4.100000,1.376640
87,-86.471012,2.527015,0.000000,1.105508,34,193.606000,23.800000,12.000000,1.989740
88,-94.308888,0.147360,0.601682,0.793384,32,53.043400,14.100000,2.400000,1.338230
89,-79.097674,0.148137,0.000000,2.308538,0,12.450100,2.800000,2.300000,1.227930
90,-72.842798,0.732724,0.274920,3.105984,2,5.762280,3.200000,3.200000,1.813000
91,-94.489798,1.387831,0.000000,2.232844,24,25.544200,9.200000,0.600000,0.470391
92,-75.777535,0.148137,0.000000,2.255346,2,12.330800,3.100000,2.700000,0.858160
93,-94.690125,0.147360,0.198631,0.452582,44,34.390200,10.500000,1.200000,0.355865
94,-75.071860,0.877167,0.680558,1.762199,0,13.430100,3.500000,3.000000,1.536560
95,-93.037263,1.901947,0.173081,0.754888,21,69.679400,15.500000,3.400000,0.906114
96,-75.843663,0.148137,0.000000,2.255346,1,11.085000,3.000000,2.600000,1.072660
97,-94.085025,1.387831,0.000000,2.048133,41,28.490000,9.900000,0.800000,0.628444
98,-94.307026,0.147360,0.601682,1.044099,40,51.337600,13.600000,2.300000,1.544090
99,-91.689485,1.901947,0.036239,1.181906,25,89.150300,18.600000,4.600000,1.665900
