[INFO][8] Cantidad de iteraciones: 3000
[INFO][4] Cantidad de iteraciones: 3000
[INFO][6] Cantidad de iteraciones: 3000
[INFO][2] Cantidad de iteraciones: 3000
[INFO][1] Cantidad de iteraciones: 3000
[INFO][7] Cantidad de iteraciones: 3000
[INFO][5] Cantidad de iteraciones: 3000
[INFO][3] Cantidad de iteraciones: 3000

id,borders_threshold,margin_forwarding,min_delay,max_delay,neighbors_threshold,energy,coverage,nforwardings,time
0,-70.576183,2.484207,0.701135,4.648265,0,11.728000,2.600000,2.200000,3.512850
1,-87.838819,1.741799,0.281588,0.669308,20,160.944000,21.800000,9.800000,1.699990
2,-94.539102,0.409756,0.134151,0.711360,28,34.391700,10.700000,1.300000,0.417273
3,-87.273624,2.678558,0.882863,4.070656,14,153.493000,21.400000,8.700000,8.208930
4,-92.963439,1.741799,0.421888,0.609537,0,65.388200,15.000000,3.100000,1.266250
5,-94.567451,0.409756,0.143271,0.712837,31,37.271100,11.200000,1.400000,0.638323
6,-92.927526,1.741799,0.268957,0.485353,2,68.501000,15.800000,3.300000,0.913645
7,-94.603987,0.409756,0.134151,0.712837,33,24.855900,9.200000,0.600000,0.216395
8,-93.085462,0.409756,0.134151,0.791321,43,65.289900,15.500000,3.200000,0.856389
9,-94.573333,0.864319,0.000000,4.209436,29,21.837600,7.700000,0.400000,0.546820
10,-92.859185,0.409756,0.000000,1.210727,31,62.656400,14.900000,3.000000,1.003790
11,-94.305739,0.409756,0.847371,1.210727,38,45.313100,13.000000,1.900000,1.726510
12,-94.514808,0.864319,0.586601,5.000000,20,27.167800,9.800000,0.700000,1.772330
13,-93.176246,0.409756,0.134151,0.791321,42,73.170900,16.400000,3.700000,1.087380
14,-92.992579,2.622059,0.518303,1.392647,35,59.074600,13.800000,2.700000,1.431920
15,-94.219146,1.741799,0.286485,1.080285,6,18.560000,7.600000,0.200000,0.099930
16,-93.896008,1.741799,0.022793,0.000000,4,38.361300,11.400000,1.400000,0.014108
17,-89.576088,1.741799,0.000000,0.669308,16,151.134000,21.000000,8.600000,1.122830
18,-93.458994,1.741799,0.281588,0.669308,24,52.777300,13.700000,2.300000,0.885307
19,-93.795145,2.048355,0.000000,1.495458,7,51.265900,13.100000,2.200000,1.310560
20,-94.574406,1.741799,0.003006,0.669308,14,16.958000,6.800000,0.100000,0.028895
21,-70.000000,2.484207,0.000000,4.648265,0,4.153390,2.500000,2.200000,1.616470
22,-94.348367,0.409756,0.739387,1.182539,29,40.962500,11.700000,1.600000,1.380990
23,-84.062943,2.899117,0.143466,4.349829,46,234.949000,23.800000,13.900000,5.840230
24,-91.639935,1.741799,0.000000,1.640454,15,97.278900,18.500000,5.100000,1.972830
25,-94.053004,0.409756,0.739387,1.210727,35,43.462100,12.000000,1.800000,1.479760
26,-94.084417,1.151864,0.000000,2.634192,50,35.080700,10.300000,1.200000,1.293500
27,-70.654035,2.484207,0.000000,4.508153,0,10.634900,3.600000,3.400000,1.093070
28,-94.906886,0.409756,0.739387,1.210727,40,15.104200,4.800000,0.000000,0.000736
29,-94.271136,0.409756,0.847371,1.210727,41,44.948400,12.400000,1.900000,1.640010
30,-70.748944,2.484207,0.000000,4.508153,2,14.288700,4.500000,4.200000,1.693150
31,-94.790255,0.409756,0.739387,1.210727,37,16.706300,5.300000,0.100000,0.116349
32,-92.670257,1.741799,0.000000,0.330991,0,77.477900,17.000000,3.900000,0.369418
33,-86.372587,1.741799,0.281588,0.669308,20,184.703000,23.400000,11.600000,1.575870
34,-91.557376,2.484207,0.000000,0.247189,11,103.575000,18.800000,5.500000,0.419225
35,-93.013901,1.741799,0.169014,0.609537,0,93.884400,18.300000,4.900000,1.177270
36,-72.323468,2.484207,0.701135,2.286548,1,10.833300,2.900000,2.800000,1.126980
37,-94.137891,1.741799,0.286485,1.024808,6,26.958700,9.300000,0.700000,0.380202
38,-70.000000,2.484207,0.701135,2.214324,0,6.706090,3.800000,3.500000,1.498100
39,-93.037256,1.741799,0.421888,0.708895,0,67.995800,15.600000,3.300000,1.117660
40,-90.186425,1.741799,0.281588,0.669308,11,134.500000,20.900000,7.500000,1.670520
41,-90.797720,1.741799,0.000000,0.669308,15,109.362000,19.300000,5.900000,0.948457
42,-94.572992,0.409756,0.134151,0.711360,24,30.858500,10.100000,1.000000,0.439439
43,-73.255089,2.484207,0.701135,2.286548,0,11.689800,2.000000,1.900000,1.378520
44,-70.000000,2.484207,0.000000,4.287713,0,2.803590,3.200000,2.900000,1.604960
45,-92.854124,0.409756,0.158850,0.791321,30,77.768100,17.300000,4.000000,1.198860
46,-87.570634,0.409756,0.353703,0.791321,40,167.546000,23.200000,10.700000,1.837010
47,-70.000000,2.484207,0.019523,4.508153,0,7.015760,2.700000,2.500000,1.818150
48,-90.847327,1.741799,0.000000,0.669308,15,110.852000,20.300000,6.000000,0.942327
49,-94.616140,1.151864,0.000000,2.634192,41,23.596300,9.000000,0.500000,0.362748
50,-90.297457,1.741799,0.281588,0.669308,21,118.753000,20.600000,6.500000,1.417920
51,-87.085516,2.484207,0.443495,0.533856,8,187.299000,23.700000,11.400000,1.893240
52,-92.909352,0.409756,0.158850,0.791321,32,73.469700,16.800000,3.700000,1.242580
53,-91.440418,1.741799,0.421888,0.609537,18,102.115000,18.700000,5.400000,1.624280
54,-94.636143,0.409756,0.134151,0.711360,34,17.581600,6.900000,0.200000,0.074499
55,-94.611582,0.409756,0.134151,0.711360,34,22.772900,8.700000,0.500000,0.194150
56,-87.919599,1.741799,0.281588,0.669308,19,171.963000,22.600000,10.500000,1.821250
57,-70.000000,2.484207,0.701135,0.000000,0,2.687980,2.200000,2.000000,0.173474
58,-93.094628,0.409756,0.134151,0.791321,41,62.290700,14.400000,3.000000,0.792166
59,-77.997458,2.484207,0.443495,0.533856,18,288.049000,24.000000,18.900000,1.744490
60,-94.297424,1.151864,0.000000,2.634192,41,27.107700,9.500000,0.700000,0.574915
61,-92.790442,1.741799,0.421888,0.609537,0,76.235000,16.900000,3.800000,1.388820
62,-92.317411,2.048355,1.000000,0.000000,12,62.079200,14.100000,2.900000,0.886958
63,-91.573415,1.741799,0.146842,0.669308,19,87.679600,17.800000,4.500000,1.081270
64,-92.826172,0.409756,0.134151,0.791321,42,78.918400,17.700000,4.100000,1.093360
65,-92.633129,0.409756,0.134151,0.711360,47,71.247700,16.300000,3.600000,1.066990
66,-92.247156,1.741799,0.000000,1.640454,14,90.822400,18.200000,4.700000,1.913440
67,-88.809041,0.409756,0.353703,0.551786,32,148.681000,21.000000,8.800000,1.643010
68,-93.029597,0.409756,0.000000,1.210727,30,62.582800,14.700000,3.000000,1.003900
69,-70.476585,2.484207,0.000000,4.287713,0,7.740400,3.300000,3.000000,0.637591
70,-93.660435,0.409756,0.353703,0.791321,41,44.340300,12.200000,1.900000,0.902198
71,-71.179607,2.484207,0.000000,4.287713,0,10.314200,3.500000,3.200000,0.855306
72,-92.649946,0.409756,0.134156,0.710554,34,68.358800,15.700000,3.400000,1.109160
