[INFO][5] Cantidad de iteraciones: 3000
[INFO][3] Cantidad de iteraciones: 3000
[INFO][4] Cantidad de iteraciones: 3000
[INFO][2] Cantidad de iteraciones: 3000
[INFO][7] Cantidad de iteraciones: 3000
[INFO][1] Cantidad de iteraciones: 3000
[INFO][8] Cantidad de iteraciones: 3000
[INFO][6] Cantidad de iteraciones: 3000

id,borders_threshold,margin_forwarding,min_delay,max_delay,neighbors_threshold,energy,coverage,nforwardings,time
0,-90.943225,0.123554,0.951192,0.000000,47,179.095000,49.000000,10.600000,1.469040
1,-94.279568,0.123554,0.674581,0.000000,34,82.281400,35.000000,4.200000,0.786771
2,-74.964789,0.383342,0.167655,0.000000,6,1.607220,2.500000,2.300000,0.079739
3,-76.658550,0.383342,0.409164,1.362514,0,11.480200,4.400000,3.400000,1.395930
4,-76.537298,0.383342,0.000000,1.237189,3,10.647300,6.100000,5.200000,1.812630
5,-94.031742,0.123554,0.598829,0.000000,34,94.433600,40.500000,5.000000,0.883116
6,-94.524747,1.687563,0.475221,0.650388,0,25.439200,16.200000,0.600000,0.285972
7,-72.536577,0.383342,0.417847,1.346063,6,5.818840,4.500000,3.800000,1.178180
8,-94.576270,0.382880,1.000000,0.000000,38,44.503500,24.300000,1.800000,0.705031
9,-74.152465,0.383342,0.359798,1.347157,0,0.554863,4.100000,3.900000,1.642870
10,-77.080496,0.383342,0.000000,1.510803,0,8.941150,5.500000,4.800000,1.667200
11,-75.404081,0.383342,0.359798,1.347157,0,7.466100,4.600000,4.000000,1.517080
12,-73.114364,0.383342,0.167655,1.536048,7,1.572550,5.500000,5.000000,1.567220
13,-70.286356,0.901292,0.462019,4.759957,7,7.302220,6.100000,5.600000,3.746680
14,-76.793383,0.383342,0.000000,0.570882,0,4.831100,6.800000,6.100000,0.734975
15,-75.416743,0.383342,0.409164,1.167880,1,4.436900,3.400000,3.000000,1.269640
16,-92.360856,0.123554,0.136979,0.000000,27,147.226000,46.700000,8.400000,0.263859
17,-91.896907,0.383342,0.329769,0.095082,24,155.005000,48.000000,8.900000,0.822909
18,-74.548370,0.383342,0.359798,1.105284,0,0.708366,4.700000,4.300000,1.437580
19,-94.946442,0.123554,0.000000,0.000000,14,18.262000,14.000000,0.200000,0.000956
20,-73.822394,0.123554,0.882141,0.823307,5,0.065536,3.500000,3.200000,1.358850
22,-76.400514,0.383342,0.365539,1.605553,0,12.793200,5.400000,4.400000,1.792690
23,-75.836979,0.383342,0.167655,0.676710,0,6.548960,7.000000,6.600000,1.056440
24,-94.661911,0.382880,1.000000,0.000000,19,28.260700,18.000000,0.800000,0.291490
25,-94.201982,0.383342,0.405873,0.080667,22,64.854100,32.600000,3.100000,0.567797
26,-92.579178,2.712127,0.045706,0.449555,47,150.594000,47.100000,8.400000,0.957561
27,-76.779337,0.383342,0.000000,0.866965,0,8.238690,6.600000,5.800000,1.060320
28,-71.598739,0.383342,0.747249,1.334242,6,4.515290,4.900000,4.100000,1.302910
29,-92.417639,2.712127,0.903446,0.152982,39,132.971000,45.400000,7.300000,1.518430
30,-74.410431,0.383342,0.409164,1.362514,3,0.321901,4.000000,3.800000,1.496010
31,-75.377740,0.383342,0.167655,1.510803,2,0.737560,5.300000,4.800000,1.805710
32,-75.648351,0.383342,0.417847,1.346063,5,8.359380,4.900000,4.000000,1.444590
33,-72.973993,0.383342,0.359798,1.347157,5,3.735870,5.900000,5.600000,1.690070
34,-72.956167,0.383342,0.000000,1.103455,5,5.892670,7.600000,7.100000,1.743370
35,-75.628716,0.123554,0.000000,3.695787,0,5.659910,4.000000,3.200000,1.569340
36,-75.016400,0.383342,0.365539,1.605553,2,2.090260,3.900000,3.400000,1.364030
37,-94.429058,0.123554,1.000000,0.000000,34,47.217000,27.200000,2.000000,0.681616
38,-94.342166,0.760195,1.000000,4.104244,25,26.801700,16.600000,0.700000,1.373310
39,-75.385054,0.383342,0.488240,1.362514,1,0.389265,3.700000,3.300000,1.281400
40,-94.395070,0.123554,0.123010,0.000000,16,61.213400,31.500000,2.900000,0.107703
41,-76.748449,0.383342,0.000000,0.570882,1,4.509300,6.800000,6.200000,0.742038
42,-70.000000,0.383342,0.359798,1.105284,6,2.776650,4.500000,4.000000,1.054010
43,-77.280732,0.383342,0.000000,0.866965,3,14.798100,8.100000,7.300000,1.707550
44,-70.853871,2.744354,0.349314,2.702306,6,1.155820,4.300000,4.000000,1.866600
45,-95.000000,0.123554,0.212069,0.000000,9,15.147900,11.000000,0.000000,0.000737
46,-92.455549,0.123554,0.588368,0.000000,35,127.161000,45.100000,7.100000,0.689816
47,-76.481956,0.383342,0.417847,1.346063,0,11.408500,4.500000,3.500000,1.628010
48,-77.368439,0.383342,0.016668,1.237189,1,11.396700,5.700000,4.900000,1.604550
49,-77.800787,0.383342,0.000000,0.866965,0,11.407300,7.300000,6.000000,1.445730
50,-94.906444,0.123554,1.000000,1.231747,11,18.849900,14.300000,0.200000,0.228304
51,-76.488730,0.383342,0.380196,1.381098,0,11.571100,4.600000,3.500000,1.388650
52,-94.540662,2.370955,0.615470,5.000000,28,23.905400,16.000000,0.500000,1.017140
53,-71.238997,0.383342,0.417847,1.346063,6,3.839500,4.500000,3.900000,1.324260
54,-94.054694,0.383342,1.000000,0.000000,0,83.836000,35.800000,4.400000,1.320220
55,-77.887908,0.383342,0.000000,1.362514,0,13.359000,5.600000,4.600000,1.106860
56,-93.965236,0.123554,0.598829,0.000000,24,89.533500,38.800000,4.700000,0.844415
57,-76.280494,0.383342,0.365539,1.605553,0,3.577590,4.100000,3.500000,1.378050
58,-72.818305,0.383342,0.648177,0.095082,5,0.782057,5.100000,4.600000,0.633276
59,-73.708563,0.123554,0.882141,0.823307,4,0.275146,3.400000,3.100000,1.358850
60,-75.412899,0.383342,0.417847,1.346063,5,5.105290,4.200000,3.400000,1.138800
61,-93.505052,0.123554,1.000000,0.000000,40,119.289000,43.300000,6.600000,1.603460
62,-74.159078,0.383342,0.359798,1.347157,6,1.628270,5.500000,4.900000,1.985110
63,-75.667905,0.383342,0.401632,1.362514,0,3.101420,3.600000,3.200000,1.332910
64,-74.658906,0.383342,0.393143,1.536048,0,0.225710,4.600000,4.200000,1.887750
65,-94.496902,0.123554,0.123010,0.000000,11,54.985900,28.100000,2.500000,0.109557
66,-92.983205,0.382880,0.760840,0.212503,32,123.455000,44.700000,6.800000,1.631790
67,-73.604290,0.383342,0.167655,1.536048,7,9.069450,7.500000,6.800000,1.963250
68,-92.005713,0.123554,0.598829,0.000000,28,166.159000,48.900000,9.700000,0.695399
69,-75.593159,0.383342,0.365539,1.605553,0,7.138670,4.300000,3.500000,1.566160
70,-75.801975,0.383342,0.000000,1.510803,5,2.845390,3.800000,3.300000,1.143980
71,-75.128875,0.383342,0.359798,1.103455,0,5.559280,5.300000,4.700000,1.685630
72,-72.309267,0.123554,1.000000,2.955710,5,1.370360,1.800000,1.800000,0.796645
73,-74.649903,0.123554,0.757860,2.955710,3,0.705398,2.800000,2.700000,1.861070
74,-94.415283,0.123554,0.598829,0.000000,24,45.457600,25.900000,1.900000,0.350055
75,-76.605681,0.383342,0.000000,1.510803,0,5.905150,6.700000,6.000000,1.674230
76,-94.748978,0.123554,1.000000,0.000000,43,39.348300,23.100000,1.500000,0.782358
77,-75.646626,0.383342,0.409164,1.362514,0,0.284716,4.900000,4.600000,1.497160
78,-70.111200,2.744354,0.216701,2.702306,0,0.006112,3.700000,3.500000,1.832260
79,-74.548531,0.123554,0.882141,0.823307,2,0.036791,3.200000,2.900000,1.037570
80,-75.900795,0.383342,0.329769,0.204264,2,3.988930,6.900000,6.600000,0.717576
81,-94.818450,0.123554,0.123010,0.000000,11,29.905700,19.100000,0.900000,0.058871
82,-92.723451,0.123554,0.598829,0.000000,26,131.890000,46.200000,7.400000,0.711761
83,-74.854818,0.383342,0.407935,0.095082,0,0.665689,5.200000,5.200000,0.489965
84,-73.973504,0.383342,0.000000,0.570882,5,2.751790,4.000000,3.400000,0.330658
85,-75.121417,0.383342,0.253948,0.000000,0,1.934050,3.500000,3.100000,0.191830
86,-76.666608,0.383342,0.167655,1.362514,0,11.645300,4.500000,3.400000,1.290280
87,-94.893944,0.123554,0.598829,0.000000,23,21.681900,15.600000,0.400000,0.077084
88,-94.164462,0.383342,0.000000,1.473807,19,69.973600,34.500000,3.400000,1.182650
89,-75.707229,0.123554,1.000000,0.000000,0,2.600620,2.900000,2.500000,0.422009
90,-76.023893,0.383342,0.016668,1.237189,1,3.476440,5.800000,5.200000,1.535110
91,-75.373732,0.123554,0.000000,3.695787,0,4.197170,3.800000,3.200000,1.740200
92,-74.055861,0.383342,0.000000,1.237189,4,0.334859,4.200000,4.000000,1.041620
93,-74.901823,0.123554,0.926614,0.823307,1,0.193333,3.300000,3.000000,1.150860
94,-75.546304,0.383342,0.319255,1.605553,0,1.275130,5.000000,4.300000,1.863660
95,-94.774710,0.123554,0.123010,0.000000,13,33.258500,22.300000,1.100000,0.067207
96,-75.452880,0.383342,0.202694,1.347157,0,0.407712,3.800000,3.400000,1.268930
97,-94.802110,0.123554,1.000000,0.000000,11,28.182600,17.900000,0.800000,0.262495
98,-94.880776,0.382880,0.000000,0.000000,7,16.781600,11.400000,0.100000,0.000814
99,-76.118710,0.383342,0.393143,1.536048,0,6.887980,5.200000,4.600000,1.767880
