++ cd /home/clusterusers/siturriaga/itu-maestria/trunk/aedb-mls
++ ITERATIONS=250
++ THREADS=12
++ INSTANCE=50
++ SIMULS=10
++ export LD_LIBRARY_PATH=:/home/clusterusers/siturriaga/ns3Files
++ LD_LIBRARY_PATH=:/home/clusterusers/siturriaga/ns3Files
++ /home/users/siturriaga/bin/mpich2-1.4.1p1/bin/mpiexec -launcher ssh -launcher-exec oarsh -f /var/lib/oar/2643575 -np 9 -ppn 1 bin/mls.rand_elite 3054 250 12 10 50
[DEBUG] argc = 6
[DEBUG] argc = 6
===========================================================
Configuración
===========================================================
   Random seed        = 3054
   MPI size           = 9
   MLS.count_threads  = 12
   MLS.max_iterations = 250
[DEBUG] argc = 6
   MLS.number_devices = 50
   MLS.simul_runs     = 10
   MLS.init           = MLS__RANDOM
===========================================================
[DEBUG] argc = 6
[DEBUG] argc = 6
[DEBUG] argc = 6
[DEBUG] argc = 6
[DEBUG] argc = 6
[DEBUG] argc = 6
[DEBUG][2] Thread 0 starting solution:
-> borders_threshold   : -93.0751
   margin_forwarding   : 2.9072
   min_delay           : 0.1897
   max_delay           : 2.9593
   neighbors_threshold : 42
   energy              : 89.7154
   coverage            : 33.0000
   nforwardings        : 4.6000
   time                : 2.9590
[DEBUG][4] Thread 0 starting solution:
-> borders_threshold   : -81.1271
   margin_forwarding   : 1.6134
   min_delay           : 0.7461
   max_delay           : 3.1113
   neighbors_threshold : 21
   energy              : 421.9030
   coverage            : 49.0000
   nforwardings        : 25.6000
   time                : 5.3356
[DEBUG][1] Thread 0 starting solution:
-> borders_threshold   : -89.9107
   margin_forwarding   : 0.3674
   min_delay           : 0.5569
   max_delay           : 4.9632
   neighbors_threshold : 44
   energy              : 190.4610
   coverage            : 47.1000
   nforwardings        : 11.1000
   time                : 7.1738
[DEBUG][5] Thread 0 starting solution:
-> borders_threshold   : -76.0791
   margin_forwarding   : 0.6145
   min_delay           : 0.8422
   max_delay           : 3.3597
   neighbors_threshold : 43
   energy              : 564.8420
   coverage            : 49.0000
   nforwardings        : 35.0000
   time                : 6.0190
[DEBUG][3] Thread 0 starting solution:
-> borders_threshold   : -76.7014
   margin_forwarding   : 1.4247
   min_delay           : 0.2571
   max_delay           : 3.5873
   neighbors_threshold : 19
   energy              : 524.2350
   coverage            : 49.0000
   nforwardings        : 34.4000
   time                : 4.6247
[INFO][AGA] Kaput!
[INFO] AGA information ============================================ 
[INFO] Population count: 79
[INFO] Population:
(0) borders_threshold   = -92.73
     margin_forwarding   = 0.26
     min_delay           = 0.33
     max_delay           = 0.75
     neighbors_threshold = 25
     energy              = 134.64
     coverage            = 46.40 (0.02)
     nforwardings        = 7.60
     time                = 1.67
0,-92.728821,0.261811,0.334892,0.752469,25,134.638000,46.400000,7.600000,1.668830
(1) borders_threshold   = -94.66
     margin_forwarding   = 0.44
     min_delay           = 0.84
     max_delay           = 1.07
     neighbors_threshold = 0
     energy              = 20.15
     coverage            = 13.80 (0.07)
     nforwardings        = 0.30
     time                = 0.28
1,-94.661795,0.443720,0.836549,1.068163,0,20.145400,13.800000,0.300000,0.280901
(2) borders_threshold   = -92.56
     margin_forwarding   = 0.26
     min_delay           = 0.07
     max_delay           = 0.75
     neighbors_threshold = 27
     energy              = 145.33
     coverage            = 47.20 (0.02)
     nforwardings        = 8.20
     time                = 1.10
2,-92.564906,0.261811,0.073462,0.752469,27,145.327000,47.200000,8.200000,1.104150
(3) borders_threshold   = -94.40
     margin_forwarding   = 0.26
     min_delay           = 0.00
     max_delay           = 1.51
     neighbors_threshold = 14
     energy              = 58.61
     coverage            = 30.70 (0.03)
     nforwardings        = 2.70
     time                = 1.40
3,-94.402636,0.261811,0.000000,1.510290,14,58.614200,30.700000,2.700000,1.397800
(4) borders_threshold   = -93.59
     margin_forwarding   = 1.14
     min_delay           = 0.85
     max_delay           = 0.00
     neighbors_threshold = 30
     energy              = 81.55
     coverage            = 35.80 (0.03)
     nforwardings        = 4.10
     time                = 0.95
4,-93.592294,1.144062,0.850683,0.000000,30,81.548400,35.800000,4.100000,0.945629
(5) borders_threshold   = -94.37
     margin_forwarding   = 0.26
     min_delay           = 0.41
     max_delay           = 0.00
     neighbors_threshold = 10
     energy              = 52.13
     coverage            = 29.70 (0.03)
     nforwardings        = 2.30
     time                = 0.26
5,-94.371395,0.261811,0.412776,0.000000,10,52.130700,29.700000,2.300000,0.264268
(6) borders_threshold   = -94.41
     margin_forwarding   = 0.26
     min_delay           = 0.00
     max_delay           = 1.53
     neighbors_threshold = 16
     energy              = 44.31
     coverage            = 25.80 (0.04)
     nforwardings        = 1.80
     time                = 0.86
6,-94.412469,0.261811,0.000000,1.525937,16,44.314500,25.800000,1.800000,0.864398
(7) borders_threshold   = -94.32
     margin_forwarding   = 0.26
     min_delay           = 0.53
     max_delay           = 0.00
     neighbors_threshold = 19
     energy              = 61.70
     coverage            = 32.10 (0.03)
     nforwardings        = 2.90
     time                = 0.49
7,-94.320454,0.261811,0.530884,0.000000,19,61.696900,32.100000,2.900000,0.485439
(8) borders_threshold   = -94.67
     margin_forwarding   = 0.26
     min_delay           = 0.56
     max_delay           = 0.00
     neighbors_threshold = 0
     energy              = 41.46
     coverage            = 25.00 (0.04)
     nforwardings        = 1.60
     time                = 0.34
8,-94.673336,0.261811,0.559025,0.000000,0,41.461700,25.000000,1.600000,0.339937
(9) borders_threshold   = -92.92
     margin_forwarding   = 0.26
     min_delay           = 0.19
     max_delay           = 0.00
     neighbors_threshold = 24
     energy              = 139.84
     coverage            = 46.90 (0.02)
     nforwardings        = 7.90
     time                = 0.30
9,-92.919567,0.261811,0.187920,0.000000,24,139.839000,46.900000,7.900000,0.301563
(10) borders_threshold   = -94.76
     margin_forwarding   = 0.26
     min_delay           = 0.14
     max_delay           = 1.87
     neighbors_threshold = 18
     energy              = 20.38
     coverage            = 14.50 (0.07)
     nforwardings        = 0.30
     time                = 0.37
10,-94.760402,0.261811,0.143823,1.874576,18,20.384800,14.500000,0.300000,0.365517
(11) borders_threshold   = -94.91
     margin_forwarding   = 0.26
     min_delay           = 0.02
     max_delay           = 0.00
     neighbors_threshold = 17
     energy              = 16.70
     coverage            = 11.40 (0.09)
     nforwardings        = 0.10
     time                = 0.00
11,-94.905589,0.261811,0.023607,0.000000,17,16.698500,11.400000,0.100000,0.002085
(12) borders_threshold   = -95.00
     margin_forwarding   = 0.26
     min_delay           = 0.00
     max_delay           = 1.14
     neighbors_threshold = 37
     energy              = 15.24
     coverage            = 11.00 (0.09)
     nforwardings        = 0.00
     time                = 0.00
12,-95.000000,0.261811,0.000000,1.144348,37,15.237800,11.000000,0.000000,0.000737
(13) borders_threshold   = -92.27
     margin_forwarding   = 0.26
     min_delay           = 0.07
     max_delay           = 0.75
     neighbors_threshold = 30
     energy              = 153.84
     coverage            = 48.30 (0.02)
     nforwardings        = 8.80
     time                = 1.46
13,-92.273019,0.261811,0.073462,0.752469,30,153.836000,48.300000,8.800000,1.456890
(14) borders_threshold   = -76.30
     margin_forwarding   = 0.97
     min_delay           = 0.90
     max_delay           = 4.09
     neighbors_threshold = 3
     energy              = 9.84
     coverage            = 3.30 (0.30)
     nforwardings        = 2.80
     time                = 3.27
14,-76.301865,0.968006,0.904092,4.093471,3,9.837130,3.300000,2.800000,3.266590
(15) borders_threshold   = -94.72
     margin_forwarding   = 0.26
     min_delay           = 1.00
     max_delay           = 0.75
     neighbors_threshold = 25
     energy              = 33.15
     coverage            = 19.90 (0.05)
     nforwardings        = 1.10
     time                = 0.89
15,-94.716585,0.261811,1.000000,0.752469,25,33.148500,19.900000,1.100000,0.894420
(16) borders_threshold   = -94.62
     margin_forwarding   = 0.26
     min_delay           = 0.56
     max_delay           = 0.10
     neighbors_threshold = 0
     energy              = 36.66
     coverage            = 22.30 (0.04)
     nforwardings        = 1.30
     time                = 0.39
16,-94.623516,0.261811,0.559025,0.100226,0,36.658700,22.300000,1.300000,0.390556
(17) borders_threshold   = -94.76
     margin_forwarding   = 0.26
     min_delay           = 0.04
     max_delay           = 1.14
     neighbors_threshold = 34
     energy              = 21.80
     coverage            = 15.20 (0.07)
     nforwardings        = 0.40
     time                = 0.37
17,-94.762566,0.261811,0.044721,1.144348,34,21.797200,15.200000,0.400000,0.366607
(18) borders_threshold   = -94.39
     margin_forwarding   = 0.26
     min_delay           = 0.03
     max_delay           = 0.00
     neighbors_threshold = 18
     energy              = 71.76
     coverage            = 35.70 (0.03)
     nforwardings        = 3.50
     time                = 0.05
18,-94.392401,0.261811,0.032842,0.001568,18,71.761800,35.700000,3.500000,0.052443
(19) borders_threshold   = -94.40
     margin_forwarding   = 0.26
     min_delay           = 0.58
     max_delay           = 0.16
     neighbors_threshold = 5
     energy              = 67.98
     coverage            = 34.00 (0.03)
     nforwardings        = 3.30
     time                = 0.77
19,-94.403957,0.261811,0.576961,0.159565,5,67.984900,34.000000,3.300000,0.773618
(20) borders_threshold   = -93.24
     margin_forwarding   = 1.14
     min_delay           = 0.19
     max_delay           = 0.00
     neighbors_threshold = 31
     energy              = 106.87
     coverage            = 40.90 (0.02)
     nforwardings        = 5.70
     time                = 0.26
20,-93.238966,1.144062,0.191447,0.000000,31,106.872000,40.900000,5.700000,0.264738
(21) borders_threshold   = -94.80
     margin_forwarding   = 0.26
     min_delay           = 0.04
     max_delay           = 1.14
     neighbors_threshold = 35
     energy              = 18.67
     coverage            = 13.70 (0.07)
     nforwardings        = 0.20
     time                = 0.21
21,-94.799403,0.261811,0.044721,1.144348,35,18.667400,13.700000,0.200000,0.212107
(22) borders_threshold   = -94.45
     margin_forwarding   = 0.26
     min_delay           = 0.63
     max_delay           = 0.00
     neighbors_threshold = 2
     energy              = 48.94
     coverage            = 28.10 (0.04)
     nforwardings        = 2.10
     time                = 0.43
22,-94.445104,0.261811,0.629728,0.000000,2,48.938800,28.100000,2.100000,0.433566
(23) borders_threshold   = -94.68
     margin_forwarding   = 0.26
     min_delay           = 0.64
     max_delay           = 0.00
     neighbors_threshold = 1
     energy              = 31.64
     coverage            = 19.80 (0.05)
     nforwardings        = 1.00
     time                = 0.39
23,-94.684472,0.261811,0.642856,0.000000,1,31.641600,19.800000,1.000000,0.394888
(24) borders_threshold   = -94.49
     margin_forwarding   = 0.26
     min_delay           = 0.58
     max_delay           = 0.16
     neighbors_threshold = 0
     energy              = 48.87
     coverage            = 27.50 (0.04)
     nforwardings        = 2.10
     time                = 0.58
24,-94.487209,0.261811,0.576961,0.159565,0,48.874000,27.500000,2.100000,0.582717
(25) borders_threshold   = -94.51
     margin_forwarding   = 1.14
     min_delay           = 0.71
     max_delay           = 0.00
     neighbors_threshold = 41
     energy              = 28.61
     coverage            = 18.30 (0.05)
     nforwardings        = 0.80
     time                = 0.27
25,-94.511473,1.144062,0.710999,0.000000,41,28.615000,18.300000,0.800000,0.272795
(26) borders_threshold   = -91.37
     margin_forwarding   = 0.26
     min_delay           = 0.19
     max_delay           = 1.14
     neighbors_threshold = 22
     energy              = 164.10
     coverage            = 48.80 (0.02)
     nforwardings        = 9.50
     time                = 1.61
26,-91.368002,0.261811,0.189111,1.144348,22,164.100000,48.800000,9.500000,1.608440
(27) borders_threshold   = -94.32
     margin_forwarding   = 0.26
     min_delay           = 0.34
     max_delay           = 0.00
     neighbors_threshold = 8
     energy              = 63.47
     coverage            = 33.20 (0.03)
     nforwardings        = 3.00
     time                = 0.40
27,-94.317311,0.261811,0.343184,0.000000,8,63.468200,33.200000,3.000000,0.396704
(28) borders_threshold   = -91.39
     margin_forwarding   = 0.26
     min_delay           = 0.07
     max_delay           = 0.75
     neighbors_threshold = 29
     energy              = 170.69
     coverage            = 48.90 (0.02)
     nforwardings        = 9.90
     time                = 1.46
28,-91.385308,0.261811,0.073462,0.752469,29,170.689000,48.900000,9.900000,1.460430
(29) borders_threshold   = -94.73
     margin_forwarding   = 0.26
     min_delay           = 0.00
     max_delay           = 1.51
     neighbors_threshold = 7
     energy              = 23.43
     coverage            = 15.80 (0.06)
     nforwardings        = 0.50
     time                = 0.55
29,-94.734774,0.261811,0.000000,1.510290,7,23.432300,15.800000,0.500000,0.547419
(30) borders_threshold   = -94.85
     margin_forwarding   = 0.26
     min_delay           = 0.03
     max_delay           = 1.14
     neighbors_threshold = 34
     energy              = 18.43
     coverage            = 12.40 (0.08)
     nforwardings        = 0.20
     time                = 0.08
30,-94.850083,0.261811,0.027306,1.144348,34,18.429200,12.400000,0.200000,0.081308
(31) borders_threshold   = -94.37
     margin_forwarding   = 0.26
     min_delay           = 0.63
     max_delay           = 0.00
     neighbors_threshold = 3
     energy              = 59.90
     coverage            = 31.20 (0.03)
     nforwardings        = 2.80
     time                = 0.62
31,-94.367926,0.261811,0.629728,0.000000,3,59.898800,31.200000,2.800000,0.616604
(32) borders_threshold   = -94.73
     margin_forwarding   = 0.26
     min_delay           = 0.61
     max_delay           = 0.28
     neighbors_threshold = 2
     energy              = 30.14
     coverage            = 19.40 (0.05)
     nforwardings        = 0.90
     time                = 0.45
32,-94.732737,0.261811,0.607553,0.278465,2,30.139100,19.400000,0.900000,0.448868
(33) borders_threshold   = -94.72
     margin_forwarding   = 0.26
     min_delay           = 0.19
     max_delay           = 0.00
     neighbors_threshold = 8
     energy              = 28.45
     coverage            = 18.10 (0.06)
     nforwardings        = 0.80
     time                = 0.05
33,-94.721196,0.261811,0.191062,0.000000,8,28.445800,18.100000,0.800000,0.047116
(34) borders_threshold   = -94.45
     margin_forwarding   = 0.26
     min_delay           = 0.63
     max_delay           = 0.00
     neighbors_threshold = 1
     energy              = 50.45
     coverage            = 28.60 (0.03)
     nforwardings        = 2.20
     time                = 0.51
34,-94.447253,0.261811,0.629728,0.000000,1,50.454900,28.600000,2.200000,0.508039
(35) borders_threshold   = -94.73
     margin_forwarding   = 0.26
     min_delay           = 1.00
     max_delay           = 1.51
     neighbors_threshold = 9
     energy              = 23.24
     coverage            = 15.70 (0.06)
     nforwardings        = 0.50
     time                = 0.68
35,-94.734445,0.261811,1.000000,1.510290,9,23.242500,15.700000,0.500000,0.681628
(36) borders_threshold   = -93.58
     margin_forwarding   = 1.14
     min_delay           = 0.19
     max_delay           = 0.00
     neighbors_threshold = 36
     energy              = 89.67
     coverage            = 39.50 (0.03)
     nforwardings        = 4.60
     time                = 0.20
36,-93.578704,1.144062,0.191447,0.000000,36,89.671400,39.500000,4.600000,0.196345
(37) borders_threshold   = -94.81
     margin_forwarding   = 0.26
     min_delay           = 0.08
     max_delay           = 1.14
     neighbors_threshold = 28
     energy              = 18.44
     coverage            = 13.40 (0.07)
     nforwardings        = 0.20
     time                = 0.07
37,-94.811275,0.261811,0.081777,1.144348,28,18.436600,13.400000,0.200000,0.069996
(38) borders_threshold   = -94.74
     margin_forwarding   = 0.26
     min_delay           = 0.06
     max_delay           = 0.98
     neighbors_threshold = 3
     energy              = 26.75
     coverage            = 17.70 (0.06)
     nforwardings        = 0.70
     time                = 0.51
38,-94.735842,0.261811,0.064465,0.979437,3,26.753500,17.700000,0.700000,0.513166
(39) borders_threshold   = -94.18
     margin_forwarding   = 2.45
     min_delay           = 0.49
     max_delay           = 0.08
     neighbors_threshold = 0
     energy              = 30.44
     coverage            = 19.50 (0.05)
     nforwardings        = 0.90
     time                = 0.18
39,-94.184143,2.451381,0.489223,0.077220,0,30.439100,19.500000,0.900000,0.182053
(40) borders_threshold   = -94.40
     margin_forwarding   = 0.26
     min_delay           = 0.63
     max_delay           = 0.00
     neighbors_threshold = 5
     energy              = 52.13
     coverage            = 30.00 (0.03)
     nforwardings        = 2.30
     time                = 0.44
40,-94.397770,0.261811,0.629728,0.000000,5,52.133900,30.000000,2.300000,0.444218
(42) borders_threshold   = -93.93
     margin_forwarding   = 0.26
     min_delay           = 0.54
     max_delay           = 0.00
     neighbors_threshold = 14
     energy              = 94.89
     coverage            = 40.00 (0.03)
     nforwardings        = 5.00
     time                = 0.73
42,-93.929632,0.261811,0.543177,0.000000,14,94.892200,40.000000,5.000000,0.730726
(43) borders_threshold   = -94.57
     margin_forwarding   = 1.14
     min_delay           = 1.00
     max_delay           = 0.13
     neighbors_threshold = 30
     energy              = 24.03
     coverage            = 16.10 (0.06)
     nforwardings        = 0.50
     time                = 0.23
43,-94.573051,1.144062,1.000000,0.132617,30,24.027200,16.100000,0.500000,0.228923
(44) borders_threshold   = -94.79
     margin_forwarding   = 0.26
     min_delay           = 0.03
     max_delay           = 1.14
     neighbors_threshold = 25
     energy              = 20.42
     coverage            = 15.00 (0.07)
     nforwardings        = 0.30
     time                = 0.31
44,-94.785449,0.261811,0.027306,1.144348,25,20.416300,15.000000,0.300000,0.313309
(45) borders_threshold   = -92.61
     margin_forwarding   = 1.22
     min_delay           = 0.00
     max_delay           = 0.32
     neighbors_threshold = 16
     energy              = 135.75
     coverage            = 46.10 (0.02)
     nforwardings        = 7.50
     time                = 0.49
45,-92.605427,1.217901,0.000000,0.319549,16,135.746000,46.100000,7.500000,0.488641
(46) borders_threshold   = -94.42
     margin_forwarding   = 0.26
     min_delay           = 0.53
     max_delay           = 0.07
     neighbors_threshold = 23
     energy              = 50.66
     coverage            = 28.70 (0.03)
     nforwardings        = 2.20
     time                = 0.50
46,-94.416499,0.261811,0.530884,0.072355,23,50.657800,28.700000,2.200000,0.498365
(47) borders_threshold   = -94.55
     margin_forwarding   = 1.02
     min_delay           = 0.12
     max_delay           = 4.88
     neighbors_threshold = 34
     energy              = 23.75
     coverage            = 16.00 (0.06)
     nforwardings        = 0.50
     time                = 0.99
47,-94.545147,1.016952,0.117103,4.877414,34,23.749200,16.000000,0.500000,0.992330
(48) borders_threshold   = -91.04
     margin_forwarding   = 1.22
     min_delay           = 0.00
     max_delay           = 1.29
     neighbors_threshold = 27
     energy              = 178.32
     coverage            = 49.00 (0.02)
     nforwardings        = 10.20
     time                = 1.60
48,-91.035439,1.217901,0.000000,1.285757,27,178.317000,49.000000,10.200000,1.602980
(49) borders_threshold   = -93.36
     margin_forwarding   = 0.26
     min_delay           = 0.19
     max_delay           = 1.14
     neighbors_threshold = 16
     energy              = 117.64
     coverage            = 44.70 (0.02)
     nforwardings        = 6.50
     time                = 1.87
49,-93.359690,0.261811,0.189111,1.144348,16,117.641000,44.700000,6.500000,1.870730
(50) borders_threshold   = -94.72
     margin_forwarding   = 0.26
     min_delay           = 0.19
     max_delay           = 0.16
     neighbors_threshold = 15
     energy              = 33.41
     coverage            = 22.10 (0.05)
     nforwardings        = 1.10
     time                = 0.18
50,-94.721532,0.261811,0.191062,0.159848,15,33.410500,22.100000,1.100000,0.180638
(51) borders_threshold   = -94.61
     margin_forwarding   = 0.26
     min_delay           = 0.52
     max_delay           = 0.00
     neighbors_threshold = 17
     energy              = 42.92
     coverage            = 25.20 (0.04)
     nforwardings        = 1.70
     time                = 0.36
51,-94.605616,0.261811,0.519280,0.000000,17,42.923700,25.200000,1.700000,0.359534
(52) borders_threshold   = -94.64
     margin_forwarding   = 0.26
     min_delay           = 0.64
     max_delay           = 0.00
     neighbors_threshold = 1
     energy              = 33.22
     coverage            = 20.70 (0.05)
     nforwardings        = 1.10
     time                = 0.40
52,-94.644197,0.261811,0.642856,0.000000,1,33.221900,20.700000,1.100000,0.403538
(53) borders_threshold   = -91.83
     margin_forwarding   = 0.26
     min_delay           = 0.19
     max_delay           = 1.14
     neighbors_threshold = 20
     energy              = 150.44
     coverage            = 47.50 (0.02)
     nforwardings        = 8.60
     time                = 1.72
53,-91.832591,0.261811,0.189111,1.144348,20,150.438000,47.500000,8.600000,1.722540
(54) borders_threshold   = -93.31
     margin_forwarding   = 2.45
     min_delay           = 0.98
     max_delay           = 0.00
     neighbors_threshold = 0
     energy              = 116.95
     coverage            = 43.50 (0.02)
     nforwardings        = 6.30
     time                = 1.44
54,-93.309541,2.451381,0.975395,0.000000,0,116.950000,43.500000,6.300000,1.444520
(55) borders_threshold   = -93.91
     margin_forwarding   = 0.26
     min_delay           = 0.57
     max_delay           = 0.00
     neighbors_threshold = 23
     energy              = 94.54
     coverage            = 39.90 (0.03)
     nforwardings        = 5.00
     time                = 0.71
55,-93.909829,0.261811,0.574523,0.000000,23,94.543900,39.900000,5.000000,0.706084
(56) borders_threshold   = -94.43
     margin_forwarding   = 0.26
     min_delay           = 0.00
     max_delay           = 1.51
     neighbors_threshold = 14
     energy              = 45.91
     coverage            = 26.90 (0.04)
     nforwardings        = 1.90
     time                = 1.00
56,-94.427842,0.261811,0.000000,1.510290,14,45.906300,26.900000,1.900000,0.997036
(57) borders_threshold   = -94.40
     margin_forwarding   = 0.26
     min_delay           = 0.57
     max_delay           = 0.07
     neighbors_threshold = 16
     energy              = 53.79
     coverage            = 30.60 (0.03)
     nforwardings        = 2.40
     time                = 0.52
57,-94.400536,0.261811,0.574523,0.072355,16,53.790800,30.600000,2.400000,0.516663
(58) borders_threshold   = -94.08
     margin_forwarding   = 1.14
     min_delay           = 0.19
     max_delay           = 0.00
     neighbors_threshold = 44
     energy              = 36.79
     coverage            = 24.10 (0.04)
     nforwardings        = 1.30
     time                = 0.13
58,-94.078355,1.144062,0.191447,0.000000,44,36.791400,24.100000,1.300000,0.126077
(59) borders_threshold   = -94.21
     margin_forwarding   = 0.26
     min_delay           = 0.52
     max_delay           = 0.00
     neighbors_threshold = 9
     energy              = 61.54
     coverage            = 31.50 (0.03)
     nforwardings        = 2.90
     time                = 0.47
59,-94.209345,0.261811,0.518262,0.000000,9,61.539000,31.500000,2.900000,0.465003
(60) borders_threshold   = -93.64
     margin_forwarding   = 0.26
     min_delay           = 0.02
     max_delay           = 1.03
     neighbors_threshold = 26
     energy              = 96.50
     coverage            = 40.30 (0.02)
     nforwardings        = 5.10
     time                = 1.35
60,-93.643977,0.261811,0.020107,1.030377,26,96.499000,40.300000,5.100000,1.353950
(61) borders_threshold   = -93.31
     margin_forwarding   = 1.14
     min_delay           = 0.77
     max_delay           = 0.00
     neighbors_threshold = 37
     energy              = 108.78
     coverage            = 41.80 (0.02)
     nforwardings        = 5.80
     time                = 1.10
61,-93.306186,1.144062,0.770796,0.000000,37,108.784000,41.800000,5.800000,1.102330
(62) borders_threshold   = -94.38
     margin_forwarding   = 0.26
     min_delay           = 0.52
     max_delay           = 0.00
     neighbors_threshold = 9
     energy              = 52.10
     coverage            = 29.60 (0.03)
     nforwardings        = 2.30
     time                = 0.36
62,-94.384551,0.261811,0.518262,0.000000,9,52.101200,29.600000,2.300000,0.361639
(63) borders_threshold   = -94.61
     margin_forwarding   = 0.26
     min_delay           = 1.00
     max_delay           = 0.00
     neighbors_threshold = 5
     energy              = 39.86
     coverage            = 24.60 (0.04)
     nforwardings        = 1.50
     time                = 0.70
63,-94.611665,0.261811,1.000000,0.000000,5,39.857600,24.600000,1.500000,0.704741
(64) borders_threshold   = -94.03
     margin_forwarding   = 0.26
     min_delay           = 0.57
     max_delay           = 0.00
     neighbors_threshold = 24
     energy              = 82.29
     coverage            = 36.90 (0.03)
     nforwardings        = 4.20
     time                = 0.66
64,-94.025193,0.261811,0.574523,0.000000,24,82.291200,36.900000,4.200000,0.662220
(65) borders_threshold   = -94.36
     margin_forwarding   = 0.26
     min_delay           = 0.58
     max_delay           = 0.16
     neighbors_threshold = 7
     energy              = 53.72
     coverage            = 30.10 (0.03)
     nforwardings        = 2.40
     time                = 0.61
65,-94.363788,0.261811,0.576961,0.159848,7,53.717800,30.100000,2.400000,0.607988
(66) borders_threshold   = -94.37
     margin_forwarding   = 0.26
     min_delay           = 0.58
     max_delay           = 0.16
     neighbors_threshold = 4
     energy              = 66.31
     coverage            = 33.40 (0.03)
     nforwardings        = 3.20
     time                = 0.81
66,-94.366150,0.261811,0.576961,0.159565,4,66.308900,33.400000,3.200000,0.812812
(67) borders_threshold   = -93.15
     margin_forwarding   = 0.26
     min_delay           = 0.19
     max_delay           = 0.00
     neighbors_threshold = 23
     energy              = 108.72
     coverage            = 41.00 (0.02)
     nforwardings        = 5.90
     time                = 0.23
67,-93.153530,0.261811,0.187920,0.000000,23,108.722000,41.000000,5.900000,0.227623
(68) borders_threshold   = -94.29
     margin_forwarding   = 0.26
     min_delay           = 1.00
     max_delay           = 0.23
     neighbors_threshold = 17
     energy              = 63.08
     coverage            = 32.20 (0.03)
     nforwardings        = 3.00
     time                = 1.32
68,-94.287935,0.261811,1.000000,0.231623,17,63.084300,32.200000,3.000000,1.320430
(69) borders_threshold   = -92.89
     margin_forwarding   = 0.26
     min_delay           = 0.19
     max_delay           = 0.00
     neighbors_threshold = 24
     energy              = 135.18
     coverage            = 46.60 (0.02)
     nforwardings        = 7.60
     time                = 0.30
69,-92.890306,0.261811,0.187920,0.000000,24,135.181000,46.600000,7.600000,0.299954
(70) borders_threshold   = -94.38
     margin_forwarding   = 0.26
     min_delay           = 0.58
     max_delay           = 0.16
     neighbors_threshold = 3
     energy              = 69.53
     coverage            = 34.50 (0.03)
     nforwardings        = 3.40
     time                = 0.84
70,-94.383993,0.261811,0.576961,0.159565,3,69.531300,34.500000,3.400000,0.840814
(71) borders_threshold   = -94.56
     margin_forwarding   = 0.44
     min_delay           = 0.75
     max_delay           = 1.07
     neighbors_threshold = 0
     energy              = 25.05
     coverage            = 16.40 (0.06)
     nforwardings        = 0.60
     time                = 0.44
71,-94.559799,0.443720,0.747965,1.068163,0,25.053500,16.400000,0.600000,0.435483
(72) borders_threshold   = -93.99
     margin_forwarding   = 0.26
     min_delay           = 0.57
     max_delay           = 0.00
     neighbors_threshold = 13
     energy              = 86.97
     coverage            = 37.80 (0.03)
     nforwardings        = 4.50
     time                = 0.61
72,-93.988852,0.261811,0.574523,0.000000,13,86.966200,37.800000,4.500000,0.606796
(73) borders_threshold   = -94.71
     margin_forwarding   = 0.26
     min_delay           = 0.32
     max_delay           = 0.00
     neighbors_threshold = 0
     energy              = 39.78
     coverage            = 24.30 (0.04)
     nforwardings        = 1.50
     time                = 0.20
73,-94.712042,0.261811,0.320934,0.000000,0,39.782700,24.300000,1.500000,0.198669
(74) borders_threshold   = -94.37
     margin_forwarding   = 0.26
     min_delay           = 0.53
     max_delay           = 0.07
     neighbors_threshold = 23
     energy              = 53.76
     coverage            = 30.20 (0.03)
     nforwardings        = 2.40
     time                = 0.50
74,-94.368653,0.261811,0.530884,0.072355,23,53.758000,30.200000,2.400000,0.502235
(75) borders_threshold   = -94.69
     margin_forwarding   = 0.26
     min_delay           = 0.32
     max_delay           = 0.00
     neighbors_threshold = 0
     energy              = 41.31
     coverage            = 24.80 (0.04)
     nforwardings        = 1.60
     time                = 0.22
75,-94.690349,0.261811,0.320934,0.000000,0,41.313100,24.800000,1.600000,0.217021
(76) borders_threshold   = -92.90
     margin_forwarding   = 0.26
     min_delay           = 0.00
     max_delay           = 1.01
     neighbors_threshold = 23
     energy              = 130.09
     coverage            = 45.10 (0.02)
     nforwardings        = 7.30
     time                = 1.71
76,-92.903163,0.261811,0.000000,1.014303,23,130.092000,45.100000,7.300000,1.710470
(77) borders_threshold   = -94.03
     margin_forwarding   = 0.26
     min_delay           = 0.54
     max_delay           = 0.00
     neighbors_threshold = 11
     energy              = 82.42
     coverage            = 37.00 (0.03)
     nforwardings        = 4.20
     time                = 0.68
77,-94.029704,0.261811,0.543177,0.000000,11,82.423900,37.000000,4.200000,0.680143
(78) borders_threshold   = -93.12
     margin_forwarding   = 1.14
     min_delay           = 0.85
     max_delay           = 0.00
     neighbors_threshold = 33
     energy              = 110.26
     coverage            = 43.10 (0.02)
     nforwardings        = 5.90
     time                = 1.05
78,-93.121465,1.144062,0.850683,0.000000,33,110.261000,43.100000,5.900000,1.046140
(79) borders_threshold   = -71.38
     margin_forwarding   = 0.97
     min_delay           = 0.90
     max_delay           = 4.09
     neighbors_threshold = 4
     energy              = 0.95
     coverage            = 2.40 (0.42)
     nforwardings        = 2.40
     time                = 1.97
79,-71.380397,0.968006,0.904092,4.093471,4,0.952323,2.400000,2.400000,1.970070

real	188m58.232s
user	159m59.440s
sys	28m40.091s
