[INFO][5] Cantidad de iteraciones: 3000
[INFO][1] Cantidad de iteraciones: 3000
[INFO][3] Cantidad de iteraciones: 3000
[INFO][4] Cantidad de iteraciones: 3000
[INFO][8] Cantidad de iteraciones: 3000
[INFO][2] Cantidad de iteraciones: 3000
[INFO][7] Cantidad de iteraciones: 3000
[INFO][6] Cantidad de iteraciones: 3000

id,borders_threshold,margin_forwarding,min_delay,max_delay,neighbors_threshold,energy,coverage,nforwardings,time
0,-94.018331,0.042649,0.159028,0.804772,46,72.582800,34.300000,3.600000,1.075970
1,-75.665735,0.264416,0.408271,0.453534,5,4.240410,7.000000,6.600000,1.173630
2,-73.802986,0.264416,0.983559,1.150191,3,0.505351,4.100000,3.900000,1.925530
3,-94.748734,0.229812,0.589486,0.564122,41,31.768100,20.600000,1.000000,0.522190
4,-94.783324,0.229812,0.579588,1.566010,43,21.769700,15.200000,0.400000,0.492481
5,-94.551304,1.145277,0.942336,2.726888,26,23.816900,15.600000,0.500000,1.053540
6,-94.461032,0.042649,0.268301,1.664945,44,40.566200,23.300000,1.600000,1.525000
7,-77.487188,0.557255,0.702743,4.502155,5,12.587300,5.600000,4.400000,5.109910
8,-75.538918,0.264416,0.408271,2.756780,3,8.131800,3.800000,3.000000,1.871210
9,-94.505485,0.042649,0.354060,0.790237,46,48.556000,28.800000,2.100000,1.036740
10,-76.017218,0.264416,0.408271,2.863300,7,8.906480,4.800000,4.200000,1.389540
11,-76.033492,0.264416,0.408271,1.119978,0,0.765868,3.700000,3.400000,1.308590
12,-75.920191,0.264416,0.408271,1.197108,3,4.391730,4.200000,3.400000,1.429590
13,-94.785420,0.042649,0.000000,0.000000,50,34.453700,21.000000,1.200000,0.001584
14,-94.766398,0.229812,0.477539,0.998913,43,28.122000,17.100000,0.800000,0.646675
15,-76.089034,0.264416,0.408271,1.228034,0,10.680300,4.700000,4.000000,1.594500
16,-91.709980,1.407617,0.429723,3.229851,12,151.661000,48.200000,8.500000,5.917110
17,-74.907011,0.264416,1.000000,1.119978,0,2.041740,4.600000,4.100000,1.806990
18,-94.567707,1.145277,0.942336,2.896485,14,23.726900,15.400000,0.500000,0.893997
19,-73.553357,1.563829,0.271367,0.000000,5,5.792010,6.500000,5.800000,0.381917
20,-95.000000,0.229812,0.579588,0.000000,40,15.218600,11.000000,0.000000,0.000737
21,-93.847903,0.229812,0.579588,0.000000,42,94.638700,38.800000,5.000000,0.940772
22,-94.881967,0.229812,0.579588,0.638134,50,16.820600,11.100000,0.100000,0.061461
23,-95.000000,0.042649,0.354060,0.000000,49,15.075900,10.900000,0.000000,0.000736
24,-75.850909,0.264416,0.408271,0.336464,0,4.988260,7.100000,6.600000,0.991957
25,-94.588704,0.042649,0.268301,1.688637,46,39.040700,22.800000,1.500000,1.277030
26,-71.740989,0.264416,0.000000,2.012643,7,0.135229,3.300000,3.100000,1.587380
27,-94.494290,2.056163,0.273529,3.576135,0,23.873900,16.000000,0.500000,0.848041
28,-76.216769,0.264416,0.000000,1.256431,0,13.366900,4.800000,4.100000,1.369690
29,-93.919851,0.229812,0.579588,0.638134,49,83.691200,35.700000,4.300000,1.414590
30,-73.841870,0.264416,0.716727,1.228034,5,1.803680,3.800000,3.200000,1.086420
31,-91.550840,0.264416,0.000000,0.427128,27,175.829000,49.000000,10.300000,0.622187
32,-94.012973,0.383166,0.266700,1.272988,37,68.297200,32.500000,3.300000,1.785350
33,-76.166415,0.264416,0.408271,0.453534,4,6.182910,6.900000,6.500000,1.213960
34,-94.552294,0.459218,1.000000,2.877015,27,26.650300,16.200000,0.700000,1.262000
35,-76.849805,0.264416,0.408271,0.382196,0,6.538180,6.600000,5.800000,0.947053
36,-75.432698,0.264416,0.408271,1.184271,3,2.894720,3.300000,2.900000,1.210320
37,-75.864415,0.264416,0.408271,1.201963,6,5.265750,6.100000,5.400000,1.839300
38,-94.768731,0.229812,0.504829,0.601453,41,24.861000,16.100000,0.600000,0.344750
39,-75.884848,0.264416,0.716727,1.228034,0,11.266600,4.400000,3.700000,1.875410
40,-93.275114,0.264416,0.408271,0.453534,9,121.476000,45.000000,6.700000,1.588170
41,-94.793418,0.229812,0.579588,1.566010,48,18.643000,13.700000,0.200000,0.245976
42,-94.652604,0.042649,0.354060,0.790237,43,43.739200,27.500000,1.800000,0.865953
43,-94.851427,0.042649,0.000000,0.306641,47,34.606300,22.200000,1.200000,0.182248
44,-94.177115,0.264416,0.107573,0.713821,23,70.936300,33.200000,3.500000,0.918182
46,-75.476924,0.264416,0.446603,1.197108,1,0.495771,5.500000,4.900000,1.931840
47,-74.999874,0.264416,1.000000,1.228034,0,0.239889,4.800000,4.300000,1.712210
48,-94.275066,0.229812,0.000000,0.870794,39,57.054200,29.600000,2.600000,0.657813
49,-70.000000,1.563829,0.271367,0.000000,0,0.203066,3.100000,3.000000,0.172275
50,-72.501107,0.264416,0.408271,2.012643,6,0.963798,3.300000,3.000000,1.695520
51,-76.740033,0.264416,0.212951,0.555279,4,13.138300,7.800000,7.100000,1.200950
52,-94.815348,0.042649,0.354060,1.664945,43,31.512400,20.500000,1.000000,0.852957
53,-74.524658,0.264416,0.183147,2.012643,3,0.174141,4.700000,4.200000,1.886810
54,-71.713443,0.264416,0.408271,1.386747,5,0.030271,3.700000,3.600000,1.004320
55,-94.843066,0.229812,0.504829,0.637942,41,18.414200,13.400000,0.200000,0.105049
56,-94.151668,0.229812,0.579588,0.638134,49,89.363300,37.500000,4.700000,1.654740
57,-72.371581,0.264416,0.000000,0.416776,7,4.676920,6.300000,6.200000,0.474717
58,-93.812917,0.335591,0.447884,0.000000,42,94.623500,38.700000,5.000000,0.562261
59,-71.274062,0.264416,0.408271,0.834454,5,1.144700,4.100000,3.800000,0.781848
60,-92.468586,0.229812,0.000000,0.638134,33,141.255000,46.800000,8.000000,1.079520
61,-94.968538,0.042649,0.000000,0.756790,46,17.155700,12.700000,0.100000,0.070643
62,-93.585336,0.264416,0.259262,0.637895,26,107.475000,42.400000,5.800000,1.246800
63,-94.915624,0.042649,0.354060,1.664945,40,23.080700,15.300000,0.500000,0.436473
64,-78.170153,0.264416,0.408271,1.386747,0,13.337600,5.300000,4.300000,1.415790
65,-94.767411,0.229812,0.477539,0.941562,47,28.303900,18.500000,0.800000,0.660978
66,-72.730074,0.264416,0.408271,1.208275,6,14.481600,7.700000,6.900000,1.884250
67,-77.022168,0.264416,0.442600,0.453534,0,9.766610,7.400000,6.700000,1.526250
68,-75.874079,0.264416,0.408271,1.403913,0,1.914980,4.900000,4.400000,1.739730
69,-77.452554,0.264416,0.486790,0.828348,4,10.838700,5.400000,4.800000,1.297740
70,-94.505126,0.042649,0.268301,1.688637,44,38.964100,22.500000,1.500000,1.360680
71,-93.532245,0.042649,0.000000,0.804772,42,99.941300,39.600000,5.400000,1.189440
72,-93.960735,0.229812,0.579588,0.638134,48,89.288000,36.100000,4.700000,1.582200
73,-93.258391,0.229812,0.000000,0.638134,31,114.942000,43.300000,6.300000,1.177390
74,-74.500781,1.563829,0.269963,2.135390,0,3.771790,4.600000,3.900000,1.957880
75,-72.252666,0.264416,0.408271,2.863300,5,1.398280,2.800000,2.700000,1.706570
76,-93.171176,0.042649,0.159028,0.804772,46,137.184000,45.400000,7.800000,1.905000
77,-78.271049,0.264416,0.000000,0.453534,0,13.426900,6.900000,5.600000,0.488730
78,-94.778072,0.229812,0.477539,0.941562,46,20.372700,14.500000,0.300000,0.247121
79,-94.928859,0.042649,0.000000,1.664945,41,19.839800,14.200000,0.300000,0.212942
80,-75.835699,0.264416,0.408271,0.834454,2,4.943320,5.700000,5.000000,1.189790
81,-77.445712,0.264416,0.212951,0.555279,1,9.329940,6.800000,6.000000,0.952102
82,-94.382475,0.042649,1.000000,0.395653,36,64.473300,30.200000,3.100000,1.357200
83,-78.036767,0.264416,0.000000,1.150191,0,12.851400,6.200000,5.500000,1.120710
84,-74.383177,0.264416,0.408271,0.637895,6,5.655480,6.400000,6.400000,1.241260
85,-75.825031,0.264416,0.000000,1.132912,0,0.864871,3.800000,3.400000,0.970083
86,-70.000000,1.651771,0.213366,4.728138,6,4.979570,4.700000,4.100000,1.959200
87,-75.917281,0.264416,0.408271,1.386747,0,1.246110,5.200000,4.700000,1.641400
88,-94.765870,0.229812,0.235264,0.647232,44,26.722100,16.700000,0.700000,0.309840
89,-75.516623,0.264416,0.408271,0.834454,0,2.714930,4.200000,3.700000,0.868987
90,-71.224097,0.264416,0.408271,2.012643,7,0.545650,3.900000,3.700000,1.982230
91,-75.422197,0.264416,0.408271,1.228034,0,0.099010,5.300000,4.800000,1.745690
92,-77.792661,0.264416,0.212951,0.555279,3,12.399500,7.100000,6.000000,1.077230
93,-75.761747,0.264416,0.486790,1.184271,0,9.638390,5.100000,4.200000,1.705300
94,-94.083514,0.042649,0.159028,0.804772,42,69.358500,32.700000,3.400000,1.045940
95,-92.539358,0.229812,0.235264,0.647232,47,139.176000,46.300000,7.900000,1.268500
96,-91.755707,0.264416,0.000682,0.427128,29,151.266000,48.400000,8.600000,0.659296
97,-75.717862,0.264416,0.618681,1.184271,3,4.563350,5.100000,4.600000,1.940120
98,-93.253659,0.264416,0.225182,0.540786,28,133.799000,45.100000,7.500000,1.425090
99,-93.203318,0.264416,0.000000,0.453534,17,118.290000,44.400000,6.500000,0.831897
