[INFO][8] Cantidad de iteraciones: 3000
[INFO][7] Cantidad de iteraciones: 3000
[INFO][5] Cantidad de iteraciones: 3000
[INFO][1] Cantidad de iteraciones: 3000
[INFO][6] Cantidad de iteraciones: 3000
[INFO][4] Cantidad de iteraciones: 3000
[INFO][3] Cantidad de iteraciones: 3000
[INFO][2] Cantidad de iteraciones: 3000

id,borders_threshold,margin_forwarding,min_delay,max_delay,neighbors_threshold,energy,coverage,nforwardings,time
0,-70.000000,0.403097,0.567680,1.847153,5,0.025081,4.100000,3.800000,1.737910
1,-76.207510,0.403097,1.000000,0.000000,3,9.538680,6.300000,6.100000,1.365210
2,-92.977062,0.403097,0.044677,0.000000,19,116.426000,42.500000,6.400000,0.071532
3,-72.281089,0.403097,0.288897,1.710261,5,2.217730,6.000000,5.500000,1.601750
4,-94.720648,0.325698,0.944143,4.096494,13,20.422500,14.500000,0.300000,1.152340
5,-94.505114,1.576511,0.443579,0.000000,24,28.669700,18.300000,0.800000,0.110807
6,-75.519293,0.403097,0.000000,1.730769,0,6.745590,5.500000,4.900000,1.964450
7,-91.183684,1.247746,0.013422,1.355797,38,176.918000,49.000000,10.100000,1.756990
8,-94.377208,0.325698,1.000000,0.000000,40,63.446600,34.400000,3.000000,1.200130
9,-93.572791,2.150876,0.000000,0.638379,0,94.521500,40.300000,4.900000,0.826840
10,-70.354691,2.845409,0.000000,0.818679,4,8.100220,6.700000,6.400000,0.871137
11,-94.848518,0.403097,0.061560,0.000000,2,16.793800,11.400000,0.100000,0.004135
12,-70.000000,2.845409,0.388043,0.862376,6,7.658110,6.800000,6.500000,1.382990
13,-94.057073,0.403097,0.000000,0.454851,0,79.903000,36.100000,4.100000,0.632305
14,-78.155545,0.403097,0.672098,0.000000,2,13.934100,4.700000,3.700000,0.513163
15,-94.590537,0.403097,1.000000,0.000000,2,41.460100,24.700000,1.600000,0.662362
16,-70.794624,0.403097,0.288897,1.970500,6,1.575080,3.800000,3.500000,1.706940
17,-93.223248,1.576511,0.160870,0.000000,21,121.753000,44.300000,6.600000,0.309687
18,-94.318941,0.403097,0.000000,0.426748,13,55.498600,28.500000,2.500000,0.387072
19,-92.908689,2.150876,0.000000,0.638379,0,139.379000,47.300000,7.700000,0.975581
20,-92.415896,2.150876,0.078055,0.391511,1,138.079000,46.900000,7.700000,0.935680
21,-93.920835,1.576511,0.160870,0.000000,31,78.500900,35.100000,3.900000,0.179216
22,-94.738792,0.325698,0.944143,4.035949,12,21.847200,15.200000,0.400000,1.246670
23,-95.000000,0.006881,0.090672,3.129740,45,15.043700,10.800000,0.000000,0.000736
24,-72.167895,0.403097,0.792583,1.847153,5,2.676720,4.300000,4.000000,1.896000
25,-95.000000,0.325698,0.944143,4.096494,11,15.276100,11.000000,0.000000,0.000737
26,-94.420482,1.231889,0.893494,3.796696,36,26.977700,16.600000,0.700000,1.249050
27,-93.677570,2.150876,0.000000,0.638379,0,88.113300,38.100000,4.500000,0.843543
28,-94.010430,1.576511,0.599810,0.666336,10,52.868000,28.100000,2.300000,1.085010
29,-70.180436,2.845409,0.523063,2.449414,0,0.602210,3.700000,3.500000,1.652410
30,-93.984377,0.403097,0.061560,0.000000,0,77.941000,35.600000,4.000000,0.078090
31,-94.616316,0.403097,0.685262,0.354524,0,29.957500,19.200000,0.900000,0.453198
32,-93.877450,1.576511,0.599810,0.666336,11,48.061800,26.000000,2.000000,1.024000
33,-70.000000,2.845409,0.000000,0.818679,6,9.277120,4.900000,4.300000,0.307271
34,-91.713281,2.675434,0.417754,0.000000,29,161.808000,48.400000,9.100000,0.538221
35,-74.668827,0.403097,0.792583,0.892157,0,2.575090,4.400000,4.300000,1.698230
36,-94.900932,0.006881,0.090672,3.335253,19,27.387100,16.700000,0.800000,1.969640
37,-70.144874,0.403097,1.000000,0.000000,7,5.668420,6.100000,5.900000,1.499260
38,-70.970482,0.403097,0.403417,1.847153,8,7.731060,6.100000,5.600000,1.833960
39,-93.392320,1.576511,0.160870,0.000000,19,94.377700,39.100000,4.900000,0.228943
40,-94.297935,1.576511,0.443579,1.082030,26,26.945900,16.500000,0.700000,0.418787
41,-93.047711,2.675434,0.112583,0.393173,38,113.746000,41.500000,6.100000,0.808847
42,-92.620883,1.576511,0.294316,0.001753,31,126.453000,45.600000,6.900000,0.475874
43,-94.072258,1.576511,0.000000,1.160519,19,43.246500,25.000000,1.700000,0.580585
44,-94.202529,0.403097,0.061560,0.000000,5,57.146500,29.800000,2.600000,0.049923
45,-94.465837,0.403097,0.190425,0.002338,0,39.825700,23.500000,1.500000,0.133418
46,-70.000000,0.403097,0.567680,1.751440,5,1.237800,4.000000,3.700000,1.692650
47,-94.961720,0.006881,0.412722,5.000000,44,19.544800,14.300000,0.300000,1.025290
48,-94.955972,0.006881,0.955930,4.946500,50,22.768600,16.300000,0.500000,1.540760
49,-76.752563,0.403097,0.783056,0.000000,3,6.713410,4.800000,4.600000,0.561028
50,-93.852539,2.150876,0.078055,0.391511,1,46.459700,25.600000,1.900000,0.423155
51,-93.385412,0.403097,1.000000,0.000000,15,107.601000,40.800000,5.800000,1.194880
52,-94.336508,0.403097,0.196608,1.090355,2,55.154800,28.200000,2.500000,1.144600
53,-93.654328,1.576511,0.491059,0.666336,12,88.060400,37.100000,4.500000,1.505530
54,-73.130426,0.403097,0.783056,1.847153,3,0.742269,2.600000,2.400000,1.128890
55,-94.468669,0.403097,0.024683,0.000000,2,36.502200,21.400000,1.300000,0.015601
56,-70.286668,2.845409,1.000000,0.818679,6,12.683500,6.200000,5.700000,1.178450
57,-94.805803,0.006881,0.090672,3.606974,39,28.026100,17.100000,0.800000,1.156800
58,-94.352544,1.576511,0.599810,0.580085,0,35.245300,21.300000,1.200000,0.586273
59,-71.580626,2.845409,0.523063,2.453482,4,3.675050,3.300000,3.200000,1.704930
60,-94.274670,0.403097,0.061560,0.000000,3,50.346000,27.500000,2.200000,0.048444
61,-94.329130,0.403097,0.000000,0.528294,0,56.890200,29.000000,2.600000,0.496636
62,-70.000000,2.845409,0.568669,0.818679,6,10.060200,5.700000,4.900000,0.774434
63,-72.532824,0.403097,0.792583,1.847153,5,4.401250,4.700000,4.300000,1.477490
64,-94.637662,0.403097,0.061560,0.213009,4,21.783200,14.800000,0.400000,0.067473
65,-94.084972,0.403097,0.450204,0.344752,10,72.886800,35.000000,3.600000,1.085350
66,-92.967545,0.403097,1.000000,0.000000,11,125.229000,44.700000,6.900000,1.528830
67,-70.084732,0.403097,1.000000,0.000000,8,4.951260,5.600000,5.400000,1.114570
68,-70.998061,0.403097,0.567680,1.847153,6,2.942170,4.500000,4.000000,1.664490
69,-92.640928,2.675434,0.002389,0.393173,28,131.369000,45.900000,7.200000,0.576184
70,-91.340170,1.576511,0.000000,1.160519,22,174.097000,48.700000,9.900000,1.558930
71,-94.632443,0.403097,1.000000,0.000000,13,28.273500,18.000000,0.800000,0.291490
72,-77.063846,0.403097,0.000000,0.000000,0,10.508200,6.400000,6.000000,0.002585
73,-94.956956,0.006881,0.090672,3.085811,35,21.166000,14.600000,0.400000,0.890860
74,-91.299848,1.576511,0.257385,0.870089,11,175.625000,48.900000,10.000000,1.836230
75,-94.374866,1.576511,0.599810,0.580085,0,33.643300,20.500000,1.100000,0.526440
76,-70.000000,2.845409,1.000000,0.862376,7,12.539200,6.100000,5.500000,1.932750
77,-70.422149,2.845409,1.000000,0.862376,7,12.404200,6.500000,6.000000,1.916820
78,-74.461576,0.403097,0.792583,1.847153,0,0.018532,3.800000,3.700000,1.838160
79,-94.971200,0.006881,0.955930,2.580516,49,19.543700,14.200000,0.300000,0.606644
80,-71.369813,0.403097,0.792583,1.847153,5,2.317540,4.200000,3.900000,1.765910
81,-70.183917,0.403097,1.000000,0.000000,6,2.872270,5.100000,4.800000,1.233900
82,-94.124710,1.576511,0.160870,0.000000,16,38.440300,22.500000,1.400000,0.076183
84,-94.040044,0.403097,0.164941,1.090328,10,85.537600,36.300000,4.400000,1.557710
85,-91.691281,2.675434,0.417754,0.000000,30,156.982000,48.200000,8.800000,0.563718
86,-91.645990,2.675434,0.417754,0.000000,30,169.791000,48.500000,9.600000,0.711758
87,-92.689397,0.403097,0.000000,1.090355,16,120.021000,43.100000,6.600000,1.281580
88,-72.140968,0.403097,0.792583,1.009077,6,3.641320,4.300000,3.600000,1.052360
89,-75.733434,0.403097,0.792583,0.000000,0,6.623420,7.000000,6.600000,1.081970
90,-94.712501,0.006881,0.090672,3.335253,23,37.252900,22.200000,1.400000,1.889500
91,-72.787621,0.403097,0.783056,1.847153,2,0.664128,2.600000,2.500000,1.128890
92,-71.550332,0.403097,0.567680,1.847153,6,3.056670,4.500000,3.900000,1.664490
93,-76.548600,0.403097,0.000000,1.730769,0,9.645900,5.100000,4.400000,1.478660
94,-70.000000,2.845409,0.568669,0.818679,7,11.547500,5.300000,4.800000,1.057350
95,-73.277827,0.403097,0.792583,1.847153,4,0.209781,3.500000,3.300000,1.445700
96,-92.657666,2.675434,0.417754,0.000000,46,134.573000,46.300000,7.400000,0.650534
97,-93.221246,1.576511,1.000000,0.011994,26,116.896000,41.700000,6.300000,1.835700
98,-94.493534,0.403097,0.000000,1.090355,3,39.189400,22.700000,1.500000,0.652718
99,-94.988964,0.006881,0.412722,5.000000,43,18.225700,13.400000,0.200000,0.893553
