[INFO][6] Cantidad de iteraciones: 3000
[INFO][3] Cantidad de iteraciones: 3000
[INFO][8] Cantidad de iteraciones: 3000
[INFO][2] Cantidad de iteraciones: 3000
[INFO][1] Cantidad de iteraciones: 3000
[INFO][4] Cantidad de iteraciones: 3000
[INFO][5] Cantidad de iteraciones: 3000
[INFO][7] Cantidad de iteraciones: 3000

id,borders_threshold,margin_forwarding,min_delay,max_delay,neighbors_threshold,energy,coverage,nforwardings,time
0,-75.203096,0.524050,0.399393,4.449478,1,11.405500,2.500000,2.000000,1.855310
1,-94.451558,0.466457,0.890099,2.779727,16,36.087000,11.100000,1.300000,1.901720
2,-73.724401,1.496596,0.000000,1.678600,2,3.233740,2.400000,2.300000,0.679810
3,-74.984962,0.524050,1.000000,2.226719,2,11.193400,3.100000,2.700000,1.762720
4,-73.539929,0.524050,0.399393,5.000000,0,5.703000,2.300000,1.900000,1.974900
5,-71.330578,1.496596,0.806904,1.678600,2,5.695920,3.200000,3.000000,0.792388
6,-94.214695,1.466158,0.645836,3.469124,1,22.322200,8.100000,0.700000,1.370290
7,-76.265510,0.524050,0.399393,4.537951,0,7.626570,2.500000,2.100000,1.779480
8,-94.213220,1.791960,0.000000,2.133866,8,27.186700,9.500000,0.700000,0.465942
9,-74.331217,0.524050,0.399393,1.728519,1,3.068270,2.500000,2.500000,1.176630
11,-87.977148,0.992819,0.000000,0.678841,17,163.936000,22.900000,10.200000,1.416280
12,-93.405605,0.992819,0.120805,0.876074,0,64.414300,16.000000,3.100000,1.090710
13,-94.066420,0.627899,0.187272,2.275002,26,43.900700,12.200000,1.800000,1.951220
14,-91.378491,0.992819,0.000000,0.678841,5,102.577000,19.200000,5.700000,1.202120
15,-74.036447,0.524050,0.000000,2.844519,0,0.921835,1.700000,1.700000,0.436018
16,-74.860499,0.524050,0.000000,1.313018,0,8.643640,2.400000,2.000000,0.513574
17,-70.000000,1.496596,0.806904,1.678600,2,5.766520,2.500000,2.400000,1.179020
18,-93.743147,0.627899,0.187272,2.048586,39,60.048500,13.900000,2.800000,1.761090
19,-90.627520,0.627899,0.025694,2.048586,43,123.198000,21.200000,7.000000,3.422370
20,-86.814300,0.992819,0.202509,0.678841,12,194.176000,23.900000,12.200000,1.592840
21,-70.000000,0.524050,0.000000,1.728519,4,7.778500,3.500000,3.100000,1.294800
22,-93.354817,0.992819,0.202509,0.684281,0,62.877100,15.800000,3.000000,0.870253
23,-91.110405,0.992819,0.000000,0.678841,12,108.227000,20.000000,5.900000,0.950632
24,-87.026281,0.992819,0.202509,0.678841,15,184.442000,23.400000,11.600000,1.447350
25,-94.412356,0.627899,0.187272,1.991615,35,29.551500,9.800000,0.900000,0.796618
26,-94.367335,0.627899,0.032449,1.950319,15,31.113400,10.300000,1.000000,0.590083
27,-94.626000,0.466457,0.000000,1.537156,39,16.192000,6.800000,0.100000,0.064908
28,-74.704616,0.524050,0.247715,1.682575,2,1.617400,2.000000,1.800000,0.147347
29,-91.748269,0.992819,0.202509,0.321592,16,96.276700,18.700000,5.100000,0.769576
30,-94.443644,0.627899,0.167728,0.710152,32,19.413300,7.700000,0.300000,0.101151
31,-90.986734,0.992819,0.000000,0.678841,11,106.639000,19.900000,5.800000,0.941240
32,-87.925077,0.992819,0.000000,0.678841,13,163.069000,22.700000,10.100000,1.393450
33,-87.909418,0.992819,0.202509,0.540351,12,157.883000,21.700000,9.700000,1.559490
34,-75.206068,0.524050,0.399393,1.728519,0,13.194300,3.300000,3.000000,1.146900
35,-94.603501,0.466457,0.000000,1.537156,42,17.628500,6.900000,0.200000,0.125476
36,-70.000000,1.496596,1.000000,1.678600,0,4.535520,3.400000,3.400000,1.874660
37,-72.008994,1.496596,0.115509,1.678600,2,7.068190,3.100000,2.900000,0.705138
38,-75.200197,0.524050,0.000000,1.313018,0,14.276800,3.700000,3.400000,0.954580
39,-74.230317,0.524050,0.399393,1.728519,2,15.929700,4.900000,4.500000,1.820120
40,-92.136169,2.472531,0.026167,1.094812,5,76.789700,16.100000,3.800000,1.408270
41,-71.326462,1.496596,1.000000,2.671659,1,5.389560,3.000000,2.800000,1.632300
42,-76.502896,1.251986,0.302528,0.000000,14,311.544000,24.000000,20.900000,0.438466
43,-95.000000,0.466457,0.918794,2.779727,22,15.143900,4.800000,0.000000,0.000736
44,-93.821685,0.627899,0.186605,2.048586,32,52.105300,13.200000,2.300000,1.894860
45,-94.401936,0.627899,0.000000,1.950319,15,24.550000,9.100000,0.600000,0.344086
46,-73.396141,1.496596,0.115509,1.678600,0,2.558450,2.300000,2.300000,0.839804
47,-92.875742,0.466457,0.000000,1.537156,39,76.104500,16.500000,3.900000,1.846270
48,-75.743176,0.524050,0.000000,1.728519,0,14.832900,3.700000,3.300000,1.355340
49,-94.608655,1.791960,0.000000,2.133866,5,23.739300,9.000000,0.500000,0.294103
50,-93.680716,0.627899,0.167728,0.710152,50,39.821400,11.300000,1.600000,0.631700
51,-94.071205,0.907523,0.446124,3.309576,45,33.296400,10.600000,1.200000,1.962110
52,-94.640430,0.627899,0.124135,2.275002,18,25.158800,9.300000,0.600000,0.687157
53,-94.553692,0.466457,0.000000,1.537156,41,22.450900,8.600000,0.500000,0.293768
54,-75.401549,0.524050,0.370720,1.728519,0,14.093500,3.400000,3.000000,1.487160
55,-91.802761,0.992819,0.418691,0.526574,10,85.169400,17.700000,4.400000,1.323320
56,-93.453387,0.627899,0.000000,1.823095,13,58.055000,13.400000,2.700000,1.303460
57,-74.410726,0.524050,0.247715,1.682575,2,16.143300,5.000000,4.600000,1.553930
58,-93.242107,0.992819,0.202509,0.684281,0,62.440900,14.800000,3.000000,0.888774
59,-74.819410,0.524050,0.399393,4.895609,2,9.356020,2.400000,1.800000,1.814500
60,-93.664895,0.992819,0.000000,1.046124,3,55.925000,13.300000,2.500000,0.875284
61,-74.887114,0.524050,0.414386,1.728519,2,9.116520,2.400000,1.900000,0.690200
62,-92.443040,0.627899,0.167728,0.710152,34,89.512800,18.500000,4.700000,1.315440
63,-70.000000,0.524050,0.898316,3.899282,1,2.775750,1.800000,1.600000,1.777700
64,-75.260281,0.524050,0.399393,4.449478,2,12.183400,2.700000,2.200000,1.947220
66,-73.517321,0.524050,0.399393,1.728519,2,14.403800,4.800000,4.400000,1.719170
67,-94.464040,0.627899,0.167728,0.710152,32,17.962200,7.600000,0.200000,0.062958
68,-94.238452,0.524050,1.000000,0.429684,15,39.604500,11.200000,1.600000,1.046910
69,-94.352070,0.627899,0.000000,0.680705,26,34.628400,10.700000,1.300000,0.329788
70,-74.741310,0.524050,1.000000,1.728519,2,4.640000,2.600000,2.500000,0.761484
71,-71.335396,0.524050,0.437918,1.728519,3,11.154600,4.000000,3.900000,1.735450
72,-90.869200,0.992819,0.000000,0.678841,18,109.380000,20.300000,6.000000,0.993235
73,-87.992636,0.992819,0.202509,0.540351,10,168.291000,23.300000,10.400000,1.699430
74,-92.680550,0.992819,0.000000,1.210964,20,61.634000,14.600000,2.900000,1.023490
75,-74.609596,0.524050,0.437918,0.719694,2,5.076500,2.700000,2.600000,0.425148
76,-74.375110,0.524050,0.000000,1.728519,1,0.028431,2.100000,2.100000,0.594876
77,-73.231038,0.524050,0.000000,1.757856,0,0.411756,1.900000,1.900000,0.390974
78,-94.350678,0.466457,0.890099,0.000000,14,45.489900,13.000000,1.900000,0.723565
79,-94.573004,0.627899,0.025694,2.048586,47,23.686900,8.900000,0.500000,0.271852
80,-94.315273,0.627899,0.167728,0.710152,50,41.236100,11.700000,1.600000,0.626574
81,-72.729821,0.524050,0.000000,2.844519,0,0.063631,1.800000,1.800000,0.303096
82,-93.986338,0.992819,0.000000,0.000000,6,34.972900,10.800000,1.200000,0.001584
83,-91.413621,0.992819,0.268595,0.678841,9,101.517000,18.900000,5.500000,1.659930
84,-79.162600,0.524050,0.000000,1.656880,0,14.466300,3.200000,2.800000,0.870244
85,-79.068368,0.524050,0.000000,2.495196,0,12.855200,2.900000,2.400000,1.753620
87,-92.608300,0.992819,0.203787,0.891765,32,81.083300,17.400000,4.200000,1.528830
88,-72.398787,0.524050,1.000000,2.349945,2,8.312550,2.700000,2.400000,1.893620
89,-72.850023,1.496596,1.000000,2.671659,0,10.229300,3.000000,2.700000,1.470810
90,-74.333150,0.524050,1.000000,4.537951,0,2.576120,2.200000,1.900000,1.423830
91,-70.000000,1.496596,1.000000,2.578497,1,0.150954,2.700000,2.700000,1.581460
92,-75.082440,0.524050,0.399393,4.895609,0,6.227450,2.300000,1.800000,1.661170
93,-92.316776,0.992819,0.202509,0.000000,10,77.438100,17.300000,3.900000,0.210703
94,-70.000000,0.524050,0.898316,4.537951,0,2.523120,2.100000,2.000000,1.848670
95,-74.361758,0.524050,0.000000,1.757856,0,1.625360,2.400000,2.400000,0.819131
96,-73.437907,0.524050,0.370720,1.391420,2,12.598800,4.200000,4.000000,1.060830
97,-74.570959,0.524050,0.437918,0.918262,0,2.220410,2.600000,2.600000,0.670833
98,-74.026854,0.524050,1.000000,1.964037,0,7.319790,2.200000,1.700000,0.947233
99,-90.817968,0.627899,0.261317,0.493854,22,136.374000,21.500000,7.900000,1.765380
