[INFO][6] Cantidad de iteraciones: 3000
[INFO][1] Cantidad de iteraciones: 3000
[INFO][2] Cantidad de iteraciones: 3000
[INFO][8] Cantidad de iteraciones: 3000
[INFO][7] Cantidad de iteraciones: 3000
[INFO][3] Cantidad de iteraciones: 3000
[INFO][5] Cantidad de iteraciones: 3000
[INFO][4] Cantidad de iteraciones: 3000

id,borders_threshold,margin_forwarding,min_delay,max_delay,neighbors_threshold,energy,coverage,nforwardings,time
0,-89.110820,2.313256,0.000000,0.437478,13,160.299000,21.900000,9.100000,0.706920
1,-84.980837,2.313256,0.341466,0.437478,23,207.812000,23.400000,13.300000,1.456190
2,-86.442733,0.995445,0.045590,0.617696,33,182.051000,23.200000,11.800000,1.285100
3,-94.472758,0.140909,0.727333,1.848730,0,39.131000,11.500000,1.600000,1.920030
4,-94.333914,0.696419,0.168055,1.779945,25,23.139300,8.900000,0.500000,0.352186
5,-70.000000,2.074797,0.764575,1.126120,3,13.593600,4.100000,3.900000,1.629980
6,-92.774452,0.576682,0.000000,1.374709,11,62.886000,14.800000,3.000000,1.213870
7,-92.242603,0.576682,0.000000,0.562984,7,95.240500,18.700000,5.100000,0.928197
8,-94.549669,0.576682,0.312592,0.562984,5,17.926400,7.600000,0.200000,0.076571
9,-87.675297,0.350424,0.166179,3.936102,16,156.769000,21.900000,9.800000,7.706510
10,-74.476789,2.074797,0.764575,1.126120,0,8.152010,2.300000,2.300000,0.755508
11,-94.137956,0.904000,0.427917,0.498626,1,26.756500,9.300000,0.700000,0.277766
12,-92.769993,0.576682,0.000000,0.955437,5,61.878200,14.400000,3.000000,0.934193
13,-91.409570,0.714799,0.498969,0.640208,8,99.550500,18.800000,5.500000,1.696620
14,-88.903723,1.000507,0.937262,4.142207,46,139.240000,20.800000,8.000000,6.499980
15,-74.460457,2.074797,1.000000,2.662588,0,11.520800,2.800000,2.500000,1.882610
16,-94.634469,0.140909,0.700390,1.199400,0,44.819000,13.000000,1.900000,1.674220
17,-94.313162,1.520669,0.810848,4.073712,0,27.159600,9.500000,0.700000,1.236280
18,-87.442634,0.576682,0.000000,0.562984,8,167.093000,22.200000,10.500000,1.071330
19,-94.372237,0.576682,0.312592,0.573697,0,34.569700,10.700000,1.300000,0.448798
20,-71.269206,2.074797,1.000000,1.126120,0,5.526160,2.000000,2.000000,0.644723
21,-91.331042,0.140909,0.211149,0.888139,27,107.704000,19.700000,6.200000,1.786930
22,-71.158343,2.074797,1.000000,0.000000,1,5.366160,2.700000,2.500000,0.430832
23,-94.369233,2.560252,0.960482,2.413208,33,33.643300,10.000000,1.100000,1.630680
24,-87.774124,0.995445,0.000000,0.617696,37,151.704000,21.400000,9.400000,0.941346
25,-90.415447,2.313256,0.000000,0.437478,11,120.216000,20.200000,6.600000,0.632305
26,-95.000000,0.140909,0.181376,0.000000,24,14.890500,4.800000,0.000000,0.000736
27,-94.464064,0.576682,0.312592,0.562984,6,19.372300,7.700000,0.300000,0.117758
28,-94.091700,1.075180,0.000000,2.013116,12,28.424400,9.900000,0.800000,0.617721
29,-86.721603,0.576682,0.203513,0.562984,24,177.143000,22.900000,11.400000,1.381180
30,-78.398744,2.074797,0.000000,1.126120,15,294.652000,23.900000,19.400000,1.930100
31,-91.813775,0.714799,0.331686,0.640208,14,88.659300,18.100000,4.700000,1.514970
32,-94.319742,0.696419,0.168055,1.779945,27,24.741400,9.200000,0.600000,0.381364
33,-86.701944,2.313256,0.341466,0.000000,14,185.410000,23.000000,11.200000,0.618800
34,-84.759609,0.995445,0.000000,0.617696,24,214.685000,23.500000,13.800000,0.892110
35,-94.597659,0.576682,0.000000,0.562984,3,16.269200,6.800000,0.100000,0.024286
36,-73.371472,2.074797,1.000000,2.662588,0,14.621900,3.800000,3.400000,1.647420
37,-94.585880,0.140909,0.181376,0.226237,25,37.406800,11.400000,1.400000,0.244132
38,-92.879467,0.904000,0.422860,0.550041,19,73.667000,16.600000,3.700000,1.162080
39,-91.963892,0.576682,0.000000,1.374709,11,92.291900,18.200000,5.000000,1.677920
40,-87.039991,0.995445,0.000000,0.617696,36,192.963000,23.300000,12.000000,1.140810
41,-94.014553,0.904000,0.736081,0.748172,32,44.425800,12.400000,1.800000,1.114690
42,-70.000000,2.074797,0.000000,1.126120,0,9.006810,3.100000,3.000000,0.533747
43,-94.265006,0.714799,0.063667,0.389745,0,32.622200,10.200000,1.400000,0.272078
44,-74.476113,2.074797,1.000000,1.126120,0,10.163600,3.100000,2.900000,1.158960
45,-77.331310,0.995445,0.574331,0.000000,28,287.577000,24.000000,19.600000,1.101890
46,-87.908529,2.313256,0.341466,0.437478,19,142.644000,21.200000,8.500000,1.342970
47,-71.874442,2.074797,1.000000,2.662588,0,11.754100,3.800000,3.500000,1.920790
48,-94.622431,1.520669,0.810848,4.073712,0,23.685000,9.000000,0.500000,0.892413
49,-73.621669,2.074797,1.000000,1.126120,2,11.212200,2.900000,2.700000,1.060670
50,-74.442882,2.074797,0.764575,1.126120,0,14.482600,3.200000,3.000000,1.159650
51,-92.676488,0.140909,0.211149,0.888139,37,64.140300,15.000000,3.200000,1.320000
52,-73.064101,2.074797,1.000000,1.126120,2,6.766990,2.000000,1.900000,0.644723
53,-93.442565,1.075180,0.000000,0.200798,0,57.304900,14.300000,2.600000,0.207641
54,-94.868758,0.140909,0.211149,0.888139,31,20.685900,8.000000,0.400000,0.242496
55,-93.336854,1.075180,0.000000,0.200798,0,67.980500,16.100000,3.300000,0.238176
56,-94.587230,0.140909,0.211149,0.649580,29,34.379300,10.500000,1.200000,0.430387
57,-94.521875,0.140909,0.895447,0.000000,0,39.469300,11.800000,1.600000,0.753588
58,-83.211883,0.576682,1.000000,0.000000,12,236.956000,23.800000,15.700000,1.642950
59,-71.239254,2.074797,0.000000,1.126120,0,10.509600,3.100000,2.800000,0.462582
60,-94.053473,0.576682,0.290115,0.549630,0,43.909800,12.300000,1.800000,0.691474
61,-70.437196,2.074797,0.000000,1.126120,0,4.462340,2.800000,2.600000,0.401185
62,-71.632064,2.074797,0.000000,1.126120,0,8.422230,3.400000,3.200000,0.486904
63,-92.880400,0.576682,0.162938,0.562984,3,76.140000,17.300000,3.900000,1.170450
64,-70.000000,2.074797,0.764575,0.000000,0,9.750230,2.400000,2.300000,0.279359
65,-92.299827,0.576682,0.000000,0.562984,5,93.411900,18.600000,5.000000,0.928197
66,-93.734723,1.075180,0.000000,1.046996,25,57.174000,13.800000,2.600000,0.816556
67,-93.127539,0.576682,0.000000,0.955437,4,63.592200,14.900000,3.100000,1.023250
68,-94.365395,0.140909,0.000000,0.000000,31,49.577500,13.300000,2.200000,0.001969
69,-94.150541,0.140909,0.000000,0.950302,31,51.780800,13.700000,2.300000,0.781685
70,-71.067075,2.074797,0.764575,1.030259,0,6.447250,2.600000,2.400000,0.814269
71,-87.533147,0.576682,0.000000,0.562984,10,169.847000,22.600000,10.600000,1.015450
72,-82.995971,2.313256,0.341466,0.437478,20,248.186000,23.600000,15.500000,1.587900
73,-70.377275,2.074797,1.000000,2.662588,2,6.396100,3.000000,2.800000,1.687850
74,-93.032540,1.075180,0.000000,0.352865,6,67.571300,15.100000,3.300000,0.290896
75,-87.766040,0.576682,0.203513,0.562984,22,170.033000,22.800000,11.000000,1.602430
