[INFO][1] Cantidad de iteraciones: 3000
[INFO][7] Cantidad de iteraciones: 3000
[INFO][2] Cantidad de iteraciones: 3000
[INFO][6] Cantidad de iteraciones: 3000
[INFO][8] Cantidad de iteraciones: 3000
[INFO][4] Cantidad de iteraciones: 3000
[INFO][5] Cantidad de iteraciones: 3000
[INFO][3] Cantidad de iteraciones: 3000

id,borders_threshold,margin_forwarding,min_delay,max_delay,neighbors_threshold,energy,coverage,nforwardings,time
0,-73.499103,1.530869,0.395223,4.086725,6,10.210900,7.600000,6.500000,5.174590
1,-94.766162,0.230445,0.940351,1.020672,10,25.057700,16.200000,0.600000,0.598504
2,-93.866447,0.549837,0.000000,0.697197,0,66.119200,33.000000,3.200000,0.723012
3,-94.765808,0.230445,0.940351,1.080138,15,23.397800,15.800000,0.500000,0.521330
4,-94.473218,2.351387,0.178667,0.000000,30,30.349300,18.900000,0.900000,0.065983
5,-94.009130,2.351387,0.178667,1.129189,23,52.868000,28.100000,2.300000,1.106020
6,-94.773622,0.230445,0.940472,1.186003,14,21.770300,15.200000,0.400000,0.448980
7,-73.127761,1.530869,0.395223,0.596755,5,9.845830,7.700000,7.600000,1.650190
8,-72.319087,1.530869,0.395223,0.596755,4,0.193901,2.900000,2.800000,0.565324
9,-93.400584,0.549837,0.000000,0.977419,2,94.863800,38.700000,5.100000,1.245370
10,-94.204061,0.549837,0.009086,0.697197,0,58.912800,30.200000,2.700000,0.629147
11,-94.651911,0.549837,0.296240,0.697197,0,20.191900,13.800000,0.300000,0.131850
12,-91.003380,2.960664,0.181334,4.785501,49,172.991000,48.900000,9.800000,5.569270
14,-93.999701,0.549837,0.000000,1.396401,0,74.142200,33.900000,3.700000,1.579870
15,-72.829789,1.530869,0.402267,1.352623,0,1.846940,4.400000,4.200000,1.133900
16,-94.457231,0.549837,0.298338,0.697197,0,28.298600,17.800000,0.800000,0.374220
17,-93.290517,0.230445,0.940351,1.080138,16,130.521000,45.300000,7.300000,3.632450
18,-94.444471,0.549837,0.000000,1.247179,0,33.083500,19.000000,1.100000,0.761041
19,-94.469901,0.549837,0.000000,0.697197,0,26.696500,16.600000,0.700000,0.199793
20,-94.170892,0.549837,0.000000,1.636113,0,61.898100,32.000000,2.900000,1.687680
21,-94.204085,0.549837,0.306160,0.697197,4,55.527500,28.500000,2.500000,0.891330
22,-94.994067,0.230445,0.940351,1.080138,15,15.218900,11.000000,0.000000,0.000737
23,-73.742031,1.530869,0.000000,4.086725,0,5.884700,3.600000,3.300000,1.550300
24,-94.579489,0.549837,0.298338,1.056262,3,23.784700,15.900000,0.500000,0.341885
25,-92.998629,2.351387,0.129443,1.048445,32,131.008000,45.300000,7.200000,1.609700
26,-94.021539,0.549837,0.425651,0.697197,10,70.082500,33.200000,3.400000,1.292920
27,-93.783420,0.549837,0.000000,1.151991,0,81.093700,35.000000,4.200000,1.398490
28,-94.766336,0.230445,1.000000,1.125996,0,24.872100,16.100000,0.600000,0.647829
29,-93.215964,2.351387,0.136305,1.129189,30,105.736000,41.700000,5.600000,1.957450
30,-93.327462,2.351387,0.203110,1.129189,29,102.532000,40.600000,5.400000,1.940200
31,-92.600173,2.351387,0.069651,1.045285,24,129.328000,44.600000,7.100000,1.624710
32,-73.071775,1.530869,0.000000,4.086725,1,3.625440,3.100000,3.000000,1.526070
33,-94.655812,0.230445,0.690397,1.025189,3,34.705800,20.500000,1.200000,0.924366
34,-94.786372,0.230445,1.000000,1.080138,14,20.373300,14.500000,0.300000,0.316170
35,-93.815395,0.549837,0.000000,0.977419,0,59.791900,30.600000,2.800000,0.829291
36,-93.861014,2.446683,0.660356,0.990262,13,46.459700,26.000000,1.900000,1.240680
37,-94.758593,0.230445,0.940351,1.080138,14,28.112100,17.200000,0.800000,0.807243
38,-71.572154,1.530869,0.545014,0.596755,0,5.934560,4.100000,4.000000,0.857186
39,-73.897042,1.530869,0.395223,0.596755,7,14.473400,8.100000,7.600000,1.549870
40,-94.913601,0.230445,1.000000,1.266138,4,16.676600,11.400000,0.100000,0.113049
41,-94.817199,0.230445,1.000000,2.055172,10,18.643600,13.700000,0.200000,0.361697
42,-94.863159,0.230445,1.000000,2.055172,9,18.407300,12.400000,0.200000,0.350054
43,-94.109477,2.351387,0.121255,0.749874,15,36.847400,24.100000,1.300000,0.350805
44,-94.526488,2.351387,1.000000,1.045285,34,23.903500,16.000000,0.500000,0.409120
45,-93.566778,0.549837,0.000000,0.977419,0,81.905100,35.200000,4.300000,1.221450
46,-94.208511,0.549837,0.073872,1.020018,0,81.096100,34.100000,4.100000,1.729310
47,-93.896323,2.446683,0.660356,0.990262,9,51.265900,27.100000,2.200000,1.437180
48,-93.138828,0.549837,0.000000,1.396401,0,81.006000,34.400000,4.300000,1.699490
49,-94.622209,0.549837,0.678309,0.620352,0,28.625100,18.100000,0.800000,0.506163
50,-93.092498,0.549837,0.229144,0.749425,0,122.263000,44.000000,7.100000,1.757400
51,-93.730135,0.549837,0.425651,0.697197,6,73.374600,33.500000,3.600000,1.218320
52,-93.081328,2.351387,0.034180,0.660632,21,123.359000,43.100000,6.700000,0.967560
53,-89.666915,1.530869,0.000000,0.066937,11,211.298000,49.000000,12.500000,0.108132
54,-72.932926,1.530869,0.395223,0.000000,5,10.010100,7.100000,7.100000,0.539697
55,-94.880199,0.230445,1.000000,1.125996,0,18.411800,12.500000,0.200000,0.212540
56,-94.841965,0.230445,0.725951,1.080138,8,18.414700,13.400000,0.200000,0.169342
57,-73.002679,1.530869,0.402267,1.314230,0,8.082630,4.100000,3.900000,1.584860
58,-94.201072,0.549837,0.000000,1.636113,0,63.408100,32.600000,3.000000,1.792040
59,-94.698001,0.230445,1.000000,2.683526,37,33.102300,19.600000,1.100000,1.784430
60,-94.105885,2.351387,0.061685,1.129189,22,40.051500,25.300000,1.500000,0.561050
61,-70.000000,1.530869,0.402267,1.352623,5,1.781510,4.800000,4.600000,0.929872
62,-93.692748,0.549837,0.000000,1.348486,0,83.461100,36.100000,4.400000,1.830740
63,-73.568841,1.530869,0.395223,0.596755,0,1.479970,5.400000,5.100000,1.125300
64,-73.541801,1.530869,0.559673,1.352623,0,14.194300,4.800000,4.400000,1.293730
65,-73.784625,1.530869,0.395223,0.596755,5,0.852823,5.500000,5.300000,1.220410
66,-94.362084,0.549837,0.229144,0.732394,0,58.780200,30.000000,2.700000,1.117050
67,-94.368040,0.549837,0.229144,0.732394,0,55.593300,29.000000,2.500000,1.056230
68,-92.987321,2.351387,0.136305,0.749874,27,139.379000,46.500000,7.700000,1.807170
69,-72.890899,1.530869,0.559673,1.352623,0,3.153360,3.500000,3.300000,1.273450
70,-94.368798,0.549837,0.000000,1.014153,0,57.164800,29.400000,2.600000,1.159290
71,-73.958436,1.530869,0.395223,0.596755,3,1.886050,5.600000,5.400000,1.264850
72,-70.718926,1.530869,0.000000,1.314230,0,0.425899,3.200000,3.100000,0.523002
73,-93.599788,2.351387,0.000000,0.498621,17,91.278400,38.600000,4.700000,0.760027
74,-71.546058,1.530869,0.000000,0.596755,3,7.797690,4.900000,4.600000,0.487710
75,-71.381559,1.530869,0.000000,0.596755,6,5.022680,4.900000,4.700000,0.609105
76,-70.000000,1.530869,0.000000,1.314230,4,2.371670,3.600000,3.400000,0.517336
77,-92.657526,2.351387,0.069651,1.045285,30,135.644000,46.300000,7.500000,1.739780
78,-71.316655,1.530869,0.000000,0.596755,7,7.876570,5.100000,4.700000,0.625221
79,-73.918569,1.530869,1.000000,0.596755,5,9.816290,5.700000,5.000000,1.893640
80,-71.781577,1.530869,0.000000,1.241041,0,4.680090,4.500000,4.400000,0.969070
81,-70.863017,1.530869,0.000000,0.596755,3,0.516519,3.800000,3.600000,0.343645
82,-71.732300,1.530869,0.395223,0.596755,8,10.036500,6.700000,6.000000,0.856443
83,-92.624290,2.351387,0.069651,1.045285,28,134.042000,45.700000,7.400000,1.827560
84,-94.702090,0.230445,0.725951,1.062767,0,34.703500,19.900000,1.200000,0.959421
85,-70.475919,1.530869,0.000000,0.596755,5,9.718590,5.200000,4.800000,0.611352
86,-91.977974,1.530869,0.000000,0.596755,12,119.477000,42.900000,6.500000,0.656717
87,-70.000000,1.530869,0.395223,0.596755,5,6.063340,5.100000,4.900000,1.064900
88,-72.791582,1.530869,0.000000,0.569183,6,11.660600,5.500000,4.700000,0.565931
89,-93.881081,0.549837,0.000000,1.396401,0,70.485700,33.300000,3.500000,1.659470
90,-71.065934,1.530869,0.402267,1.370435,5,8.950610,5.900000,5.300000,1.299890
91,-93.510565,0.549837,0.000000,1.151991,0,88.340200,36.700000,4.700000,1.631250
92,-73.591684,1.530869,0.000000,4.086725,4,7.429000,3.100000,2.900000,1.032640
93,-93.702108,0.549837,0.000000,0.859956,3,97.471400,40.200000,5.200000,1.458210
94,-73.039314,1.530869,0.000000,0.596755,0,11.500900,4.500000,4.100000,0.572365
95,-75.473443,1.530869,0.000000,0.000000,0,6.515070,5.900000,5.400000,0.002400
96,-91.953120,2.351387,0.000000,1.047636,13,152.139000,47.800000,8.500000,1.420880
97,-94.667386,0.230445,1.000000,0.000000,16,36.546900,21.800000,1.300000,0.540285
98,-72.644048,1.530869,0.402267,1.370435,0,0.696704,4.800000,4.800000,1.666700
99,-70.000000,1.530869,0.395223,0.596755,6,3.844320,5.800000,5.500000,1.189470
