[INFO][7] Cantidad de iteraciones: 3000
[INFO][6] Cantidad de iteraciones: 3000
[INFO][1] Cantidad de iteraciones: 3000
[INFO][5] Cantidad de iteraciones: 3000
[INFO][8] Cantidad de iteraciones: 3000
[INFO][4] Cantidad de iteraciones: 3000
[INFO][3] Cantidad de iteraciones: 3000
[INFO][2] Cantidad de iteraciones: 3000

id,borders_threshold,margin_forwarding,min_delay,max_delay,neighbors_threshold,energy,coverage,nforwardings,time
0,-92.980007,0.521126,0.000000,0.556555,7,116.329000,43.000000,6.400000,0.860919
1,-72.642476,1.881383,0.987521,1.113707,4,4.486150,3.600000,3.300000,1.393670
2,-95.000000,0.307764,0.362126,0.595705,46,15.265300,11.000000,0.000000,0.000737
3,-91.848043,2.643654,0.000000,0.219841,0,155.543000,48.400000,8.800000,0.345611
4,-94.492197,0.521126,1.000000,0.016254,25,30.012900,18.900000,0.900000,0.510050
5,-94.657569,0.307764,0.000000,0.595705,33,41.492500,25.000000,1.600000,0.342794
6,-71.745744,1.881383,0.987521,1.919138,0,1.634410,4.900000,4.800000,1.858450
7,-70.000000,1.881383,0.987521,1.164254,3,5.184730,4.100000,3.900000,1.605370
8,-71.576901,1.881383,0.987521,1.816750,1,0.682919,4.300000,4.200000,1.609930
9,-94.651285,0.521126,0.702218,1.520055,13,20.180400,13.800000,0.300000,0.284140
10,-93.689651,0.999589,0.193879,0.000000,0,90.826100,40.300000,4.700000,0.212374
11,-94.593131,0.307764,0.658571,0.231241,42,34.881800,21.400000,1.200000,0.550002
12,-91.935736,0.999589,0.000000,1.361917,10,148.966000,47.500000,8.400000,1.909110
13,-70.000000,1.881383,0.021680,0.784388,6,0.007513,4.700000,4.600000,0.492769
14,-71.036147,2.560429,0.957389,3.045778,0,4.440870,3.900000,3.700000,2.608930
15,-93.100128,0.521126,0.702218,0.132586,35,134.659000,46.400000,7.500000,1.590740
16,-70.000000,1.881383,0.021680,0.932130,0,4.168640,5.400000,5.300000,1.026290
17,-70.000000,1.881383,0.457501,1.505691,4,0.173074,2.900000,2.900000,1.034150
18,-73.644821,1.881383,0.987521,1.905221,0,7.904160,4.400000,4.100000,1.648160
19,-93.154461,0.999589,0.000000,1.361917,11,124.656000,45.000000,6.800000,1.860220
20,-70.000000,1.881383,0.219535,1.816750,4,1.242690,3.800000,3.700000,1.411450
21,-91.066647,0.307764,0.658571,0.231241,46,175.668000,48.900000,10.200000,1.303070
22,-94.086857,0.999589,0.193879,0.000000,0,36.762500,24.100000,1.300000,0.127660
23,-94.716048,0.349637,0.534582,5.000000,0,20.425200,14.500000,0.300000,0.995486
24,-74.253648,1.881383,0.021680,0.004126,1,5.710260,6.000000,5.700000,0.023430
25,-91.328566,0.999589,0.000000,1.361917,11,171.457000,48.600000,9.800000,1.967050
26,-74.982379,1.881383,0.021680,0.004126,3,13.390800,6.400000,6.000000,0.034325
27,-74.214874,1.881383,0.457501,1.505691,0,2.335330,4.500000,4.300000,1.643390
28,-94.679201,0.349637,0.686295,1.320073,10,23.466100,15.600000,0.500000,0.521933
29,-94.347032,0.307764,0.611884,0.027039,28,52.233000,30.100000,2.300000,0.498958
30,-70.210235,1.881383,0.021680,0.575114,6,3.555930,6.200000,5.800000,0.626415
31,-94.618778,0.307764,1.000000,0.617042,33,36.385000,21.700000,1.300000,0.954594
32,-94.658457,0.307764,0.660956,0.534044,27,33.277200,20.700000,1.100000,0.660225
33,-92.631249,2.643654,1.000000,0.000000,10,137.455000,46.900000,7.600000,1.307490
34,-94.286488,0.307764,0.611884,0.027039,29,47.151600,25.800000,2.000000,0.428729
35,-93.074620,0.307764,0.362126,0.640044,38,142.229000,47.200000,8.000000,1.793430
36,-92.955764,0.999589,0.030552,1.361917,14,129.328000,46.000000,7.100000,1.956360
37,-94.684339,0.349637,0.109444,2.994770,13,21.802100,14.800000,0.400000,0.711663
38,-93.464577,0.307764,1.000000,0.073552,42,112.146000,42.600000,6.100000,1.906080
39,-92.842956,1.881383,0.000000,0.957189,27,123.204000,44.500000,6.700000,1.806260
40,-70.464900,1.881383,0.000000,1.979615,6,7.405020,4.700000,4.300000,1.243700
41,-94.461132,2.643654,1.000000,0.344167,2,30.378500,19.200000,0.900000,0.601588
42,-94.864263,0.307764,1.000000,0.932570,28,18.461400,12.400000,0.200000,0.196706
43,-94.551974,0.999589,0.000000,1.361917,2,25.304900,16.200000,0.600000,0.291982
44,-94.509690,1.215815,1.000000,1.048531,33,23.789900,16.000000,0.500000,0.409700
45,-93.204040,0.307764,0.000000,0.534044,24,124.423000,44.900000,6.900000,0.888882
46,-72.480825,1.881383,0.021680,1.816750,0,0.306077,4.900000,4.900000,1.436780
47,-94.811657,0.307764,0.353673,0.668999,32,18.468800,13.400000,0.200000,0.097368
48,-71.821246,1.881383,0.021680,0.287286,6,7.305830,6.300000,5.900000,0.298494
49,-94.636615,0.307764,0.000000,0.595705,35,41.199800,24.800000,1.600000,0.355953
50,-70.765277,1.881383,0.987521,1.164254,0,1.032060,4.100000,4.000000,1.619550
51,-94.390993,0.307764,1.000000,0.000000,45,47.499900,27.200000,2.000000,0.852821
52,-71.583719,1.881383,0.021680,1.816750,0,1.006710,4.400000,4.400000,1.381160
53,-93.924461,0.307764,0.272623,0.595705,34,103.164000,41.800000,5.500000,1.327400
54,-70.365648,1.881383,0.987521,1.164254,0,0.019387,4.000000,3.900000,1.506010
55,-71.166434,1.881383,0.987521,1.113707,0,3.882270,5.000000,4.900000,1.700510
56,-71.358078,1.881383,0.987521,1.113707,0,0.573637,3.600000,3.400000,1.169160
58,-75.573086,1.881383,0.987521,1.816750,6,8.098560,4.700000,4.100000,1.921870
59,-94.696881,0.307764,0.660956,0.534044,26,21.834000,15.200000,0.400000,0.229182
60,-94.182391,0.521126,0.702218,0.000000,10,70.288400,34.700000,3.400000,0.743386
61,-90.983524,1.881383,0.000000,0.957189,16,184.606000,49.000000,10.600000,1.196500
62,-94.249905,0.521126,0.491050,0.000000,5,61.932800,33.100000,2.900000,0.539303
63,-92.939850,0.999589,0.000000,1.361917,11,116.589000,43.900000,6.300000,1.799380
64,-70.000000,1.881383,0.021680,4.049186,1,1.314850,2.900000,2.800000,1.579770
65,-70.152426,1.881383,0.000000,1.637561,7,4.320930,6.600000,6.200000,1.923580
66,-94.571661,0.521126,0.686407,0.113918,4,28.340700,18.300000,0.800000,0.228350
67,-94.351116,0.521126,0.702218,0.016254,0,60.421200,33.000000,2.800000,0.686387
68,-70.000000,1.881383,1.000000,1.113707,2,2.140950,4.600000,4.400000,1.800060
69,-91.572389,0.307764,0.660956,0.534044,20,175.063000,48.700000,10.200000,1.900790
70,-94.400068,0.307764,0.611884,0.027039,28,49.090800,28.600000,2.100000,0.489066
71,-91.434934,2.316670,0.197543,0.924966,21,169.614000,48.500000,9.600000,1.686480
72,-92.348885,2.643654,0.383680,0.537730,0,145.787000,47.400000,8.100000,1.641240
73,-72.571385,1.881383,0.987521,1.816750,1,5.660380,4.600000,4.300000,1.580000
74,-93.671010,0.999589,0.193879,0.000000,0,92.368500,40.500000,4.800000,0.229198
75,-71.978437,1.881383,1.000000,0.000000,6,9.738960,5.500000,4.900000,0.620401
76,-93.913670,0.999589,0.185768,0.000000,0,87.906700,37.100000,4.500000,0.272772
77,-94.634957,0.307764,0.472041,0.156958,41,36.723600,22.000000,1.300000,0.392070
78,-71.468853,1.881383,0.021680,0.287286,7,4.051740,5.200000,4.600000,0.213439
79,-72.286900,1.881383,0.000000,1.979615,0,3.345970,4.400000,4.200000,1.466100
80,-70.000000,1.881383,0.568986,1.816750,0,2.071990,3.400000,3.200000,1.370710
81,-94.845037,0.307764,0.000000,0.000000,48,16.730700,11.400000,0.100000,0.000814
82,-72.308278,1.881383,0.883088,2.214679,0,6.337410,4.500000,4.200000,1.794490
83,-94.691749,0.307764,0.140881,0.928112,49,24.940900,16.100000,0.600000,0.347424
84,-94.389666,0.307764,0.752412,0.043452,24,50.713900,28.700000,2.200000,0.710513
85,-70.509332,2.560429,0.000000,3.045778,1,3.748700,4.300000,4.100000,1.759070
86,-94.266877,0.521126,0.702218,0.016254,7,73.457300,35.900000,3.600000,0.981603
87,-93.940721,0.307764,0.690118,0.064614,41,81.059400,36.600000,4.100000,0.867281
88,-94.359981,0.307764,0.690118,0.064614,41,53.809700,30.500000,2.400000,0.638667
89,-94.354776,0.999589,0.000000,1.410495,0,26.907000,16.600000,0.700000,0.357105
90,-73.123251,1.881383,0.457501,1.505691,7,10.617400,5.800000,5.200000,1.753620
91,-71.447269,1.881383,0.021680,1.816750,0,0.007334,3.200000,3.200000,1.035580
92,-73.708302,1.881383,1.000000,1.101196,0,4.091560,4.700000,4.400000,1.888620
93,-94.169211,0.307764,0.611884,0.027039,29,58.404700,30.700000,2.700000,0.540417
94,-70.000000,1.881383,0.021680,0.004126,8,5.498350,8.200000,7.900000,0.035266
95,-70.000000,1.881383,0.987521,1.164254,5,0.003652,3.700000,3.500000,1.084910
96,-94.615552,0.307764,1.000000,0.027039,40,36.593300,21.800000,1.300000,0.549989
97,-94.187892,0.521126,0.563500,0.000000,27,66.910700,33.800000,3.200000,0.610144
98,-70.000000,1.881383,0.021680,0.575114,8,9.446110,7.000000,6.300000,0.683538
99,-74.299049,1.881383,0.987521,1.816750,0,8.240630,4.300000,3.700000,1.912310
