++ cd /home/clusterusers/siturriaga/itu-maestria/trunk/aedb-mls
++ ITERATIONS=250
++ THREADS=12
++ INSTANCE=50
++ SIMULS=10
++ export LD_LIBRARY_PATH=:/home/clusterusers/siturriaga/ns3Files
++ LD_LIBRARY_PATH=:/home/clusterusers/siturriaga/ns3Files
++ /home/users/siturriaga/bin/mpich2-1.4.1p1/bin/mpiexec -launcher ssh -launcher-exec oarsh -f /var/lib/oar/2644169 -np 9 -ppn 1 bin/mls.rand 13561 250 12 10 50
[DEBUG] argc = 6
===========================================================
Configuración
===========================================================
   Random seed        = 13561
   MPI size           = 9
   MLS.count_threads  = 12
   MLS.max_iterations = 250
   MLS.number_devices = 50
   MLS.simul_runs     = 10
   MLS.init           = MLS__RANDOM
===========================================================
[DEBUG] argc = 6
[DEBUG] argc = 6
[DEBUG] argc = 6
[DEBUG] argc = 6
[DEBUG] argc = 6
[DEBUG] argc = 6
[DEBUG] argc = 6
[DEBUG] argc = 6
[DEBUG][1] Thread 0 starting solution:
-> borders_threshold   : -92.1270
   margin_forwarding   : 2.0168
   min_delay           : 0.4538
   max_delay           : 3.7971
   neighbors_threshold : 17
   energy              : 131.1400
   coverage            : 42.9000
   nforwardings        : 7.2000
   time                : 5.5427
[DEBUG][3] Thread 0 starting solution:
-> borders_threshold   : -89.2155
   margin_forwarding   : 2.6923
   min_delay           : 0.9312
   max_delay           : 4.3375
   neighbors_threshold : 35
   energy              : 200.1170
   coverage            : 48.2000
   nforwardings        : 11.5000
   time                : 7.9094
[DEBUG][4] Thread 0 starting solution:
-> borders_threshold   : -91.4889
   margin_forwarding   : 1.3805
   min_delay           : 0.3807
   max_delay           : 1.2428
   neighbors_threshold : 1
   energy              : 142.6720
   coverage            : 39.1000
   nforwardings        : 8.8000
   time                : 2.6280
[DEBUG][5] Thread 0 starting solution:
-> borders_threshold   : -74.2506
   margin_forwarding   : 2.9900
   min_delay           : 0.9524
   max_delay           : 2.3163
   neighbors_threshold : 5
   energy              : 19.9999
   coverage            : 6.0000
   nforwardings        : 5.8000
   time                : 3.7330
[DEBUG][2] Thread 0 starting solution:
-> borders_threshold   : -81.6813
   margin_forwarding   : 1.8894
   min_delay           : 0.0586
   max_delay           : 4.4800
   neighbors_threshold : 27
   energy              : 404.3000
   coverage            : 49.0000
   nforwardings        : 24.4000
   time                : 4.3899
[INFO][AGA] Kaput!
[INFO] AGA information ============================================ 
[INFO] Population count: 99
[INFO] Population:
(0) borders_threshold   = -71.74
     margin_forwarding   = 2.06
     min_delay           = 0.15
     max_delay           = 1.55
     neighbors_threshold = 7
     energy              = 12.61
     coverage            = 6.90 (0.14)
     nforwardings        = 6.40
     time                = 1.88
0,-71.739349,2.059648,0.148523,1.551050,7,12.610600,6.900000,6.400000,1.877360
(1) borders_threshold   = -94.53
     margin_forwarding   = 0.44
     min_delay           = 0.35
     max_delay           = 3.21
     neighbors_threshold = 45
     energy              = 36.47
     coverage            = 21.10 (0.05)
     nforwardings        = 1.30
     time                = 1.92
1,-94.528647,0.435200,0.346832,3.214328,45,36.469800,21.100000,1.300000,1.915200
(2) borders_threshold   = -71.38
     margin_forwarding   = 2.06
     min_delay           = 0.98
     max_delay           = 1.55
     neighbors_threshold = 6
     energy              = 12.04
     coverage            = 7.70 (0.13)
     nforwardings        = 7.40
     time                = 3.48
2,-71.379527,2.059648,0.981388,1.551050,6,12.037200,7.700000,7.400000,3.482840
(3) borders_threshold   = -70.37
     margin_forwarding   = 2.06
     min_delay           = 0.00
     max_delay           = 0.21
     neighbors_threshold = 5
     energy              = 1.25
     coverage            = 3.60 (0.28)
     nforwardings        = 3.50
     time                = 0.12
3,-70.371613,2.059648,0.000000,0.210176,5,1.246580,3.600000,3.500000,0.120632
(4) borders_threshold   = -93.22
     margin_forwarding   = 0.96
     min_delay           = 0.00
     max_delay           = 0.58
     neighbors_threshold = 20
     energy              = 117.81
     coverage            = 43.70 (0.02)
     nforwardings        = 6.40
     time                = 0.84
4,-93.220277,0.955954,0.000000,0.583690,20,117.815000,43.700000,6.400000,0.839732
(5) borders_threshold   = -93.19
     margin_forwarding   = 0.96
     min_delay           = 0.03
     max_delay           = 0.60
     neighbors_threshold = 16
     energy              = 129.24
     coverage            = 45.60 (0.02)
     nforwardings        = 7.10
     time                = 1.05
5,-93.190465,0.955954,0.033073,0.596601,16,129.237000,45.600000,7.100000,1.048300
(6) borders_threshold   = -93.45
     margin_forwarding   = 0.96
     min_delay           = 0.24
     max_delay           = 0.84
     neighbors_threshold = 25
     energy              = 92.62
     coverage            = 37.70 (0.03)
     nforwardings        = 4.80
     time                = 1.73
6,-93.446340,0.955954,0.241807,0.836265,25,92.617200,37.700000,4.800000,1.728300
(7) borders_threshold   = -94.56
     margin_forwarding   = 0.44
     min_delay           = 0.39
     max_delay           = 2.51
     neighbors_threshold = 49
     energy              = 29.64
     coverage            = 16.80 (0.06)
     nforwardings        = 0.90
     time                = 1.33
7,-94.560771,0.435200,0.392186,2.506277,49,29.637700,16.800000,0.900000,1.333620
(8) borders_threshold   = -93.50
     margin_forwarding   = 0.96
     min_delay           = 0.24
     max_delay           = 0.77
     neighbors_threshold = 27
     energy              = 92.76
     coverage            = 39.40 (0.03)
     nforwardings        = 4.80
     time                = 1.45
8,-93.495451,0.955954,0.241807,0.772585,27,92.758800,39.400000,4.800000,1.454450
(9) borders_threshold   = -91.34
     margin_forwarding   = 0.96
     min_delay           = 0.24
     max_delay           = 0.85
     neighbors_threshold = 26
     energy              = 180.37
     coverage            = 49.00 (0.02)
     nforwardings        = 10.40
     time                = 1.78
9,-91.342365,0.955954,0.241807,0.851494,26,180.373000,49.000000,10.400000,1.783540
(10) borders_threshold   = -72.02
     margin_forwarding   = 2.06
     min_delay           = 0.01
     max_delay           = 1.25
     neighbors_threshold = 7
     energy              = 9.57
     coverage            = 4.70 (0.21)
     nforwardings        = 4.20
     time                = 0.77
10,-72.017948,2.059648,0.010099,1.245708,7,9.565040,4.700000,4.200000,0.774681
(11) borders_threshold   = -71.94
     margin_forwarding   = 2.06
     min_delay           = 0.08
     max_delay           = 1.55
     neighbors_threshold = 5
     energy              = 7.50
     coverage            = 5.40 (0.19)
     nforwardings        = 5.10
     time                = 1.80
11,-71.941069,2.059648,0.075535,1.551050,5,7.500990,5.400000,5.100000,1.803620
(12) borders_threshold   = -94.76
     margin_forwarding   = 0.44
     min_delay           = 0.39
     max_delay           = 2.96
     neighbors_threshold = 48
     energy              = 18.54
     coverage            = 13.40 (0.07)
     nforwardings        = 0.20
     time                = 0.10
12,-94.758401,0.435200,0.392186,2.955474,48,18.539000,13.400000,0.200000,0.100088
(13) borders_threshold   = -93.46
     margin_forwarding   = 0.96
     min_delay           = 0.24
     max_delay           = 0.85
     neighbors_threshold = 24
     energy              = 110.01
     coverage            = 42.90 (0.02)
     nforwardings        = 5.90
     time                = 1.67
13,-93.463257,0.955954,0.241807,0.851494,24,110.011000,42.900000,5.900000,1.667830
(14) borders_threshold   = -73.66
     margin_forwarding   = 2.06
     min_delay           = 1.00
     max_delay           = 2.22
     neighbors_threshold = 0
     energy              = 9.20
     coverage            = 3.70 (0.27)
     nforwardings        = 3.50
     time                = 1.62
14,-73.662401,2.059648,1.000000,2.216146,0,9.204360,3.700000,3.500000,1.623890
(15) borders_threshold   = -94.65
     margin_forwarding   = 0.44
     min_delay           = 0.42
     max_delay           = 3.21
     neighbors_threshold = 47
     energy              = 20.14
     coverage            = 13.80 (0.07)
     nforwardings        = 0.30
     time                = 0.26
15,-94.654128,0.435200,0.422592,3.214328,47,20.141100,13.800000,0.300000,0.258983
(16) borders_threshold   = -72.85
     margin_forwarding   = 2.06
     min_delay           = 0.00
     max_delay           = 1.71
     neighbors_threshold = 2
     energy              = 5.87
     coverage            = 3.80 (0.26)
     nforwardings        = 3.60
     time                = 0.67
16,-72.854184,2.059648,0.000000,1.711360,2,5.870630,3.800000,3.600000,0.674914
(17) borders_threshold   = -93.52
     margin_forwarding   = 0.96
     min_delay           = 0.24
     max_delay           = 0.85
     neighbors_threshold = 24
     energy              = 98.93
     coverage            = 41.30 (0.02)
     nforwardings        = 5.20
     time                = 1.67
17,-93.523611,0.955954,0.241807,0.851494,24,98.933500,41.300000,5.200000,1.668800
(18) borders_threshold   = -94.61
     margin_forwarding   = 0.44
     min_delay           = 0.35
     max_delay           = 3.21
     neighbors_threshold = 46
     energy              = 23.46
     coverage            = 15.20 (0.07)
     nforwardings        = 0.50
     time                = 0.97
18,-94.610364,0.435200,0.346832,3.214328,46,23.459400,15.200000,0.500000,0.971459
(19) borders_threshold   = -94.05
     margin_forwarding   = 0.96
     min_delay           = 0.24
     max_delay           = 0.32
     neighbors_threshold = 10
     energy              = 47.91
     coverage            = 25.80 (0.04)
     nforwardings        = 2.00
     time                = 0.42
19,-94.045935,0.955954,0.235671,0.319764,10,47.909400,25.800000,2.000000,0.421580
(20) borders_threshold   = -94.06
     margin_forwarding   = 0.96
     min_delay           = 0.24
     max_delay           = 0.32
     neighbors_threshold = 8
     energy              = 65.66
     coverage            = 32.40 (0.03)
     nforwardings        = 3.10
     time                = 0.57
20,-94.055352,0.955954,0.235671,0.319764,8,65.662000,32.400000,3.100000,0.568160
(21) borders_threshold   = -92.00
     margin_forwarding   = 0.96
     min_delay           = 0.24
     max_delay           = 0.56
     neighbors_threshold = 18
     energy              = 143.37
     coverage            = 46.40 (0.02)
     nforwardings        = 8.00
     time                = 1.60
21,-92.002712,0.955954,0.241807,0.563463,18,143.366000,46.400000,8.000000,1.597170
(22) borders_threshold   = -94.02
     margin_forwarding   = 0.96
     min_delay           = 0.00
     max_delay           = 0.76
     neighbors_threshold = 29
     energy              = 57.49
     coverage            = 28.00 (0.04)
     nforwardings        = 2.60
     time                = 0.70
22,-94.022051,0.955954,0.000000,0.763234,29,57.488200,28.000000,2.600000,0.696942
(23) borders_threshold   = -72.53
     margin_forwarding   = 2.06
     min_delay           = 0.00
     max_delay           = 1.46
     neighbors_threshold = 4
     energy              = 3.73
     coverage            = 6.30 (0.16)
     nforwardings        = 6.30
     time                = 1.70
23,-72.525674,2.059648,0.000000,1.460401,4,3.730050,6.300000,6.300000,1.698730
(24) borders_threshold   = -92.69
     margin_forwarding   = 1.29
     min_delay           = 0.06
     max_delay           = 0.52
     neighbors_threshold = 24
     energy              = 134.35
     coverage            = 45.90 (0.02)
     nforwardings        = 7.40
     time                = 0.94
24,-92.688569,1.287432,0.062238,0.516531,24,134.350000,45.900000,7.400000,0.940661
(25) borders_threshold   = -94.15
     margin_forwarding   = 0.96
     min_delay           = 0.24
     max_delay           = 0.32
     neighbors_threshold = 9
     energy              = 65.65
     coverage            = 31.90 (0.03)
     nforwardings        = 3.10
     time                = 0.55
25,-94.145759,0.955954,0.235671,0.319764,9,65.651400,31.900000,3.100000,0.550438
(26) borders_threshold   = -95.00
     margin_forwarding   = 0.44
     min_delay           = 0.39
     max_delay           = 3.21
     neighbors_threshold = 49
     energy              = 15.33
     coverage            = 11.00 (0.09)
     nforwardings        = 0.00
     time                = 0.00
26,-95.000000,0.435200,0.392186,3.214328,49,15.334900,11.000000,0.000000,0.000737
(27) borders_threshold   = -91.65
     margin_forwarding   = 0.96
     min_delay           = 0.24
     max_delay           = 0.57
     neighbors_threshold = 20
     energy              = 163.65
     coverage            = 48.40 (0.02)
     nforwardings        = 9.30
     time                = 1.25
27,-91.651079,0.955954,0.241807,0.566174,20,163.651000,48.400000,9.300000,1.250580
(28) borders_threshold   = -94.62
     margin_forwarding   = 0.44
     min_delay           = 0.39
     max_delay           = 3.02
     neighbors_threshold = 46
     energy              = 23.52
     coverage            = 15.60 (0.06)
     nforwardings        = 0.50
     time                = 0.87
28,-94.618913,0.435200,0.392186,3.022421,46,23.521400,15.600000,0.500000,0.866082
(29) borders_threshold   = -70.31
     margin_forwarding   = 2.06
     min_delay           = 1.00
     max_delay           = 1.27
     neighbors_threshold = 4
     energy              = 0.35
     coverage            = 3.50 (0.29)
     nforwardings        = 3.40
     time                = 1.61
29,-70.310543,2.059648,1.000000,1.267961,4,0.350844,3.500000,3.400000,1.606810
(30) borders_threshold   = -91.87
     margin_forwarding   = 0.96
     min_delay           = 0.24
     max_delay           = 0.68
     neighbors_threshold = 22
     energy              = 148.17
     coverage            = 47.00 (0.02)
     nforwardings        = 8.30
     time                = 1.43
30,-91.868685,0.955954,0.241807,0.680172,22,148.168000,47.000000,8.300000,1.427000
(31) borders_threshold   = -72.21
     margin_forwarding   = 2.06
     min_delay           = 0.15
     max_delay           = 1.58
     neighbors_threshold = 6
     energy              = 12.26
     coverage            = 5.80 (0.17)
     nforwardings        = 5.40
     time                = 1.29
31,-72.214306,2.059648,0.148523,1.575996,6,12.256900,5.800000,5.400000,1.291010
(32) borders_threshold   = -94.27
     margin_forwarding   = 0.96
     min_delay           = 0.03
     max_delay           = 0.91
     neighbors_threshold = 14
     energy              = 30.09
     coverage            = 17.80 (0.06)
     nforwardings        = 0.90
     time                = 0.34
32,-94.274093,0.955954,0.033073,0.910154,14,30.093600,17.800000,0.900000,0.336053
(33) borders_threshold   = -94.07
     margin_forwarding   = 0.96
     min_delay           = 0.00
     max_delay           = 0.84
     neighbors_threshold = 29
     energy              = 43.16
     coverage            = 25.00 (0.04)
     nforwardings        = 1.70
     time                = 0.42
33,-94.071980,0.955954,0.000000,0.836265,29,43.162000,25.000000,1.700000,0.419056
(34) borders_threshold   = -94.06
     margin_forwarding   = 1.29
     min_delay           = 0.00
     max_delay           = 0.47
     neighbors_threshold = 27
     energy              = 52.87
     coverage            = 26.80 (0.04)
     nforwardings        = 2.30
     time                = 0.41
34,-94.062355,1.287432,0.000000,0.471250,27,52.868000,26.800000,2.300000,0.411220
(35) borders_threshold   = -94.33
     margin_forwarding   = 0.68
     min_delay           = 0.01
     max_delay           = 2.06
     neighbors_threshold = 21
     energy              = 39.92
     coverage            = 22.70 (0.04)
     nforwardings        = 1.50
     time                = 1.10
35,-94.329551,0.677339,0.013423,2.055692,21,39.922100,22.700000,1.500000,1.101740
(36) borders_threshold   = -93.93
     margin_forwarding   = 0.96
     min_delay           = 0.12
     max_delay           = 1.25
     neighbors_threshold = 26
     energy              = 75.18
     coverage            = 33.90 (0.03)
     nforwardings        = 3.70
     time                = 1.28
36,-93.930282,0.955954,0.117929,1.246792,26,75.183100,33.900000,3.700000,1.280120
(38) borders_threshold   = -94.03
     margin_forwarding   = 0.96
     min_delay           = 0.24
     max_delay           = 0.30
     neighbors_threshold = 14
     energy              = 52.50
     coverage            = 26.50 (0.04)
     nforwardings        = 2.30
     time                = 0.45
38,-94.033980,0.955954,0.241807,0.298619,14,52.504500,26.500000,2.300000,0.452098
(39) borders_threshold   = -70.00
     margin_forwarding   = 2.06
     min_delay           = 0.25
     max_delay           = 1.46
     neighbors_threshold = 4
     energy              = 0.99
     coverage            = 4.80 (0.21)
     nforwardings        = 4.70
     time                = 1.26
39,-70.000000,2.059648,0.247031,1.462239,4,0.993500,4.800000,4.700000,1.263120
(40) borders_threshold   = -71.76
     margin_forwarding   = 2.06
     min_delay           = 0.24
     max_delay           = 1.55
     neighbors_threshold = 7
     energy              = 12.55
     coverage            = 6.60 (0.15)
     nforwardings        = 5.80
     time                = 1.74
40,-71.758381,2.059648,0.235874,1.551050,7,12.554800,6.600000,5.800000,1.744010
(41) borders_threshold   = -94.62
     margin_forwarding   = 0.44
     min_delay           = 0.39
     max_delay           = 3.21
     neighbors_threshold = 48
     energy              = 21.81
     coverage            = 14.80 (0.07)
     nforwardings        = 0.40
     time                = 0.88
41,-94.619582,0.435200,0.392186,3.214328,48,21.805600,14.800000,0.400000,0.877401
(42) borders_threshold   = -91.90
     margin_forwarding   = 0.96
     min_delay           = 0.24
     max_delay           = 0.57
     neighbors_threshold = 13
     energy              = 169.93
     coverage            = 48.90 (0.02)
     nforwardings        = 9.70
     time                = 1.33
42,-91.902935,0.955954,0.241807,0.566174,13,169.926000,48.900000,9.700000,1.328510
(43) borders_threshold   = -94.89
     margin_forwarding   = 0.44
     min_delay           = 0.42
     max_delay           = 0.00
     neighbors_threshold = 48
     energy              = 16.94
     coverage            = 11.10 (0.09)
     nforwardings        = 0.10
     time                = 0.02
43,-94.893165,0.435200,0.422592,0.000000,48,16.937000,11.100000,0.100000,0.023636
(44) borders_threshold   = -93.51
     margin_forwarding   = 0.96
     min_delay           = 0.24
     max_delay           = 0.84
     neighbors_threshold = 24
     energy              = 89.47
     coverage            = 37.60 (0.03)
     nforwardings        = 4.60
     time                = 1.64
44,-93.507428,0.955954,0.241807,0.836265,24,89.472000,37.600000,4.600000,1.644710
(45) borders_threshold   = -94.02
     margin_forwarding   = 0.96
     min_delay           = 0.03
     max_delay           = 0.59
     neighbors_threshold = 24
     energy              = 59.09
     coverage            = 28.60 (0.03)
     nforwardings        = 2.70
     time                = 0.53
45,-94.022345,0.955954,0.025696,0.586417,24,59.088500,28.600000,2.700000,0.528328
(46) borders_threshold   = -91.19
     margin_forwarding   = 0.96
     min_delay           = 0.00
     max_delay           = 0.85
     neighbors_threshold = 26
     energy              = 165.60
     coverage            = 48.70 (0.02)
     nforwardings        = 9.40
     time                = 1.48
46,-91.185422,0.955954,0.000000,0.851494,26,165.599000,48.700000,9.400000,1.483850
(47) borders_threshold   = -70.00
     margin_forwarding   = 2.06
     min_delay           = 0.65
     max_delay           = 1.82
     neighbors_threshold = 0
     energy              = 0.10
     coverage            = 3.70 (0.27)
     nforwardings        = 3.70
     time                = 1.41
47,-70.000000,2.059648,0.650735,1.819594,0,0.101303,3.700000,3.700000,1.409100
(48) borders_threshold   = -93.88
     margin_forwarding   = 1.29
     min_delay           = 0.00
     max_delay           = 0.33
     neighbors_threshold = 25
     energy              = 49.65
     coverage            = 26.40 (0.04)
     nforwardings        = 2.10
     time                = 0.32
48,-93.884683,1.287432,0.000000,0.329918,25,49.645200,26.400000,2.100000,0.321883
(49) borders_threshold   = -91.87
     margin_forwarding   = 0.96
     min_delay           = 0.24
     max_delay           = 0.57
     neighbors_threshold = 24
     energy              = 158.40
     coverage            = 47.90 (0.02)
     nforwardings        = 9.00
     time                = 1.30
49,-91.873096,0.955954,0.241807,0.566174,24,158.402000,47.900000,9.000000,1.300460
(50) borders_threshold   = -73.80
     margin_forwarding   = 2.06
     min_delay           = 1.00
     max_delay           = 1.55
     neighbors_threshold = 1
     energy              = 2.56
     coverage            = 4.60 (0.22)
     nforwardings        = 4.20
     time                = 1.81
50,-73.802282,2.059648,1.000000,1.551050,1,2.560090,4.600000,4.200000,1.810110
(51) borders_threshold   = -94.03
     margin_forwarding   = 0.96
     min_delay           = 0.27
     max_delay           = 0.84
     neighbors_threshold = 28
     energy              = 60.79
     coverage            = 31.30 (0.03)
     nforwardings        = 2.80
     time                = 0.96
51,-94.032060,0.955954,0.273787,0.836265,28,60.785500,31.300000,2.800000,0.959628
(52) borders_threshold   = -93.32
     margin_forwarding   = 0.96
     min_delay           = 0.00
     max_delay           = 0.31
     neighbors_threshold = 29
     energy              = 113.50
     coverage            = 43.10 (0.02)
     nforwardings        = 6.10
     time                = 0.51
52,-93.322140,0.955954,0.000000,0.309151,29,113.502000,43.100000,6.100000,0.506588
(53) borders_threshold   = -71.85
     margin_forwarding   = 2.06
     min_delay           = 1.00
     max_delay           = 1.27
     neighbors_threshold = 0
     energy              = 7.24
     coverage            = 3.90 (0.26)
     nforwardings        = 3.80
     time                = 1.34
53,-71.846374,2.059648,1.000000,1.267961,0,7.240700,3.900000,3.800000,1.335040
(54) borders_threshold   = -94.61
     margin_forwarding   = 0.96
     min_delay           = 0.00
     max_delay           = 0.02
     neighbors_threshold = 19
     energy              = 28.76
     coverage            = 16.70 (0.06)
     nforwardings        = 0.80
     time                = 0.01
54,-94.612295,0.955954,0.000000,0.017801,19,28.760800,16.700000,0.800000,0.011132
(55) borders_threshold   = -71.54
     margin_forwarding   = 2.06
     min_delay           = 0.15
     max_delay           = 1.55
     neighbors_threshold = 8
     energy              = 13.13
     coverage            = 7.10 (0.14)
     nforwardings        = 6.40
     time                = 1.77
55,-71.539998,2.059648,0.148523,1.551050,8,13.127300,7.100000,6.400000,1.772280
(56) borders_threshold   = -71.02
     margin_forwarding   = 2.06
     min_delay           = 0.18
     max_delay           = 1.55
     neighbors_threshold = 0
     energy              = 0.21
     coverage            = 3.30 (0.30)
     nforwardings        = 3.30
     time                = 0.80
56,-71.020035,2.059648,0.183299,1.551050,0,0.214561,3.300000,3.300000,0.804053
(57) borders_threshold   = -70.79
     margin_forwarding   = 2.06
     min_delay           = 0.00
     max_delay           = 1.11
     neighbors_threshold = 7
     energy              = 9.07
     coverage            = 6.50 (0.15)
     nforwardings        = 6.00
     time                = 1.01
57,-70.790261,2.059648,0.000000,1.110241,7,9.068900,6.500000,6.000000,1.014030
(58) borders_threshold   = -70.00
     margin_forwarding   = 2.06
     min_delay           = 0.25
     max_delay           = 1.55
     neighbors_threshold = 5
     energy              = 2.75
     coverage            = 2.90 (0.34)
     nforwardings        = 2.80
     time                = 0.65
58,-70.000000,2.059648,0.247031,1.551050,5,2.753210,2.900000,2.800000,0.647190
(59) borders_threshold   = -94.17
     margin_forwarding   = 0.68
     min_delay           = 0.01
     max_delay           = 2.06
     neighbors_threshold = 24
     energy              = 55.65
     coverage            = 27.60 (0.04)
     nforwardings        = 2.50
     time                = 1.70
59,-94.173361,0.677339,0.013423,2.055692,24,55.647100,27.600000,2.500000,1.701110
(60) borders_threshold   = -94.11
     margin_forwarding   = 0.96
     min_delay           = 1.00
     max_delay           = 0.85
     neighbors_threshold = 27
     energy              = 33.57
     coverage            = 19.70 (0.05)
     nforwardings        = 1.10
     time                = 0.73
60,-94.113027,0.955954,1.000000,0.851494,27,33.565200,19.700000,1.100000,0.729733
(61) borders_threshold   = -72.83
     margin_forwarding   = 2.06
     min_delay           = 0.00
     max_delay           = 0.21
     neighbors_threshold = 4
     energy              = 5.93
     coverage            = 3.60 (0.28)
     nforwardings        = 3.40
     time                = 0.14
61,-72.827910,2.059648,0.000000,0.210176,4,5.933500,3.600000,3.400000,0.139580
(62) borders_threshold   = -94.04
     margin_forwarding   = 1.29
     min_delay           = 0.00
     max_delay           = 0.33
     neighbors_threshold = 25
     energy              = 38.18
     coverage            = 21.90 (0.05)
     nforwardings        = 1.40
     time                = 0.18
62,-94.044979,1.287432,0.000000,0.329918,25,38.182200,21.900000,1.400000,0.180588
(63) borders_threshold   = -70.00
     margin_forwarding   = 2.06
     min_delay           = 0.62
     max_delay           = 1.46
     neighbors_threshold = 0
     energy              = 0.02
     coverage            = 3.90 (0.26)
     nforwardings        = 3.90
     time                = 1.26
63,-70.000000,2.059648,0.623434,1.460401,0,0.022357,3.900000,3.900000,1.263960
(64) borders_threshold   = -94.34
     margin_forwarding   = 0.96
     min_delay           = 0.24
     max_delay           = 0.96
     neighbors_threshold = 23
     energy              = 26.89
     coverage            = 16.60 (0.06)
     nforwardings        = 0.70
     time                = 0.30
64,-94.338405,0.955954,0.241807,0.958517,23,26.889500,16.600000,0.700000,0.296446
(65) borders_threshold   = -94.55
     margin_forwarding   = 0.96
     min_delay           = 0.24
     max_delay           = 0.96
     neighbors_threshold = 22
     energy              = 25.29
     coverage            = 16.20 (0.06)
     nforwardings        = 0.60
     time                = 0.27
65,-94.546529,0.955954,0.241807,0.958517,22,25.287500,16.200000,0.600000,0.265137
(66) borders_threshold   = -70.10
     margin_forwarding   = 2.06
     min_delay           = 0.00
     max_delay           = 1.27
     neighbors_threshold = 7
     energy              = 13.87
     coverage            = 9.60 (0.10)
     nforwardings        = 8.80
     time                = 1.59
66,-70.095602,2.059648,0.000000,1.267961,7,13.866000,9.600000,8.800000,1.587550
(67) borders_threshold   = -91.65
     margin_forwarding   = 0.96
     min_delay           = 0.24
     max_delay           = 0.56
     neighbors_threshold = 19
     energy              = 168.83
     coverage            = 48.80 (0.02)
     nforwardings        = 9.60
     time                = 1.23
67,-91.653527,0.955954,0.241807,0.563463,19,168.830000,48.800000,9.600000,1.232180
(68) borders_threshold   = -72.80
     margin_forwarding   = 2.06
     min_delay           = 0.24
     max_delay           = 1.56
     neighbors_threshold = 1
     energy              = 6.57
     coverage            = 4.10 (0.24)
     nforwardings        = 4.10
     time                = 1.19
68,-72.797604,2.059648,0.235874,1.558059,1,6.574600,4.100000,4.100000,1.191590
(69) borders_threshold   = -92.74
     margin_forwarding   = 0.96
     min_delay           = 0.24
     max_delay           = 0.85
     neighbors_threshold = 23
     energy              = 143.58
     coverage            = 46.60 (0.02)
     nforwardings        = 8.00
     time                = 1.65
69,-92.740218,0.955954,0.241807,0.851494,23,143.578000,46.600000,8.000000,1.647200
(70) borders_threshold   = -94.54
     margin_forwarding   = 0.96
     min_delay           = 0.00
     max_delay           = 0.02
     neighbors_threshold = 17
     energy              = 35.21
     coverage            = 20.60 (0.05)
     nforwardings        = 1.20
     time                = 0.01
70,-94.540954,0.955954,0.000000,0.017801,17,35.212300,20.600000,1.200000,0.011922
(71) borders_threshold   = -70.00
     margin_forwarding   = 2.06
     min_delay           = 0.00
     max_delay           = 1.27
     neighbors_threshold = 8
     energy              = 13.88
     coverage            = 11.00 (0.09)
     nforwardings        = 10.00
     time                = 1.65
71,-70.000000,2.059648,0.000000,1.267961,8,13.877400,11.000000,10.000000,1.654280
(72) borders_threshold   = -71.64
     margin_forwarding   = 2.06
     min_delay           = 0.15
     max_delay           = 1.55
     neighbors_threshold = 6
     energy              = 8.98
     coverage            = 5.40 (0.19)
     nforwardings        = 4.90
     time                = 1.78
72,-71.643878,2.059648,0.148523,1.551050,6,8.983600,5.400000,4.900000,1.780480
(73) borders_threshold   = -94.01
     margin_forwarding   = 1.29
     min_delay           = 0.00
     max_delay           = 0.53
     neighbors_threshold = 26
     energy              = 56.07
     coverage            = 27.70 (0.04)
     nforwardings        = 2.50
     time                = 0.53
73,-94.010872,1.287432,0.000000,0.534910,26,56.072100,27.700000,2.500000,0.531367
(74) borders_threshold   = -71.35
     margin_forwarding   = 2.06
     min_delay           = 0.15
     max_delay           = 1.55
     neighbors_threshold = 4
     energy              = 4.35
     coverage            = 3.50 (0.29)
     nforwardings        = 3.20
     time                = 0.60
74,-71.348076,2.059648,0.148523,1.551050,4,4.347200,3.500000,3.200000,0.603753
(75) borders_threshold   = -94.04
     margin_forwarding   = 1.32
     min_delay           = 0.09
     max_delay           = 0.83
     neighbors_threshold = 13
     energy              = 41.61
     coverage            = 24.00 (0.04)
     nforwardings        = 1.60
     time                = 0.37
75,-94.037070,1.323694,0.086993,0.831000,13,41.612100,24.000000,1.600000,0.370385
(76) borders_threshold   = -72.44
     margin_forwarding   = 2.06
     min_delay           = 0.90
     max_delay           = 1.46
     neighbors_threshold = 0
     energy              = 4.76
     coverage            = 5.50 (0.18)
     nforwardings        = 5.50
     time                = 1.82
76,-72.442984,2.059648,0.900787,1.460401,0,4.760420,5.500000,5.500000,1.820310
(77) borders_threshold   = -94.03
     margin_forwarding   = 0.96
     min_delay           = 0.00
     max_delay           = 0.84
     neighbors_threshold = 28
     energy              = 67.26
     coverage            = 32.90 (0.03)
     nforwardings        = 3.20
     time                = 0.86
77,-94.030771,0.955954,0.000000,0.836265,28,67.264000,32.900000,3.200000,0.855615
(78) borders_threshold   = -73.93
     margin_forwarding   = 2.06
     min_delay           = 0.00
     max_delay           = 1.46
     neighbors_threshold = 3
     energy              = 14.38
     coverage            = 7.80 (0.13)
     nforwardings        = 7.20
     time                = 1.98
78,-73.926853,2.059648,0.000000,1.460401,3,14.381100,7.800000,7.200000,1.981360
(79) borders_threshold   = -70.91
     margin_forwarding   = 2.06
     min_delay           = 1.00
     max_delay           = 1.27
     neighbors_threshold = 5
     energy              = 8.81
     coverage            = 5.60 (0.18)
     nforwardings        = 5.10
     time                = 1.82
79,-70.905925,2.059648,1.000000,1.267961,5,8.811090,5.600000,5.100000,1.824590
(80) borders_threshold   = -93.54
     margin_forwarding   = 0.96
     min_delay           = 0.24
     max_delay           = 0.57
     neighbors_threshold = 4
     energy              = 73.10
     coverage            = 33.60 (0.03)
     nforwardings        = 3.60
     time                = 0.91
80,-93.543455,0.955954,0.241807,0.566174,4,73.103000,33.600000,3.600000,0.910979
(81) borders_threshold   = -71.44
     margin_forwarding   = 2.06
     min_delay           = 1.00
     max_delay           = 1.27
     neighbors_threshold = 2
     energy              = 1.61
     coverage            = 4.00 (0.25)
     nforwardings        = 3.90
     time                = 1.62
81,-71.440296,2.059648,1.000000,1.267961,2,1.611560,4.000000,3.900000,1.616220
(82) borders_threshold   = -94.56
     margin_forwarding   = 0.96
     min_delay           = 0.61
     max_delay           = 0.85
     neighbors_threshold = 23
     energy              = 23.73
     coverage            = 16.00 (0.06)
     nforwardings        = 0.50
     time                = 0.30
82,-94.564521,0.955954,0.610277,0.851494,23,23.730900,16.000000,0.500000,0.296696
(83) borders_threshold   = -94.02
     margin_forwarding   = 0.96
     min_delay           = 0.24
     max_delay           = 0.84
     neighbors_threshold = 21
     energy              = 81.33
     coverage            = 35.60 (0.03)
     nforwardings        = 4.10
     time                = 1.30
83,-94.020257,0.955954,0.241807,0.836265,21,81.327000,35.600000,4.100000,1.301530
(84) borders_threshold   = -70.00
     margin_forwarding   = 2.06
     min_delay           = 1.00
     max_delay           = 1.27
     neighbors_threshold = 5
     energy              = 1.43
     coverage            = 3.10 (0.32)
     nforwardings        = 2.90
     time                = 0.81
84,-70.000000,2.059648,1.000000,1.267961,5,1.425870,3.100000,2.900000,0.814669
(85) borders_threshold   = -70.00
     margin_forwarding   = 2.06
     min_delay           = 0.90
     max_delay           = 1.46
     neighbors_threshold = 4
     energy              = 2.80
     coverage            = 3.30 (0.30)
     nforwardings        = 3.10
     time                = 1.08
85,-70.000000,2.059648,0.900787,1.460401,4,2.795200,3.300000,3.100000,1.080960
(86) borders_threshold   = -71.96
     margin_forwarding   = 2.06
     min_delay           = 0.18
     max_delay           = 1.55
     neighbors_threshold = 8
     energy              = 5.74
     coverage            = 6.80 (0.15)
     nforwardings        = 6.30
     time                = 2.00
86,-71.960935,2.059648,0.184058,1.551050,8,5.742900,6.800000,6.300000,1.996330
(87) borders_threshold   = -71.04
     margin_forwarding   = 2.06
     min_delay           = 0.25
     max_delay           = 1.55
     neighbors_threshold = 6
     energy              = 7.75
     coverage            = 6.90 (0.14)
     nforwardings        = 6.70
     time                = 1.44
87,-71.040283,2.059648,0.247031,1.551050,6,7.745080,6.900000,6.700000,1.439660
(88) borders_threshold   = -94.85
     margin_forwarding   = 0.96
     min_delay           = 0.00
     max_delay           = 0.00
     neighbors_threshold = 23
     energy              = 17.07
     coverage            = 11.40 (0.09)
     nforwardings        = 0.10
     time                = 0.00
88,-94.853014,0.955954,0.000000,0.000000,23,17.068300,11.400000,0.100000,0.000814
(89) borders_threshold   = -92.20
     margin_forwarding   = 0.96
     min_delay           = 0.00
     max_delay           = 0.84
     neighbors_threshold = 35
     energy              = 152.67
     coverage            = 47.70 (0.02)
     nforwardings        = 8.60
     time                = 1.36
89,-92.198404,0.955954,0.000000,0.836265,35,152.674000,47.700000,8.600000,1.358670
(90) borders_threshold   = -70.46
     margin_forwarding   = 2.06
     min_delay           = 0.24
     max_delay           = 1.55
     neighbors_threshold = 7
     energy              = 6.24
     coverage            = 6.30 (0.16)
     nforwardings        = 5.50
     time                = 1.58
90,-70.459900,2.059648,0.235874,1.551050,7,6.240020,6.300000,5.500000,1.578370
(91) borders_threshold   = -71.33
     margin_forwarding   = 2.06
     min_delay           = 0.83
     max_delay           = 1.46
     neighbors_threshold = 0
     energy              = 0.57
     coverage            = 3.30 (0.30)
     nforwardings        = 3.20
     time                = 1.17
91,-71.332301,2.059648,0.833734,1.460401,0,0.568556,3.300000,3.200000,1.169240
(92) borders_threshold   = -91.88
     margin_forwarding   = 0.96
     min_delay           = 0.27
     max_delay           = 0.55
     neighbors_threshold = 21
     energy              = 150.27
     coverage            = 47.10 (0.02)
     nforwardings        = 8.50
     time                = 1.24
92,-91.878236,0.955954,0.267383,0.547578,21,150.266000,47.100000,8.500000,1.240920
(93) borders_threshold   = -94.09
     margin_forwarding   = 0.96
     min_delay           = 0.03
     max_delay           = 1.42
     neighbors_threshold = 0
     energy              = 41.52
     coverage            = 23.80 (0.04)
     nforwardings        = 1.60
     time                = 0.70
93,-94.087223,0.955954,0.033073,1.419925,0,41.516000,23.800000,1.600000,0.698545
(94) borders_threshold   = -93.12
     margin_forwarding   = 0.96
     min_delay           = 0.24
     max_delay           = 0.57
     neighbors_threshold = 6
     energy              = 124.10
     coverage            = 45.20 (0.02)
     nforwardings        = 6.80
     time                = 1.35
94,-93.121759,0.955954,0.241807,0.566174,6,124.097000,45.200000,6.800000,1.349710
(95) borders_threshold   = -93.16
     margin_forwarding   = 0.96
     min_delay           = 0.00
     max_delay           = 0.59
     neighbors_threshold = 27
     energy              = 119.20
     coverage            = 44.20 (0.02)
     nforwardings        = 6.50
     time                = 0.96
95,-93.160896,0.955954,0.000000,0.586417,27,119.201000,44.200000,6.500000,0.958692
(96) borders_threshold   = -93.64
     margin_forwarding   = 0.96
     min_delay           = 0.25
     max_delay           = 0.93
     neighbors_threshold = 20
     energy              = 86.36
     coverage            = 36.80 (0.03)
     nforwardings        = 4.40
     time                = 1.39
96,-93.637805,0.955954,0.253525,0.930870,20,86.362900,36.800000,4.400000,1.388280
(97) borders_threshold   = -70.00
     margin_forwarding   = 2.06
     min_delay           = 0.00
     max_delay           = 0.21
     neighbors_threshold = 6
     energy              = 4.30
     coverage            = 4.90 (0.20)
     nforwardings        = 4.30
     time                = 0.15
97,-70.000000,2.059648,0.000000,0.210176,6,4.297900,4.900000,4.300000,0.151178
(98) borders_threshold   = -70.06
     margin_forwarding   = 2.06
     min_delay           = 0.00
     max_delay           = 1.27
     neighbors_threshold = 6
     energy              = 5.76
     coverage            = 5.20 (0.19)
     nforwardings        = 4.70
     time                = 1.08
98,-70.060922,2.059648,0.000000,1.267961,6,5.756280,5.200000,4.700000,1.084390
(99) borders_threshold   = -94.18
     margin_forwarding   = 0.96
     min_delay           = 0.12
     max_delay           = 0.77
     neighbors_threshold = 15
     energy              = 31.70
     coverage            = 18.30 (0.05)
     nforwardings        = 1.00
     time                = 0.38
99,-94.175385,0.955954,0.115112,0.765157,15,31.695700,18.300000,1.000000,0.378147

real	188m59.482s
user	157m27.662s
sys	31m13.593s
