[INFO][3] Cantidad de iteraciones: 3000
[INFO][7] Cantidad de iteraciones: 3000
[INFO][5] Cantidad de iteraciones: 3000
[INFO][2] Cantidad de iteraciones: 3000
[INFO][4] Cantidad de iteraciones: 3000
[INFO][8] Cantidad de iteraciones: 3000
[INFO][1] Cantidad de iteraciones: 3000
[INFO][6] Cantidad de iteraciones: 3000

id,borders_threshold,margin_forwarding,min_delay,max_delay,neighbors_threshold,energy,coverage,nforwardings,time
0,-76.303806,1.136803,0.802498,0.180254,1,8.096360,13.300000,12.200000,1.999030
1,-94.188046,0.052108,1.000000,0.000000,28,94.070300,59.500000,5.000000,1.539690
2,-75.218599,1.136803,0.802498,0.180254,0,7.076450,12.100000,11.000000,1.982350
3,-94.919653,0.052108,1.000000,1.130780,36,22.147200,23.900000,0.400000,0.425324
4,-73.906725,1.241548,0.000000,0.348952,6,5.681240,6.500000,5.900000,0.400745
5,-73.969194,1.241548,0.618022,0.314984,1,0.284578,9.600000,9.200000,1.554290
6,-94.520039,0.334531,0.000000,1.556954,27,44.528300,37.700000,1.800000,1.474600
7,-94.613103,0.052108,0.029046,0.000000,32,57.085600,43.000000,2.600000,0.029318
8,-92.575523,2.085860,0.637088,0.000000,26,161.799000,73.500000,9.100000,0.991946
9,-73.998915,1.241548,0.618022,0.145563,5,2.321390,6.300000,5.800000,0.916761
10,-74.047736,1.836234,0.319511,2.083406,6,11.301400,13.600000,12.400000,5.186790
11,-94.091173,0.703461,0.097000,0.000000,0,111.648000,65.400000,6.000000,0.189630
12,-95.000000,0.052108,0.020400,3.011838,35,15.719000,17.700000,0.000000,0.000787
13,-94.946122,0.052108,1.000000,1.071741,39,20.409600,21.700000,0.300000,0.308318
14,-94.175440,0.703461,0.000000,1.236234,3,89.474300,58.400000,4.600000,1.502590
15,-75.321582,1.241548,0.627007,0.090250,6,1.602880,11.600000,10.700000,1.254750
16,-94.690153,0.703461,0.752704,1.236234,8,23.826700,27.400000,0.500000,0.504647
17,-75.238746,1.136803,0.000000,0.308045,0,0.765481,10.400000,9.400000,0.540689
18,-91.682383,1.241548,0.000000,0.733582,15,183.831000,74.000000,10.500000,0.862609
19,-73.960506,1.241548,0.013391,0.314984,0,0.222023,8.500000,8.000000,0.578154
20,-75.134028,1.241548,0.013391,0.792735,7,11.390500,12.200000,10.900000,1.715600
21,-75.001379,1.136803,0.802498,0.180985,0,0.846833,12.000000,11.000000,1.994360
22,-74.843407,1.241548,0.555312,0.145563,0,1.432450,12.500000,11.400000,1.609030
23,-74.985417,1.241548,0.450079,0.254718,0,3.266190,12.000000,10.900000,1.394530
24,-94.456306,0.052108,0.020400,0.000000,35,83.872100,56.900000,4.300000,0.028462
25,-73.143928,1.136803,0.000000,0.579470,11,12.486600,11.800000,10.300000,0.920990
26,-93.556176,0.577386,0.972843,0.000000,29,122.598000,68.000000,6.700000,1.368120
27,-94.744988,0.577386,0.972843,3.401574,12,22.215400,25.300000,0.400000,0.918081
28,-74.630369,1.241548,0.618022,0.145563,8,14.073700,13.200000,11.600000,1.617150
29,-73.853273,1.241548,0.618022,0.145563,6,3.264060,6.400000,5.700000,0.829222
30,-75.774139,1.241548,0.618022,0.327368,5,5.221150,11.500000,10.200000,1.765470
31,-74.286791,1.241548,0.618022,0.308496,0,0.826317,9.000000,8.400000,1.418070
32,-74.688255,1.241548,0.618022,0.145563,0,0.413492,14.200000,13.000000,1.694910
33,-74.175054,1.136803,0.000000,0.180254,0,2.021520,11.200000,10.100000,0.336927
34,-94.071596,0.052108,0.020400,0.994184,38,98.010900,62.200000,5.200000,1.246530
35,-94.957903,0.052108,0.020400,3.011838,37,17.285700,18.600000,0.100000,0.153781
36,-92.160221,2.815224,0.000000,1.129061,44,166.614000,73.700000,9.400000,1.412280
37,-94.789583,0.052108,0.045932,0.000000,29,37.952700,34.900000,1.400000,0.032527
38,-94.755920,0.052108,1.000000,1.071741,38,37.790200,33.200000,1.400000,1.465080
39,-74.959566,1.136803,0.802498,0.215656,1,0.519229,11.400000,10.400000,1.778710
40,-92.620367,2.815224,0.000000,1.129061,43,157.002000,72.900000,8.800000,1.902130
41,-93.931818,0.577386,1.000000,0.000000,30,125.834000,68.400000,6.900000,1.673680
42,-75.176250,1.241548,0.013391,0.508703,0,1.354640,13.200000,12.200000,1.616660
43,-74.279301,1.241548,0.618022,0.314984,4,1.371240,6.100000,5.300000,0.936838
44,-75.054152,1.136803,0.802498,0.180254,0,2.668500,10.600000,9.600000,1.581040
45,-94.845743,0.052108,0.269009,0.000000,25,34.534100,33.000000,1.200000,0.126860
46,-74.404345,1.241548,0.000000,0.314984,7,0.095001,8.200000,7.500000,0.423997
47,-74.183822,1.241548,0.618022,0.308496,0,2.215200,9.300000,8.500000,1.424100
48,-94.795752,0.052108,0.020400,1.176814,36,31.302800,30.000000,1.000000,0.822090
49,-94.518965,0.052108,0.029046,0.000000,34,72.713400,50.500000,3.600000,0.037756
50,-73.877414,1.241548,0.013391,0.314984,7,0.503226,12.200000,11.200000,0.638365
51,-94.946722,0.052108,1.000000,1.130780,35,18.943100,21.300000,0.200000,0.205941
52,-95.000000,0.334531,0.000000,1.556954,13,15.788300,17.800000,0.000000,0.000787
53,-75.044040,1.241548,0.575879,0.254718,0,5.121840,13.900000,12.800000,1.651280
54,-74.551841,1.241548,0.013391,0.314984,2,1.676470,7.600000,7.000000,0.469128
55,-94.990182,0.577386,0.964608,2.975351,4,17.409300,19.300000,0.100000,0.283242
57,-94.904040,0.052108,0.020400,0.000000,20,32.794200,31.800000,1.100000,0.006723
58,-74.386477,1.241548,0.640302,0.314984,1,0.531492,9.700000,9.400000,1.679920
59,-74.111844,1.241548,0.013391,0.314984,2,1.925340,8.600000,8.100000,0.585396
60,-94.693084,0.052108,1.000000,1.130780,43,47.424200,40.000000,2.000000,1.707640
61,-93.670756,0.052108,1.000000,0.000000,39,119.758000,67.000000,6.600000,1.441740
62,-94.443445,0.334531,0.000000,1.420019,14,65.213700,48.000000,3.100000,1.550340
63,-94.745992,0.052108,0.020400,0.000000,25,44.279800,36.700000,1.800000,0.021600
64,-73.772155,1.241548,0.618022,0.314984,3,1.615390,9.200000,8.800000,1.579660
65,-70.000000,1.241548,0.618022,0.314984,14,17.775200,19.800000,19.100000,1.865330
66,-94.469002,0.052108,0.045932,0.000000,28,69.634500,49.000000,3.400000,0.050552
67,-94.505748,1.241548,0.112064,0.314984,13,44.763700,38.100000,1.800000,0.306915
68,-74.597818,1.241548,0.013391,0.314984,1,2.028880,7.000000,6.300000,0.414734
69,-75.067113,1.241548,0.618022,0.314984,10,15.530800,12.100000,10.800000,1.824440
70,-75.062716,1.241548,0.013391,0.314984,1,0.299472,9.900000,9.500000,0.744197
71,-73.977240,1.136803,0.571972,0.180254,3,1.037890,6.800000,6.500000,1.002570
72,-72.893847,1.136803,0.000000,0.180254,13,11.054000,17.300000,16.600000,0.356109
73,-94.814454,0.577386,0.972843,3.401574,21,20.613400,22.800000,0.300000,0.762154
74,-74.068460,1.241548,0.618022,0.145563,8,3.057370,9.800000,8.800000,1.154640
75,-75.112907,1.241548,0.618022,0.327368,0,4.363980,10.000000,9.100000,1.739470
76,-94.088926,0.703461,0.000000,1.236234,2,103.352000,63.200000,5.500000,1.980130
77,-94.897747,0.052108,0.045932,0.933611,46,31.298500,28.600000,1.000000,0.592316
78,-94.694105,0.334531,0.165664,1.636614,24,26.923000,28.400000,0.700000,0.516294
79,-94.581617,0.052108,0.045932,0.933611,44,59.985500,46.200000,2.800000,0.899840
80,-94.755897,0.052108,0.045932,0.000000,28,39.551700,36.000000,1.500000,0.036659
81,-75.932476,1.241548,0.013391,0.508703,3,10.388500,11.800000,10.500000,1.182310
82,-93.951363,0.902497,1.000000,0.163633,47,76.579500,52.800000,3.800000,1.426430
83,-94.240507,2.085860,0.693834,0.602669,20,57.664600,43.800000,2.600000,1.418890
84,-74.270824,1.241548,0.618022,0.000000,6,3.146270,5.900000,5.200000,0.554336
85,-92.012237,0.902497,0.914455,0.000000,45,178.371000,73.900000,10.200000,1.183030
86,-73.923386,1.241548,0.618022,0.145563,7,1.198800,13.000000,11.500000,1.445510
87,-76.502243,1.136803,0.000000,0.499425,0,9.121110,9.700000,8.500000,0.777276
88,-93.357881,0.052108,0.289892,0.000000,17,140.088000,71.600000,7.900000,0.416514
89,-94.588605,0.334531,0.000000,1.556954,3,49.265900,41.600000,2.100000,1.735910
90,-70.000000,1.241548,0.618022,0.145563,11,1.197220,10.900000,9.700000,0.955498
91,-92.620332,1.241548,0.013391,0.447303,15,161.500000,73.400000,9.100000,0.638766
92,-73.554982,1.241548,0.618022,0.145563,9,4.923900,8.100000,7.300000,0.614556
93,-73.955596,1.241548,0.000000,0.314984,6,0.238590,7.500000,7.000000,0.452165
94,-75.579060,1.241548,0.618022,0.145563,0,0.797107,6.500000,6.300000,1.221750
95,-74.535189,1.241548,0.013391,0.391583,7,6.105580,9.100000,8.100000,0.559321
96,-74.387741,1.241548,0.618022,0.115276,0,1.816120,9.800000,9.200000,1.209420
97,-93.052810,1.241548,0.013391,0.314984,10,135.870000,69.100000,7.500000,0.539500
98,-73.775421,1.241548,0.618022,0.327368,6,3.329430,9.400000,8.200000,1.591500
99,-93.508472,1.241548,0.073637,0.686207,9,148.830000,72.600000,8.300000,1.427270
