[INFO][1] Cantidad de iteraciones: 3000
[INFO][8] Cantidad de iteraciones: 3000
[INFO][7] Cantidad de iteraciones: 3000
[INFO][6] Cantidad de iteraciones: 3000
[INFO][3] Cantidad de iteraciones: 3000
[INFO][5] Cantidad de iteraciones: 3000
[INFO][4] Cantidad de iteraciones: 3000
[INFO][2] Cantidad de iteraciones: 3000

id,borders_threshold,margin_forwarding,min_delay,max_delay,neighbors_threshold,energy,coverage,nforwardings,time
0,-71.669037,1.555722,0.136712,1.669489,8,5.769990,6.000000,5.600000,1.935170
1,-92.506525,1.555722,0.136712,0.818577,15,144.003000,47.500000,8.000000,1.671070
2,-95.000000,0.116418,1.000000,2.521082,11,15.142200,11.000000,0.000000,0.000737
3,-91.767109,2.221663,0.000000,1.115532,10,156.570000,47.600000,8.800000,1.510720
4,-74.213727,1.555722,0.136712,0.818577,6,14.545300,8.600000,8.300000,1.618150
5,-94.870077,0.116418,0.200332,2.521082,0,28.079600,17.000000,0.800000,1.114000
6,-93.967214,0.701379,0.000000,1.034171,24,79.559700,34.000000,4.000000,1.282770
7,-93.092830,0.701379,0.000000,1.179599,12,124.051000,44.200000,6.800000,1.836880
8,-73.836207,1.555722,0.136712,1.000210,0,10.540000,7.600000,7.500000,1.817500
9,-94.883421,0.116418,0.260519,2.468281,4,23.132600,15.800000,0.500000,0.968275
10,-90.141138,1.555722,0.136712,0.000000,16,192.848000,48.900000,11.100000,0.176363
11,-94.048257,1.555722,0.000000,0.709347,0,38.275100,21.800000,1.400000,0.389196
12,-94.099742,1.555722,0.036030,0.818577,0,38.438300,24.100000,1.400000,0.333267
13,-93.701009,2.221663,0.000368,0.606869,8,92.919500,38.200000,4.800000,1.001370
14,-73.524180,1.555722,0.136712,1.926752,6,8.961150,5.700000,5.100000,1.892450
15,-73.562960,1.555722,0.136712,1.926752,6,2.817410,4.800000,4.600000,1.492580
16,-94.823412,0.116418,0.243733,2.521082,0,31.291700,18.900000,1.000000,1.223120
17,-72.620452,1.555722,1.000000,0.818577,6,14.541000,7.200000,6.600000,1.907520
18,-89.017079,1.555722,0.136712,0.818577,13,216.664000,49.000000,12.800000,1.351520
19,-94.698175,0.298535,0.132855,4.373005,36,25.113900,16.300000,0.600000,1.969720
20,-94.796476,0.298535,0.132855,4.373005,36,18.462300,13.400000,0.200000,0.446405
21,-76.239517,1.555722,0.136712,0.818577,0,12.834000,7.300000,6.900000,1.276380
22,-93.509121,2.221663,0.268317,0.565564,1,102.532000,41.500000,5.400000,1.203210
23,-94.078874,2.221663,0.035612,0.089579,4,51.239500,27.400000,2.200000,0.108318
24,-92.826271,1.555722,0.000000,1.002723,14,120.003000,43.700000,6.500000,1.617820
25,-94.879483,0.116418,0.243733,2.521082,9,29.801500,18.500000,0.900000,1.002390
26,-74.122289,1.555722,0.000000,0.818577,0,6.246990,6.300000,6.200000,1.140090
27,-94.831075,0.298535,0.132855,4.373005,36,16.861800,11.100000,0.100000,0.026458
28,-92.860680,1.555722,0.136712,0.818577,0,138.607000,46.500000,7.800000,1.762260
29,-94.914065,0.701379,0.000000,0.000000,21,16.951100,11.400000,0.100000,0.000814
30,-93.901259,2.221663,0.000000,1.218138,4,67.286500,30.800000,3.200000,0.993793
31,-70.000000,1.555722,0.000000,0.818577,2,2.652670,3.600000,3.400000,0.324050
32,-75.610751,1.555722,0.136712,1.401592,4,10.473700,6.600000,6.400000,1.956290
33,-94.527554,1.555722,1.000000,0.000000,7,28.667700,18.000000,0.800000,0.291490
34,-94.878826,0.298535,0.132855,4.373005,35,18.454900,12.400000,0.200000,0.226995
35,-94.883819,0.116418,1.000000,1.733040,0,23.094500,15.700000,0.500000,0.761671
36,-94.002657,0.701379,0.000000,1.053300,16,70.011200,32.200000,3.400000,1.241910
37,-75.342702,1.555722,0.000000,0.000000,6,6.674120,5.900000,5.400000,0.002400
38,-70.000000,1.555722,0.136712,0.986233,2,1.402220,4.100000,4.000000,0.676395
39,-91.755796,2.221663,0.000000,1.115532,12,163.125000,48.200000,9.200000,1.569350
40,-91.035343,2.221663,0.000000,1.115532,14,184.009000,48.800000,10.500000,1.713370
41,-94.531761,0.116418,1.000000,0.499539,27,51.661300,28.600000,2.300000,1.189770
42,-91.879741,2.221663,0.000000,0.732562,22,158.360000,48.100000,8.900000,1.290520
43,-91.712721,2.221663,0.000000,1.115532,8,164.171000,48.400000,9.300000,1.603290
44,-91.663383,2.221663,0.000000,1.115532,12,163.244000,48.300000,9.200000,1.770620
45,-92.436218,1.555722,0.136712,0.818577,16,143.968000,46.800000,8.000000,1.707260
46,-93.596064,2.221663,0.110571,0.203030,8,73.694800,33.400000,3.600000,0.336028
47,-72.861649,1.555722,0.000000,2.046827,0,1.828430,4.400000,4.200000,1.335700
48,-74.038557,1.555722,0.136712,1.401592,0,4.596300,6.200000,6.100000,1.978120
49,-94.063789,0.701379,0.000000,1.034171,26,60.812300,30.100000,2.800000,0.882901
50,-92.533074,1.555722,0.136712,0.818577,15,139.182000,46.700000,7.700000,1.673980
51,-94.840196,0.116418,1.000000,1.733040,0,23.205400,16.200000,0.500000,0.645566
52,-70.000000,1.555722,0.136712,0.818577,5,8.509260,5.200000,4.800000,0.986449
53,-73.764778,1.555722,0.136712,0.818577,2,6.353370,6.400000,6.100000,1.095910
54,-93.820198,2.221663,0.000000,1.002156,13,80.103000,34.400000,4.000000,1.193780
55,-93.853982,1.555722,0.000000,1.139597,0,46.459700,26.000000,1.900000,0.950710
56,-91.531707,2.221663,0.222448,1.115532,14,172.388000,48.600000,9.800000,1.948910
57,-73.857385,1.555722,0.136712,0.818577,0,6.485320,6.700000,6.500000,1.628330
58,-94.941001,0.116418,1.000000,1.532434,4,18.843500,14.300000,0.200000,0.263882
59,-74.555711,1.555722,0.136712,0.818577,6,15.053500,8.600000,8.200000,1.618080
60,-93.822703,0.701379,0.000000,1.179599,10,65.207200,30.600000,3.100000,1.298210
61,-76.468046,1.555722,1.000000,0.818577,4,13.762200,4.000000,3.500000,1.438170
62,-93.409405,2.221663,0.110571,0.606869,11,112.144000,42.200000,6.000000,1.270700
63,-74.912763,1.555722,0.000000,1.904764,5,10.752000,5.600000,4.600000,1.763110
64,-72.463426,1.555722,0.136712,1.516189,4,2.730840,5.000000,4.700000,1.200610
65,-94.364585,0.701379,0.000000,1.085832,22,26.772300,16.600000,0.700000,0.306536
66,-72.019602,1.555722,0.000000,1.669489,7,3.031990,5.100000,4.800000,1.764650
67,-93.671650,2.221663,0.000368,0.606869,1,100.930000,40.400000,5.300000,1.006440
68,-94.102341,1.555722,0.014436,0.818577,0,40.040300,25.300000,1.500000,0.425241
69,-73.163922,1.555722,0.000000,0.986233,7,8.733160,7.500000,7.200000,1.396640
70,-94.668365,0.116418,1.000000,1.733040,0,34.909500,21.200000,1.200000,1.250110
71,-93.591854,2.221663,0.268317,0.565564,0,96.123600,40.100000,5.000000,1.223510
72,-92.708321,1.555722,0.000000,0.818577,0,133.554000,45.800000,7.500000,1.093940
73,-93.465958,1.555722,0.036030,0.603565,0,81.693200,34.900000,4.100000,0.825838
74,-94.896941,0.116418,0.964744,1.481819,0,20.042900,15.300000,0.300000,0.394428
75,-76.842259,1.555722,0.136712,0.130751,0,14.135700,4.900000,4.300000,0.229463
76,-93.804522,2.221663,0.000000,0.732562,11,81.705100,35.000000,4.100000,1.260660
77,-94.864309,0.298535,0.138547,4.373005,35,18.459500,12.500000,0.200000,0.278324
78,-76.350982,1.555722,0.136712,0.818577,0,12.929000,7.300000,6.800000,1.251450
80,-94.668065,0.116418,0.964744,1.481819,0,34.511900,20.500000,1.200000,1.300740
81,-93.188964,0.701379,0.000000,1.209903,26,128.581000,44.800000,7.100000,1.874570
82,-73.588540,1.555722,0.136712,0.818577,0,2.494850,5.700000,5.600000,1.107970
83,-73.278181,1.555722,0.136712,1.669489,6,5.735650,5.300000,5.000000,1.733900
84,-91.410145,2.221663,0.000000,1.115532,10,176.787000,48.700000,10.100000,1.583650
85,-92.786320,0.701379,1.000000,0.000000,33,133.231000,45.700000,7.400000,1.496070
86,-94.789057,0.116418,0.044453,0.000000,0,31.450100,20.300000,1.000000,0.028753
87,-94.050112,2.221663,0.110571,0.203030,7,38.341700,21.900000,1.400000,0.168211
88,-74.126311,1.555722,0.136712,0.818577,7,13.635700,7.500000,7.100000,1.705180
89,-93.578548,2.221663,0.000368,0.418767,0,68.841000,31.100000,3.300000,0.435085
90,-72.059277,1.555722,0.136712,1.669489,5,4.394880,4.500000,4.100000,1.140320
91,-94.451409,0.116418,1.000000,0.000000,6,47.204800,26.800000,2.000000,0.760775
92,-93.620626,1.555722,0.304096,0.858730,0,83.307100,36.700000,4.200000,1.432420
93,-73.109979,1.555722,0.136712,1.976473,4,2.471650,4.600000,4.500000,1.561100
94,-72.139273,1.555722,0.136712,1.904764,6,5.500630,5.900000,5.600000,1.844820
95,-91.307117,2.221663,0.000000,0.803119,7,167.210000,48.500000,9.600000,1.075740
96,-72.860107,1.555722,0.136712,1.669489,8,13.627400,5.700000,5.000000,1.801680
97,-94.110514,0.701379,0.000000,1.051196,21,58.780600,28.700000,2.700000,0.873686
98,-74.462419,1.555722,0.136712,1.904764,2,5.312790,4.800000,4.100000,1.833180
99,-93.033768,1.555722,0.000000,0.932549,7,113.541000,43.000000,6.100000,1.453490
