++ cd /home/clusterusers/siturriaga/itu-maestria/trunk/aedb-mls
++ ITERATIONS=250
++ THREADS=12
++ INSTANCE=25
++ SIMULS=10
++ export LD_LIBRARY_PATH=:/home/clusterusers/siturriaga/ns3Files
++ LD_LIBRARY_PATH=:/home/clusterusers/siturriaga/ns3Files
++ /home/users/siturriaga/bin/mpich2-1.4.1p1/bin/mpiexec -launcher ssh -launcher-exec oarsh -f /var/lib/oar/2643561 -np 9 -ppn 1 bin/mls.rand_elite 32265 250 12 10 25
Warning: Permanently added '[gaia-56]:6667,[10.226.1.56]:6667' (RSA) to the list of known hosts.
Warning: Permanently added '[gaia-71]:6667,[10.226.1.71]:6667' (RSA) to the list of known hosts.
Warning: Permanently added '[gaia-69]:6667,[10.226.1.69]:6667' (RSA) to the list of known hosts.
Warning: Permanently added '[gaia-70]:6667,[10.226.1.70]:6667' (RSA) to the list of known hosts.
Warning: Permanently added '[gaia-67]:6667,[10.226.1.67]:6667' (RSA) to the list of known hosts.
[DEBUG] argc = 6
===========================================================
Configuración
===========================================================
   Random seed        = 32265
   MPI size           = 9
   MLS.count_threads  = 12
   MLS.max_iterations = 250
   MLS.number_devices = 25
   MLS.simul_runs     = 10
   MLS.init           = MLS__RANDOM
===========================================================
[DEBUG] argc = 6
[DEBUG] argc = 6
[DEBUG] argc = 6
[DEBUG] argc = 6
[DEBUG] argc = 6
[DEBUG] argc = 6
[DEBUG] argc = 6
[DEBUG] argc = 6
[DEBUG][4] Thread 0 starting solution:
-> borders_threshold   : -91.5918
   margin_forwarding   : 0.2227
   min_delay           : 0.5220
   max_delay           : 3.2634
   neighbors_threshold : 30
   energy              : 99.0131
   coverage            : 17.3000
   nforwardings        : 5.5000
   time                : 4.2974
[DEBUG][1] Thread 0 starting solution:
-> borders_threshold   : -79.5181
   margin_forwarding   : 1.9581
   min_delay           : 0.6526
   max_delay           : 4.6217
   neighbors_threshold : 21
   energy              : 259.0780
   coverage            : 22.8000
   nforwardings        : 15.7000
   time                : 6.9573
[DEBUG][2] Thread 0 starting solution:
-> borders_threshold   : -80.8578
   margin_forwarding   : 2.6108
   min_delay           : 0.9545
   max_delay           : 0.4916
   neighbors_threshold : 5
   energy              : 139.4540
   coverage            : 14.3000
   nforwardings        : 11.0000
   time                : 2.6873
[DEBUG][5] Thread 0 starting solution:
-> borders_threshold   : -77.0183
   margin_forwarding   : 2.3306
   min_delay           : 0.5170
   max_delay           : 1.1078
   neighbors_threshold : 5
   energy              : 125.3770
   coverage            : 13.8000
   nforwardings        : 11.3000
   time                : 4.1359
[DEBUG][3] Thread 0 starting solution:
-> borders_threshold   : -74.7719
   margin_forwarding   : 0.3301
   min_delay           : 0.6207
   max_delay           : 2.2341
   neighbors_threshold : 18
   energy              : 301.4570
   coverage            : 23.9000
   nforwardings        : 20.9000
   time                : 5.2928
[INFO][AGA] Kaput!
[INFO] AGA information ============================================ 
[INFO] Population count: 99
[INFO] Population:
(0) borders_threshold   = -75.08
     margin_forwarding   = 0.33
     min_delay           = 0.00
     max_delay           = 5.00
     neighbors_threshold = 0
     energy              = 5.94
     coverage            = 2.30 (0.43)
     nforwardings        = 1.80
     time                = 1.38
0,-75.077658,0.328642,0.000000,5.000000,0,5.938990,2.300000,1.800000,1.378820
(1) borders_threshold   = -90.73
     margin_forwarding   = 2.01
     min_delay           = 0.16
     max_delay           = 0.44
     neighbors_threshold = 21
     energy              = 124.17
     coverage            = 20.80 (0.05)
     nforwardings        = 6.90
     time                = 1.05
1,-90.725507,2.014363,0.163953,0.440956,21,124.173000,20.800000,6.900000,1.054040
(2) borders_threshold   = -94.79
     margin_forwarding   = 0.22
     min_delay           = 0.70
     max_delay           = 0.00
     neighbors_threshold = 12
     energy              = 22.38
     coverage            = 8.20 (0.12)
     nforwardings        = 0.50
     time                = 0.19
2,-94.788068,0.222678,0.703096,0.000000,12,22.380300,8.200000,0.500000,0.185481
(3) borders_threshold   = -92.30
     margin_forwarding   = 1.21
     min_delay           = 0.65
     max_delay           = 0.23
     neighbors_threshold = 41
     energy              = 78.95
     coverage            = 17.30 (0.06)
     nforwardings        = 4.00
     time                = 1.01
3,-92.303301,1.205725,0.645652,0.225939,41,78.949700,17.300000,4.000000,1.011560
(4) borders_threshold   = -75.19
     margin_forwarding   = 0.33
     min_delay           = 0.12
     max_delay           = 1.48
     neighbors_threshold = 1
     energy              = 9.52
     coverage            = 2.90 (0.34)
     nforwardings        = 2.60
     time                = 0.83
4,-75.190390,0.328642,0.119265,1.476359,1,9.518560,2.900000,2.600000,0.830119
(5) borders_threshold   = -70.00
     margin_forwarding   = 0.33
     min_delay           = 1.00
     max_delay           = 3.84
     neighbors_threshold = 0
     energy              = 2.34
     coverage            = 1.80 (0.56)
     nforwardings        = 1.60
     time                = 1.65
5,-70.000000,0.328642,1.000000,3.842102,0,2.341270,1.800000,1.600000,1.654900
(6) borders_threshold   = -75.85
     margin_forwarding   = 0.33
     min_delay           = 0.12
     max_delay           = 3.84
     neighbors_threshold = 1
     energy              = 14.33
     coverage            = 3.20 (0.31)
     nforwardings        = 2.70
     time                = 3.71
6,-75.854487,0.328642,0.119265,3.842102,1,14.333700,3.200000,2.700000,3.707020
(7) borders_threshold   = -93.93
     margin_forwarding   = 0.48
     min_delay           = 0.32
     max_delay           = 0.09
     neighbors_threshold = 1
     energy              = 51.77
     coverage            = 13.40 (0.07)
     nforwardings        = 2.30
     time                = 0.36
7,-93.934575,0.482447,0.318054,0.092182,1,51.774500,13.400000,2.300000,0.355728
(8) borders_threshold   = -75.21
     margin_forwarding   = 0.33
     min_delay           = 0.12
     max_delay           = 4.74
     neighbors_threshold = 0
     energy              = 8.20
     coverage            = 2.50 (0.40)
     nforwardings        = 2.10
     time                = 1.60
8,-75.211909,0.328642,0.119265,4.738929,0,8.198110,2.500000,2.100000,1.601600
(9) borders_threshold   = -75.10
     margin_forwarding   = 0.33
     min_delay           = 0.12
     max_delay           = 4.74
     neighbors_threshold = 0
     energy              = 5.85
     coverage            = 2.30 (0.43)
     nforwardings        = 1.90
     time                = 1.12
9,-75.103183,0.328642,0.119265,4.738929,0,5.850590,2.300000,1.900000,1.121810
(10) borders_threshold   = -74.70
     margin_forwarding   = 0.33
     min_delay           = 0.00
     max_delay           = 5.00
     neighbors_threshold = 0
     energy              = 5.27
     coverage            = 2.20 (0.45)
     nforwardings        = 1.70
     time                = 1.58
10,-74.701839,0.328642,0.000000,5.000000,0,5.265030,2.200000,1.700000,1.582740
(11) borders_threshold   = -94.66
     margin_forwarding   = 0.34
     min_delay           = 0.22
     max_delay           = 0.00
     neighbors_threshold = 19
     energy              = 27.50
     coverage            = 9.40 (0.11)
     nforwardings        = 0.80
     time                = 0.12
11,-94.663926,0.339004,0.216685,0.000579,19,27.503900,9.400000,0.800000,0.115741
(12) borders_threshold   = -91.99
     margin_forwarding   = 2.35
     min_delay           = 0.34
     max_delay           = 0.36
     neighbors_threshold = 17
     energy              = 90.67
     coverage            = 18.30 (0.05)
     nforwardings        = 4.70
     time                = 1.02
12,-91.986337,2.353878,0.341206,0.362851,17,90.666400,18.300000,4.700000,1.022990
(13) borders_threshold   = -75.64
     margin_forwarding   = 0.33
     min_delay           = 0.19
     max_delay           = 2.98
     neighbors_threshold = 1
     energy              = 4.92
     coverage            = 2.70 (0.37)
     nforwardings        = 2.50
     time                = 1.70
13,-75.639803,0.328642,0.187885,2.976943,1,4.920120,2.700000,2.500000,1.696160
(14) borders_threshold   = -93.00
     margin_forwarding   = 1.49
     min_delay           = 0.14
     max_delay           = 0.96
     neighbors_threshold = 1
     energy              = 75.67
     coverage            = 16.40 (0.06)
     nforwardings        = 3.80
     time                = 1.19
14,-93.004409,1.491875,0.142171,0.957601,1,75.666500,16.400000,3.800000,1.192620
(15) borders_threshold   = -93.31
     margin_forwarding   = 0.48
     min_delay           = 0.10
     max_delay           = 0.09
     neighbors_threshold = 42
     energy              = 67.13
     coverage            = 15.20 (0.07)
     nforwardings        = 3.30
     time                = 0.23
15,-93.314936,0.482447,0.101346,0.092182,42,67.128400,15.200000,3.300000,0.225172
(16) borders_threshold   = -87.24
     margin_forwarding   = 1.21
     min_delay           = 0.00
     max_delay           = 0.41
     neighbors_threshold = 38
     energy              = 182.21
     coverage            = 23.20 (0.04)
     nforwardings        = 11.20
     time                = 0.59
16,-87.240164,1.205725,0.000000,0.407528,38,182.206000,23.200000,11.200000,0.588830
(17) borders_threshold   = -88.03
     margin_forwarding   = 0.19
     min_delay           = 0.53
     max_delay           = 3.02
     neighbors_threshold = 21
     energy              = 154.82
     coverage            = 22.70 (0.04)
     nforwardings        = 10.00
     time                = 7.19
17,-88.034166,0.191870,0.528517,3.023848,21,154.820000,22.700000,10.000000,7.193220
(18) borders_threshold   = -87.68
     margin_forwarding   = 2.35
     min_delay           = 0.00
     max_delay           = 0.42
     neighbors_threshold = 21
     energy              = 152.41
     coverage            = 21.70 (0.05)
     nforwardings        = 9.10
     time                = 0.74
18,-87.681400,2.353878,0.000000,0.421093,21,152.410000,21.700000,9.100000,0.740362
(19) borders_threshold   = -72.61
     margin_forwarding   = 1.49
     min_delay           = 1.00
     max_delay           = 1.50
     neighbors_threshold = 2
     energy              = 13.38
     coverage            = 3.20 (0.31)
     nforwardings        = 2.90
     time                = 1.18
19,-72.610569,1.491875,1.000000,1.496713,2,13.382900,3.200000,2.900000,1.182070
(20) borders_threshold   = -92.44
     margin_forwarding   = 0.33
     min_delay           = 0.00
     max_delay           = 0.24
     neighbors_threshold = 6
     energy              = 79.51
     coverage            = 17.80 (0.06)
     nforwardings        = 4.10
     time                = 0.31
20,-92.436370,0.328642,0.000000,0.235063,6,79.511800,17.800000,4.100000,0.310029
(21) borders_threshold   = -91.29
     margin_forwarding   = 0.22
     min_delay           = 0.70
     max_delay           = 0.00
     neighbors_threshold = 12
     energy              = 122.75
     coverage            = 20.50 (0.05)
     nforwardings        = 7.20
     time                = 1.05
21,-91.291871,0.222678,0.703096,0.000000,12,122.748000,20.500000,7.200000,1.049490
(22) borders_threshold   = -87.80
     margin_forwarding   = 1.21
     min_delay           = 0.12
     max_delay           = 0.41
     neighbors_threshold = 41
     energy              = 161.18
     coverage            = 22.50 (0.04)
     nforwardings        = 9.90
     time                = 1.17
22,-87.803960,1.205725,0.117804,0.407528,41,161.179000,22.500000,9.900000,1.165420
(23) borders_threshold   = -70.00
     margin_forwarding   = 1.49
     min_delay           = 0.14
     max_delay           = 2.87
     neighbors_threshold = 0
     energy              = 3.70
     coverage            = 3.30 (0.30)
     nforwardings        = 3.10
     time                = 1.87
23,-70.000000,1.491875,0.142171,2.874734,0,3.697760,3.300000,3.100000,1.872390
(24) borders_threshold   = -73.77
     margin_forwarding   = 1.49
     min_delay           = 0.14
     max_delay           = 1.50
     neighbors_threshold = 1
     energy              = 2.51
     coverage            = 2.30 (0.43)
     nforwardings        = 2.30
     time                = 0.75
24,-73.774166,1.491875,0.142171,1.496713,1,2.507130,2.300000,2.300000,0.750156
(25) borders_threshold   = -92.26
     margin_forwarding   = 1.49
     min_delay           = 0.07
     max_delay           = 0.00
     neighbors_threshold = 25
     energy              = 62.04
     coverage            = 14.70 (0.07)
     nforwardings        = 2.90
     time                = 0.08
25,-92.263021,1.491875,0.067857,0.000000,25,62.043100,14.700000,2.900000,0.077193
(26) borders_threshold   = -78.97
     margin_forwarding   = 1.49
     min_delay           = 0.14
     max_delay           = 1.58
     neighbors_threshold = 0
     energy              = 12.97
     coverage            = 2.60 (0.38)
     nforwardings        = 2.10
     time                = 0.82
26,-78.972275,1.491875,0.142171,1.578432,0,12.966400,2.600000,2.100000,0.816402
(27) borders_threshold   = -90.24
     margin_forwarding   = 2.01
     min_delay           = 0.66
     max_delay           = 0.44
     neighbors_threshold = 19
     energy              = 116.95
     coverage            = 20.10 (0.05)
     nforwardings        = 6.40
     time                = 1.72
27,-90.235360,2.014363,0.660155,0.440956,19,116.949000,20.100000,6.400000,1.718450
(28) borders_threshold   = -74.01
     margin_forwarding   = 1.49
     min_delay           = 0.14
     max_delay           = 1.50
     neighbors_threshold = 2
     energy              = 3.18
     coverage            = 2.40 (0.42)
     nforwardings        = 2.30
     time                = 0.75
28,-74.010570,1.491875,0.142171,1.496713,2,3.178670,2.400000,2.300000,0.750156
(29) borders_threshold   = -95.00
     margin_forwarding   = 0.19
     min_delay           = 0.21
     max_delay           = 3.02
     neighbors_threshold = 33
     energy              = 14.93
     coverage            = 4.80 (0.21)
     nforwardings        = 0.00
     time                = 0.00
29,-95.000000,0.190836,0.212042,3.020660,33,14.933300,4.800000,0.000000,0.000736
(31) borders_threshold   = -74.68
     margin_forwarding   = 0.33
     min_delay           = 0.27
     max_delay           = 2.98
     neighbors_threshold = 3
     energy              = 13.07
     coverage            = 3.00 (0.33)
     nforwardings        = 2.50
     time                = 1.87
31,-74.679724,0.328642,0.273499,2.976943,3,13.072700,3.000000,2.500000,1.866800
(32) borders_threshold   = -76.69
     margin_forwarding   = 0.33
     min_delay           = 0.12
     max_delay           = 4.74
     neighbors_threshold = 1
     energy              = 9.18
     coverage            = 2.60 (0.38)
     nforwardings        = 2.20
     time                = 1.54
32,-76.686794,0.328642,0.119265,4.738929,1,9.176280,2.600000,2.200000,1.536510
(33) borders_threshold   = -74.19
     margin_forwarding   = 0.33
     min_delay           = 0.12
     max_delay           = 3.84
     neighbors_threshold = 0
     energy              = 0.25
     coverage            = 1.70 (0.59)
     nforwardings        = 1.70
     time                = 0.84
33,-74.188185,0.328642,0.119265,3.842102,0,0.245785,1.700000,1.700000,0.838994
(34) borders_threshold   = -91.68
     margin_forwarding   = 1.21
     min_delay           = 0.86
     max_delay           = 0.00
     neighbors_threshold = 13
     energy              = 71.54
     coverage            = 16.30 (0.06)
     nforwardings        = 3.50
     time                = 0.99
34,-91.675863,1.205725,0.856864,0.000000,13,71.539300,16.300000,3.500000,0.989951
(35) borders_threshold   = -75.81
     margin_forwarding   = 1.49
     min_delay           = 0.00
     max_delay           = 2.01
     neighbors_threshold = 0
     energy              = 14.70
     coverage            = 3.50 (0.29)
     nforwardings        = 3.40
     time                = 1.41
35,-75.812831,1.491875,0.000000,2.011269,0,14.695500,3.500000,3.400000,1.414530
(36) borders_threshold   = -94.06
     margin_forwarding   = 0.48
     min_delay           = 0.32
     max_delay           = 0.09
     neighbors_threshold = 0
     energy              = 38.95
     coverage            = 11.50 (0.09)
     nforwardings        = 1.50
     time                = 0.29
36,-94.059715,0.482447,0.318054,0.092182,0,38.954600,11.500000,1.500000,0.294354
(37) borders_threshold   = -86.73
     margin_forwarding   = 2.35
     min_delay           = 0.00
     max_delay           = 0.42
     neighbors_threshold = 21
     energy              = 173.78
     coverage            = 23.10 (0.04)
     nforwardings        = 10.50
     time                = 0.78
37,-86.726250,2.353878,0.000000,0.421093,21,173.781000,23.100000,10.500000,0.781586
(38) borders_threshold   = -87.48
     margin_forwarding   = 0.48
     min_delay           = 0.10
     max_delay           = 0.09
     neighbors_threshold = 35
     energy              = 199.96
     coverage            = 23.90 (0.04)
     nforwardings        = 13.00
     time                = 0.47
38,-87.477564,0.482447,0.101346,0.092182,35,199.960000,23.900000,13.000000,0.466237
(39) borders_threshold   = -90.31
     margin_forwarding   = 2.01
     min_delay           = 0.66
     max_delay           = 0.44
     neighbors_threshold = 21
     energy              = 111.68
     coverage            = 19.70 (0.05)
     nforwardings        = 6.10
     time                = 1.81
39,-90.310885,2.014363,0.660155,0.440956,21,111.680000,19.700000,6.100000,1.807200
(40) borders_threshold   = -94.78
     margin_forwarding   = 0.22
     min_delay           = 1.00
     max_delay           = 0.00
     neighbors_threshold = 15
     energy              = 24.18
     coverage            = 8.70 (0.11)
     nforwardings        = 0.60
     time                = 0.36
40,-94.777678,0.222678,0.999971,0.000000,15,24.179600,8.700000,0.600000,0.361966
(41) borders_threshold   = -76.56
     margin_forwarding   = 2.85
     min_delay           = 1.00
     max_delay           = 0.14
     neighbors_threshold = 36
     energy              = 309.45
     coverage            = 24.00 (0.04)
     nforwardings        = 20.30
     time                = 1.82
41,-76.562248,2.849417,1.000000,0.143098,36,309.446000,24.000000,20.300000,1.818760
(42) borders_threshold   = -73.41
     margin_forwarding   = 0.33
     min_delay           = 0.12
     max_delay           = 3.80
     neighbors_threshold = 0
     energy              = 1.66
     coverage            = 1.80 (0.56)
     nforwardings        = 1.70
     time                = 1.45
42,-73.406587,0.328642,0.119265,3.803058,0,1.664690,1.800000,1.700000,1.452300
(43) borders_threshold   = -92.99
     margin_forwarding   = 1.49
     min_delay           = 0.14
     max_delay           = 0.96
     neighbors_threshold = 3
     energy              = 66.56
     coverage            = 15.10 (0.07)
     nforwardings        = 3.20
     time                = 0.99
43,-92.994429,1.491875,0.142171,0.957601,3,66.564800,15.100000,3.200000,0.994560
(44) borders_threshold   = -92.45
     margin_forwarding   = 0.53
     min_delay           = 0.18
     max_delay           = 0.79
     neighbors_threshold = 48
     energy              = 76.73
     coverage            = 17.20 (0.06)
     nforwardings        = 3.90
     time                = 1.30
44,-92.451976,0.527629,0.181609,0.792898,48,76.731000,17.200000,3.900000,1.303140
(45) borders_threshold   = -93.01
     margin_forwarding   = 1.21
     min_delay           = 0.62
     max_delay           = 0.41
     neighbors_threshold = 36
     energy              = 63.44
     coverage            = 14.90 (0.07)
     nforwardings        = 3.00
     time                = 1.04
45,-93.009895,1.205725,0.618646,0.407528,36,63.440100,14.900000,3.000000,1.038670
(46) borders_threshold   = -87.37
     margin_forwarding   = 0.34
     min_delay           = 0.86
     max_delay           = 0.09
     neighbors_threshold = 25
     energy              = 189.37
     coverage            = 23.70 (0.04)
     nforwardings        = 12.00
     time                = 1.78
46,-87.370992,0.339004,0.856687,0.094268,25,189.368000,23.700000,12.000000,1.775530
(47) borders_threshold   = -94.57
     margin_forwarding   = 0.80
     min_delay           = 0.04
     max_delay           = 0.13
     neighbors_threshold = 41
     energy              = 25.33
     coverage            = 9.20 (0.11)
     nforwardings        = 0.60
     time                = 0.04
47,-94.569627,0.797366,0.035955,0.131561,41,25.333900,9.200000,0.600000,0.038605
(48) borders_threshold   = -94.65
     margin_forwarding   = 0.22
     min_delay           = 0.53
     max_delay           = 0.02
     neighbors_threshold = 0
     energy              = 37.55
     coverage            = 11.40 (0.09)
     nforwardings        = 1.40
     time                = 0.32
48,-94.646811,0.222678,0.525756,0.017969,0,37.550700,11.400000,1.400000,0.323885
(49) borders_threshold   = -74.19
     margin_forwarding   = 0.33
     min_delay           = 0.00
     max_delay           = 3.84
     neighbors_threshold = 2
     energy              = 4.42
     coverage            = 3.00 (0.33)
     nforwardings        = 2.90
     time                = 1.81
49,-74.191923,0.328642,0.000000,3.842102,2,4.421190,3.000000,2.900000,1.809290
(50) borders_threshold   = -94.49
     margin_forwarding   = 0.34
     min_delay           = 0.71
     max_delay           = 0.09
     neighbors_threshold = 27
     energy              = 41.00
     coverage            = 11.90 (0.08)
     nforwardings        = 1.60
     time                = 0.55
50,-94.491090,0.339004,0.708987,0.094268,27,41.004200,11.900000,1.600000,0.552450
(51) borders_threshold   = -93.11
     margin_forwarding   = 1.21
     min_delay           = 0.62
     max_delay           = 0.41
     neighbors_threshold = 38
     energy              = 68.21
     coverage            = 15.60 (0.06)
     nforwardings        = 3.30
     time                = 1.25
51,-93.109403,1.205725,0.618646,0.407528,38,68.209800,15.600000,3.300000,1.245790
(52) borders_threshold   = -92.43
     margin_forwarding   = 2.01
     min_delay           = 1.00
     max_delay           = 0.00
     neighbors_threshold = 3
     energy              = 57.38
     coverage            = 14.00 (0.07)
     nforwardings        = 2.60
     time                = 0.72
52,-92.428238,2.014363,1.000000,0.000000,3,57.380100,14.000000,2.600000,0.718771
(53) borders_threshold   = -93.01
     margin_forwarding   = 1.21
     min_delay           = 0.62
     max_delay           = 0.41
     neighbors_threshold = 37
     energy              = 65.13
     coverage            = 15.00 (0.07)
     nforwardings        = 3.10
     time                = 0.97
53,-93.007136,1.205725,0.618646,0.407528,37,65.126200,15.000000,3.100000,0.969059
(54) borders_threshold   = -94.56
     margin_forwarding   = 0.80
     min_delay           = 1.00
     max_delay           = 0.13
     neighbors_threshold = 46
     energy              = 18.07
     coverage            = 7.60 (0.13)
     nforwardings        = 0.20
     time                = 0.15
54,-94.555630,0.797366,1.000000,0.126375,46,18.073900,7.600000,0.200000,0.154936
(55) borders_threshold   = -94.76
     margin_forwarding   = 0.22
     min_delay           = 0.70
     max_delay           = 0.06
     neighbors_threshold = 2
     energy              = 30.59
     coverage            = 10.10 (0.10)
     nforwardings        = 1.00
     time                = 0.39
55,-94.761705,0.222678,0.703096,0.056349,2,30.590000,10.100000,1.000000,0.392047
(56) borders_threshold   = -90.61
     margin_forwarding   = 1.21
     min_delay           = 0.37
     max_delay           = 0.60
     neighbors_threshold = 28
     energy              = 86.29
     coverage            = 18.10 (0.06)
     nforwardings        = 4.50
     time                = 1.30
56,-90.609031,1.205725,0.366525,0.595274,28,86.292700,18.100000,4.500000,1.298480
(57) borders_threshold   = -94.11
     margin_forwarding   = 1.21
     min_delay           = 1.00
     max_delay           = 0.32
     neighbors_threshold = 34
     energy              = 26.85
     coverage            = 9.30 (0.11)
     nforwardings        = 0.70
     time                = 0.43
57,-94.106617,1.205725,1.000000,0.322325,34,26.851500,9.300000,0.700000,0.428077
(58) borders_threshold   = -73.09
     margin_forwarding   = 0.33
     min_delay           = 0.12
     max_delay           = 5.00
     neighbors_threshold = 0
     energy              = 0.69
     coverage            = 1.70 (0.59)
     nforwardings        = 1.50
     time                = 0.83
58,-73.088181,0.328642,0.119265,5.000000,0,0.689763,1.700000,1.500000,0.829644
(59) borders_threshold   = -92.22
     margin_forwarding   = 1.21
     min_delay           = 0.37
     max_delay           = 0.23
     neighbors_threshold = 39
     energy              = 94.98
     coverage            = 19.30 (0.05)
     nforwardings        = 5.00
     time                = 0.84
59,-92.220955,1.205725,0.366525,0.225939,39,94.983900,19.300000,5.000000,0.835827
(60) borders_threshold   = -70.00
     margin_forwarding   = 0.33
     min_delay           = 1.00
     max_delay           = 5.00
     neighbors_threshold = 0
     energy              = 0.20
     coverage            = 2.00 (0.50)
     nforwardings        = 1.80
     time                = 1.94
60,-70.000000,0.328642,1.000000,5.000000,0,0.201871,2.000000,1.800000,1.944570
(61) borders_threshold   = -70.37
     margin_forwarding   = 0.33
     min_delay           = 0.00
     max_delay           = 3.84
     neighbors_threshold = 0
     energy              = 1.89
     coverage            = 2.10 (0.48)
     nforwardings        = 1.90
     time                = 1.34
61,-70.368267,0.328642,0.000000,3.842102,0,1.887690,2.100000,1.900000,1.343390
(62) borders_threshold   = -90.80
     margin_forwarding   = 1.21
     min_delay           = 0.37
     max_delay           = 0.60
     neighbors_threshold = 31
     energy              = 84.81
     coverage            = 17.90 (0.06)
     nforwardings        = 4.40
     time                = 1.21
62,-90.802581,1.205725,0.366525,0.595274,31,84.808300,17.900000,4.400000,1.208960
(63) borders_threshold   = -88.09
     margin_forwarding   = 2.31
     min_delay           = 0.20
     max_delay           = 0.00
     neighbors_threshold = 44
     energy              = 147.62
     coverage            = 21.40 (0.05)
     nforwardings        = 8.80
     time                = 0.38
63,-88.094239,2.311832,0.200093,0.000000,44,147.617000,21.400000,8.800000,0.375712
(64) borders_threshold   = -93.98
     margin_forwarding   = 0.48
     min_delay           = 0.18
     max_delay           = 0.09
     neighbors_threshold = 1
     energy              = 34.42
     coverage            = 10.80 (0.09)
     nforwardings        = 1.20
     time                = 0.15
64,-93.976659,0.482447,0.180657,0.092182,1,34.420100,10.800000,1.200000,0.149704
(65) borders_threshold   = -94.78
     margin_forwarding   = 0.22
     min_delay           = 1.00
     max_delay           = 0.00
     neighbors_threshold = 7
     energy              = 20.76
     coverage            = 7.90 (0.13)
     nforwardings        = 0.40
     time                = 0.26
65,-94.779326,0.222678,1.000000,0.000000,7,20.763000,7.900000,0.400000,0.260273
(66) borders_threshold   = -74.45
     margin_forwarding   = 0.33
     min_delay           = 0.00
     max_delay           = 1.05
     neighbors_threshold = 12
     energy              = 298.57
     coverage            = 24.00 (0.04)
     nforwardings        = 20.90
     time                = 1.70
66,-74.453963,0.328642,0.000000,1.050597,12,298.570000,24.000000,20.900000,1.695200
(67) borders_threshold   = -75.48
     margin_forwarding   = 0.33
     min_delay           = 0.12
     max_delay           = 1.48
     neighbors_threshold = 1
     energy              = 10.42
     coverage            = 3.00 (0.33)
     nforwardings        = 2.60
     time                = 0.86
67,-75.483100,0.328642,0.119265,1.476359,1,10.424700,3.000000,2.600000,0.860799
(68) borders_threshold   = -94.23
     margin_forwarding   = 0.19
     min_delay           = 0.21
     max_delay           = 3.02
     neighbors_threshold = 21
     energy              = 43.26
     coverage            = 12.50 (0.08)
     nforwardings        = 1.80
     time                = 1.84
68,-94.229028,0.190836,0.211793,3.020660,21,43.256200,12.500000,1.800000,1.843200
(69) borders_threshold   = -91.20
     margin_forwarding   = 1.49
     min_delay           = 0.14
     max_delay           = 0.00
     neighbors_threshold = 22
     energy              = 111.47
     coverage            = 19.60 (0.05)
     nforwardings        = 6.00
     time                = 0.19
69,-91.196219,1.491875,0.142171,0.000000,22,111.469000,19.600000,6.000000,0.189931
(70) borders_threshold   = -75.49
     margin_forwarding   = 0.33
     min_delay           = 0.00
     max_delay           = 2.98
     neighbors_threshold = 0
     energy              = 9.55
     coverage            = 2.90 (0.34)
     nforwardings        = 2.50
     time                = 1.70
70,-75.485882,0.328642,0.000000,2.976943,0,9.552940,2.900000,2.500000,1.701570
(71) borders_threshold   = -94.78
     margin_forwarding   = 0.22
     min_delay           = 1.00
     max_delay           = 0.01
     neighbors_threshold = 23
     energy              = 19.18
     coverage            = 7.70 (0.13)
     nforwardings        = 0.30
     time                = 0.13
71,-94.784426,0.222678,1.000000,0.007415,23,19.177700,7.700000,0.300000,0.134629
(72) borders_threshold   = -74.34
     margin_forwarding   = 0.33
     min_delay           = 0.00
     max_delay           = 1.05
     neighbors_threshold = 10
     energy              = 292.46
     coverage            = 24.00 (0.04)
     nforwardings        = 21.00
     time                = 1.65
72,-74.335548,0.328642,0.000000,1.050597,10,292.462000,24.000000,21.000000,1.650130
(73) borders_threshold   = -90.48
     margin_forwarding   = 2.35
     min_delay           = 0.00
     max_delay           = 0.36
     neighbors_threshold = 17
     energy              = 126.20
     coverage            = 20.90 (0.05)
     nforwardings        = 7.00
     time                = 0.55
73,-90.484955,2.353878,0.000000,0.362851,17,126.204000,20.900000,7.000000,0.554029
(74) borders_threshold   = -94.55
     margin_forwarding   = 0.22
     min_delay           = 0.79
     max_delay           = 0.00
     neighbors_threshold = 0
     energy              = 45.12
     coverage            = 13.00 (0.08)
     nforwardings        = 1.90
     time                = 0.62
74,-94.552680,0.222678,0.786518,0.000000,0,45.120000,13.000000,1.900000,0.622874
(75) borders_threshold   = -93.82
     margin_forwarding   = 1.21
     min_delay           = 0.37
     max_delay           = 0.00
     neighbors_threshold = 38
     energy              = 39.86
     coverage            = 11.70 (0.09)
     nforwardings        = 1.50
     time                = 0.29
75,-93.818991,1.205725,0.366525,0.000000,38,39.863500,11.700000,1.500000,0.288224
(76) borders_threshold   = -94.79
     margin_forwarding   = 0.22
     min_delay           = 0.63
     max_delay           = 0.28
     neighbors_threshold = 0
     energy              = 20.78
     coverage            = 8.00 (0.12)
     nforwardings        = 0.40
     time                = 0.19
76,-94.786800,0.222678,0.634854,0.282132,0,20.778200,8.000000,0.400000,0.187847
(77) borders_threshold   = -86.86
     margin_forwarding   = 0.48
     min_delay           = 1.00
     max_delay           = 0.00
     neighbors_threshold = 15
     energy              = 182.49
     coverage            = 23.30 (0.04)
     nforwardings        = 11.90
     time                = 1.84
77,-86.857205,0.482447,1.000000,0.000000,15,182.487000,23.300000,11.900000,1.840340
(78) borders_threshold   = -94.42
     margin_forwarding   = 1.21
     min_delay           = 1.00
     max_delay           = 1.10
     neighbors_threshold = 23
     energy              = 30.09
     coverage            = 9.60 (0.10)
     nforwardings        = 0.90
     time                = 0.73
78,-94.415865,1.205725,1.000000,1.096586,23,30.093300,9.600000,0.900000,0.730753
(79) borders_threshold   = -93.85
     margin_forwarding   = 0.22
     min_delay           = 1.00
     max_delay           = 0.03
     neighbors_threshold = 2
     energy              = 39.51
     coverage            = 11.70 (0.09)
     nforwardings        = 1.60
     time                = 0.81
79,-93.847720,0.222678,0.999971,0.027019,2,39.506500,11.700000,1.600000,0.807810
(80) borders_threshold   = -72.45
     margin_forwarding   = 0.33
     min_delay           = 0.00
     max_delay           = 3.80
     neighbors_threshold = 0
     energy              = 2.52
     coverage            = 2.20 (0.45)
     nforwardings        = 1.90
     time                = 1.39
80,-72.448611,0.328642,0.000000,3.803058,0,2.516700,2.200000,1.900000,1.389030
(81) borders_threshold   = -88.25
     margin_forwarding   = 1.21
     min_delay           = 0.37
     max_delay           = 0.00
     neighbors_threshold = 22
     energy              = 148.25
     coverage            = 21.00 (0.05)
     nforwardings        = 8.60
     time                = 0.39
81,-88.247966,1.205725,0.366525,0.000000,22,148.255000,21.000000,8.600000,0.385950
(82) borders_threshold   = -87.20
     margin_forwarding   = 2.35
     min_delay           = 0.00
     max_delay           = 0.42
     neighbors_threshold = 25
     energy              = 173.49
     coverage            = 22.80 (0.04)
     nforwardings        = 10.50
     time                = 0.72
82,-87.198693,2.353878,0.000000,0.421093,25,173.486000,22.800000,10.500000,0.718099
(83) borders_threshold   = -88.77
     margin_forwarding   = 0.34
     min_delay           = 0.00
     max_delay           = 0.09
     neighbors_threshold = 17
     energy              = 151.31
     coverage            = 21.50 (0.05)
     nforwardings        = 9.00
     time                = 0.15
83,-88.766717,0.339004,0.000000,0.094268,17,151.310000,21.500000,9.000000,0.149729
(84) borders_threshold   = -76.32
     margin_forwarding   = 0.33
     min_delay           = 0.00
     max_delay           = 4.24
     neighbors_threshold = 2
     energy              = 12.92
     coverage            = 2.70 (0.37)
     nforwardings        = 2.30
     time                = 1.30
84,-76.315190,0.328642,0.000000,4.243595,2,12.924000,2.700000,2.300000,1.303010
(85) borders_threshold   = -94.32
     margin_forwarding   = 0.22
     min_delay           = 0.70
     max_delay           = 0.06
     neighbors_threshold = 0
     energy              = 39.55
     coverage            = 11.80 (0.08)
     nforwardings        = 1.60
     time                = 0.60
85,-94.319953,0.222678,0.703096,0.056349,0,39.551200,11.800000,1.600000,0.596784
(86) borders_threshold   = -94.48
     margin_forwarding   = 0.34
     min_delay           = 0.22
     max_delay           = 0.00
     neighbors_threshold = 0
     energy              = 45.33
     coverage            = 13.20 (0.08)
     nforwardings        = 1.90
     time                = 0.17
86,-94.483306,0.339004,0.216685,0.000579,0,45.331900,13.200000,1.900000,0.172207
(87) borders_threshold   = -87.62
     margin_forwarding   = 2.31
     min_delay           = 0.20
     max_delay           = 0.00
     neighbors_threshold = 40
     energy              = 162.67
     coverage            = 22.10 (0.05)
     nforwardings        = 9.80
     time                = 0.44
87,-87.622698,2.311832,0.200093,0.000000,40,162.673000,22.100000,9.800000,0.439448
(88) borders_threshold   = -92.19
     margin_forwarding   = 1.21
     min_delay           = 0.05
     max_delay           = 0.00
     neighbors_threshold = 23
     energy              = 61.78
     coverage            = 14.60 (0.07)
     nforwardings        = 2.90
     time                = 0.05
88,-92.190487,1.205725,0.047710,0.000000,23,61.777800,14.600000,2.900000,0.051768
(89) borders_threshold   = -94.54
     margin_forwarding   = 0.48
     min_delay           = 0.25
     max_delay           = 0.12
     neighbors_threshold = 36
     energy              = 22.46
     coverage            = 8.60 (0.12)
     nforwardings        = 0.50
     time                = 0.10
89,-94.536092,0.482447,0.245004,0.115256,36,22.462200,8.600000,0.500000,0.098904
(90) borders_threshold   = -76.45
     margin_forwarding   = 0.33
     min_delay           = 0.12
     max_delay           = 4.21
     neighbors_threshold = 2
     energy              = 13.82
     coverage            = 3.20 (0.31)
     nforwardings        = 2.80
     time                = 2.00
90,-76.449968,0.328642,0.119265,4.209132,2,13.819300,3.200000,2.800000,1.999660
(91) borders_threshold   = -92.40
     margin_forwarding   = 2.01
     min_delay           = 1.00
     max_delay           = 0.00
     neighbors_threshold = 5
     energy              = 55.84
     coverage            = 13.90 (0.07)
     nforwardings        = 2.50
     time                = 0.71
91,-92.398552,2.014363,1.000000,0.000000,5,55.835600,13.900000,2.500000,0.712552
(92) borders_threshold   = -87.29
     margin_forwarding   = 0.34
     min_delay           = 0.86
     max_delay           = 0.09
     neighbors_threshold = 25
     energy              = 183.83
     coverage            = 23.50 (0.04)
     nforwardings        = 11.60
     time                = 1.62
92,-87.287959,0.339004,0.856687,0.094268,25,183.831000,23.500000,11.600000,1.622120
(93) borders_threshold   = -94.34
     margin_forwarding   = 0.22
     min_delay           = 1.00
     max_delay           = 0.08
     neighbors_threshold = 0
     energy              = 35.82
     coverage            = 11.10 (0.09)
     nforwardings        = 1.30
     time                = 0.71
93,-94.343865,0.222678,1.000000,0.081239,0,35.821600,11.100000,1.300000,0.710850
(94) borders_threshold   = -75.08
     margin_forwarding   = 0.33
     min_delay           = 0.00
     max_delay           = 2.98
     neighbors_threshold = 2
     energy              = 9.41
     coverage            = 2.40 (0.42)
     nforwardings        = 1.90
     time                = 1.32
94,-75.081496,0.328642,0.000000,2.976943,2,9.409930,2.400000,1.900000,1.316460
(95) borders_threshold   = -92.19
     margin_forwarding   = 1.21
     min_delay           = 0.62
     max_delay           = 0.41
     neighbors_threshold = 41
     energy              = 91.65
     coverage            = 19.00 (0.05)
     nforwardings        = 4.80
     time                = 1.48
95,-92.194482,1.205725,0.618646,0.407528,41,91.647200,19.000000,4.800000,1.480850
(96) borders_threshold   = -94.60
     margin_forwarding   = 0.48
     min_delay           = 0.26
     max_delay           = 0.06
     neighbors_threshold = 0
     energy              = 17.64
     coverage            = 6.90 (0.14)
     nforwardings        = 0.20
     time                = 0.04
96,-94.596583,0.482447,0.260256,0.060827,0,17.639800,6.900000,0.200000,0.036770
(97) borders_threshold   = -72.84
     margin_forwarding   = 0.33
     min_delay           = 0.00
     max_delay           = 3.84
     neighbors_threshold = 2
     energy              = 6.69
     coverage            = 3.30 (0.30)
     nforwardings        = 3.00
     time                = 1.72
97,-72.838273,0.328642,0.000000,3.842102,2,6.692460,3.300000,3.000000,1.719990
(98) borders_threshold   = -70.00
     margin_forwarding   = 1.49
     min_delay           = 0.14
     max_delay           = 1.46
     neighbors_threshold = 2
     energy              = 7.66
     coverage            = 2.90 (0.34)
     nforwardings        = 2.80
     time                = 0.56
98,-70.000000,1.491875,0.142171,1.464876,2,7.660910,2.900000,2.800000,0.559513
(99) borders_threshold   = -94.63
     margin_forwarding   = 0.48
     min_delay           = 0.32
     max_delay           = 0.00
     neighbors_threshold = 3
     energy              = 16.20
     coverage            = 6.80 (0.15)
     nforwardings        = 0.10
     time                = 0.02
99,-94.629463,0.482447,0.318054,0.000000,3,16.203200,6.800000,0.100000,0.019353

real	48m58.130s
user	41m19.279s
sys	7m33.920s
