++ cd /home/clusterusers/siturriaga/itu-maestria/trunk/aedb-mls
++ ITERATIONS=250
++ THREADS=12
++ INSTANCE=25
++ SIMULS=10
++ export LD_LIBRARY_PATH=:/home/clusterusers/siturriaga/ns3Files
++ LD_LIBRARY_PATH=:/home/clusterusers/siturriaga/ns3Files
++ /home/users/siturriaga/bin/mpich2-1.4.1p1/bin/mpiexec -launcher ssh -launcher-exec oarsh -f /var/lib/oar/2643562 -np 9 -ppn 1 bin/mls.rand_elite 3589 250 12 10 25
[DEBUG] argc = 6
===========================================================
Configuración
===========================================================
   Random seed        = 3589
   MPI size           = 9
   MLS.count_threads  = 12
   MLS.max_iterations = 250
   MLS.number_devices = 25
   MLS.simul_runs     = 10
   MLS.init           = MLS__RANDOM
===========================================================
[DEBUG] argc = 6
[DEBUG] argc = 6
[DEBUG] argc = 6
[DEBUG] argc = 6
[DEBUG] argc = 6
[DEBUG] argc = 6
[DEBUG] argc = 6
[DEBUG] argc = 6
[DEBUG][3] Thread 0 starting solution:
-> borders_threshold   : -88.4829
   margin_forwarding   : 1.1572
   min_delay           : 0.6596
   max_delay           : 3.9157
   neighbors_threshold : 9
   energy              : 144.8330
   coverage            : 19.7000
   nforwardings        : 8.4000
   time                : 5.0489
[DEBUG][1] Thread 0 starting solution:
-> borders_threshold   : -92.4592
   margin_forwarding   : 0.7479
   min_delay           : 0.3918
   max_delay           : 3.2962
   neighbors_threshold : 35
   energy              : 86.8722
   coverage            : 18.0000
   nforwardings        : 4.6000
   time                : 4.6883
[DEBUG][2] Thread 0 starting solution:
-> borders_threshold   : -94.1422
   margin_forwarding   : 1.3020
   min_delay           : 0.6431
   max_delay           : 4.1975
   neighbors_threshold : 26
   energy              : 36.7501
   coverage            : 9.6000
   nforwardings        : 1.3000
   time                : 2.4968
[DEBUG][4] Thread 0 starting solution:
-> borders_threshold   : -86.7751
   margin_forwarding   : 0.9541
   min_delay           : 0.5600
   max_delay           : 3.4984
   neighbors_threshold : 41
   energy              : 152.5830
   coverage            : 20.6000
   nforwardings        : 9.2000
   time                : 6.6742
[DEBUG][5] Thread 0 starting solution:
-> borders_threshold   : -70.0436
   margin_forwarding   : 2.5934
   min_delay           : 0.8278
   max_delay           : 1.7115
   neighbors_threshold : 12
   energy              : 332.0470
   coverage            : 23.0000
   nforwardings        : 21.6000
   time                : 4.2876
[INFO][AGA] Kaput!
[INFO] AGA information ============================================ 
[INFO] Population count: 62
[INFO] Population:
(0) borders_threshold   = -92.13
     margin_forwarding   = 0.94
     min_delay           = 0.84
     max_delay           = 0.04
     neighbors_threshold = 19
     energy              = 59.83
     coverage            = 14.10 (0.07)
     nforwardings        = 2.80
     time                = 0.79
0,-92.130754,0.942839,0.844540,0.043457,19,59.825600,14.100000,2.800000,0.791294
(1) borders_threshold   = -94.57
     margin_forwarding   = 0.36
     min_delay           = 0.18
     max_delay           = 0.37
     neighbors_threshold = 4
     energy              = 37.76
     coverage            = 11.40 (0.09)
     nforwardings        = 1.40
     time                = 0.35
1,-94.571347,0.364899,0.181910,0.373433,4,37.762300,11.400000,1.400000,0.347352
(2) borders_threshold   = -92.69
     margin_forwarding   = 0.36
     min_delay           = 0.18
     max_delay           = 0.42
     neighbors_threshold = 8
     energy              = 73.86
     coverage            = 16.40 (0.06)
     nforwardings        = 3.80
     time                = 0.75
2,-92.685112,0.364899,0.181910,0.417722,8,73.864200,16.400000,3.800000,0.753288
(3) borders_threshold   = -87.86
     margin_forwarding   = 2.53
     min_delay           = 0.00
     max_delay           = 0.18
     neighbors_threshold = 10
     energy              = 170.31
     coverage            = 22.40 (0.04)
     nforwardings        = 10.20
     time                = 0.28
3,-87.858010,2.533808,0.000000,0.179764,10,170.313000,22.400000,10.200000,0.280833
(4) borders_threshold   = -86.09
     margin_forwarding   = 2.53
     min_delay           = 0.00
     max_delay           = 0.03
     neighbors_threshold = 19
     energy              = 192.26
     coverage            = 23.80 (0.04)
     nforwardings        = 11.90
     time                = 0.05
4,-86.093729,2.533808,0.000000,0.032188,19,192.264000,23.800000,11.900000,0.048495
(5) borders_threshold   = -86.34
     margin_forwarding   = 2.53
     min_delay           = 0.34
     max_delay           = 0.03
     neighbors_threshold = 43
     energy              = 189.09
     coverage            = 23.70 (0.04)
     nforwardings        = 11.70
     time                = 0.68
5,-86.344219,2.533808,0.344836,0.032188,43,189.095000,23.700000,11.700000,0.679502
(6) borders_threshold   = -92.72
     margin_forwarding   = 0.36
     min_delay           = 0.18
     max_delay           = 0.42
     neighbors_threshold = 6
     energy              = 75.78
     coverage            = 17.10 (0.06)
     nforwardings        = 3.90
     time                = 0.89
6,-92.717295,0.364899,0.181910,0.417722,6,75.775400,17.100000,3.900000,0.891262
(7) borders_threshold   = -94.28
     margin_forwarding   = 0.95
     min_delay           = 0.40
     max_delay           = 3.50
     neighbors_threshold = 38
     energy              = 27.03
     coverage            = 9.50 (0.11)
     nforwardings        = 0.70
     time                = 1.04
7,-94.277429,0.954148,0.401663,3.498442,38,27.033300,9.500000,0.700000,1.043690
(8) borders_threshold   = -94.33
     margin_forwarding   = 0.71
     min_delay           = 1.00
     max_delay           = 0.47
     neighbors_threshold = 0
     energy              = 19.48
     coverage            = 7.70 (0.13)
     nforwardings        = 0.30
     time                = 0.25
8,-94.327406,0.706522,1.000000,0.472517,0,19.477700,7.700000,0.300000,0.252456
(9) borders_threshold   = -92.61
     margin_forwarding   = 0.36
     min_delay           = 0.39
     max_delay           = 0.42
     neighbors_threshold = 5
     energy              = 69.13
     coverage            = 15.70 (0.06)
     nforwardings        = 3.50
     time                = 1.06
9,-92.607420,0.364899,0.393841,0.417722,5,69.130400,15.700000,3.500000,1.057480
(10) borders_threshold   = -90.57
     margin_forwarding   = 0.94
     min_delay           = 0.02
     max_delay           = 0.05
     neighbors_threshold = 33
     energy              = 118.86
     coverage            = 19.90 (0.05)
     nforwardings        = 6.60
     time                = 0.09
10,-90.567456,0.942839,0.020021,0.052681,33,118.855000,19.900000,6.600000,0.093254
(11) borders_threshold   = -88.00
     margin_forwarding   = 2.53
     min_delay           = 0.52
     max_delay           = 0.03
     neighbors_threshold = 32
     energy              = 147.65
     coverage            = 22.10 (0.05)
     nforwardings        = 8.80
     time                = 0.84
11,-88.004886,2.533808,0.521396,0.032188,32,147.652000,22.100000,8.800000,0.844753
(12) borders_threshold   = -94.19
     margin_forwarding   = 0.33
     min_delay           = 1.00
     max_delay           = 0.49
     neighbors_threshold = 0
     energy              = 35.90
     coverage            = 11.00 (0.09)
     nforwardings        = 1.30
     time                = 0.90
12,-94.194154,0.331721,1.000000,0.489571,0,35.901600,11.000000,1.300000,0.899953
(13) borders_threshold   = -94.41
     margin_forwarding   = 0.33
     min_delay           = 1.00
     max_delay           = 1.15
     neighbors_threshold = 0
     energy              = 40.72
     coverage            = 12.00 (0.08)
     nforwardings        = 1.60
     time                = 1.50
13,-94.408384,0.331721,1.000000,1.149123,0,40.722200,12.000000,1.600000,1.504130
(14) borders_threshold   = -87.62
     margin_forwarding   = 0.94
     min_delay           = 0.43
     max_delay           = 0.00
     neighbors_threshold = 33
     energy              = 166.34
     coverage            = 22.70 (0.04)
     nforwardings        = 10.30
     time                = 0.89
14,-87.619124,0.942839,0.430926,0.000000,33,166.337000,22.700000,10.300000,0.890306
(15) borders_threshold   = -89.61
     margin_forwarding   = 0.36
     min_delay           = 0.18
     max_delay           = 0.42
     neighbors_threshold = 14
     energy              = 136.75
     coverage            = 20.80 (0.05)
     nforwardings        = 8.20
     time                = 0.79
15,-89.605962,0.364899,0.181910,0.417722,14,136.755000,20.800000,8.200000,0.788315
(16) borders_threshold   = -76.70
     margin_forwarding   = 0.94
     min_delay           = 0.19
     max_delay           = 0.04
     neighbors_threshold = 29
     energy              = 303.02
     coverage            = 24.00 (0.04)
     nforwardings        = 21.00
     time                = 0.38
16,-76.701906,0.942839,0.190451,0.043457,29,303.019000,24.000000,21.000000,0.384159
(17) borders_threshold   = -83.30
     margin_forwarding   = 0.94
     min_delay           = 1.00
     max_delay           = 0.04
     neighbors_threshold = 19
     energy              = 237.74
     coverage            = 23.90 (0.04)
     nforwardings        = 15.70
     time                = 1.35
17,-83.304901,0.942839,1.000000,0.043457,19,237.741000,23.900000,15.700000,1.346350
(18) borders_threshold   = -90.08
     margin_forwarding   = 2.53
     min_delay           = 0.29
     max_delay           = 0.03
     neighbors_threshold = 29
     energy              = 131.85
     coverage            = 20.40 (0.05)
     nforwardings        = 7.30
     time                = 0.50
18,-90.083175,2.533808,0.292603,0.032188,29,131.855000,20.400000,7.300000,0.497801
(19) borders_threshold   = -89.43
     margin_forwarding   = 0.36
     min_delay           = 0.18
     max_delay           = 0.42
     neighbors_threshold = 12
     energy              = 136.28
     coverage            = 20.50 (0.05)
     nforwardings        = 8.20
     time                = 0.71
19,-89.427838,0.364899,0.181910,0.417722,12,136.283000,20.500000,8.200000,0.714997
(20) borders_threshold   = -92.13
     margin_forwarding   = 0.94
     min_delay           = 0.68
     max_delay           = 0.02
     neighbors_threshold = 36
     energy              = 88.25
     coverage            = 18.90 (0.05)
     nforwardings        = 4.60
     time                = 0.98
20,-92.128941,0.942839,0.680292,0.018552,36,88.247900,18.900000,4.600000,0.977022
(21) borders_threshold   = -92.46
     margin_forwarding   = 0.94
     min_delay           = 0.50
     max_delay           = 0.04
     neighbors_threshold = 22
     energy              = 75.90
     coverage            = 17.40 (0.06)
     nforwardings        = 3.80
     time                = 0.63
21,-92.462623,0.942839,0.497312,0.043457,22,75.900000,17.400000,3.800000,0.625194
(22) borders_threshold   = -94.42
     margin_forwarding   = 0.95
     min_delay           = 0.40
     max_delay           = 3.50
     neighbors_threshold = 39
     energy              = 25.43
     coverage            = 9.20 (0.11)
     nforwardings        = 0.60
     time                = 0.98
22,-94.421465,0.954148,0.401663,3.498442,39,25.431200,9.200000,0.600000,0.979825
(24) borders_threshold   = -94.40
     margin_forwarding   = 0.33
     min_delay           = 0.60
     max_delay           = 1.22
     neighbors_threshold = 0
     energy              = 45.16
     coverage            = 13.00 (0.08)
     nforwardings        = 1.90
     time                = 1.65
24,-94.401208,0.331721,0.603985,1.217938,0,45.160700,13.000000,1.900000,1.654950
(25) borders_threshold   = -94.34
     margin_forwarding   = 0.33
     min_delay           = 0.95
     max_delay           = 0.56
     neighbors_threshold = 0
     energy              = 35.92
     coverage            = 11.10 (0.09)
     nforwardings        = 1.30
     time                = 0.89
25,-94.336309,0.331721,0.945012,0.559082,0,35.918900,11.100000,1.300000,0.888725
(26) borders_threshold   = -92.78
     margin_forwarding   = 0.36
     min_delay           = 0.39
     max_delay           = 0.42
     neighbors_threshold = 4
     energy              = 63.37
     coverage            = 15.50 (0.06)
     nforwardings        = 3.10
     time                = 0.85
26,-92.776258,0.364899,0.393841,0.417722,4,63.366800,15.500000,3.100000,0.850203
(27) borders_threshold   = -87.98
     margin_forwarding   = 0.94
     min_delay           = 0.20
     max_delay           = 0.04
     neighbors_threshold = 33
     energy              = 176.25
     coverage            = 23.10 (0.04)
     nforwardings        = 11.00
     time                = 0.41
27,-87.981407,0.942839,0.200818,0.043457,33,176.252000,23.100000,11.000000,0.406358
(28) borders_threshold   = -91.67
     margin_forwarding   = 2.53
     min_delay           = 0.14
     max_delay           = 0.78
     neighbors_threshold = 23
     energy              = 97.48
     coverage            = 19.20 (0.05)
     nforwardings        = 5.10
     time                = 1.36
28,-91.674557,2.533808,0.138017,0.778680,23,97.484500,19.200000,5.100000,1.362020
(29) borders_threshold   = -94.48
     margin_forwarding   = 0.71
     min_delay           = 1.00
     max_delay           = 0.64
     neighbors_threshold = 0
     energy              = 18.02
     coverage            = 7.60 (0.13)
     nforwardings        = 0.20
     time                = 0.18
29,-94.479075,0.706522,1.000000,0.644145,0,18.017200,7.600000,0.200000,0.182168
(30) borders_threshold   = -87.20
     margin_forwarding   = 0.94
     min_delay           = 0.00
     max_delay           = 0.04
     neighbors_threshold = 36
     energy              = 145.53
     coverage            = 20.90 (0.05)
     nforwardings        = 8.80
     time                = 0.06
30,-87.197832,0.942839,0.000000,0.043457,36,145.532000,20.900000,8.800000,0.059401
(31) borders_threshold   = -87.28
     margin_forwarding   = 2.53
     min_delay           = 0.34
     max_delay           = 0.03
     neighbors_threshold = 38
     energy              = 178.50
     coverage            = 23.30 (0.04)
     nforwardings        = 10.70
     time                = 0.60
31,-87.277101,2.533808,0.344836,0.032188,38,178.495000,23.300000,10.700000,0.604079
(32) borders_threshold   = -92.66
     margin_forwarding   = 0.94
     min_delay           = 0.19
     max_delay           = 0.77
     neighbors_threshold = 15
     energy              = 72.56
     coverage            = 16.10 (0.06)
     nforwardings        = 3.60
     time                = 1.18
32,-92.658067,0.942839,0.190451,0.774918,15,72.557500,16.100000,3.600000,1.175470
(33) borders_threshold   = -93.14
     margin_forwarding   = 0.36
     min_delay           = 0.42
     max_delay           = 0.00
     neighbors_threshold = 2
     energy              = 59.72
     coverage            = 14.80 (0.07)
     nforwardings        = 2.90
     time                = 0.43
33,-93.137933,0.364899,0.421000,0.000000,2,59.716400,14.800000,2.900000,0.426479
(34) borders_threshold   = -92.49
     margin_forwarding   = 0.94
     min_delay           = 0.74
     max_delay           = 0.00
     neighbors_threshold = 32
     energy              = 77.02
     coverage            = 18.10 (0.06)
     nforwardings        = 3.90
     time                = 1.00
34,-92.494294,0.942839,0.737882,0.000000,32,77.024900,18.100000,3.900000,1.000780
(35) borders_threshold   = -92.06
     margin_forwarding   = 0.94
     min_delay           = 1.00
     max_delay           = 0.04
     neighbors_threshold = 26
     energy              = 92.56
     coverage            = 19.10 (0.05)
     nforwardings        = 4.90
     time                = 1.71
35,-92.064246,0.942839,1.000000,0.043457,26,92.556300,19.100000,4.900000,1.710360
(36) borders_threshold   = -95.00
     margin_forwarding   = 0.33
     min_delay           = 1.00
     max_delay           = 1.30
     neighbors_threshold = 12
     energy              = 15.05
     coverage            = 4.80 (0.21)
     nforwardings        = 0.00
     time                = 0.00
36,-95.000000,0.331721,1.000000,1.296581,12,15.046000,4.800000,0.000000,0.000736
(37) borders_threshold   = -94.05
     margin_forwarding   = 1.73
     min_delay           = 0.19
     max_delay           = 1.20
     neighbors_threshold = 35
     energy              = 31.76
     coverage            = 10.00 (0.10)
     nforwardings        = 1.00
     time                = 0.47
37,-94.052295,1.729118,0.192975,1.201748,35,31.762300,10.000000,1.000000,0.468413
(38) borders_threshold   = -92.70
     margin_forwarding   = 0.36
     min_delay           = 0.18
     max_delay           = 0.85
     neighbors_threshold = 7
     energy              = 75.76
     coverage            = 16.50 (0.06)
     nforwardings        = 3.90
     time                = 1.53
38,-92.699350,0.364899,0.181910,0.846514,7,75.759000,16.500000,3.900000,1.529180
(39) borders_threshold   = -94.61
     margin_forwarding   = 0.33
     min_delay           = 0.96
     max_delay           = 0.40
     neighbors_threshold = 0
     energy              = 34.30
     coverage            = 10.70 (0.09)
     nforwardings        = 1.30
     time                = 0.72
39,-94.612984,0.331721,0.959612,0.397644,0,34.299100,10.700000,1.300000,0.718341
(40) borders_threshold   = -94.36
     margin_forwarding   = 0.33
     min_delay           = 1.00
     max_delay           = 1.15
     neighbors_threshold = 0
     energy              = 39.55
     coverage            = 11.80 (0.08)
     nforwardings        = 1.60
     time                = 1.60
40,-94.355640,0.331721,1.000000,1.149123,0,39.546300,11.800000,1.600000,1.604300
(41) borders_threshold   = -93.68
     margin_forwarding   = 2.53
     min_delay           = 0.34
     max_delay           = 0.03
     neighbors_threshold = 39
     energy              = 40.04
     coverage            = 11.70 (0.09)
     nforwardings        = 1.50
     time                = 0.25
41,-93.682901,2.533808,0.344836,0.032188,39,40.042600,11.700000,1.500000,0.246980
(42) borders_threshold   = -94.56
     margin_forwarding   = 0.71
     min_delay           = 1.00
     max_delay           = 0.64
     neighbors_threshold = 0
     energy              = 16.36
     coverage            = 6.80 (0.15)
     nforwardings        = 0.10
     time                = 0.09
42,-94.561799,0.706522,1.000000,0.644145,0,16.360100,6.800000,0.100000,0.085971
(43) borders_threshold   = -93.19
     margin_forwarding   = 0.36
     min_delay           = 0.39
     max_delay           = 0.42
     neighbors_threshold = 3
     energy              = 57.49
     coverage            = 13.90 (0.07)
     nforwardings        = 2.70
     time                = 0.73
43,-93.191303,0.364899,0.393841,0.417722,3,57.491900,13.900000,2.700000,0.730983
(44) borders_threshold   = -94.13
     margin_forwarding   = 0.33
     min_delay           = 1.00
     max_delay           = 1.30
     neighbors_threshold = 0
     energy              = 49.91
     coverage            = 13.10 (0.08)
     nforwardings        = 2.20
     time                = 1.83
44,-94.125028,0.331721,1.000000,1.296581,0,49.906700,13.100000,2.200000,1.828920
(45) borders_threshold   = -93.49
     margin_forwarding   = 2.53
     min_delay           = 0.36
     max_delay           = 0.79
     neighbors_threshold = 29
     energy              = 52.86
     coverage            = 13.80 (0.07)
     nforwardings        = 2.30
     time                = 1.08
45,-93.486345,2.533808,0.360738,0.787562,29,52.859000,13.800000,2.300000,1.076320
(47) borders_threshold   = -93.05
     margin_forwarding   = 0.36
     min_delay           = 0.42
     max_delay           = 0.00
     neighbors_threshold = 2
     energy              = 59.55
     coverage            = 14.60 (0.07)
     nforwardings        = 2.90
     time                = 0.41
47,-93.054207,0.364899,0.421000,0.000000,2,59.547200,14.600000,2.900000,0.414702
(48) borders_threshold   = -92.10
     margin_forwarding   = 0.94
     min_delay           = 0.74
     max_delay           = 0.02
     neighbors_threshold = 31
     energy              = 72.28
     coverage            = 16.00 (0.06)
     nforwardings        = 3.60
     time                = 0.83
48,-92.101310,0.942839,0.737882,0.018552,31,72.277500,16.000000,3.600000,0.828927
(49) borders_threshold   = -94.64
     margin_forwarding   = 0.95
     min_delay           = 0.40
     max_delay           = 3.50
     neighbors_threshold = 37
     energy              = 23.50
     coverage            = 9.00 (0.11)
     nforwardings        = 0.50
     time                = 0.75
49,-94.638672,0.954148,0.401663,3.498442,37,23.502100,9.000000,0.500000,0.754113
(50) borders_threshold   = -94.58
     margin_forwarding   = 0.33
     min_delay           = 0.91
     max_delay           = 1.08
     neighbors_threshold = 0
     energy              = 34.50
     coverage            = 10.60 (0.09)
     nforwardings        = 1.20
     time                = 1.08
50,-94.583852,0.331721,0.906207,1.083689,0,34.497100,10.600000,1.200000,1.077590
(51) borders_threshold   = -94.62
     margin_forwarding   = 2.96
     min_delay           = 0.75
     max_delay           = 4.63
     neighbors_threshold = 30
     energy              = 25.51
     coverage            = 9.40 (0.11)
     nforwardings        = 0.60
     time                = 1.17
51,-94.618766,2.964597,0.745315,4.634546,30,25.506900,9.400000,0.600000,1.174770
(52) borders_threshold   = -94.26
     margin_forwarding   = 2.96
     min_delay           = 0.75
     max_delay           = 4.63
     neighbors_threshold = 31
     energy              = 28.84
     coverage            = 9.90 (0.10)
     nforwardings        = 0.80
     time                = 1.56
52,-94.261354,2.964597,0.745315,4.634546,31,28.837100,9.900000,0.800000,1.562520
(53) borders_threshold   = -94.50
     margin_forwarding   = 2.96
     min_delay           = 0.75
     max_delay           = 4.63
     neighbors_threshold = 30
     energy              = 27.23
     coverage            = 9.60 (0.10)
     nforwardings        = 0.70
     time                = 1.46
53,-94.499376,2.964597,0.745315,4.634546,30,27.235000,9.600000,0.700000,1.458240
(54) borders_threshold   = -91.34
     margin_forwarding   = 0.94
     min_delay           = 0.19
     max_delay           = 0.60
     neighbors_threshold = 20
     energy              = 108.19
     coverage            = 19.80 (0.05)
     nforwardings        = 5.90
     time                = 1.06
54,-91.335151,0.942839,0.190451,0.598022,20,108.185000,19.800000,5.900000,1.060250
(55) borders_threshold   = -92.31
     margin_forwarding   = 0.36
     min_delay           = 1.00
     max_delay           = 0.42
     neighbors_threshold = 9
     energy              = 85.26
     coverage            = 18.20 (0.05)
     nforwardings        = 4.50
     time                = 1.96
55,-92.314654,0.364899,1.000000,0.417722,9,85.255700,18.200000,4.500000,1.963800
(56) borders_threshold   = -92.69
     margin_forwarding   = 0.36
     min_delay           = 0.39
     max_delay           = 0.42
     neighbors_threshold = 4
     energy              = 63.24
     coverage            = 15.30 (0.07)
     nforwardings        = 3.10
     time                = 0.81
56,-92.694350,0.364899,0.393841,0.417722,4,63.239500,15.300000,3.100000,0.810972
(57) borders_threshold   = -90.22
     margin_forwarding   = 2.53
     min_delay           = 0.52
     max_delay           = 0.03
     neighbors_threshold = 26
     energy              = 119.24
     coverage            = 20.30 (0.05)
     nforwardings        = 6.50
     time                = 0.72
57,-90.223480,2.533808,0.515611,0.032188,26,119.243000,20.300000,6.500000,0.721009
(58) borders_threshold   = -94.01
     margin_forwarding   = 0.94
     min_delay           = 0.23
     max_delay           = 0.00
     neighbors_threshold = 0
     energy              = 34.94
     coverage            = 10.80 (0.09)
     nforwardings        = 1.20
     time                = 0.14
58,-94.009047,0.942839,0.230632,0.000000,0,34.941300,10.800000,1.200000,0.139925
(59) borders_threshold   = -94.58
     margin_forwarding   = 0.36
     min_delay           = 0.29
     max_delay           = 0.00
     neighbors_threshold = 0
     energy              = 32.62
     coverage            = 10.30 (0.10)
     nforwardings        = 1.10
     time                = 0.18
59,-94.582080,0.364899,0.293378,0.000000,0,32.616000,10.300000,1.100000,0.176534
(60) borders_threshold   = -94.21
     margin_forwarding   = 0.95
     min_delay           = 0.61
     max_delay           = 3.50
     neighbors_threshold = 34
     energy              = 22.18
     coverage            = 8.10 (0.12)
     nforwardings        = 0.70
     time                = 1.37
60,-94.210324,0.954148,0.607363,3.498442,34,22.182900,8.100000,0.700000,1.365380
(61) borders_threshold   = -94.68
     margin_forwarding   = 0.33
     min_delay           = 0.84
     max_delay           = 0.56
     neighbors_threshold = 0
     energy              = 22.72
     coverage            = 8.70 (0.11)
     nforwardings        = 0.50
     time                = 0.36
61,-94.675278,0.331721,0.842717,0.559082,0,22.715600,8.700000,0.500000,0.360563
(63) borders_threshold   = -92.12
     margin_forwarding   = 0.94
     min_delay           = 0.68
     max_delay           = 0.02
     neighbors_threshold = 36
     energy              = 86.31
     coverage            = 18.30 (0.05)
     nforwardings        = 4.50
     time                = 0.86
63,-92.118868,0.942839,0.680292,0.018552,36,86.310800,18.300000,4.500000,0.864226
(64) borders_threshold   = -88.04
     margin_forwarding   = 2.53
     min_delay           = 0.00
     max_delay           = 0.18
     neighbors_threshold = 9
     energy              = 147.46
     coverage            = 21.30 (0.05)
     nforwardings        = 8.70
     time                = 0.26
64,-88.041808,2.533808,0.000000,0.179764,9,147.462000,21.300000,8.700000,0.262286

real	48m57.852s
user	41m18.075s
sys	7m34.984s
