++ cd /home/clusterusers/siturriaga/itu-maestria/trunk/aedb-mls
++ ITERATIONS=250
++ THREADS=12
++ INSTANCE=75
++ SIMULS=10
++ export LD_LIBRARY_PATH=:/home/clusterusers/siturriaga/ns3Files
++ LD_LIBRARY_PATH=:/home/clusterusers/siturriaga/ns3Files
++ /home/users/siturriaga/bin/mpich2-1.4.1p1/bin/mpiexec -launcher ssh -launcher-exec oarsh -f /var/lib/oar/2643594 -np 9 -ppn 1 bin/mls.rand_elite 29603 250 12 10 75
[DEBUG] argc = 6
[DEBUG] argc = 6
[DEBUG] argc = 6
[DEBUG] argc = 6
[DEBUG] argc = 6
===========================================================
Configuración
===========================================================
   Random seed        = 29603
   MPI size           = 9
   MLS.count_threads  = 12
   MLS.max_iterations = 250
   MLS.number_devices = 75
   MLS.simul_runs     = 10
   MLS.init           = MLS__RANDOM
===========================================================
[DEBUG] argc = 6
[DEBUG] argc = 6
[DEBUG] argc = 6
[DEBUG] argc = 6
[DEBUG][4] Thread 0 starting solution:
-> borders_threshold   : -80.0770
   margin_forwarding   : 0.1877
   min_delay           : 0.2820
   max_delay           : 0.5103
   neighbors_threshold : 38
   energy              : 562.4510
   coverage            : 74.0000
   nforwardings        : 34.8000
   time                : 1.0875
[DEBUG][3] Thread 0 starting solution:
-> borders_threshold   : -94.2530
   margin_forwarding   : 2.8961
   min_delay           : 0.0997
   max_delay           : 4.6009
   neighbors_threshold : 26
   energy              : 56.0721
   coverage            : 41.3000
   nforwardings        : 2.5000
   time                : 3.7158
[DEBUG][2] Thread 0 starting solution:
-> borders_threshold   : -75.3533
   margin_forwarding   : 0.2190
   min_delay           : 0.6301
   max_delay           : 4.7321
   neighbors_threshold : 44
   energy              : 761.4130
   coverage            : 74.0000
   nforwardings        : 47.3000
   time                : 5.0216
[DEBUG][5] Thread 0 starting solution:
-> borders_threshold   : -73.9030
   margin_forwarding   : 1.5268
   min_delay           : 0.4288
   max_delay           : 0.6477
   neighbors_threshold : 28
   energy              : 812.8770
   coverage            : 74.0000
   nforwardings        : 51.5000
   time                : 1.5454
[DEBUG][1] Thread 0 starting solution:
-> borders_threshold   : -79.8275
   margin_forwarding   : 2.6182
   min_delay           : 0.8446
   max_delay           : 1.6797
   neighbors_threshold : 15
   energy              : 409.2610
   coverage            : 70.9000
   nforwardings        : 45.5000
   time                : 7.3431
[INFO][AGA] Kaput!
[INFO] AGA information ============================================ 
[INFO] Population count: 99
[INFO] Population:
(0) borders_threshold   = -74.17
     margin_forwarding   = 1.54
     min_delay           = 0.09
     max_delay           = 4.84
     neighbors_threshold = 8
     energy              = 14.40
     coverage            = 11.80 (0.08)
     nforwardings        = 9.30
     time                = 6.86
0,-74.165818,1.537151,0.091585,4.838034,8,14.396900,11.800000,9.300000,6.860020
(1) borders_threshold   = -75.67
     margin_forwarding   = 0.48
     min_delay           = 0.29
     max_delay           = 0.20
     neighbors_threshold = 9
     energy              = 11.62
     coverage            = 15.10 (0.07)
     nforwardings        = 13.80
     time                = 1.15
1,-75.665903,0.482771,0.292842,0.199796,9,11.618400,15.100000,13.800000,1.150000
(2) borders_threshold   = -76.79
     margin_forwarding   = 0.48
     min_delay           = 0.29
     max_delay           = 0.20
     neighbors_threshold = 9
     energy              = 6.60
     coverage            = 11.60 (0.09)
     nforwardings        = 10.50
     time                = 1.03
2,-76.790392,0.482771,0.292842,0.199796,9,6.604800,11.600000,10.500000,1.034070
(3) borders_threshold   = -75.85
     margin_forwarding   = 1.24
     min_delay           = 0.53
     max_delay           = 0.25
     neighbors_threshold = 0
     energy              = 6.10
     coverage            = 11.80 (0.08)
     nforwardings        = 10.70
     time                = 1.48
3,-75.849944,1.236759,0.533351,0.248667,0,6.104880,11.800000,10.700000,1.484190
(4) borders_threshold   = -75.77
     margin_forwarding   = 1.24
     min_delay           = 0.53
     max_delay           = 0.25
     neighbors_threshold = 0
     energy              = 4.52
     coverage            = 12.30 (0.08)
     nforwardings        = 11.20
     time                = 1.61
4,-75.768959,1.236759,0.533351,0.248667,0,4.519230,12.300000,11.200000,1.605390
(5) borders_threshold   = -76.76
     margin_forwarding   = 0.48
     min_delay           = 0.29
     max_delay           = 0.18
     neighbors_threshold = 9
     energy              = 9.51
     coverage            = 11.70 (0.09)
     nforwardings        = 10.30
     time                = 0.88
5,-76.759980,0.482771,0.292842,0.182505,9,9.506070,11.700000,10.300000,0.875748
(6) borders_threshold   = -76.40
     margin_forwarding   = 0.48
     min_delay           = 0.33
     max_delay           = 0.18
     neighbors_threshold = 2
     energy              = 1.63
     coverage            = 10.80 (0.09)
     nforwardings        = 10.10
     time                = 1.11
6,-76.396663,0.482771,0.334048,0.182505,2,1.626000,10.800000,10.100000,1.109910
(7) borders_threshold   = -93.00
     margin_forwarding   = 0.48
     min_delay           = 0.59
     max_delay           = 0.18
     neighbors_threshold = 12
     energy              = 155.98
     coverage            = 73.10 (0.01)
     nforwardings        = 8.80
     time                = 1.45
7,-92.997036,0.482771,0.588118,0.182505,12,155.981000,73.100000,8.800000,1.449170
(8) borders_threshold   = -92.96
     margin_forwarding   = 0.48
     min_delay           = 0.61
     max_delay           = 0.28
     neighbors_threshold = 22
     energy              = 146.02
     coverage            = 72.00 (0.01)
     nforwardings        = 8.20
     time                = 1.44
8,-92.963998,0.482771,0.607415,0.275832,22,146.017000,72.000000,8.200000,1.443230
(9) borders_threshold   = -94.41
     margin_forwarding   = 0.48
     min_delay           = 1.00
     max_delay           = 0.26
     neighbors_threshold = 27
     energy              = 74.77
     coverage            = 51.90 (0.02)
     nforwardings        = 3.70
     time                = 1.47
9,-94.412662,0.482771,1.000000,0.260426,27,74.772800,51.900000,3.700000,1.468500
(10) borders_threshold   = -75.98
     margin_forwarding   = 0.48
     min_delay           = 0.00
     max_delay           = 0.48
     neighbors_threshold = 8
     energy              = 15.07
     coverage            = 17.10 (0.06)
     nforwardings        = 15.70
     time                = 1.32
10,-75.976646,0.482771,0.000000,0.477774,8,15.070500,17.100000,15.700000,1.322340
(11) borders_threshold   = -75.14
     margin_forwarding   = 1.62
     min_delay           = 0.10
     max_delay           = 3.54
     neighbors_threshold = 7
     energy              = 6.86
     coverage            = 10.60 (0.09)
     nforwardings        = 9.10
     time                = 6.22
11,-75.136575,1.619937,0.097523,3.536567,7,6.856390,10.600000,9.100000,6.224430
(12) borders_threshold   = -75.30
     margin_forwarding   = 0.48
     min_delay           = 0.29
     max_delay           = 0.18
     neighbors_threshold = 9
     energy              = 10.57
     coverage            = 6.70 (0.15)
     nforwardings        = 5.90
     time                = 0.52
12,-75.298289,0.482771,0.292842,0.182505,9,10.566800,6.700000,5.900000,0.518736
(13) borders_threshold   = -93.16
     margin_forwarding   = 0.48
     min_delay           = 0.29
     max_delay           = 0.20
     neighbors_threshold = 8
     energy              = 146.54
     coverage            = 72.40 (0.01)
     nforwardings        = 8.30
     time                = 1.07
13,-93.162808,0.482771,0.292842,0.199796,8,146.540000,72.400000,8.300000,1.069870
(14) borders_threshold   = -93.33
     margin_forwarding   = 0.48
     min_delay           = 0.59
     max_delay           = 0.18
     neighbors_threshold = 13
     energy              = 133.68
     coverage            = 70.00 (0.01)
     nforwardings        = 7.40
     time                = 1.38
14,-93.330684,0.482771,0.588118,0.182505,13,133.675000,70.000000,7.400000,1.377040
(15) borders_threshold   = -94.52
     margin_forwarding   = 0.48
     min_delay           = 0.00
     max_delay           = 0.29
     neighbors_threshold = 9
     energy              = 44.64
     coverage            = 36.50 (0.03)
     nforwardings        = 1.80
     time                = 0.16
15,-94.519962,0.482771,0.000000,0.285384,9,44.643400,36.500000,1.800000,0.159808
(16) borders_threshold   = -76.18
     margin_forwarding   = 0.59
     min_delay           = 0.20
     max_delay           = 3.45
     neighbors_threshold = 9
     energy              = 10.03
     coverage            = 10.10 (0.10)
     nforwardings        = 8.40
     time                = 6.04
16,-76.184953,0.586558,0.201314,3.445208,9,10.029800,10.100000,8.400000,6.038990
(17) borders_threshold   = -93.82
     margin_forwarding   = 0.48
     min_delay           = 0.75
     max_delay           = 0.00
     neighbors_threshold = 15
     energy              = 108.28
     coverage            = 63.00 (0.02)
     nforwardings        = 5.80
     time                = 0.97
17,-93.820393,0.482771,0.745846,0.000000,15,108.282000,63.000000,5.800000,0.974560
(18) borders_threshold   = -94.13
     margin_forwarding   = 0.48
     min_delay           = 0.29
     max_delay           = 0.08
     neighbors_threshold = 0
     energy              = 86.70
     coverage            = 58.40 (0.02)
     nforwardings        = 4.50
     time                = 0.55
18,-94.132716,0.482771,0.292842,0.083698,0,86.701600,58.400000,4.500000,0.551813
(19) borders_threshold   = -94.25
     margin_forwarding   = 0.48
     min_delay           = 0.02
     max_delay           = 0.00
     neighbors_threshold = 17
     energy              = 68.48
     coverage            = 46.80 (0.02)
     nforwardings        = 3.30
     time                = 0.02
19,-94.252368,0.482771,0.021766,0.000000,17,68.479600,46.800000,3.300000,0.023841
(20) borders_threshold   = -95.00
     margin_forwarding   = 0.14
     min_delay           = 0.00
     max_delay           = 3.85
     neighbors_threshold = 33
     energy              = 15.75
     coverage            = 17.80 (0.06)
     nforwardings        = 0.00
     time                = 0.00
20,-95.000000,0.136288,0.000000,3.848345,33,15.748700,17.800000,0.000000,0.000787
(21) borders_threshold   = -94.29
     margin_forwarding   = 0.48
     min_delay           = 0.92
     max_delay           = 0.00
     neighbors_threshold = 14
     energy              = 91.12
     coverage            = 59.00 (0.02)
     nforwardings        = 4.70
     time                = 1.25
21,-94.287461,0.482771,0.917837,0.000000,14,91.118100,59.000000,4.700000,1.247440
(22) borders_threshold   = -73.61
     margin_forwarding   = 0.48
     min_delay           = 0.29
     max_delay           = 0.20
     neighbors_threshold = 9
     energy              = 0.23
     coverage            = 8.60 (0.12)
     nforwardings        = 7.70
     time                = 0.56
22,-73.614542,0.482771,0.292842,0.199796,9,0.231056,8.600000,7.700000,0.561244
(23) borders_threshold   = -93.62
     margin_forwarding   = 1.27
     min_delay           = 0.24
     max_delay           = 0.14
     neighbors_threshold = 1
     energy              = 102.36
     coverage            = 61.70 (0.02)
     nforwardings        = 5.40
     time                = 0.56
23,-93.619098,1.273629,0.239451,0.140334,1,102.362000,61.700000,5.400000,0.563915
(24) borders_threshold   = -92.23
     margin_forwarding   = 0.48
     min_delay           = 1.00
     max_delay           = 0.00
     neighbors_threshold = 18
     energy              = 166.71
     coverage            = 73.80 (0.01)
     nforwardings        = 9.50
     time                = 1.41
24,-92.233594,0.482771,1.000000,0.000000,18,166.713000,73.800000,9.500000,1.412350
(25) borders_threshold   = -93.28
     margin_forwarding   = 0.48
     min_delay           = 0.59
     max_delay           = 0.18
     neighbors_threshold = 15
     energy              = 139.99
     coverage            = 71.70 (0.01)
     nforwardings        = 7.80
     time                = 1.32
25,-93.281442,0.482771,0.588118,0.182505,15,139.989000,71.700000,7.800000,1.319210
(26) borders_threshold   = -75.95
     margin_forwarding   = 0.48
     min_delay           = 0.00
     max_delay           = 0.20
     neighbors_threshold = 0
     energy              = 0.68
     coverage            = 8.00 (0.12)
     nforwardings        = 7.30
     time                = 0.31
26,-75.954564,0.482771,0.000000,0.199796,0,0.677356,8.000000,7.300000,0.313314
(27) borders_threshold   = -94.69
     margin_forwarding   = 0.48
     min_delay           = 0.00
     max_delay           = 0.25
     neighbors_threshold = 0
     energy              = 28.58
     coverage            = 28.40 (0.04)
     nforwardings        = 0.80
     time                = 0.09
27,-94.690791,0.482771,0.000000,0.249694,0,28.581900,28.400000,0.800000,0.087380
(28) borders_threshold   = -94.23
     margin_forwarding   = 0.48
     min_delay           = 0.86
     max_delay           = 0.27
     neighbors_threshold = 3
     energy              = 79.58
     coverage            = 54.40 (0.02)
     nforwardings        = 4.00
     time                = 1.72
28,-94.225794,0.482771,0.859337,0.267290,3,79.584200,54.400000,4.000000,1.719720
(29) borders_threshold   = -94.69
     margin_forwarding   = 1.55
     min_delay           = 0.66
     max_delay           = 3.17
     neighbors_threshold = 0
     energy              = 22.37
     coverage            = 26.80 (0.04)
     nforwardings        = 0.40
     time                = 0.75
29,-94.687949,1.549325,0.657462,3.165099,0,22.365700,26.800000,0.400000,0.745485
(30) borders_threshold   = -76.52
     margin_forwarding   = 0.48
     min_delay           = 0.33
     max_delay           = 0.18
     neighbors_threshold = 1
     energy              = 3.01
     coverage            = 11.60 (0.09)
     nforwardings        = 10.70
     time                = 1.04
30,-76.523675,0.482771,0.334048,0.182505,1,3.006690,11.600000,10.700000,1.040090
(31) borders_threshold   = -76.53
     margin_forwarding   = 0.48
     min_delay           = 0.29
     max_delay           = 0.18
     neighbors_threshold = 5
     energy              = 10.54
     coverage            = 14.80 (0.07)
     nforwardings        = 13.60
     time                = 1.39
31,-76.533939,0.482771,0.292842,0.182505,5,10.544700,14.800000,13.600000,1.388720
(32) borders_threshold   = -76.03
     margin_forwarding   = 0.48
     min_delay           = 0.38
     max_delay           = 0.00
     neighbors_threshold = 2
     energy              = 0.27
     coverage            = 6.60 (0.15)
     nforwardings        = 6.20
     time                = 0.39
32,-76.031381,0.482771,0.383951,0.000000,2,0.270987,6.600000,6.200000,0.391567
(33) borders_threshold   = -75.91
     margin_forwarding   = 0.48
     min_delay           = 0.29
     max_delay           = 0.18
     neighbors_threshold = 9
     energy              = 10.25
     coverage            = 14.00 (0.07)
     nforwardings        = 13.10
     time                = 1.04
33,-75.913663,0.482771,0.292842,0.182505,9,10.247000,14.000000,13.100000,1.035950
(34) borders_threshold   = -94.32
     margin_forwarding   = 0.48
     min_delay           = 0.92
     max_delay           = 0.00
     neighbors_threshold = 14
     energy              = 50.93
     coverage            = 40.90 (0.02)
     nforwardings        = 2.20
     time                = 0.69
34,-94.321651,0.482771,0.917837,0.000000,14,50.929700,40.900000,2.200000,0.689514
(35) borders_threshold   = -93.90
     margin_forwarding   = 0.48
     min_delay           = 0.29
     max_delay           = 0.00
     neighbors_threshold = 1
     energy              = 110.86
     coverage            = 64.40 (0.02)
     nforwardings        = 6.10
     time                = 0.49
35,-93.896906,0.482771,0.292842,0.000000,1,110.861000,64.400000,6.100000,0.486050
(36) borders_threshold   = -94.34
     margin_forwarding   = 0.48
     min_delay           = 0.92
     max_delay           = 0.00
     neighbors_threshold = 11
     energy              = 52.53
     coverage            = 41.20 (0.02)
     nforwardings        = 2.30
     time                = 0.81
36,-94.337452,0.482771,0.917837,0.000000,11,52.531700,41.200000,2.300000,0.811957
(37) borders_threshold   = -94.88
     margin_forwarding   = 0.14
     min_delay           = 1.00
     max_delay           = 3.40
     neighbors_threshold = 24
     energy              = 21.90
     coverage            = 25.40 (0.04)
     nforwardings        = 0.40
     time                = 0.97
37,-94.880945,0.136288,1.000000,3.399022,24,21.902600,25.400000,0.400000,0.967873
(38) borders_threshold   = -74.60
     margin_forwarding   = 0.48
     min_delay           = 0.29
     max_delay           = 0.18
     neighbors_threshold = 10
     energy              = 0.07
     coverage            = 10.60 (0.09)
     nforwardings        = 9.70
     time                = 0.95
38,-74.598209,0.482771,0.292842,0.182505,10,0.065123,10.600000,9.700000,0.952796
(39) borders_threshold   = -76.11
     margin_forwarding   = 0.48
     min_delay           = 0.29
     max_delay           = 0.18
     neighbors_threshold = 6
     energy              = 4.60
     coverage            = 10.90 (0.09)
     nforwardings        = 9.70
     time                = 0.88
39,-76.114956,0.482771,0.292842,0.182505,6,4.595890,10.900000,9.700000,0.884652
(41) borders_threshold   = -94.45
     margin_forwarding   = 0.48
     min_delay           = 0.02
     max_delay           = 0.00
     neighbors_threshold = 20
     energy              = 49.43
     coverage            = 39.80 (0.03)
     nforwardings        = 2.10
     time                = 0.02
41,-94.450282,0.482771,0.021766,0.000000,20,49.428500,39.800000,2.100000,0.016635
(42) borders_threshold   = -94.80
     margin_forwarding   = 0.48
     min_delay           = 0.35
     max_delay           = 2.91
     neighbors_threshold = 36
     energy              = 20.59
     coverage            = 22.80 (0.04)
     nforwardings        = 0.30
     time                = 0.60
42,-94.802036,0.482771,0.347563,2.909848,36,20.594400,22.800000,0.300000,0.600377
(43) borders_threshold   = -76.27
     margin_forwarding   = 0.48
     min_delay           = 0.33
     max_delay           = 0.48
     neighbors_threshold = 3
     energy              = 9.51
     coverage            = 9.00 (0.11)
     nforwardings        = 8.00
     time                = 1.48
43,-76.267461,0.482771,0.334048,0.476598,3,9.512740,9.000000,8.000000,1.482310
(44) borders_threshold   = -73.17
     margin_forwarding   = 0.48
     min_delay           = 0.29
     max_delay           = 0.20
     neighbors_threshold = 11
     energy              = 5.51
     coverage            = 7.10 (0.14)
     nforwardings        = 6.40
     time                = 0.33
44,-73.167460,0.482771,0.292842,0.199796,11,5.505280,7.100000,6.400000,0.325091
(45) borders_threshold   = -94.57
     margin_forwarding   = 1.55
     min_delay           = 0.66
     max_delay           = 3.28
     neighbors_threshold = 4
     energy              = 30.38
     coverage            = 30.40 (0.03)
     nforwardings        = 0.90
     time                = 1.73
45,-94.568169,1.549325,0.657462,3.282237,4,30.376000,30.400000,0.900000,1.725290
(46) borders_threshold   = -94.54
     margin_forwarding   = 0.48
     min_delay           = 0.00
     max_delay           = 0.07
     neighbors_threshold = 0
     energy              = 41.48
     coverage            = 35.50 (0.03)
     nforwardings        = 1.60
     time                = 0.05
46,-94.538487,0.482771,0.000000,0.072337,0,41.483700,35.500000,1.600000,0.054287
(47) borders_threshold   = -75.07
     margin_forwarding   = 1.24
     min_delay           = 0.68
     max_delay           = 0.11
     neighbors_threshold = 0
     energy              = 0.71
     coverage            = 9.00 (0.11)
     nforwardings        = 8.60
     time                = 1.36
47,-75.067442,1.236759,0.676713,0.113782,0,0.708405,9.000000,8.600000,1.358230
(48) borders_threshold   = -94.99
     margin_forwarding   = 0.14
     min_delay           = 0.00
     max_delay           = 2.73
     neighbors_threshold = 31
     energy              = 18.68
     coverage            = 22.00 (0.05)
     nforwardings        = 0.20
     time                = 0.37
48,-94.989156,0.136288,0.000000,2.726325,31,18.676800,22.000000,0.200000,0.374823
(49) borders_threshold   = -94.54
     margin_forwarding   = 0.48
     min_delay           = 0.00
     max_delay           = 0.20
     neighbors_threshold = 0
     energy              = 41.46
     coverage            = 34.30 (0.03)
     nforwardings        = 1.60
     time                = 0.13
49,-94.539227,0.482771,0.000000,0.199796,0,41.463000,34.300000,1.600000,0.131412
(50) borders_threshold   = -75.59
     margin_forwarding   = 0.48
     min_delay           = 0.29
     max_delay           = 0.20
     neighbors_threshold = 0
     energy              = 0.71
     coverage            = 8.70 (0.11)
     nforwardings        = 7.80
     time                = 0.89
50,-75.586460,0.482771,0.292842,0.198806,0,0.711915,8.700000,7.800000,0.887970
(51) borders_threshold   = -93.46
     margin_forwarding   = 1.24
     min_delay           = 0.61
     max_delay           = 0.00
     neighbors_threshold = 7
     energy              = 116.77
     coverage            = 66.40 (0.02)
     nforwardings        = 6.30
     time                = 0.72
51,-93.462360,1.236759,0.611120,0.000000,7,116.766000,66.400000,6.300000,0.716842
(52) borders_threshold   = -94.53
     margin_forwarding   = 0.48
     min_delay           = 0.04
     max_delay           = 2.91
     neighbors_threshold = 27
     energy              = 39.80
     coverage            = 34.00 (0.03)
     nforwardings        = 1.50
     time                = 1.89
52,-94.533617,0.482771,0.036980,2.909848,27,39.796400,34.000000,1.500000,1.894780
(53) borders_threshold   = -70.00
     margin_forwarding   = 0.48
     min_delay           = 1.00
     max_delay           = 0.20
     neighbors_threshold = 14
     energy              = 12.88
     coverage            = 15.80 (0.06)
     nforwardings        = 14.60
     time                = 1.80
53,-70.000000,0.482771,1.000000,0.199796,14,12.875000,15.800000,14.600000,1.800770
(54) borders_threshold   = -77.26
     margin_forwarding   = 0.48
     min_delay           = 0.49
     max_delay           = 0.18
     neighbors_threshold = 7
     energy              = 13.50
     coverage            = 12.60 (0.08)
     nforwardings        = 11.60
     time                = 1.19
54,-77.259132,0.482771,0.488163,0.182505,7,13.497800,12.600000,11.600000,1.187840
(55) borders_threshold   = -76.05
     margin_forwarding   = 1.24
     min_delay           = 0.61
     max_delay           = 0.25
     neighbors_threshold = 4
     energy              = 12.34
     coverage            = 12.40 (0.08)
     nforwardings        = 10.90
     time                = 1.74
55,-76.052682,1.236759,0.611120,0.248667,4,12.340200,12.400000,10.900000,1.735620
(56) borders_threshold   = -94.24
     margin_forwarding   = 0.48
     min_delay           = 1.00
     max_delay           = 0.00
     neighbors_threshold = 5
     energy              = 97.28
     coverage            = 61.10 (0.02)
     nforwardings        = 5.10
     time                = 1.60
56,-94.238564,0.482771,1.000000,0.000000,5,97.284500,61.100000,5.100000,1.596540
(57) borders_threshold   = -94.97
     margin_forwarding   = 0.14
     min_delay           = 0.75
     max_delay           = 3.12
     neighbors_threshold = 45
     energy              = 20.28
     coverage            = 22.70 (0.04)
     nforwardings        = 0.30
     time                = 0.64
57,-94.969454,0.136288,0.747975,3.120056,45,20.278800,22.700000,0.300000,0.638611
(58) borders_threshold   = -76.06
     margin_forwarding   = 1.24
     min_delay           = 0.68
     max_delay           = 0.11
     neighbors_threshold = 0
     energy              = 6.61
     coverage            = 9.20 (0.11)
     nforwardings        = 8.30
     time                = 1.13
58,-76.063019,1.236759,0.676713,0.113782,0,6.607990,9.200000,8.300000,1.134530
(59) borders_threshold   = -92.78
     margin_forwarding   = 0.48
     min_delay           = 1.00
     max_delay           = 0.00
     neighbors_threshold = 23
     energy              = 144.80
     coverage            = 71.80 (0.01)
     nforwardings        = 8.10
     time                = 1.47
59,-92.776374,0.482771,1.000000,0.000000,23,144.804000,71.800000,8.100000,1.466100
(60) borders_threshold   = -76.95
     margin_forwarding   = 0.48
     min_delay           = 0.29
     max_delay           = 0.20
     neighbors_threshold = 9
     energy              = 12.17
     coverage            = 13.10 (0.08)
     nforwardings        = 12.20
     time                = 1.20
60,-76.953233,0.482771,0.292842,0.199796,9,12.166800,13.100000,12.200000,1.199280
(61) borders_threshold   = -73.59
     margin_forwarding   = 0.48
     min_delay           = 1.00
     max_delay           = 0.18
     neighbors_threshold = 10
     energy              = 11.17
     coverage            = 8.70 (0.11)
     nforwardings        = 7.60
     time                = 1.47
61,-73.587210,0.482771,1.000000,0.182505,10,11.168400,8.700000,7.600000,1.466010
(62) borders_threshold   = -94.32
     margin_forwarding   = 0.48
     min_delay           = 1.00
     max_delay           = 0.00
     neighbors_threshold = 11
     energy              = 58.89
     coverage            = 45.70 (0.02)
     nforwardings        = 2.70
     time                = 0.95
62,-94.320916,0.482771,1.000000,0.000000,11,58.891700,45.700000,2.700000,0.952406
(63) borders_threshold   = -94.82
     margin_forwarding   = 0.14
     min_delay           = 0.01
     max_delay           = 3.12
     neighbors_threshold = 28
     energy              = 33.17
     coverage            = 31.90 (0.03)
     nforwardings        = 1.10
     time                = 1.87
63,-94.816857,0.136288,0.009850,3.120056,28,33.172400,31.900000,1.100000,1.865110
(64) borders_threshold   = -93.29
     margin_forwarding   = 0.48
     min_delay           = 0.59
     max_delay           = 0.18
     neighbors_threshold = 12
     energy              = 133.74
     coverage            = 71.40 (0.01)
     nforwardings        = 7.40
     time                = 1.33
64,-93.286450,0.482771,0.588118,0.182505,12,133.742000,71.400000,7.400000,1.333880
(65) borders_threshold   = -94.43
     margin_forwarding   = 0.48
     min_delay           = 0.02
     max_delay           = 0.00
     neighbors_threshold = 17
     energy              = 70.25
     coverage            = 51.40 (0.02)
     nforwardings        = 3.40
     time                = 0.02
65,-94.432301,0.482771,0.021766,0.000725,17,70.254400,51.400000,3.400000,0.021901
(66) borders_threshold   = -94.81
     margin_forwarding   = 0.14
     min_delay           = 0.90
     max_delay           = 0.00
     neighbors_threshold = 28
     energy              = 35.90
     coverage            = 32.60 (0.03)
     nforwardings        = 1.30
     time                = 0.34
66,-94.813579,0.136288,0.896501,0.000000,28,35.895100,32.600000,1.300000,0.341273
(67) borders_threshold   = -94.45
     margin_forwarding   = 0.48
     min_delay           = 1.00
     max_delay           = 0.20
     neighbors_threshold = 8
     energy              = 70.24
     coverage            = 50.60 (0.02)
     nforwardings        = 3.40
     time                = 1.28
67,-94.452450,0.482771,1.000000,0.199796,8,70.240100,50.600000,3.400000,1.275800
(68) borders_threshold   = -75.97
     margin_forwarding   = 1.24
     min_delay           = 0.53
     max_delay           = 0.25
     neighbors_threshold = 0
     energy              = 6.74
     coverage            = 12.40 (0.08)
     nforwardings        = 11.20
     time                = 1.49
68,-75.973726,1.236759,0.533351,0.248667,0,6.737040,12.400000,11.200000,1.491870
(69) borders_threshold   = -72.62
     margin_forwarding   = 0.48
     min_delay           = 0.29
     max_delay           = 0.20
     neighbors_threshold = 11
     energy              = 4.80
     coverage            = 7.10 (0.14)
     nforwardings        = 6.50
     time                = 0.33
69,-72.620655,0.482771,0.292842,0.199796,11,4.795280,7.100000,6.500000,0.325091
(70) borders_threshold   = -94.25
     margin_forwarding   = 0.48
     min_delay           = 1.00
     max_delay           = 0.00
     neighbors_threshold = 9
     energy              = 92.59
     coverage            = 59.70 (0.02)
     nforwardings        = 4.80
     time                = 1.60
70,-94.251017,0.482771,1.000000,0.000000,9,92.588200,59.700000,4.800000,1.597450
(71) borders_threshold   = -94.46
     margin_forwarding   = 0.48
     min_delay           = 1.00
     max_delay           = 0.24
     neighbors_threshold = 9
     energy              = 49.43
     coverage            = 40.00 (0.03)
     nforwardings        = 2.10
     time                = 1.05
71,-94.459592,0.482771,1.000000,0.235539,9,49.433800,40.000000,2.100000,1.049060
(72) borders_threshold   = -73.55
     margin_forwarding   = 0.48
     min_delay           = 0.29
     max_delay           = 0.20
     neighbors_threshold = 10
     energy              = 4.30
     coverage            = 8.60 (0.12)
     nforwardings        = 7.50
     time                = 0.50
72,-73.553467,0.482771,0.292842,0.199796,10,4.302520,8.600000,7.500000,0.496752
(73) borders_threshold   = -94.48
     margin_forwarding   = 0.48
     min_delay           = 0.05
     max_delay           = 0.00
     neighbors_threshold = 14
     energy              = 47.83
     coverage            = 37.60 (0.03)
     nforwardings        = 2.00
     time                = 0.04
73,-94.475747,0.482771,0.052482,0.000000,14,47.826500,37.600000,2.000000,0.037234
(74) borders_threshold   = -91.72
     margin_forwarding   = 0.48
     min_delay           = 0.92
     max_delay           = 0.00
     neighbors_threshold = 17
     energy              = 180.89
     coverage            = 73.90 (0.01)
     nforwardings        = 10.40
     time                = 0.84
74,-91.720083,0.482771,0.917837,0.000000,17,180.889000,73.900000,10.400000,0.841205
(75) borders_threshold   = -94.99
     margin_forwarding   = 0.14
     min_delay           = 0.94
     max_delay           = 3.40
     neighbors_threshold = 20
     energy              = 17.29
     coverage            = 19.30 (0.05)
     nforwardings        = 0.10
     time                = 0.32
75,-94.993896,0.136288,0.944503,3.399100,20,17.289300,19.300000,0.100000,0.322271
(76) borders_threshold   = -90.69
     margin_forwarding   = 0.48
     min_delay           = 0.00
     max_delay           = 0.18
     neighbors_threshold = 24
     energy              = 190.21
     coverage            = 74.00 (0.01)
     nforwardings        = 11.00
     time                = 0.20
76,-90.693008,0.482771,0.000000,0.182505,24,190.209000,74.000000,11.000000,0.198885
(77) borders_threshold   = -93.66
     margin_forwarding   = 1.27
     min_delay           = 0.24
     max_delay           = 0.14
     neighbors_threshold = 0
     energy              = 103.98
     coverage            = 62.20 (0.02)
     nforwardings        = 5.50
     time                = 0.56
77,-93.658850,1.273629,0.239451,0.140334,0,103.983000,62.200000,5.500000,0.562337
(78) borders_threshold   = -94.22
     margin_forwarding   = 0.48
     min_delay           = 1.00
     max_delay           = 0.28
     neighbors_threshold = 21
     energy              = 82.89
     coverage            = 56.10 (0.02)
     nforwardings        = 4.20
     time                = 1.97
78,-94.217000,0.482771,1.000000,0.275832,21,82.891000,56.100000,4.200000,1.967030
(79) borders_threshold   = -92.09
     margin_forwarding   = 2.31
     min_delay           = 0.58
     max_delay           = 0.00
     neighbors_threshold = 21
     energy              = 166.61
     coverage            = 73.60 (0.01)
     nforwardings        = 9.40
     time                = 0.74
79,-92.088138,2.311011,0.579961,0.000000,21,166.614000,73.600000,9.400000,0.738579
(80) borders_threshold   = -76.06
     margin_forwarding   = 1.24
     min_delay           = 0.61
     max_delay           = 0.25
     neighbors_threshold = 5
     energy              = 10.79
     coverage            = 12.80 (0.08)
     nforwardings        = 11.70
     time                = 1.59
80,-76.058797,1.236759,0.611120,0.248667,5,10.791500,12.800000,11.700000,1.592410
(81) borders_threshold   = -93.47
     margin_forwarding   = 0.48
     min_delay           = 1.00
     max_delay           = 0.00
     neighbors_threshold = 12
     energy              = 127.55
     coverage            = 66.80 (0.01)
     nforwardings        = 7.00
     time                = 1.32
81,-93.472049,0.482771,1.000000,0.000000,12,127.546000,66.800000,7.000000,1.319680
(82) borders_threshold   = -77.26
     margin_forwarding   = 0.48
     min_delay           = 0.29
     max_delay           = 0.20
     neighbors_threshold = 8
     energy              = 15.46
     coverage            = 13.70 (0.07)
     nforwardings        = 12.50
     time                = 1.25
82,-77.262960,0.482771,0.292842,0.199796,8,15.460300,13.700000,12.500000,1.252880
(83) borders_threshold   = -74.79
     margin_forwarding   = 1.24
     min_delay           = 0.68
     max_delay           = 0.11
     neighbors_threshold = 0
     energy              = 0.54
     coverage            = 8.80 (0.11)
     nforwardings        = 8.50
     time                = 1.36
83,-74.793211,1.236759,0.676713,0.113782,0,0.535082,8.800000,8.500000,1.364360
(84) borders_threshold   = -93.90
     margin_forwarding   = 0.48
     min_delay           = 0.33
     max_delay           = 0.48
     neighbors_threshold = 13
     energy              = 109.95
     coverage            = 63.60 (0.02)
     nforwardings        = 5.90
     time                = 1.29
84,-93.904711,0.482771,0.334048,0.476598,13,109.950000,63.600000,5.900000,1.288150
(85) borders_threshold   = -94.51
     margin_forwarding   = 0.48
     min_delay           = 0.10
     max_delay           = 0.12
     neighbors_threshold = 5
     energy              = 43.04
     coverage            = 36.20 (0.03)
     nforwardings        = 1.70
     time                = 0.14
85,-94.506088,0.482771,0.099681,0.121808,5,43.041300,36.200000,1.700000,0.143685
(86) borders_threshold   = -76.24
     margin_forwarding   = 0.48
     min_delay           = 0.00
     max_delay           = 0.20
     neighbors_threshold = 2
     energy              = 6.95
     coverage            = 11.20 (0.09)
     nforwardings        = 10.00
     time                = 0.44
86,-76.236747,0.482771,0.000000,0.199796,2,6.953120,11.200000,10.000000,0.442986
(87) borders_threshold   = -75.91
     margin_forwarding   = 0.48
     min_delay           = 0.33
     max_delay           = 0.48
     neighbors_threshold = 1
     energy              = 4.16
     coverage            = 9.00 (0.11)
     nforwardings        = 8.10
     time                = 1.42
87,-75.914073,0.482771,0.334048,0.477774,1,4.160140,9.000000,8.100000,1.417350
(88) borders_threshold   = -94.69
     margin_forwarding   = 0.48
     min_delay           = 0.02
     max_delay           = 2.96
     neighbors_threshold = 29
     energy              = 23.78
     coverage            = 27.40 (0.04)
     nforwardings        = 0.50
     time                = 0.77
88,-94.687973,0.482771,0.021766,2.961110,29,23.775800,27.400000,0.500000,0.770139
(89) borders_threshold   = -76.59
     margin_forwarding   = 0.48
     min_delay           = 0.29
     max_delay           = 0.18
     neighbors_threshold = 4
     energy              = 12.38
     coverage            = 14.90 (0.07)
     nforwardings        = 13.70
     time                = 1.39
89,-76.589603,0.482771,0.292842,0.182505,4,12.380300,14.900000,13.700000,1.392790
(90) borders_threshold   = -94.44
     margin_forwarding   = 0.48
     min_delay           = 0.00
     max_delay           = 0.29
     neighbors_threshold = 10
     energy              = 55.81
     coverage            = 42.70 (0.02)
     nforwardings        = 2.50
     time                = 0.35
90,-94.441679,0.482771,0.000000,0.285384,10,55.812900,42.700000,2.500000,0.353793
(91) borders_threshold   = -93.26
     margin_forwarding   = 0.48
     min_delay           = 0.59
     max_delay           = 0.18
     neighbors_threshold = 12
     energy              = 130.55
     coverage            = 69.20 (0.01)
     nforwardings        = 7.20
     time                = 1.26
91,-93.258913,0.482771,0.588118,0.182505,12,130.546000,69.200000,7.200000,1.260410
(92) borders_threshold   = -93.54
     margin_forwarding   = 0.48
     min_delay           = 0.00
     max_delay           = 0.25
     neighbors_threshold = 7
     energy              = 114.25
     coverage            = 64.80 (0.02)
     nforwardings        = 6.20
     time                = 0.41
92,-93.542730,0.482771,0.000000,0.249694,7,114.245000,64.800000,6.200000,0.414006
(93) borders_threshold   = -76.97
     margin_forwarding   = 0.48
     min_delay           = 0.33
     max_delay           = 0.18
     neighbors_threshold = 0
     energy              = 12.77
     coverage            = 12.50 (0.08)
     nforwardings        = 11.40
     time                = 1.23
93,-76.968449,0.482771,0.334048,0.182505,0,12.767600,12.500000,11.400000,1.234550
(94) borders_threshold   = -92.74
     margin_forwarding   = 2.31
     min_delay           = 0.24
     max_delay           = 0.80
     neighbors_threshold = 14
     energy              = 158.60
     coverage            = 73.40 (0.01)
     nforwardings        = 8.90
     time                = 1.70
94,-92.743597,2.311011,0.243441,0.798813,14,158.604000,73.400000,8.900000,1.695810
(95) borders_threshold   = -94.35
     margin_forwarding   = 0.48
     min_delay           = 1.00
     max_delay           = 0.00
     neighbors_threshold = 20
     energy              = 60.49
     coverage            = 46.00 (0.02)
     nforwardings        = 2.80
     time                = 0.98
95,-94.350813,0.482771,1.000000,0.000000,20,60.493700,46.000000,2.800000,0.978368
(96) borders_threshold   = -93.10
     margin_forwarding   = 0.48
     min_delay           = 0.00
     max_delay           = 0.18
     neighbors_threshold = 8
     energy              = 128.80
     coverage            = 68.00 (0.01)
     nforwardings        = 7.10
     time                = 0.30
96,-93.100693,0.482771,0.000000,0.182505,8,128.797000,68.000000,7.100000,0.297566
(97) borders_threshold   = -94.31
     margin_forwarding   = 0.48
     min_delay           = 0.10
     max_delay           = 0.18
     neighbors_threshold = 9
     energy              = 78.12
     coverage            = 53.40 (0.02)
     nforwardings        = 3.90
     time                = 0.33
97,-94.312059,0.482771,0.099681,0.182505,9,78.115700,53.400000,3.900000,0.327111
(98) borders_threshold   = -94.35
     margin_forwarding   = 0.48
     min_delay           = 1.00
     max_delay           = 0.28
     neighbors_threshold = 20
     energy              = 68.59
     coverage            = 48.50 (0.02)
     nforwardings        = 3.30
     time                = 1.50
98,-94.352397,0.482771,1.000000,0.275832,20,68.593000,48.500000,3.300000,1.498230
(99) borders_threshold   = -94.92
     margin_forwarding   = 0.14
     min_delay           = 0.32
     max_delay           = 3.32
     neighbors_threshold = 28
     energy              = 21.85
     coverage            = 23.60 (0.04)
     nforwardings        = 0.40
     time                = 0.84
99,-94.923036,0.136288,0.321089,3.317263,28,21.852300,23.600000,0.400000,0.837392

real	419m59.474s
user	353m17.469s
sys	66m0.728s
