[INFO][8] Cantidad de iteraciones: 3000
[INFO][4] Cantidad de iteraciones: 3000
[INFO][2] Cantidad de iteraciones: 3000
[INFO][6] Cantidad de iteraciones: 3000
[INFO][1] Cantidad de iteraciones: 3000
[INFO][7] Cantidad de iteraciones: 3000
[INFO][5] Cantidad de iteraciones: 3000
[INFO][3] Cantidad de iteraciones: 3000

id,borders_threshold,margin_forwarding,min_delay,max_delay,neighbors_threshold,energy,coverage,nforwardings,time
0,-94.442726,0.705142,0.591844,4.773349,23,28.762900,9.700000,0.800000,1.270410
1,-74.548120,1.284659,0.000000,1.315930,0,6.143010,2.200000,2.200000,0.584079
2,-73.766110,1.284659,0.000000,4.487458,2,5.193900,2.100000,1.700000,1.484790
3,-82.268049,0.542042,0.727909,2.392152,31,237.456000,23.700000,16.100000,6.090270
4,-80.195404,0.540710,0.307783,0.990429,35,269.044000,24.000000,17.900000,2.355300
5,-87.778664,1.679697,0.000000,0.848498,15,154.647000,21.700000,9.500000,1.539230
6,-94.481634,0.705142,0.591844,4.669936,21,29.705200,10.600000,0.900000,1.504650
7,-71.566991,1.284659,0.000000,2.542059,0,9.889160,3.500000,3.300000,1.301260
8,-72.898553,1.284659,0.000000,4.487458,0,4.571000,2.000000,1.700000,1.484790
9,-92.823564,0.211890,0.131550,1.074581,10,76.927000,17.000000,4.000000,1.471260
10,-94.451839,0.540710,0.000000,2.818186,24,24.624600,9.100000,0.600000,0.421962
11,-90.826027,0.211890,0.199600,0.541387,14,116.012000,20.100000,6.600000,1.128690
12,-88.573150,1.133790,0.319250,3.562140,14,154.286000,21.400000,8.900000,6.080210
13,-94.796784,0.211890,0.353811,1.352602,0,19.166900,7.700000,0.300000,0.274469
14,-83.985016,0.542042,0.727909,0.000000,28,221.418000,23.500000,14.200000,1.164260
15,-94.570947,0.540710,0.000000,0.784678,27,16.244000,6.800000,0.100000,0.033531
16,-94.139680,0.211890,0.221228,0.000000,0,52.821300,13.300000,2.400000,0.182506
17,-87.600292,0.540710,0.000000,0.747507,20,169.845000,22.700000,10.500000,1.390890
18,-72.467067,1.284659,0.188306,0.418832,1,4.784150,2.300000,2.300000,0.245932
19,-87.953856,1.679697,0.000000,0.620857,15,172.588000,23.100000,10.500000,1.376090
20,-71.347251,1.284659,0.000000,1.315930,2,14.426800,3.700000,3.600000,0.717269
21,-73.390008,1.284659,0.188306,4.425321,1,2.184280,2.000000,1.800000,1.611450
22,-87.809062,0.540710,0.000000,0.747507,22,178.078000,23.300000,11.300000,1.443790
23,-93.025979,1.284659,0.188306,0.839816,6,64.866800,14.900000,3.100000,0.903371
24,-94.794620,0.211890,0.000000,1.048918,18,22.369400,8.200000,0.500000,0.208917
25,-71.125592,1.284659,0.000000,4.425321,2,4.554290,3.200000,3.000000,1.901290
26,-94.931294,0.211890,0.131550,1.309793,4,14.950100,4.800000,0.000000,0.000736
27,-70.000000,1.284659,0.122494,2.500731,2,7.606120,2.900000,2.800000,1.308460
28,-72.576370,1.284659,0.000000,3.149849,1,4.085330,2.500000,2.500000,1.596500
29,-93.626429,0.540710,0.217199,0.825692,33,42.895400,11.900000,1.800000,0.774570
30,-92.895610,0.540710,0.129420,0.797380,19,73.803600,16.800000,3.700000,1.131790
31,-91.547836,1.679697,0.000000,1.000434,23,98.586800,19.300000,5.200000,1.699940
32,-92.967198,1.679697,0.000000,0.504573,12,83.003800,17.400000,4.200000,0.579266
33,-88.864795,1.679697,0.000000,0.192633,12,150.546000,21.200000,8.700000,0.301646
34,-73.675344,1.284659,0.102413,4.425321,1,0.478993,1.800000,1.700000,0.779251
35,-94.659864,0.211890,0.000000,0.423195,27,36.049900,11.400000,1.300000,0.283130
36,-73.115657,1.284659,0.188306,2.542059,0,11.935300,3.200000,2.900000,1.380400
37,-92.126052,0.540710,0.000000,1.382253,25,94.723100,18.500000,5.100000,1.609890
38,-93.800085,1.595797,0.000000,1.026439,1,51.265900,13.100000,2.200000,0.919203
39,-92.750827,0.540710,0.000000,1.382253,25,62.790500,14.800000,3.000000,1.177000
40,-72.360309,1.284659,0.000000,3.230855,2,13.730200,3.500000,3.100000,1.727650
41,-94.410518,0.540710,0.000000,0.345703,19,34.517600,10.700000,1.300000,0.160237
42,-70.810685,1.284659,0.000000,0.000000,2,4.723580,2.600000,2.500000,0.001275
43,-94.631052,0.540710,0.000000,2.681832,22,23.295400,9.000000,0.500000,0.369288
44,-92.856363,0.540710,0.129420,0.797380,18,81.057700,17.300000,4.200000,1.044230
45,-93.596822,1.679697,0.361317,0.000000,18,39.957200,11.700000,1.500000,0.284154
46,-91.036853,0.211890,0.199600,0.541387,16,109.910000,19.400000,6.200000,1.005200
47,-87.618957,1.284659,0.000000,0.418832,22,151.609000,21.300000,9.300000,0.763322
48,-93.895851,0.211890,1.000000,1.074581,9,53.279500,13.500000,2.400000,1.767410
49,-93.353835,0.540710,0.073175,0.518322,16,65.009400,15.100000,3.100000,0.597035
50,-70.000000,1.284659,0.000000,4.487458,2,5.250990,3.100000,2.900000,1.964920
51,-74.148978,1.284659,0.188306,4.425321,2,3.684060,2.100000,1.800000,1.599690
52,-93.065792,0.540710,0.129420,0.797380,16,67.222400,15.600000,3.300000,0.715957
53,-91.440739,1.679697,0.000000,0.885766,8,90.658000,18.000000,4.700000,1.207480
54,-90.481787,1.284659,0.188306,0.839816,7,116.565000,21.000000,6.400000,1.473790
55,-75.125365,1.284659,0.096150,4.168193,0,8.229890,2.400000,2.200000,1.813770
56,-87.854323,0.540710,0.000000,0.370399,23,167.997000,22.300000,10.600000,0.508569
57,-94.486118,0.211890,0.331490,1.352602,0,44.720600,12.700000,1.900000,1.447420
58,-80.926003,1.284659,0.188306,0.418832,11,247.041000,23.800000,16.200000,1.126150
59,-94.220950,0.211890,0.131550,1.309793,0,57.162000,14.200000,2.700000,1.678230
60,-87.621021,1.679697,0.000000,0.192633,10,182.542000,23.400000,11.100000,0.310301
61,-94.463569,0.540710,0.000000,2.514992,16,23.027900,8.900000,0.500000,0.444045
62,-94.556408,0.540710,0.217199,0.784678,23,17.901200,7.600000,0.200000,0.074213
63,-94.059774,1.134426,0.074055,1.185617,24,26.837200,9.300000,0.700000,0.296365
64,-94.484865,0.211890,0.131550,1.309793,0,42.977400,12.200000,1.800000,1.158560
65,-94.463128,0.211890,1.000000,1.352602,0,39.237200,11.800000,1.600000,1.673070
66,-75.026970,1.284659,0.000000,4.168193,0,9.596050,2.400000,2.100000,1.953580
67,-92.746800,1.679697,0.074152,0.192633,13,62.435200,14.400000,2.900000,0.206313
68,-70.194764,1.284659,1.000000,2.500731,0,2.761240,2.700000,2.700000,1.555900
69,-74.578904,1.284659,0.188306,5.000000,2,5.338680,2.600000,2.400000,1.593820
70,-91.740933,1.679697,0.000000,0.620857,9,84.386500,17.700000,4.300000,0.750215
71,-73.335580,1.284659,0.188306,4.384492,2,1.659790,1.900000,1.800000,0.783104
72,-74.585133,1.284659,0.188306,4.252188,2,5.880210,2.800000,2.600000,0.692350
73,-94.280671,1.133790,0.319250,3.562140,30,22.269800,8.100000,0.700000,1.096440
74,-70.185830,1.284659,0.000000,2.500731,0,3.985500,2.900000,2.900000,0.869156
75,-72.411235,1.284659,1.000000,2.500731,0,10.058500,3.000000,2.700000,1.717570
76,-92.519749,0.540710,0.129420,0.784678,22,71.026100,15.900000,3.600000,1.141160
77,-93.231901,0.211890,0.000000,0.423195,27,91.898700,18.300000,4.900000,0.539689
78,-91.718312,0.540710,0.000000,1.382253,22,85.073100,17.900000,4.500000,1.385990
79,-92.985886,0.540710,0.129420,0.797380,14,65.609800,15.500000,3.200000,0.854462
80,-88.759490,0.540710,0.247614,0.284237,18,156.216000,21.900000,9.200000,0.981329
82,-71.784637,1.284659,0.188306,2.542059,0,14.750100,3.900000,3.500000,1.759160
83,-94.503928,0.211890,0.000000,0.000000,38,45.169000,13.000000,1.900000,0.002046
