[INFO][1] Cantidad de iteraciones: 3000
[INFO][5] Cantidad de iteraciones: 3000
[INFO][3] Cantidad de iteraciones: 3000
[INFO][8] Cantidad de iteraciones: 3000
[INFO][2] Cantidad de iteraciones: 3000
[INFO][4] Cantidad de iteraciones: 3000
[INFO][7] Cantidad de iteraciones: 3000
[INFO][6] Cantidad de iteraciones: 3000

id,borders_threshold,margin_forwarding,min_delay,max_delay,neighbors_threshold,energy,coverage,nforwardings,time
0,-94.738105,0.274150,0.369931,4.157700,0,24.461400,8.600000,0.600000,1.355010
1,-94.616677,0.784379,0.376143,2.580807,22,23.468300,8.300000,0.500000,0.687339
2,-94.282257,0.274150,0.369931,3.151378,0,35.742800,10.900000,1.300000,1.778030
3,-94.576342,0.784379,0.435413,0.839238,33,16.414600,6.800000,0.100000,0.061191
4,-94.502676,0.495978,0.187285,4.830962,3,24.585100,9.100000,0.600000,0.788217
5,-73.701257,0.873480,0.956944,4.671704,2,11.652500,3.200000,2.700000,3.161240
6,-92.616838,0.274150,0.221383,4.157700,5,66.330500,16.000000,3.300000,4.439440
7,-70.000000,0.873480,0.000000,4.671704,0,1.517240,1.800000,1.700000,1.497950
8,-93.502288,0.784379,0.498470,0.624151,21,43.102000,11.900000,1.800000,0.840964
9,-76.878134,1.308986,0.811805,1.114058,15,308.065000,24.000000,20.300000,3.377070
10,-90.784774,0.784379,0.376143,0.470459,49,106.334000,19.600000,5.800000,1.422820
11,-90.359490,1.230741,0.271557,1.000086,45,120.840000,20.000000,6.700000,1.843340
12,-86.351252,1.508787,0.905112,3.332360,19,159.202000,21.500000,9.500000,6.824780
13,-73.656604,0.873480,0.956944,4.622723,1,1.970970,2.000000,1.700000,1.707590
14,-73.172431,1.341668,0.937906,1.803252,1,13.704300,3.300000,3.000000,1.694490
15,-88.723434,1.230741,0.271557,1.000086,47,160.991000,21.600000,9.300000,1.892240
16,-90.618143,1.230741,0.271557,1.000086,46,78.041100,17.500000,4.000000,1.401150
17,-89.727405,1.230741,0.271557,0.038594,45,140.998000,21.000000,8.000000,0.425503
18,-83.683344,1.111423,0.351090,4.184893,48,243.934000,23.800000,15.200000,6.308250
19,-95.000000,0.274150,0.221383,4.157700,2,14.999900,4.800000,0.000000,0.000736
20,-94.156703,0.873480,0.000000,2.373490,0,31.302600,10.000000,1.000000,0.898218
21,-94.618157,0.784379,1.000000,1.040604,31,23.243600,7.900000,0.500000,0.509615
22,-94.706655,0.274150,0.369931,4.157700,0,27.297700,9.500000,0.800000,1.875120
23,-92.976984,0.784379,0.376143,0.624151,29,98.400400,18.800000,5.300000,1.517720
24,-94.104953,2.629159,0.000000,1.928373,19,28.711000,9.900000,0.800000,0.591770
25,-92.923581,2.825355,0.000000,1.199117,0,64.082400,15.000000,3.000000,1.065100
26,-74.624100,0.873480,0.661473,4.671704,0,6.464400,2.300000,1.800000,1.957900
27,-94.209398,0.784379,1.000000,1.040604,43,34.776700,10.700000,1.300000,1.021290
28,-70.084855,0.873480,0.741972,5.000000,2,1.571980,1.900000,1.900000,1.414810
30,-94.081791,0.784379,1.000000,1.040604,50,50.992600,13.000000,2.200000,1.838820
31,-94.065995,0.873480,1.000000,0.968711,0,49.340900,12.600000,2.100000,1.674680
32,-74.592949,0.873480,0.992029,4.671704,0,4.163460,2.200000,1.700000,1.630440
33,-72.660280,1.341668,0.937906,1.803252,0,11.455400,3.200000,2.900000,1.175200
34,-70.000000,0.873480,0.000000,1.387528,4,8.951330,3.900000,3.600000,0.873248
35,-73.743622,0.873480,0.956944,4.695007,2,3.449050,2.000000,1.500000,1.561100
36,-72.210717,0.873480,0.956944,5.000000,1,1.468760,2.200000,2.000000,1.875520
37,-92.037697,2.825355,0.063902,0.965847,0,101.982000,19.000000,5.400000,1.751880
38,-87.403357,0.784379,0.376143,0.624151,29,144.476000,21.200000,8.900000,1.719030
39,-90.120104,0.784379,0.435413,0.624151,24,121.456000,20.700000,6.800000,1.364540
40,-89.015458,0.784379,0.112432,0.624151,27,156.739000,21.400000,9.200000,0.963916
41,-73.856650,0.873480,0.661473,4.671704,0,6.247840,2.300000,1.900000,1.957900
42,-94.173104,0.891106,0.349804,1.290246,23,26.751400,9.300000,0.700000,0.474897
43,-93.510229,0.784379,0.376143,0.624151,29,47.962600,12.500000,2.100000,0.794227
44,-94.268236,0.784379,0.435413,0.624151,27,19.532900,7.700000,0.300000,0.148935
45,-92.237751,2.825355,0.000000,1.114088,0,78.500900,16.700000,3.900000,1.342950
46,-92.357949,0.784379,0.708353,0.520050,27,89.834800,18.700000,4.700000,1.651940
47,-70.133713,0.873480,0.741972,5.000000,0,0.261965,1.800000,1.800000,1.055400
48,-71.468947,0.873480,0.000000,1.387528,2,7.007960,2.600000,2.600000,0.592534
49,-94.498226,0.784379,0.435413,0.838883,21,18.066100,7.600000,0.200000,0.109186
50,-92.847740,2.825355,0.000000,1.199117,0,62.480300,14.400000,2.900000,0.978616
51,-87.188462,0.784379,0.376143,0.624151,26,161.042000,22.600000,10.100000,1.955940
52,-93.677190,0.784379,0.000000,1.040604,27,55.855000,13.300000,2.500000,0.870676
53,-90.208280,0.784379,0.000000,0.624151,18,119.128000,19.700000,6.900000,0.844866
54,-93.723093,2.629159,0.000000,0.000000,15,41.653600,11.700000,1.600000,0.001815
55,-93.843767,0.784379,0.376143,0.802267,24,39.162500,11.000000,1.500000,0.758789
56,-93.749799,0.784379,0.000000,1.040604,26,57.009300,13.800000,2.600000,0.811582
57,-87.576615,0.784379,0.376143,0.624151,24,166.475000,22.700000,10.300000,1.691000
58,-72.991475,0.873480,1.000000,0.953694,0,1.241690,1.700000,1.600000,0.390962
59,-87.967936,1.230741,0.000000,1.000086,46,158.252000,21.500000,9.600000,1.217140
60,-94.375616,0.784379,0.376143,2.580807,25,22.098000,8.100000,0.700000,0.993373
61,-88.047875,0.784379,0.005314,0.526601,20,170.506000,22.800000,10.500000,0.947207
62,-93.469198,0.873480,0.149921,0.892584,0,41.361700,11.300000,1.700000,0.800431
63,-74.712154,1.341668,0.937906,0.000000,15,303.431000,24.000000,21.100000,1.165280
64,-87.861590,0.784379,0.000000,0.839238,25,155.332000,21.400000,9.500000,1.208740
65,-94.221196,0.784379,0.000000,1.919551,23,24.793400,9.200000,0.600000,0.353878
66,-73.496613,0.873480,1.000000,4.671704,1,7.533550,2.500000,2.100000,1.936450
67,-70.913329,0.873480,0.000000,5.000000,4,7.069120,2.800000,2.400000,1.456280
68,-86.675635,1.111423,0.351090,0.659625,47,179.835000,23.600000,11.100000,1.713250
69,-90.124635,0.784379,0.435413,0.624151,35,121.037000,20.600000,6.800000,1.358300
70,-72.455461,0.873480,1.000000,5.000000,0,0.850669,2.400000,2.200000,1.949880
71,-92.717031,0.784379,0.376143,0.824742,25,75.352200,16.500000,3.800000,1.450160
72,-93.428057,0.784379,0.000000,1.040604,27,63.536700,14.600000,3.000000,0.796329
73,-90.744661,0.873480,0.149921,0.892584,23,120.614000,20.100000,6.800000,1.773700
74,-92.492419,0.784379,0.000000,1.040604,47,88.512800,18.000000,4.600000,1.161270
75,-94.038388,0.784379,0.000000,1.040604,23,45.746100,12.200000,1.900000,0.844280
76,-94.461759,0.274150,0.369931,3.151378,0,33.867400,10.400000,1.200000,1.663030
77,-93.590562,0.873480,0.149921,0.892584,0,39.819400,11.200000,1.600000,0.748392
78,-90.652682,1.230741,0.271557,1.000086,38,79.643100,17.700000,4.100000,1.418580
