[INFO][5] Cantidad de iteraciones: 3000
[INFO][1] Cantidad de iteraciones: 3000
[INFO][4] Cantidad de iteraciones: 3000
[INFO][3] Cantidad de iteraciones: 3000
[INFO][8] Cantidad de iteraciones: 3000
[INFO][7] Cantidad de iteraciones: 3000
[INFO][2] Cantidad de iteraciones: 3000
[INFO][6] Cantidad de iteraciones: 3000

id,borders_threshold,margin_forwarding,min_delay,max_delay,neighbors_threshold,energy,coverage,nforwardings,time
0,-86.237830,0.923003,0.759786,0.136610,22,199.234000,23.800000,12.800000,1.562680
1,-70.437352,0.555539,0.741906,4.671941,0,0.578581,1.800000,1.700000,1.629830
2,-79.260275,0.325777,0.457855,1.651427,2,14.087100,3.100000,2.600000,1.340140
3,-94.624333,1.830454,1.000000,5.000000,0,25.393500,8.700000,0.600000,1.302120
4,-94.954838,0.047640,0.000000,1.734657,11,19.162400,7.700000,0.300000,0.176858
5,-91.774955,0.923003,0.000000,0.444791,42,96.701600,18.300000,5.200000,0.654422
6,-75.556169,0.555539,0.000000,2.690818,0,14.397800,3.400000,3.000000,1.469720
7,-75.021198,0.325777,0.457855,1.651427,2,8.538690,2.400000,1.900000,0.733271
8,-90.861996,0.923003,0.000000,0.702380,38,107.660000,19.500000,5.900000,1.075340
9,-94.098331,0.923003,0.000000,1.060547,7,28.354700,9.400000,0.800000,0.324143
10,-93.826963,1.235768,1.000000,1.201387,32,28.671400,10.100000,1.100000,1.100370
11,-79.490808,0.325777,0.457855,1.651427,0,13.237400,2.900000,2.400000,1.397330
12,-92.753228,1.235768,0.343299,1.193076,34,68.115600,15.300000,3.300000,1.715830
13,-88.982704,0.923003,0.000000,1.602123,14,152.065000,21.700000,8.700000,1.863470
14,-94.744541,0.047640,0.919136,1.136298,48,37.156400,11.200000,1.400000,1.221120
15,-94.450402,0.142998,0.000000,3.600913,37,35.788600,10.900000,1.300000,1.657950
16,-94.145937,0.923003,1.000000,1.261951,20,30.257500,9.800000,0.900000,0.902650
17,-92.532485,0.142998,0.183804,2.399134,35,80.114800,17.500000,4.200000,3.446740
18,-89.559914,0.142998,0.000000,1.630675,45,142.741000,21.300000,8.400000,1.982670
19,-92.815765,1.235768,0.000000,1.215027,31,63.747000,14.700000,3.000000,1.007450
20,-73.983089,0.555539,0.113549,4.557182,0,2.154230,2.600000,2.300000,1.988740
21,-90.968660,0.923003,0.000000,0.702380,36,104.933000,19.100000,5.700000,1.031270
22,-74.622408,0.555539,0.000000,2.690818,1,4.438120,3.000000,3.000000,1.305260
23,-93.650032,0.923003,0.000000,1.290246,38,63.753900,15.200000,3.000000,1.242120
24,-93.141260,0.923003,0.118028,0.000000,31,69.552900,15.700000,3.400000,0.141276
25,-89.155430,0.923003,0.000000,1.602123,14,152.467000,21.800000,8.700000,1.847930
26,-94.949041,0.047640,0.000000,0.000000,37,20.983100,8.300000,0.400000,0.001045
27,-93.644781,1.235768,0.224047,0.000000,45,52.395400,13.400000,2.300000,0.207803
28,-76.016343,0.923003,0.000000,0.136610,33,316.341000,24.000000,21.200000,0.255307
29,-74.990177,0.555539,0.000000,4.671941,0,9.390010,2.500000,2.000000,1.970360
30,-94.968837,0.047640,0.000000,1.734657,16,16.398500,5.700000,0.100000,0.037213
31,-94.262673,0.142998,0.000000,2.399134,31,43.246200,12.500000,1.800000,1.823240
32,-87.501422,0.923003,0.000000,0.136610,31,174.053000,22.000000,10.800000,0.216497
33,-72.459648,0.555539,0.000000,2.889700,2,11.217700,3.300000,3.000000,1.435070
34,-94.611402,0.923003,0.118028,1.240719,22,16.511600,6.800000,0.100000,0.059428
35,-70.000000,0.555539,0.741906,5.000000,0,1.503590,1.600000,1.500000,1.079020
36,-74.031941,0.325777,0.478502,1.651427,2,14.301300,3.600000,3.300000,1.230910
37,-90.900858,0.923003,0.118028,1.261951,25,98.480400,18.400000,5.300000,1.924160
38,-89.951908,0.923003,0.000000,1.042639,17,131.188000,20.400000,7.400000,1.717820
39,-73.686448,0.555539,0.741906,5.000000,0,0.566976,1.700000,1.600000,1.090750
40,-75.882299,0.325777,0.457855,1.651427,0,11.716800,3.000000,2.600000,1.181710
41,-72.331673,0.555539,0.605514,4.709796,0,3.915870,2.200000,1.800000,1.905540
42,-95.000000,0.047640,0.175444,2.399893,30,14.803500,4.800000,0.000000,0.000736
43,-90.296968,0.923003,0.000000,0.502779,23,117.767000,19.900000,6.500000,0.611485
44,-74.124577,0.555539,0.000000,4.709796,2,9.530810,3.000000,2.900000,1.979640
45,-91.863376,2.512961,0.118654,1.237905,0,95.287800,17.900000,5.000000,1.970680
46,-87.825168,0.923003,0.000000,0.502779,26,174.286000,23.000000,10.700000,0.897160
47,-71.561873,0.555539,0.478747,5.000000,1,4.413300,1.800000,1.500000,1.923090
48,-73.496375,0.555539,0.000000,3.283552,2,11.348100,3.300000,2.800000,1.299400
49,-91.855204,0.923003,0.077024,0.000000,23,77.134800,16.500000,3.900000,0.098892
50,-92.889213,0.923003,0.000000,0.136610,34,77.558100,17.000000,3.900000,0.145928
51,-94.956505,0.047640,0.175444,1.815173,27,17.871500,7.600000,0.200000,0.105742
53,-93.016734,1.235768,0.224047,1.201387,41,72.712600,16.100000,3.600000,1.461690
54,-72.797682,0.555539,1.000000,4.984932,0,0.371756,2.000000,1.800000,1.130510
55,-94.154570,0.923003,0.000000,1.261951,17,26.764100,9.300000,0.700000,0.355212
56,-92.902886,1.235768,0.343299,1.193076,32,84.128100,17.800000,4.300000,1.864250
57,-93.472466,1.736514,0.282433,1.202817,0,49.575200,13.000000,2.100000,1.254920
58,-94.216788,0.047640,0.000148,2.399893,19,49.475700,12.600000,2.200000,1.580540
59,-91.056670,0.923003,0.000000,1.041626,13,103.470000,18.600000,5.600000,1.525050
60,-72.123958,0.555539,0.000000,3.283552,2,3.207820,2.200000,2.000000,0.472688
61,-75.248236,0.325777,0.457855,1.651427,0,9.377310,2.900000,2.600000,1.102390
62,-71.397854,0.555539,0.873980,5.000000,2,0.487381,2.100000,1.800000,1.537890
63,-74.087499,0.555539,0.605514,4.709796,0,5.449040,2.300000,1.900000,1.905540
66,-77.196611,0.325777,0.000000,1.651427,0,13.931600,2.600000,2.100000,0.679209
67,-94.801634,0.047640,0.175444,0.338115,23,34.192200,10.600000,1.200000,0.286094
68,-74.848035,0.555539,0.605514,4.557182,1,6.352320,2.300000,1.800000,1.540390
69,-90.305301,0.923003,0.000000,1.267553,11,123.090000,20.000000,7.000000,1.935360
70,-70.000000,0.555539,0.000000,4.709796,1,1.466650,1.500000,1.400000,0.837179
71,-74.068974,0.555539,0.741906,4.709796,0,2.912350,2.100000,1.600000,1.735260
72,-79.521815,0.325777,0.452662,1.651427,0,13.030300,2.800000,2.300000,1.218720
73,-94.964829,0.047640,0.000000,1.734657,15,17.591700,7.500000,0.200000,0.223296
74,-94.420232,0.047640,1.000000,1.386547,8,38.361500,11.800000,1.500000,1.563350
77,-94.577267,0.923003,0.027441,0.136610,12,25.396700,9.200000,0.600000,0.037118
78,-87.283494,0.923003,0.000000,0.261195,27,182.359000,23.500000,11.500000,0.413085
79,-93.807420,0.923003,0.000000,1.041626,17,51.227500,13.100000,2.200000,0.856053
80,-94.417446,0.142998,0.608879,3.600913,37,34.204800,10.800000,1.200000,1.984850
81,-73.414575,0.555539,0.570145,0.943925,2,12.710900,4.200000,4.000000,0.967217
82,-93.462805,1.736514,0.658536,1.202817,0,59.029600,14.200000,2.700000,1.453640
83,-93.770277,1.235768,1.000000,1.201387,27,35.079700,11.100000,1.500000,1.427150
84,-74.021541,0.555539,0.605514,4.557182,0,5.845200,2.200000,1.700000,1.538070
85,-78.584654,0.923003,0.000000,0.705602,29,281.896000,23.900000,18.900000,1.302800
86,-90.586558,0.923003,0.000000,0.444791,40,104.885000,18.700000,5.700000,0.564730
87,-94.048929,1.235768,0.343299,1.193076,29,31.663700,10.000000,1.000000,0.487049
88,-93.361022,0.923003,0.000000,1.041626,9,63.714100,14.600000,3.000000,0.797109
89,-70.000000,0.555539,0.605514,5.000000,1,0.644975,2.000000,1.700000,1.701110
90,-74.939259,0.555539,0.000000,2.690818,0,9.825680,3.100000,2.700000,1.641530
92,-94.606758,0.047640,0.175444,1.909218,8,34.163800,10.200000,1.200000,0.949055
93,-94.066899,0.047640,0.175444,1.549104,23,56.848600,13.700000,2.700000,1.484140
95,-72.520231,0.325777,0.457855,1.651427,2,9.825410,3.700000,3.500000,1.782660
96,-93.962253,0.142998,0.000536,2.399134,26,58.923500,14.100000,2.800000,1.699330
97,-87.344817,0.923003,0.000000,0.261195,30,181.429000,23.200000,11.500000,0.419377
98,-74.066791,0.555539,0.312087,4.289354,0,6.912870,2.200000,1.600000,1.422620
