[INFO][7] Cantidad de iteraciones: 3000
[INFO][1] Cantidad de iteraciones: 3000
[INFO][2] Cantidad de iteraciones: 3000
[INFO][8] Cantidad de iteraciones: 3000
[INFO][6] Cantidad de iteraciones: 3000
[INFO][4] Cantidad de iteraciones: 3000
[INFO][3] Cantidad de iteraciones: 3000
[INFO][5] Cantidad de iteraciones: 3000

id,borders_threshold,margin_forwarding,min_delay,max_delay,neighbors_threshold,energy,coverage,nforwardings,time
0,-94.370272,0.257218,1.000000,2.939859,44,34.352400,10.800000,1.200000,1.907420
1,-70.000000,0.208227,1.000000,4.715543,1,3.098020,1.900000,1.600000,1.860360
2,-89.421306,1.106993,0.232163,0.736608,38,149.454000,21.600000,8.500000,1.565850
3,-92.740116,1.106993,0.512223,0.741888,42,77.871400,17.500000,3.900000,1.648080
4,-92.920866,1.106993,0.224776,0.736608,43,64.735800,14.900000,3.100000,0.833691
5,-92.917663,0.385075,0.000000,1.259985,40,64.664100,14.700000,3.200000,1.348240
6,-94.636805,0.733942,0.000000,2.366842,0,25.190600,9.300000,0.600000,0.617788
7,-92.717290,1.106993,0.554359,0.736608,47,79.373400,17.700000,4.000000,1.672780
8,-92.745635,1.106993,0.224776,0.736608,42,70.731500,16.000000,3.500000,1.087610
9,-92.680125,1.106993,0.232163,0.736608,35,72.791200,16.100000,3.600000,1.167170
10,-73.276641,0.208227,1.000000,5.000000,0,0.470078,2.000000,1.800000,1.074630
11,-94.304547,0.385075,0.539751,1.271224,16,36.094900,11.100000,1.300000,0.984324
12,-92.290045,1.106993,1.000000,0.000000,43,62.940700,13.700000,3.000000,0.846838
13,-87.551510,1.283509,0.266351,2.982742,12,175.069000,23.100000,11.000000,5.128010
14,-94.641964,0.733942,0.000000,2.048094,7,16.379300,6.800000,0.100000,0.086214
15,-94.723131,0.257218,0.000000,4.522813,42,28.882800,9.700000,0.900000,1.727650
16,-72.400374,0.208227,0.603389,5.000000,0,4.971430,2.000000,1.500000,1.603620
17,-87.934005,1.930241,0.249741,2.892911,25,158.745000,22.400000,9.600000,5.969180
18,-91.555649,2.120699,0.249868,0.619535,21,104.883000,18.900000,5.600000,1.633450
19,-89.692821,2.120699,0.000000,1.155074,42,117.581000,19.900000,6.400000,1.263180
20,-70.873629,0.208227,0.801915,5.000000,2,2.774070,2.400000,2.300000,1.990780
21,-90.197648,2.120699,0.256227,0.671266,27,129.113000,20.800000,7.100000,1.612560
22,-95.000000,0.257218,1.000000,2.939859,45,14.986400,4.800000,0.000000,0.000736
23,-92.831301,1.106993,0.554359,0.736608,45,91.856100,18.500000,4.800000,1.952650
24,-74.438778,1.172695,0.924365,0.000000,23,314.704000,24.000000,21.300000,1.233670
25,-76.243807,0.208227,0.118650,4.728009,0,8.783300,2.600000,2.200000,1.532740
26,-75.092398,0.208227,0.507392,4.726645,0,5.362120,2.400000,2.000000,1.814910
27,-94.396901,0.733942,0.000000,2.313044,0,29.625800,9.800000,0.900000,0.931425
28,-87.896247,2.120699,0.256227,0.671266,31,169.070000,22.600000,10.200000,1.688330
29,-71.853211,0.208227,1.000000,4.629670,1,0.367899,1.400000,1.400000,0.678629
30,-74.765969,0.208227,0.603389,5.000000,0,4.600020,2.200000,1.600000,1.626000
31,-71.367716,0.208227,1.000000,4.818058,0,0.289554,1.900000,1.800000,1.580940
32,-94.628290,0.733942,0.000000,2.086693,0,23.392000,9.000000,0.500000,0.287583
33,-71.423312,0.208227,0.603389,4.629670,0,0.004003,1.600000,1.600000,0.867345
34,-94.320080,0.733942,0.000000,2.048094,4,19.499100,7.700000,0.300000,0.189276
35,-76.790376,0.208227,0.118650,4.638731,2,9.040060,2.500000,1.900000,1.430620
36,-94.248379,2.120699,0.000000,2.542094,37,27.219600,9.500000,0.700000,0.554856
37,-94.737246,0.257218,0.000000,1.416390,39,30.415700,9.900000,1.000000,0.558289
38,-89.129368,1.106993,0.554359,0.736608,47,153.695000,21.800000,8.800000,1.880800
39,-94.285626,0.385075,0.611513,1.221408,10,39.873000,11.800000,1.600000,1.362280
40,-92.673063,1.106993,0.554359,0.736608,43,79.122400,17.600000,4.000000,1.615010
41,-73.216030,0.208227,0.584791,4.715543,1,0.808736,1.600000,1.500000,0.872697
42,-71.292086,0.208227,0.801915,3.754842,0,3.214430,1.700000,1.500000,1.403060
43,-94.062358,0.385075,0.539751,1.271224,18,56.041000,13.200000,2.600000,1.625970
44,-93.246190,2.120699,0.000000,0.723347,19,51.215700,13.100000,2.200000,0.508663
45,-94.303642,0.385075,0.610484,1.271224,4,38.985300,11.300000,1.500000,1.266670
46,-92.807036,2.120699,0.155227,0.761610,40,73.427700,16.400000,3.600000,1.064710
47,-71.610055,0.208227,0.858028,4.629670,4,8.363490,2.900000,2.400000,1.950970
48,-72.120972,0.208227,0.603389,5.000000,2,3.443970,2.300000,1.800000,1.938120
49,-70.000000,0.208227,0.507392,4.726645,0,1.300640,1.200000,1.200000,0.182546
50,-73.656569,0.208227,0.000000,4.728009,3,7.151280,2.500000,2.000000,1.316430
51,-71.077687,0.208227,0.594246,4.008062,0,3.047830,1.800000,1.600000,1.722730
52,-94.137827,0.257218,0.000000,1.416390,36,56.055000,13.600000,2.600000,1.697490
53,-94.453014,0.257218,0.000000,0.000000,36,45.238300,13.000000,1.900000,0.002046
55,-70.601126,0.208227,0.584791,4.715543,2,1.486390,1.300000,1.200000,0.663727
56,-92.920282,1.106993,0.554359,0.736608,44,63.175800,14.300000,3.000000,1.085020
57,-92.682533,2.120699,0.155227,0.761610,43,68.190300,15.100000,3.300000,0.764250
58,-87.151654,2.120699,0.000000,1.155074,36,180.431000,23.700000,10.900000,1.663190
59,-71.735070,0.208227,0.801915,4.715543,4,8.466980,2.900000,2.300000,1.949350
60,-94.027574,0.733942,1.000000,1.235415,0,37.875700,11.200000,1.400000,1.242920
61,-92.861260,2.120699,0.155227,0.761610,44,63.815300,14.600000,3.000000,0.772508
62,-94.085464,0.257218,0.000000,3.018014,46,43.374000,12.500000,1.800000,1.995370
63,-73.796006,0.208227,0.118650,1.688934,2,7.878470,3.900000,3.700000,1.262260
64,-72.357427,0.208227,1.000000,4.818058,0,1.216650,2.200000,1.900000,1.580940
65,-72.841860,0.208227,1.000000,3.098779,0,0.027844,1.300000,1.300000,0.426043
66,-91.378943,2.120699,0.000000,0.761610,17,87.758000,18.300000,4.500000,1.131690
67,-92.809867,1.106993,0.279169,0.364136,40,69.204200,15.400000,3.400000,0.661200
68,-94.416308,0.733942,0.000000,2.048094,0,18.035900,7.600000,0.200000,0.108601
69,-74.330098,0.208227,0.118650,1.074260,2,10.334000,4.400000,4.100000,0.860702
70,-94.038548,2.120699,0.249868,1.154153,11,31.840700,10.000000,1.000000,0.453050
71,-76.132219,0.208227,0.118650,4.638731,1,7.842730,2.400000,1.800000,1.860580
72,-75.167764,0.208227,0.000000,4.715543,2,6.050860,2.400000,1.900000,1.534490
73,-78.342048,2.120699,0.249868,0.723347,23,287.993000,23.900000,18.900000,1.755670
74,-72.464838,1.639473,0.141588,4.957686,0,13.552000,3.300000,3.000000,1.983990
75,-70.910567,0.208227,1.000000,5.000000,3,3.813050,2.400000,2.100000,1.944570
76,-72.265564,0.208227,0.000000,4.008062,0,0.490573,1.800000,1.700000,1.687890
77,-93.946140,0.733942,0.000000,2.366842,0,44.030300,12.600000,1.800000,1.947180
78,-94.635828,0.385075,0.000000,1.259985,26,22.755600,8.700000,0.500000,0.276084
79,-76.317268,0.208227,0.118650,1.688934,2,13.800100,3.200000,2.800000,1.044850
80,-75.012870,0.208227,0.118650,2.530867,1,8.741430,3.000000,2.500000,1.784930
81,-91.420689,2.120699,0.249868,0.703216,24,112.024000,19.400000,6.000000,1.493260
