[INFO][7] Cantidad de iteraciones: 3000
[INFO][4] Cantidad de iteraciones: 3000
[INFO][3] Cantidad de iteraciones: 3000
[INFO][6] Cantidad de iteraciones: 3000
[INFO][8] Cantidad de iteraciones: 3000
[INFO][5] Cantidad de iteraciones: 3000
[INFO][1] Cantidad de iteraciones: 3000
[INFO][2] Cantidad de iteraciones: 3000

id,borders_threshold,margin_forwarding,min_delay,max_delay,neighbors_threshold,energy,coverage,nforwardings,time
0,-71.297797,2.270174,0.000000,3.028546,5,1.843570,4.000000,3.800000,1.863100
1,-94.973531,0.025628,0.839328,3.689970,37,19.988200,13.600000,0.300000,0.903824
2,-74.327867,2.270174,0.000000,1.375828,1,13.813200,8.600000,8.100000,1.907560
3,-72.189382,2.270174,0.145070,0.967653,5,0.457613,4.100000,4.000000,0.767028
4,-74.220630,2.270174,0.089980,1.361361,0,5.193910,6.000000,5.600000,1.756290
5,-95.000000,0.025628,0.839328,4.481257,44,15.060600,10.900000,0.000000,0.000736
6,-72.047866,2.270174,0.145070,0.967653,1,0.158077,4.500000,4.400000,0.569171
7,-94.716213,0.066895,0.048312,0.000000,46,34.495700,21.000000,1.200000,0.025493
8,-94.345371,0.668930,0.000000,3.634302,38,26.756100,16.600000,0.700000,0.881809
9,-92.237578,1.900950,0.022997,1.624608,46,153.737000,48.200000,8.600000,2.597750
10,-95.000000,0.668930,0.048373,3.276104,2,15.433400,11.000000,0.000000,0.000737
11,-70.732419,2.270174,0.117211,1.273700,6,0.720289,4.100000,3.900000,0.963353
12,-73.606088,2.270174,0.000000,1.099084,0,7.266040,7.400000,6.900000,1.609950
13,-71.262244,2.270174,0.000000,1.619315,4,6.079600,3.300000,3.100000,0.786193
14,-71.327513,2.270174,0.362718,1.427471,6,9.601600,4.900000,4.300000,0.965286
15,-94.982381,0.025628,0.839328,4.481257,50,17.144900,12.700000,0.100000,0.420855
16,-94.581500,2.813469,1.000000,0.000000,19,28.793400,18.000000,0.800000,0.291490
17,-94.451904,0.668930,0.048373,3.276104,11,23.581300,15.200000,0.500000,1.004030
18,-94.489749,1.900950,0.022997,1.624608,44,23.896000,15.600000,0.500000,0.470925
19,-94.787105,0.668930,0.048373,3.276104,9,18.637500,13.400000,0.200000,0.210484
20,-92.670041,1.900950,0.000000,0.407000,36,128.158000,44.700000,7.000000,0.597624
21,-93.336604,1.560972,0.282530,0.477374,42,86.358000,35.200000,4.400000,1.096760
22,-71.679797,2.270174,0.386603,1.375828,4,1.846560,6.000000,5.900000,1.919870
23,-70.000000,2.270174,0.000000,0.669739,0,0.420806,5.800000,5.800000,0.700209
24,-71.578100,2.270174,0.980899,1.067278,0,1.017100,3.900000,3.800000,0.914094
25,-74.252456,2.270174,0.000000,0.597643,3,9.188290,8.100000,7.700000,0.845883
26,-70.866631,2.270174,0.000000,3.028546,0,0.525595,3.300000,3.200000,1.559290
27,-70.027464,2.270174,0.135779,2.279431,4,0.508819,3.200000,3.100000,1.247680
28,-94.519617,1.402866,1.000000,4.277877,2,23.782000,15.400000,0.500000,1.249400
29,-94.665506,0.668930,1.000000,3.276104,0,20.239600,13.800000,0.300000,0.465787
30,-70.469502,2.270174,0.024693,0.669739,6,4.173930,4.600000,4.200000,0.473030
31,-93.204037,0.066895,0.000000,1.251260,45,117.092000,42.400000,6.500000,1.938490
32,-94.104877,1.900950,0.022997,1.624608,41,38.449400,24.100000,1.400000,0.641575
33,-94.077052,0.668930,0.000000,2.324888,43,53.904700,27.200000,2.400000,1.854200
34,-73.760005,2.270174,0.046393,1.954863,0,7.115120,5.400000,4.800000,1.742700
35,-94.380558,0.668930,0.116790,2.328390,31,28.708100,16.700000,0.800000,1.242420
36,-94.391875,2.813469,1.000000,5.000000,0,23.949700,16.000000,0.500000,1.140600
37,-70.000000,2.270174,1.000000,2.002942,4,3.287900,3.900000,3.600000,1.701700
38,-93.425967,1.900950,0.000000,0.410883,32,81.584500,33.400000,4.100000,0.560640
39,-93.086195,0.066895,0.000000,1.248269,40,110.799000,40.800000,6.100000,1.871750
40,-70.000000,2.270174,0.000000,1.375828,6,7.173770,6.000000,5.500000,1.726350
41,-70.696114,2.270174,0.000000,1.099084,4,7.267640,4.900000,4.600000,0.850699
42,-92.070735,1.900950,0.022997,0.453902,48,144.019000,46.900000,8.000000,0.765587
43,-70.000000,2.270174,0.362718,1.369019,8,10.540200,7.100000,6.700000,1.978820
44,-91.957922,0.668930,0.048373,0.871294,27,165.618000,48.600000,9.500000,1.381150
45,-70.038554,2.270174,1.000000,1.067278,0,0.605860,2.900000,2.800000,0.721828
46,-94.656704,0.066895,0.000000,0.000000,48,63.246200,32.500000,3.000000,0.002355
47,-70.178988,2.270174,0.000000,1.099084,6,3.852770,5.300000,4.900000,1.240180
48,-71.617697,2.270174,1.000000,1.067278,0,3.111320,4.600000,4.500000,1.544270
49,-71.100462,2.270174,0.000000,2.005731,2,0.655223,3.500000,3.300000,0.852867
50,-71.288662,2.270174,0.000000,1.619315,5,0.169016,3.900000,3.900000,0.975127
51,-93.341062,1.560972,0.449854,0.477374,49,94.441300,38.100000,4.900000,1.345550
52,-73.285879,2.270174,1.000000,1.450854,0,7.158280,3.700000,3.400000,1.513330
53,-70.000000,2.270174,0.186365,0.600540,0,0.439911,4.800000,4.700000,0.654812
54,-72.124402,2.270174,0.362718,0.572329,8,4.475050,6.700000,6.200000,0.894788
55,-70.000000,2.270174,0.675617,1.107879,4,0.632228,3.700000,3.500000,0.899545
56,-70.000000,2.270174,0.000000,1.375828,7,14.735000,7.600000,7.100000,1.737650
57,-71.814313,2.270174,0.016284,0.669739,0,0.347000,4.000000,3.900000,0.425146
58,-93.300495,1.560972,0.449854,0.477374,50,94.436600,37.300000,4.900000,1.488510
59,-70.943694,2.270174,0.362718,1.641967,6,1.156460,4.200000,4.000000,1.383290
60,-70.000000,2.270174,0.258778,2.258194,1,0.041543,3.200000,3.200000,1.319960
61,-70.000000,2.270174,0.145070,1.110433,8,9.890260,6.900000,6.600000,1.110570
62,-74.393796,2.270174,0.145070,0.677891,1,10.445500,6.600000,6.100000,1.072330
63,-93.877377,1.900950,0.022997,2.375327,37,44.857700,24.900000,1.800000,1.842910
64,-70.011662,2.270174,1.000000,1.099084,0,0.030213,3.500000,3.400000,1.043900
65,-70.826627,2.270174,0.162670,1.110433,6,7.131840,4.800000,4.400000,1.092060
66,-70.822421,2.270174,1.000000,2.002942,0,0.518305,3.100000,3.000000,1.654940
67,-70.822925,2.270174,0.362718,1.641967,4,3.803130,3.500000,3.200000,0.915701
68,-94.418926,0.668930,1.000000,3.276104,50,21.950900,14.800000,0.400000,0.940565
69,-94.730585,0.066895,0.047411,1.235707,30,32.904600,19.600000,1.100000,0.588736
70,-93.437584,1.402866,0.374248,0.000000,37,83.193900,34.400000,4.200000,0.377437
71,-94.553322,0.066895,0.047411,1.248269,30,51.559200,26.200000,2.300000,1.348190
72,-70.539750,2.270174,0.145070,1.725614,0,0.016384,3.800000,3.800000,0.805237
73,-70.867255,2.270174,0.145070,2.258194,3,0.400622,4.800000,4.800000,1.652010
74,-92.894805,0.668930,0.048373,0.000000,38,117.633000,43.000000,6.400000,0.076440
75,-70.709426,2.270174,1.000000,0.577372,0,0.095899,3.600000,3.600000,1.172920
76,-94.920968,0.668930,0.116790,2.328390,19,16.934900,11.400000,0.100000,0.114192
77,-70.000000,2.270174,0.135779,2.279431,6,0.853492,4.300000,4.100000,1.946560
78,-70.000000,2.270174,0.812786,0.354555,4,2.280220,4.900000,4.700000,0.916312
79,-70.000000,2.270174,0.362718,1.641967,7,2.678190,5.500000,5.100000,1.973630
81,-70.961637,2.270174,0.533303,0.839038,7,9.286510,7.500000,7.100000,1.937990
82,-92.663911,1.900950,0.000000,0.407000,40,134.573000,45.500000,7.400000,0.612858
83,-93.517341,1.900950,0.000000,0.410883,34,60.878300,28.600000,2.800000,0.425616
84,-71.651927,2.270174,0.862910,1.099084,2,2.011290,4.700000,4.600000,1.831250
85,-70.191361,2.270174,0.044542,1.375828,6,3.259040,4.500000,4.100000,1.272800
86,-93.259332,0.066895,0.000000,1.251260,46,108.154000,40.300000,5.900000,1.561540
87,-70.000000,2.270174,0.663553,0.867836,7,2.627180,5.100000,4.700000,1.210520
88,-71.620266,2.270174,1.000000,1.276723,0,0.622132,5.900000,5.800000,1.836640
89,-70.237277,2.270174,0.000000,2.366550,1,2.371460,5.000000,5.000000,1.934380
90,-72.080482,2.270174,0.362718,0.885080,7,5.361960,6.500000,5.800000,1.624510
91,-71.690270,2.270174,0.044542,2.046598,0,0.447606,3.800000,3.700000,0.731222
92,-70.000000,2.270174,0.542211,1.590386,0,0.178467,3.700000,3.700000,1.110970
93,-70.597179,2.270174,0.000000,1.619315,0,0.125554,3.300000,3.300000,1.067560
94,-72.025625,2.270174,0.145070,1.110433,7,5.618210,5.800000,5.200000,1.449280
95,-70.000000,2.270174,1.000000,1.276723,4,0.559336,4.900000,4.900000,1.959480
96,-72.163469,2.270174,0.542211,0.813828,7,4.377270,4.700000,4.300000,1.231580
97,-94.919654,0.066895,0.047411,1.235707,38,31.308100,19.000000,1.000000,0.720902
98,-91.392144,1.560972,0.282530,0.477374,50,177.284000,49.000000,10.100000,1.136960
99,-94.010554,0.668930,0.048373,0.000000,0,69.736700,32.600000,3.400000,0.056657
