++ cd /home/clusterusers/siturriaga/itu-maestria/trunk/aedb-mls
++ ITERATIONS=250
++ THREADS=12
++ INSTANCE=25
++ SIMULS=10
++ export LD_LIBRARY_PATH=:/home/clusterusers/siturriaga/ns3Files
++ LD_LIBRARY_PATH=:/home/clusterusers/siturriaga/ns3Files
++ /home/users/siturriaga/bin/mpich2-1.4.1p1/bin/mpiexec -launcher ssh -launcher-exec oarsh -f /var/lib/oar/2643559 -np 9 -ppn 1 bin/mls.rand_elite 16385 250 12 10 25
Warning: Permanently added '[gaia-37]:6667,[10.226.1.37]:6667' (RSA) to the list of known hosts.
Warning: Permanently added '[gaia-21]:6667,[10.226.1.21]:6667' (RSA) to the list of known hosts.
Warning: Permanently added '[gaia-22]:6667,[10.226.1.22]:6667' (RSA) to the list of known hosts.
[DEBUG] argc = 6
[DEBUG] argc = 6
===========================================================
Configuración
===========================================================
   Random seed        = 16385
   MPI size           = 9
   MLS.count_threads  = 12
   MLS.max_iterations = 250
   MLS.number_devices = 25
   MLS.simul_runs     = 10
   MLS.init           = MLS__RANDOM
===========================================================
[DEBUG] argc = 6
[DEBUG] argc = 6
[DEBUG] argc = 6
[DEBUG] argc = 6
[DEBUG] argc = 6
[DEBUG] argc = 6
[DEBUG] argc = 6
[DEBUG][5] Thread 0 starting solution:
-> borders_threshold   : -80.0122
   margin_forwarding   : 0.1445
   min_delay           : 0.2479
   max_delay           : 1.1787
   neighbors_threshold : 3
   energy              : 43.6609
   coverage            : 6.0000
   nforwardings        : 5.1000
   time                : 1.4583
[DEBUG][2] Thread 0 starting solution:
-> borders_threshold   : -92.9200
   margin_forwarding   : 2.9520
   min_delay           : 0.2751
   max_delay           : 4.6918
   neighbors_threshold : 30
   energy              : 60.8783
   coverage            : 13.7000
   nforwardings        : 2.8000
   time                : 3.7066
[DEBUG][1] Thread 0 starting solution:
-> borders_threshold   : -80.2541
   margin_forwarding   : 0.5396
   min_delay           : 0.1556
   max_delay           : 0.8461
   neighbors_threshold : 43
   energy              : 241.7490
   coverage            : 22.3000
   nforwardings        : 16.6000
   time                : 1.8931
[DEBUG][4] Thread 0 starting solution:
-> borders_threshold   : -76.5471
   margin_forwarding   : 2.1091
   min_delay           : 0.0210
   max_delay           : 3.6639
   neighbors_threshold : 7
   energy              : 216.1970
   coverage            : 20.4000
   nforwardings        : 16.7000
   time                : 8.3009
[DEBUG][3] Thread 0 starting solution:
-> borders_threshold   : -71.0549
   margin_forwarding   : 2.5282
   min_delay           : 0.7632
   max_delay           : 0.5636
   neighbors_threshold : 39
   energy              : 313.0290
   coverage            : 23.5000
   nforwardings        : 20.9000
   time                : 2.2333
[INFO][AGA] Kaput!
[INFO] AGA information ============================================ 
[INFO] Population count: 83
[INFO] Population:
(0) borders_threshold   = -86.44
     margin_forwarding   = 2.54
     min_delay           = 0.30
     max_delay           = 0.55
     neighbors_threshold = 24
     energy              = 191.97
     coverage            = 23.50 (0.04)
     nforwardings        = 11.90
     time                = 1.32
0,-86.442759,2.538730,0.296095,0.548071,24,191.974000,23.500000,11.900000,1.318890
(1) borders_threshold   = -73.06
     margin_forwarding   = 2.83
     min_delay           = 0.76
     max_delay           = 0.96
     neighbors_threshold = 0
     energy              = 10.69
     coverage            = 3.20 (0.31)
     nforwardings        = 3.10
     time                = 0.95
1,-73.056584,2.834014,0.761650,0.963040,0,10.690800,3.200000,3.100000,0.945681
(2) borders_threshold   = -90.96
     margin_forwarding   = 0.59
     min_delay           = 0.53
     max_delay           = 0.59
     neighbors_threshold = 43
     energy              = 125.14
     coverage            = 20.70 (0.05)
     nforwardings        = 7.20
     time                = 1.95
2,-90.959644,0.594671,0.533743,0.588385,43,125.136000,20.700000,7.200000,1.954940
(3) borders_threshold   = -92.59
     margin_forwarding   = 0.60
     min_delay           = 0.00
     max_delay           = 0.95
     neighbors_threshold = 15
     energy              = 73.47
     coverage            = 17.10 (0.06)
     nforwardings        = 3.70
     time                = 0.97
3,-92.585470,0.602053,0.000000,0.953782,15,73.472800,17.100000,3.700000,0.967218
(4) borders_threshold   = -93.30
     margin_forwarding   = 0.10
     min_delay           = 1.00
     max_delay           = 0.73
     neighbors_threshold = 2
     energy              = 58.93
     coverage            = 14.20 (0.07)
     nforwardings        = 2.90
     time                = 1.67
4,-93.301887,0.102068,1.000000,0.728915,2,58.932400,14.200000,2.900000,1.669320
(5) borders_threshold   = -94.58
     margin_forwarding   = 0.10
     min_delay           = 1.00
     max_delay           = 0.50
     neighbors_threshold = 0
     energy              = 35.71
     coverage            = 11.10 (0.09)
     nforwardings        = 1.30
     time                = 0.90
5,-94.583987,0.102068,1.000000,0.496898,0,35.705100,11.100000,1.300000,0.904283
(6) borders_threshold   = -78.54
     margin_forwarding   = 2.83
     min_delay           = 0.00
     max_delay           = 0.96
     neighbors_threshold = 14
     energy              = 281.02
     coverage            = 23.90 (0.04)
     nforwardings        = 17.90
     time                = 1.62
6,-78.537759,2.834014,0.000000,0.963040,14,281.019000,23.900000,17.900000,1.617710
(7) borders_threshold   = -94.57
     margin_forwarding   = 0.10
     min_delay           = 0.00
     max_delay           = 1.90
     neighbors_threshold = 9
     energy              = 44.41
     coverage            = 12.50 (0.08)
     nforwardings        = 1.90
     time                = 1.51
7,-94.569094,0.102068,0.000000,1.900006,9,44.411000,12.500000,1.900000,1.506840
(8) borders_threshold   = -90.59
     margin_forwarding   = 2.54
     min_delay           = 0.35
     max_delay           = 0.55
     neighbors_threshold = 33
     energy              = 108.87
     coverage            = 20.00 (0.05)
     nforwardings        = 5.90
     time                = 1.48
8,-90.593095,2.538730,0.353623,0.548071,33,108.870000,20.000000,5.900000,1.484390
(9) borders_threshold   = -94.40
     margin_forwarding   = 0.60
     min_delay           = 0.00
     max_delay           = 2.06
     neighbors_threshold = 0
     energy              = 24.68
     coverage            = 9.10 (0.11)
     nforwardings        = 0.60
     time                = 0.31
9,-94.395657,0.602053,0.000000,2.058926,0,24.675300,9.100000,0.600000,0.308577
(10) borders_threshold   = -94.08
     margin_forwarding   = 1.16
     min_delay           = 0.00
     max_delay           = 1.86
     neighbors_threshold = 15
     energy              = 28.44
     coverage            = 9.90 (0.10)
     nforwardings        = 0.80
     time                = 0.57
10,-94.079969,1.161569,0.000000,1.862993,15,28.444700,9.900000,0.800000,0.571749
(11) borders_threshold   = -94.54
     margin_forwarding   = 0.19
     min_delay           = 1.00
     max_delay           = 1.14
     neighbors_threshold = 21
     energy              = 40.60
     coverage            = 12.00 (0.08)
     nforwardings        = 1.60
     time                = 1.49
11,-94.535320,0.194120,1.000000,1.135016,21,40.597300,12.000000,1.600000,1.494450
(12) borders_threshold   = -88.08
     margin_forwarding   = 1.16
     min_delay           = 0.00
     max_delay           = 0.52
     neighbors_threshold = 23
     energy              = 162.09
     coverage            = 22.20 (0.05)
     nforwardings        = 10.00
     time                = 0.93
12,-88.084602,1.161569,0.000000,0.524459,23,162.093000,22.200000,10.000000,0.927328
(13) borders_threshold   = -87.86
     margin_forwarding   = 1.16
     min_delay           = 0.00
     max_delay           = 0.52
     neighbors_threshold = 27
     energy              = 176.93
     coverage            = 23.00 (0.04)
     nforwardings        = 10.80
     time                = 0.92
13,-87.863390,1.161569,0.000000,0.524459,27,176.932000,23.000000,10.800000,0.916075
(14) borders_threshold   = -92.38
     margin_forwarding   = 1.16
     min_delay           = 0.75
     max_delay           = 0.00
     neighbors_threshold = 32
     energy              = 80.51
     coverage            = 17.90 (0.06)
     nforwardings        = 4.10
     time                = 1.02
14,-92.382217,1.161569,0.752307,0.000000,32,80.508100,17.900000,4.100000,1.019530
(15) borders_threshold   = -94.62
     margin_forwarding   = 0.60
     min_delay           = 0.00
     max_delay           = 2.06
     neighbors_threshold = 0
     energy              = 23.33
     coverage            = 9.00 (0.11)
     nforwardings        = 0.50
     time                = 0.28
15,-94.623128,0.602053,0.000000,2.058926,0,23.326000,9.000000,0.500000,0.283771
(16) borders_threshold   = -94.55
     margin_forwarding   = 0.10
     min_delay           = 0.40
     max_delay           = 1.97
     neighbors_threshold = 1
     energy              = 39.10
     coverage            = 11.50 (0.09)
     nforwardings        = 1.60
     time                = 1.81
16,-94.554972,0.102068,0.402077,1.968647,1,39.102600,11.500000,1.600000,1.810190
(17) borders_threshold   = -94.91
     margin_forwarding   = 0.10
     min_delay           = 0.00
     max_delay           = 1.15
     neighbors_threshold = 23
     energy              = 20.64
     coverage            = 8.00 (0.12)
     nforwardings        = 0.40
     time                = 0.27
17,-94.910640,0.102068,0.000000,1.153112,23,20.639300,8.000000,0.400000,0.268457
(18) borders_threshold   = -94.90
     margin_forwarding   = 0.10
     min_delay           = 0.00
     max_delay           = 0.00
     neighbors_threshold = 20
     energy              = 27.25
     coverage            = 9.70 (0.10)
     nforwardings        = 0.80
     time                = 0.00
18,-94.895591,0.102068,0.000000,0.000000,20,27.245500,9.700000,0.800000,0.001353
(19) borders_threshold   = -72.68
     margin_forwarding   = 2.83
     min_delay           = 0.76
     max_delay           = 1.06
     neighbors_threshold = 0
     energy              = 13.10
     coverage            = 4.00 (0.25)
     nforwardings        = 4.00
     time                = 1.62
19,-72.679039,2.834014,0.761650,1.055852,0,13.100400,4.000000,4.000000,1.624190
(20) borders_threshold   = -94.41
     margin_forwarding   = 0.10
     min_delay           = 0.00
     max_delay           = 0.00
     neighbors_threshold = 0
     energy              = 49.43
     coverage            = 13.30 (0.08)
     nforwardings        = 2.20
     time                = 0.00
20,-94.411659,0.102068,0.000000,0.000000,0,49.433100,13.300000,2.200000,0.001969
(21) borders_threshold   = -70.00
     margin_forwarding   = 2.83
     min_delay           = 0.76
     max_delay           = 0.00
     neighbors_threshold = 0
     energy              = 3.73
     coverage            = 2.20 (0.45)
     nforwardings        = 2.00
     time                = 0.19
21,-70.000000,2.834014,0.761650,0.000000,0,3.733870,2.200000,2.000000,0.188351
(22) borders_threshold   = -87.99
     margin_forwarding   = 1.16
     min_delay           = 0.00
     max_delay           = 0.52
     neighbors_threshold = 26
     energy              = 158.89
     coverage            = 22.10 (0.05)
     nforwardings        = 9.80
     time                = 0.90
22,-87.992609,1.161569,0.000000,0.524459,26,158.892000,22.100000,9.800000,0.895016
(23) borders_threshold   = -87.91
     margin_forwarding   = 1.16
     min_delay           = 0.75
     max_delay           = 0.11
     neighbors_threshold = 42
     energy              = 171.76
     coverage            = 22.90 (0.04)
     nforwardings        = 10.70
     time                = 1.64
23,-87.914939,1.161569,0.752307,0.114754,42,171.761000,22.900000,10.700000,1.642190
(24) borders_threshold   = -94.64
     margin_forwarding   = 0.59
     min_delay           = 0.53
     max_delay           = 0.63
     neighbors_threshold = 32
     energy              = 16.28
     coverage            = 6.80 (0.15)
     nforwardings        = 0.10
     time                = 0.06
24,-94.635468,0.594671,0.533743,0.626878,32,16.281800,6.800000,0.100000,0.058068
(25) borders_threshold   = -94.70
     margin_forwarding   = 0.10
     min_delay           = 1.00
     max_delay           = 1.15
     neighbors_threshold = 28
     energy              = 34.19
     coverage            = 10.50 (0.10)
     nforwardings        = 1.20
     time                = 1.18
25,-94.701521,0.102068,1.000000,1.153112,28,34.187600,10.500000,1.200000,1.176510
(26) borders_threshold   = -86.01
     margin_forwarding   = 1.16
     min_delay           = 0.00
     max_delay           = 0.52
     neighbors_threshold = 32
     energy              = 208.34
     coverage            = 23.80 (0.04)
     nforwardings        = 13.00
     time                = 0.76
26,-86.005403,1.161569,0.000000,0.524459,32,208.335000,23.800000,13.000000,0.756202
(27) borders_threshold   = -87.71
     margin_forwarding   = 1.16
     min_delay           = 0.00
     max_delay           = 0.38
     neighbors_threshold = 26
     energy              = 181.57
     coverage            = 23.40 (0.04)
     nforwardings        = 11.20
     time                = 0.68
27,-87.713490,1.161569,0.000000,0.376539,26,181.573000,23.400000,11.200000,0.677352
(28) borders_threshold   = -94.90
     margin_forwarding   = 0.10
     min_delay           = 0.00
     max_delay           = 0.01
     neighbors_threshold = 2
     energy              = 22.22
     coverage            = 8.20 (0.12)
     nforwardings        = 0.50
     time                = 0.00
28,-94.900555,0.102068,0.000000,0.012831,2,22.222800,8.200000,0.500000,0.003218
(29) borders_threshold   = -93.42
     margin_forwarding   = 1.16
     min_delay           = 1.00
     max_delay           = 0.00
     neighbors_threshold = 0
     energy              = 63.50
     coverage            = 15.10 (0.07)
     nforwardings        = 3.00
     time                = 1.02
29,-93.422723,1.161569,1.000000,0.000000,0,63.503400,15.100000,3.000000,1.021580
(30) borders_threshold   = -92.04
     margin_forwarding   = 0.60
     min_delay           = 0.91
     max_delay           = 0.40
     neighbors_threshold = 43
     energy              = 66.49
     coverage            = 15.70 (0.06)
     nforwardings        = 3.30
     time                = 1.44
30,-92.039704,0.602053,0.907316,0.400418,43,66.493900,15.700000,3.300000,1.437560
(31) borders_threshold   = -94.91
     margin_forwarding   = 0.10
     min_delay           = 0.00
     max_delay           = 1.90
     neighbors_threshold = 0
     energy              = 19.05
     coverage            = 7.70 (0.13)
     nforwardings        = 0.30
     time                = 0.32
31,-94.906601,0.102068,0.000000,1.900006,0,19.046200,7.700000,0.300000,0.319343
(32) borders_threshold   = -94.88
     margin_forwarding   = 0.10
     min_delay           = 1.00
     max_delay           = 0.14
     neighbors_threshold = 15
     energy              = 32.80
     coverage            = 10.40 (0.10)
     nforwardings        = 1.20
     time                = 0.67
32,-94.880494,0.102068,1.000000,0.140119,15,32.795600,10.400000,1.200000,0.674784
(33) borders_threshold   = -70.00
     margin_forwarding   = 2.83
     min_delay           = 0.00
     max_delay           = 0.20
     neighbors_threshold = 0
     energy              = 7.19
     coverage            = 3.10 (0.32)
     nforwardings        = 2.90
     time                = 0.11
33,-70.000000,2.834014,0.000000,0.201773,0,7.188860,3.100000,2.900000,0.110306
(34) borders_threshold   = -89.09
     margin_forwarding   = 1.16
     min_delay           = 0.86
     max_delay           = 0.00
     neighbors_threshold = 6
     energy              = 144.02
     coverage            = 21.10 (0.05)
     nforwardings        = 8.50
     time                = 1.32
34,-89.089730,1.161569,0.856695,0.000000,6,144.022000,21.100000,8.500000,1.320310
(35) borders_threshold   = -85.19
     margin_forwarding   = 1.16
     min_delay           = 0.00
     max_delay           = 0.52
     neighbors_threshold = 27
     energy              = 207.21
     coverage            = 23.60 (0.04)
     nforwardings        = 12.90
     time                = 0.71
35,-85.190711,1.161569,0.000000,0.524459,27,207.209000,23.600000,12.900000,0.710238
(36) borders_threshold   = -94.50
     margin_forwarding   = 1.93
     min_delay           = 0.42
     max_delay           = 5.00
     neighbors_threshold = 29
     energy              = 30.44
     coverage            = 10.00 (0.10)
     nforwardings        = 0.90
     time                = 1.57
36,-94.498441,1.928094,0.415642,5.000000,29,30.439100,10.000000,0.900000,1.574010
(37) borders_threshold   = -71.30
     margin_forwarding   = 2.83
     min_delay           = 0.76
     max_delay           = 1.06
     neighbors_threshold = 0
     energy              = 9.59
     coverage            = 3.90 (0.26)
     nforwardings        = 3.50
     time                = 1.08
37,-71.303745,2.834014,0.761650,1.055852,0,9.587510,3.900000,3.500000,1.078700
(38) borders_threshold   = -94.74
     margin_forwarding   = 0.10
     min_delay           = 0.00
     max_delay           = 0.43
     neighbors_threshold = 18
     energy              = 35.86
     coverage            = 11.40 (0.09)
     nforwardings        = 1.30
     time                = 0.29
38,-94.735137,0.102068,0.000000,0.427071,18,35.864000,11.400000,1.300000,0.285709
(39) borders_threshold   = -93.62
     margin_forwarding   = 0.60
     min_delay           = 0.00
     max_delay           = 1.65
     neighbors_threshold = 8
     energy              = 65.98
     coverage            = 15.30 (0.07)
     nforwardings        = 3.20
     time                = 1.61
39,-93.616543,0.602053,0.000000,1.652862,8,65.979700,15.300000,3.200000,1.610100
(40) borders_threshold   = -92.06
     margin_forwarding   = 2.83
     min_delay           = 0.92
     max_delay           = 0.20
     neighbors_threshold = 15
     energy              = 83.31
     coverage            = 18.00 (0.06)
     nforwardings        = 4.20
     time                = 1.21
40,-92.060287,2.834014,0.922177,0.201773,15,83.307100,18.000000,4.200000,1.208100
(41) borders_threshold   = -74.03
     margin_forwarding   = 2.83
     min_delay           = 0.00
     max_delay           = 0.20
     neighbors_threshold = 0
     energy              = 11.15
     coverage            = 2.50 (0.40)
     nforwardings        = 2.30
     time                = 0.10
41,-74.028064,2.834014,0.000000,0.201773,0,11.145400,2.500000,2.300000,0.101678
(43) borders_threshold   = -94.68
     margin_forwarding   = 0.10
     min_delay           = 1.00
     max_delay           = 1.00
     neighbors_threshold = 0
     energy              = 43.09
     coverage            = 12.10 (0.08)
     nforwardings        = 1.80
     time                = 1.50
43,-94.678208,0.102068,1.000000,1.003155,0,43.089500,12.100000,1.800000,1.504160
(44) borders_threshold   = -91.99
     margin_forwarding   = 1.16
     min_delay           = 0.75
     max_delay           = 0.07
     neighbors_threshold = 31
     energy              = 60.09
     coverage            = 13.80 (0.07)
     nforwardings        = 2.80
     time                = 0.61
44,-91.993400,1.161569,0.752307,0.066242,31,60.092700,13.800000,2.800000,0.605243
(45) borders_threshold   = -95.00
     margin_forwarding   = 0.10
     min_delay           = 0.00
     max_delay           = 1.15
     neighbors_threshold = 25
     energy              = 14.86
     coverage            = 4.80 (0.21)
     nforwardings        = 0.00
     time                = 0.00
45,-95.000000,0.102068,0.000000,1.153112,25,14.855500,4.800000,0.000000,0.000736
(46) borders_threshold   = -71.03
     margin_forwarding   = 2.83
     min_delay           = 0.96
     max_delay           = 4.73
     neighbors_threshold = 2
     energy              = 2.71
     coverage            = 2.50 (0.40)
     nforwardings        = 2.40
     time                = 2.00
46,-71.025100,2.834014,0.963290,4.733914,2,2.705470,2.500000,2.400000,1.997300
(47) borders_threshold   = -94.50
     margin_forwarding   = 0.60
     min_delay           = 0.00
     max_delay           = 2.06
     neighbors_threshold = 0
     energy              = 25.28
     coverage            = 9.20 (0.11)
     nforwardings        = 0.60
     time                = 0.43
47,-94.496321,0.602053,0.000000,2.058926,0,25.276100,9.200000,0.600000,0.433838
(48) borders_threshold   = -87.43
     margin_forwarding   = 2.54
     min_delay           = 0.35
     max_delay           = 0.55
     neighbors_threshold = 22
     energy              = 181.92
     coverage            = 23.40 (0.04)
     nforwardings        = 11.00
     time                = 1.79
48,-87.429885,2.538730,0.353623,0.548071,22,181.923000,23.400000,11.000000,1.785550
(49) borders_threshold   = -91.79
     margin_forwarding   = 1.16
     min_delay           = 0.92
     max_delay           = 0.00
     neighbors_threshold = 36
     energy              = 71.39
     coverage            = 16.30 (0.06)
     nforwardings        = 3.50
     time                = 0.98
49,-91.786545,1.161569,0.922252,0.000000,36,71.391000,16.300000,3.500000,0.983033
(50) borders_threshold   = -94.78
     margin_forwarding   = 0.19
     min_delay           = 1.00
     max_delay           = 0.03
     neighbors_threshold = 1
     energy              = 30.55
     coverage            = 10.10 (0.10)
     nforwardings        = 1.00
     time                = 0.56
50,-94.782739,0.194120,1.000000,0.029505,1,30.552200,10.100000,1.000000,0.559687
(51) borders_threshold   = -94.37
     margin_forwarding   = 0.10
     min_delay           = 1.00
     max_delay           = 0.73
     neighbors_threshold = 0
     energy              = 39.18
     coverage            = 11.80 (0.08)
     nforwardings        = 1.60
     time                = 1.30
51,-94.371667,0.102068,1.000000,0.728915,0,39.180900,11.800000,1.600000,1.304040
(52) borders_threshold   = -89.29
     margin_forwarding   = 0.19
     min_delay           = 0.52
     max_delay           = 0.65
     neighbors_threshold = 22
     energy              = 149.03
     coverage            = 21.40 (0.05)
     nforwardings        = 8.90
     time                = 1.85
52,-89.292413,0.194120,0.516482,0.647389,22,149.034000,21.400000,8.900000,1.854260
(53) borders_threshold   = -74.60
     margin_forwarding   = 2.83
     min_delay           = 0.20
     max_delay           = 0.50
     neighbors_threshold = 0
     energy              = 12.40
     coverage            = 2.60 (0.38)
     nforwardings        = 2.30
     time                = 0.26
53,-74.600601,2.834014,0.201102,0.497855,0,12.403100,2.600000,2.300000,0.264605
(54) borders_threshold   = -71.21
     margin_forwarding   = 2.83
     min_delay           = 0.76
     max_delay           = 0.96
     neighbors_threshold = 0
     energy              = 7.20
     coverage            = 2.90 (0.34)
     nforwardings        = 2.60
     time                = 0.67
54,-71.208708,2.834014,0.761650,0.963040,0,7.204970,2.900000,2.600000,0.674087
(55) borders_threshold   = -94.55
     margin_forwarding   = 0.59
     min_delay           = 0.00
     max_delay           = 0.40
     neighbors_threshold = 27
     energy              = 17.94
     coverage            = 7.60 (0.13)
     nforwardings        = 0.20
     time                = 0.02
55,-94.554487,0.594671,0.000000,0.399818,27,17.938900,7.600000,0.200000,0.021912
(56) borders_threshold   = -89.48
     margin_forwarding   = 1.16
     min_delay           = 0.00
     max_delay           = 0.38
     neighbors_threshold = 7
     energy              = 144.72
     coverage            = 21.00 (0.05)
     nforwardings        = 8.40
     time                = 0.61
56,-89.483086,1.161569,0.000000,0.384859,7,144.721000,21.000000,8.400000,0.605187
(57) borders_threshold   = -92.18
     margin_forwarding   = 1.16
     min_delay           = 0.92
     max_delay           = 0.11
     neighbors_threshold = 37
     energy              = 86.73
     coverage            = 18.20 (0.05)
     nforwardings        = 4.50
     time                = 1.58
57,-92.180552,1.161569,0.922252,0.114754,37,86.734400,18.200000,4.500000,1.584240
(58) borders_threshold   = -92.79
     margin_forwarding   = 0.60
     min_delay           = 0.39
     max_delay           = 0.61
     neighbors_threshold = 45
     energy              = 78.13
     coverage            = 17.70 (0.06)
     nforwardings        = 4.00
     time                = 1.40
58,-92.786976,0.602053,0.388337,0.606982,45,78.130200,17.700000,4.000000,1.403350
(59) borders_threshold   = -94.37
     margin_forwarding   = 0.60
     min_delay           = 0.09
     max_delay           = 0.61
     neighbors_threshold = 19
     energy              = 32.56
     coverage            = 10.20 (0.10)
     nforwardings        = 1.40
     time                = 0.44
59,-94.370425,0.602053,0.091309,0.606982,19,32.561000,10.200000,1.400000,0.442499
(60) borders_threshold   = -94.21
     margin_forwarding   = 0.10
     min_delay           = 0.00
     max_delay           = 1.15
     neighbors_threshold = 21
     energy              = 51.67
     coverage            = 13.70 (0.07)
     nforwardings        = 2.30
     time                = 1.23
60,-94.211897,0.102068,0.000000,1.153112,21,51.671400,13.700000,2.300000,1.226510
(61) borders_threshold   = -92.27
     margin_forwarding   = 1.16
     min_delay           = 0.92
     max_delay           = 0.11
     neighbors_threshold = 37
     energy              = 85.29
     coverage            = 18.10 (0.06)
     nforwardings        = 4.40
     time                = 1.50
61,-92.272872,1.161569,0.922252,0.114754,37,85.291900,18.100000,4.400000,1.498850
(62) borders_threshold   = -70.78
     margin_forwarding   = 2.83
     min_delay           = 0.76
     max_delay           = 1.06
     neighbors_threshold = 0
     energy              = 7.84
     coverage            = 3.10 (0.32)
     nforwardings        = 2.80
     time                = 0.95
62,-70.782047,2.834014,0.761650,1.055852,0,7.841140,3.100000,2.800000,0.946200
(63) borders_threshold   = -89.43
     margin_forwarding   = 1.16
     min_delay           = 0.00
     max_delay           = 0.38
     neighbors_threshold = 14
     energy              = 148.62
     coverage            = 21.20 (0.05)
     nforwardings        = 8.60
     time                = 0.56
63,-89.433540,1.161569,0.000000,0.384859,14,148.623000,21.200000,8.600000,0.556891
(64) borders_threshold   = -92.12
     margin_forwarding   = 0.10
     min_delay           = 1.00
     max_delay           = 0.60
     neighbors_threshold = 6
     energy              = 65.67
     coverage            = 15.30 (0.07)
     nforwardings        = 3.30
     time                = 1.58
64,-92.116020,0.102068,1.000000,0.596057,6,65.669300,15.300000,3.300000,1.576710
(65) borders_threshold   = -92.26
     margin_forwarding   = 1.16
     min_delay           = 0.05
     max_delay           = 0.00
     neighbors_threshold = 33
     energy              = 61.74
     coverage            = 14.70 (0.07)
     nforwardings        = 2.90
     time                = 0.05
65,-92.261573,1.161569,0.049668,0.000000,33,61.736300,14.700000,2.900000,0.054017
(66) borders_threshold   = -92.04
     margin_forwarding   = 1.16
     min_delay           = 0.92
     max_delay           = 0.11
     neighbors_threshold = 37
     energy              = 97.59
     coverage            = 19.40 (0.05)
     nforwardings        = 5.20
     time                = 1.63
66,-92.036434,1.161569,0.922252,0.114754,37,97.595000,19.400000,5.200000,1.628190
(67) borders_threshold   = -92.29
     margin_forwarding   = 1.16
     min_delay           = 0.22
     max_delay           = 0.00
     neighbors_threshold = 34
     energy              = 77.60
     coverage            = 17.30 (0.06)
     nforwardings        = 3.90
     time                = 0.22
67,-92.294964,1.161569,0.215263,0.000000,34,77.600900,17.300000,3.900000,0.223824
(68) borders_threshold   = -93.70
     margin_forwarding   = 0.60
     min_delay           = 0.00
     max_delay           = 1.65
     neighbors_threshold = 7
     energy              = 65.96
     coverage            = 15.20 (0.07)
     nforwardings        = 3.20
     time                = 1.73
68,-93.695241,0.602053,0.000000,1.652862,7,65.955500,15.200000,3.200000,1.725870
(69) borders_threshold   = -94.60
     margin_forwarding   = 0.19
     min_delay           = 1.00
     max_delay           = 1.14
     neighbors_threshold = 24
     energy              = 34.32
     coverage            = 10.60 (0.09)
     nforwardings        = 1.20
     time                = 1.17
69,-94.600166,0.194120,1.000000,1.135016,24,34.323300,10.600000,1.200000,1.165630
(70) borders_threshold   = -94.64
     margin_forwarding   = 1.93
     min_delay           = 0.40
     max_delay           = 5.00
     neighbors_threshold = 28
     energy              = 25.40
     coverage            = 9.30 (0.11)
     nforwardings        = 0.60
     time                = 1.29
70,-94.641052,1.928094,0.402165,5.000000,28,25.403300,9.300000,0.600000,1.288860
(71) borders_threshold   = -94.59
     margin_forwarding   = 0.10
     min_delay           = 0.00
     max_delay           = 0.00
     neighbors_threshold = 16
     energy              = 44.87
     coverage            = 12.70 (0.08)
     nforwardings        = 1.90
     time                = 0.00
71,-94.592632,0.102068,0.000000,0.000000,16,44.866200,12.700000,1.900000,0.001969
(72) borders_threshold   = -92.19
     margin_forwarding   = 1.16
     min_delay           = 0.75
     max_delay           = 0.00
     neighbors_threshold = 27
     energy              = 88.48
     coverage            = 19.00 (0.05)
     nforwardings        = 4.60
     time                = 1.05
72,-92.191447,1.161569,0.752307,0.000000,27,88.475300,19.000000,4.600000,1.052560
(73) borders_threshold   = -94.36
     margin_forwarding   = 0.60
     min_delay           = 0.39
     max_delay           = 0.00
     neighbors_threshold = 39
     energy              = 34.74
     coverage            = 10.80 (0.09)
     nforwardings        = 1.20
     time                = 0.25
73,-94.355237,0.602053,0.388337,0.000000,39,34.738400,10.800000,1.200000,0.251683
(74) borders_threshold   = -92.60
     margin_forwarding   = 0.60
     min_delay           = 0.00
     max_delay           = 0.95
     neighbors_threshold = 10
     energy              = 74.64
     coverage            = 17.20 (0.06)
     nforwardings        = 3.80
     time                = 1.09
74,-92.603000,0.602053,0.000000,0.953782,10,74.635600,17.200000,3.800000,1.092760
(75) borders_threshold   = -93.81
     margin_forwarding   = 1.16
     min_delay           = 0.05
     max_delay           = 0.00
     neighbors_threshold = 25
     energy              = 39.85
     coverage            = 11.70 (0.09)
     nforwardings        = 1.50
     time                = 0.03
75,-93.808973,1.161569,0.049668,0.000000,25,39.854700,11.700000,1.500000,0.026644
(76) borders_threshold   = -87.80
     margin_forwarding   = 1.16
     min_delay           = 0.00
     max_delay           = 0.52
     neighbors_threshold = 20
     energy              = 177.73
     coverage            = 23.30 (0.04)
     nforwardings        = 10.90
     time                = 0.96
76,-87.797940,1.161569,0.000000,0.524459,20,177.728000,23.300000,10.900000,0.961793
(77) borders_threshold   = -78.63
     margin_forwarding   = 1.16
     min_delay           = 0.00
     max_delay           = 0.52
     neighbors_threshold = 29
     energy              = 287.49
     coverage            = 24.00 (0.04)
     nforwardings        = 19.30
     time                = 0.89
77,-78.626291,1.161569,0.000000,0.524459,29,287.493000,24.000000,19.300000,0.885880
(78) borders_threshold   = -72.99
     margin_forwarding   = 2.83
     min_delay           = 0.76
     max_delay           = 1.06
     neighbors_threshold = 2
     energy              = 11.49
     coverage            = 2.00 (0.50)
     nforwardings        = 1.90
     time                = 0.65
78,-72.991012,2.834014,0.761650,1.055852,2,11.487300,2.000000,1.900000,0.653942
(79) borders_threshold   = -93.39
     margin_forwarding   = 0.10
     min_delay           = 1.00
     max_delay           = 0.73
     neighbors_threshold = 0
     energy              = 59.29
     coverage            = 14.30 (0.07)
     nforwardings        = 3.00
     time                = 1.64
79,-93.388393,0.102068,1.000000,0.728915,0,59.287800,14.300000,3.000000,1.640080
(80) borders_threshold   = -89.42
     margin_forwarding   = 0.19
     min_delay           = 0.16
     max_delay           = 0.55
     neighbors_threshold = 13
     energy              = 149.94
     coverage            = 21.50 (0.05)
     nforwardings        = 9.00
     time                = 1.27
80,-89.420200,0.194120,0.163719,0.552026,13,149.942000,21.500000,9.000000,1.265600
(81) borders_threshold   = -90.77
     margin_forwarding   = 0.19
     min_delay           = 0.38
     max_delay           = 0.65
     neighbors_threshold = 19
     energy              = 115.21
     coverage            = 20.50 (0.05)
     nforwardings        = 6.60
     time                = 1.92
81,-90.775000,0.194120,0.380976,0.647389,19,115.213000,20.500000,6.600000,1.915670
(82) borders_threshold   = -94.35
     margin_forwarding   = 0.60
     min_delay           = 0.91
     max_delay           = 0.00
     neighbors_threshold = 39
     energy              = 34.58
     coverage            = 10.70 (0.09)
     nforwardings        = 1.30
     time                = 0.47
82,-94.353109,0.602053,0.907316,0.000000,39,34.584400,10.700000,1.300000,0.474578
(83) borders_threshold   = -94.63
     margin_forwarding   = 0.10
     min_delay           = 0.00
     max_delay           = 0.00
     neighbors_threshold = 1
     energy              = 44.93
     coverage            = 13.00 (0.08)
     nforwardings        = 1.90
     time                = 0.00
83,-94.630711,0.102068,0.000000,0.000000,1,44.929900,13.000000,1.900000,0.002046

real	48m52.299s
user	41m11.854s
sys	7m35.560s
