++ cd /home/clusterusers/siturriaga/itu-maestria/trunk/aedb-mls
++ ITERATIONS=250
++ THREADS=12
++ INSTANCE=25
++ SIMULS=10
++ export LD_LIBRARY_PATH=:/home/clusterusers/siturriaga/ns3Files
++ LD_LIBRARY_PATH=:/home/clusterusers/siturriaga/ns3Files
++ /home/users/siturriaga/bin/mpich2-1.4.1p1/bin/mpiexec -launcher ssh -launcher-exec oarsh -f /var/lib/oar/2643563 -np 9 -ppn 1 bin/mls.rand_elite 6170 250 12 10 25
[DEBUG] argc = 6
[DEBUG] argc = 6
===========================================================
Configuración
===========================================================
   Random seed        = 6170
[DEBUG] argc = 6
   MPI size           = 9
   MLS.count_threads  = 12
   MLS.max_iterations = 250
   MLS.number_devices = 25
   MLS.simul_runs     = 10
   MLS.init           = MLS__RANDOM
===========================================================
[DEBUG] argc = 6
[DEBUG] argc = 6
[DEBUG] argc = 6
[DEBUG] argc = 6
[DEBUG] argc = 6
[DEBUG] argc = 6
[DEBUG][5] Thread 0 starting solution:
-> borders_threshold   : -90.4903
   margin_forwarding   : 1.4836
   min_delay           : 0.3806
   max_delay           : 0.2167
   neighbors_threshold : 17
   energy              : 104.7820
   coverage            : 16.8000
   nforwardings        : 5.7000
   time                : 0.9164
[DEBUG][2] Thread 0 starting solution:
-> borders_threshold   : -92.3423
   margin_forwarding   : 0.8291
   min_delay           : 0.3605
   max_delay           : 0.2272
   neighbors_threshold : 36
   energy              : 78.8795
   coverage            : 17.1000
   nforwardings        : 4.0000
   time                : 0.7156
[DEBUG][1] Thread 0 starting solution:
-> borders_threshold   : -74.0220
   margin_forwarding   : 0.4006
   min_delay           : 0.0207
   max_delay           : 1.0165
   neighbors_threshold : 17
   energy              : 310.2620
   coverage            : 23.5000
   nforwardings        : 21.0000
   time                : 1.8729
[DEBUG][4] Thread 0 starting solution:
-> borders_threshold   : -83.6554
   margin_forwarding   : 0.7778
   min_delay           : 0.8854
   max_delay           : 0.0674
   neighbors_threshold : 36
   energy              : 218.5640
   coverage            : 23.4000
   nforwardings        : 14.2000
   time                : 1.5401
[DEBUG][3] Thread 0 starting solution:
-> borders_threshold   : -82.4369
   margin_forwarding   : 1.7566
   min_delay           : 0.4894
   max_delay           : 2.9280
   neighbors_threshold : 9
   energy              : 210.5750
   coverage            : 22.2000
   nforwardings        : 14.3000
   time                : 6.1641
[INFO][AGA] Kaput!
[INFO] AGA information ============================================ 
[INFO] Population count: 96
[INFO] Population:
(0) borders_threshold   = -78.03
     margin_forwarding   = 0.98
     min_delay           = 0.00
     max_delay           = 0.18
     neighbors_threshold = 9
     energy              = 269.69
     coverage            = 24.00 (0.04)
     nforwardings        = 19.40
     time                = 0.37
0,-78.029468,0.983409,0.000000,0.176938,9,269.687000,24.000000,19.400000,0.367870
(1) borders_threshold   = -85.87
     margin_forwarding   = 0.50
     min_delay           = 0.80
     max_delay           = 0.00
     neighbors_threshold = 50
     energy              = 204.33
     coverage            = 23.80 (0.04)
     nforwardings        = 13.30
     time                = 1.67
1,-85.870612,0.501098,0.795258,0.000000,50,204.333000,23.800000,13.300000,1.669550
(2) borders_threshold   = -91.75
     margin_forwarding   = 0.98
     min_delay           = 0.08
     max_delay           = 0.00
     neighbors_threshold = 11
     energy              = 72.37
     coverage            = 16.00 (0.06)
     nforwardings        = 3.60
     time                = 0.10
2,-91.753537,0.983409,0.075243,0.000000,11,72.374100,16.000000,3.600000,0.098142
(3) borders_threshold   = -74.52
     margin_forwarding   = 0.98
     min_delay           = 1.00
     max_delay           = 2.69
     neighbors_threshold = 1
     energy              = 9.65
     coverage            = 2.70 (0.37)
     nforwardings        = 2.40
     time                = 1.98
3,-74.516087,0.983409,1.000000,2.691146,1,9.651100,2.700000,2.400000,1.976650
(4) borders_threshold   = -91.41
     margin_forwarding   = 0.16
     min_delay           = 0.48
     max_delay           = 0.44
     neighbors_threshold = 22
     energy              = 127.36
     coverage            = 20.30 (0.05)
     nforwardings        = 7.40
     time                = 1.88
4,-91.406772,0.157242,0.482964,0.439595,22,127.362000,20.300000,7.400000,1.884830
(5) borders_threshold   = -94.82
     margin_forwarding   = 0.16
     min_delay           = 0.80
     max_delay           = 0.03
     neighbors_threshold = 11
     energy              = 30.52
     coverage            = 10.00 (0.10)
     nforwardings        = 1.00
     time                = 0.42
5,-94.820886,0.157242,0.798824,0.029548,11,30.515400,10.000000,1.000000,0.417060
(6) borders_threshold   = -94.98
     margin_forwarding   = 0.09
     min_delay           = 0.00
     max_delay           = 0.03
     neighbors_threshold = 13
     energy              = 14.85
     coverage            = 4.80 (0.21)
     nforwardings        = 0.00
     time                = 0.00
6,-94.980048,0.091873,0.000000,0.029646,13,14.846400,4.800000,0.000000,0.000736
(7) borders_threshold   = -92.27
     margin_forwarding   = 0.98
     min_delay           = 0.08
     max_delay           = 0.00
     neighbors_threshold = 10
     energy              = 61.52
     coverage            = 14.70 (0.07)
     nforwardings        = 2.90
     time                = 0.08
7,-92.266942,0.983409,0.075243,0.000000,10,61.522700,14.700000,2.900000,0.078457
(8) borders_threshold   = -87.98
     margin_forwarding   = 0.98
     min_delay           = 0.08
     max_delay           = 0.38
     neighbors_threshold = 8
     energy              = 179.87
     coverage            = 23.10 (0.04)
     nforwardings        = 11.10
     time                = 0.86
8,-87.977365,0.983409,0.075243,0.378081,8,179.871000,23.100000,11.100000,0.864059
(9) borders_threshold   = -92.21
     margin_forwarding   = 0.98
     min_delay           = 0.08
     max_delay           = 0.00
     neighbors_threshold = 10
     energy              = 61.47
     coverage            = 14.60 (0.07)
     nforwardings        = 2.90
     time                = 0.08
9,-92.209231,0.983409,0.075243,0.000000,10,61.473600,14.600000,2.900000,0.076878
(10) borders_threshold   = -90.49
     margin_forwarding   = 0.78
     min_delay           = 0.17
     max_delay           = 0.19
     neighbors_threshold = 19
     energy              = 124.90
     coverage            = 20.20 (0.05)
     nforwardings        = 7.10
     time                = 0.57
10,-90.489776,0.777802,0.168829,0.188448,19,124.902000,20.200000,7.100000,0.572898
(11) borders_threshold   = -89.48
     margin_forwarding   = 0.98
     min_delay           = 0.00
     max_delay           = 0.18
     neighbors_threshold = 8
     energy              = 157.08
     coverage            = 21.90 (0.05)
     nforwardings        = 9.10
     time                = 0.29
11,-89.483770,0.983409,0.000000,0.176938,8,157.079000,21.900000,9.100000,0.294794
(12) borders_threshold   = -74.33
     margin_forwarding   = 0.98
     min_delay           = 0.35
     max_delay           = 1.89
     neighbors_threshold = 2
     energy              = 6.87
     coverage            = 2.40 (0.42)
     nforwardings        = 2.30
     time                = 1.04
12,-74.330168,0.983409,0.348360,1.891557,2,6.865340,2.400000,2.300000,1.041250
(13) borders_threshold   = -91.67
     margin_forwarding   = 0.98
     min_delay           = 0.91
     max_delay           = 0.00
     neighbors_threshold = 50
     energy              = 75.28
     coverage            = 16.80 (0.06)
     nforwardings        = 3.80
     time                = 1.02
13,-91.668922,0.983409,0.913028,0.000000,50,75.280400,16.800000,3.800000,1.015010
(14) borders_threshold   = -89.18
     margin_forwarding   = 1.23
     min_delay           = 0.00
     max_delay           = 1.61
     neighbors_threshold = 14
     energy              = 151.76
     coverage            = 21.60 (0.05)
     nforwardings        = 8.60
     time                = 1.89
14,-89.175626,1.228492,0.000000,1.612316,14,151.762000,21.600000,8.600000,1.888180
(15) borders_threshold   = -94.92
     margin_forwarding   = 0.09
     min_delay           = 0.00
     max_delay           = 0.03
     neighbors_threshold = 12
     energy              = 16.38
     coverage            = 5.30 (0.19)
     nforwardings        = 0.10
     time                = 0.00
15,-94.921280,0.091873,0.000000,0.029646,12,16.383000,5.300000,0.100000,0.001432
(16) borders_threshold   = -94.71
     margin_forwarding   = 0.09
     min_delay           = 0.00
     max_delay           = 0.03
     neighbors_threshold = 15
     energy              = 40.52
     coverage            = 12.00 (0.08)
     nforwardings        = 1.60
     time                = 0.02
16,-94.711175,0.091873,0.000000,0.029646,15,40.522300,12.000000,1.600000,0.020431
(17) borders_threshold   = -94.90
     margin_forwarding   = 0.09
     min_delay           = 0.00
     max_delay           = 0.00
     neighbors_threshold = 16
     energy              = 27.23
     coverage            = 9.70 (0.10)
     nforwardings        = 0.80
     time                = 0.00
17,-94.899490,0.091873,0.000000,0.000000,16,27.231000,9.700000,0.800000,0.001353
(18) borders_threshold   = -87.35
     margin_forwarding   = 0.98
     min_delay           = 0.08
     max_delay           = 0.46
     neighbors_threshold = 15
     energy              = 160.39
     coverage            = 22.50 (0.04)
     nforwardings        = 9.90
     time                = 1.00
18,-87.353396,0.983409,0.075243,0.464771,15,160.394000,22.500000,9.900000,0.996082
(19) borders_threshold   = -72.05
     margin_forwarding   = 0.98
     min_delay           = 1.00
     max_delay           = 2.69
     neighbors_threshold = 1
     energy              = 6.83
     coverage            = 2.20 (0.45)
     nforwardings        = 2.00
     time                = 1.09
19,-72.048769,0.983409,1.000000,2.691146,1,6.830080,2.200000,2.000000,1.085360
(20) borders_threshold   = -89.11
     margin_forwarding   = 1.23
     min_delay           = 0.00
     max_delay           = 1.61
     neighbors_threshold = 15
     energy              = 153.37
     coverage            = 21.80 (0.05)
     nforwardings        = 8.70
     time                = 1.90
20,-89.111320,1.228492,0.000000,1.612316,15,153.365000,21.800000,8.700000,1.900260
(21) borders_threshold   = -94.36
     margin_forwarding   = 0.15
     min_delay           = 0.73
     max_delay           = 0.64
     neighbors_threshold = 30
     energy              = 35.71
     coverage            = 11.10 (0.09)
     nforwardings        = 1.30
     time                = 0.83
21,-94.355957,0.154498,0.733125,0.638243,30,35.714400,11.100000,1.300000,0.826073
(22) borders_threshold   = -88.83
     margin_forwarding   = 1.23
     min_delay           = 0.00
     max_delay           = 1.61
     neighbors_threshold = 15
     energy              = 152.97
     coverage            = 21.70 (0.05)
     nforwardings        = 8.70
     time                = 1.86
22,-88.825725,1.228492,0.000000,1.612316,15,152.970000,21.700000,8.700000,1.861130
(23) borders_threshold   = -90.30
     margin_forwarding   = 0.98
     min_delay           = 0.00
     max_delay           = 0.18
     neighbors_threshold = 10
     energy              = 118.84
     coverage            = 20.10 (0.05)
     nforwardings        = 6.60
     time                = 0.23
23,-90.296607,0.983409,0.000000,0.176938,10,118.843000,20.100000,6.600000,0.228287
(24) borders_threshold   = -72.20
     margin_forwarding   = 0.98
     min_delay           = 0.08
     max_delay           = 0.18
     neighbors_threshold = 0
     energy              = 8.94
     coverage            = 3.60 (0.28)
     nforwardings        = 3.40
     time                = 0.18
24,-72.197741,0.983409,0.075243,0.182859,0,8.937730,3.600000,3.400000,0.177607
(25) borders_threshold   = -94.90
     margin_forwarding   = 0.09
     min_delay           = 0.00
     max_delay           = 0.00
     neighbors_threshold = 10
     energy              = 25.63
     coverage            = 9.50 (0.11)
     nforwardings        = 0.70
     time                = 0.00
25,-94.900221,0.091873,0.000000,0.000000,10,25.629400,9.500000,0.700000,0.001276
(26) borders_threshold   = -70.00
     margin_forwarding   = 0.98
     min_delay           = 0.08
     max_delay           = 0.18
     neighbors_threshold = 0
     energy              = 6.17
     coverage            = 3.50 (0.29)
     nforwardings        = 3.40
     time                = 0.16
26,-70.000000,0.983409,0.075243,0.176938,0,6.171060,3.500000,3.400000,0.157255
(27) borders_threshold   = -94.61
     margin_forwarding   = 0.09
     min_delay           = 1.00
     max_delay           = 0.03
     neighbors_threshold = 31
     energy              = 34.30
     coverage            = 10.50 (0.10)
     nforwardings        = 1.20
     time                = 0.69
27,-94.612685,0.091873,1.000000,0.029646,31,34.303400,10.500000,1.200000,0.691032
(28) borders_threshold   = -91.93
     margin_forwarding   = 0.78
     min_delay           = 1.00
     max_delay           = 0.00
     neighbors_threshold = 24
     energy              = 87.99
     coverage            = 18.00 (0.06)
     nforwardings        = 4.60
     time                = 1.20
28,-91.934743,0.777802,1.000000,0.000000,24,87.986700,18.000000,4.600000,1.202000
(29) borders_threshold   = -90.74
     margin_forwarding   = 0.15
     min_delay           = 0.24
     max_delay           = 0.62
     neighbors_threshold = 25
     energy              = 135.17
     coverage            = 21.20 (0.05)
     nforwardings        = 8.10
     time                = 1.61
29,-90.743641,0.154498,0.243738,0.622417,25,135.173000,21.200000,8.100000,1.605820
(30) borders_threshold   = -92.20
     margin_forwarding   = 0.78
     min_delay           = 0.09
     max_delay           = 0.00
     neighbors_threshold = 17
     energy              = 65.91
     coverage            = 15.40 (0.06)
     nforwardings        = 3.20
     time                = 0.11
30,-92.197914,0.777802,0.091776,0.000000,17,65.906400,15.400000,3.200000,0.114652
(31) borders_threshold   = -94.22
     margin_forwarding   = 0.94
     min_delay           = 0.08
     max_delay           = 2.14
     neighbors_threshold = 40
     energy              = 29.74
     coverage            = 9.80 (0.10)
     nforwardings        = 0.90
     time                = 0.85
31,-94.218134,0.943747,0.077871,2.140271,40,29.735700,9.800000,0.900000,0.851168
(32) borders_threshold   = -94.37
     margin_forwarding   = 0.78
     min_delay           = 1.00
     max_delay           = 0.00
     neighbors_threshold = 18
     energy              = 18.06
     coverage            = 7.60 (0.13)
     nforwardings        = 0.20
     time                = 0.15
32,-94.367303,0.777802,1.000000,0.000000,18,18.062200,7.600000,0.200000,0.148290
(33) borders_threshold   = -91.93
     margin_forwarding   = 1.46
     min_delay           = 0.71
     max_delay           = 0.03
     neighbors_threshold = 6
     energy              = 85.43
     coverage            = 17.90 (0.06)
     nforwardings        = 4.40
     time                = 0.82
33,-91.933741,1.457734,0.713155,0.029197,6,85.430800,17.900000,4.400000,0.819689
(34) borders_threshold   = -70.00
     margin_forwarding   = 0.98
     min_delay           = 0.00
     max_delay           = 2.69
     neighbors_threshold = 4
     energy              = 7.07
     coverage            = 3.90 (0.26)
     nforwardings        = 3.60
     time                = 1.78
34,-70.000000,0.983409,0.000000,2.691146,4,7.072130,3.900000,3.600000,1.776730
(35) borders_threshold   = -94.63
     margin_forwarding   = 0.94
     min_delay           = 0.46
     max_delay           = 3.40
     neighbors_threshold = 41
     energy              = 23.50
     coverage            = 9.00 (0.11)
     nforwardings        = 0.50
     time                = 0.76
35,-94.629076,0.943747,0.457902,3.404354,41,23.496900,9.000000,0.500000,0.755479
(36) borders_threshold   = -94.58
     margin_forwarding   = 0.09
     min_delay           = 1.00
     max_delay           = 1.54
     neighbors_threshold = 21
     energy              = 39.16
     coverage            = 11.50 (0.09)
     nforwardings        = 1.60
     time                = 1.96
36,-94.584483,0.091873,1.000000,1.544032,21,39.155400,11.500000,1.600000,1.960970
(37) borders_threshold   = -91.00
     margin_forwarding   = 0.98
     min_delay           = 0.00
     max_delay           = 0.88
     neighbors_threshold = 9
     energy              = 111.27
     coverage            = 19.80 (0.05)
     nforwardings        = 6.10
     time                = 1.28
37,-90.999947,0.983409,0.000000,0.881020,9,111.272000,19.800000,6.100000,1.277340
(38) borders_threshold   = -93.12
     margin_forwarding   = 0.98
     min_delay           = 0.05
     max_delay           = 0.00
     neighbors_threshold = 0
     energy              = 68.89
     coverage            = 15.60 (0.06)
     nforwardings        = 3.40
     time                = 0.05
38,-93.115112,0.983409,0.051475,0.000000,0,68.887800,15.600000,3.400000,0.054685
(39) borders_threshold   = -73.40
     margin_forwarding   = 0.98
     min_delay           = 0.08
     max_delay           = 3.27
     neighbors_threshold = 0
     energy              = 3.65
     coverage            = 2.00 (0.50)
     nforwardings        = 1.80
     time                = 0.88
39,-73.395131,0.983409,0.075243,3.270908,0,3.648200,2.000000,1.800000,0.880175
(40) borders_threshold   = -94.45
     margin_forwarding   = 0.94
     min_delay           = 0.46
     max_delay           = 3.40
     neighbors_threshold = 38
     energy              = 25.43
     coverage            = 9.20 (0.11)
     nforwardings        = 0.60
     time                = 0.97
40,-94.447937,0.943747,0.457902,3.404354,38,25.427100,9.200000,0.600000,0.970234
(41) borders_threshold   = -89.97
     margin_forwarding   = 0.94
     min_delay           = 0.46
     max_delay           = 0.00
     neighbors_threshold = 46
     energy              = 138.56
     coverage            = 20.90 (0.05)
     nforwardings        = 7.90
     time                = 0.64
41,-89.968529,0.943747,0.457902,0.000000,46,138.555000,20.900000,7.900000,0.638358
(42) borders_threshold   = -91.51
     margin_forwarding   = 0.16
     min_delay           = 0.48
     max_delay           = 0.44
     neighbors_threshold = 23
     energy              = 118.11
     coverage            = 19.90 (0.05)
     nforwardings        = 6.80
     time                = 1.66
42,-91.512243,0.157242,0.482964,0.439595,23,118.110000,19.900000,6.800000,1.655450
(43) borders_threshold   = -94.11
     margin_forwarding   = 0.16
     min_delay           = 0.00
     max_delay           = 0.78
     neighbors_threshold = 16
     energy              = 51.83
     coverage            = 13.70 (0.07)
     nforwardings        = 2.30
     time                = 0.71
43,-94.108919,0.157242,0.000000,0.782882,16,51.825500,13.700000,2.300000,0.710516
(44) borders_threshold   = -73.50
     margin_forwarding   = 0.98
     min_delay           = 0.00
     max_delay           = 2.69
     neighbors_threshold = 0
     energy              = 4.46
     coverage            = 3.00 (0.33)
     nforwardings        = 3.00
     time                = 1.74
44,-73.497364,0.983409,0.000000,2.691146,0,4.457040,3.000000,3.000000,1.737590
(45) borders_threshold   = -94.30
     margin_forwarding   = 0.16
     min_delay           = 0.37
     max_delay           = 0.46
     neighbors_threshold = 14
     energy              = 53.11
     coverage            = 14.10 (0.07)
     nforwardings        = 2.40
     time                = 0.80
45,-94.298978,0.157242,0.367574,0.461350,14,53.112500,14.100000,2.400000,0.800380
(47) borders_threshold   = -94.28
     margin_forwarding   = 0.94
     min_delay           = 0.46
     max_delay           = 3.07
     neighbors_threshold = 40
     energy              = 22.18
     coverage            = 8.10 (0.12)
     nforwardings        = 0.70
     time                = 1.04
47,-94.278375,0.943747,0.457902,3.069165,40,22.177700,8.100000,0.700000,1.041270
(48) borders_threshold   = -92.84
     margin_forwarding   = 0.98
     min_delay           = 0.08
     max_delay           = 0.18
     neighbors_threshold = 17
     energy              = 63.20
     coverage            = 15.10 (0.07)
     nforwardings        = 3.00
     time                = 0.23
48,-92.837869,0.983409,0.075243,0.176938,17,63.199000,15.100000,3.000000,0.230177
(49) borders_threshold   = -92.04
     margin_forwarding   = 0.15
     min_delay           = 0.24
     max_delay           = 0.62
     neighbors_threshold = 34
     energy              = 102.98
     coverage            = 19.50 (0.05)
     nforwardings        = 5.80
     time                = 1.45
49,-92.042990,0.154498,0.243738,0.624359,34,102.982000,19.500000,5.800000,1.445150
(50) borders_threshold   = -71.79
     margin_forwarding   = 0.98
     min_delay           = 0.43
     max_delay           = 2.49
     neighbors_threshold = 1
     energy              = 0.62
     coverage            = 1.80 (0.56)
     nforwardings        = 1.80
     time                = 0.85
50,-71.785467,0.983409,0.429406,2.492646,1,0.621363,1.800000,1.800000,0.851711
(51) borders_threshold   = -94.58
     margin_forwarding   = 0.09
     min_delay           = 1.00
     max_delay           = 1.20
     neighbors_threshold = 23
     energy              = 39.20
     coverage            = 11.80 (0.08)
     nforwardings        = 1.60
     time                = 1.66
51,-94.584089,0.091873,1.000000,1.204572,23,39.201500,11.800000,1.600000,1.660020
(52) borders_threshold   = -94.56
     margin_forwarding   = 0.78
     min_delay           = 1.00
     max_delay           = 0.00
     neighbors_threshold = 17
     energy              = 16.41
     coverage            = 6.80 (0.15)
     nforwardings        = 0.10
     time                = 0.06
52,-94.562046,0.777802,1.000000,0.000000,17,16.410000,6.800000,0.100000,0.059111
(53) borders_threshold   = -94.92
     margin_forwarding   = 0.09
     min_delay           = 0.02
     max_delay           = 0.39
     neighbors_threshold = 0
     energy              = 19.03
     coverage            = 7.70 (0.13)
     nforwardings        = 0.30
     time                = 0.07
53,-94.919754,0.091873,0.020777,0.389186,0,19.033400,7.700000,0.300000,0.068925
(55) borders_threshold   = -94.21
     margin_forwarding   = 0.78
     min_delay           = 0.00
     max_delay           = 0.00
     neighbors_threshold = 47
     energy              = 34.84
     coverage            = 10.80 (0.09)
     nforwardings        = 1.20
     time                = 0.00
55,-94.213437,0.777802,0.000000,0.000000,47,34.843900,10.800000,1.200000,0.001584
(56) borders_threshold   = -87.64
     margin_forwarding   = 0.50
     min_delay           = 0.19
     max_delay           = 0.66
     neighbors_threshold = 40
     energy              = 176.24
     coverage            = 23.50 (0.04)
     nforwardings        = 11.20
     time                = 1.62
56,-87.635637,0.501098,0.185909,0.661498,40,176.236000,23.500000,11.200000,1.622150
(57) borders_threshold   = -73.92
     margin_forwarding   = 0.98
     min_delay           = 0.04
     max_delay           = 2.69
     neighbors_threshold = 0
     energy              = 3.79
     coverage            = 2.30 (0.43)
     nforwardings        = 2.30
     time                = 1.04
57,-73.920656,0.983409,0.040562,2.691146,0,3.785160,2.300000,2.300000,1.041910
(58) borders_threshold   = -92.80
     margin_forwarding   = 0.15
     min_delay           = 0.24
     max_delay           = 0.62
     neighbors_threshold = 34
     energy              = 77.04
     coverage            = 17.00 (0.06)
     nforwardings        = 4.00
     time                = 1.21
58,-92.803457,0.154498,0.243738,0.624359,34,77.035400,17.000000,4.000000,1.211980
(59) borders_threshold   = -70.00
     margin_forwarding   = 0.98
     min_delay           = 0.22
     max_delay           = 5.00
     neighbors_threshold = 0
     energy              = 1.77
     coverage            = 1.80 (0.56)
     nforwardings        = 1.70
     time                = 1.52
59,-70.000000,0.983409,0.224263,5.000000,0,1.767630,1.800000,1.700000,1.520670
(60) borders_threshold   = -94.91
     margin_forwarding   = 0.09
     min_delay           = 1.00
     max_delay           = 1.20
     neighbors_threshold = 23
     energy              = 22.21
     coverage            = 8.20 (0.12)
     nforwardings        = 0.50
     time                = 0.55
60,-94.910794,0.091873,1.000000,1.204572,23,22.205600,8.200000,0.500000,0.547214
(61) borders_threshold   = -91.96
     margin_forwarding   = 0.78
     min_delay           = 1.00
     max_delay           = 0.08
     neighbors_threshold = 33
     energy              = 104.91
     coverage            = 19.30 (0.05)
     nforwardings        = 5.70
     time                = 1.48
61,-91.958046,0.777802,1.000000,0.081418,33,104.910000,19.300000,5.700000,1.476420
(62) borders_threshold   = -86.57
     margin_forwarding   = 0.16
     min_delay           = 0.59
     max_delay           = 0.00
     neighbors_threshold = 28
     energy              = 190.22
     coverage            = 23.70 (0.04)
     nforwardings        = 13.00
     time                = 1.21
62,-86.573850,0.157242,0.592264,0.000000,28,190.217000,23.700000,13.000000,1.212610
(63) borders_threshold   = -88.04
     margin_forwarding   = 0.98
     min_delay           = 0.08
     max_delay           = 0.00
     neighbors_threshold = 11
     energy              = 159.41
     coverage            = 22.00 (0.05)
     nforwardings        = 9.80
     time                = 0.13
63,-88.038981,0.983409,0.075243,0.000000,11,159.411000,22.000000,9.800000,0.132398
(64) borders_threshold   = -93.39
     margin_forwarding   = 0.15
     min_delay           = 0.24
     max_delay           = 0.80
     neighbors_threshold = 21
     energy              = 83.15
     coverage            = 17.90 (0.06)
     nforwardings        = 4.50
     time                = 1.54
64,-93.394840,0.154498,0.243738,0.801810,21,83.150700,17.900000,4.500000,1.538790
(65) borders_threshold   = -74.44
     margin_forwarding   = 0.98
     min_delay           = 0.00
     max_delay           = 2.69
     neighbors_threshold = 2
     energy              = 7.39
     coverage            = 3.10 (0.32)
     nforwardings        = 2.90
     time                = 1.55
65,-74.443446,0.983409,0.000000,2.691146,2,7.385430,3.100000,2.900000,1.549050
(66) borders_threshold   = -87.79
     margin_forwarding   = 0.98
     min_delay           = 0.08
     max_delay           = 0.00
     neighbors_threshold = 14
     energy              = 174.69
     coverage            = 23.00 (0.04)
     nforwardings        = 10.90
     time                = 0.16
66,-87.794309,0.983409,0.075243,0.000000,14,174.689000,23.000000,10.900000,0.163908
(67) borders_threshold   = -94.56
     margin_forwarding   = 0.78
     min_delay           = 0.09
     max_delay           = 4.05
     neighbors_threshold = 33
     energy              = 23.47
     coverage            = 8.30 (0.12)
     nforwardings        = 0.50
     time                = 0.95
67,-94.557211,0.777802,0.091776,4.048491,33,23.465600,8.300000,0.500000,0.951283
(68) borders_threshold   = -91.78
     margin_forwarding   = 0.98
     min_delay           = 1.00
     max_delay           = 0.00
     neighbors_threshold = 6
     energy              = 89.24
     coverage            = 18.10 (0.06)
     nforwardings        = 4.70
     time                = 1.25
68,-91.783570,0.983409,1.000000,0.000000,6,89.239100,18.100000,4.700000,1.251280
(69) borders_threshold   = -90.91
     margin_forwarding   = 0.98
     min_delay           = 0.00
     max_delay           = 0.18
     neighbors_threshold = 10
     energy              = 130.15
     coverage            = 20.60 (0.05)
     nforwardings        = 7.40
     time                = 0.22
69,-90.906154,0.983409,0.000000,0.182859,10,130.154000,20.600000,7.400000,0.220981
(70) borders_threshold   = -74.10
     margin_forwarding   = 0.98
     min_delay           = 0.00
     max_delay           = 2.69
     neighbors_threshold = 0
     energy              = 5.65
     coverage            = 3.00 (0.33)
     nforwardings        = 2.90
     time                = 1.74
70,-74.103277,0.983409,0.000000,2.691146,0,5.647280,3.000000,2.900000,1.737590
(71) borders_threshold   = -75.42
     margin_forwarding   = 0.98
     min_delay           = 0.08
     max_delay           = 5.00
     neighbors_threshold = 1
     energy              = 12.50
     coverage            = 3.40 (0.29)
     nforwardings        = 2.90
     time                = 1.79
71,-75.422992,0.983409,0.075243,5.000000,1,12.500800,3.400000,2.900000,1.791500
(72) borders_threshold   = -73.20
     margin_forwarding   = 0.98
     min_delay           = 1.00
     max_delay           = 2.69
     neighbors_threshold = 0
     energy              = 8.82
     coverage            = 2.20 (0.45)
     nforwardings        = 1.90
     time                = 0.92
72,-73.196069,0.983409,1.000000,2.691146,0,8.822070,2.200000,1.900000,0.923155
(74) borders_threshold   = -70.00
     margin_forwarding   = 0.98
     min_delay           = 0.29
     max_delay           = 2.69
     neighbors_threshold = 4
     energy              = 11.77
     coverage            = 3.90 (0.26)
     nforwardings        = 3.40
     time                = 1.98
74,-70.000000,0.983409,0.288645,2.691146,4,11.765400,3.900000,3.400000,1.983250
(75) borders_threshold   = -93.74
     margin_forwarding   = 0.94
     min_delay           = 0.25
     max_delay           = 2.14
     neighbors_threshold = 42
     energy              = 44.17
     coverage            = 12.30 (0.08)
     nforwardings        = 1.80
     time                = 1.97
75,-93.741258,0.943747,0.251797,2.140271,42,44.171800,12.300000,1.800000,1.972230
(76) borders_threshold   = -94.75
     margin_forwarding   = 0.09
     min_delay           = 0.02
     max_delay           = 0.39
     neighbors_threshold = 0
     energy              = 35.83
     coverage            = 11.40 (0.09)
     nforwardings        = 1.30
     time                = 0.23
76,-94.753795,0.091873,0.020777,0.389186,0,35.830600,11.400000,1.300000,0.230588
(77) borders_threshold   = -72.24
     margin_forwarding   = 0.98
     min_delay           = 0.29
     max_delay           = 2.69
     neighbors_threshold = 2
     energy              = 4.86
     coverage            = 2.80 (0.36)
     nforwardings        = 2.60
     time                = 1.02
77,-72.236926,0.983409,0.288645,2.691146,2,4.855530,2.800000,2.600000,1.015350
(78) borders_threshold   = -73.58
     margin_forwarding   = 0.98
     min_delay           = 0.22
     max_delay           = 2.69
     neighbors_threshold = 0
     energy              = 8.34
     coverage            = 3.00 (0.33)
     nforwardings        = 2.60
     time                = 1.51
78,-73.578777,0.983409,0.224263,2.691146,0,8.335900,3.000000,2.600000,1.514430
(79) borders_threshold   = -94.32
     margin_forwarding   = 0.15
     min_delay           = 0.00
     max_delay           = 0.00
     neighbors_threshold = 4
     energy              = 49.61
     coverage            = 13.30 (0.08)
     nforwardings        = 2.20
     time                = 0.00
79,-94.317688,0.154498,0.000000,0.000000,4,49.610200,13.300000,2.200000,0.001969
(80) borders_threshold   = -86.52
     margin_forwarding   = 0.16
     min_delay           = 0.59
     max_delay           = 0.00
     neighbors_threshold = 29
     energy              = 185.47
     coverage            = 23.60 (0.04)
     nforwardings        = 12.50
     time                = 1.12
80,-86.522798,0.157242,0.592264,0.000000,29,185.469000,23.600000,12.500000,1.122830
(81) borders_threshold   = -92.68
     margin_forwarding   = 0.15
     min_delay           = 0.00
     max_delay           = 0.62
     neighbors_threshold = 28
     energy              = 71.58
     coverage            = 16.40 (0.06)
     nforwardings        = 3.70
     time                = 0.79
81,-92.684182,0.154498,0.000000,0.624359,28,71.579400,16.400000,3.700000,0.790490
(82) borders_threshold   = -94.85
     margin_forwarding   = 0.16
     min_delay           = 0.48
     max_delay           = 0.44
     neighbors_threshold = 27
     energy              = 20.71
     coverage            = 8.00 (0.12)
     nforwardings        = 0.40
     time                = 0.18
82,-94.854319,0.157242,0.482964,0.439595,27,20.705500,8.000000,0.400000,0.184159
(83) borders_threshold   = -72.60
     margin_forwarding   = 0.98
     min_delay           = 0.00
     max_delay           = 0.95
     neighbors_threshold = 0
     energy              = 3.56
     coverage            = 1.90 (0.53)
     nforwardings        = 1.90
     time                = 0.24
83,-72.599497,0.983409,0.000000,0.950235,0,3.560130,1.900000,1.900000,0.236936
(84) borders_threshold   = -72.89
     margin_forwarding   = 0.98
     min_delay           = 0.08
     max_delay           = 0.18
     neighbors_threshold = 0
     energy              = 13.12
     coverage            = 3.10 (0.32)
     nforwardings        = 2.80
     time                = 0.18
84,-72.893191,0.983409,0.075243,0.182859,0,13.122200,3.100000,2.800000,0.182700
(85) borders_threshold   = -70.78
     margin_forwarding   = 0.98
     min_delay           = 0.08
     max_delay           = 0.18
     neighbors_threshold = 0
     energy              = 6.32
     coverage            = 2.90 (0.34)
     nforwardings        = 2.80
     time                = 0.17
85,-70.780614,0.983409,0.075243,0.182859,0,6.323330,2.900000,2.800000,0.169411
(87) borders_threshold   = -92.84
     margin_forwarding   = 0.94
     min_delay           = 0.00
     max_delay           = 0.15
     neighbors_threshold = 42
     energy              = 71.00
     coverage            = 15.80 (0.06)
     nforwardings        = 3.50
     time                = 0.11
87,-92.843492,0.943747,0.000000,0.153382,42,71.005000,15.800000,3.500000,0.112455
(88) borders_threshold   = -79.30
     margin_forwarding   = 0.98
     min_delay           = 0.35
     max_delay           = 1.50
     neighbors_threshold = 0
     energy              = 12.29
     coverage            = 2.60 (0.38)
     nforwardings        = 2.10
     time                = 0.96
88,-79.295458,0.983409,0.348360,1.504249,0,12.292600,2.600000,2.100000,0.957833
(89) borders_threshold   = -92.40
     margin_forwarding   = 0.16
     min_delay           = 1.00
     max_delay           = 0.03
     neighbors_threshold = 14
     energy              = 82.82
     coverage            = 17.60 (0.06)
     nforwardings        = 4.40
     time                = 1.21
89,-92.397726,0.157242,1.000000,0.029548,14,82.820000,17.600000,4.400000,1.207300
(90) borders_threshold   = -92.32
     margin_forwarding   = 0.98
     min_delay           = 0.73
     max_delay           = 0.00
     neighbors_threshold = 14
     energy              = 72.85
     coverage            = 16.70 (0.06)
     nforwardings        = 3.60
     time                = 0.81
90,-92.324561,0.983409,0.733563,0.000000,14,72.853300,16.700000,3.600000,0.811218
(91) borders_threshold   = -83.00
     margin_forwarding   = 1.23
     min_delay           = 0.37
     max_delay           = 0.58
     neighbors_threshold = 20
     energy              = 240.91
     coverage            = 23.90 (0.04)
     nforwardings        = 15.30
     time                = 1.77
91,-83.004863,1.228492,0.373783,0.582436,20,240.908000,23.900000,15.300000,1.769950
(92) borders_threshold   = -74.14
     margin_forwarding   = 0.98
     min_delay           = 0.08
     max_delay           = 3.27
     neighbors_threshold = 2
     energy              = 5.13
     coverage            = 2.10 (0.48)
     nforwardings        = 1.80
     time                = 0.88
92,-74.136953,0.983409,0.075243,3.270908,2,5.130620,2.100000,1.800000,0.880175
(93) borders_threshold   = -92.31
     margin_forwarding   = 0.98
     min_delay           = 0.08
     max_delay           = 0.03
     neighbors_threshold = 10
     energy              = 77.69
     coverage            = 17.50 (0.06)
     nforwardings        = 3.90
     time                = 0.13
93,-92.311825,0.983409,0.075243,0.031941,10,77.685800,17.500000,3.900000,0.127053
(94) borders_threshold   = -87.92
     margin_forwarding   = 0.94
     min_delay           = 0.46
     max_delay           = 0.00
     neighbors_threshold = 47
     energy              = 165.22
     coverage            = 22.80 (0.04)
     nforwardings        = 10.20
     time                = 0.93
94,-87.918587,0.943747,0.457902,0.000000,47,165.219000,22.800000,10.200000,0.926952
(95) borders_threshold   = -73.76
     margin_forwarding   = 0.98
     min_delay           = 0.00
     max_delay           = 3.65
     neighbors_threshold = 0
     energy              = 4.96
     coverage            = 2.40 (0.42)
     nforwardings        = 2.40
     time                = 1.41
95,-73.760615,0.983409,0.000000,3.645138,0,4.956440,2.400000,2.400000,1.406990
(96) borders_threshold   = -73.89
     margin_forwarding   = 0.98
     min_delay           = 0.00
     max_delay           = 2.76
     neighbors_threshold = 0
     energy              = 4.72
     coverage            = 2.50 (0.40)
     nforwardings        = 2.50
     time                = 1.49
96,-73.889152,0.983409,0.000000,2.756368,0,4.719860,2.500000,2.500000,1.492200
(97) borders_threshold   = -94.58
     margin_forwarding   = 0.15
     min_delay           = 0.00
     max_delay           = 0.00
     neighbors_threshold = 5
     energy              = 45.06
     coverage            = 13.00 (0.08)
     nforwardings        = 1.90
     time                = 0.00
97,-94.583413,0.154498,0.000000,0.000000,5,45.062000,13.000000,1.900000,0.002046
(98) borders_threshold   = -92.49
     margin_forwarding   = 0.78
     min_delay           = 1.00
     max_delay           = 0.08
     neighbors_threshold = 30
     energy              = 77.06
     coverage            = 17.20 (0.06)
     nforwardings        = 3.90
     time                = 1.38
98,-92.485802,0.777802,1.000000,0.081418,30,77.057300,17.200000,3.900000,1.377610
(99) borders_threshold   = -92.04
     margin_forwarding   = 0.98
     min_delay           = 0.90
     max_delay           = 0.18
     neighbors_threshold = 15
     energy              = 91.00
     coverage            = 18.90 (0.05)
     nforwardings        = 4.80
     time                = 1.57
99,-92.042390,0.983409,0.899594,0.182859,15,91.005000,18.900000,4.800000,1.568360

real	48m54.429s
user	41m8.758s
sys	7m40.765s
