[INFO][8] Cantidad de iteraciones: 3000
[INFO][1] Cantidad de iteraciones: 3000
[INFO][3] Cantidad de iteraciones: 3000
[INFO][7] Cantidad de iteraciones: 3000
[INFO][6] Cantidad de iteraciones: 3000
[INFO][5] Cantidad de iteraciones: 3000
[INFO][2] Cantidad de iteraciones: 3000
[INFO][4] Cantidad de iteraciones: 3000

id,borders_threshold,margin_forwarding,min_delay,max_delay,neighbors_threshold,energy,coverage,nforwardings,time
0,-70.000000,2.577439,1.000000,1.072715,3,1.375810,3.500000,3.400000,1.035910
1,-93.628741,2.477552,0.101218,1.125772,6,102.532000,41.900000,5.400000,1.953560
2,-93.834718,0.806333,0.000000,0.636255,46,63.729700,29.800000,3.000000,0.696720
4,-71.976304,2.577439,0.000000,1.072715,5,2.305190,4.500000,4.300000,0.998761
5,-94.054149,0.806333,0.025491,1.084534,47,50.814600,26.300000,2.200000,0.963216
6,-93.898415,1.273559,0.334586,3.717873,20,38.403100,21.600000,1.400000,1.928450
7,-72.711759,2.577439,0.000000,1.072715,8,3.008320,4.600000,4.200000,0.900498
8,-94.923657,0.298256,1.000000,2.167874,8,18.454700,12.400000,0.200000,0.305220
9,-72.463885,2.577439,0.035983,2.426662,3,9.026860,5.800000,5.100000,1.977350
10,-71.553186,2.801910,0.000000,2.079378,2,0.856273,5.200000,5.200000,1.592370
11,-70.961781,2.577439,0.000000,1.072715,6,5.786650,4.900000,4.600000,0.918033
12,-92.415798,0.298256,0.602242,2.167874,10,149.584000,47.500000,8.500000,5.243190
13,-91.309692,2.047097,0.563484,2.671721,47,163.364000,48.600000,9.200000,4.883220
14,-93.546111,0.806333,0.000000,1.048173,48,90.939600,37.300000,4.700000,1.125560
15,-94.675281,0.298256,0.672433,2.167874,4,34.765600,20.000000,1.200000,1.360810
16,-70.352028,2.577439,0.436887,0.874995,6,0.396068,4.400000,4.200000,1.007700
17,-94.194317,0.806333,0.443376,0.860718,36,33.233000,19.700000,1.100000,0.580900
18,-71.218869,2.577439,0.382891,1.701258,6,2.085950,5.000000,4.900000,1.756350
19,-94.186320,0.298256,1.000000,0.000000,11,68.134200,32.900000,3.300000,1.043320
20,-94.471594,0.457259,0.000000,2.535367,32,38.066200,21.500000,1.400000,1.332900
22,-95.000000,0.298256,0.602242,2.167874,16,15.259600,11.000000,0.000000,0.000737
23,-94.533673,0.806333,0.615207,1.106481,49,25.222700,16.200000,0.600000,0.401878
24,-94.523199,0.728922,0.062222,4.440318,25,23.551400,15.400000,0.500000,1.019180
25,-94.087794,0.806333,0.025491,0.936130,47,52.337300,27.300000,2.300000,0.766948
26,-94.771331,0.298256,1.000000,2.422878,3,20.428800,15.000000,0.300000,0.649010
27,-94.034547,0.806333,0.000000,1.015710,39,74.709400,33.500000,3.700000,1.317440
28,-70.407047,2.577439,0.551360,1.701258,1,1.726350,3.400000,3.200000,1.270080
29,-94.680504,0.457259,0.316165,2.535367,20,20.152100,13.800000,0.300000,0.328017
31,-71.116852,2.577439,0.000000,2.426662,0,0.784148,3.100000,2.900000,0.904439
32,-71.862933,2.577439,0.033371,1.072715,0,1.076210,5.400000,5.100000,1.497440
33,-94.825643,0.457259,0.000000,2.039648,11,16.948000,11.100000,0.100000,0.006757
34,-70.000000,2.801910,0.000000,0.531393,5,7.731300,4.000000,3.800000,0.401682
35,-94.558452,0.728922,0.000793,4.524704,19,23.641700,16.000000,0.500000,1.050290
36,-71.446391,2.577439,0.139220,0.525321,6,4.902690,6.200000,5.900000,0.870647
37,-94.098747,2.477552,0.000000,0.822912,0,40.051500,25.300000,1.500000,0.342864
38,-94.008510,2.477552,0.101218,1.378629,16,54.470000,28.100000,2.400000,1.405630
39,-70.000000,2.801910,0.003264,1.966130,3,1.862430,4.500000,4.500000,1.399140
40,-94.613102,0.457259,1.000000,0.000000,0,28.306000,18.000000,0.800000,0.291490
41,-94.178114,2.477552,0.032399,1.378629,14,31.926400,18.300000,1.000000,0.430883
42,-70.000000,2.577439,0.000000,0.874995,6,5.864080,4.900000,4.300000,0.439710
43,-94.102457,2.801910,0.000000,1.966130,22,38.449400,21.900000,1.400000,1.085250
44,-71.959006,2.801910,0.192869,0.000000,0,2.128430,3.600000,3.500000,0.101839
45,-70.151045,2.801910,0.000000,0.000000,3,0.997416,3.500000,3.500000,0.001737
46,-94.092848,0.806333,0.000000,1.111795,48,55.509700,28.300000,2.500000,0.938080
47,-73.345809,2.577439,0.000000,0.874995,1,11.655800,5.900000,5.400000,0.810167
48,-72.797270,2.577439,0.000000,2.426662,0,7.985290,3.800000,3.500000,1.717170
49,-71.671467,2.577439,0.541257,1.072715,6,4.320850,4.200000,4.000000,0.785186
50,-91.917107,0.806333,0.000000,1.101052,48,176.385000,49.000000,10.100000,1.635100
51,-70.777830,2.577439,0.382891,1.072715,5,12.563100,5.100000,4.600000,1.080780
52,-70.299718,2.577439,0.436887,0.874995,7,4.773370,5.300000,4.900000,1.119140
53,-70.000000,2.577439,0.541257,1.072715,6,5.313460,6.500000,6.100000,1.971520
54,-73.123428,2.801910,0.075671,1.966130,0,10.446900,3.900000,3.600000,1.344950
55,-94.778064,0.298256,1.000000,2.167874,5,18.462100,13.400000,0.200000,0.258626
56,-94.104980,0.806333,0.025491,0.936130,48,57.414300,29.100000,2.600000,0.892881
57,-70.739123,2.577439,0.382891,1.072715,5,4.894430,3.700000,3.500000,0.799289
58,-91.570878,0.806333,0.000000,1.101052,45,162.024000,48.100000,9.200000,1.408900
59,-93.815944,0.806333,0.025491,1.084534,49,63.642200,29.600000,3.000000,1.154640
60,-71.835957,2.577439,0.382891,1.701258,2,3.464160,4.800000,4.600000,1.768320
61,-70.688382,2.577439,0.000000,1.072715,0,3.622960,3.200000,3.100000,0.471915
62,-70.000000,2.577439,0.382891,1.072715,6,6.109180,5.900000,5.500000,1.688800
63,-94.673578,0.298256,1.000000,2.167874,13,33.163600,19.100000,1.100000,1.472100
64,-94.590657,0.298256,0.672433,2.167874,1,39.553200,22.800000,1.500000,1.670560
65,-70.000000,2.577439,0.000000,0.992095,7,3.407340,5.100000,4.700000,0.788027
66,-70.203197,2.801910,0.000000,1.966130,0,10.138600,6.000000,5.500000,1.751810
68,-93.833956,0.806333,0.729889,1.101052,48,66.966000,30.500000,3.200000,1.822420
69,-92.954917,0.806333,0.000000,0.031482,39,123.856000,44.000000,6.800000,0.049701
70,-94.769486,0.298256,0.602242,2.167874,12,21.826400,15.200000,0.400000,0.616450
71,-71.757338,2.577439,0.541257,0.897796,0,3.641190,4.100000,4.000000,1.028510
72,-93.045033,0.806333,0.000000,0.834093,43,129.206000,45.500000,7.100000,1.324040
73,-94.090236,0.806333,0.085997,1.084534,47,51.154300,26.500000,2.200000,1.009360
74,-70.000000,2.801910,0.000000,0.000000,7,0.763647,3.300000,3.200000,0.001506
75,-94.159613,0.806333,0.000000,1.015710,39,75.049100,33.800000,3.700000,1.405090
76,-71.064068,2.577439,0.551360,1.945981,0,2.848420,3.900000,3.700000,1.537610
77,-70.366138,2.577439,0.000000,1.133846,8,4.041090,7.100000,6.400000,1.324130
78,-70.649830,2.577439,0.000000,1.072715,4,0.229915,3.800000,3.600000,0.783828
79,-93.845012,2.477552,0.000000,0.585123,0,48.061800,26.000000,2.000000,0.520211
80,-94.873357,0.728922,0.062222,0.000000,29,16.964900,11.400000,0.100000,0.004171
81,-70.011836,2.801910,0.003264,1.966130,6,2.955110,4.200000,4.100000,0.917719
82,-92.129444,2.477552,0.000000,1.217242,19,152.196000,47.800000,8.500000,1.667820
83,-93.518949,0.806333,0.000000,1.106481,50,92.532500,39.700000,4.800000,1.580720
84,-94.064063,0.806333,0.326432,0.207438,39,67.162100,31.100000,3.200000,0.562002
85,-70.000000,2.577439,0.541257,1.072715,4,0.231359,3.400000,3.300000,0.692007
86,-71.556140,2.577439,1.000000,0.951912,0,3.192390,3.500000,3.300000,0.877775
87,-94.087491,0.806333,0.000000,1.015710,44,80.948400,36.200000,4.100000,1.519880
88,-73.709714,2.577439,0.400754,1.029164,0,14.110100,7.200000,6.800000,1.909420
89,-70.000000,2.577439,0.382891,1.701258,3,0.001726,3.400000,3.400000,1.038490
90,-71.326459,2.801910,0.003264,1.966130,3,3.920830,3.600000,3.400000,1.290410
91,-92.487861,2.477552,0.000000,0.656418,15,144.185000,47.300000,8.000000,0.951330
92,-71.788130,2.577439,0.035983,2.426662,0,1.553270,4.100000,4.100000,1.853440
93,-70.767626,2.577439,0.000000,1.133846,4,4.961120,4.400000,4.100000,0.943911
94,-70.892374,2.577439,0.382891,1.072715,0,11.527300,7.700000,7.500000,1.466600
95,-94.698192,0.298256,1.000000,2.149064,13,26.561700,17.000000,0.700000,1.178130
96,-94.641709,0.298256,0.672433,2.167874,0,36.360300,20.900000,1.300000,1.557720
97,-93.151613,0.806333,0.000000,1.079832,42,124.129000,44.500000,6.800000,1.865990
98,-71.655074,2.801910,0.003264,1.966130,0,2.296970,3.900000,3.900000,1.190140
99,-93.316212,0.457259,0.171161,0.000000,23,115.554000,43.500000,6.300000,0.258599
