++ cd /home/clusterusers/siturriaga/itu-maestria/trunk/aedb-mls
++ ITERATIONS=250
++ THREADS=12
++ INSTANCE=25
++ SIMULS=10
++ export LD_LIBRARY_PATH=:/home/clusterusers/siturriaga/ns3Files
++ LD_LIBRARY_PATH=:/home/clusterusers/siturriaga/ns3Files
++ /home/users/siturriaga/bin/mpich2-1.4.1p1/bin/mpiexec -launcher ssh -launcher-exec oarsh -f /var/lib/oar/2644154 -np 9 -ppn 1 bin/mls.rand 13612 250 12 10 25
[DEBUG] argc = 6
===========================================================
Configuración
===========================================================
   Random seed        = 13612
   MPI size           = 9
   MLS.count_threads  = 12
   MLS.max_iterations = 250
   MLS.number_devices = 25
   MLS.simul_runs     = 10
   MLS.init           = MLS__RANDOM
===========================================================
[DEBUG] argc = 6
[DEBUG] argc = 6
[DEBUG] argc = 6
[DEBUG] argc = 6
[DEBUG] argc = 6
[DEBUG] argc = 6
[DEBUG] argc = 6
[DEBUG] argc = 6
[DEBUG][1] Thread 0 starting solution:
-> borders_threshold   : -94.5417
   margin_forwarding   : 1.0752
   min_delay           : 0.1667
   max_delay           : 2.3879
   neighbors_threshold : 28
   energy              : 23.5846
   coverage            : 8.3000
   nforwardings        : 0.5000
   time                : 0.5921
[DEBUG][3] Thread 0 starting solution:
-> borders_threshold   : -93.3298
   margin_forwarding   : 0.7148
   min_delay           : 0.3317
   max_delay           : 0.5407
   neighbors_threshold : 24
   energy              : 47.8232
   coverage            : 11.9000
   nforwardings        : 2.1000
   time                : 0.6838
[DEBUG][4] Thread 0 starting solution:
-> borders_threshold   : -74.7098
   margin_forwarding   : 2.9809
   min_delay           : 0.2084
   max_delay           : 0.5444
   neighbors_threshold : 6
   energy              : 197.6570
   coverage            : 17.6000
   nforwardings        : 15.6000
   time                : 1.7016
[DEBUG][2] Thread 0 starting solution:
-> borders_threshold   : -73.8574
   margin_forwarding   : 0.4805
   min_delay           : 0.6049
   max_delay           : 0.0390
   neighbors_threshold : 47
   energy              : 306.7420
   coverage            : 23.7000
   nforwardings        : 21.0000
   time                : 0.8000
[DEBUG][5] Thread 0 starting solution:
-> borders_threshold   : -78.4973
   margin_forwarding   : 2.0628
   min_delay           : 0.8081
   max_delay           : 3.7728
   neighbors_threshold : 41
   energy              : 254.4640
   coverage            : 20.4000
   nforwardings        : 15.2000
   time                : 6.0309
[INFO][AGA] Kaput!
[INFO] AGA information ============================================ 
[INFO] Population count: 76
[INFO] Population:
(0) borders_threshold   = -89.11
     margin_forwarding   = 2.31
     min_delay           = 0.00
     max_delay           = 0.44
     neighbors_threshold = 13
     energy              = 160.30
     coverage            = 21.90 (0.05)
     nforwardings        = 9.10
     time                = 0.71
0,-89.110820,2.313256,0.000000,0.437478,13,160.299000,21.900000,9.100000,0.706920
(1) borders_threshold   = -84.98
     margin_forwarding   = 2.31
     min_delay           = 0.34
     max_delay           = 0.44
     neighbors_threshold = 23
     energy              = 207.81
     coverage            = 23.40 (0.04)
     nforwardings        = 13.30
     time                = 1.46
1,-84.980837,2.313256,0.341466,0.437478,23,207.812000,23.400000,13.300000,1.456190
(2) borders_threshold   = -86.44
     margin_forwarding   = 1.00
     min_delay           = 0.05
     max_delay           = 0.62
     neighbors_threshold = 33
     energy              = 182.05
     coverage            = 23.20 (0.04)
     nforwardings        = 11.80
     time                = 1.29
2,-86.442733,0.995445,0.045590,0.617696,33,182.051000,23.200000,11.800000,1.285100
(3) borders_threshold   = -94.47
     margin_forwarding   = 0.14
     min_delay           = 0.73
     max_delay           = 1.85
     neighbors_threshold = 0
     energy              = 39.13
     coverage            = 11.50 (0.09)
     nforwardings        = 1.60
     time                = 1.92
3,-94.472758,0.140909,0.727333,1.848730,0,39.131000,11.500000,1.600000,1.920030
(4) borders_threshold   = -94.33
     margin_forwarding   = 0.70
     min_delay           = 0.17
     max_delay           = 1.78
     neighbors_threshold = 25
     energy              = 23.14
     coverage            = 8.90 (0.11)
     nforwardings        = 0.50
     time                = 0.35
4,-94.333914,0.696419,0.168055,1.779945,25,23.139300,8.900000,0.500000,0.352186
(5) borders_threshold   = -70.00
     margin_forwarding   = 2.07
     min_delay           = 0.76
     max_delay           = 1.13
     neighbors_threshold = 3
     energy              = 13.59
     coverage            = 4.10 (0.24)
     nforwardings        = 3.90
     time                = 1.63
5,-70.000000,2.074797,0.764575,1.126120,3,13.593600,4.100000,3.900000,1.629980
(6) borders_threshold   = -92.77
     margin_forwarding   = 0.58
     min_delay           = 0.00
     max_delay           = 1.37
     neighbors_threshold = 11
     energy              = 62.89
     coverage            = 14.80 (0.07)
     nforwardings        = 3.00
     time                = 1.21
6,-92.774452,0.576682,0.000000,1.374709,11,62.886000,14.800000,3.000000,1.213870
(7) borders_threshold   = -92.24
     margin_forwarding   = 0.58
     min_delay           = 0.00
     max_delay           = 0.56
     neighbors_threshold = 7
     energy              = 95.24
     coverage            = 18.70 (0.05)
     nforwardings        = 5.10
     time                = 0.93
7,-92.242603,0.576682,0.000000,0.562984,7,95.240500,18.700000,5.100000,0.928197
(8) borders_threshold   = -94.55
     margin_forwarding   = 0.58
     min_delay           = 0.31
     max_delay           = 0.56
     neighbors_threshold = 5
     energy              = 17.93
     coverage            = 7.60 (0.13)
     nforwardings        = 0.20
     time                = 0.08
8,-94.549669,0.576682,0.312592,0.562984,5,17.926400,7.600000,0.200000,0.076571
(9) borders_threshold   = -87.68
     margin_forwarding   = 0.35
     min_delay           = 0.17
     max_delay           = 3.94
     neighbors_threshold = 16
     energy              = 156.77
     coverage            = 21.90 (0.05)
     nforwardings        = 9.80
     time                = 7.71
9,-87.675297,0.350424,0.166179,3.936102,16,156.769000,21.900000,9.800000,7.706510
(10) borders_threshold   = -74.48
     margin_forwarding   = 2.07
     min_delay           = 0.76
     max_delay           = 1.13
     neighbors_threshold = 0
     energy              = 8.15
     coverage            = 2.30 (0.43)
     nforwardings        = 2.30
     time                = 0.76
10,-74.476789,2.074797,0.764575,1.126120,0,8.152010,2.300000,2.300000,0.755508
(11) borders_threshold   = -94.14
     margin_forwarding   = 0.90
     min_delay           = 0.43
     max_delay           = 0.50
     neighbors_threshold = 1
     energy              = 26.76
     coverage            = 9.30 (0.11)
     nforwardings        = 0.70
     time                = 0.28
11,-94.137956,0.904000,0.427917,0.498626,1,26.756500,9.300000,0.700000,0.277766
(12) borders_threshold   = -92.77
     margin_forwarding   = 0.58
     min_delay           = 0.00
     max_delay           = 0.96
     neighbors_threshold = 5
     energy              = 61.88
     coverage            = 14.40 (0.07)
     nforwardings        = 3.00
     time                = 0.93
12,-92.769993,0.576682,0.000000,0.955437,5,61.878200,14.400000,3.000000,0.934193
(13) borders_threshold   = -91.41
     margin_forwarding   = 0.71
     min_delay           = 0.50
     max_delay           = 0.64
     neighbors_threshold = 8
     energy              = 99.55
     coverage            = 18.80 (0.05)
     nforwardings        = 5.50
     time                = 1.70
13,-91.409570,0.714799,0.498969,0.640208,8,99.550500,18.800000,5.500000,1.696620
(14) borders_threshold   = -88.90
     margin_forwarding   = 1.00
     min_delay           = 0.94
     max_delay           = 4.14
     neighbors_threshold = 46
     energy              = 139.24
     coverage            = 20.80 (0.05)
     nforwardings        = 8.00
     time                = 6.50
14,-88.903723,1.000507,0.937262,4.142207,46,139.240000,20.800000,8.000000,6.499980
(15) borders_threshold   = -74.46
     margin_forwarding   = 2.07
     min_delay           = 1.00
     max_delay           = 2.66
     neighbors_threshold = 0
     energy              = 11.52
     coverage            = 2.80 (0.36)
     nforwardings        = 2.50
     time                = 1.88
15,-74.460457,2.074797,1.000000,2.662588,0,11.520800,2.800000,2.500000,1.882610
(16) borders_threshold   = -94.63
     margin_forwarding   = 0.14
     min_delay           = 0.70
     max_delay           = 1.20
     neighbors_threshold = 0
     energy              = 44.82
     coverage            = 13.00 (0.08)
     nforwardings        = 1.90
     time                = 1.67
16,-94.634469,0.140909,0.700390,1.199400,0,44.819000,13.000000,1.900000,1.674220
(17) borders_threshold   = -94.31
     margin_forwarding   = 1.52
     min_delay           = 0.81
     max_delay           = 4.07
     neighbors_threshold = 0
     energy              = 27.16
     coverage            = 9.50 (0.11)
     nforwardings        = 0.70
     time                = 1.24
17,-94.313162,1.520669,0.810848,4.073712,0,27.159600,9.500000,0.700000,1.236280
(18) borders_threshold   = -87.44
     margin_forwarding   = 0.58
     min_delay           = 0.00
     max_delay           = 0.56
     neighbors_threshold = 8
     energy              = 167.09
     coverage            = 22.20 (0.05)
     nforwardings        = 10.50
     time                = 1.07
18,-87.442634,0.576682,0.000000,0.562984,8,167.093000,22.200000,10.500000,1.071330
(19) borders_threshold   = -94.37
     margin_forwarding   = 0.58
     min_delay           = 0.31
     max_delay           = 0.57
     neighbors_threshold = 0
     energy              = 34.57
     coverage            = 10.70 (0.09)
     nforwardings        = 1.30
     time                = 0.45
19,-94.372237,0.576682,0.312592,0.573697,0,34.569700,10.700000,1.300000,0.448798
(20) borders_threshold   = -71.27
     margin_forwarding   = 2.07
     min_delay           = 1.00
     max_delay           = 1.13
     neighbors_threshold = 0
     energy              = 5.53
     coverage            = 2.00 (0.50)
     nforwardings        = 2.00
     time                = 0.64
20,-71.269206,2.074797,1.000000,1.126120,0,5.526160,2.000000,2.000000,0.644723
(21) borders_threshold   = -91.33
     margin_forwarding   = 0.14
     min_delay           = 0.21
     max_delay           = 0.89
     neighbors_threshold = 27
     energy              = 107.70
     coverage            = 19.70 (0.05)
     nforwardings        = 6.20
     time                = 1.79
21,-91.331042,0.140909,0.211149,0.888139,27,107.704000,19.700000,6.200000,1.786930
(22) borders_threshold   = -71.16
     margin_forwarding   = 2.07
     min_delay           = 1.00
     max_delay           = 0.00
     neighbors_threshold = 1
     energy              = 5.37
     coverage            = 2.70 (0.37)
     nforwardings        = 2.50
     time                = 0.43
22,-71.158343,2.074797,1.000000,0.000000,1,5.366160,2.700000,2.500000,0.430832
(23) borders_threshold   = -94.37
     margin_forwarding   = 2.56
     min_delay           = 0.96
     max_delay           = 2.41
     neighbors_threshold = 33
     energy              = 33.64
     coverage            = 10.00 (0.10)
     nforwardings        = 1.10
     time                = 1.63
23,-94.369233,2.560252,0.960482,2.413208,33,33.643300,10.000000,1.100000,1.630680
(24) borders_threshold   = -87.77
     margin_forwarding   = 1.00
     min_delay           = 0.00
     max_delay           = 0.62
     neighbors_threshold = 37
     energy              = 151.70
     coverage            = 21.40 (0.05)
     nforwardings        = 9.40
     time                = 0.94
24,-87.774124,0.995445,0.000000,0.617696,37,151.704000,21.400000,9.400000,0.941346
(25) borders_threshold   = -90.42
     margin_forwarding   = 2.31
     min_delay           = 0.00
     max_delay           = 0.44
     neighbors_threshold = 11
     energy              = 120.22
     coverage            = 20.20 (0.05)
     nforwardings        = 6.60
     time                = 0.63
25,-90.415447,2.313256,0.000000,0.437478,11,120.216000,20.200000,6.600000,0.632305
(26) borders_threshold   = -95.00
     margin_forwarding   = 0.14
     min_delay           = 0.18
     max_delay           = 0.00
     neighbors_threshold = 24
     energy              = 14.89
     coverage            = 4.80 (0.21)
     nforwardings        = 0.00
     time                = 0.00
26,-95.000000,0.140909,0.181376,0.000000,24,14.890500,4.800000,0.000000,0.000736
(27) borders_threshold   = -94.46
     margin_forwarding   = 0.58
     min_delay           = 0.31
     max_delay           = 0.56
     neighbors_threshold = 6
     energy              = 19.37
     coverage            = 7.70 (0.13)
     nforwardings        = 0.30
     time                = 0.12
27,-94.464064,0.576682,0.312592,0.562984,6,19.372300,7.700000,0.300000,0.117758
(28) borders_threshold   = -94.09
     margin_forwarding   = 1.08
     min_delay           = 0.00
     max_delay           = 2.01
     neighbors_threshold = 12
     energy              = 28.42
     coverage            = 9.90 (0.10)
     nforwardings        = 0.80
     time                = 0.62
28,-94.091700,1.075180,0.000000,2.013116,12,28.424400,9.900000,0.800000,0.617721
(29) borders_threshold   = -86.72
     margin_forwarding   = 0.58
     min_delay           = 0.20
     max_delay           = 0.56
     neighbors_threshold = 24
     energy              = 177.14
     coverage            = 22.90 (0.04)
     nforwardings        = 11.40
     time                = 1.38
29,-86.721603,0.576682,0.203513,0.562984,24,177.143000,22.900000,11.400000,1.381180
(30) borders_threshold   = -78.40
     margin_forwarding   = 2.07
     min_delay           = 0.00
     max_delay           = 1.13
     neighbors_threshold = 15
     energy              = 294.65
     coverage            = 23.90 (0.04)
     nforwardings        = 19.40
     time                = 1.93
30,-78.398744,2.074797,0.000000,1.126120,15,294.652000,23.900000,19.400000,1.930100
(31) borders_threshold   = -91.81
     margin_forwarding   = 0.71
     min_delay           = 0.33
     max_delay           = 0.64
     neighbors_threshold = 14
     energy              = 88.66
     coverage            = 18.10 (0.06)
     nforwardings        = 4.70
     time                = 1.51
31,-91.813775,0.714799,0.331686,0.640208,14,88.659300,18.100000,4.700000,1.514970
(32) borders_threshold   = -94.32
     margin_forwarding   = 0.70
     min_delay           = 0.17
     max_delay           = 1.78
     neighbors_threshold = 27
     energy              = 24.74
     coverage            = 9.20 (0.11)
     nforwardings        = 0.60
     time                = 0.38
32,-94.319742,0.696419,0.168055,1.779945,27,24.741400,9.200000,0.600000,0.381364
(33) borders_threshold   = -86.70
     margin_forwarding   = 2.31
     min_delay           = 0.34
     max_delay           = 0.00
     neighbors_threshold = 14
     energy              = 185.41
     coverage            = 23.00 (0.04)
     nforwardings        = 11.20
     time                = 0.62
33,-86.701944,2.313256,0.341466,0.000000,14,185.410000,23.000000,11.200000,0.618800
(34) borders_threshold   = -84.76
     margin_forwarding   = 1.00
     min_delay           = 0.00
     max_delay           = 0.62
     neighbors_threshold = 24
     energy              = 214.69
     coverage            = 23.50 (0.04)
     nforwardings        = 13.80
     time                = 0.89
34,-84.759609,0.995445,0.000000,0.617696,24,214.685000,23.500000,13.800000,0.892110
(35) borders_threshold   = -94.60
     margin_forwarding   = 0.58
     min_delay           = 0.00
     max_delay           = 0.56
     neighbors_threshold = 3
     energy              = 16.27
     coverage            = 6.80 (0.15)
     nforwardings        = 0.10
     time                = 0.02
35,-94.597659,0.576682,0.000000,0.562984,3,16.269200,6.800000,0.100000,0.024286
(36) borders_threshold   = -73.37
     margin_forwarding   = 2.07
     min_delay           = 1.00
     max_delay           = 2.66
     neighbors_threshold = 0
     energy              = 14.62
     coverage            = 3.80 (0.26)
     nforwardings        = 3.40
     time                = 1.65
36,-73.371472,2.074797,1.000000,2.662588,0,14.621900,3.800000,3.400000,1.647420
(37) borders_threshold   = -94.59
     margin_forwarding   = 0.14
     min_delay           = 0.18
     max_delay           = 0.23
     neighbors_threshold = 25
     energy              = 37.41
     coverage            = 11.40 (0.09)
     nforwardings        = 1.40
     time                = 0.24
37,-94.585880,0.140909,0.181376,0.226237,25,37.406800,11.400000,1.400000,0.244132
(38) borders_threshold   = -92.88
     margin_forwarding   = 0.90
     min_delay           = 0.42
     max_delay           = 0.55
     neighbors_threshold = 19
     energy              = 73.67
     coverage            = 16.60 (0.06)
     nforwardings        = 3.70
     time                = 1.16
38,-92.879467,0.904000,0.422860,0.550041,19,73.667000,16.600000,3.700000,1.162080
(39) borders_threshold   = -91.96
     margin_forwarding   = 0.58
     min_delay           = 0.00
     max_delay           = 1.37
     neighbors_threshold = 11
     energy              = 92.29
     coverage            = 18.20 (0.05)
     nforwardings        = 5.00
     time                = 1.68
39,-91.963892,0.576682,0.000000,1.374709,11,92.291900,18.200000,5.000000,1.677920
(40) borders_threshold   = -87.04
     margin_forwarding   = 1.00
     min_delay           = 0.00
     max_delay           = 0.62
     neighbors_threshold = 36
     energy              = 192.96
     coverage            = 23.30 (0.04)
     nforwardings        = 12.00
     time                = 1.14
40,-87.039991,0.995445,0.000000,0.617696,36,192.963000,23.300000,12.000000,1.140810
(41) borders_threshold   = -94.01
     margin_forwarding   = 0.90
     min_delay           = 0.74
     max_delay           = 0.75
     neighbors_threshold = 32
     energy              = 44.43
     coverage            = 12.40 (0.08)
     nforwardings        = 1.80
     time                = 1.11
41,-94.014553,0.904000,0.736081,0.748172,32,44.425800,12.400000,1.800000,1.114690
(42) borders_threshold   = -70.00
     margin_forwarding   = 2.07
     min_delay           = 0.00
     max_delay           = 1.13
     neighbors_threshold = 0
     energy              = 9.01
     coverage            = 3.10 (0.32)
     nforwardings        = 3.00
     time                = 0.53
42,-70.000000,2.074797,0.000000,1.126120,0,9.006810,3.100000,3.000000,0.533747
(43) borders_threshold   = -94.27
     margin_forwarding   = 0.71
     min_delay           = 0.06
     max_delay           = 0.39
     neighbors_threshold = 0
     energy              = 32.62
     coverage            = 10.20 (0.10)
     nforwardings        = 1.40
     time                = 0.27
43,-94.265006,0.714799,0.063667,0.389745,0,32.622200,10.200000,1.400000,0.272078
(44) borders_threshold   = -74.48
     margin_forwarding   = 2.07
     min_delay           = 1.00
     max_delay           = 1.13
     neighbors_threshold = 0
     energy              = 10.16
     coverage            = 3.10 (0.32)
     nforwardings        = 2.90
     time                = 1.16
44,-74.476113,2.074797,1.000000,1.126120,0,10.163600,3.100000,2.900000,1.158960
(45) borders_threshold   = -77.33
     margin_forwarding   = 1.00
     min_delay           = 0.57
     max_delay           = 0.00
     neighbors_threshold = 28
     energy              = 287.58
     coverage            = 24.00 (0.04)
     nforwardings        = 19.60
     time                = 1.10
45,-77.331310,0.995445,0.574331,0.000000,28,287.577000,24.000000,19.600000,1.101890
(46) borders_threshold   = -87.91
     margin_forwarding   = 2.31
     min_delay           = 0.34
     max_delay           = 0.44
     neighbors_threshold = 19
     energy              = 142.64
     coverage            = 21.20 (0.05)
     nforwardings        = 8.50
     time                = 1.34
46,-87.908529,2.313256,0.341466,0.437478,19,142.644000,21.200000,8.500000,1.342970
(47) borders_threshold   = -71.87
     margin_forwarding   = 2.07
     min_delay           = 1.00
     max_delay           = 2.66
     neighbors_threshold = 0
     energy              = 11.75
     coverage            = 3.80 (0.26)
     nforwardings        = 3.50
     time                = 1.92
47,-71.874442,2.074797,1.000000,2.662588,0,11.754100,3.800000,3.500000,1.920790
(48) borders_threshold   = -94.62
     margin_forwarding   = 1.52
     min_delay           = 0.81
     max_delay           = 4.07
     neighbors_threshold = 0
     energy              = 23.68
     coverage            = 9.00 (0.11)
     nforwardings        = 0.50
     time                = 0.89
48,-94.622431,1.520669,0.810848,4.073712,0,23.685000,9.000000,0.500000,0.892413
(49) borders_threshold   = -73.62
     margin_forwarding   = 2.07
     min_delay           = 1.00
     max_delay           = 1.13
     neighbors_threshold = 2
     energy              = 11.21
     coverage            = 2.90 (0.34)
     nforwardings        = 2.70
     time                = 1.06
49,-73.621669,2.074797,1.000000,1.126120,2,11.212200,2.900000,2.700000,1.060670
(50) borders_threshold   = -74.44
     margin_forwarding   = 2.07
     min_delay           = 0.76
     max_delay           = 1.13
     neighbors_threshold = 0
     energy              = 14.48
     coverage            = 3.20 (0.31)
     nforwardings        = 3.00
     time                = 1.16
50,-74.442882,2.074797,0.764575,1.126120,0,14.482600,3.200000,3.000000,1.159650
(51) borders_threshold   = -92.68
     margin_forwarding   = 0.14
     min_delay           = 0.21
     max_delay           = 0.89
     neighbors_threshold = 37
     energy              = 64.14
     coverage            = 15.00 (0.07)
     nforwardings        = 3.20
     time                = 1.32
51,-92.676488,0.140909,0.211149,0.888139,37,64.140300,15.000000,3.200000,1.320000
(52) borders_threshold   = -73.06
     margin_forwarding   = 2.07
     min_delay           = 1.00
     max_delay           = 1.13
     neighbors_threshold = 2
     energy              = 6.77
     coverage            = 2.00 (0.50)
     nforwardings        = 1.90
     time                = 0.64
52,-73.064101,2.074797,1.000000,1.126120,2,6.766990,2.000000,1.900000,0.644723
(53) borders_threshold   = -93.44
     margin_forwarding   = 1.08
     min_delay           = 0.00
     max_delay           = 0.20
     neighbors_threshold = 0
     energy              = 57.30
     coverage            = 14.30 (0.07)
     nforwardings        = 2.60
     time                = 0.21
53,-93.442565,1.075180,0.000000,0.200798,0,57.304900,14.300000,2.600000,0.207641
(54) borders_threshold   = -94.87
     margin_forwarding   = 0.14
     min_delay           = 0.21
     max_delay           = 0.89
     neighbors_threshold = 31
     energy              = 20.69
     coverage            = 8.00 (0.12)
     nforwardings        = 0.40
     time                = 0.24
54,-94.868758,0.140909,0.211149,0.888139,31,20.685900,8.000000,0.400000,0.242496
(55) borders_threshold   = -93.34
     margin_forwarding   = 1.08
     min_delay           = 0.00
     max_delay           = 0.20
     neighbors_threshold = 0
     energy              = 67.98
     coverage            = 16.10 (0.06)
     nforwardings        = 3.30
     time                = 0.24
55,-93.336854,1.075180,0.000000,0.200798,0,67.980500,16.100000,3.300000,0.238176
(56) borders_threshold   = -94.59
     margin_forwarding   = 0.14
     min_delay           = 0.21
     max_delay           = 0.65
     neighbors_threshold = 29
     energy              = 34.38
     coverage            = 10.50 (0.10)
     nforwardings        = 1.20
     time                = 0.43
56,-94.587230,0.140909,0.211149,0.649580,29,34.379300,10.500000,1.200000,0.430387
(57) borders_threshold   = -94.52
     margin_forwarding   = 0.14
     min_delay           = 0.90
     max_delay           = 0.00
     neighbors_threshold = 0
     energy              = 39.47
     coverage            = 11.80 (0.08)
     nforwardings        = 1.60
     time                = 0.75
57,-94.521875,0.140909,0.895447,0.000000,0,39.469300,11.800000,1.600000,0.753588
(58) borders_threshold   = -83.21
     margin_forwarding   = 0.58
     min_delay           = 1.00
     max_delay           = 0.00
     neighbors_threshold = 12
     energy              = 236.96
     coverage            = 23.80 (0.04)
     nforwardings        = 15.70
     time                = 1.64
58,-83.211883,0.576682,1.000000,0.000000,12,236.956000,23.800000,15.700000,1.642950
(59) borders_threshold   = -71.24
     margin_forwarding   = 2.07
     min_delay           = 0.00
     max_delay           = 1.13
     neighbors_threshold = 0
     energy              = 10.51
     coverage            = 3.10 (0.32)
     nforwardings        = 2.80
     time                = 0.46
59,-71.239254,2.074797,0.000000,1.126120,0,10.509600,3.100000,2.800000,0.462582
(60) borders_threshold   = -94.05
     margin_forwarding   = 0.58
     min_delay           = 0.29
     max_delay           = 0.55
     neighbors_threshold = 0
     energy              = 43.91
     coverage            = 12.30 (0.08)
     nforwardings        = 1.80
     time                = 0.69
60,-94.053473,0.576682,0.290115,0.549630,0,43.909800,12.300000,1.800000,0.691474
(61) borders_threshold   = -70.44
     margin_forwarding   = 2.07
     min_delay           = 0.00
     max_delay           = 1.13
     neighbors_threshold = 0
     energy              = 4.46
     coverage            = 2.80 (0.36)
     nforwardings        = 2.60
     time                = 0.40
61,-70.437196,2.074797,0.000000,1.126120,0,4.462340,2.800000,2.600000,0.401185
(62) borders_threshold   = -71.63
     margin_forwarding   = 2.07
     min_delay           = 0.00
     max_delay           = 1.13
     neighbors_threshold = 0
     energy              = 8.42
     coverage            = 3.40 (0.29)
     nforwardings        = 3.20
     time                = 0.49
62,-71.632064,2.074797,0.000000,1.126120,0,8.422230,3.400000,3.200000,0.486904
(63) borders_threshold   = -92.88
     margin_forwarding   = 0.58
     min_delay           = 0.16
     max_delay           = 0.56
     neighbors_threshold = 3
     energy              = 76.14
     coverage            = 17.30 (0.06)
     nforwardings        = 3.90
     time                = 1.17
63,-92.880400,0.576682,0.162938,0.562984,3,76.140000,17.300000,3.900000,1.170450
(64) borders_threshold   = -70.00
     margin_forwarding   = 2.07
     min_delay           = 0.76
     max_delay           = 0.00
     neighbors_threshold = 0
     energy              = 9.75
     coverage            = 2.40 (0.42)
     nforwardings        = 2.30
     time                = 0.28
64,-70.000000,2.074797,0.764575,0.000000,0,9.750230,2.400000,2.300000,0.279359
(65) borders_threshold   = -92.30
     margin_forwarding   = 0.58
     min_delay           = 0.00
     max_delay           = 0.56
     neighbors_threshold = 5
     energy              = 93.41
     coverage            = 18.60 (0.05)
     nforwardings        = 5.00
     time                = 0.93
65,-92.299827,0.576682,0.000000,0.562984,5,93.411900,18.600000,5.000000,0.928197
(66) borders_threshold   = -93.73
     margin_forwarding   = 1.08
     min_delay           = 0.00
     max_delay           = 1.05
     neighbors_threshold = 25
     energy              = 57.17
     coverage            = 13.80 (0.07)
     nforwardings        = 2.60
     time                = 0.82
66,-93.734723,1.075180,0.000000,1.046996,25,57.174000,13.800000,2.600000,0.816556
(67) borders_threshold   = -93.13
     margin_forwarding   = 0.58
     min_delay           = 0.00
     max_delay           = 0.96
     neighbors_threshold = 4
     energy              = 63.59
     coverage            = 14.90 (0.07)
     nforwardings        = 3.10
     time                = 1.02
67,-93.127539,0.576682,0.000000,0.955437,4,63.592200,14.900000,3.100000,1.023250
(68) borders_threshold   = -94.37
     margin_forwarding   = 0.14
     min_delay           = 0.00
     max_delay           = 0.00
     neighbors_threshold = 31
     energy              = 49.58
     coverage            = 13.30 (0.08)
     nforwardings        = 2.20
     time                = 0.00
68,-94.365395,0.140909,0.000000,0.000000,31,49.577500,13.300000,2.200000,0.001969
(69) borders_threshold   = -94.15
     margin_forwarding   = 0.14
     min_delay           = 0.00
     max_delay           = 0.95
     neighbors_threshold = 31
     energy              = 51.78
     coverage            = 13.70 (0.07)
     nforwardings        = 2.30
     time                = 0.78
69,-94.150541,0.140909,0.000000,0.950302,31,51.780800,13.700000,2.300000,0.781685
(70) borders_threshold   = -71.07
     margin_forwarding   = 2.07
     min_delay           = 0.76
     max_delay           = 1.03
     neighbors_threshold = 0
     energy              = 6.45
     coverage            = 2.60 (0.38)
     nforwardings        = 2.40
     time                = 0.81
70,-71.067075,2.074797,0.764575,1.030259,0,6.447250,2.600000,2.400000,0.814269
(71) borders_threshold   = -87.53
     margin_forwarding   = 0.58
     min_delay           = 0.00
     max_delay           = 0.56
     neighbors_threshold = 10
     energy              = 169.85
     coverage            = 22.60 (0.04)
     nforwardings        = 10.60
     time                = 1.02
71,-87.533147,0.576682,0.000000,0.562984,10,169.847000,22.600000,10.600000,1.015450
(72) borders_threshold   = -83.00
     margin_forwarding   = 2.31
     min_delay           = 0.34
     max_delay           = 0.44
     neighbors_threshold = 20
     energy              = 248.19
     coverage            = 23.60 (0.04)
     nforwardings        = 15.50
     time                = 1.59
72,-82.995971,2.313256,0.341466,0.437478,20,248.186000,23.600000,15.500000,1.587900
(73) borders_threshold   = -70.38
     margin_forwarding   = 2.07
     min_delay           = 1.00
     max_delay           = 2.66
     neighbors_threshold = 2
     energy              = 6.40
     coverage            = 3.00 (0.33)
     nforwardings        = 2.80
     time                = 1.69
73,-70.377275,2.074797,1.000000,2.662588,2,6.396100,3.000000,2.800000,1.687850
(74) borders_threshold   = -93.03
     margin_forwarding   = 1.08
     min_delay           = 0.00
     max_delay           = 0.35
     neighbors_threshold = 6
     energy              = 67.57
     coverage            = 15.10 (0.07)
     nforwardings        = 3.30
     time                = 0.29
74,-93.032540,1.075180,0.000000,0.352865,6,67.571300,15.100000,3.300000,0.290896
(75) borders_threshold   = -87.77
     margin_forwarding   = 0.58
     min_delay           = 0.20
     max_delay           = 0.56
     neighbors_threshold = 22
     energy              = 170.03
     coverage            = 22.80 (0.04)
     nforwardings        = 11.00
     time                = 1.60
75,-87.766040,0.576682,0.203513,0.562984,22,170.033000,22.800000,11.000000,1.602430

real	49m26.380s
user	40m56.502s
sys	8m24.888s
