[INFO][6] Cantidad de iteraciones: 3000
[INFO][3] Cantidad de iteraciones: 3000
[INFO][5] Cantidad de iteraciones: 3000
[INFO][2] Cantidad de iteraciones: 3000
[INFO][1] Cantidad de iteraciones: 3000
[INFO][7] Cantidad de iteraciones: 3000
[INFO][8] Cantidad de iteraciones: 3000
[INFO][4] Cantidad de iteraciones: 3000

id,borders_threshold,margin_forwarding,min_delay,max_delay,neighbors_threshold,energy,coverage,nforwardings,time
0,-94.412851,2.412404,0.029370,4.059888,0,25.633000,9.200000,0.600000,1.018730
1,-94.927099,0.068014,0.737029,1.144910,39,22.620800,8.500000,0.500000,0.451133
2,-94.473012,0.068014,0.863215,1.144910,45,39.146500,11.800000,1.600000,1.497380
3,-93.654294,0.634138,0.158043,0.758940,1,38.767100,11.000000,1.500000,0.604228
4,-91.614318,2.282185,0.000000,1.089692,4,95.123400,18.900000,5.000000,1.833870
5,-91.835799,2.235388,0.262002,0.835611,0,80.334000,17.500000,4.100000,1.376770
6,-94.642284,0.802018,0.435957,4.790680,5,23.426000,9.000000,0.500000,0.995559
7,-79.718551,2.235388,0.054044,2.396145,9,263.528000,23.900000,17.300000,4.598590
8,-91.111717,0.855295,0.236609,0.546371,8,105.295000,19.800000,5.800000,1.115140
10,-91.993294,2.282185,0.000000,1.017736,12,99.883200,19.200000,5.300000,1.652530
11,-92.825650,0.855295,0.412956,0.542952,23,83.474200,17.900000,4.300000,1.393910
12,-89.548566,2.282185,0.000000,0.893675,22,132.322000,20.300000,7.400000,1.463860
13,-92.622919,2.282185,0.235018,0.875851,2,63.665200,14.700000,3.000000,1.178090
14,-70.496213,0.410929,0.968699,2.179491,26,312.255000,24.000000,21.300000,6.264280
15,-87.402544,0.855295,0.412956,0.400018,33,151.120000,21.300000,9.300000,1.261430
16,-88.094059,2.282185,0.000000,0.812047,13,153.661000,22.000000,9.200000,1.492690
17,-92.155320,2.282185,0.416189,0.561923,0,79.474800,17.200000,4.000000,1.385710
18,-92.410439,2.235388,0.232556,0.724785,0,75.141200,17.000000,3.700000,1.205130
19,-87.122255,0.855295,0.383763,0.546371,22,183.793000,23.400000,11.500000,1.677840
21,-95.000000,0.068014,0.698627,3.501389,48,14.823800,4.800000,0.000000,0.000736
22,-94.427349,0.634138,0.464653,0.503676,20,19.418300,7.700000,0.300000,0.143941
23,-94.142399,2.282185,0.000000,2.010404,0,28.668800,9.900000,0.800000,0.616890
24,-88.914581,0.855295,0.279639,0.542952,24,153.868000,21.300000,9.000000,1.321740
25,-92.647820,2.282185,0.463682,0.609330,0,69.108800,15.400000,3.400000,1.144150
26,-84.861918,2.282185,0.032968,1.238512,14,207.441000,23.600000,13.200000,1.995310
27,-87.849452,2.282185,0.000000,0.812047,7,157.247000,22.300000,9.600000,1.443830
28,-94.181893,0.634138,0.302868,1.262526,0,54.936200,13.900000,2.500000,1.725010
29,-94.216171,0.634138,0.293505,1.262526,0,45.196000,12.400000,1.900000,1.323970
30,-92.934953,0.855295,0.000000,0.779313,14,62.931500,14.300000,3.000000,0.564845
31,-93.035008,0.855295,0.383453,0.542952,18,64.437100,14.900000,3.100000,0.886918
32,-93.541877,2.235388,0.540891,0.742758,0,39.961100,11.100000,1.500000,0.792647
33,-92.336639,2.282185,0.416189,0.598340,0,73.495100,16.800000,3.600000,1.341320
34,-93.481475,2.235388,0.134937,0.835611,2,48.023000,13.100000,2.000000,0.780981
35,-92.835719,0.855295,0.412956,0.542952,23,80.321200,17.300000,4.100000,1.304210
36,-94.213547,2.412404,0.029370,4.236643,0,20.801000,7.900000,0.600000,1.461500
37,-86.951394,0.855295,0.383453,0.542952,23,183.723000,23.400000,11.600000,1.746620
38,-94.316548,0.802018,0.435957,3.812394,25,22.106800,8.100000,0.700000,1.230720
39,-92.849997,0.855295,0.357093,0.542952,8,73.962100,16.900000,3.700000,1.127540
40,-94.041243,1.340426,0.419105,0.593434,0,26.878400,9.300000,0.700000,0.301574
41,-94.630056,0.634138,0.464653,0.503676,19,16.309400,6.800000,0.100000,0.048903
42,-94.942238,0.068014,0.737029,1.144910,38,17.891800,7.600000,0.200000,0.165645
43,-92.465695,2.235388,0.232556,0.724785,1,86.209300,18.200000,4.400000,1.204720
44,-87.984020,2.282185,0.000000,0.812047,14,165.683000,22.800000,10.000000,1.873130
45,-87.109178,2.235388,0.054044,0.835611,7,151.333000,21.400000,9.300000,1.915750
46,-92.606933,1.340426,0.336881,0.646736,9,81.193800,17.600000,4.100000,1.231660
47,-87.928028,0.855295,0.383453,0.542952,27,146.333000,20.800000,9.000000,1.947210
48,-93.467663,2.235388,0.000000,0.724785,0,52.829200,13.800000,2.300000,0.671452
49,-94.254212,0.802018,0.435957,4.931017,17,31.350000,10.800000,1.000000,1.703880
50,-93.546744,2.235388,0.000000,0.617259,0,46.421000,12.600000,1.900000,0.472301
51,-91.318527,0.855295,0.236609,0.546371,11,107.554000,20.100000,5.900000,1.125030
52,-93.135413,2.235388,0.000000,0.952444,0,59.012600,14.000000,2.700000,0.714292
53,-91.577266,2.235388,0.290879,0.550061,0,103.113000,19.300000,5.600000,1.610130
54,-89.562975,2.282185,0.000000,0.893675,7,148.080000,21.200000,8.400000,1.324070
55,-87.191421,0.855295,0.383453,0.542952,21,176.379000,23.200000,11.100000,1.839710
56,-94.686386,0.068014,0.846118,2.207375,40,37.162500,10.900000,1.400000,1.803630
57,-92.645975,0.855295,0.383453,0.542952,8,72.525800,16.100000,3.600000,1.115190
58,-94.495123,0.802018,0.435957,4.931017,12,30.373200,10.000000,0.900000,1.411720
59,-92.078325,2.235388,0.232556,0.724785,0,93.866200,18.400000,4.900000,1.318890
60,-94.316922,2.412404,0.029370,4.059888,0,27.235000,9.500000,0.700000,1.052490
61,-92.576281,2.235388,0.000000,0.724785,0,68.463200,15.100000,3.300000,0.851286
