35.57104273141285
38.81520332292488
60.86257059967152
34.272397990219474
35.39535123430759
48.816546416148675
33.066750671936305
68.97598932962106
33.6046800460888
34.80859263170515
42.837974753715876
33.31671556441301
35.407413362176
32.578448228852146
34.96646187420167
54.82652497651112
37.79926889504609
35.014031487390874
33.28546170627651
39.038132178678836
61.93690818889815
26.82645626988402
38.876152124406545
33.16684442330924
34.251437473484216
34.8165766410197
48.4203370599586
59.50745328108068
46.00392196324133
28.481445258272952
