0.28056784293409986
0.33108824436228906
0.26402401529526226
0.2475524255654564
0.4033958372975994
0.2725789786086766
0.3610631927099855
0.21301807341111895
0.3346920830172752
0.29138253849253387
0.3382151682751657
0.23960977704931444
0.22948196614761948
0.4295500014027182
0.25290113390280794
0.23038519942191213
0.27782887896038566
0.4394831583303066
0.27354595635716117
0.3580608919693028
0.2581389766917713
0.27307127137647635
0.3439331567458029
0.26142030762190377
0.3358222374817629
0.2796858443456975
0.27372371854459554
0.26642110532937996
0.22375052884518634
0.19121951589824107
