17.690286713335095
10.74364109601582
10.895533075531478
19.975310385573508
29.771157333902895
16.406703629919086
13.70636673228907
10.035463566771616
6.6507695795298805
10.635937241258995
20.11010691169991
20.108109906204515
6.919962499898383
16.54849165331995
16.336809480434066
61.764916546531495
19.597773368421226
26.381677751803426
15.445406080773672
11.948942421821293
11.125044224631207
12.35883979182512
12.534555476761046
6.935119393348602
14.977065800750177
10.74364109601582
10.244209291106854
13.82573195169068
6.871551862570792
7.66244765071842
