0.4898174498885783
0.5451331947936929
0.486625243025937
0.647105266290641
0.49103371334147683
0.6676084934283196
0.41898846484393104
0.6283156533582612
0.6231519574050344
0.5000101217607009
0.6045231335384587
0.6290191973191537
0.3439234014081297
0.5529301488710574
0.4386358529698492
0.5586970665239561
0.5796404943745685
0.3354040654333265
0.46336699666803416
0.7556156471666837
0.508121051341717
0.33437333873251585
0.6425646067491111
0.2891689885681024
0.5046598864342052
0.6529275226811113
0.5815338205678433
0.3831516878836169
0.6642381353727614
0.5139205906854929
