0.8013035520563221
0.4628764220420745
0.5125703865968696
0.5227247228993211
0.675806774708944
0.6292976184354573
1.3396955775196504
0.434946640124617
0.5457744417494808
0.5534950740185113
0.5109734168056177
0.5621363298303718
0.5978419142048808
0.6435283943127372
0.7973259201469666
0.645864892198832
0.6670513203005262
0.666696415314814
0.5174603510451714
0.5259839833865727
0.7773304066050373
0.45952682668807904
0.633454299281413
0.5360802427520704
0.5882679988657078
0.43185059513752866
0.46575125086616875
0.5657175843728929
0.7163454588701599
0.658961275019174
