29.644783959408446
32.88892755928658
54.93620453762711
28.34602308966817
29.46907531633799
42.89004808810547
27.140294195163047
63.04961716775131
27.678256375718473
28.882144587962987
36.911620338316226
27.39020921789392
29.48100195040869
26.6520696382101
29.039952496517625
48.9001110837184
31.872811297405192
29.08771981438216
27.359050349016147
33.11165995536921
56.010461531753165
20.899942798964794
32.94975449073939
27.240342802541974
28.325060917851527
28.890129040902536
42.493863839382755
53.58098290438504
40.07742567830423
22.554933495800864
