0.1597321906669762
0.2234106462901274
0.23210987183587936
0.17979319289702403
0.19148291048366325
0.21069240157110974
0.22236361398697693
0.18134784243519994
0.28046829754253516
0.26175659000495916
0.289215674154822
0.2137129123916694
0.19184033929507074
0.21426790973314308
0.1888329326001811
0.22745527666986776
0.2159940510180526
0.31376259378428056
0.20679260835435187
0.216219777121941
0.1792597553012115
0.26234280693224504
0.2609366863374078
0.28019540774844187
0.3364435925230833
0.2352814665000016
0.24514363647821333
0.14820986093550625
0.5208422748283554
0.23924319442125894
