0.4454455409116299
0.4489319389864055
0.4596711212904567
0.4452967833329498
0.4470380374007917
0.4604306238683312
0.463106269128598
0.45321001406274825
0.45723722641629383
0.4512649792699761
0.4798453496021552
0.4769534768529295
0.4800855322645972
0.4850975535040071
0.47289559280376786
0.43569466585033173
0.44689534047887425
0.4511075436880844
0.48671872235662583
0.4530305280564616
0.4673457429799381
0.4427932707750838
0.4451590773069548
0.4835064694432917
0.4594642413435176
0.45917258476701367
0.4846915563312155
0.42020952412905865
0.43222430880755336
0.4587716058784887
