27.7990828805556
20.852034169356216
21.004306701245817
30.084070469269946
39.87950531287968
26.515462074042745
23.8151858275345
20.144056096029917
16.75918330349064
20.74473668186702
30.21885571956687
30.21685888705176
15.52462611466053
26.65723588446482
26.4455744690865
71.87138530041004
29.706583512750154
36.49047683985506
25.55413892112195
22.05706317713217
21.233832343691507
22.467641175699754
22.643321311150444
11.16919710632773
25.08588609158544
20.852034169356216
20.35274745581046
23.93433101216744
16.979868550727936
17.77115778445512
