Best PF file    : best_pf/All3Algs100dev.pf
Computed PF file: mls-eval-d100-c15/mls-eval-d100-c15
Num. executions : 20
Min. coverage   : 15.0

mls-eval-d100-c15/mls-eval-d100-c15.0.err
mls-eval-d100-c15/mls-eval-d100-c15.1.err
mls-eval-d100-c15/mls-eval-d100-c15.2.err
mls-eval-d100-c15/mls-eval-d100-c15.3.err
mls-eval-d100-c15/mls-eval-d100-c15.4.err
mls-eval-d100-c15/mls-eval-d100-c15.5.err
mls-eval-d100-c15/mls-eval-d100-c15.6.err
mls-eval-d100-c15/mls-eval-d100-c15.7.err
mls-eval-d100-c15/mls-eval-d100-c15.8.err
mls-eval-d100-c15/mls-eval-d100-c15.9.err
mls-eval-d100-c15/mls-eval-d100-c15.10.err
mls-eval-d100-c15/mls-eval-d100-c15.11.err
mls-eval-d100-c15/mls-eval-d100-c15.12.err
mls-eval-d100-c15/mls-eval-d100-c15.13.err
mls-eval-d100-c15/mls-eval-d100-c15.14.err
mls-eval-d100-c15/mls-eval-d100-c15.15.err
mls-eval-d100-c15/mls-eval-d100-c15.16.err
mls-eval-d100-c15/mls-eval-d100-c15.17.err
mls-eval-d100-c15/mls-eval-d100-c15.18.err
mls-eval-d100-c15/mls-eval-d100-c15.19.err
   Average epsilon, Average ND
[0] 97.5495 3.0000
[1] 15.5767 10.4000
[2] 14.5926 14.9000
[3] 11.9916 17.9500
[4] 11.1474 19.7000
[5] 11.0012 22.2000
[6] 10.3363 24.0500
[7] 10.8149 25.1500
[8] 10.2352 25.3000
[9] 10.4322 26.2000
[10] 10.1891 27.2000
[11] 10.0864 27.5500
[12] 10.0864 27.9500
[13] 9.9639 28.2000
[14] 9.8534 28.3000
[15] 10.1984 27.7500
[16] 10.2057 27.8000
[17] 10.0542 28.0000
[18] 10.3360 28.0500
[19] 10.3360 28.3500
[20] 10.1676 28.2000
[21] 10.1676 28.2500
[22] 10.1676 28.2500
[23] 10.1676 27.6500
[24] 10.3866 27.3750
