Best PF file    : best-pf-d300-c60.pf
MOEA PF file    : best_pf/All3Algs300dev-c60.pf
Computed PF file: mls-eval-d300-c60/mls-eval-d300-c60-1
Num. executions : 5
Min. coverage   : 45.0

mls-eval-d300-c60/mls-eval-d300-c60-1.0.err
mls-eval-d300-c60/mls-eval-d300-c60-1.1.err
mls-eval-d300-c60/mls-eval-d300-c60-1.2.err
mls-eval-d300-c60/mls-eval-d300-c60-1.3.err
mls-eval-d300-c60/mls-eval-d300-c60-1.4.err
   Average epsilon, Average ND
4.9956 4.0
16.6450 24.6
15.8950 27.8
15.8950 28.8
15.8950 30.0
15.8950 30.6
16.0577 32.2
16.0577 33.4
16.0577 33.0
16.0577 33.6
17.4650 35.6
12.4642 36.2
12.4642 37.2
12.5006 36.4
12.5006 37.2
12.4986 37.4
10.4130 37.6
10.4130 37.6
10.4130 37.8
10.4130 38.0
10.4130 39.8
10.4130 40.2
10.4130 39.2
10.1819 39.2
10.1819 39.2
10.1819 38.8
10.1819 38.8
10.1819 38.8
10.1819 38.8
10.1819 38.8
