Best PF file    : best-pf-d100-c40.pf
MOEA PF file    : best_pf/All3Algs100dev-c40.pf
Computed PF file: mls-eval-d100-c40/mls-eval-d100-c10
Num. executions : 20
Min. coverage   : 10.0

mls-eval-d100-c40/mls-eval-d100-c10.0.err
mls-eval-d100-c40/mls-eval-d100-c10.1.err
mls-eval-d100-c40/mls-eval-d100-c10.2.err
mls-eval-d100-c40/mls-eval-d100-c10.3.err
mls-eval-d100-c40/mls-eval-d100-c10.4.err
mls-eval-d100-c40/mls-eval-d100-c10.5.err
mls-eval-d100-c40/mls-eval-d100-c10.6.err
mls-eval-d100-c40/mls-eval-d100-c10.7.err
mls-eval-d100-c40/mls-eval-d100-c10.8.err
mls-eval-d100-c40/mls-eval-d100-c10.9.err
mls-eval-d100-c40/mls-eval-d100-c10.10.err
mls-eval-d100-c40/mls-eval-d100-c10.11.err
mls-eval-d100-c40/mls-eval-d100-c10.12.err
mls-eval-d100-c40/mls-eval-d100-c10.13.err
mls-eval-d100-c40/mls-eval-d100-c10.14.err
mls-eval-d100-c40/mls-eval-d100-c10.15.err
mls-eval-d100-c40/mls-eval-d100-c10.16.err
mls-eval-d100-c40/mls-eval-d100-c10.17.err
mls-eval-d100-c40/mls-eval-d100-c10.18.err
mls-eval-d100-c40/mls-eval-d100-c10.19.err
   Average epsilon, Average ND
143.3356 4.0
71.2608 19.4
56.8460 22.5
43.2673 25.9
37.4056 27.6
34.4606 28.3
25.1191 29.5
25.1182 30.6
24.8614 31.6
24.3889 32.0
24.3889 32.1
24.2561 33.0
24.0873 33.3
24.0873 33.4
19.3162 33.9
19.3162 33.9
17.8341 33.5
17.5237 33.8
17.5237 33.8
15.6274 34.1
15.6397 34.1
12.7355 34.2
12.5770 34.6
12.5770 34.8
12.5770 34.7
12.5770 34.7
12.5770 34.7
12.5770 34.7
12.5770 34.7
12.5770 34.7
