Best PF file    : best_pf/All3Algs200dev.pf
Computed PF file: mls-eval-d200-c20/mls-eval-d200-c20
Num. executions : 20
Min. coverage   : 20.0

mls-eval-d200-c20/mls-eval-d200-c20.0.err
mls-eval-d200-c20/mls-eval-d200-c20.1.err
mls-eval-d200-c20/mls-eval-d200-c20.2.err
mls-eval-d200-c20/mls-eval-d200-c20.3.err
mls-eval-d200-c20/mls-eval-d200-c20.4.err
mls-eval-d200-c20/mls-eval-d200-c20.5.err
mls-eval-d200-c20/mls-eval-d200-c20.6.err
mls-eval-d200-c20/mls-eval-d200-c20.7.err
mls-eval-d200-c20/mls-eval-d200-c20.8.err
mls-eval-d200-c20/mls-eval-d200-c20.9.err
mls-eval-d200-c20/mls-eval-d200-c20.10.err
mls-eval-d200-c20/mls-eval-d200-c20.11.err
mls-eval-d200-c20/mls-eval-d200-c20.12.err
mls-eval-d200-c20/mls-eval-d200-c20.13.err
mls-eval-d200-c20/mls-eval-d200-c20.14.err
mls-eval-d200-c20/mls-eval-d200-c20.15.err
mls-eval-d200-c20/mls-eval-d200-c20.16.err
mls-eval-d200-c20/mls-eval-d200-c20.17.err
mls-eval-d200-c20/mls-eval-d200-c20.18.err
mls-eval-d200-c20/mls-eval-d200-c20.19.err
   Average epsilon, Average ND
[0] 2.0040 2.0000
[1] 27.8751 27.0500
[2] 10.6342 31.6000
[3] 10.4892 33.9500
[4] 10.5249 35.2000
[5] 10.5249 35.8000
[6] 6.9813 37.4500
[7] 7.0057 37.6000
[8] 6.9981 37.7500
[9] 6.9981 38.2000
[10] 6.9981 38.6000
[11] 6.2856 38.6500
[12] 6.2856 39.2500
[13] 6.2719 39.0500
[14] 6.2719 39.3500
[15] 6.2719 39.2000
[16] 6.1311 40.4500
[17] 6.1357 41.5000
[18] 6.1435 41.7000
[19] 6.1439 42.1500
[20] 6.0876 42.3500
[21] 4.9711 43.0000
[22] 4.9711 42.7000
[23] 4.9711 43.0000
[24] 4.9711 43.0500
[25] 4.9711 43.2000
