Best PF file    : best-pf-d200-c80.pf
MOEA PF file    : best_pf/All3Algs200dev-c80.pf
Computed PF file: mls-eval-d200-c80/mls-eval-d200-c80
Num. executions : 10
Min. coverage   : 40.0

mls-eval-d200-c80/mls-eval-d200-c80.0.err
mls-eval-d200-c80/mls-eval-d200-c80.1.err
mls-eval-d200-c80/mls-eval-d200-c80.2.err
mls-eval-d200-c80/mls-eval-d200-c80.3.err
mls-eval-d200-c80/mls-eval-d200-c80.4.err
mls-eval-d200-c80/mls-eval-d200-c80.5.err
mls-eval-d200-c80/mls-eval-d200-c80.6.err
mls-eval-d200-c80/mls-eval-d200-c80.7.err
mls-eval-d200-c80/mls-eval-d200-c80.8.err
mls-eval-d200-c80/mls-eval-d200-c80.9.err
   Average epsilon, Average ND
3.5264 2.0
9.8572 10.6
9.6056 11.6
7.1632 13.4
3.8723 14.1
3.8084 14.6
3.5939 17.5
3.6035 18.1
3.5965 19.0
3.6170 19.0
3.4812 19.8
3.4812 19.8
3.5240 20.3
3.5240 20.5
3.5042 20.1
3.5042 20.7
3.5042 20.0
3.5020 20.1
3.4952 19.5
3.4525 19.4
3.4525 19.5
3.4525 19.3
3.4525 19.3
3.4525 19.3
3.4525 19.3
3.4525 19.3
3.4525 19.3
3.4525 19.3
3.4525 19.3
3.4525 19.3
