Best PF file    : best_pf/All3Algs100dev.pf
Computed PF file: mls-eval-d100-c20/mls-eval-d100-c20
Num. executions : 20
Min. coverage   : 20.0

mls-eval-d100-c20/mls-eval-d100-c20.0.err
mls-eval-d100-c20/mls-eval-d100-c20.1.err
mls-eval-d100-c20/mls-eval-d100-c20.2.err
mls-eval-d100-c20/mls-eval-d100-c20.3.err
mls-eval-d100-c20/mls-eval-d100-c20.4.err
mls-eval-d100-c20/mls-eval-d100-c20.5.err
mls-eval-d100-c20/mls-eval-d100-c20.6.err
mls-eval-d100-c20/mls-eval-d100-c20.7.err
mls-eval-d100-c20/mls-eval-d100-c20.8.err
mls-eval-d100-c20/mls-eval-d100-c20.9.err
mls-eval-d100-c20/mls-eval-d100-c20.10.err
mls-eval-d100-c20/mls-eval-d100-c20.11.err
mls-eval-d100-c20/mls-eval-d100-c20.12.err
mls-eval-d100-c20/mls-eval-d100-c20.13.err
mls-eval-d100-c20/mls-eval-d100-c20.14.err
mls-eval-d100-c20/mls-eval-d100-c20.15.err
mls-eval-d100-c20/mls-eval-d100-c20.16.err
mls-eval-d100-c20/mls-eval-d100-c20.17.err
mls-eval-d100-c20/mls-eval-d100-c20.18.err
mls-eval-d100-c20/mls-eval-d100-c20.19.err
   Average epsilon, Average ND
[0] 169.1841 2.0000
[1] 84.9885 7.3500
[2] 50.6587 7.7500
[3] 35.5978 11.8500
[4] 25.7332 11.3000
[5] 22.6565 12.1000
[6] 20.8374 13.2000
[7] 20.7986 13.3000
[8] 19.8173 13.1000
[9] 18.7035 12.6000
[10] 18.2564 12.8000
[11] 18.0289 12.7500
[12] 17.8107 13.0000
[13] 17.8619 13.1000
[14] 17.8321 13.1000
[15] 17.8321 13.2500
[16] 17.5209 13.4000
[17] 17.5209 13.3000
[18] 17.5209 13.3500
[19] 17.5209 13.3000
[20] 17.5209 13.2500
[21] 17.9582 12.9474
[22] 17.1530 12.2500
[23] 20.1913 11.0000
