Best PF file    : best-pf-d300-c80.pf
MOEA PF file    : best_pf/All3Algs300dev-c80.pf
Computed PF file: mls-eval-d300-c80/mls-eval-d300-c80-1
Num. executions : 5
Min. coverage   : 60.0

mls-eval-d300-c80/mls-eval-d300-c80-1.0.err
mls-eval-d300-c80/mls-eval-d300-c80-1.1.err
mls-eval-d300-c80/mls-eval-d300-c80-1.2.err
mls-eval-d300-c80/mls-eval-d300-c80-1.3.err
mls-eval-d300-c80/mls-eval-d300-c80-1.4.err
   Average epsilon, Average ND
10.7098 3.0
12.6914 22.2
18.2717 20.6
14.2742 20.2
14.1937 18.4
14.0210 21.2
21.1244 22.2
21.1301 22.2
19.6679 24.2
19.6679 25.6
26.4195 26.2
24.7340 27.4
22.2478 28.2
22.1639 28.2
22.1639 30.2
22.1377 30.6
22.1377 30.4
22.1377 30.8
23.2389 31.0
23.2389 31.4
23.2389 31.8
23.2389 32.2
23.2389 32.6
23.2389 32.4
23.2389 32.4
23.2389 32.4
23.2389 32.4
23.2389 32.4
23.2389 32.4
23.2389 32.4
