Best PF file    : best-pf-d300-c80.pf
MOEA PF file    : best_pf/All3Algs300dev-c80.pf
Computed PF file: mls-eval-d300-c80/mls-eval-d300-c80-1
Num. executions : 5
Min. coverage   : 60.0

mls-eval-d300-c80/mls-eval-d300-c80-1.0.err
mls-eval-d300-c80/mls-eval-d300-c80-1.1.err
mls-eval-d300-c80/mls-eval-d300-c80-1.2.err
mls-eval-d300-c80/mls-eval-d300-c80-1.3.err
mls-eval-d300-c80/mls-eval-d300-c80-1.4.err
   Average hv, Average ND
0.4690 3.0
0.6823 22.2
0.8131 20.6
0.8651 20.2
0.9584 18.4
1.0122 21.2
1.1149 22.2
1.1857 22.2
1.2096 24.2
1.2236 25.6
1.2655 26.2
1.2831 27.4
1.2977 28.2
1.3229 28.2
1.3309 30.2
1.3469 30.6
1.3499 30.4
1.3569 30.8
1.3590 31.0
1.3628 31.4
1.3635 31.8
1.3646 32.2
1.3751 32.6
1.3751 32.4
1.3751 32.4
1.3751 32.4
1.3751 32.4
1.3751 32.4
1.3751 32.4
1.3751 32.4
