Best PF file    : best-pf-d200-c40.pf
MOEA PF file    : best_pf/All3Algs200dev-c40.pf
Computed PF file: mls-eval-d200-c40/mls-eval-d200-c20
Num. executions : 20
Min. coverage   : 20.0

mls-eval-d200-c40/mls-eval-d200-c20.0.err
mls-eval-d200-c40/mls-eval-d200-c20.1.err
mls-eval-d200-c40/mls-eval-d200-c20.2.err
mls-eval-d200-c40/mls-eval-d200-c20.3.err
mls-eval-d200-c40/mls-eval-d200-c20.4.err
mls-eval-d200-c40/mls-eval-d200-c20.5.err
mls-eval-d200-c40/mls-eval-d200-c20.6.err
mls-eval-d200-c40/mls-eval-d200-c20.7.err
mls-eval-d200-c40/mls-eval-d200-c20.8.err
mls-eval-d200-c40/mls-eval-d200-c20.9.err
mls-eval-d200-c40/mls-eval-d200-c20.10.err
mls-eval-d200-c40/mls-eval-d200-c20.11.err
mls-eval-d200-c40/mls-eval-d200-c20.12.err
mls-eval-d200-c40/mls-eval-d200-c20.13.err
mls-eval-d200-c40/mls-eval-d200-c20.14.err
mls-eval-d200-c40/mls-eval-d200-c20.15.err
mls-eval-d200-c40/mls-eval-d200-c20.16.err
mls-eval-d200-c40/mls-eval-d200-c20.17.err
mls-eval-d200-c40/mls-eval-d200-c20.18.err
mls-eval-d200-c40/mls-eval-d200-c20.19.err
   Average hv, Average ND
0.6480 2.0
0.9061 27.1
0.9322 31.6
0.9461 34.0
0.9517 35.2
0.9550 35.8
0.9619 37.5
0.9649 37.6
0.9674 37.8
0.9693 38.2
0.9703 38.6
0.9763 38.6
0.9782 39.2
0.9795 39.0
0.9803 39.4
0.9807 39.2
0.9839 40.5
0.9866 41.5
0.9873 41.7
0.9880 42.1
0.9884 42.4
0.9912 43.0
0.9929 42.7
0.9929 43.0
0.9932 43.0
0.9932 43.2
0.9932 43.2
0.9932 43.2
0.9932 43.2
0.9932 43.2
