Best PF file    : best-pf-d100-c60.pf
MOEA PF file    : best_pf/All3Algs100dev-c60.pf
Computed PF file: mls-eval-d100-c60/mls-eval-d100-c15
Num. executions : 20
Min. coverage   : 15.0

mls-eval-d100-c60/mls-eval-d100-c15.0.err
mls-eval-d100-c60/mls-eval-d100-c15.1.err
mls-eval-d100-c60/mls-eval-d100-c15.2.err
mls-eval-d100-c60/mls-eval-d100-c15.3.err
mls-eval-d100-c60/mls-eval-d100-c15.4.err
mls-eval-d100-c60/mls-eval-d100-c15.5.err
mls-eval-d100-c60/mls-eval-d100-c15.6.err
mls-eval-d100-c60/mls-eval-d100-c15.7.err
mls-eval-d100-c60/mls-eval-d100-c15.8.err
mls-eval-d100-c60/mls-eval-d100-c15.9.err
mls-eval-d100-c60/mls-eval-d100-c15.10.err
mls-eval-d100-c60/mls-eval-d100-c15.11.err
mls-eval-d100-c60/mls-eval-d100-c15.12.err
mls-eval-d100-c60/mls-eval-d100-c15.13.err
mls-eval-d100-c60/mls-eval-d100-c15.14.err
mls-eval-d100-c60/mls-eval-d100-c15.15.err
mls-eval-d100-c60/mls-eval-d100-c15.16.err
mls-eval-d100-c60/mls-eval-d100-c15.17.err
mls-eval-d100-c60/mls-eval-d100-c15.18.err
mls-eval-d100-c60/mls-eval-d100-c15.19.err
   Average hv, Average ND
0.4626 3.0
0.6868 10.4
0.6957 14.8
0.7322 17.6
0.7678 19.9
0.7792 22.5
0.7949 24.4
0.8025 25.5
0.8086 25.7
0.8126 26.5
0.8168 27.6
0.8181 27.8
0.8195 28.1
0.8240 28.5
0.8260 28.5
0.8278 27.9
0.8291 28.0
0.8315 28.2
0.8340 28.4
0.8345 28.8
0.8360 28.6
0.8361 28.7
0.8361 28.7
0.8363 28.7
0.8363 28.1
0.8363 27.7
0.8363 27.7
0.8363 27.7
0.8363 27.7
0.8363 27.7
