Best PF file    : best-pf-d300-c60.pf
MOEA PF file    : best_pf/All3Algs300dev-c60.pf
Computed PF file: mls-eval-d300-c60/mls-eval-d300-c60-1
Num. executions : 5
Min. coverage   : 45.0

mls-eval-d300-c60/mls-eval-d300-c60-1.0.err
mls-eval-d300-c60/mls-eval-d300-c60-1.1.err
mls-eval-d300-c60/mls-eval-d300-c60-1.2.err
mls-eval-d300-c60/mls-eval-d300-c60-1.3.err
mls-eval-d300-c60/mls-eval-d300-c60-1.4.err
   Average hv, Average ND
0.6518 4.0
0.9704 24.6
0.9984 27.8
1.0180 28.8
1.0227 30.0
1.0271 30.6
1.0407 32.2
1.0458 33.4
1.0482 33.0
1.0506 33.6
1.0532 35.6
1.0562 36.2
1.0589 37.2
1.0639 36.4
1.0651 37.2
1.0694 37.4
1.0717 37.6
1.0719 37.6
1.0734 37.8
1.0743 38.0
1.0762 39.8
1.0775 40.2
1.0805 39.2
1.0831 39.2
1.0832 39.2
1.0832 38.8
1.0832 38.8
1.0832 38.8
1.0832 38.8
1.0832 38.8
