Best PF file    : best-pf-d100-c80.pf
MOEA PF file    : best_pf/All3Algs100dev-c80.pf
Computed PF file: mls-eval-d100-c80/mls-eval-d100-c20
Num. executions : 20
Min. coverage   : 20.0

mls-eval-d100-c80/mls-eval-d100-c20.0.err
mls-eval-d100-c80/mls-eval-d100-c20.1.err
mls-eval-d100-c80/mls-eval-d100-c20.2.err
mls-eval-d100-c80/mls-eval-d100-c20.3.err
mls-eval-d100-c80/mls-eval-d100-c20.4.err
mls-eval-d100-c80/mls-eval-d100-c20.5.err
mls-eval-d100-c80/mls-eval-d100-c20.6.err
mls-eval-d100-c80/mls-eval-d100-c20.7.err
mls-eval-d100-c80/mls-eval-d100-c20.8.err
mls-eval-d100-c80/mls-eval-d100-c20.9.err
mls-eval-d100-c80/mls-eval-d100-c20.10.err
mls-eval-d100-c80/mls-eval-d100-c20.11.err
mls-eval-d100-c80/mls-eval-d100-c20.12.err
mls-eval-d100-c80/mls-eval-d100-c20.13.err
mls-eval-d100-c80/mls-eval-d100-c20.14.err
mls-eval-d100-c80/mls-eval-d100-c20.15.err
mls-eval-d100-c80/mls-eval-d100-c20.16.err
mls-eval-d100-c80/mls-eval-d100-c20.17.err
mls-eval-d100-c80/mls-eval-d100-c20.18.err
mls-eval-d100-c80/mls-eval-d100-c20.19.err
   Average hv, Average ND
0.0000 2.0
0.0010 7.5
0.0124 7.9
0.1163 11.6
0.2395 11.2
0.2814 12.3
0.3166 13.2
0.3264 13.3
0.3538 12.9
0.3685 12.4
0.3787 12.7
0.3827 12.6
0.3912 12.8
0.3935 12.9
0.3959 13.0
0.3983 13.1
0.4045 13.2
0.4124 13.1
0.4169 13.1
0.4215 13.0
0.4215 13.0
0.4215 13.0
0.4215 12.4
0.4215 12.0
0.4215 11.8
0.4215 11.8
0.4215 11.8
0.4215 11.8
0.4215 11.8
0.4215 11.8
