Best PF file    : best-pf-d300-c40.pf
MOEA PF file    : best_pf/All3Algs300dev-c40.pf
Computed PF file: mls-eval-d300-c40/mls-eval-d300-c40-1
Num. executions : 5
Min. coverage   : 30.0

mls-eval-d300-c40/mls-eval-d300-c40-1.0.err
mls-eval-d300-c40/mls-eval-d300-c40-1.1.err
mls-eval-d300-c40/mls-eval-d300-c40-1.2.err
mls-eval-d300-c40/mls-eval-d300-c40-1.3.err
mls-eval-d300-c40/mls-eval-d300-c40-1.4.err
   Average hv, Average ND
0.8569 5.0
0.9698 33.6
0.9830 36.0
0.9964 38.6
1.0071 40.0
1.0116 38.8
1.0180 43.0
1.0210 43.4
1.0229 44.2
1.0233 44.8
1.0239 45.6
1.0251 48.2
1.0256 49.2
1.0262 49.6
1.0265 50.8
1.0266 51.6
1.0279 54.6
1.0286 54.2
1.0289 54.0
1.0291 54.8
1.0296 55.8
1.0302 57.0
1.0304 57.8
1.0308 56.8
1.0312 56.4
1.0312 56.6
1.0312 56.6
1.0312 56.6
1.0312 56.6
1.0312 56.6
