Best PF file    : best-pf-d300-c80.pf
MOEA PF file    : /home/santiago/Dropbox/Facultad/Publicaciones/EvoComnetAEDB/IJAHUC/NIDISC/comparison/data/NSGAII/300dev/FUN (30)
Computed PF file: mls-eval-d300-c80/mls-eval-d300-c80 (20)
Min. coverage   : 60.0

alg|avg|stdev
comp|0.49072163529725665|0.014178148843536839
moea|0.3336528764508545|0.02239716735534716
h-static 35.29411764705881|p-value 2.8348699304881772e-09
1x10^-3
count moea=23.566666666666666 comp=32.7
Best PF file    : best-pf-d300-c80.pf
MOEA1 PF file   : /home/santiago/Dropbox/Facultad/Publicaciones/EvoComnetAEDB/IJAHUC/NIDISC/comparison/data/CellDE/300dev/FUN (30)
MOEA2 PF file   : /home/santiago/Dropbox/Facultad/Publicaciones/EvoComnetAEDB/IJAHUC/NIDISC/comparison/data/NSGAII/300dev/FUN (30)
Min. coverage   : 60.0

alg|avg|stdev
moea1|0.27564932001451126|0.029320138514272558
moea2|0.3336528764508545|0.02239716735534716
h-static 34.798032786885216|p-value 3.657428363418325e-09
u 51.0|prob 1.9124453526574676e-09
1x10^-3
