Best PF file    : best_pf/All3Algs200dev.pf
Computed PF file: mls-eval-d200-c15/mls-eval-d200-c15
Num. executions : 20
Min. coverage   : 15.0

mls-eval-d200-c15/mls-eval-d200-c15.0.err
mls-eval-d200-c15/mls-eval-d200-c15.1.err
mls-eval-d200-c15/mls-eval-d200-c15.2.err
mls-eval-d200-c15/mls-eval-d200-c15.3.err
mls-eval-d200-c15/mls-eval-d200-c15.4.err
mls-eval-d200-c15/mls-eval-d200-c15.5.err
mls-eval-d200-c15/mls-eval-d200-c15.6.err
mls-eval-d200-c15/mls-eval-d200-c15.7.err
mls-eval-d200-c15/mls-eval-d200-c15.8.err
mls-eval-d200-c15/mls-eval-d200-c15.9.err
mls-eval-d200-c15/mls-eval-d200-c15.10.err
mls-eval-d200-c15/mls-eval-d200-c15.11.err
mls-eval-d200-c15/mls-eval-d200-c15.12.err
mls-eval-d200-c15/mls-eval-d200-c15.13.err
mls-eval-d200-c15/mls-eval-d200-c15.14.err
mls-eval-d200-c15/mls-eval-d200-c15.15.err
mls-eval-d200-c15/mls-eval-d200-c15.16.err
mls-eval-d200-c15/mls-eval-d200-c15.17.err
mls-eval-d200-c15/mls-eval-d200-c15.18.err
mls-eval-d200-c15/mls-eval-d200-c15.19.err
   Average epsilon, Average ND
[0] 42.2905 3.0000
[1] 11.9367 28.5500
[2] 11.0887 34.5000
[3] 11.0909 36.8000
[4] 11.1800 37.7000
[5] 11.1631 37.7000
[6] 11.9840 39.7000
[7] 12.0984 40.5000
[8] 12.0984 41.1000
[9] 11.9930 41.1500
[10] 11.9930 41.5000
[11] 11.2959 42.8500
[12] 12.0543 43.4000
[13] 12.0543 43.8000
[14] 12.0543 43.8000
[15] 11.9804 44.0000
[16] 12.0510 44.8000
[17] 12.0510 44.9500
[18] 12.0510 44.8500
[19] 12.0510 45.1000
[20] 12.0510 45.0500
[21] 12.3512 45.4500
[22] 12.3504 45.6000
[23] 12.3504 45.3500
[24] 12.3504 45.4500
[25] 12.3504 45.5000
