Best PF file    : best_pf/All3Algs200dev.pf
Computed PF file: mls-eval-d200-c10/mls-eval-d200-c10
Num. executions : 20
Min. coverage   : 10.0

mls-eval-d200-c10/mls-eval-d200-c10.0.err
mls-eval-d200-c10/mls-eval-d200-c10.1.err
mls-eval-d200-c10/mls-eval-d200-c10.2.err
mls-eval-d200-c10/mls-eval-d200-c10.3.err
mls-eval-d200-c10/mls-eval-d200-c10.4.err
mls-eval-d200-c10/mls-eval-d200-c10.5.err
mls-eval-d200-c10/mls-eval-d200-c10.6.err
mls-eval-d200-c10/mls-eval-d200-c10.7.err
mls-eval-d200-c10/mls-eval-d200-c10.8.err
mls-eval-d200-c10/mls-eval-d200-c10.9.err
mls-eval-d200-c10/mls-eval-d200-c10.10.err
mls-eval-d200-c10/mls-eval-d200-c10.11.err
mls-eval-d200-c10/mls-eval-d200-c10.12.err
mls-eval-d200-c10/mls-eval-d200-c10.13.err
mls-eval-d200-c10/mls-eval-d200-c10.14.err
mls-eval-d200-c10/mls-eval-d200-c10.15.err
mls-eval-d200-c10/mls-eval-d200-c10.16.err
mls-eval-d200-c10/mls-eval-d200-c10.17.err
mls-eval-d200-c10/mls-eval-d200-c10.18.err
mls-eval-d200-c10/mls-eval-d200-c10.19.err
   Average epsilon, Average ND
[0] 42.2905 4.0000
[1] 19.7941 28.5500
[2] 19.2990 33.7000
[3] 18.8237 35.3000
[4] 18.3831 35.8000
[5] 18.4152 35.9000
[6] 16.7287 39.3500
[7] 17.1467 40.7000
[8] 17.1467 40.7000
[9] 17.1467 40.7500
[10] 17.1467 40.7500
[11] 17.0244 42.7500
[12] 16.1913 43.2000
[13] 16.1913 43.5000
[14] 16.1913 43.4000
[15] 16.1913 43.4500
[16] 16.4188 44.7500
[17] 16.4188 45.5000
[18] 16.4188 45.3500
[19] 16.4188 45.4000
[20] 16.4188 45.4000
[21] 16.7305 46.5500
[22] 16.7305 46.2000
[23] 16.7305 46.2500
[24] 16.7305 46.2500
[25] 16.7305 46.1500
