Best PF file    : best-pf-d300-c80.pf
MOEA PF file    : /home/santiago/Dropbox/Facultad/Publicaciones/EvoComnetAEDB/IJAHUC/NIDISC/comparison/data/CellDE/300dev/FUN (30)
Computed PF file: mls-eval-d300-c80/mls-eval-d300-c80-1 (5)
Min. coverage   : 60.0

alg|avg|stdev
comp|0.22580225568087636|0.08550048403937335
moea|0.9131870208720745|0.19194650702875382
h-static 12.500000000000014|p-value 0.00040695201744495605
1x10^-3
count moea=16.033333333333335 comp=32.4
Best PF file    : best-pf-d300-c80.pf
MOEA PF file    : /home/santiago/Dropbox/Facultad/Publicaciones/EvoComnetAEDB/IJAHUC/NIDISC/comparison/data/NSGAII/300dev/FUN (30)
Computed PF file: mls-eval-d300-c80/mls-eval-d300-c80-1 (5)
Min. coverage   : 60.0

alg|avg|stdev
comp|0.22580225568087636|0.08550048403937335
moea|0.6657741802556384|0.09993220444588244
h-static 12.500000000000014|p-value 0.00040695201744495605
1x10^-3
count moea=23.566666666666666 comp=32.4
