Best PF file    : best-pf-d300-c60.pf
MOEA PF file    : best_pf/All3Algs300dev-c60.pf
Computed PF file: mls-eval-d300-c60/mls-eval-d300-c60-1
Num. executions : 8
Min. coverage   : 45.0

mls-eval-d300-c60/mls-eval-d300-c60-1.0.err
mls-eval-d300-c60/mls-eval-d300-c60-1.1.err
mls-eval-d300-c60/mls-eval-d300-c60-1.2.err
mls-eval-d300-c60/mls-eval-d300-c60-1.3.err
mls-eval-d300-c60/mls-eval-d300-c60-1.4.err
mls-eval-d300-c60/mls-eval-d300-c60-1.5.err
mls-eval-d300-c60/mls-eval-d300-c60-1.6.err
mls-eval-d300-c60/mls-eval-d300-c60-1.7.err
   Average igd, Average ND
4.7408 4.0000
1.3883 23.6250
1.4615 26.3750
1.2942 28.0000
1.2782 29.7500
1.2529 30.7500
1.1122 32.3750
1.1659 34.5000
1.0596 33.7500
1.0282 34.3750
1.0131 36.0000
0.9809 36.8750
0.9524 37.8750
0.9512 37.7500
0.9364 38.3750
0.9322 38.5000
0.9157 38.8750
0.9068 39.0000
0.8131 39.3750
0.7632 39.6250
0.7544 40.2500
0.7455 40.6250
0.7443 39.6250
0.7528 39.6250
0.7540 39.6250
0.7540 39.1250
0.7540 39.1250
0.7540 39.1250
0.7540 39.1250
0.7540 39.1250
0.24999997936692955
0.2550704933064623
0.2704093720265627
0.2522515310781655
0.259811043093411
0.27957749388207387
0.3460441758578633
0.3419430071602176
