Best PF file    : best-pf-d200-c60.pf
MOEA PF file    : best_pf/All3Algs200dev-c60.pf
Computed PF file: mls-eval-d200-c60/mls-eval-d200-c60
Num. executions : 20
Min. coverage   : 30.0

mls-eval-d200-c60/mls-eval-d200-c60.0.err
mls-eval-d200-c60/mls-eval-d200-c60.1.err
mls-eval-d200-c60/mls-eval-d200-c60.2.err
mls-eval-d200-c60/mls-eval-d200-c60.3.err
mls-eval-d200-c60/mls-eval-d200-c60.4.err
mls-eval-d200-c60/mls-eval-d200-c60.5.err
mls-eval-d200-c60/mls-eval-d200-c60.6.err
mls-eval-d200-c60/mls-eval-d200-c60.7.err
mls-eval-d200-c60/mls-eval-d200-c60.8.err
mls-eval-d200-c60/mls-eval-d200-c60.9.err
mls-eval-d200-c60/mls-eval-d200-c60.10.err
mls-eval-d200-c60/mls-eval-d200-c60.11.err
mls-eval-d200-c60/mls-eval-d200-c60.12.err
mls-eval-d200-c60/mls-eval-d200-c60.13.err
mls-eval-d200-c60/mls-eval-d200-c60.14.err
mls-eval-d200-c60/mls-eval-d200-c60.15.err
mls-eval-d200-c60/mls-eval-d200-c60.16.err
mls-eval-d200-c60/mls-eval-d200-c60.17.err
mls-eval-d200-c60/mls-eval-d200-c60.18.err
mls-eval-d200-c60/mls-eval-d200-c60.19.err
   Average igd, Average ND
6.1319 3.0000
2.2889 20.7500
1.8103 23.5500
1.6925 24.1500
1.6777 24.8000
1.6648 25.4500
1.5964 24.8500
1.5484 25.8500
1.5271 25.8500
1.5213 26.1000
1.5031 26.8500
1.4696 27.8500
1.4517 27.9000
1.4470 28.3500
1.4328 28.5000
1.4330 28.6500
1.4029 29.3500
1.3755 29.5000
1.3633 29.6000
1.3611 29.5500
1.3709 30.0500
1.3785 30.3000
1.3757 30.5000
1.3757 30.6000
1.3757 30.6000
1.3757 30.5500
1.3757 30.5500
1.3757 30.5500
1.3757 30.5500
1.3757 30.5500
