Best PF file    : best_pf/All3Algs100dev.pf
Computed PF file: mls-eval-d100-c15/mls-eval-d100-c15
Num. executions : 20
Min. coverage   : 15.0

mls-eval-d100-c15/mls-eval-d100-c15.0.err
mls-eval-d100-c15/mls-eval-d100-c15.1.err
mls-eval-d100-c15/mls-eval-d100-c15.2.err
mls-eval-d100-c15/mls-eval-d100-c15.3.err
mls-eval-d100-c15/mls-eval-d100-c15.4.err
mls-eval-d100-c15/mls-eval-d100-c15.5.err
mls-eval-d100-c15/mls-eval-d100-c15.6.err
mls-eval-d100-c15/mls-eval-d100-c15.7.err
mls-eval-d100-c15/mls-eval-d100-c15.8.err
mls-eval-d100-c15/mls-eval-d100-c15.9.err
mls-eval-d100-c15/mls-eval-d100-c15.10.err
mls-eval-d100-c15/mls-eval-d100-c15.11.err
mls-eval-d100-c15/mls-eval-d100-c15.12.err
mls-eval-d100-c15/mls-eval-d100-c15.13.err
mls-eval-d100-c15/mls-eval-d100-c15.14.err
mls-eval-d100-c15/mls-eval-d100-c15.15.err
mls-eval-d100-c15/mls-eval-d100-c15.16.err
mls-eval-d100-c15/mls-eval-d100-c15.17.err
mls-eval-d100-c15/mls-eval-d100-c15.18.err
mls-eval-d100-c15/mls-eval-d100-c15.19.err
   Average igd, Average ND
[0] 9.0708 3.0000
[1] 1.0692 10.4000
[2] 0.9580 14.9000
[3] 0.7182 17.9500
[4] 0.6548 19.7000
[5] 0.6350 22.2000
[6] 0.6030 24.0500
[7] 0.6155 25.1500
[8] 0.5970 25.3000
[9] 0.5899 26.2000
[10] 0.5789 27.2000
[11] 0.5791 27.5500
[12] 0.5769 27.9500
[13] 0.5676 28.2000
[14] 0.5641 28.3000
[15] 0.5778 27.7500
[16] 0.5778 27.8000
[17] 0.5790 28.0000
[18] 0.5852 28.0500
[19] 0.5824 28.3500
[20] 0.5744 28.2000
[21] 0.5737 28.2500
[22] 0.5737 28.2500
[23] 0.5709 27.6500
[24] 0.5817 27.3750
