Best PF file    : best-pf-d200-c80.pf
MOEA PF file    : best_pf/All3Algs200dev-c80.pf
Computed PF file: mls-eval-d200-c80/mls-eval-d200-c80
Num. executions : 20
Min. coverage   : 40.0

mls-eval-d200-c80/mls-eval-d200-c80.0.err
mls-eval-d200-c80/mls-eval-d200-c80.1.err
mls-eval-d200-c80/mls-eval-d200-c80.2.err
mls-eval-d200-c80/mls-eval-d200-c80.3.err
mls-eval-d200-c80/mls-eval-d200-c80.4.err
mls-eval-d200-c80/mls-eval-d200-c80.5.err
mls-eval-d200-c80/mls-eval-d200-c80.6.err
mls-eval-d200-c80/mls-eval-d200-c80.7.err
mls-eval-d200-c80/mls-eval-d200-c80.8.err
mls-eval-d200-c80/mls-eval-d200-c80.9.err
mls-eval-d200-c80/mls-eval-d200-c80.10.err
mls-eval-d200-c80/mls-eval-d200-c80.11.err
mls-eval-d200-c80/mls-eval-d200-c80.12.err
mls-eval-d200-c80/mls-eval-d200-c80.13.err
mls-eval-d200-c80/mls-eval-d200-c80.14.err
mls-eval-d200-c80/mls-eval-d200-c80.15.err
mls-eval-d200-c80/mls-eval-d200-c80.16.err
mls-eval-d200-c80/mls-eval-d200-c80.17.err
mls-eval-d200-c80/mls-eval-d200-c80.18.err
mls-eval-d200-c80/mls-eval-d200-c80.19.err
   Average igd, Average ND
4.9317 2.0000
2.1469 12.0500
1.7000 13.9000
1.4789 15.9500
1.3800 16.3000
1.2682 16.4500
1.1463 17.8500
1.0942 18.1000
1.0447 18.8500
1.0098 18.7000
0.9367 19.1500
0.9083 19.4000
0.8706 19.8000
0.8548 20.1000
0.8733 19.7500
0.8504 19.7500
0.8538 19.0000
0.8192 19.5000
0.7931 19.6000
0.7808 19.7500
0.7776 19.9000
0.7776 19.7500
0.7776 19.7500
0.7776 19.7500
0.7776 19.7500
0.7776 19.7500
0.7776 19.7500
0.7776 19.7500
0.7776 19.7500
0.7776 19.7500
