Best PF file    : best_pf/All3Algs100dev.pf
Computed PF file: mls-eval-d100-c10/mls-eval-d100-c10
Num. executions : 20
Min. coverage   : 10.0

mls-eval-d100-c10/mls-eval-d100-c10.0.err
mls-eval-d100-c10/mls-eval-d100-c10.1.err
mls-eval-d100-c10/mls-eval-d100-c10.2.err
mls-eval-d100-c10/mls-eval-d100-c10.3.err
mls-eval-d100-c10/mls-eval-d100-c10.4.err
mls-eval-d100-c10/mls-eval-d100-c10.5.err
mls-eval-d100-c10/mls-eval-d100-c10.6.err
mls-eval-d100-c10/mls-eval-d100-c10.7.err
mls-eval-d100-c10/mls-eval-d100-c10.8.err
mls-eval-d100-c10/mls-eval-d100-c10.9.err
mls-eval-d100-c10/mls-eval-d100-c10.10.err
mls-eval-d100-c10/mls-eval-d100-c10.11.err
mls-eval-d100-c10/mls-eval-d100-c10.12.err
mls-eval-d100-c10/mls-eval-d100-c10.13.err
mls-eval-d100-c10/mls-eval-d100-c10.14.err
mls-eval-d100-c10/mls-eval-d100-c10.15.err
mls-eval-d100-c10/mls-eval-d100-c10.16.err
mls-eval-d100-c10/mls-eval-d100-c10.17.err
mls-eval-d100-c10/mls-eval-d100-c10.18.err
mls-eval-d100-c10/mls-eval-d100-c10.19.err
   Average igd, Average ND
[0] 6.7909 4.0000
[1] 0.9089 19.5000
[2] 0.7612 22.3500
[3] 0.6399 25.6000
[4] 0.5212 27.4500
[5] 0.4930 28.3000
[6] 0.4582 29.3500
[7] 0.4193 30.5000
[8] 0.4115 31.3500
[9] 0.4157 31.9500
[10] 0.4162 32.1500
[11] 0.4162 33.0000
[12] 0.4172 33.4000
[13] 0.4165 33.5000
[14] 0.4193 34.0000
[15] 0.4190 34.0500
[16] 0.4230 33.6000
[17] 0.4206 33.9500
[18] 0.4207 33.9500
[19] 0.4164 34.3000
[20] 0.4165 34.3500
[21] 0.4127 34.3000
[22] 0.4004 34.7000
[23] 0.4005 34.7500
[24] 0.4005 34.7000
[25] 0.4003 34.7000
[26] 0.4017 34.8421
