Best PF file    : best-pf-d300-c40.pf
MOEA PF file    : best_pf/All3Algs300dev-c40.pf
Computed PF file: mls-eval-d300-c40/mls-eval-d300-c40-1
Num. executions : 10
Min. coverage   : 30.0

mls-eval-d300-c40/mls-eval-d300-c40-1.0.err
mls-eval-d300-c40/mls-eval-d300-c40-1.1.err
mls-eval-d300-c40/mls-eval-d300-c40-1.2.err
mls-eval-d300-c40/mls-eval-d300-c40-1.3.err
mls-eval-d300-c40/mls-eval-d300-c40-1.4.err
mls-eval-d300-c40/mls-eval-d300-c40-1.5.err
mls-eval-d300-c40/mls-eval-d300-c40-1.6.err
mls-eval-d300-c40/mls-eval-d300-c40-1.7.err
mls-eval-d300-c40/mls-eval-d300-c40-1.8.err
mls-eval-d300-c40/mls-eval-d300-c40-1.9.err
0.6014151239977802
0.7169823582677629
0.6259212665235246
0.6178614294149855
0.7349970942000172
0.7199216803806026
0.6405295537602627
0.6410967410622657
0.7171541894033273
0.8290357336948015
