Best PF file    : best-pf-d300-c80.pf
MOEA PF file    : best_pf/All3Algs300dev-c80.pf
Computed PF file: mls-eval-d300-c80/mls-eval-d300-c80-1
Num. executions : 5
Min. coverage   : 60.0

mls-eval-d300-c80/mls-eval-d300-c80-1.0.err
mls-eval-d300-c80/mls-eval-d300-c80-1.1.err
mls-eval-d300-c80/mls-eval-d300-c80-1.2.err
mls-eval-d300-c80/mls-eval-d300-c80-1.3.err
mls-eval-d300-c80/mls-eval-d300-c80-1.4.err
   Average igd, Average ND
3.5308 3.0000
1.4376 22.2000
1.1846 20.6000
1.2507 20.2000
1.1301 18.4000
0.9398 21.2000
0.8122 22.2000
0.6592 22.2000
0.6065 24.2000
0.5681 25.6000
0.5452 26.2000
0.4936 27.4000
0.4879 28.2000
0.4798 28.2000
0.4647 30.2000
0.3922 30.6000
0.3779 30.4000
0.4095 30.8000
0.4051 31.0000
0.3923 31.4000
0.3893 31.8000
0.3887 32.2000
0.3785 32.6000
0.3785 32.4000
0.3785 32.4000
0.3785 32.4000
0.3785 32.4000
0.3785 32.4000
0.3785 32.4000
0.3785 32.4000
0.22896207957033526
0.3333274093570819
0.14272054192168604
0.28406360552352466
0.13993764203175402
