Best PF file    : best_pf/All3Algs200dev.pf
Computed PF file: mls-eval-d200-c10/mls-eval-d200-c10
Num. executions : 20
Min. coverage   : 10.0

mls-eval-d200-c10/mls-eval-d200-c10.0.err
mls-eval-d200-c10/mls-eval-d200-c10.1.err
mls-eval-d200-c10/mls-eval-d200-c10.2.err
mls-eval-d200-c10/mls-eval-d200-c10.3.err
mls-eval-d200-c10/mls-eval-d200-c10.4.err
mls-eval-d200-c10/mls-eval-d200-c10.5.err
mls-eval-d200-c10/mls-eval-d200-c10.6.err
mls-eval-d200-c10/mls-eval-d200-c10.7.err
mls-eval-d200-c10/mls-eval-d200-c10.8.err
mls-eval-d200-c10/mls-eval-d200-c10.9.err
mls-eval-d200-c10/mls-eval-d200-c10.10.err
mls-eval-d200-c10/mls-eval-d200-c10.11.err
mls-eval-d200-c10/mls-eval-d200-c10.12.err
mls-eval-d200-c10/mls-eval-d200-c10.13.err
mls-eval-d200-c10/mls-eval-d200-c10.14.err
mls-eval-d200-c10/mls-eval-d200-c10.15.err
mls-eval-d200-c10/mls-eval-d200-c10.16.err
mls-eval-d200-c10/mls-eval-d200-c10.17.err
mls-eval-d200-c10/mls-eval-d200-c10.18.err
mls-eval-d200-c10/mls-eval-d200-c10.19.err
   Average igd, Average ND
[0] 3.1586 4.0000
[1] 0.9453 28.5500
[2] 0.8594 33.7000
[3] 0.8459 35.3000
[4] 0.8244 35.8000
[5] 0.8268 35.9000
[6] 0.7584 39.3500
[7] 0.7609 40.7000
[8] 0.7635 40.7000
[9] 0.7639 40.7500
[10] 0.7639 40.7500
[11] 0.7472 42.7500
[12] 0.7277 43.2000
[13] 0.7282 43.5000
[14] 0.7283 43.4000
[15] 0.7283 43.4500
[16] 0.7260 44.7500
[17] 0.7192 45.5000
[18] 0.7192 45.3500
[19] 0.7190 45.4000
[20] 0.7190 45.4000
[21] 0.7195 46.5500
[22] 0.7198 46.2000
[23] 0.7200 46.2500
[24] 0.7199 46.2500
[25] 0.7199 46.1500
