Best PF file    : best_pf/All3Algs100dev.pf
Computed PF file: mls-random/mls-random.0
Min. coverage   : 5.0

Best PF [count=61]
[(87.7155, 18.9, 4.5), (12.0335, 5.3, 5.0), (141.633, 22.0, 9.0), (139.993, 21.8, 8.4), (153.541, 22.8, 9.2), (52.9845, 14.4, 2.4), (35.7652, 11.4, 1.3), (159.41, 22.9, 9.6), (134.311, 21.5, 7.8), (149.543, 22.5, 9.4), (151.697, 22.6, 9.8), (146.922, 22.3, 9.4), (169.749, 23.9, 10.8), (48.0067, 13.6, 2.1), (101.222, 19.8, 5.7), (80.2414, 18.2, 4.1), (148.181, 22.4, 8.9), (91.9742, 19.6, 4.8), (159.645, 23.0, 10.0), (109.324, 20.4, 6.1), (179.387, 24.0, 11.3), (120.012, 21.1, 6.8), (166.511, 23.7, 10.6), (112.075, 20.5, 6.3), (170.549, 23.5, 10.4), (71.492, 16.6, 3.5), (108.601, 20.3, 6.0), (157.019, 23.4, 10.2), (35.1166, 11.1, 1.5), (113.818, 20.6, 6.4), (31.3932, 10.8, 1.0), (142.302, 22.2, 8.7), (117.283, 20.9, 6.7), (11.66, 5.1, 4.7), (138.99, 21.6, 8.7), (15.5783, 5.0, 4.6), (71.2087, 16.4, 3.6), (77.0249, 18.1, 3.9), (33.1498, 11.0, 1.1), (27.1678, 9.8, 0.7), (123.198, 21.2, 7.0), (62.8771, 15.8, 3.0), (60.8674, 15.1, 2.9), (59.5472, 14.6, 2.9), (60.7157, 14.8, 2.9), (76.5929, 17.7, 3.9), (107.915, 20.0, 5.9), (52.79, 14.2, 2.3), (40.0401, 12.1, 1.6), (74.635, 17.4, 3.8), (48.019, 13.0, 2.0), (46.2023, 12.6, 1.9), (84.7338, 18.3, 4.3), (23.4683, 8.3, 0.5), (24.5851, 9.1, 0.6), (66.3305, 16.0, 3.3), (23.2436, 7.9, 0.5), (26.7514, 9.3, 0.7), (18.0661, 7.6, 0.2), (22.098, 8.1, 0.7), (45.7461, 12.2, 1.9)]

Computed PF [count=36]
[(34.7001, 11.0, 1.2), (75.6924, 16.4, 4.0), (49.5221, 12.6, 2.2), (16.4484, 5.3, 0.1), (84.0652, 17.6, 4.6), (101.953, 19.2, 5.6), (62.689, 15.0, 3.2), (29.8748, 10.8, 1.0), (159.628, 23.4, 10.4), (104.038, 19.8, 5.8), (159.218, 22.2, 10.6), (21.6316, 8.0, 0.4), (43.7294, 12.2, 1.9), (20.805, 7.6, 0.4), (183.485, 23.8, 12.2), (147.455, 21.4, 9.6), (63.0501, 14.4, 3.0), (88.9434, 17.8, 4.8), (75.7792, 17.2, 3.9), (38.3035, 11.2, 1.4), (17.6382, 7.2, 0.2), (28.0398, 8.8, 0.8), (102.856, 19.6, 5.8), (29.2204, 9.4, 1.0), (58.3194, 13.6, 2.8), (156.22, 22.0, 10.2), (187.509, 24.0, 12.4), (68.48, 15.4, 3.4), (98.1676, 18.4, 5.4), (147.298, 20.4, 10.2), (132.914, 20.2, 8.8), (24.634, 8.2, 0.6), (74.0343, 15.6, 3.8), (90.4857, 18.2, 5.0), (109.142, 20.0, 6.2), (55.5686, 13.2, 2.6)]

INDEX=0 COUNT=23
INDEX=1 COUNT=27
INDEX=2 COUNT=29
INDEX=3 COUNT=29
INDEX=4 COUNT=29
INDEX=5 COUNT=28
INDEX=6 COUNT=31
INDEX=7 COUNT=30
INDEX=8 COUNT=30
INDEX=9 COUNT=30
INDEX=10 COUNT=30
INDEX=11 COUNT=32
INDEX=12 COUNT=34
INDEX=13 COUNT=34
INDEX=14 COUNT=34
INDEX=15 COUNT=34
INDEX=16 COUNT=35
INDEX=17 COUNT=36
INDEX=18 COUNT=36
INDEX=19 COUNT=36
INDEX=20 COUNT=36
INDEX=21 COUNT=37
INDEX=22 COUNT=36
INDEX=23 COUNT=36
INDEX=24 COUNT=36
INDEX=25 COUNT=36
INDEX=26 COUNT=36

[0] Epsilon = 11.61
[1] Epsilon = 30.39
[2] Epsilon = 19.25
[3] Epsilon = 18.04
[4] Epsilon = 18.04
[5] Epsilon = 18.04
[6] Epsilon = 18.04
[7] Epsilon = 18.04
[8] Epsilon = 18.04
[9] Epsilon = 18.04
[10] Epsilon = 18.04
[11] Epsilon = 16.06
[12] Epsilon = 16.06
[13] Epsilon = 16.06
[14] Epsilon = 16.06
[15] Epsilon = 16.06
[16] Epsilon = 14.13
[17] Epsilon = 14.13
[18] Epsilon = 14.13
[19] Epsilon = 14.13
[20] Epsilon = 14.13
[21] Epsilon = 14.13
[22] Epsilon = 10.94
[23] Epsilon = 10.94
[24] Epsilon = 10.94
[25] Epsilon = 10.94
[26] Epsilon = 10.94
Final Epsilon = 10.94
Best PF file    : best_pf/All3Algs100dev.pf
Computed PF file: mls-random/mls-random.1
Min. coverage   : 5.0

Best PF [count=61]
[(87.7155, 18.9, 4.5), (12.0335, 5.3, 5.0), (141.633, 22.0, 9.0), (139.993, 21.8, 8.4), (153.541, 22.8, 9.2), (52.9845, 14.4, 2.4), (35.7652, 11.4, 1.3), (159.41, 22.9, 9.6), (134.311, 21.5, 7.8), (149.543, 22.5, 9.4), (151.697, 22.6, 9.8), (146.922, 22.3, 9.4), (169.749, 23.9, 10.8), (48.0067, 13.6, 2.1), (101.222, 19.8, 5.7), (80.2414, 18.2, 4.1), (148.181, 22.4, 8.9), (91.9742, 19.6, 4.8), (159.645, 23.0, 10.0), (109.324, 20.4, 6.1), (179.387, 24.0, 11.3), (120.012, 21.1, 6.8), (166.511, 23.7, 10.6), (112.075, 20.5, 6.3), (170.549, 23.5, 10.4), (71.492, 16.6, 3.5), (108.601, 20.3, 6.0), (157.019, 23.4, 10.2), (35.1166, 11.1, 1.5), (113.818, 20.6, 6.4), (31.3932, 10.8, 1.0), (142.302, 22.2, 8.7), (117.283, 20.9, 6.7), (11.66, 5.1, 4.7), (138.99, 21.6, 8.7), (15.5783, 5.0, 4.6), (71.2087, 16.4, 3.6), (77.0249, 18.1, 3.9), (33.1498, 11.0, 1.1), (27.1678, 9.8, 0.7), (123.198, 21.2, 7.0), (62.8771, 15.8, 3.0), (60.8674, 15.1, 2.9), (59.5472, 14.6, 2.9), (60.7157, 14.8, 2.9), (76.5929, 17.7, 3.9), (107.915, 20.0, 5.9), (52.79, 14.2, 2.3), (40.0401, 12.1, 1.6), (74.635, 17.4, 3.8), (48.019, 13.0, 2.0), (46.2023, 12.6, 1.9), (84.7338, 18.3, 4.3), (23.4683, 8.3, 0.5), (24.5851, 9.1, 0.6), (66.3305, 16.0, 3.3), (23.2436, 7.9, 0.5), (26.7514, 9.3, 0.7), (18.0661, 7.6, 0.2), (22.098, 8.1, 0.7), (45.7461, 12.2, 1.9)]

Computed PF [count=43]
[(20.7751, 7.6, 0.4), (175.018, 23.6, 13.4), (145.991, 22.0, 10.0), (21.6316, 8.0, 0.4), (38.2427, 11.2, 1.4), (55.3087, 13.2, 2.6), (43.7294, 12.2, 1.9), (111.024, 20.0, 6.4), (107.511, 19.8, 6.0), (54.47, 12.8, 2.4), (152.657, 22.6, 10.2), (153.954, 22.8, 10.4), (158.878, 23.0, 10.8), (105.716, 19.6, 5.8), (131.221, 20.8, 8.8), (16.4484, 5.3, 0.1), (178.197, 24.0, 12.2), (147.418, 21.4, 9.6), (162.971, 23.4, 10.6), (75.7792, 17.2, 3.9), (143.921, 20.2, 8.6), (101.672, 19.0, 5.6), (162.265, 23.2, 10.6), (104.983, 19.4, 5.6), (159.308, 23.0, 10.6), (34.7001, 11.0, 1.2), (175.307, 23.6, 13.0), (88.7596, 17.6, 5.0), (29.6406, 10.8, 1.0), (73.1388, 16.0, 3.6), (29.0883, 9.4, 1.0), (68.5702, 15.4, 3.4), (17.6382, 7.2, 0.2), (98.1082, 18.8, 5.4), (64.0924, 15.0, 3.2), (75.9597, 16.4, 3.8), (28.0398, 8.8, 0.8), (49.5496, 12.6, 2.2), (152.601, 22.4, 10.0), (90.3994, 18.2, 4.8), (63.0151, 14.4, 3.0), (58.0409, 13.6, 2.8), (86.2816, 17.4, 4.8)]

INDEX=0 COUNT=23
INDEX=1 COUNT=32
INDEX=2 COUNT=37
INDEX=3 COUNT=40
INDEX=4 COUNT=41
INDEX=5 COUNT=41
INDEX=6 COUNT=38
INDEX=7 COUNT=37
INDEX=8 COUNT=38
INDEX=9 COUNT=39
INDEX=10 COUNT=39
INDEX=11 COUNT=39
INDEX=12 COUNT=40
INDEX=13 COUNT=41
INDEX=14 COUNT=41
INDEX=15 COUNT=41
INDEX=16 COUNT=39
INDEX=17 COUNT=40
INDEX=18 COUNT=40
INDEX=19 COUNT=40
INDEX=20 COUNT=40
INDEX=21 COUNT=42
INDEX=22 COUNT=43
INDEX=23 COUNT=43
INDEX=24 COUNT=43
INDEX=25 COUNT=43
INDEX=26 COUNT=43

[0] Epsilon = 11.61
[1] Epsilon = 18.71
[2] Epsilon = 18.36
[3] Epsilon = 18.36
[4] Epsilon = 15.17
[5] Epsilon = 15.17
[6] Epsilon = 14.41
[7] Epsilon = 14.41
[8] Epsilon = 12.61
[9] Epsilon = 12.61
[10] Epsilon = 12.61
[11] Epsilon = 9.07
[12] Epsilon = 9.07
[13] Epsilon = 9.07
[14] Epsilon = 9.07
[15] Epsilon = 9.07
[16] Epsilon = 8.23
[17] Epsilon = 8.23
[18] Epsilon = 8.23
[19] Epsilon = 8.23
[20] Epsilon = 8.23
[21] Epsilon = 8.23
[22] Epsilon = 9.06
[23] Epsilon = 9.06
[24] Epsilon = 9.06
[25] Epsilon = 9.06
[26] Epsilon = 9.06
Final Epsilon = 9.06
Best PF file    : best_pf/All3Algs100dev.pf
Computed PF file: mls-random/mls-random.2
Min. coverage   : 5.0

Best PF [count=61]
[(87.7155, 18.9, 4.5), (12.0335, 5.3, 5.0), (141.633, 22.0, 9.0), (139.993, 21.8, 8.4), (153.541, 22.8, 9.2), (52.9845, 14.4, 2.4), (35.7652, 11.4, 1.3), (159.41, 22.9, 9.6), (134.311, 21.5, 7.8), (149.543, 22.5, 9.4), (151.697, 22.6, 9.8), (146.922, 22.3, 9.4), (169.749, 23.9, 10.8), (48.0067, 13.6, 2.1), (101.222, 19.8, 5.7), (80.2414, 18.2, 4.1), (148.181, 22.4, 8.9), (91.9742, 19.6, 4.8), (159.645, 23.0, 10.0), (109.324, 20.4, 6.1), (179.387, 24.0, 11.3), (120.012, 21.1, 6.8), (166.511, 23.7, 10.6), (112.075, 20.5, 6.3), (170.549, 23.5, 10.4), (71.492, 16.6, 3.5), (108.601, 20.3, 6.0), (157.019, 23.4, 10.2), (35.1166, 11.1, 1.5), (113.818, 20.6, 6.4), (31.3932, 10.8, 1.0), (142.302, 22.2, 8.7), (117.283, 20.9, 6.7), (11.66, 5.1, 4.7), (138.99, 21.6, 8.7), (15.5783, 5.0, 4.6), (71.2087, 16.4, 3.6), (77.0249, 18.1, 3.9), (33.1498, 11.0, 1.1), (27.1678, 9.8, 0.7), (123.198, 21.2, 7.0), (62.8771, 15.8, 3.0), (60.8674, 15.1, 2.9), (59.5472, 14.6, 2.9), (60.7157, 14.8, 2.9), (76.5929, 17.7, 3.9), (107.915, 20.0, 5.9), (52.79, 14.2, 2.3), (40.0401, 12.1, 1.6), (74.635, 17.4, 3.8), (48.019, 13.0, 2.0), (46.2023, 12.6, 1.9), (84.7338, 18.3, 4.3), (23.4683, 8.3, 0.5), (24.5851, 9.1, 0.6), (66.3305, 16.0, 3.3), (23.2436, 7.9, 0.5), (26.7514, 9.3, 0.7), (18.0661, 7.6, 0.2), (22.098, 8.1, 0.7), (45.7461, 12.2, 1.9)]

Computed PF [count=43]
[(43.3588, 11.6, 1.8), (17.6382, 7.2, 0.2), (28.0398, 8.8, 0.8), (75.6924, 16.4, 4.0), (113.936, 20.0, 6.4), (16.4484, 5.3, 0.1), (58.6664, 13.6, 2.8), (105.716, 19.6, 5.8), (94.5742, 18.6, 5.0), (88.7329, 17.6, 4.6), (43.7294, 12.2, 1.9), (76.0774, 16.0, 3.8), (20.805, 7.6, 0.4), (147.418, 21.4, 9.6), (160.456, 20.2, 9.4), (21.6316, 8.0, 0.4), (75.7792, 17.2, 3.9), (186.799, 23.8, 12.4), (29.9687, 10.4, 1.0), (175.533, 22.6, 11.4), (71.6773, 15.6, 4.0), (49.6578, 12.6, 2.2), (101.772, 18.8, 5.4), (29.1262, 9.4, 1.0), (74.2478, 15.8, 4.2), (88.3745, 17.6, 4.8), (63.0151, 14.4, 3.0), (112.655, 19.8, 6.4), (158.458, 22.0, 10.4), (38.3035, 11.2, 1.4), (68.5702, 15.4, 3.4), (66.4895, 15.0, 3.6), (34.7001, 11.0, 1.2), (176.546, 23.2, 11.6), (161.085, 22.4, 10.6), (85.0791, 17.4, 4.8), (88.996, 17.8, 4.8), (67.4931, 14.8, 3.4), (55.3087, 13.2, 2.6), (90.2101, 18.4, 4.8), (193.15, 24.0, 12.6), (24.634, 8.2, 0.6), (74.1224, 15.6, 3.8)]

INDEX=0 COUNT=23
INDEX=1 COUNT=31
INDEX=2 COUNT=31
INDEX=3 COUNT=36
INDEX=4 COUNT=36
INDEX=5 COUNT=36
INDEX=6 COUNT=37
INDEX=7 COUNT=38
INDEX=8 COUNT=38
INDEX=9 COUNT=38
INDEX=10 COUNT=38
INDEX=11 COUNT=39
INDEX=12 COUNT=40
INDEX=13 COUNT=40
INDEX=14 COUNT=40
INDEX=15 COUNT=40
INDEX=16 COUNT=39
INDEX=17 COUNT=39
INDEX=18 COUNT=40
INDEX=19 COUNT=40
INDEX=20 COUNT=40
INDEX=21 COUNT=41
INDEX=22 COUNT=42
INDEX=23 COUNT=43
INDEX=24 COUNT=43
INDEX=25 COUNT=43
INDEX=26 COUNT=43

[0] Epsilon = 11.61
[1] Epsilon = 11.61
[2] Epsilon = 13.37
[3] Epsilon = 13.37
[4] Epsilon = 13.37
[5] Epsilon = 13.37
[6] Epsilon = 13.37
[7] Epsilon = 13.37
[8] Epsilon = 13.37
[9] Epsilon = 13.37
[10] Epsilon = 13.37
[11] Epsilon = 14.89
[12] Epsilon = 10.65
[13] Epsilon = 10.65
[14] Epsilon = 10.65
[15] Epsilon = 10.65
[16] Epsilon = 10.65
[17] Epsilon = 13.23
[18] Epsilon = 13.23
[19] Epsilon = 13.23
[20] Epsilon = 13.23
[21] Epsilon = 13.23
[22] Epsilon = 13.23
[23] Epsilon = 13.23
[24] Epsilon = 13.23
[25] Epsilon = 13.23
[26] Epsilon = 13.23
Final Epsilon = 13.23
Best PF file    : best_pf/All3Algs100dev.pf
Computed PF file: mls-random/mls-random.3
Min. coverage   : 5.0

Best PF [count=61]
[(87.7155, 18.9, 4.5), (12.0335, 5.3, 5.0), (141.633, 22.0, 9.0), (139.993, 21.8, 8.4), (153.541, 22.8, 9.2), (52.9845, 14.4, 2.4), (35.7652, 11.4, 1.3), (159.41, 22.9, 9.6), (134.311, 21.5, 7.8), (149.543, 22.5, 9.4), (151.697, 22.6, 9.8), (146.922, 22.3, 9.4), (169.749, 23.9, 10.8), (48.0067, 13.6, 2.1), (101.222, 19.8, 5.7), (80.2414, 18.2, 4.1), (148.181, 22.4, 8.9), (91.9742, 19.6, 4.8), (159.645, 23.0, 10.0), (109.324, 20.4, 6.1), (179.387, 24.0, 11.3), (120.012, 21.1, 6.8), (166.511, 23.7, 10.6), (112.075, 20.5, 6.3), (170.549, 23.5, 10.4), (71.492, 16.6, 3.5), (108.601, 20.3, 6.0), (157.019, 23.4, 10.2), (35.1166, 11.1, 1.5), (113.818, 20.6, 6.4), (31.3932, 10.8, 1.0), (142.302, 22.2, 8.7), (117.283, 20.9, 6.7), (11.66, 5.1, 4.7), (138.99, 21.6, 8.7), (15.5783, 5.0, 4.6), (71.2087, 16.4, 3.6), (77.0249, 18.1, 3.9), (33.1498, 11.0, 1.1), (27.1678, 9.8, 0.7), (123.198, 21.2, 7.0), (62.8771, 15.8, 3.0), (60.8674, 15.1, 2.9), (59.5472, 14.6, 2.9), (60.7157, 14.8, 2.9), (76.5929, 17.7, 3.9), (107.915, 20.0, 5.9), (52.79, 14.2, 2.3), (40.0401, 12.1, 1.6), (74.635, 17.4, 3.8), (48.019, 13.0, 2.0), (46.2023, 12.6, 1.9), (84.7338, 18.3, 4.3), (23.4683, 8.3, 0.5), (24.5851, 9.1, 0.6), (66.3305, 16.0, 3.3), (23.2436, 7.9, 0.5), (26.7514, 9.3, 0.7), (18.0661, 7.6, 0.2), (22.098, 8.1, 0.7), (45.7461, 12.2, 1.9)]

Computed PF [count=37]
[(73.1146, 16.0, 3.6), (58.1948, 13.6, 2.8), (135.331, 21.0, 10.0), (16.4484, 5.3, 0.1), (55.5709, 13.2, 2.6), (49.6247, 12.6, 2.2), (17.6382, 7.2, 0.2), (67.7444, 14.8, 3.6), (75.7792, 17.2, 3.9), (104.758, 19.4, 5.6), (90.6245, 18.4, 5.0), (104.443, 18.8, 5.8), (24.634, 8.2, 0.6), (34.6636, 11.0, 1.2), (147.727, 21.6, 10.8), (43.7294, 12.2, 1.9), (28.0398, 8.8, 0.8), (115.833, 20.0, 6.6), (153.76, 22.4, 10.0), (161.859, 22.8, 10.8), (178.269, 24.0, 12.2), (63.3739, 14.2, 3.2), (20.7751, 7.6, 0.4), (84.8562, 17.6, 4.6), (68.4948, 15.4, 3.4), (29.6406, 10.8, 1.0), (143.962, 21.0, 9.4), (21.3817, 8.0, 0.4), (54.0, 12.8, 2.4), (123.534, 20.2, 7.4), (88.6864, 17.8, 4.8), (29.0584, 9.4, 1.0), (108.373, 19.8, 6.2), (38.2427, 11.2, 1.4), (170.804, 23.0, 12.2), (66.1116, 14.4, 3.2), (172.252, 23.6, 11.2)]

INDEX=0 COUNT=23
INDEX=1 COUNT=27
INDEX=2 COUNT=32
INDEX=3 COUNT=33
INDEX=4 COUNT=34
INDEX=5 COUNT=34
INDEX=6 COUNT=37
INDEX=7 COUNT=37
INDEX=8 COUNT=40
INDEX=9 COUNT=40
INDEX=10 COUNT=40
INDEX=11 COUNT=37
INDEX=12 COUNT=36
INDEX=13 COUNT=37
INDEX=14 COUNT=37
INDEX=15 COUNT=37
INDEX=16 COUNT=39
INDEX=17 COUNT=36
INDEX=18 COUNT=35
INDEX=19 COUNT=35
INDEX=20 COUNT=35
INDEX=21 COUNT=36
INDEX=22 COUNT=37
INDEX=23 COUNT=37
INDEX=24 COUNT=37
INDEX=25 COUNT=37
INDEX=26 COUNT=37

[0] Epsilon = 11.61
[1] Epsilon = 11.61
[2] Epsilon = 11.61
[3] Epsilon = 11.61
[4] Epsilon = 11.61
[5] Epsilon = 11.61
[6] Epsilon = 11.15
[7] Epsilon = 10.86
[8] Epsilon = 10.86
[9] Epsilon = 10.86
[10] Epsilon = 10.86
[11] Epsilon = 10.86
[12] Epsilon = 10.86
[13] Epsilon = 10.86
[14] Epsilon = 10.86
[15] Epsilon = 10.86
[16] Epsilon = 9.80
[17] Epsilon = 9.80
[18] Epsilon = 9.80
[19] Epsilon = 9.80
[20] Epsilon = 9.80
[21] Epsilon = 6.64
[22] Epsilon = 6.64
[23] Epsilon = 6.64
[24] Epsilon = 6.64
[25] Epsilon = 6.64
[26] Epsilon = 6.64
Final Epsilon = 6.64
Best PF file    : best_pf/All3Algs100dev.pf
Computed PF file: mls-random/mls-random.4
Min. coverage   : 5.0

Best PF [count=61]
[(87.7155, 18.9, 4.5), (12.0335, 5.3, 5.0), (141.633, 22.0, 9.0), (139.993, 21.8, 8.4), (153.541, 22.8, 9.2), (52.9845, 14.4, 2.4), (35.7652, 11.4, 1.3), (159.41, 22.9, 9.6), (134.311, 21.5, 7.8), (149.543, 22.5, 9.4), (151.697, 22.6, 9.8), (146.922, 22.3, 9.4), (169.749, 23.9, 10.8), (48.0067, 13.6, 2.1), (101.222, 19.8, 5.7), (80.2414, 18.2, 4.1), (148.181, 22.4, 8.9), (91.9742, 19.6, 4.8), (159.645, 23.0, 10.0), (109.324, 20.4, 6.1), (179.387, 24.0, 11.3), (120.012, 21.1, 6.8), (166.511, 23.7, 10.6), (112.075, 20.5, 6.3), (170.549, 23.5, 10.4), (71.492, 16.6, 3.5), (108.601, 20.3, 6.0), (157.019, 23.4, 10.2), (35.1166, 11.1, 1.5), (113.818, 20.6, 6.4), (31.3932, 10.8, 1.0), (142.302, 22.2, 8.7), (117.283, 20.9, 6.7), (11.66, 5.1, 4.7), (138.99, 21.6, 8.7), (15.5783, 5.0, 4.6), (71.2087, 16.4, 3.6), (77.0249, 18.1, 3.9), (33.1498, 11.0, 1.1), (27.1678, 9.8, 0.7), (123.198, 21.2, 7.0), (62.8771, 15.8, 3.0), (60.8674, 15.1, 2.9), (59.5472, 14.6, 2.9), (60.7157, 14.8, 2.9), (76.5929, 17.7, 3.9), (107.915, 20.0, 5.9), (52.79, 14.2, 2.3), (40.0401, 12.1, 1.6), (74.635, 17.4, 3.8), (48.019, 13.0, 2.0), (46.2023, 12.6, 1.9), (84.7338, 18.3, 4.3), (23.4683, 8.3, 0.5), (24.5851, 9.1, 0.6), (66.3305, 16.0, 3.3), (23.2436, 7.9, 0.5), (26.7514, 9.3, 0.7), (18.0661, 7.6, 0.2), (22.098, 8.1, 0.7), (45.7461, 12.2, 1.9)]

Computed PF [count=40]
[(205.387, 23.8, 15.2), (101.7, 19.6, 5.6), (21.5028, 8.0, 0.4), (165.452, 21.0, 9.9), (16.4484, 5.3, 0.1), (68.5714, 15.4, 3.4), (20.7751, 7.6, 0.4), (67.9728, 15.4, 3.6), (93.8424, 18.4, 5.2), (113.846, 19.8, 6.4), (43.7294, 12.2, 1.9), (63.8252, 14.4, 3.0), (73.1375, 16.0, 3.6), (74.5063, 16.6, 3.8), (29.6406, 10.8, 1.0), (74.9952, 17.2, 4.0), (147.779, 20.2, 8.6), (73.8279, 16.4, 4.0), (75.7792, 17.2, 3.9), (92.4119, 18.2, 4.8), (85.0186, 17.6, 4.4), (165.453, 23.4, 11.4), (63.0984, 14.2, 3.2), (162.301, 23.0, 11.0), (28.0398, 8.8, 0.8), (38.2172, 11.2, 1.4), (89.119, 18.0, 4.8), (58.1919, 13.6, 2.8), (17.6382, 7.2, 0.2), (55.1989, 13.2, 2.6), (63.8244, 15.0, 3.2), (34.8335, 11.0, 1.2), (178.889, 23.6, 12.6), (141.397, 20.0, 8.0), (138.599, 20.0, 8.2), (63.5252, 14.0, 3.0), (49.5485, 12.6, 2.2), (53.6368, 12.8, 2.4), (241.64, 24.0, 18.6), (29.0883, 9.4, 1.0)]

INDEX=0 COUNT=23
INDEX=1 COUNT=30
INDEX=2 COUNT=29
INDEX=3 COUNT=29
INDEX=4 COUNT=31
INDEX=5 COUNT=32
INDEX=6 COUNT=38
INDEX=7 COUNT=38
INDEX=8 COUNT=38
INDEX=9 COUNT=38
INDEX=10 COUNT=38
INDEX=11 COUNT=41
INDEX=12 COUNT=41
INDEX=13 COUNT=40
INDEX=14 COUNT=41
INDEX=15 COUNT=41
INDEX=16 COUNT=40
INDEX=17 COUNT=37
INDEX=18 COUNT=37
INDEX=19 COUNT=37
INDEX=20 COUNT=37
INDEX=21 COUNT=38
INDEX=22 COUNT=39
INDEX=23 COUNT=40
INDEX=24 COUNT=40
INDEX=25 COUNT=40
INDEX=26 COUNT=40

[0] Epsilon = 11.61
[1] Epsilon = 13.67
[2] Epsilon = 13.67
[3] Epsilon = 13.67
[4] Epsilon = 13.67
[5] Epsilon = 10.95
[6] Epsilon = 12.09
[7] Epsilon = 12.09
[8] Epsilon = 12.09
[9] Epsilon = 12.09
[10] Epsilon = 12.09
[11] Epsilon = 15.49
[12] Epsilon = 18.08
[13] Epsilon = 18.08
[14] Epsilon = 18.08
[15] Epsilon = 18.08
[16] Epsilon = 18.08
[17] Epsilon = 18.08
[18] Epsilon = 18.08
[19] Epsilon = 18.08
[20] Epsilon = 18.08
[21] Epsilon = 18.08
[22] Epsilon = 9.48
[23] Epsilon = 9.48
[24] Epsilon = 9.48
[25] Epsilon = 9.48
[26] Epsilon = 9.48
Final Epsilon = 9.48
