0.2482359075743777
0.29540504199283385
0.38062238064422554
0.3319423639424435
0.2977445520920577
0.2908597315054645
0.3063252786671512
0.33610374377105656
0.28424064151481987
0.33321601987953386
0.2739689931920968
0.3505784861792808
0.2538642926808762
0.2395635839722911
0.3374854492252996
0.27051816631661235
0.2652876947940201
0.30812827243638147
0.30888979514708714
0.27676144431977817
0.2958099048245347
0.2615125245520931
0.2794934816717812
0.3451916933995763
0.34118755084655844
0.3326692527336152
0.27525319368001355
0.28825778435769933
0.30467671519003187
0.2957481773230665
