26.359974981020002
28.456313201115858
36.47311124650598
26.87760928728596
26.43492114609007
35.69188053325294
40.74715019482959
25.966309884155674
30.196471581958065
31.663549769411528
21.212552910953452
32.70316339438742
32.74294380473447
39.885636825804845
36.20193701999936
28.85097745311241
40.512397719710435
26.75369553912133
30.420789749774745
41.783221512947044
38.21141924870105
25.333892318394348
17.575552366853223
34.262850144143016
17.74650850167437
31.81381915143168
24.608597196914744
28.762043894688706
30.785460269419403
30.502613674896793
