8.125851093885503
10.223621471866041
18.24043225913248
8.643260727295008
8.200761001272994
17.459660964635034
22.518015543115713
7.7341789480202925
11.965772896056505
13.433183129846796
4.389853101186874
14.473587012209537
14.510070434012372
21.65327688826798
17.970697510113524
10.616780349993137
22.282025132379687
8.519395518462582
12.188118148426366
23.550907095056882
19.98006846835117
7.102620995097522
6.986717755856438
16.0302846200559
5.169557911465926
13.581581793001895
6.378626889856477
10.529109364044047
12.55253317063932
12.26868028762672
