26.021269838345717
29.708818623432332
24.914428931845897
52.44632395125517
27.067915767565122
32.214209923572554
22.864491597234355
22.986992930785895
45.75475451797333
15.114818688955545
19.771628258694335
26.50718611999395
26.531288868051625
59.34828658857811
26.740585801361945
25.363516495155018
29.19354456039897
27.187121951394577
22.549501901372455
23.77988805692743
45.36803548755445
49.916202269403485
24.093185758633105
37.5870324580167
24.06176304845513
28.89611738625105
23.94602683118851
27.09937482673726
28.6515972504152
29.42440770856739
