0.4264899007387406
0.4298828637205277
0.4093957036070995
0.4183860148461897
0.41951221443309705
0.4181204728335865
0.4169015662706438
0.40621079123685533
0.40795949554122324
0.38553521706002986
0.3883666442328458
0.4232931054775736
0.4185682502871223
0.39394439120350716
0.41468963196257275
0.4174828193254893
0.39342775327719626
0.3872705468598015
0.4244788053067853
0.3922661060364506
0.41186993243519127
0.42762345660627066
0.41394103466197335
0.415776422384277
0.42525353605702804
0.41440826492956373
0.427025073623687
0.433765380346479
0.3979429806343012
0.40139775746024936
