0.6504939580931222
0.6481053054016939
0.6412298771925004
0.6427728460483461
0.6464785001398506
0.6469490728261219
0.6427528845413675
0.6445631202081792
0.6388619846207783
0.6396838631511561
0.6371648457754857
0.6338023011348027
0.6484194116224119
0.6378517619532991
0.6428231999106414
0.6391737713844321
0.6386830080290566
0.6397681401015342
0.6419283393873125
0.6376681435446125
0.638894207077213
0.6439380355915073
0.6429649204790603
0.6482866701353732
0.6470296857682005
0.6446852968888865
0.6433555279776135
0.6508785877155048
0.6402823363373211
0.6396854950321733
