0.5131715436718752
0.521201323284757
0.5023787998420403
0.5165982091195821
0.5326929721684309
0.5405686797724124
0.5115563637327822
0.5524923286902546
0.4931576709353282
0.4947825591692959
0.5022939133039819
0.5146764020174079
0.5097788388579853
0.5166091254480024
0.5132888491112784
0.5356221492168768
0.5179450753227655
0.5166520098877643
0.540108051821049
0.5530508984576353
0.5138155136880889
0.5003376163895787
0.5447516778401964
0.5381894329843546
0.5302374145740122
0.5473418972949189
0.5108200747327286
0.4949594945333604
0.5414176616066072
0.490087345247587
