10.586813732185892
14.273402712738099
9.479008386956918
37.010896895373925
11.63254163972774
16.778965879934308
8.819471412732172
8.615828456973839
30.319478161736217
8.858478650422995
7.973063652072498
11.071939712624863
11.096233595233999
43.91303788170432
11.305879001652176
9.928146856286924
13.758278417011322
11.752326110179206
7.8757070158811935
8.344598792033063
29.932755987379426
34.480794886429166
8.657815486599377
22.151858522480676
8.627277902096345
13.460793773028378
8.510700088711838
11.664023705394294
13.216234864741146
13.988981378213333
