0.3096429589112929
0.2639945202778255
0.2639435794311963
0.33436646302634954
0.3466771184129306
0.3426653717133481
0.3621555041509987
0.3700347049884688
0.3482986250008691
0.3410009054042327
0.3349674218945871
0.30923121628928685
0.41358277937371907
0.27551284515365343
0.31526808221784397
0.2822337705405217
0.3393712157092682
0.32095502559663036
0.3622415742407111
0.24054081780805664
0.3471371935841838
0.3292874816085359
0.31703050814981637
0.3406939036440698
0.3134300871431131
0.33410099310366476
0.34978182374369604
0.35665376650853503
0.32050302916775575
0.2977637219249303
