18.234441285655006
20.332442278290127
28.349187219389556
18.75168325777715
18.30932887901682
27.568469018064814
32.62665292364511
17.842939247780894
22.074439970246132
23.54183586723856
13.085736089345508
24.582125620051656
24.61883914809955
31.76204528993684
28.079508257802512
20.725212085766454
32.390804883485046
18.627860880949267
22.2969298559241
33.659667793963735
30.088888729894958
17.21118752439818
9.44547346616355
26.13907450542196
9.616322789923395
23.69040314135663
16.486737093797537
20.63791677955891
22.661318937784706
22.37719877464559
