0.27239622536215446
0.3615147200214958
0.27885502424465514
0.36118196917964857
0.21703700405869902
0.23210879958650754
0.2233596335456336
0.231155326443498
0.18463017415389488
0.27376870130421843
0.21789692493684912
0.2477610535640575
0.3298287217909416
0.24862169115008712
0.2511734121457904
0.2484702660605619
0.2566777975903091
0.18058471039821836
0.21398793409741265
0.28172836822104297
0.2612930787122833
0.27789116296031946
0.2832537602766803
0.301225331071722
0.21717149120148052
0.23437974345904955
0.20794769389130777
0.2871198646329445
0.20418372486310743
0.18291158619056028
