75.7792 17.2000 3.9000
89.4814 18.2000 4.8000
135.8400 21.6000 9.4000
90.9487 18.4000 5.0000
140.2330 22.6000 9.6000
138.5260 22.0000 9.2000
153.9550 23.8000 10.4000
71.7888 16.8000 3.6000
68.8319 16.4000 3.4000
136.9380 21.8000 9.4000
143.7680 23.0000 9.6000
86.7811 17.8000 4.8000
130.7490 20.8000 8.8000
168.0790 24.0000 11.0000
97.2985 19.4000 5.4000
140.4790 22.2000 9.4000
101.4100 19.6000 5.6000
87.9914 18.0000 4.8000
108.1880 20.0000 6.2000
131.3020 21.2000 8.8000
147.2150 23.4000 10.0000
142.8970 23.0000 9.8000
104.4420 19.8000 5.8000
138.3410 21.6000 9.2000
67.7243 15.6000 3.6000
130.3210 20.8000 9.0000
66.0705 15.4000 3.4000
84.0583 17.6000 4.6000
129.8790 20.4000 8.6000
94.9038 19.0000 5.2000
81.8870 17.4000 4.4000
155.5260 23.6000 10.2000
133.0030 21.4000 8.8000
93.5966 18.8000 5.4000
114.2660 20.2000 6.6000
