127.6680 71.6000 7.0000
63.3144 50.8000 3.0000
53.7449 48.8000 2.4000
155.0300 72.6000 8.8000
147.2390 72.2000 8.8000
101.2680 65.8000 5.4000
79.8001 58.0000 4.0000
50.2405 42.8000 2.2000
101.2540 65.6000 5.4000
43.5537 37.8000 1.8000
50.5882 44.4000 2.2000
114.9570 70.4000 6.2000
101.1310 65.4000 5.4000
50.2288 42.6000 2.2000
109.9350 68.4000 6.0000
71.6955 54.2000 3.6000
65.4115 52.2000 3.2000
68.5046 53.4000 3.4000
37.7604 34.6000 1.4000
46.7316 39.6000 2.0000
50.5306 43.6000 2.2000
89.3904 62.2000 4.6000
104.2810 67.0000 5.6000
46.5403 39.4000 2.0000
75.6893 56.8000 3.8000
43.3623 37.6000 1.8000
86.1761 61.8000 4.4000
107.7450 68.2000 5.8000
117.9890 70.8000 6.4000
111.7320 69.0000 6.0000
82.9556 59.8000 4.2000
89.3836 62.0000 4.6000
82.0784 58.4000 4.2000
160.3130 73.6000 9.2000
34.1975 34.4000 1.2000
69.9169 53.6000 3.4000
107.4720 67.6000 5.8000
114.8400 69.4000 6.2000
107.5050 67.8000 5.8000
66.7321 52.4000 3.2000
43.9712 38.6000 1.8000
46.9248 40.4000 2.0000
101.7530 66.2000 5.4000
173.3530 73.8000 10.0000
72.4838 56.4000 3.6000
107.5380 68.0000 5.8000
37.8306 37.4000 1.4000
174.0290 74.0000 10.0000
150.0510 72.0000 8.6000
124.4630 71.0000 6.8000
92.2921 62.4000 4.8000
86.1113 60.8000 4.4000
149.6070 72.8000 9.0000
114.9300 70.0000 6.2000
98.7087 64.8000 5.2000
82.9093 58.6000 4.2000
155.6950 73.0000 9.4000
101.8040 66.4000 5.4000
98.6890 64.6000 5.2000
61.7741 49.0000 3.0000
104.3820 67.2000 5.6000
49.6007 41.6000 2.2000
104.4180 67.4000 5.6000
86.1063 60.4000 4.4000
31.1308 30.8000 1.0000
92.5523 64.4000 4.8000
43.7514 38.4000 1.8000
117.9810 70.6000 6.4000
114.3600 69.2000 6.2000
