40.9405 11.3000 1.7000
43.7294 12.2000 1.9000
39.8099 11.2000 1.6000
75.7792 17.2000 3.9000
52.2520 12.8000 2.4000
62.2056 14.0000 3.0000
53.6272 13.2000 2.6000
34.6420 11.0000 1.2000
62.5971 15.0000 3.2000
90.9487 18.4000 5.0000
72.9865 16.4000 3.8000
58.0608 13.6000 2.8000
103.9640 18.8000 5.8000
63.8900 15.4000 3.2000
49.6247 12.6000 2.2000
57.0872 13.4000 2.8000
95.8573 18.6000 5.4000
88.7513 18.0000 4.8000
62.2603 14.2000 3.0000
43.3022 11.4000 1.8000
43.4276 11.6000 1.8000
88.5215 17.8000 4.8000
78.4320 17.6000 4.2000
108.1470 19.6000 6.0000
107.9880 19.8000 6.2000
110.5970 20.0000 6.4000
68.7234 15.6000 3.6000
29.7084 10.8000 1.0000
89.3762 18.2000 4.8000
