88.8390 63.0000 4.6000
97.9445 65.8000 5.2000
111.1110 69.0000 6.0000
102.1770 67.0000 5.4000
86.1706 62.8000 4.4000
127.6190 71.8000 7.0000
104.5080 67.6000 5.6000
124.4720 71.2000 6.8000
104.9060 68.2000 5.6000
92.5230 64.4000 4.8000
117.9280 70.8000 6.4000
124.4220 71.0000 6.8000
107.7450 68.4000 5.8000
111.3770 69.2000 6.0000
95.6122 65.4000 5.0000
111.7870 69.4000 6.0000
152.0760 74.0000 9.2000
104.3950 67.4000 5.6000
133.2740 72.2000 7.4000
94.7286 64.6000 5.0000
137.3600 72.6000 7.8000
140.0020 72.8000 7.8000
82.9456 60.4000 4.2000
98.0271 66.0000 5.2000
149.1390 73.6000 8.4000
108.2730 68.8000 5.8000
147.0320 73.4000 8.8000
114.1810 70.4000 6.2000
98.1715 66.2000 5.2000
124.4990 71.4000 6.8000
101.1010 66.4000 5.4000
104.3510 67.2000 5.6000
101.1540 66.6000 5.4000
140.0620 73.2000 7.8000
101.2660 66.8000 5.4000
85.7698 61.4000 4.4000
114.9570 70.6000 6.2000
91.3584 63.6000 4.8000
91.4497 63.8000 4.8000
